<?xml version="1.0" encoding="UTF-8"?>
<module cmlx:templateRef="gaussian.log" xmlns="http://www.xml-cml.org/schema" xmlns:cmlx="http://www.xml-cml.org/schema/cmlx"> Entering Gaussian System, Link 0=/usr/local/gaussian/g03/g03 Initial command: /usr/local/gaussian/g03/l1.exe /tmp/webmo/1/Gau-28330.inp -scrdir=/tmp/webmo/1/ Entering Link 1 = /usr/local/gaussian/g03/l1.exe PID=     28333.  <module cmlx:lineCount="60" cmlx:templateRef="legal"/>  <module cmlx:lineCount="20" cmlx:templateRef="citation"/> <module cmlx:lineCount="46" cmlx:templateRef="l1.end" xmlns:xi="http://www.w3.org/2001/XInclude"><module cmlx:lineCount="4" cmlx:templateRef="l1.version"><list cmlx:templateRef="prog"><list><scalar dataType="xsd:string" dictRef="cc:program">Gaussian 03</scalar><scalar dataType="xsd:string" dictRef="cc:version">x86-Linux-G03RevB.04</scalar><scalar dataType="xsd:string" dictRef="cc:program.date">2-Jun-2003</scalar></list></list><list cmlx:templateRef="prog"><scalar dataType="xsd:string" dictRef="cc:run.date">20-Nov-2006</scalar></list><list cmlx:templateRef="verb"><scalar dataType="xsd:string" dictRef="x:verb">*********************************************</scalar></list></module><module cmlx:lineCount="3" cmlx:templateRef="l1.keywords"><list cmlx:templateRef="prog"><scalar dataType="xsd:string" dictRef="cc:keywords">#N B3LYP/6-31G(d) OPT FREQ</scalar><scalar dataType="xsd:string" dictRef="cc:keywords">--------------------------</scalar></list></module><module cmlx:lineCount="8" cmlx:templateRef="l1.control"><list cmlx:templateRef="control"><scalar dataType="xsd:string" dictRef="g:control">1/14=-1,18=20,26=3,38=1/1,3;</scalar><scalar dataType="xsd:string" dictRef="g:control">2/9=110,17=6,18=5,40=1/2;</scalar><scalar dataType="xsd:string" dictRef="g:control">3/5=1,6=6,7=1,11=2,16=1,25=1,30=1,74=-5/1,2,3;</scalar><scalar dataType="xsd:string" dictRef="g:control">4//1;</scalar><scalar dataType="xsd:string" dictRef="g:control">5/5=2,38=5/2;</scalar><scalar dataType="xsd:string" dictRef="g:control">6/7=2,8=2,9=2,10=2,28=1/1;</scalar><scalar dataType="xsd:string" dictRef="g:control">7//1,2,3,16;</scalar><scalar dataType="xsd:string" dictRef="g:control">1/14=-1,18=20/3(1);</scalar></list></module> 99//99; 2/9=110/2; 3/5=1,6=6,7=1,11=2,16=1,25=1,30=1,74=-5/1,2,3; 4/5=5,16=3/1; 5/5=2,38=5/2; 7//1,2,3,16; 1/14=-1,18=20/3(-5); 2/9=110/2; 6/7=2,8=2,9=2,10=2,19=2,28=1/1; 99/9=1/99; --- CH4 ---<module cmlx:lineCount="17" cmlx:templateRef="l1.zmat"><list cmlx:templateRef="chargemult"><list><scalar dataType="xsd:integer" dictRef="x:formalCharge">0</scalar><scalar dataType="xsd:integer" dictRef="x:multiplicity">1</scalar></list></list><list cmlx:templateRef="atom1"><scalar dataType="xsd:string" dictRef="cc:elementType">C</scalar></list><list cmlx:templateRef="atom2"><list><scalar dataType="xsd:string" dictRef="cc:elementType">H</scalar><scalar dataType="xsd:integer" dictRef="cc:serial">1</scalar><scalar dataType="xsd:string" dictRef="cc:name">B1</scalar></list></list><list cmlx:templateRef="atom3"><list><scalar dataType="xsd:string" dictRef="cc:elementType">H</scalar><scalar dataType="xsd:integer" dictRef="cc:serial">1</scalar><scalar dataType="xsd:string" dictRef="cc:name">B2</scalar><scalar dataType="xsd:integer" dictRef="cc:serial">2</scalar><scalar dataType="xsd:string" dictRef="cc:name">A1</scalar></list></list><list cmlx:templateRef="atom4"><list><scalar dataType="xsd:string" dictRef="cc:elementType">H</scalar><scalar dataType="xsd:integer" dictRef="cc:serial">1</scalar><scalar dataType="xsd:string" dictRef="cc:name">B3</scalar><scalar dataType="xsd:integer" dictRef="cc:serial">2</scalar><scalar dataType="xsd:string" dictRef="cc:name">A2</scalar><scalar dataType="xsd:integer" dictRef="cc:serial">3</scalar><scalar dataType="xsd:string" dictRef="cc:name">D1</scalar><scalar dataType="xsd:integer" dictRef="cc:serial">0</scalar></list><list><scalar dataType="xsd:string" dictRef="cc:elementType">H</scalar><scalar dataType="xsd:integer" dictRef="cc:serial">1</scalar><scalar dataType="xsd:string" dictRef="cc:name">B4</scalar><scalar dataType="xsd:integer" dictRef="cc:serial">2</scalar><scalar dataType="xsd:string" dictRef="cc:name">A3</scalar><scalar dataType="xsd:integer" dictRef="cc:serial">3</scalar><scalar dataType="xsd:string" dictRef="cc:name">D2</scalar><scalar dataType="xsd:integer" dictRef="cc:serial">0</scalar></list></list><list cmlx:templateRef="variable"><list><scalar dataType="xsd:string" dictRef="x:name">B1</scalar><scalar dataType="xsd:double" dictRef="x:value">1.113</scalar></list><list><scalar dataType="xsd:string" dictRef="x:name">B2</scalar><scalar dataType="xsd:double" dictRef="x:value">1.113</scalar></list><list><scalar dataType="xsd:string" dictRef="x:name">B3</scalar><scalar dataType="xsd:double" dictRef="x:value">1.113</scalar></list><list><scalar dataType="xsd:string" dictRef="x:name">B4</scalar><scalar dataType="xsd:double" dictRef="x:value">1.113</scalar></list><list><scalar dataType="xsd:string" dictRef="x:name">A1</scalar><scalar dataType="xsd:double" dictRef="x:value">109.47124</scalar></list><list><scalar dataType="xsd:string" dictRef="x:name">A2</scalar><scalar dataType="xsd:double" dictRef="x:value">109.47119</scalar></list><list><scalar dataType="xsd:string" dictRef="x:name">D1</scalar><scalar dataType="xsd:double" dictRef="x:value">120.0</scalar></list><list><scalar dataType="xsd:string" dictRef="x:name">A3</scalar><scalar dataType="xsd:double" dictRef="x:value">109.47123</scalar></list><list><scalar dataType="xsd:string" dictRef="x:name">D2</scalar><scalar dataType="xsd:double" dictRef="x:value">-120.0</scalar></list></list></module><list cmlx:templateRef="rest"><scalar dataType="xsd:string" dictRef="x:l1.end"/></list></module>     3 tetrahedral angles replaced.<module cmlx:lineCount="23" cmlx:templateRef="l103" xmlns:xi="http://www.w3.org/2001/XInclude"><list cmlx:templateRef="berny"><scalar dataType="xsd:string" dictRef="g:optimization">Initialization pass.</scalar></list><module cmlx:lineCount="16" cmlx:templateRef="l103.init"><list cmlx:templateRef="length"><list><scalar dataType="xsd:string" dictRef="g:symbol">R1</scalar><scalar dataType="xsd:integer" dictRef="g:atom1">1</scalar><scalar dataType="xsd:integer" dictRef="g:atom2">2</scalar><scalar dataType="xsd:double" dictRef="cc:distance">1.113</scalar><scalar dataType="xsd:string" dictRef="g:deriv">estimate D2E/DX2</scalar></list><list><scalar dataType="xsd:string" dictRef="g:symbol">R2</scalar><scalar dataType="xsd:integer" dictRef="g:atom1">1</scalar><scalar dataType="xsd:integer" dictRef="g:atom2">3</scalar><scalar dataType="xsd:double" dictRef="cc:distance">1.113</scalar><scalar dataType="xsd:string" dictRef="g:deriv">estimate D2E/DX2</scalar></list><list><scalar dataType="xsd:string" dictRef="g:symbol">R3</scalar><scalar dataType="xsd:integer" dictRef="g:atom1">1</scalar><scalar dataType="xsd:integer" dictRef="g:atom2">4</scalar><scalar dataType="xsd:double" dictRef="cc:distance">1.113</scalar><scalar dataType="xsd:string" dictRef="g:deriv">estimate D2E/DX2</scalar></list><list><scalar dataType="xsd:string" dictRef="g:symbol">R4</scalar><scalar dataType="xsd:integer" dictRef="g:atom1">1</scalar><scalar dataType="xsd:integer" dictRef="g:atom2">5</scalar><scalar dataType="xsd:double" dictRef="cc:distance">1.113</scalar><scalar dataType="xsd:string" dictRef="g:deriv">estimate D2E/DX2</scalar></list></list><list cmlx:templateRef="angle"><list><scalar dataType="xsd:string" dictRef="g:symbol">A1</scalar><scalar dataType="xsd:integer" dictRef="g:atom1">2</scalar><scalar dataType="xsd:integer" dictRef="g:atom2">1</scalar><scalar dataType="xsd:integer" dictRef="g:atom3">3</scalar><scalar dataType="xsd:double" dictRef="cc:angle">109.4712</scalar><scalar dataType="xsd:string" dictRef="g:deriv">estimate D2E/DX2</scalar></list><list><scalar dataType="xsd:string" dictRef="g:symbol">A2</scalar><scalar dataType="xsd:integer" dictRef="g:atom1">2</scalar><scalar dataType="xsd:integer" dictRef="g:atom2">1</scalar><scalar dataType="xsd:integer" dictRef="g:atom3">4</scalar><scalar dataType="xsd:double" dictRef="cc:angle">109.4712</scalar><scalar dataType="xsd:string" dictRef="g:deriv">estimate D2E/DX2</scalar></list><list><scalar dataType="xsd:string" dictRef="g:symbol">A3</scalar><scalar dataType="xsd:integer" dictRef="g:atom1">2</scalar><scalar dataType="xsd:integer" dictRef="g:atom2">1</scalar><scalar dataType="xsd:integer" dictRef="g:atom3">5</scalar><scalar dataType="xsd:double" dictRef="cc:angle">109.4712</scalar><scalar dataType="xsd:string" dictRef="g:deriv">estimate D2E/DX2</scalar></list><list><scalar dataType="xsd:string" dictRef="g:symbol">A4</scalar><scalar dataType="xsd:integer" dictRef="g:atom1">3</scalar><scalar dataType="xsd:integer" dictRef="g:atom2">1</scalar><scalar dataType="xsd:integer" dictRef="g:atom3">4</scalar><scalar dataType="xsd:double" dictRef="cc:angle">109.4712</scalar><scalar dataType="xsd:string" dictRef="g:deriv">estimate D2E/DX2</scalar></list><list><scalar dataType="xsd:string" dictRef="g:symbol">A5</scalar><scalar dataType="xsd:integer" dictRef="g:atom1">3</scalar><scalar dataType="xsd:integer" dictRef="g:atom2">1</scalar><scalar dataType="xsd:integer" dictRef="g:atom3">5</scalar><scalar dataType="xsd:double" dictRef="cc:angle">109.4712</scalar><scalar dataType="xsd:string" dictRef="g:deriv">estimate D2E/DX2</scalar></list><list><scalar dataType="xsd:string" dictRef="g:symbol">A6</scalar><scalar dataType="xsd:integer" dictRef="g:atom1">4</scalar><scalar dataType="xsd:integer" dictRef="g:atom2">1</scalar><scalar dataType="xsd:integer" dictRef="g:atom3">5</scalar><scalar dataType="xsd:double" dictRef="cc:angle">109.4712</scalar><scalar dataType="xsd:string" dictRef="g:deriv">estimate D2E/DX2</scalar></list></list></module> --------------------------------------------------------------------------------<module cmlx:lineCount="2" cmlx:templateRef="l103.trust"><list cmlx:templateRef="length"><list><scalar dataType="xsd:double" dictRef="g:trustrad">0.3</scalar><scalar dataType="xsd:double" dictRef="g:fncerr">1.0E-7</scalar><scalar dataType="xsd:double" dictRef="g:grderr">1.0E-6</scalar></list></list><list cmlx:templateRef="angle"><list><scalar dataType="xsd:integer" dictRef="g:nstep">20</scalar><scalar dataType="xsd:integer" dictRef="g:allowedstep">100</scalar></list></list></module> GradGradGradGradGradGradGradGradGradGradGradGradGradGradGradGradGradGrad</module><module cmlx:lineCount="11" cmlx:templateRef="l202.orient"><list cmlx:templateRef="type"><scalar dataType="xsd:string" dictRef="g:type">Input</scalar></list><list cmlx:lineCount="5" cmlx:templateRef="atom"><array dataType="xsd:integer" dictRef="cc:serial" size="5">1 2 3 4 5</array><array dataType="xsd:integer" dictRef="cc:elementType" size="5">6 1 1 1 1</array><array dataType="xsd:integer" dictRef="g:atomicType" size="5">0 0 0 0 0</array><array dataType="xsd:double" dictRef="cc:x3" size="5">0.0 0.0 1.049347 -0.524673 -0.524673</array><array dataType="xsd:double" dictRef="cc:y3" size="5">0.0 0.0 0.0 -0.908761 0.908761</array><array dataType="xsd:double" dictRef="cc:z3" size="5">0.0 1.113 -0.371 -0.371 -0.371</array></list></module><module cmlx:lineCount="7" cmlx:templateRef="l202.distmat"><list cmlx:templateRef="atom"><list><scalar dataType="xsd:integer" dictRef="cc:serial">1</scalar><scalar dataType="xsd:string" dictRef="cc:elementType">C</scalar><scalar dataType="xsd:string" dictRef="cc:distances">0.000000</scalar></list><list><scalar dataType="xsd:integer" dictRef="cc:serial">2</scalar><scalar dataType="xsd:string" dictRef="cc:elementType">H</scalar><scalar dataType="xsd:string" dictRef="cc:distances">1.113000   0.000000</scalar></list><list><scalar dataType="xsd:integer" dictRef="cc:serial">3</scalar><scalar dataType="xsd:string" dictRef="cc:elementType">H</scalar><scalar dataType="xsd:string" dictRef="cc:distances">1.113000   1.817522   0.000000</scalar></list><list><scalar dataType="xsd:integer" dictRef="cc:serial">4</scalar><scalar dataType="xsd:string" dictRef="cc:elementType">H</scalar><scalar dataType="xsd:string" dictRef="cc:distances">1.113000   1.817521   1.817522   0.000000</scalar></list><list><scalar dataType="xsd:integer" dictRef="cc:serial">5</scalar><scalar dataType="xsd:string" dictRef="cc:elementType">H</scalar><scalar dataType="xsd:string" dictRef="cc:distances">1.113000   1.817522   1.817522   1.817522   0.000000</scalar></list></list></module><module cmlx:lineCount="6" cmlx:templateRef="l202.stoich"><list cmlx:templateRef="stoich"><scalar dataType="xsd:string" dictRef="cc:formula">CH4</scalar></list><list cmlx:templateRef="framework"><scalar dataType="xsd:string" dictRef="cc:frameworkgroup">TD[O(C),4C3(H)]</scalar></list><list cmlx:templateRef="degfreedom"><scalar dataType="xsd:integer" dictRef="cc:degfreedom">1</scalar></list><list cmlx:templateRef="pointgroup"><list><scalar dataType="xsd:string" dictRef="cc:pointgroup">TD</scalar><scalar dataType="xsd:integer" dictRef="cc:operatorcount">24</scalar></list></list><list cmlx:templateRef="largestabelian"><list><scalar dataType="xsd:string" dictRef="cc:largestabelian">D2</scalar><scalar dataType="xsd:integer" dictRef="cc:operatorcount">4</scalar></list></list><list cmlx:templateRef="largestconciseabelian"><list><scalar dataType="xsd:string" dictRef="cc:largestconciseabelian">D2</scalar><scalar dataType="xsd:integer" dictRef="cc:operatorcount">4</scalar></list></list></module><module cmlx:lineCount="11" cmlx:templateRef="l202.orient"><list cmlx:templateRef="type"><scalar dataType="xsd:string" dictRef="g:type">Standard</scalar></list><list cmlx:lineCount="5" cmlx:templateRef="atom"><array dataType="xsd:integer" dictRef="cc:serial" size="5">1 2 3 4 5</array><array dataType="xsd:integer" dictRef="cc:elementType" size="5">6 1 1 1 1</array><array dataType="xsd:integer" dictRef="g:atomicType" size="5">0 0 0 0 0</array><array dataType="xsd:double" dictRef="cc:x3" size="5">0.0 -0.642591 0.642591 -0.642591 0.642591</array><array dataType="xsd:double" dictRef="cc:y3" size="5">0.0 0.642591 -0.642591 -0.642591 0.642591</array><array dataType="xsd:double" dictRef="cc:z3" size="5">0.0 0.642591 0.642591 -0.642591 -0.642591</array></list></module><module cmlx:lineCount="1" cmlx:templateRef="l202.rotconst"/><module cmlx:lineCount="12" cmlx:templateRef="l301.basis"><list cmlx:templateRef="basis"><list><scalar dataType="xsd:string" dictRef="cc:basis">6-31G(d)</scalar><scalar dataType="xsd:string" dictRef="cc:diffuse">(6D, 7F)</scalar></list></list><list cmlx:templateRef="symmadapt"><list><scalar dataType="xsd:integer" dictRef="cc:adapted">8</scalar><scalar dataType="xsd:string" dictRef="cc:symm">A</scalar></list><list><scalar dataType="xsd:integer" dictRef="cc:adapted">5</scalar><scalar dataType="xsd:string" dictRef="cc:symm">B1</scalar></list><list><scalar dataType="xsd:integer" dictRef="cc:adapted">5</scalar><scalar dataType="xsd:string" dictRef="cc:symm">B2</scalar></list><list><scalar dataType="xsd:integer" dictRef="cc:adapted">5</scalar><scalar dataType="xsd:string" dictRef="cc:symm">B3</scalar></list></list><list cmlx:templateRef="buffer"><scalar dataType="xsd:integer" dictRef="g:buffer">262144</scalar></list><list cmlx:templateRef="raff"><scalar dataType="xsd:string" dictRef="g:raffenetti">Raffenetti</scalar></list><list cmlx:templateRef="twoe"><scalar dataType="xsd:string" dictRef="g:twoe">Two-electron</scalar></list><list cmlx:templateRef="basiscount"><list><scalar dataType="xsd:integer" dictRef="cc:basiscount">23</scalar><scalar dataType="xsd:integer" dictRef="g:primbasis">44</scalar><scalar dataType="xsd:integer" dictRef="cc:cartesianbasis">23</scalar></list></list><list cmlx:templateRef="alphabeta"><list><scalar dataType="xsd:integer" dictRef="cc:alphae">5</scalar><scalar dataType="xsd:integer" dictRef="cc:betae">5</scalar></list></list> NAtoms=    5 NActive=    5 NUniq=    2 SFac= 5.66D+00 NAtFMM=   60 Big=F</module><module cmlx:lineCount="1" cmlx:templateRef="l302.basis"><list cmlx:templateRef="onee"><scalar dataType="xsd:string" dictRef="g:onee">One-electron integrals</scalar></list></module> NBasis=    23 RedAO= T  NBF=     8     5     5     5 NBsUse=    23 1.00D-06 NBFU=     8     5     5     5 Harris functional with IExCor=  402 diagonalized for initial guess. ExpMin= 1.61D-01 ExpMax= 3.05D+03 ExpMxC= 4.57D+02 IAcc=1 IRadAn=         1 AccDes= 1.00D-06 HarFok:  IExCor= 402 AccDes= 1.00D-06 IRadAn=         1 IDoV=1 ScaDFX=  1.000000  1.000000  1.000000  1.000000<module cmlx:lineCount="5" cmlx:templateRef="l401.orbsym"><list cmlx:templateRef="l401"><scalar dataType="xsd:string" dictRef="g:l401">Initial guess orbital symmetries:</scalar><scalar dataType="xsd:string" dictRef="g:l401">Occupied  (A1) (A1) (T2) (T2) (T2)</scalar><scalar dataType="xsd:string" dictRef="g:l401">Virtual   (A1) (T2) (T2) (T2) (T2) (T2) (T2) (T2) (T2) (T2)</scalar><scalar dataType="xsd:string" dictRef="g:l401">(A1) (A1) (E) (E) (T2) (T2) (T2) (A1)</scalar><scalar dataType="xsd:string" dictRef="g:l401">The electronic state of the initial guess is 1-A1.</scalar></list></module> Requested convergence on RMS density matrix=1.00D-08 within 128 cycles. Requested convergence on MAX density matrix=1.00D-06. Requested convergence on             energy=1.00D-06. No special actions if energy rises. Keep R1 integrals in memory in canonical form, NReq=      533869. Integral accuracy reduced to 1.0D-05 until final iterations. Initial convergence to 1.0D-05 achieved.  Increase integral accuracy. SCF Done:  E(RB+HF-LYP) =  -40.5174348543     A.U. after   10 cycles             Convg  =    0.8264D-09             -V/T =  2.0136             S**2   =   0.0000<module cmlx:lineCount="59" cmlx:templateRef="l601.popanal" xmlns:xi="http://www.w3.org/2001/XInclude"> **********************************************************************            Population analysis using the SCF density. **********************************************************************<module cmlx:lineCount="1" cmlx:templateRef="orbitalsym"/><list cmlx:templateRef="popanal"><scalar dataType="xsd:string" dictRef="x:popanal">Occupied  (A1) (A1) (T2) (T2) (T2)</scalar><scalar dataType="xsd:string" dictRef="x:popanal">Virtual   (A1) (T2) (T2) (T2) (T2) (T2) (T2) (T2) (T2) (T2)</scalar><scalar dataType="xsd:string" dictRef="x:popanal">(A1) (A1) (E) (E) (T2) (T2) (T2) (A1)</scalar><scalar dataType="xsd:string" dictRef="x:popanal">The electronic state is 1-A1.</scalar><scalar dataType="xsd:string" dictRef="x:popanal">Alpha  occ. eigenvalues --  -10.17514  -0.68437  -0.38581  -0.38581  -0.38581</scalar><scalar dataType="xsd:string" dictRef="x:popanal">Alpha virt. eigenvalues --    0.11292   0.17036   0.17036   0.17036   0.53917</scalar><scalar dataType="xsd:string" dictRef="x:popanal">Alpha virt. eigenvalues --    0.53917   0.53917   0.88316   0.88316   0.88316</scalar><scalar dataType="xsd:string" dictRef="x:popanal">Alpha virt. eigenvalues --    0.91927   1.09380   1.66027   1.66027   2.21731</scalar><scalar dataType="xsd:string" dictRef="x:popanal">Alpha virt. eigenvalues --    2.21731   2.21731   4.16488</scalar></list><module cmlx:lineCount="7" cmlx:templateRef="condensed"><list cmlx:templateRef="serial"><scalar dataType="xsd:string" dictRef="x:intarr">1          2          3          4          5</scalar></list><list cmlx:templateRef="row"><list><scalar dataType="xsd:integer" dictRef="cc:serial">1</scalar><scalar dataType="xsd:string" dictRef="cc:elementType">C</scalar><scalar dataType="xsd:string" dictRef="x:floatArr">5.098942   0.380069   0.380069   0.380069   0.380069</scalar></list><list><scalar dataType="xsd:integer" dictRef="cc:serial">2</scalar><scalar dataType="xsd:string" dictRef="cc:elementType">H</scalar><scalar dataType="xsd:string" dictRef="x:floatArr">0.380069   0.544083  -0.026319  -0.026319  -0.026319</scalar></list><list><scalar dataType="xsd:integer" dictRef="cc:serial">3</scalar><scalar dataType="xsd:string" dictRef="cc:elementType">H</scalar><scalar dataType="xsd:string" dictRef="x:floatArr">0.380069  -0.026319   0.544083  -0.026319  -0.026319</scalar></list><list><scalar dataType="xsd:integer" dictRef="cc:serial">4</scalar><scalar dataType="xsd:string" dictRef="cc:elementType">H</scalar><scalar dataType="xsd:string" dictRef="x:floatArr">0.380069  -0.026319  -0.026319   0.544083  -0.026319</scalar></list><list><scalar dataType="xsd:integer" dictRef="cc:serial">5</scalar><scalar dataType="xsd:string" dictRef="cc:elementType">H</scalar><scalar dataType="xsd:string" dictRef="x:floatArr">0.380069  -0.026319  -0.026319  -0.026319   0.544083</scalar></list></list></module><module cmlx:lineCount="18" cmlx:templateRef="mulliken"><module cmlx:lineCount="7" cmlx:templateRef="mullik"><list cmlx:templateRef="title"><scalar dataType="xsd:string" dictRef="g:title">Mulliken atomic charges:</scalar></list><list cmlx:templateRef="serial"><scalar dataType="xsd:integer" dictRef="cc:serial">1</scalar></list></module> Sum of Mulliken charges=   0.00000 Sum of Mulliken charges=   0.00000 Electronic spatial extent (au):  &lt;R**2&gt;=    36.2154 Charge=     0.0000 electrons</module><module cmlx:lineCount="18" cmlx:templateRef="multipole"><list cmlx:templateRef="dipoletype"><scalar dataType="xsd:string" dictRef="g:dipoletype">field-independent basis, Debye</scalar></list><list cmlx:templateRef="dipole"><list><scalar dataType="xsd:double" dictRef="x:x">0.0</scalar><scalar dataType="xsd:double" dictRef="x:y">0.0</scalar><scalar dataType="xsd:double" dictRef="x:z">0.0</scalar><scalar dataType="xsd:double" dictRef="x:dipole">0.0</scalar></list></list><list cmlx:templateRef="quadrupoletype"><scalar dataType="xsd:string" dictRef="g:quadpoletype">field-independent basis, Debye-Ang</scalar></list><list cmlx:templateRef="quadrupol"><list><scalar dataType="xsd:double" dictRef="x:x">-8.3036</scalar><scalar dataType="xsd:double" dictRef="x:y">-8.3036</scalar><scalar dataType="xsd:double" dictRef="x:z">-8.3036</scalar></list></list><list cmlx:templateRef="xy"><list><scalar dataType="xsd:double" dictRef="x:x">0.0</scalar><scalar dataType="xsd:double" dictRef="x:y">0.0</scalar><scalar dataType="xsd:double" dictRef="x:z">0.0</scalar></list></list><list cmlx:templateRef="quadrupoletypea"><scalar dataType="xsd:string" dictRef="g:quadpoletype">field-independent basis, Debye-Ang</scalar></list><list cmlx:templateRef="xx"><list><scalar dataType="xsd:double" dictRef="x:x">0.0</scalar><scalar dataType="xsd:double" dictRef="x:y">0.0</scalar><scalar dataType="xsd:double" dictRef="x:z">0.0</scalar></list></list><list cmlx:templateRef="xya"><list><scalar dataType="xsd:double" dictRef="x:x">0.0</scalar><scalar dataType="xsd:double" dictRef="x:y">0.0</scalar><scalar dataType="xsd:double" dictRef="x:z">0.0</scalar></list></list><list cmlx:templateRef="octapoletype"><scalar dataType="xsd:string" dictRef="g:octapoletype">field-independent basis, Debye-Ang**2</scalar></list><list cmlx:templateRef="xxx"><list><scalar dataType="xsd:double" dictRef="x:xxx">0.0</scalar><scalar dataType="xsd:double" dictRef="x:yyy">0.0</scalar><scalar dataType="xsd:double" dictRef="x:zzz">0.0</scalar><scalar dataType="xsd:double" dictRef="x:xyy">0.0</scalar></list></list><list cmlx:templateRef="xxy"><list><scalar dataType="xsd:double" dictRef="x:xxy">0.0</scalar><scalar dataType="xsd:double" dictRef="x:xxz">0.0</scalar><scalar dataType="xsd:double" dictRef="x:xzz">0.0</scalar><scalar dataType="xsd:double" dictRef="x:xzz">0.0</scalar></list></list><list cmlx:templateRef="yyz"><list><scalar dataType="xsd:double" dictRef="x:yyz">0.0</scalar><scalar dataType="xsd:double" dictRef="x:xyz">-0.7195</scalar></list></list><list cmlx:templateRef="hexadecapoletype"><scalar dataType="xsd:string" dictRef="g:hexadecapoletype">field-independent basis, Debye-Ang**3</scalar></list><list cmlx:templateRef="xxxx"><list><scalar dataType="xsd:double" dictRef="x:xxxx">-16.2252</scalar><scalar dataType="xsd:double" dictRef="x:yyyy">-16.2252</scalar><scalar dataType="xsd:double" dictRef="x:zzzz">-16.2252</scalar><scalar dataType="xsd:double" dictRef="x:xxxy">0.0</scalar></list></list><list cmlx:templateRef="xxxz"><list><scalar dataType="xsd:double" dictRef="x:xxxz">0.0</scalar><scalar dataType="xsd:double" dictRef="x:yyyx">0.0</scalar><scalar dataType="xsd:double" dictRef="x:yyyz">0.0</scalar><scalar dataType="xsd:double" dictRef="x:zzzx">0.0</scalar></list></list><list cmlx:templateRef="zzzy"><list><scalar dataType="xsd:double" dictRef="x:zzzy">0.0</scalar><scalar dataType="xsd:double" dictRef="x:xxyy">-4.9297</scalar><scalar dataType="xsd:double" dictRef="x:xxzz">-4.9297</scalar><scalar dataType="xsd:double" dictRef="x:yyzz">-4.9297</scalar></list></list><list cmlx:templateRef="xzz"><scalar dataType="xsd:string" dictRef="x:xzz">N-N= 1.315774842379D+01 E-N=-1.192852991071D+02  KE= 3.997282125544D+01</scalar></list></module></module> Symmetry A    KE= 3.427560131574D+01 Symmetry B1   KE= 1.899073313234D+00 Symmetry B2   KE= 1.899073313234D+00 Symmetry B3   KE= 1.899073313234D+00 ***** Axes restored to original set *****<module cmlx:lineCount="11" cmlx:templateRef="forces"><list cmlx:templateRef="force"><list><scalar dataType="xsd:integer" dictRef="x:serial">1</scalar><scalar dataType="xsd:integer" dictRef="x:elementType">6</scalar><scalar dataType="xsd:double" dictRef="x:x3">0.0</scalar><scalar dataType="xsd:double" dictRef="x:y3">0.0</scalar><scalar dataType="xsd:double" dictRef="x:z3">0.0</scalar></list><list><scalar dataType="xsd:integer" dictRef="x:serial">2</scalar><scalar dataType="xsd:integer" dictRef="x:elementType">1</scalar><scalar dataType="xsd:double" dictRef="x:x3">-1.0E-9</scalar><scalar dataType="xsd:double" dictRef="x:y3">-2.0E-9</scalar><scalar dataType="xsd:double" dictRef="x:z3">-0.012566491</scalar></list><list><scalar dataType="xsd:integer" dictRef="x:serial">3</scalar><scalar dataType="xsd:integer" dictRef="x:elementType">1</scalar><scalar dataType="xsd:double" dictRef="x:x3">-0.011847801</scalar><scalar dataType="xsd:double" dictRef="x:y3">-1.0E-9</scalar><scalar dataType="xsd:double" dictRef="x:z3">0.004188832</scalar></list><list><scalar dataType="xsd:integer" dictRef="x:serial">4</scalar><scalar dataType="xsd:integer" dictRef="x:elementType">1</scalar><scalar dataType="xsd:double" dictRef="x:x3">0.0059239</scalar><scalar dataType="xsd:double" dictRef="x:y3">0.010260499</scalar><scalar dataType="xsd:double" dictRef="x:z3">0.004188828</scalar></list><list><scalar dataType="xsd:integer" dictRef="x:serial">5</scalar><scalar dataType="xsd:integer" dictRef="x:elementType">1</scalar><scalar dataType="xsd:double" dictRef="x:x3">0.005923903</scalar><scalar dataType="xsd:double" dictRef="x:y3">-0.010260496</scalar><scalar dataType="xsd:double" dictRef="x:z3">0.004188832</scalar></list></list><list cmlx:templateRef="cartesianforce"><list><scalar dataType="xsd:double" dictRef="cc:maxforce">0.012566491</scalar><scalar dataType="xsd:double" dictRef="cc:rmsforce">0.006489308</scalar></list></list></module><module cmlx:lineCount="7" cmlx:templateRef="l103" xmlns:xi="http://www.w3.org/2001/XInclude"><list cmlx:templateRef="berny"><scalar dataType="xsd:string" dictRef="g:optimization">Internal  Forces:  Max     0.012566491 RMS     0.007947747</scalar></list> Search for a local minimum. Step number   1 out of a maximum of  20 All quantities printed in internal units (Hartrees-Bohrs-Radians) Second derivative matrix not updated -- first step.</module><module cmlx:lineCount="20" cmlx:templateRef="secondderiv"><module cmlx:lineCount="12" cmlx:templateRef="mat"><list cmlx:templateRef="row"><scalar dataType="xsd:string" dictRef="x:junk1">R1        R2        R3        R4        A1</scalar><scalar dataType="xsd:string" dictRef="x:junk1">R1           0.32284</scalar><scalar dataType="xsd:string" dictRef="x:junk1">R2           0.00000   0.32284</scalar><scalar dataType="xsd:string" dictRef="x:junk1">R3           0.00000   0.00000   0.32284</scalar><scalar dataType="xsd:string" dictRef="x:junk1">R4           0.00000   0.00000   0.00000   0.32284</scalar><scalar dataType="xsd:string" dictRef="x:junk1">A1           0.00000   0.00000   0.00000   0.00000   0.16000</scalar><scalar dataType="xsd:string" dictRef="x:junk1">A2           0.00000   0.00000   0.00000   0.00000   0.00000</scalar><scalar dataType="xsd:string" dictRef="x:junk1">A3           0.00000   0.00000   0.00000   0.00000   0.00000</scalar><scalar dataType="xsd:string" dictRef="x:junk1">A4           0.00000   0.00000   0.00000   0.00000   0.00000</scalar><scalar dataType="xsd:string" dictRef="x:junk1">A5           0.00000   0.00000   0.00000   0.00000   0.00000</scalar><scalar dataType="xsd:string" dictRef="x:junk1">A6           0.00000   0.00000   0.00000   0.00000   0.00000</scalar><scalar dataType="xsd:string" dictRef="x:junk1">A2        A3        A4        A5        A6</scalar></list></module>           A2           0.16000           A3           0.00000   0.16000           A4           0.00000   0.00000   0.16000           A5           0.00000   0.00000   0.00000   0.16000           A6           0.00000   0.00000   0.00000   0.00000   0.16000     Eigenvalues ---    0.16000   0.16000   0.16000   0.16000   0.16000     Eigenvalues ---    0.32284   0.32284   0.32284   0.322841000.00000</module><module cmlx:lineCount="4" cmlx:templateRef="rfo"><list cmlx:templateRef="rfo"><scalar dataType="xsd:double" dictRef="g:lambda">-0.0019448515</scalar></list><list cmlx:templateRef="nolinear"><scalar dataType="xsd:string" dictRef="g:linear">Linear search</scalar></list><list cmlx:lineCount="2" cmlx:templateRef="iteration"><array dataType="xsd:integer" dictRef="cc:serial" size="2">1 2</array><array dataType="xsd:double" dictRef="g:rmscart" size="2">0.02447047 0.0</array><array dataType="xsd:double" dictRef="g:rmsint" size="2">0.0 0.0</array></list></module> Variable       Old X    -DE/DX   Delta X   Delta X   Delta X     New X                                 (Linear)    (Quad)   (Total)    R1        2.10327  -0.01257   0.00000  -0.03869  -0.03869   2.06457    R2        2.10327  -0.01257   0.00000  -0.03869  -0.03869   2.06457    R3        2.10327  -0.01257   0.00000  -0.03869  -0.03869   2.06457    R4        2.10327  -0.01257   0.00000  -0.03869  -0.03869   2.06457    A1        1.91063   0.00000   0.00000   0.00000   0.00000   1.91063    A2        1.91063   0.00000   0.00000   0.00000   0.00000   1.91063    A3        1.91063   0.00000   0.00000   0.00000   0.00000   1.91063    A4        1.91063   0.00000   0.00000   0.00000   0.00000   1.91063    A5        1.91063   0.00000   0.00000   0.00000   0.00000   1.91063    A6        1.91063   0.00000   0.00000   0.00000   0.00000   1.91063         Item               Value     Threshold  Converged? Maximum Force            0.012566     0.000450     NO  RMS     Force            0.007948     0.000300     NO  Maximum Displacement     0.038691     0.001800     NO  RMS     Displacement     0.024470     0.001200     NO <module cmlx:lineCount="1" cmlx:templateRef="preddelta"><list cmlx:templateRef="predicted"><scalar dataType="xsd:double" dictRef="g:predchange">-9.782485</scalar></list></module> GradGradGradGradGradGradGradGradGradGradGradGradGradGradGradGradGradGrad<module cmlx:lineCount="11" cmlx:templateRef="l202.orient"><list cmlx:templateRef="type"><scalar dataType="xsd:string" dictRef="g:type">Input</scalar></list><list cmlx:lineCount="5" cmlx:templateRef="atom"><array dataType="xsd:integer" dictRef="cc:serial" size="5">1 2 3 4 5</array><array dataType="xsd:integer" dictRef="cc:elementType" size="5">6 1 1 1 1</array><array dataType="xsd:integer" dictRef="g:atomicType" size="5">0 0 0 0 0</array><array dataType="xsd:double" dictRef="cc:x3" size="5">0.0 0.0 1.030043 -0.515021 -0.515022</array><array dataType="xsd:double" dictRef="cc:y3" size="5">0.0 0.0 0.0 -0.892043 0.892043</array><array dataType="xsd:double" dictRef="cc:z3" size="5">0.0 1.092525 -0.364175 -0.364175 -0.364175</array></list></module><module cmlx:lineCount="7" cmlx:templateRef="l202.distmat"><list cmlx:templateRef="atom"><list><scalar dataType="xsd:integer" dictRef="cc:serial">1</scalar><scalar dataType="xsd:string" dictRef="cc:elementType">C</scalar><scalar dataType="xsd:string" dictRef="cc:distances">0.000000</scalar></list><list><scalar dataType="xsd:integer" dictRef="cc:serial">2</scalar><scalar dataType="xsd:string" dictRef="cc:elementType">H</scalar><scalar dataType="xsd:string" dictRef="cc:distances">1.092526   0.000000</scalar></list><list><scalar dataType="xsd:integer" dictRef="cc:serial">3</scalar><scalar dataType="xsd:string" dictRef="cc:elementType">H</scalar><scalar dataType="xsd:string" dictRef="cc:distances">1.092526   1.784087   0.000000</scalar></list><list><scalar dataType="xsd:integer" dictRef="cc:serial">4</scalar><scalar dataType="xsd:string" dictRef="cc:elementType">H</scalar><scalar dataType="xsd:string" dictRef="cc:distances">1.092526   1.784087   1.784087   0.000000</scalar></list><list><scalar dataType="xsd:integer" dictRef="cc:serial">5</scalar><scalar dataType="xsd:string" dictRef="cc:elementType">H</scalar><scalar dataType="xsd:string" dictRef="cc:distances">1.092526   1.784087   1.784087   1.784087   0.000000</scalar></list></list></module><module cmlx:lineCount="6" cmlx:templateRef="l202.stoich"><list cmlx:templateRef="stoich"><scalar dataType="xsd:string" dictRef="cc:formula">CH4</scalar></list><list cmlx:templateRef="framework"><scalar dataType="xsd:string" dictRef="cc:frameworkgroup">TD[O(C),4C3(H)]</scalar></list><list cmlx:templateRef="degfreedom"><scalar dataType="xsd:integer" dictRef="cc:degfreedom">1</scalar></list><list cmlx:templateRef="pointgroup"><list><scalar dataType="xsd:string" dictRef="cc:pointgroup">TD</scalar><scalar dataType="xsd:integer" dictRef="cc:operatorcount">24</scalar></list></list><list cmlx:templateRef="largestabelian"><list><scalar dataType="xsd:string" dictRef="cc:largestabelian">D2</scalar><scalar dataType="xsd:integer" dictRef="cc:operatorcount">4</scalar></list></list><list cmlx:templateRef="largestconciseabelian"><list><scalar dataType="xsd:string" dictRef="cc:largestconciseabelian">D2</scalar><scalar dataType="xsd:integer" dictRef="cc:operatorcount">4</scalar></list></list></module><module cmlx:lineCount="11" cmlx:templateRef="l202.orient"><list cmlx:templateRef="type"><scalar dataType="xsd:string" dictRef="g:type">Standard</scalar></list><list cmlx:lineCount="5" cmlx:templateRef="atom"><array dataType="xsd:integer" dictRef="cc:serial" size="5">1 2 3 4 5</array><array dataType="xsd:integer" dictRef="cc:elementType" size="5">6 1 1 1 1</array><array dataType="xsd:integer" dictRef="g:atomicType" size="5">0 0 0 0 0</array><array dataType="xsd:double" dictRef="cc:x3" size="5">0.0 0.63077 -0.63077 -0.63077 0.63077</array><array dataType="xsd:double" dictRef="cc:y3" size="5">0.0 0.63077 -0.63077 0.63077 -0.63077</array><array dataType="xsd:double" dictRef="cc:z3" size="5">0.0 0.63077 0.63077 -0.63077 -0.63077</array></list></module><module cmlx:lineCount="1" cmlx:templateRef="l202.rotconst"/><module cmlx:lineCount="12" cmlx:templateRef="l301.basis"><list cmlx:templateRef="basis"><list><scalar dataType="xsd:string" dictRef="cc:basis">6-31G(d)</scalar><scalar dataType="xsd:string" dictRef="cc:diffuse">(6D, 7F)</scalar></list></list><list cmlx:templateRef="symmadapt"><list><scalar dataType="xsd:integer" dictRef="cc:adapted">8</scalar><scalar dataType="xsd:string" dictRef="cc:symm">A</scalar></list><list><scalar dataType="xsd:integer" dictRef="cc:adapted">5</scalar><scalar dataType="xsd:string" dictRef="cc:symm">B1</scalar></list><list><scalar dataType="xsd:integer" dictRef="cc:adapted">5</scalar><scalar dataType="xsd:string" dictRef="cc:symm">B2</scalar></list><list><scalar dataType="xsd:integer" dictRef="cc:adapted">5</scalar><scalar dataType="xsd:string" dictRef="cc:symm">B3</scalar></list></list><list cmlx:templateRef="buffer"><scalar dataType="xsd:integer" dictRef="g:buffer">262144</scalar></list><list cmlx:templateRef="raff"><scalar dataType="xsd:string" dictRef="g:raffenetti">Raffenetti</scalar></list><list cmlx:templateRef="twoe"><scalar dataType="xsd:string" dictRef="g:twoe">Two-electron</scalar></list><list cmlx:templateRef="basiscount"><list><scalar dataType="xsd:integer" dictRef="cc:basiscount">23</scalar><scalar dataType="xsd:integer" dictRef="g:primbasis">44</scalar><scalar dataType="xsd:integer" dictRef="cc:cartesianbasis">23</scalar></list></list><list cmlx:templateRef="alphabeta"><list><scalar dataType="xsd:integer" dictRef="cc:alphae">5</scalar><scalar dataType="xsd:integer" dictRef="cc:betae">5</scalar></list></list> NAtoms=    5 NActive=    5 NUniq=    2 SFac= 5.66D+00 NAtFMM=   60 Big=F</module><module cmlx:lineCount="1" cmlx:templateRef="l302.basis"><list cmlx:templateRef="onee"><scalar dataType="xsd:string" dictRef="g:onee">One-electron integrals</scalar></list></module> NBasis=    23 RedAO= T  NBF=     8     5     5     5 NBsUse=    23 1.00D-06 NBFU=     8     5     5     5 Initial guess read from the read-write file:<module cmlx:lineCount="1" cmlx:templateRef="l401.orbsym"><list cmlx:templateRef="l401"><scalar dataType="xsd:string" dictRef="g:l401">Initial guess orbital symmetries:</scalar></list></module>       Occupied  (A1) (A1) (?A) (?A) (?A)       Virtual   (A1) (?A) (?A) (?A) (?A) (?A) (?A) (?A) (?A) (?A)                 (A1) (A1) (E) (E) (?A) (?A) (?A) (A1) Harris functional with IExCor=  402 diagonalized for initial guess. ExpMin= 1.61D-01 ExpMax= 3.05D+03 ExpMxC= 4.57D+02 IAcc=1 IRadAn=         1 AccDes= 1.00D-06 HarFok:  IExCor= 402 AccDes= 1.00D-06 IRadAn=         1 IDoV=1 ScaDFX=  1.000000  1.000000  1.000000  1.000000 Requested convergence on RMS density matrix=1.00D-08 within 128 cycles. Requested convergence on MAX density matrix=1.00D-06. Requested convergence on             energy=1.00D-06. No special actions if energy rises. Keep R1 integrals in memory in canonical form, NReq=      533869. Integral accuracy reduced to 1.0D-05 until final iterations. A guess orbital has undefined symmetry, so N**3 symmetry is turned off. Density matrix breaks symmetry, PCut= 1.00D-04 Density matrix has no symmetry -- integrals replicated. Density matrix breaks symmetry, PCut= 1.00D-04 Density matrix has no symmetry -- integrals replicated. Density matrix breaks symmetry, PCut= 1.00D-04 Density matrix has no symmetry -- integrals replicated. Initial convergence to 1.0D-05 achieved.  Increase integral accuracy. SCF Done:  E(RB+HF-LYP) =  -40.5183877742     A.U. after   11 cycles             Convg  =    0.9106D-09             -V/T =  2.0111             S**2   =   0.0000 ***** Axes restored to original set *****<module cmlx:lineCount="11" cmlx:templateRef="forces"><list cmlx:templateRef="force"><list><scalar dataType="xsd:integer" dictRef="x:serial">1</scalar><scalar dataType="xsd:integer" dictRef="x:elementType">6</scalar><scalar dataType="xsd:double" dictRef="x:x3">0.0</scalar><scalar dataType="xsd:double" dictRef="x:y3">0.0</scalar><scalar dataType="xsd:double" dictRef="x:z3">0.0</scalar></list><list><scalar dataType="xsd:integer" dictRef="x:serial">2</scalar><scalar dataType="xsd:integer" dictRef="x:elementType">1</scalar><scalar dataType="xsd:double" dictRef="x:x3">0.0</scalar><scalar dataType="xsd:double" dictRef="x:y3">0.0</scalar><scalar dataType="xsd:double" dictRef="x:z3">4.98465E-4</scalar></list><list><scalar dataType="xsd:integer" dictRef="x:serial">3</scalar><scalar dataType="xsd:integer" dictRef="x:elementType">1</scalar><scalar dataType="xsd:double" dictRef="x:x3">4.69958E-4</scalar><scalar dataType="xsd:double" dictRef="x:y3">0.0</scalar><scalar dataType="xsd:double" dictRef="x:z3">-1.66155E-4</scalar></list><list><scalar dataType="xsd:integer" dictRef="x:serial">4</scalar><scalar dataType="xsd:integer" dictRef="x:elementType">1</scalar><scalar dataType="xsd:double" dictRef="x:x3">-2.34979E-4</scalar><scalar dataType="xsd:double" dictRef="x:y3">-4.06995E-4</scalar><scalar dataType="xsd:double" dictRef="x:z3">-1.66155E-4</scalar></list><list><scalar dataType="xsd:integer" dictRef="x:serial">5</scalar><scalar dataType="xsd:integer" dictRef="x:elementType">1</scalar><scalar dataType="xsd:double" dictRef="x:x3">-2.34979E-4</scalar><scalar dataType="xsd:double" dictRef="x:y3">4.06995E-4</scalar><scalar dataType="xsd:double" dictRef="x:z3">-1.66155E-4</scalar></list></list><list cmlx:templateRef="cartesianforce"><list><scalar dataType="xsd:double" dictRef="cc:maxforce">4.98465E-4</scalar><scalar dataType="xsd:double" dictRef="cc:rmsforce">2.57406E-4</scalar></list></list></module><module cmlx:lineCount="8" cmlx:templateRef="l103" xmlns:xi="http://www.w3.org/2001/XInclude"><list cmlx:templateRef="berny"><scalar dataType="xsd:string" dictRef="g:optimization">Internal  Forces:  Max     0.000498465 RMS     0.000315257</scalar></list> Search for a local minimum. Step number   2 out of a maximum of  20 All quantities printed in internal units (Hartrees-Bohrs-Radians) Update second derivatives using D2CorX and points  1  2<module cmlx:lineCount="1" cmlx:templateRef="l103.trust"> Trust test= 9.74D-01 RLast= 7.74D-02 DXMaxT set to 3.00D-01</module></module><module cmlx:lineCount="20" cmlx:templateRef="secondderiv"><module cmlx:lineCount="12" cmlx:templateRef="mat"><list cmlx:templateRef="row"><scalar dataType="xsd:string" dictRef="x:junk1">R1        R2        R3        R4        A1</scalar><scalar dataType="xsd:string" dictRef="x:junk1">R1           0.32655</scalar><scalar dataType="xsd:string" dictRef="x:junk1">R2           0.00371   0.32655</scalar><scalar dataType="xsd:string" dictRef="x:junk1">R3           0.00371   0.00371   0.32655</scalar><scalar dataType="xsd:string" dictRef="x:junk1">R4           0.00371   0.00371   0.00371   0.32655</scalar><scalar dataType="xsd:string" dictRef="x:junk1">A1           0.00000   0.00000   0.00000   0.00000   0.16000</scalar><scalar dataType="xsd:string" dictRef="x:junk1">A2           0.00000   0.00000   0.00000   0.00000   0.00000</scalar><scalar dataType="xsd:string" dictRef="x:junk1">A3           0.00000   0.00000   0.00000   0.00000   0.00000</scalar><scalar dataType="xsd:string" dictRef="x:junk1">A4           0.00000   0.00000   0.00000   0.00000   0.00000</scalar><scalar dataType="xsd:string" dictRef="x:junk1">A5           0.00000   0.00000   0.00000   0.00000   0.00000</scalar><scalar dataType="xsd:string" dictRef="x:junk1">A6           0.00000   0.00000   0.00000   0.00000   0.00000</scalar><scalar dataType="xsd:string" dictRef="x:junk1">A2        A3        A4        A5        A6</scalar></list></module>           A2           0.16000           A3           0.00000   0.16000           A4           0.00000   0.00000   0.16000           A5           0.00000   0.00000   0.00000   0.16000           A6           0.00000   0.00000   0.00000   0.00000   0.16000     Eigenvalues ---    0.16000   0.16000   0.16000   0.16000   0.16000     Eigenvalues ---    0.32284   0.32284   0.32284   0.337671000.00000</module><module cmlx:lineCount="4" cmlx:templateRef="rfo"> Quartic linear search produced a step of -0.03616. Iteration  1 RMS(Cart)=  0.00088494 RMS(Int)=  0.00000000 Iteration  2 RMS(Cart)=  0.00000000 RMS(Int)=  0.00000000</module> Variable       Old X    -DE/DX   Delta X   Delta X   Delta X     New X                                 (Linear)    (Quad)   (Total)    R1        2.06457   0.00050   0.00140   0.00000   0.00140   2.06597    R2        2.06457   0.00050   0.00140   0.00000   0.00140   2.06597    R3        2.06457   0.00050   0.00140   0.00000   0.00140   2.06597    R4        2.06457   0.00050   0.00140   0.00000   0.00140   2.06597    A1        1.91063   0.00000   0.00000   0.00000   0.00000   1.91063    A2        1.91063   0.00000   0.00000   0.00000   0.00000   1.91063    A3        1.91063   0.00000   0.00000   0.00000   0.00000   1.91063    A4        1.91063   0.00000   0.00000   0.00000   0.00000   1.91063    A5        1.91063   0.00000   0.00000   0.00000   0.00000   1.91063    A6        1.91063   0.00000   0.00000   0.00000   0.00000   1.91063         Item               Value     Threshold  Converged? Maximum Force            0.000498     0.000450     NO  RMS     Force            0.000315     0.000300     NO  Maximum Displacement     0.001399     0.001800     YES RMS     Displacement     0.000885     0.001200     YES<module cmlx:lineCount="1" cmlx:templateRef="preddelta"><list cmlx:templateRef="predicted"><scalar dataType="xsd:double" dictRef="g:predchange">-1.467648</scalar></list></module> GradGradGradGradGradGradGradGradGradGradGradGradGradGradGradGradGradGrad<module cmlx:lineCount="11" cmlx:templateRef="l202.orient"><list cmlx:templateRef="type"><scalar dataType="xsd:string" dictRef="g:type">Input</scalar></list><list cmlx:lineCount="5" cmlx:templateRef="atom"><array dataType="xsd:integer" dictRef="cc:serial" size="5">1 2 3 4 5</array><array dataType="xsd:integer" dictRef="cc:elementType" size="5">6 1 1 1 1</array><array dataType="xsd:integer" dictRef="g:atomicType" size="5">0 0 0 0 0</array><array dataType="xsd:double" dictRef="cc:x3" size="5">0.0 0.0 1.030741 -0.51537 -0.515371</array><array dataType="xsd:double" dictRef="cc:y3" size="5">0.0 0.0 0.0 -0.892648 0.892648</array><array dataType="xsd:double" dictRef="cc:z3" size="5">0.0 1.093266 -0.364422 -0.364422 -0.364422</array></list></module><module cmlx:lineCount="7" cmlx:templateRef="l202.distmat"><list cmlx:templateRef="atom"><list><scalar dataType="xsd:integer" dictRef="cc:serial">1</scalar><scalar dataType="xsd:string" dictRef="cc:elementType">C</scalar><scalar dataType="xsd:string" dictRef="cc:distances">0.000000</scalar></list><list><scalar dataType="xsd:integer" dictRef="cc:serial">2</scalar><scalar dataType="xsd:string" dictRef="cc:elementType">H</scalar><scalar dataType="xsd:string" dictRef="cc:distances">1.093266   0.000000</scalar></list><list><scalar dataType="xsd:integer" dictRef="cc:serial">3</scalar><scalar dataType="xsd:string" dictRef="cc:elementType">H</scalar><scalar dataType="xsd:string" dictRef="cc:distances">1.093266   1.785296   0.000000</scalar></list><list><scalar dataType="xsd:integer" dictRef="cc:serial">4</scalar><scalar dataType="xsd:string" dictRef="cc:elementType">H</scalar><scalar dataType="xsd:string" dictRef="cc:distances">1.093266   1.785296   1.785296   0.000000</scalar></list><list><scalar dataType="xsd:integer" dictRef="cc:serial">5</scalar><scalar dataType="xsd:string" dictRef="cc:elementType">H</scalar><scalar dataType="xsd:string" dictRef="cc:distances">1.093266   1.785296   1.785296   1.785296   0.000000</scalar></list></list></module><module cmlx:lineCount="6" cmlx:templateRef="l202.stoich"><list cmlx:templateRef="stoich"><scalar dataType="xsd:string" dictRef="cc:formula">CH4</scalar></list><list cmlx:templateRef="framework"><scalar dataType="xsd:string" dictRef="cc:frameworkgroup">TD[O(C),4C3(H)]</scalar></list><list cmlx:templateRef="degfreedom"><scalar dataType="xsd:integer" dictRef="cc:degfreedom">1</scalar></list><list cmlx:templateRef="pointgroup"><list><scalar dataType="xsd:string" dictRef="cc:pointgroup">TD</scalar><scalar dataType="xsd:integer" dictRef="cc:operatorcount">24</scalar></list></list><list cmlx:templateRef="largestabelian"><list><scalar dataType="xsd:string" dictRef="cc:largestabelian">D2</scalar><scalar dataType="xsd:integer" dictRef="cc:operatorcount">4</scalar></list></list><list cmlx:templateRef="largestconciseabelian"><list><scalar dataType="xsd:string" dictRef="cc:largestconciseabelian">D2</scalar><scalar dataType="xsd:integer" dictRef="cc:operatorcount">4</scalar></list></list></module><module cmlx:lineCount="11" cmlx:templateRef="l202.orient"><list cmlx:templateRef="type"><scalar dataType="xsd:string" dictRef="g:type">Standard</scalar></list><list cmlx:lineCount="5" cmlx:templateRef="atom"><array dataType="xsd:integer" dictRef="cc:serial" size="5">1 2 3 4 5</array><array dataType="xsd:integer" dictRef="cc:elementType" size="5">6 1 1 1 1</array><array dataType="xsd:integer" dictRef="g:atomicType" size="5">0 0 0 0 0</array><array dataType="xsd:double" dictRef="cc:x3" size="5">0.0 0.631197 -0.631197 -0.631197 0.631197</array><array dataType="xsd:double" dictRef="cc:y3" size="5">0.0 0.631197 -0.631197 0.631197 -0.631197</array><array dataType="xsd:double" dictRef="cc:z3" size="5">0.0 0.631197 0.631197 -0.631197 -0.631197</array></list></module><module cmlx:lineCount="1" cmlx:templateRef="l202.rotconst"/><module cmlx:lineCount="12" cmlx:templateRef="l301.basis"><list cmlx:templateRef="basis"><list><scalar dataType="xsd:string" dictRef="cc:basis">6-31G(d)</scalar><scalar dataType="xsd:string" dictRef="cc:diffuse">(6D, 7F)</scalar></list></list><list cmlx:templateRef="symmadapt"><list><scalar dataType="xsd:integer" dictRef="cc:adapted">8</scalar><scalar dataType="xsd:string" dictRef="cc:symm">A</scalar></list><list><scalar dataType="xsd:integer" dictRef="cc:adapted">5</scalar><scalar dataType="xsd:string" dictRef="cc:symm">B1</scalar></list><list><scalar dataType="xsd:integer" dictRef="cc:adapted">5</scalar><scalar dataType="xsd:string" dictRef="cc:symm">B2</scalar></list><list><scalar dataType="xsd:integer" dictRef="cc:adapted">5</scalar><scalar dataType="xsd:string" dictRef="cc:symm">B3</scalar></list></list><list cmlx:templateRef="buffer"><scalar dataType="xsd:integer" dictRef="g:buffer">262144</scalar></list><list cmlx:templateRef="raff"><scalar dataType="xsd:string" dictRef="g:raffenetti">Raffenetti</scalar></list><list cmlx:templateRef="twoe"><scalar dataType="xsd:string" dictRef="g:twoe">Two-electron</scalar></list><list cmlx:templateRef="basiscount"><list><scalar dataType="xsd:integer" dictRef="cc:basiscount">23</scalar><scalar dataType="xsd:integer" dictRef="g:primbasis">44</scalar><scalar dataType="xsd:integer" dictRef="cc:cartesianbasis">23</scalar></list></list><list cmlx:templateRef="alphabeta"><list><scalar dataType="xsd:integer" dictRef="cc:alphae">5</scalar><scalar dataType="xsd:integer" dictRef="cc:betae">5</scalar></list></list> NAtoms=    5 NActive=    5 NUniq=    2 SFac= 5.66D+00 NAtFMM=   60 Big=F</module><module cmlx:lineCount="1" cmlx:templateRef="l302.basis"><list cmlx:templateRef="onee"><scalar dataType="xsd:string" dictRef="g:onee">One-electron integrals</scalar></list></module> NBasis=    23 RedAO= T  NBF=     8     5     5     5 NBsUse=    23 1.00D-06 NBFU=     8     5     5     5 Initial guess read from the read-write file:<module cmlx:lineCount="1" cmlx:templateRef="l401.orbsym"><list cmlx:templateRef="l401"><scalar dataType="xsd:string" dictRef="g:l401">Initial guess orbital symmetries:</scalar></list></module>       Occupied  (A1) (A1) (T2) (T2) (T2)       Virtual   (A1) (T2) (T2) (T2) (T2) (T2) (T2) (T2) (T2) (T2)                 (A1) (A1) (E) (E) (T2) (T2) (T2) (A1) Requested convergence on RMS density matrix=1.00D-08 within 128 cycles. Requested convergence on MAX density matrix=1.00D-06. Requested convergence on             energy=1.00D-06. No special actions if energy rises. Keep R1 integrals in memory in canonical form, NReq=      533869. A guess orbital has undefined symmetry, so N**3 symmetry is turned off. SCF Done:  E(RB+HF-LYP) =  -40.5183891676     A.U. after    5 cycles             Convg  =    0.2782D-08             -V/T =  2.0112             S**2   =   0.0000 ***** Axes restored to original set *****<module cmlx:lineCount="11" cmlx:templateRef="forces"><list cmlx:templateRef="force"><list><scalar dataType="xsd:integer" dictRef="x:serial">1</scalar><scalar dataType="xsd:integer" dictRef="x:elementType">6</scalar><scalar dataType="xsd:double" dictRef="x:x3">0.0</scalar><scalar dataType="xsd:double" dictRef="x:y3">0.0</scalar><scalar dataType="xsd:double" dictRef="x:z3">0.0</scalar></list><list><scalar dataType="xsd:integer" dictRef="x:serial">2</scalar><scalar dataType="xsd:integer" dictRef="x:elementType">1</scalar><scalar dataType="xsd:double" dictRef="x:x3">0.0</scalar><scalar dataType="xsd:double" dictRef="x:y3">0.0</scalar><scalar dataType="xsd:double" dictRef="x:z3">-1.6E-7</scalar></list><list><scalar dataType="xsd:integer" dictRef="x:serial">3</scalar><scalar dataType="xsd:integer" dictRef="x:elementType">1</scalar><scalar dataType="xsd:double" dictRef="x:x3">-1.5E-7</scalar><scalar dataType="xsd:double" dictRef="x:y3">0.0</scalar><scalar dataType="xsd:double" dictRef="x:z3">5.3E-8</scalar></list><list><scalar dataType="xsd:integer" dictRef="x:serial">4</scalar><scalar dataType="xsd:integer" dictRef="x:elementType">1</scalar><scalar dataType="xsd:double" dictRef="x:x3">7.5E-8</scalar><scalar dataType="xsd:double" dictRef="x:y3">1.3E-7</scalar><scalar dataType="xsd:double" dictRef="x:z3">5.3E-8</scalar></list><list><scalar dataType="xsd:integer" dictRef="x:serial">5</scalar><scalar dataType="xsd:integer" dictRef="x:elementType">1</scalar><scalar dataType="xsd:double" dictRef="x:x3">7.5E-8</scalar><scalar dataType="xsd:double" dictRef="x:y3">-1.3E-7</scalar><scalar dataType="xsd:double" dictRef="x:z3">5.3E-8</scalar></list></list><list cmlx:templateRef="cartesianforce"><list><scalar dataType="xsd:double" dictRef="cc:maxforce">1.6E-7</scalar><scalar dataType="xsd:double" dictRef="cc:rmsforce">8.2E-8</scalar></list></list></module><module cmlx:lineCount="8" cmlx:templateRef="l103" xmlns:xi="http://www.w3.org/2001/XInclude"><list cmlx:templateRef="berny"><scalar dataType="xsd:string" dictRef="g:optimization">Internal  Forces:  Max     0.000000160 RMS     0.000000101</scalar></list> Search for a local minimum. Step number   3 out of a maximum of  20 All quantities printed in internal units (Hartrees-Bohrs-Radians) Update second derivatives using D2CorX and points  1  2  3<module cmlx:lineCount="1" cmlx:templateRef="l103.trust"> Trust test= 9.49D-01 RLast= 2.80D-03 DXMaxT set to 3.00D-01</module></module><module cmlx:lineCount="20" cmlx:templateRef="secondderiv"><module cmlx:lineCount="12" cmlx:templateRef="mat"><list cmlx:templateRef="row"><scalar dataType="xsd:string" dictRef="x:junk1">R1        R2        R3        R4        A1</scalar><scalar dataType="xsd:string" dictRef="x:junk1">R1           0.33122</scalar><scalar dataType="xsd:string" dictRef="x:junk1">R2           0.00838   0.33122</scalar><scalar dataType="xsd:string" dictRef="x:junk1">R3           0.00838   0.00838   0.33122</scalar><scalar dataType="xsd:string" dictRef="x:junk1">R4           0.00838   0.00838   0.00838   0.33122</scalar><scalar dataType="xsd:string" dictRef="x:junk1">A1           0.00000   0.00000   0.00000   0.00000   0.16000</scalar><scalar dataType="xsd:string" dictRef="x:junk1">A2           0.00000   0.00000   0.00000   0.00000   0.00000</scalar><scalar dataType="xsd:string" dictRef="x:junk1">A3           0.00000   0.00000   0.00000   0.00000   0.00000</scalar><scalar dataType="xsd:string" dictRef="x:junk1">A4           0.00000   0.00000   0.00000   0.00000   0.00000</scalar><scalar dataType="xsd:string" dictRef="x:junk1">A5           0.00000   0.00000   0.00000   0.00000   0.00000</scalar><scalar dataType="xsd:string" dictRef="x:junk1">A6           0.00000   0.00000   0.00000   0.00000   0.00000</scalar><scalar dataType="xsd:string" dictRef="x:junk1">A2        A3        A4        A5        A6</scalar></list></module>           A2           0.16000           A3           0.00000   0.16000           A4           0.00000   0.00000   0.16000           A5           0.00000   0.00000   0.00000   0.16000           A6           0.00000   0.00000   0.00000   0.00000   0.16000     Eigenvalues ---    0.16000   0.16000   0.16000   0.16000   0.16000     Eigenvalues ---    0.32284   0.32284   0.32284   0.356361000.00000</module><module cmlx:lineCount="3" cmlx:templateRef="rfo"> Quartic linear search produced a step of -0.00032. Iteration  1 RMS(Cart)=  0.00000028 RMS(Int)=  0.00000000</module> Variable       Old X    -DE/DX   Delta X   Delta X   Delta X     New X                                 (Linear)    (Quad)   (Total)    R1        2.06597   0.00000   0.00000   0.00000   0.00000   2.06597    R2        2.06597   0.00000   0.00000   0.00000   0.00000   2.06597    R3        2.06597   0.00000   0.00000   0.00000   0.00000   2.06597    R4        2.06597   0.00000   0.00000   0.00000   0.00000   2.06597    A1        1.91063   0.00000   0.00000   0.00000   0.00000   1.91063    A2        1.91063   0.00000   0.00000   0.00000   0.00000   1.91063    A3        1.91063   0.00000   0.00000   0.00000   0.00000   1.91063    A4        1.91063   0.00000   0.00000   0.00000   0.00000   1.91063    A5        1.91063   0.00000   0.00000   0.00000   0.00000   1.91063    A6        1.91063   0.00000   0.00000   0.00000   0.00000   1.91063         Item               Value     Threshold  Converged? Maximum Force            0.000000     0.000450     YES RMS     Force            0.000000     0.000300     YES Maximum Displacement     0.000000     0.001800     YES RMS     Displacement     0.000000     0.001200     YES<module cmlx:lineCount="1" cmlx:templateRef="preddelta"><list cmlx:templateRef="predicted"><scalar dataType="xsd:double" dictRef="g:predchange">-1.428447</scalar></list></module><module cmlx:lineCount="18" cmlx:templateRef="optimizedparam"><list cmlx:templateRef="completed"><scalar dataType="xsd:string" dictRef="g:optimization">Optimization completed.</scalar><scalar dataType="xsd:string" dictRef="g:optimization">-- Stationary point found.</scalar></list><list cmlx:templateRef="length"><list><scalar dataType="xsd:string" dictRef="g:symbol">R3</scalar><scalar dataType="xsd:integer" dictRef="g:atom1">1</scalar><scalar dataType="xsd:integer" dictRef="g:atom2">4</scalar><scalar dataType="xsd:double" dictRef="cc:distance">1.0933</scalar><scalar dataType="xsd:string" dictRef="g:deriv">-DE/DX</scalar><scalar dataType="xsd:double" dictRef="cc:deriv">0.0</scalar></list><list><scalar dataType="xsd:string" dictRef="g:symbol">R4</scalar><scalar dataType="xsd:integer" dictRef="g:atom1">1</scalar><scalar dataType="xsd:integer" dictRef="g:atom2">5</scalar><scalar dataType="xsd:double" dictRef="cc:distance">1.0933</scalar><scalar dataType="xsd:string" dictRef="g:deriv">-DE/DX</scalar><scalar dataType="xsd:double" dictRef="cc:deriv">0.0</scalar></list></list><list cmlx:templateRef="angle"><list><scalar dataType="xsd:string" dictRef="g:symbol">A1</scalar><scalar dataType="xsd:integer" dictRef="g:atom1">2</scalar><scalar dataType="xsd:integer" dictRef="g:atom2">1</scalar><scalar dataType="xsd:integer" dictRef="g:atom3">3</scalar><scalar dataType="xsd:double" dictRef="cc:angle">109.4712</scalar><scalar dataType="xsd:string" dictRef="g:deriv">-DE/DX</scalar><scalar dataType="xsd:double" dictRef="cc:deriv">0.0</scalar></list><list><scalar dataType="xsd:string" dictRef="g:symbol">A2</scalar><scalar dataType="xsd:integer" dictRef="g:atom1">2</scalar><scalar dataType="xsd:integer" dictRef="g:atom2">1</scalar><scalar dataType="xsd:integer" dictRef="g:atom3">4</scalar><scalar dataType="xsd:double" dictRef="cc:angle">109.4712</scalar><scalar dataType="xsd:string" dictRef="g:deriv">-DE/DX</scalar><scalar dataType="xsd:double" dictRef="cc:deriv">0.0</scalar></list><list><scalar dataType="xsd:string" dictRef="g:symbol">A3</scalar><scalar dataType="xsd:integer" dictRef="g:atom1">2</scalar><scalar dataType="xsd:integer" dictRef="g:atom2">1</scalar><scalar dataType="xsd:integer" dictRef="g:atom3">5</scalar><scalar dataType="xsd:double" dictRef="cc:angle">109.4712</scalar><scalar dataType="xsd:string" dictRef="g:deriv">-DE/DX</scalar><scalar dataType="xsd:double" dictRef="cc:deriv">0.0</scalar></list><list><scalar dataType="xsd:string" dictRef="g:symbol">A4</scalar><scalar dataType="xsd:integer" dictRef="g:atom1">3</scalar><scalar dataType="xsd:integer" dictRef="g:atom2">1</scalar><scalar dataType="xsd:integer" dictRef="g:atom3">4</scalar><scalar dataType="xsd:double" dictRef="cc:angle">109.4712</scalar><scalar dataType="xsd:string" dictRef="g:deriv">-DE/DX</scalar><scalar dataType="xsd:double" dictRef="cc:deriv">0.0</scalar></list><list><scalar dataType="xsd:string" dictRef="g:symbol">A5</scalar><scalar dataType="xsd:integer" dictRef="g:atom1">3</scalar><scalar dataType="xsd:integer" dictRef="g:atom2">1</scalar><scalar dataType="xsd:integer" dictRef="g:atom3">5</scalar><scalar dataType="xsd:double" dictRef="cc:angle">109.4712</scalar><scalar dataType="xsd:string" dictRef="g:deriv">-DE/DX</scalar><scalar dataType="xsd:double" dictRef="cc:deriv">0.0</scalar></list><list><scalar dataType="xsd:string" dictRef="g:symbol">A6</scalar><scalar dataType="xsd:integer" dictRef="g:atom1">4</scalar><scalar dataType="xsd:integer" dictRef="g:atom2">1</scalar><scalar dataType="xsd:integer" dictRef="g:atom3">5</scalar><scalar dataType="xsd:double" dictRef="cc:angle">109.4712</scalar><scalar dataType="xsd:string" dictRef="g:deriv">-DE/DX</scalar><scalar dataType="xsd:double" dictRef="cc:deriv">0.0</scalar></list></list></module> -------------------------------------------------------------------------------- GradGradGradGradGradGradGradGradGradGradGradGradGradGradGradGradGradGrad<module cmlx:lineCount="11" cmlx:templateRef="l202.orient"><list cmlx:templateRef="type"><scalar dataType="xsd:string" dictRef="g:type">Input</scalar></list><list cmlx:lineCount="5" cmlx:templateRef="atom"><array dataType="xsd:integer" dictRef="cc:serial" size="5">1 2 3 4 5</array><array dataType="xsd:integer" dictRef="cc:elementType" size="5">6 1 1 1 1</array><array dataType="xsd:integer" dictRef="g:atomicType" size="5">0 0 0 0 0</array><array dataType="xsd:double" dictRef="cc:x3" size="5">0.0 0.0 1.030741 -0.51537 -0.515371</array><array dataType="xsd:double" dictRef="cc:y3" size="5">0.0 0.0 0.0 -0.892648 0.892648</array><array dataType="xsd:double" dictRef="cc:z3" size="5">0.0 1.093266 -0.364422 -0.364422 -0.364422</array></list></module><module cmlx:lineCount="7" cmlx:templateRef="l202.distmat"><list cmlx:templateRef="atom"><list><scalar dataType="xsd:integer" dictRef="cc:serial">1</scalar><scalar dataType="xsd:string" dictRef="cc:elementType">C</scalar><scalar dataType="xsd:string" dictRef="cc:distances">0.000000</scalar></list><list><scalar dataType="xsd:integer" dictRef="cc:serial">2</scalar><scalar dataType="xsd:string" dictRef="cc:elementType">H</scalar><scalar dataType="xsd:string" dictRef="cc:distances">1.093266   0.000000</scalar></list><list><scalar dataType="xsd:integer" dictRef="cc:serial">3</scalar><scalar dataType="xsd:string" dictRef="cc:elementType">H</scalar><scalar dataType="xsd:string" dictRef="cc:distances">1.093266   1.785296   0.000000</scalar></list><list><scalar dataType="xsd:integer" dictRef="cc:serial">4</scalar><scalar dataType="xsd:string" dictRef="cc:elementType">H</scalar><scalar dataType="xsd:string" dictRef="cc:distances">1.093266   1.785296   1.785296   0.000000</scalar></list><list><scalar dataType="xsd:integer" dictRef="cc:serial">5</scalar><scalar dataType="xsd:string" dictRef="cc:elementType">H</scalar><scalar dataType="xsd:string" dictRef="cc:distances">1.093266   1.785296   1.785296   1.785296   0.000000</scalar></list></list></module><module cmlx:lineCount="6" cmlx:templateRef="l202.stoich"><list cmlx:templateRef="stoich"><scalar dataType="xsd:string" dictRef="cc:formula">CH4</scalar></list><list cmlx:templateRef="framework"><scalar dataType="xsd:string" dictRef="cc:frameworkgroup">TD[O(C),4C3(H)]</scalar></list><list cmlx:templateRef="degfreedom"><scalar dataType="xsd:integer" dictRef="cc:degfreedom">1</scalar></list><list cmlx:templateRef="pointgroup"><list><scalar dataType="xsd:string" dictRef="cc:pointgroup">TD</scalar><scalar dataType="xsd:integer" dictRef="cc:operatorcount">24</scalar></list></list><list cmlx:templateRef="largestabelian"><list><scalar dataType="xsd:string" dictRef="cc:largestabelian">D2</scalar><scalar dataType="xsd:integer" dictRef="cc:operatorcount">4</scalar></list></list><list cmlx:templateRef="largestconciseabelian"><list><scalar dataType="xsd:string" dictRef="cc:largestconciseabelian">D2</scalar><scalar dataType="xsd:integer" dictRef="cc:operatorcount">4</scalar></list></list></module><module cmlx:lineCount="11" cmlx:templateRef="l202.orient"><list cmlx:templateRef="type"><scalar dataType="xsd:string" dictRef="g:type">Standard</scalar></list><list cmlx:lineCount="5" cmlx:templateRef="atom"><array dataType="xsd:integer" dictRef="cc:serial" size="5">1 2 3 4 5</array><array dataType="xsd:integer" dictRef="cc:elementType" size="5">6 1 1 1 1</array><array dataType="xsd:integer" dictRef="g:atomicType" size="5">0 0 0 0 0</array><array dataType="xsd:double" dictRef="cc:x3" size="5">0.0 0.631197 -0.631197 -0.631197 0.631197</array><array dataType="xsd:double" dictRef="cc:y3" size="5">0.0 0.631197 -0.631197 0.631197 -0.631197</array><array dataType="xsd:double" dictRef="cc:z3" size="5">0.0 0.631197 0.631197 -0.631197 -0.631197</array></list></module><module cmlx:lineCount="1" cmlx:templateRef="l202.rotconst"/><module cmlx:lineCount="59" cmlx:templateRef="l601.popanal" xmlns:xi="http://www.w3.org/2001/XInclude"> **********************************************************************            Population analysis using the SCF density. **********************************************************************<module cmlx:lineCount="1" cmlx:templateRef="orbitalsym"/><list cmlx:templateRef="popanal"><scalar dataType="xsd:string" dictRef="x:popanal">Occupied  (A1) (A1) (T2) (T2) (T2)</scalar><scalar dataType="xsd:string" dictRef="x:popanal">Virtual   (A1) (T2) (T2) (T2) (T2) (T2) (T2) (T2) (T2) (T2)</scalar><scalar dataType="xsd:string" dictRef="x:popanal">(A1) (A1) (E) (E) (T2) (T2) (T2) (A1)</scalar><scalar dataType="xsd:string" dictRef="x:popanal">The electronic state is 1-A1.</scalar><scalar dataType="xsd:string" dictRef="x:popanal">Alpha  occ. eigenvalues --  -10.16695  -0.69030  -0.38907  -0.38907  -0.38907</scalar><scalar dataType="xsd:string" dictRef="x:popanal">Alpha virt. eigenvalues --    0.11792   0.17654   0.17654   0.17654   0.53325</scalar><scalar dataType="xsd:string" dictRef="x:popanal">Alpha virt. eigenvalues --    0.53325   0.53325   0.89773   0.89773   0.89773</scalar><scalar dataType="xsd:string" dictRef="x:popanal">Alpha virt. eigenvalues --    0.94747   1.09984   1.65652   1.65652   2.24362</scalar><scalar dataType="xsd:string" dictRef="x:popanal">Alpha virt. eigenvalues --    2.24362   2.24362   4.17917</scalar></list><module cmlx:lineCount="7" cmlx:templateRef="condensed"><list cmlx:templateRef="serial"><scalar dataType="xsd:string" dictRef="x:intarr">1          2          3          4          5</scalar></list><list cmlx:templateRef="row"><list><scalar dataType="xsd:integer" dictRef="cc:serial">1</scalar><scalar dataType="xsd:string" dictRef="cc:elementType">C</scalar><scalar dataType="xsd:string" dictRef="x:floatArr">5.093134   0.383778   0.383778   0.383778   0.383778</scalar></list><list><scalar dataType="xsd:integer" dictRef="cc:serial">2</scalar><scalar dataType="xsd:string" dictRef="cc:elementType">H</scalar><scalar dataType="xsd:string" dictRef="x:floatArr">0.383778   0.539529  -0.026790  -0.026790  -0.026790</scalar></list><list><scalar dataType="xsd:integer" dictRef="cc:serial">3</scalar><scalar dataType="xsd:string" dictRef="cc:elementType">H</scalar><scalar dataType="xsd:string" dictRef="x:floatArr">0.383778  -0.026790   0.539529  -0.026790  -0.026790</scalar></list><list><scalar dataType="xsd:integer" dictRef="cc:serial">4</scalar><scalar dataType="xsd:string" dictRef="cc:elementType">H</scalar><scalar dataType="xsd:string" dictRef="x:floatArr">0.383778  -0.026790  -0.026790   0.539529  -0.026790</scalar></list><list><scalar dataType="xsd:integer" dictRef="cc:serial">5</scalar><scalar dataType="xsd:string" dictRef="cc:elementType">H</scalar><scalar dataType="xsd:string" dictRef="x:floatArr">0.383778  -0.026790  -0.026790  -0.026790   0.539529</scalar></list></list></module><module cmlx:lineCount="18" cmlx:templateRef="mulliken"><module cmlx:lineCount="7" cmlx:templateRef="mullik"><list cmlx:templateRef="title"><scalar dataType="xsd:string" dictRef="g:title">Mulliken atomic charges:</scalar></list><list cmlx:templateRef="serial"><scalar dataType="xsd:integer" dictRef="cc:serial">1</scalar></list></module> Sum of Mulliken charges=   0.00000 Sum of Mulliken charges=   0.00000 Electronic spatial extent (au):  &lt;R**2&gt;=    35.4771 Charge=     0.0000 electrons</module><module cmlx:lineCount="18" cmlx:templateRef="multipole"><list cmlx:templateRef="dipoletype"><scalar dataType="xsd:string" dictRef="g:dipoletype">field-independent basis, Debye</scalar></list><list cmlx:templateRef="dipole"><list><scalar dataType="xsd:double" dictRef="x:x">0.0</scalar><scalar dataType="xsd:double" dictRef="x:y">0.0</scalar><scalar dataType="xsd:double" dictRef="x:z">0.0</scalar><scalar dataType="xsd:double" dictRef="x:dipole">0.0</scalar></list></list><list cmlx:templateRef="quadrupoletype"><scalar dataType="xsd:string" dictRef="g:quadpoletype">field-independent basis, Debye-Ang</scalar></list><list cmlx:templateRef="quadrupol"><list><scalar dataType="xsd:double" dictRef="x:x">-8.2514</scalar><scalar dataType="xsd:double" dictRef="x:y">-8.2514</scalar><scalar dataType="xsd:double" dictRef="x:z">-8.2514</scalar></list></list><list cmlx:templateRef="xy"><list><scalar dataType="xsd:double" dictRef="x:x">0.0</scalar><scalar dataType="xsd:double" dictRef="x:y">0.0</scalar><scalar dataType="xsd:double" dictRef="x:z">0.0</scalar></list></list><list cmlx:templateRef="quadrupoletypea"><scalar dataType="xsd:string" dictRef="g:quadpoletype">field-independent basis, Debye-Ang</scalar></list><list cmlx:templateRef="xx"><list><scalar dataType="xsd:double" dictRef="x:x">0.0</scalar><scalar dataType="xsd:double" dictRef="x:y">0.0</scalar><scalar dataType="xsd:double" dictRef="x:z">0.0</scalar></list></list><list cmlx:templateRef="xya"><list><scalar dataType="xsd:double" dictRef="x:x">0.0</scalar><scalar dataType="xsd:double" dictRef="x:y">0.0</scalar><scalar dataType="xsd:double" dictRef="x:z">0.0</scalar></list></list><list cmlx:templateRef="octapoletype"><scalar dataType="xsd:string" dictRef="g:octapoletype">field-independent basis, Debye-Ang**2</scalar></list><list cmlx:templateRef="xxx"><list><scalar dataType="xsd:double" dictRef="x:xxx">0.0</scalar><scalar dataType="xsd:double" dictRef="x:yyy">0.0</scalar><scalar dataType="xsd:double" dictRef="x:zzz">0.0</scalar><scalar dataType="xsd:double" dictRef="x:xyy">0.0</scalar></list></list><list cmlx:templateRef="xxy"><list><scalar dataType="xsd:double" dictRef="x:xxy">0.0</scalar><scalar dataType="xsd:double" dictRef="x:xxz">0.0</scalar><scalar dataType="xsd:double" dictRef="x:xzz">0.0</scalar><scalar dataType="xsd:double" dictRef="x:xzz">0.0</scalar></list></list><list cmlx:templateRef="yyz"><list><scalar dataType="xsd:double" dictRef="x:yyz">0.0</scalar><scalar dataType="xsd:double" dictRef="x:xyz">0.6711</scalar></list></list><list cmlx:templateRef="hexadecapoletype"><scalar dataType="xsd:string" dictRef="g:hexadecapoletype">field-independent basis, Debye-Ang**3</scalar></list><list cmlx:templateRef="xxxx"><list><scalar dataType="xsd:double" dictRef="x:xxxx">-15.7513</scalar><scalar dataType="xsd:double" dictRef="x:yyyy">-15.7513</scalar><scalar dataType="xsd:double" dictRef="x:zzzz">-15.7513</scalar><scalar dataType="xsd:double" dictRef="x:xxxy">0.0</scalar></list></list><list cmlx:templateRef="xxxz"><list><scalar dataType="xsd:double" dictRef="x:xxxz">0.0</scalar><scalar dataType="xsd:double" dictRef="x:yyyx">0.0</scalar><scalar dataType="xsd:double" dictRef="x:yyyz">0.0</scalar><scalar dataType="xsd:double" dictRef="x:zzzx">0.0</scalar></list></list><list cmlx:templateRef="zzzy"><list><scalar dataType="xsd:double" dictRef="x:zzzy">0.0</scalar><scalar dataType="xsd:double" dictRef="x:xxyy">-4.8059</scalar><scalar dataType="xsd:double" dictRef="x:xxzz">-4.8059</scalar><scalar dataType="xsd:double" dictRef="x:yyzz">-4.8059</scalar></list></list><list cmlx:templateRef="xzz"><scalar dataType="xsd:string" dictRef="x:xzz">N-N= 1.339525332293D+01 E-N=-1.198300348205D+02  KE= 4.007106437468D+01</scalar></list></module></module> Symmetry A    KE= 3.429162328199D+01 Symmetry B1   KE= 1.926480364229D+00 Symmetry B2   KE= 1.926480364229D+00 Symmetry B3   KE= 1.926480364229D+00<module cmlx:lineCount="22" cmlx:templateRef="l9999" xmlns:xi="http://www.w3.org/2001/XInclude"><module cmlx:lineCount="1" cmlx:templateRef="ginc1"><list cmlx:templateRef="final"><scalar dataType="xsd:string" dictRef="g:final">Final structure in terms of initial Z-matrix:</scalar></list></module><list cmlx:templateRef="l9999"><scalar dataType="xsd:string" dictRef="x:l9999">C</scalar><scalar dataType="xsd:string" dictRef="x:l9999">H,1,B1</scalar><scalar dataType="xsd:string" dictRef="x:l9999">H,1,B2,2,A1</scalar><scalar dataType="xsd:string" dictRef="x:l9999">H,1,B3,2,A2,3,D1,0</scalar><scalar dataType="xsd:string" dictRef="x:l9999">H,1,B4,2,A3,3,D2,0</scalar><scalar dataType="xsd:string" dictRef="x:l9999">Variables:</scalar><scalar dataType="xsd:string" dictRef="x:l9999">B1=1.09326594</scalar><scalar dataType="xsd:string" dictRef="x:l9999">B2=1.09326594</scalar><scalar dataType="xsd:string" dictRef="x:l9999">B3=1.09326594</scalar><scalar dataType="xsd:string" dictRef="x:l9999">B4=1.09326594</scalar><scalar dataType="xsd:string" dictRef="x:l9999">A1=109.47122063</scalar><scalar dataType="xsd:string" dictRef="x:l9999">A2=109.47122063</scalar><scalar dataType="xsd:string" dictRef="x:l9999">D1=120.</scalar><scalar dataType="xsd:string" dictRef="x:l9999">A3=109.47122063</scalar><scalar dataType="xsd:string" dictRef="x:l9999">D2=-120.</scalar></list><module cmlx:lineCount="6" cmlx:templateRef="ginc1"><list cmlx:templateRef="ginc"><scalar dataType="xsd:string" dictRef="g:ginc1">1\1\GINC-DEEPTHOUGHT\FOpt\RB3LYP\6-31G(d)\C1H4\WWW-DATA\20-Nov-2006\0\</scalar><scalar dataType="xsd:string" dictRef="g:ginc1">\#N B3LYP/6-31G(D) OPT FREQ\\CH4\\0,1\C,0.,0.,0.\H,0.0000000995,0.0000</scalar><scalar dataType="xsd:string" dictRef="g:ginc1">001925,1.09326594\H,1.0307409799,0.0000001096,-0.3644220738\H,-0.51537</scalar><scalar dataType="xsd:string" dictRef="g:ginc1">03892,-0.8926480531,-0.3644217759\H,-0.5153706902,0.892647751,-0.36442</scalar><scalar dataType="xsd:string" dictRef="g:ginc1">20902\\Version=x86-Linux-G03RevB.04\State=1-A1\HF=-40.5183892\RMSD=2.7</scalar><scalar dataType="xsd:string" dictRef="g:ginc1">82e-09\RMSF=8.238e-08\Dipole=0.,0.,0.\PG=TD [O(C1),4C3(H1)]\\@</scalar></list></module></module> THE WHOLE OF SCIENCE IS NOTHING MORE THAN A REFINEMENT OF EVEYDAY THINKING.                                                              -- A. EINSTEIN<module cmlx:lineCount="3" cmlx:templateRef="jobcpu"><list cmlx:templateRef="jobcpu"><scalar dataType="xsd:string" dictRef="x:junk">Job cpu time:  0 days  0 hours  0 minutes 16.2 seconds.</scalar><scalar dataType="xsd:string" dictRef="x:junk">File lengths (MBytes):  RWF=     12 Int=      0 D2E=      0 Chk=      7 Scr=      1</scalar><scalar dataType="xsd:string" dictRef="x:junk">Normal termination of Gaussian 03 at Mon Nov 20 14:40:23 2006.</scalar></list></module><module cmlx:lineCount="28" cmlx:templateRef="link1a" xmlns:xi="http://www.w3.org/2001/XInclude"><list cmlx:templateRef="link1"><scalar dataType="xsd:string" dictRef="g:link1">Link1:  Proceeding to internal job step number  2.</scalar></list><module cmlx:lineCount="3" cmlx:templateRef="l1.keywords"><list cmlx:templateRef="prog"><scalar dataType="xsd:string" dictRef="cc:keywords">#N Geom=AllCheck Guess=Read SCRF=Check GenChk RB3LYP/6-31G(d) Freq</scalar><scalar dataType="xsd:string" dictRef="cc:keywords">------------------------------------------------------------------</scalar></list></module><module cmlx:lineCount="6" cmlx:templateRef="l1.control"><list cmlx:templateRef="control"><scalar dataType="xsd:string" dictRef="g:control">1/10=4,29=7,30=1,38=1,40=1,46=1/1,3;</scalar><scalar dataType="xsd:string" dictRef="g:control">2/40=1/2;</scalar><scalar dataType="xsd:string" dictRef="g:control">3/5=1,6=6,7=1,11=2,16=1,25=1,30=1,70=2,71=2,74=-5/1,2,3;</scalar><scalar dataType="xsd:string" dictRef="g:control">4/5=1,7=1/1;</scalar><scalar dataType="xsd:string" dictRef="g:control">5/5=2,38=6/2;</scalar><scalar dataType="xsd:string" dictRef="g:control">8/6=4,10=90,11=11/1;</scalar></list></module> 11/6=1,8=1,9=11,15=111,16=1/1,2,10; 10/6=1/2; 6/7=2,8=2,9=2,10=2,18=1,28=1/1; 7/8=1,10=1,25=1/1,2,3,16; 1/10=4,30=1,46=1/3; 99//99; --- CH4 ---<module cmlx:lineCount="2" cmlx:templateRef="l101.redundant"><list cmlx:templateRef="redundant"><scalar dataType="xsd:string" dictRef="g:redundant">Redundant internal coordinates taken from checkpoint file:</scalar></list><list cmlx:templateRef="checkpoint"><scalar dataType="xsd:string" dictRef="g:checkpoint">/tmp/webmo/1/Gau-28333.chk</scalar></list></module><module cmlx:lineCount="6" cmlx:templateRef="l101.zmata"><list cmlx:templateRef="chargemult"><list><scalar dataType="xsd:integer" dictRef="x:formalCharge">0</scalar><scalar dataType="xsd:integer" dictRef="x:multiplicity">1</scalar></list></list><list cmlx:lineCount="5" cmlx:templateRef="atom"><array dataType="xsd:string" dictRef="cc:elementType" size="5">C H H H H</array><array dataType="xsd:integer" dictRef="g:type" size="5">0 0 0 0 0</array><array dataType="xsd:double" dictRef="cc:x3" size="5">0.0 9.95E-8 1.0307409799 -0.5153703892 -0.5153706902</array><array dataType="xsd:double" dictRef="cc:y3" size="5">0.0 1.925E-7 1.096E-7 -0.8926480531 0.892647751</array><array dataType="xsd:double" dictRef="cc:z3" size="5">0.0 1.09326594 -0.3644220738 -0.3644217759 -0.3644220902</array></list></module><list cmlx:templateRef="link1a"><scalar dataType="xsd:string" dictRef="g:link1a">Recover connectivity data from disk.</scalar></list></module><module cmlx:lineCount="23" cmlx:templateRef="l103" xmlns:xi="http://www.w3.org/2001/XInclude"><list cmlx:templateRef="berny"><scalar dataType="xsd:string" dictRef="g:optimization">Initialization pass.</scalar></list><module cmlx:lineCount="16" cmlx:templateRef="l103.init"><list cmlx:templateRef="length"><list><scalar dataType="xsd:string" dictRef="g:symbol">R1</scalar><scalar dataType="xsd:integer" dictRef="g:atom1">1</scalar><scalar dataType="xsd:integer" dictRef="g:atom2">2</scalar><scalar dataType="xsd:double" dictRef="cc:distance">1.0933</scalar><scalar dataType="xsd:string" dictRef="g:deriv">calculate D2E/DX2 analytically</scalar></list><list><scalar dataType="xsd:string" dictRef="g:symbol">R2</scalar><scalar dataType="xsd:integer" dictRef="g:atom1">1</scalar><scalar dataType="xsd:integer" dictRef="g:atom2">3</scalar><scalar dataType="xsd:double" dictRef="cc:distance">1.0933</scalar><scalar dataType="xsd:string" dictRef="g:deriv">calculate D2E/DX2 analytically</scalar></list><list><scalar dataType="xsd:string" dictRef="g:symbol">R3</scalar><scalar dataType="xsd:integer" dictRef="g:atom1">1</scalar><scalar dataType="xsd:integer" dictRef="g:atom2">4</scalar><scalar dataType="xsd:double" dictRef="cc:distance">1.0933</scalar><scalar dataType="xsd:string" dictRef="g:deriv">calculate D2E/DX2 analytically</scalar></list><list><scalar dataType="xsd:string" dictRef="g:symbol">R4</scalar><scalar dataType="xsd:integer" dictRef="g:atom1">1</scalar><scalar dataType="xsd:integer" dictRef="g:atom2">5</scalar><scalar dataType="xsd:double" dictRef="cc:distance">1.0933</scalar><scalar dataType="xsd:string" dictRef="g:deriv">calculate D2E/DX2 analytically</scalar></list></list><list cmlx:templateRef="angle"><list><scalar dataType="xsd:string" dictRef="g:symbol">A1</scalar><scalar dataType="xsd:integer" dictRef="g:atom1">2</scalar><scalar dataType="xsd:integer" dictRef="g:atom2">1</scalar><scalar dataType="xsd:integer" dictRef="g:atom3">3</scalar><scalar dataType="xsd:double" dictRef="cc:angle">109.4712</scalar><scalar dataType="xsd:string" dictRef="g:deriv">calculate D2E/DX2 analytically</scalar></list><list><scalar dataType="xsd:string" dictRef="g:symbol">A2</scalar><scalar dataType="xsd:integer" dictRef="g:atom1">2</scalar><scalar dataType="xsd:integer" dictRef="g:atom2">1</scalar><scalar dataType="xsd:integer" dictRef="g:atom3">4</scalar><scalar dataType="xsd:double" dictRef="cc:angle">109.4712</scalar><scalar dataType="xsd:string" dictRef="g:deriv">calculate D2E/DX2 analytically</scalar></list><list><scalar dataType="xsd:string" dictRef="g:symbol">A3</scalar><scalar dataType="xsd:integer" dictRef="g:atom1">2</scalar><scalar dataType="xsd:integer" dictRef="g:atom2">1</scalar><scalar dataType="xsd:integer" dictRef="g:atom3">5</scalar><scalar dataType="xsd:double" dictRef="cc:angle">109.4712</scalar><scalar dataType="xsd:string" dictRef="g:deriv">calculate D2E/DX2 analytically</scalar></list><list><scalar dataType="xsd:string" dictRef="g:symbol">A4</scalar><scalar dataType="xsd:integer" dictRef="g:atom1">3</scalar><scalar dataType="xsd:integer" dictRef="g:atom2">1</scalar><scalar dataType="xsd:integer" dictRef="g:atom3">4</scalar><scalar dataType="xsd:double" dictRef="cc:angle">109.4712</scalar><scalar dataType="xsd:string" dictRef="g:deriv">calculate D2E/DX2 analytically</scalar></list><list><scalar dataType="xsd:string" dictRef="g:symbol">A5</scalar><scalar dataType="xsd:integer" dictRef="g:atom1">3</scalar><scalar dataType="xsd:integer" dictRef="g:atom2">1</scalar><scalar dataType="xsd:integer" dictRef="g:atom3">5</scalar><scalar dataType="xsd:double" dictRef="cc:angle">109.4712</scalar><scalar dataType="xsd:string" dictRef="g:deriv">calculate D2E/DX2 analytically</scalar></list><list><scalar dataType="xsd:string" dictRef="g:symbol">A6</scalar><scalar dataType="xsd:integer" dictRef="g:atom1">4</scalar><scalar dataType="xsd:integer" dictRef="g:atom2">1</scalar><scalar dataType="xsd:integer" dictRef="g:atom3">5</scalar><scalar dataType="xsd:double" dictRef="cc:angle">109.4712</scalar><scalar dataType="xsd:string" dictRef="g:deriv">calculate D2E/DX2 analytically</scalar></list></list></module> --------------------------------------------------------------------------------<module cmlx:lineCount="2" cmlx:templateRef="l103.trust"><list cmlx:templateRef="length"><list><scalar dataType="xsd:double" dictRef="g:trustrad">0.3</scalar><scalar dataType="xsd:double" dictRef="g:fncerr">1.0E-7</scalar><scalar dataType="xsd:double" dictRef="g:grderr">1.0E-7</scalar></list></list><list cmlx:templateRef="angle"><list><scalar dataType="xsd:integer" dictRef="g:nstep">2</scalar><scalar dataType="xsd:integer" dictRef="g:allowedstep">2</scalar></list></list></module> GradGradGradGradGradGradGradGradGradGradGradGradGradGradGradGradGradGrad</module><module cmlx:lineCount="11" cmlx:templateRef="l202.orient"><list cmlx:templateRef="type"><scalar dataType="xsd:string" dictRef="g:type">Input</scalar></list><list cmlx:lineCount="5" cmlx:templateRef="atom"><array dataType="xsd:integer" dictRef="cc:serial" size="5">1 2 3 4 5</array><array dataType="xsd:integer" dictRef="cc:elementType" size="5">6 1 1 1 1</array><array dataType="xsd:integer" dictRef="g:atomicType" size="5">0 0 0 0 0</array><array dataType="xsd:double" dictRef="cc:x3" size="5">0.0 0.0 1.030741 -0.51537 -0.515371</array><array dataType="xsd:double" dictRef="cc:y3" size="5">0.0 0.0 0.0 -0.892648 0.892648</array><array dataType="xsd:double" dictRef="cc:z3" size="5">0.0 1.093266 -0.364422 -0.364422 -0.364422</array></list></module><module cmlx:lineCount="7" cmlx:templateRef="l202.distmat"><list cmlx:templateRef="atom"><list><scalar dataType="xsd:integer" dictRef="cc:serial">1</scalar><scalar dataType="xsd:string" dictRef="cc:elementType">C</scalar><scalar dataType="xsd:string" dictRef="cc:distances">0.000000</scalar></list><list><scalar dataType="xsd:integer" dictRef="cc:serial">2</scalar><scalar dataType="xsd:string" dictRef="cc:elementType">H</scalar><scalar dataType="xsd:string" dictRef="cc:distances">1.093266   0.000000</scalar></list><list><scalar dataType="xsd:integer" dictRef="cc:serial">3</scalar><scalar dataType="xsd:string" dictRef="cc:elementType">H</scalar><scalar dataType="xsd:string" dictRef="cc:distances">1.093266   1.785296   0.000000</scalar></list><list><scalar dataType="xsd:integer" dictRef="cc:serial">4</scalar><scalar dataType="xsd:string" dictRef="cc:elementType">H</scalar><scalar dataType="xsd:string" dictRef="cc:distances">1.093266   1.785296   1.785296   0.000000</scalar></list><list><scalar dataType="xsd:integer" dictRef="cc:serial">5</scalar><scalar dataType="xsd:string" dictRef="cc:elementType">H</scalar><scalar dataType="xsd:string" dictRef="cc:distances">1.093266   1.785296   1.785296   1.785296   0.000000</scalar></list></list></module><module cmlx:lineCount="6" cmlx:templateRef="l202.stoich"><list cmlx:templateRef="stoich"><scalar dataType="xsd:string" dictRef="cc:formula">CH4</scalar></list><list cmlx:templateRef="framework"><scalar dataType="xsd:string" dictRef="cc:frameworkgroup">TD[O(C),4C3(H)]</scalar></list><list cmlx:templateRef="degfreedom"><scalar dataType="xsd:integer" dictRef="cc:degfreedom">1</scalar></list><list cmlx:templateRef="pointgroup"><list><scalar dataType="xsd:string" dictRef="cc:pointgroup">TD</scalar><scalar dataType="xsd:integer" dictRef="cc:operatorcount">24</scalar></list></list><list cmlx:templateRef="largestabelian"><list><scalar dataType="xsd:string" dictRef="cc:largestabelian">D2</scalar><scalar dataType="xsd:integer" dictRef="cc:operatorcount">4</scalar></list></list><list cmlx:templateRef="largestconciseabelian"><list><scalar dataType="xsd:string" dictRef="cc:largestconciseabelian">D2</scalar><scalar dataType="xsd:integer" dictRef="cc:operatorcount">4</scalar></list></list></module><module cmlx:lineCount="11" cmlx:templateRef="l202.orient"><list cmlx:templateRef="type"><scalar dataType="xsd:string" dictRef="g:type">Standard</scalar></list><list cmlx:lineCount="5" cmlx:templateRef="atom"><array dataType="xsd:integer" dictRef="cc:serial" size="5">1 2 3 4 5</array><array dataType="xsd:integer" dictRef="cc:elementType" size="5">6 1 1 1 1</array><array dataType="xsd:integer" dictRef="g:atomicType" size="5">0 0 0 0 0</array><array dataType="xsd:double" dictRef="cc:x3" size="5">0.0 0.631197 -0.631197 -0.631197 0.631197</array><array dataType="xsd:double" dictRef="cc:y3" size="5">0.0 0.631197 -0.631197 0.631197 -0.631197</array><array dataType="xsd:double" dictRef="cc:z3" size="5">0.0 0.631197 0.631197 -0.631197 -0.631197</array></list></module><module cmlx:lineCount="1" cmlx:templateRef="l202.rotconst"/><module cmlx:lineCount="12" cmlx:templateRef="l301.basis"><list cmlx:templateRef="basis"><list><scalar dataType="xsd:string" dictRef="cc:basis">6-31G(d)</scalar><scalar dataType="xsd:string" dictRef="cc:diffuse">(6D, 7F)</scalar></list></list><list cmlx:templateRef="symmadapt"><list><scalar dataType="xsd:integer" dictRef="cc:adapted">8</scalar><scalar dataType="xsd:string" dictRef="cc:symm">A</scalar></list><list><scalar dataType="xsd:integer" dictRef="cc:adapted">5</scalar><scalar dataType="xsd:string" dictRef="cc:symm">B1</scalar></list><list><scalar dataType="xsd:integer" dictRef="cc:adapted">5</scalar><scalar dataType="xsd:string" dictRef="cc:symm">B2</scalar></list><list><scalar dataType="xsd:integer" dictRef="cc:adapted">5</scalar><scalar dataType="xsd:string" dictRef="cc:symm">B3</scalar></list></list><list cmlx:templateRef="buffer"><scalar dataType="xsd:integer" dictRef="g:buffer">262144</scalar></list><list cmlx:templateRef="raff"><scalar dataType="xsd:string" dictRef="g:raffenetti">Raffenetti</scalar></list><list cmlx:templateRef="twoe"><scalar dataType="xsd:string" dictRef="g:twoe">Two-electron</scalar></list><list cmlx:templateRef="basiscount"><list><scalar dataType="xsd:integer" dictRef="cc:basiscount">23</scalar><scalar dataType="xsd:integer" dictRef="g:primbasis">44</scalar><scalar dataType="xsd:integer" dictRef="cc:cartesianbasis">23</scalar></list></list><list cmlx:templateRef="alphabeta"><list><scalar dataType="xsd:integer" dictRef="cc:alphae">5</scalar><scalar dataType="xsd:integer" dictRef="cc:betae">5</scalar></list></list> NAtoms=    5 NActive=    5 NUniq=    2 SFac= 5.66D+00 NAtFMM=   60 Big=F</module><module cmlx:lineCount="1" cmlx:templateRef="l302.basis"><list cmlx:templateRef="onee"><scalar dataType="xsd:string" dictRef="g:onee">One-electron integrals</scalar></list></module> NBasis=    23 RedAO= T  NBF=     8     5     5     5 NBsUse=    23 1.00D-06 NBFU=     8     5     5     5 Initial guess read from the checkpoint file: /tmp/webmo/1/Gau-28333.chk<module cmlx:lineCount="1" cmlx:templateRef="l401.orbsym"><list cmlx:templateRef="l401"><scalar dataType="xsd:string" dictRef="g:l401">Initial guess orbital symmetries:</scalar></list></module>       Occupied  (A1) (A1) (T2) (T2) (T2)       Virtual   (A1) (T2) (T2) (T2) (T2) (T2) (T2) (T2) (T2) (T2)                 (A1) (A1) (E) (E) (T2) (T2) (T2) (A1) Requested convergence on RMS density matrix=1.00D-08 within 128 cycles. Requested convergence on MAX density matrix=1.00D-06. Requested convergence on             energy=1.00D-06. No special actions if energy rises. Keep R1 integrals in memory in canonical form, NReq=      533869. A guess orbital has undefined symmetry, so N**3 symmetry is turned off. SCF Done:  E(RB+HF-LYP) =  -40.5183891676     A.U. after    1 cycles             Convg  =    0.8723D-10             -V/T =  2.0112             S**2   =   0.0000 Range of M.O.s used for correlation:     1    23 NBasis=    23 NAE=     5 NBE=     5 NFC=     0 NFV=     0 NROrb=     23 NOA=     5 NOB=     5 NVA=    18 NVB=    18 Symmetrizing basis deriv contribution to polar: IMax=3 JMax=2 DiffMx= 0.00D+00 G2DrvN: will do    6 centers at a time, making    1 passes doing MaxLOS=2. FoFDir/FoFCou used for L=0 through L=2.          Differentiating once with respect to electric field.                with respect to dipole field.          Differentiating once with respect to nuclear coordinates.          Store integrals in memory, NReq=      468998.          There are   9 degrees of freedom in the 1st order CPHF.     9 vectors were produced by pass  0. AX will form   9 AO Fock derivatives at one time.     9 vectors were produced by pass  1.     9 vectors were produced by pass  2.     9 vectors were produced by pass  3.     9 vectors were produced by pass  4.     4 vectors were produced by pass  5. Inv2:  IOpt= 1 Iter= 1 AM= 9.24D-16 Conv= 1.00D-12. Inverted reduced A of dimension   49 with in-core refinement. Isotropic polarizability for W=    0.000000       12.35 Bohr**3. End of Minotr Frequency-dependent properties file   721 does not exist.<module cmlx:lineCount="75" cmlx:templateRef="l601.popanal" xmlns:xi="http://www.w3.org/2001/XInclude"> **********************************************************************            Population analysis using the SCF density. **********************************************************************<module cmlx:lineCount="1" cmlx:templateRef="orbitalsym"/><list cmlx:templateRef="popanal"><scalar dataType="xsd:string" dictRef="x:popanal">Occupied  (A1) (A1) (T2) (T2) (T2)</scalar><scalar dataType="xsd:string" dictRef="x:popanal">Virtual   (A1) (T2) (T2) (T2) (T2) (T2) (T2) (T2) (T2) (T2)</scalar><scalar dataType="xsd:string" dictRef="x:popanal">(A1) (A1) (E) (E) (T2) (T2) (T2) (A1)</scalar><scalar dataType="xsd:string" dictRef="x:popanal">The electronic state is 1-A1.</scalar><scalar dataType="xsd:string" dictRef="x:popanal">Alpha  occ. eigenvalues --  -10.16695  -0.69030  -0.38907  -0.38907  -0.38907</scalar><scalar dataType="xsd:string" dictRef="x:popanal">Alpha virt. eigenvalues --    0.11792   0.17654   0.17654   0.17654   0.53325</scalar><scalar dataType="xsd:string" dictRef="x:popanal">Alpha virt. eigenvalues --    0.53325   0.53325   0.89773   0.89773   0.89773</scalar><scalar dataType="xsd:string" dictRef="x:popanal">Alpha virt. eigenvalues --    0.94747   1.09984   1.65652   1.65652   2.24362</scalar><scalar dataType="xsd:string" dictRef="x:popanal">Alpha virt. eigenvalues --    2.24362   2.24362   4.17917</scalar></list><module cmlx:lineCount="7" cmlx:templateRef="condensed"><list cmlx:templateRef="serial"><scalar dataType="xsd:string" dictRef="x:intarr">1          2          3          4          5</scalar></list><list cmlx:templateRef="row"><list><scalar dataType="xsd:integer" dictRef="cc:serial">1</scalar><scalar dataType="xsd:string" dictRef="cc:elementType">C</scalar><scalar dataType="xsd:string" dictRef="x:floatArr">5.093134   0.383778   0.383778   0.383778   0.383778</scalar></list><list><scalar dataType="xsd:integer" dictRef="cc:serial">2</scalar><scalar dataType="xsd:string" dictRef="cc:elementType">H</scalar><scalar dataType="xsd:string" dictRef="x:floatArr">0.383778   0.539529  -0.026790  -0.026790  -0.026790</scalar></list><list><scalar dataType="xsd:integer" dictRef="cc:serial">3</scalar><scalar dataType="xsd:string" dictRef="cc:elementType">H</scalar><scalar dataType="xsd:string" dictRef="x:floatArr">0.383778  -0.026790   0.539529  -0.026790  -0.026790</scalar></list><list><scalar dataType="xsd:integer" dictRef="cc:serial">4</scalar><scalar dataType="xsd:string" dictRef="cc:elementType">H</scalar><scalar dataType="xsd:string" dictRef="x:floatArr">0.383778  -0.026790  -0.026790   0.539529  -0.026790</scalar></list><list><scalar dataType="xsd:integer" dictRef="cc:serial">5</scalar><scalar dataType="xsd:string" dictRef="cc:elementType">H</scalar><scalar dataType="xsd:string" dictRef="x:floatArr">0.383778  -0.026790  -0.026790  -0.026790   0.539529</scalar></list></list></module><module cmlx:lineCount="34" cmlx:templateRef="mulliken"><module cmlx:lineCount="7" cmlx:templateRef="mullik"><list cmlx:templateRef="title"><scalar dataType="xsd:string" dictRef="g:title">Mulliken atomic charges:</scalar></list><list cmlx:templateRef="serial"><scalar dataType="xsd:integer" dictRef="cc:serial">1</scalar></list></module> Sum of Mulliken charges=   0.00000<module cmlx:lineCount="7" cmlx:templateRef="mullik"><list cmlx:templateRef="title"><scalar dataType="xsd:string" dictRef="g:title">Atomic charges with hydrogens summed into heavy atoms:</scalar></list><list cmlx:templateRef="serial"><scalar dataType="xsd:integer" dictRef="cc:serial">1</scalar></list></module> Sum of Mulliken charges=   0.00000<module cmlx:lineCount="7" cmlx:templateRef="mullik"><list cmlx:templateRef="title"><scalar dataType="xsd:string" dictRef="g:title">APT atomic charges:</scalar></list><list cmlx:templateRef="serial"><scalar dataType="xsd:integer" dictRef="cc:serial">1</scalar></list></module> Sum of APT charges=   0.00000 Sum of APT charges=   0.00000 Electronic spatial extent (au):  &lt;R**2&gt;=    35.4771 Charge=     0.0000 electrons</module><module cmlx:lineCount="18" cmlx:templateRef="multipole"><list cmlx:templateRef="dipoletype"><scalar dataType="xsd:string" dictRef="g:dipoletype">field-independent basis, Debye</scalar></list><list cmlx:templateRef="dipole"><list><scalar dataType="xsd:double" dictRef="x:x">0.0</scalar><scalar dataType="xsd:double" dictRef="x:y">0.0</scalar><scalar dataType="xsd:double" dictRef="x:z">0.0</scalar><scalar dataType="xsd:double" dictRef="x:dipole">0.0</scalar></list></list><list cmlx:templateRef="quadrupoletype"><scalar dataType="xsd:string" dictRef="g:quadpoletype">field-independent basis, Debye-Ang</scalar></list><list cmlx:templateRef="quadrupol"><list><scalar dataType="xsd:double" dictRef="x:x">-8.2514</scalar><scalar dataType="xsd:double" dictRef="x:y">-8.2514</scalar><scalar dataType="xsd:double" dictRef="x:z">-8.2514</scalar></list></list><list cmlx:templateRef="xy"><list><scalar dataType="xsd:double" dictRef="x:x">0.0</scalar><scalar dataType="xsd:double" dictRef="x:y">0.0</scalar><scalar dataType="xsd:double" dictRef="x:z">0.0</scalar></list></list><list cmlx:templateRef="quadrupoletypea"><scalar dataType="xsd:string" dictRef="g:quadpoletype">field-independent basis, Debye-Ang</scalar></list><list cmlx:templateRef="xx"><list><scalar dataType="xsd:double" dictRef="x:x">0.0</scalar><scalar dataType="xsd:double" dictRef="x:y">0.0</scalar><scalar dataType="xsd:double" dictRef="x:z">0.0</scalar></list></list><list cmlx:templateRef="xya"><list><scalar dataType="xsd:double" dictRef="x:x">0.0</scalar><scalar dataType="xsd:double" dictRef="x:y">0.0</scalar><scalar dataType="xsd:double" dictRef="x:z">0.0</scalar></list></list><list cmlx:templateRef="octapoletype"><scalar dataType="xsd:string" dictRef="g:octapoletype">field-independent basis, Debye-Ang**2</scalar></list><list cmlx:templateRef="xxx"><list><scalar dataType="xsd:double" dictRef="x:xxx">0.0</scalar><scalar dataType="xsd:double" dictRef="x:yyy">0.0</scalar><scalar dataType="xsd:double" dictRef="x:zzz">0.0</scalar><scalar dataType="xsd:double" dictRef="x:xyy">0.0</scalar></list></list><list cmlx:templateRef="xxy"><list><scalar dataType="xsd:double" dictRef="x:xxy">0.0</scalar><scalar dataType="xsd:double" dictRef="x:xxz">0.0</scalar><scalar dataType="xsd:double" dictRef="x:xzz">0.0</scalar><scalar dataType="xsd:double" dictRef="x:xzz">0.0</scalar></list></list><list cmlx:templateRef="yyz"><list><scalar dataType="xsd:double" dictRef="x:yyz">0.0</scalar><scalar dataType="xsd:double" dictRef="x:xyz">0.6711</scalar></list></list><list cmlx:templateRef="hexadecapoletype"><scalar dataType="xsd:string" dictRef="g:hexadecapoletype">field-independent basis, Debye-Ang**3</scalar></list><list cmlx:templateRef="xxxx"><list><scalar dataType="xsd:double" dictRef="x:xxxx">-15.7513</scalar><scalar dataType="xsd:double" dictRef="x:yyyy">-15.7513</scalar><scalar dataType="xsd:double" dictRef="x:zzzz">-15.7513</scalar><scalar dataType="xsd:double" dictRef="x:xxxy">0.0</scalar></list></list><list cmlx:templateRef="xxxz"><list><scalar dataType="xsd:double" dictRef="x:xxxz">0.0</scalar><scalar dataType="xsd:double" dictRef="x:yyyx">0.0</scalar><scalar dataType="xsd:double" dictRef="x:yyyz">0.0</scalar><scalar dataType="xsd:double" dictRef="x:zzzx">0.0</scalar></list></list><list cmlx:templateRef="zzzy"><list><scalar dataType="xsd:double" dictRef="x:zzzy">0.0</scalar><scalar dataType="xsd:double" dictRef="x:xxyy">-4.8059</scalar><scalar dataType="xsd:double" dictRef="x:xxzz">-4.8059</scalar><scalar dataType="xsd:double" dictRef="x:yyzz">-4.8059</scalar></list></list><list cmlx:templateRef="xzz"><scalar dataType="xsd:string" dictRef="x:xzz">N-N= 1.339525332293D+01 E-N=-1.198300348401D+02  KE= 4.007106438429D+01</scalar></list></module></module> Symmetry A    KE= 3.429162328730D+01 Symmetry B1   KE= 1.926480365664D+00 Symmetry B2   KE= 1.926480365664D+00 Symmetry B3   KE= 1.926480365664D+00  Exact polarizability:  12.353   0.000  12.353   0.000   0.000  12.353 Approx polarizability:  14.598   0.000  14.598   0.000   0.000  14.598<module cmlx:lineCount="46" cmlx:templateRef="forcematrix" xmlns:xi="http://www.w3.org/2001/XInclude"><list cmlx:templateRef="forcematrix"><scalar dataType="xsd:string" dictRef="x:forcematrix">Full mass-weighted force constant matrix:</scalar><scalar dataType="xsd:string" dictRef="x:forcematrix">Low frequencies ---   -0.0016   -0.0004   -0.0003   62.9948   62.9948   62.9948</scalar><scalar dataType="xsd:string" dictRef="x:forcematrix">Low frequencies --- 1373.4987 1373.4987 1373.4987</scalar><scalar dataType="xsd:string" dictRef="x:forcematrix">Diagonal vibrational polarizability:</scalar><scalar dataType="xsd:string" dictRef="x:forcematrix">0.2910722       0.2910722       0.2910722</scalar><scalar dataType="xsd:string" dictRef="x:forcematrix">Harmonic frequencies (cm**-1), IR intensities (KM/Mole), Raman scattering</scalar><scalar dataType="xsd:string" dictRef="x:forcematrix">activities (A**4/AMU), depolarization ratios for plane and unpolarized</scalar><scalar dataType="xsd:string" dictRef="x:forcematrix">incident light, reduced masses (AMU), force constants (mDyne/A),</scalar><scalar dataType="xsd:string" dictRef="x:forcematrix">and normal coordinates:</scalar><scalar dataType="xsd:string" dictRef="x:forcematrix">1                      2                      3</scalar><scalar dataType="xsd:string" dictRef="x:forcematrix">T2                     T2                     T2</scalar><scalar dataType="xsd:string" dictRef="x:forcematrix">Frequencies --  1373.4987              1373.4987              1373.4987</scalar><scalar dataType="xsd:string" dictRef="x:forcematrix">Red. masses --     1.1787                 1.1787                 1.1787</scalar><scalar dataType="xsd:string" dictRef="x:forcematrix">Frc consts  --     1.3101                 1.3101                 1.3101</scalar><scalar dataType="xsd:string" dictRef="x:forcematrix">IR Inten    --    15.4253                15.4253                15.4253</scalar><scalar dataType="xsd:string" dictRef="x:forcematrix">Atom AN      X      Y      Z        X      Y      Z        X      Y      Z</scalar><scalar dataType="xsd:string" dictRef="x:forcematrix">1   6     0.00   0.00   0.12     0.03   0.12   0.00     0.12  -0.03   0.00</scalar><scalar dataType="xsd:string" dictRef="x:forcematrix">2   1     0.23   0.23  -0.36     0.11  -0.30   0.30    -0.43   0.32   0.17</scalar><scalar dataType="xsd:string" dictRef="x:forcematrix">3   1    -0.24  -0.24  -0.39     0.13  -0.28  -0.27    -0.42   0.33  -0.15</scalar><scalar dataType="xsd:string" dictRef="x:forcematrix">4   1     0.21  -0.25  -0.37    -0.34  -0.41  -0.14    -0.30  -0.11   0.30</scalar><scalar dataType="xsd:string" dictRef="x:forcematrix">5   1    -0.25   0.21  -0.37    -0.32  -0.43   0.17    -0.29  -0.13  -0.28</scalar><scalar dataType="xsd:string" dictRef="x:forcematrix">4                      5                      6</scalar><scalar dataType="xsd:string" dictRef="x:forcematrix">E                      E                     A1</scalar><scalar dataType="xsd:string" dictRef="x:forcematrix">Frequencies --  1593.9619              1593.9619              3053.5976</scalar><scalar dataType="xsd:string" dictRef="x:forcematrix">Red. masses --     1.0078                 1.0078                 1.0078</scalar><scalar dataType="xsd:string" dictRef="x:forcematrix">Frc consts  --     1.5087                 1.5087                 5.5368</scalar><scalar dataType="xsd:string" dictRef="x:forcematrix">IR Inten    --     0.0000                 0.0000                 0.0000</scalar><scalar dataType="xsd:string" dictRef="x:forcematrix">Atom AN      X      Y      Z        X      Y      Z        X      Y      Z</scalar><scalar dataType="xsd:string" dictRef="x:forcematrix">1   6     0.00   0.00   0.00     0.00   0.00   0.00     0.00   0.00   0.00</scalar><scalar dataType="xsd:string" dictRef="x:forcematrix">2   1     0.40  -0.28  -0.12    -0.09  -0.30   0.39    -0.29  -0.29  -0.29</scalar><scalar dataType="xsd:string" dictRef="x:forcematrix">3   1    -0.40   0.28  -0.12     0.09   0.30   0.39     0.29   0.29  -0.29</scalar><scalar dataType="xsd:string" dictRef="x:forcematrix">4   1    -0.40  -0.28   0.12     0.09  -0.30  -0.39     0.29  -0.29   0.29</scalar><scalar dataType="xsd:string" dictRef="x:forcematrix">5   1     0.40   0.28   0.12    -0.09   0.30  -0.39    -0.29   0.29   0.29</scalar><scalar dataType="xsd:string" dictRef="x:forcematrix">7                      8                      9</scalar><scalar dataType="xsd:string" dictRef="x:forcematrix">T2                     T2                     T2</scalar><scalar dataType="xsd:string" dictRef="x:forcematrix">Frequencies --  3163.9228              3163.9228              3163.9228</scalar><scalar dataType="xsd:string" dictRef="x:forcematrix">Red. masses --     1.1019                 1.1019                 1.1019</scalar><scalar dataType="xsd:string" dictRef="x:forcematrix">Frc consts  --     6.4991                 6.4991                 6.4991</scalar><scalar dataType="xsd:string" dictRef="x:forcematrix">IR Inten    --    26.4210                26.4210                26.4210</scalar><scalar dataType="xsd:string" dictRef="x:forcematrix">Atom AN      X      Y      Z        X      Y      Z        X      Y      Z</scalar><scalar dataType="xsd:string" dictRef="x:forcematrix">1   6     0.09   0.00   0.00     0.00   0.09   0.00     0.00   0.00   0.09</scalar><scalar dataType="xsd:string" dictRef="x:forcematrix">2   1    -0.28  -0.30  -0.30    -0.28  -0.26  -0.28    -0.30  -0.30  -0.28</scalar><scalar dataType="xsd:string" dictRef="x:forcematrix">3   1    -0.28  -0.30   0.30    -0.29  -0.28   0.29     0.29   0.29  -0.27</scalar><scalar dataType="xsd:string" dictRef="x:forcematrix">4   1    -0.27   0.29  -0.29     0.31  -0.29   0.31    -0.29   0.29  -0.27</scalar><scalar dataType="xsd:string" dictRef="x:forcematrix">5   1    -0.27   0.29   0.29     0.29  -0.27  -0.29     0.30  -0.30  -0.28</scalar><scalar dataType="xsd:string" dictRef="x:forcematrix"/></list></module><module cmlx:lineCount="25" cmlx:templateRef="l101" xmlns:xi="http://www.w3.org/2001/XInclude"><list cmlx:templateRef="rest"><scalar dataType="xsd:string" dictRef="x:l101">-------------------</scalar><scalar dataType="xsd:string" dictRef="x:l101">- Thermochemistry -</scalar><scalar dataType="xsd:string" dictRef="x:l101">-------------------</scalar><scalar dataType="xsd:string" dictRef="x:l101">Temperature   298.150 Kelvin.  Pressure   1.00000 Atm.</scalar><scalar dataType="xsd:string" dictRef="x:l101">Atom  1 has atomic number  6 and mass  12.00000</scalar><scalar dataType="xsd:string" dictRef="x:l101">Atom  2 has atomic number  1 and mass   1.00783</scalar><scalar dataType="xsd:string" dictRef="x:l101">Atom  3 has atomic number  1 and mass   1.00783</scalar><scalar dataType="xsd:string" dictRef="x:l101">Atom  4 has atomic number  1 and mass   1.00783</scalar><scalar dataType="xsd:string" dictRef="x:l101">Atom  5 has atomic number  1 and mass   1.00783</scalar><scalar dataType="xsd:string" dictRef="x:l101">Molecular mass:    16.03130 amu.</scalar><scalar dataType="xsd:string" dictRef="x:l101">Principal axes and moments of inertia in atomic units:</scalar><scalar dataType="xsd:string" dictRef="x:l101">1         2         3</scalar><scalar dataType="xsd:string" dictRef="x:l101">EIGENVALUES --    11.47105  11.47105  11.47105</scalar><scalar dataType="xsd:string" dictRef="x:l101">X            0.00000   0.00000   1.00000</scalar><scalar dataType="xsd:string" dictRef="x:l101">Y            0.00000   1.00000   0.00000</scalar><scalar dataType="xsd:string" dictRef="x:l101">Z            1.00000   0.00000   0.00000</scalar><scalar dataType="xsd:string" dictRef="x:l101">This molecule is a spherical top.</scalar><scalar dataType="xsd:string" dictRef="x:l101">Rotational symmetry number 12.</scalar><scalar dataType="xsd:string" dictRef="x:l101">Rotational temperatures (Kelvin)      7.55064     7.55064     7.55064</scalar><scalar dataType="xsd:string" dictRef="x:l101">Rotational constants (GHZ):         157.33005   157.33005   157.33005</scalar><scalar dataType="xsd:string" dictRef="x:l101">Zero-point vibrational energy     118752.0 (Joules/Mol)</scalar><scalar dataType="xsd:string" dictRef="x:l101">28.38241 (Kcal/Mol)</scalar><scalar dataType="xsd:string" dictRef="x:l101">Vibrational temperatures:   1976.16  1976.16  1976.16  2293.35  2293.35</scalar><scalar dataType="xsd:string" dictRef="x:l101">(Kelvin)           4393.44  4552.17  4552.17  4552.17</scalar><scalar dataType="xsd:string" dictRef="x:l101"/></list></module><module cmlx:lineCount="9" cmlx:templateRef="zeropoint" xmlns:xi="http://www.w3.org/2001/XInclude"><list cmlx:templateRef="zeropoint"><list><scalar dataType="xsd:string" dictRef="x:name">Zero-point correction</scalar><scalar dataType="xsd:double" dictRef="x:value">0.04523</scalar></list><list><scalar dataType="xsd:string" dictRef="x:name">Thermal correction to Energy</scalar><scalar dataType="xsd:double" dictRef="x:value">0.048094</scalar></list><list><scalar dataType="xsd:string" dictRef="x:name">Thermal correction to Enthalpy</scalar><scalar dataType="xsd:double" dictRef="x:value">0.049039</scalar></list><list><scalar dataType="xsd:string" dictRef="x:name">Thermal correction to Gibbs Free Energy</scalar><scalar dataType="xsd:double" dictRef="x:value">0.027907</scalar></list><list><scalar dataType="xsd:string" dictRef="x:name">Sum of electronic and zero-point Energies</scalar><scalar dataType="xsd:double" dictRef="x:value">-40.473159</scalar></list><list><scalar dataType="xsd:string" dictRef="x:name">Sum of electronic and thermal Energies</scalar><scalar dataType="xsd:double" dictRef="x:value">-40.470295</scalar></list><list><scalar dataType="xsd:string" dictRef="x:name">Sum of electronic and thermal Enthalpies</scalar><scalar dataType="xsd:double" dictRef="x:value">-40.469351</scalar></list><list><scalar dataType="xsd:string" dictRef="x:name">Sum of electronic and thermal Free Energies</scalar><scalar dataType="xsd:double" dictRef="x:value">-40.490482</scalar></list></list> </module><module cmlx:lineCount="28" cmlx:templateRef="thermoprops" xmlns:xi="http://www.w3.org/2001/XInclude"><list cmlx:templateRef="xxx"><scalar dataType="xsd:string" dictRef="x:xxx">E (Thermal)             CV                S</scalar><scalar dataType="xsd:string" dictRef="x:xxx">KCal/Mol        Cal/Mol-Kelvin    Cal/Mol-Kelvin</scalar></list><list cmlx:templateRef="total"><list><scalar dataType="xsd:double" dictRef="cc:ethermo.total">30.18</scalar><scalar dataType="xsd:double" dictRef="cc:cv.total">6.417</scalar><scalar dataType="xsd:double" dictRef="cc:s.total">44.475</scalar></list></list><list cmlx:templateRef="elect"><list><scalar dataType="xsd:double" dictRef="cc:ethermo.elect">0.0</scalar><scalar dataType="xsd:double" dictRef="cc:cv.elect">0.0</scalar><scalar dataType="xsd:double" dictRef="cc:s.elect">0.0</scalar></list></list><list cmlx:templateRef="trans"><list><scalar dataType="xsd:double" dictRef="cc:ethermo.trans">0.889</scalar><scalar dataType="xsd:double" dictRef="cc:cv.trans">2.981</scalar><scalar dataType="xsd:double" dictRef="cc:s.trans">34.261</scalar></list></list><list cmlx:templateRef="rot"><list><scalar dataType="xsd:double" dictRef="cc:ethermo.rot">0.889</scalar><scalar dataType="xsd:double" dictRef="cc:cv.rot">2.981</scalar><scalar dataType="xsd:double" dictRef="cc:s.rot">10.138</scalar></list></list><list cmlx:templateRef="vib"><list><scalar dataType="xsd:double" dictRef="cc:ethermo.vib">28.402</scalar><scalar dataType="xsd:double" dictRef="cc:cv.vib">0.455</scalar><scalar dataType="xsd:double" dictRef="cc:s.vob">0.076</scalar></list></list><list cmlx:templateRef="totalbot"><list><scalar dataType="xsd:double" dictRef="cc:q.total">1.45771E-13</scalar><scalar dataType="xsd:double" dictRef="cc:logq.total">-12.836328</scalar><scalar dataType="xsd:double" dictRef="cc:lnq.total">-29.556739</scalar></list></list><list cmlx:templateRef="totalv0"><list><scalar dataType="xsd:double" dictRef="cc:q.v0">9.2918E7</scalar><scalar dataType="xsd:double" dictRef="cc:logq.v0">7.9681</scalar><scalar dataType="xsd:double" dictRef="cc:lnq.v0">18.347228</scalar></list></list><list cmlx:templateRef="vibbot"><list><scalar dataType="xsd:double" dictRef="cc:q.vibbot">1.5765E-21</scalar><scalar dataType="xsd:double" dictRef="cc:logq.vibbot">-20.802307</scalar><scalar dataType="xsd:double" dictRef="cc:lnq.vibbot">-47.899081</scalar></list></list><list cmlx:templateRef="vibv0"><list><scalar dataType="xsd:double" dictRef="cc:q.vibv0">1.0049</scalar><scalar dataType="xsd:double" dictRef="cc:logq.vibv0">0.002122</scalar><scalar dataType="xsd:double" dictRef="cc:lnq.vibv0">0.004885</scalar></list></list><list cmlx:templateRef="elect"><list><scalar dataType="xsd:double" dictRef="cc:q.elect">1.0</scalar><scalar dataType="xsd:double" dictRef="cc:logq.elect">0.0</scalar><scalar dataType="xsd:double" dictRef="cc:lnq.elect">0.0</scalar></list></list><list cmlx:templateRef="trans"><list><scalar dataType="xsd:double" dictRef="cc:q.trans">2522950.0</scalar><scalar dataType="xsd:double" dictRef="cc:logq.trans">6.401908</scalar><scalar dataType="xsd:double" dictRef="cc:lnq.trans">14.740939</scalar></list></list><list cmlx:templateRef="rot"><list><scalar dataType="xsd:double" dictRef="cc:q.rot">36.6497</scalar><scalar dataType="xsd:double" dictRef="cc:logq.rot">1.56407</scalar><scalar dataType="xsd:double" dictRef="cc:lnq.rot">3.601404</scalar></list></list> ***** Axes restored to original set *****<module cmlx:lineCount="11" cmlx:templateRef="forces"><list cmlx:templateRef="force"><list><scalar dataType="xsd:integer" dictRef="x:serial">1</scalar><scalar dataType="xsd:integer" dictRef="x:elementType">6</scalar><scalar dataType="xsd:double" dictRef="x:x3">0.0</scalar><scalar dataType="xsd:double" dictRef="x:y3">0.0</scalar><scalar dataType="xsd:double" dictRef="x:z3">0.0</scalar></list><list><scalar dataType="xsd:integer" dictRef="x:serial">2</scalar><scalar dataType="xsd:integer" dictRef="x:elementType">1</scalar><scalar dataType="xsd:double" dictRef="x:x3">0.0</scalar><scalar dataType="xsd:double" dictRef="x:y3">0.0</scalar><scalar dataType="xsd:double" dictRef="x:z3">-1.59E-7</scalar></list><list><scalar dataType="xsd:integer" dictRef="x:serial">3</scalar><scalar dataType="xsd:integer" dictRef="x:elementType">1</scalar><scalar dataType="xsd:double" dictRef="x:x3">-1.5E-7</scalar><scalar dataType="xsd:double" dictRef="x:y3">0.0</scalar><scalar dataType="xsd:double" dictRef="x:z3">5.3E-8</scalar></list><list><scalar dataType="xsd:integer" dictRef="x:serial">4</scalar><scalar dataType="xsd:integer" dictRef="x:elementType">1</scalar><scalar dataType="xsd:double" dictRef="x:x3">7.5E-8</scalar><scalar dataType="xsd:double" dictRef="x:y3">1.3E-7</scalar><scalar dataType="xsd:double" dictRef="x:z3">5.3E-8</scalar></list><list><scalar dataType="xsd:integer" dictRef="x:serial">5</scalar><scalar dataType="xsd:integer" dictRef="x:elementType">1</scalar><scalar dataType="xsd:double" dictRef="x:x3">7.5E-8</scalar><scalar dataType="xsd:double" dictRef="x:y3">-1.3E-7</scalar><scalar dataType="xsd:double" dictRef="x:z3">5.3E-8</scalar></list></list><list cmlx:templateRef="cartesianforce"><list><scalar dataType="xsd:double" dictRef="cc:maxforce">1.59E-7</scalar><scalar dataType="xsd:double" dictRef="cc:rmsforce">8.2E-8</scalar></list></list></module></module><module cmlx:lineCount="7" cmlx:templateRef="l103" xmlns:xi="http://www.w3.org/2001/XInclude"><list cmlx:templateRef="berny"><scalar dataType="xsd:string" dictRef="g:optimization">Internal  Forces:  Max     0.000000159 RMS     0.000000101</scalar></list> Search for a local minimum. Step number   1 out of a maximum of   2 All quantities printed in internal units (Hartrees-Bohrs-Radians) Second derivative matrix not updated -- analytic derivatives used.</module><module cmlx:lineCount="20" cmlx:templateRef="secondderiv"><module cmlx:lineCount="12" cmlx:templateRef="mat"><list cmlx:templateRef="row"><scalar dataType="xsd:string" dictRef="x:junk1">R1        R2        R3        R4        A1</scalar><scalar dataType="xsd:string" dictRef="x:junk1">R1           0.34889</scalar><scalar dataType="xsd:string" dictRef="x:junk1">R2           0.00225   0.34889</scalar><scalar dataType="xsd:string" dictRef="x:junk1">R3           0.00225   0.00225   0.34889</scalar><scalar dataType="xsd:string" dictRef="x:junk1">R4           0.00225   0.00225   0.00225   0.34889</scalar><scalar dataType="xsd:string" dictRef="x:junk1">A1           0.00865   0.00865  -0.00865  -0.00865   0.11012</scalar><scalar dataType="xsd:string" dictRef="x:junk1">A2           0.00865  -0.00865   0.00865  -0.00865  -0.02298</scalar><scalar dataType="xsd:string" dictRef="x:junk1">A3           0.00865  -0.00865  -0.00865   0.00865  -0.02298</scalar><scalar dataType="xsd:string" dictRef="x:junk1">A4          -0.00865   0.00865   0.00865  -0.00865  -0.02298</scalar><scalar dataType="xsd:string" dictRef="x:junk1">A5          -0.00865   0.00865  -0.00865   0.00865  -0.02298</scalar><scalar dataType="xsd:string" dictRef="x:junk1">A6          -0.00865  -0.00865   0.00865   0.00865  -0.01821</scalar><scalar dataType="xsd:string" dictRef="x:junk1">A2        A3        A4        A5        A6</scalar></list></module>           A2           0.11012           A3          -0.02298   0.11012           A4          -0.02298  -0.01821   0.11012           A5          -0.01821  -0.02298  -0.02298   0.11012           A6          -0.02298  -0.02298  -0.02298  -0.02298   0.11012     Eigenvalues ---    0.12561   0.12561   0.12561   0.13787   0.13787     Eigenvalues ---    0.34935   0.34935   0.34935   0.355631000.00000</module> Angle between quadratic step and forces=  90.00 degrees. Linear search not attempted -- first point. Iteration  1 RMS(Cart)=  0.00000028 RMS(Int)=  0.00000000 Variable       Old X    -DE/DX   Delta X   Delta X   Delta X     New X                                 (Linear)    (Quad)   (Total)    R1        2.06597   0.00000   0.00000   0.00000   0.00000   2.06597    R2        2.06597   0.00000   0.00000   0.00000   0.00000   2.06597    R3        2.06597   0.00000   0.00000   0.00000   0.00000   2.06597    R4        2.06597   0.00000   0.00000   0.00000   0.00000   2.06597    A1        1.91063   0.00000   0.00000   0.00000   0.00000   1.91063    A2        1.91063   0.00000   0.00000   0.00000   0.00000   1.91063    A3        1.91063   0.00000   0.00000   0.00000   0.00000   1.91063    A4        1.91063   0.00000   0.00000   0.00000   0.00000   1.91063    A5        1.91063   0.00000   0.00000   0.00000   0.00000   1.91063    A6        1.91063   0.00000   0.00000   0.00000   0.00000   1.91063         Item               Value     Threshold  Converged? Maximum Force            0.000000     0.000450     YES RMS     Force            0.000000     0.000300     YES Maximum Displacement     0.000000     0.001800     YES RMS     Displacement     0.000000     0.001200     YES<module cmlx:lineCount="1" cmlx:templateRef="preddelta"><list cmlx:templateRef="predicted"><scalar dataType="xsd:double" dictRef="g:predchange">-1.426443</scalar></list></module><module cmlx:lineCount="18" cmlx:templateRef="optimizedparam"><list cmlx:templateRef="completed"><scalar dataType="xsd:string" dictRef="g:optimization">Optimization completed.</scalar><scalar dataType="xsd:string" dictRef="g:optimization">-- Stationary point found.</scalar></list><list cmlx:templateRef="length"><list><scalar dataType="xsd:string" dictRef="g:symbol">R3</scalar><scalar dataType="xsd:integer" dictRef="g:atom1">1</scalar><scalar dataType="xsd:integer" dictRef="g:atom2">4</scalar><scalar dataType="xsd:double" dictRef="cc:distance">1.0933</scalar><scalar dataType="xsd:string" dictRef="g:deriv">-DE/DX</scalar><scalar dataType="xsd:double" dictRef="cc:deriv">0.0</scalar></list><list><scalar dataType="xsd:string" dictRef="g:symbol">R4</scalar><scalar dataType="xsd:integer" dictRef="g:atom1">1</scalar><scalar dataType="xsd:integer" dictRef="g:atom2">5</scalar><scalar dataType="xsd:double" dictRef="cc:distance">1.0933</scalar><scalar dataType="xsd:string" dictRef="g:deriv">-DE/DX</scalar><scalar dataType="xsd:double" dictRef="cc:deriv">0.0</scalar></list></list><list cmlx:templateRef="angle"><list><scalar dataType="xsd:string" dictRef="g:symbol">A1</scalar><scalar dataType="xsd:integer" dictRef="g:atom1">2</scalar><scalar dataType="xsd:integer" dictRef="g:atom2">1</scalar><scalar dataType="xsd:integer" dictRef="g:atom3">3</scalar><scalar dataType="xsd:double" dictRef="cc:angle">109.4712</scalar><scalar dataType="xsd:string" dictRef="g:deriv">-DE/DX</scalar><scalar dataType="xsd:double" dictRef="cc:deriv">0.0</scalar></list><list><scalar dataType="xsd:string" dictRef="g:symbol">A2</scalar><scalar dataType="xsd:integer" dictRef="g:atom1">2</scalar><scalar dataType="xsd:integer" dictRef="g:atom2">1</scalar><scalar dataType="xsd:integer" dictRef="g:atom3">4</scalar><scalar dataType="xsd:double" dictRef="cc:angle">109.4712</scalar><scalar dataType="xsd:string" dictRef="g:deriv">-DE/DX</scalar><scalar dataType="xsd:double" dictRef="cc:deriv">0.0</scalar></list><list><scalar dataType="xsd:string" dictRef="g:symbol">A3</scalar><scalar dataType="xsd:integer" dictRef="g:atom1">2</scalar><scalar dataType="xsd:integer" dictRef="g:atom2">1</scalar><scalar dataType="xsd:integer" dictRef="g:atom3">5</scalar><scalar dataType="xsd:double" dictRef="cc:angle">109.4712</scalar><scalar dataType="xsd:string" dictRef="g:deriv">-DE/DX</scalar><scalar dataType="xsd:double" dictRef="cc:deriv">0.0</scalar></list><list><scalar dataType="xsd:string" dictRef="g:symbol">A4</scalar><scalar dataType="xsd:integer" dictRef="g:atom1">3</scalar><scalar dataType="xsd:integer" dictRef="g:atom2">1</scalar><scalar dataType="xsd:integer" dictRef="g:atom3">4</scalar><scalar dataType="xsd:double" dictRef="cc:angle">109.4712</scalar><scalar dataType="xsd:string" dictRef="g:deriv">-DE/DX</scalar><scalar dataType="xsd:double" dictRef="cc:deriv">0.0</scalar></list><list><scalar dataType="xsd:string" dictRef="g:symbol">A5</scalar><scalar dataType="xsd:integer" dictRef="g:atom1">3</scalar><scalar dataType="xsd:integer" dictRef="g:atom2">1</scalar><scalar dataType="xsd:integer" dictRef="g:atom3">5</scalar><scalar dataType="xsd:double" dictRef="cc:angle">109.4712</scalar><scalar dataType="xsd:string" dictRef="g:deriv">-DE/DX</scalar><scalar dataType="xsd:double" dictRef="cc:deriv">0.0</scalar></list><list><scalar dataType="xsd:string" dictRef="g:symbol">A6</scalar><scalar dataType="xsd:integer" dictRef="g:atom1">4</scalar><scalar dataType="xsd:integer" dictRef="g:atom2">1</scalar><scalar dataType="xsd:integer" dictRef="g:atom3">5</scalar><scalar dataType="xsd:double" dictRef="cc:angle">109.4712</scalar><scalar dataType="xsd:string" dictRef="g:deriv">-DE/DX</scalar><scalar dataType="xsd:double" dictRef="cc:deriv">0.0</scalar></list></list></module> -------------------------------------------------------------------------------- GradGradGradGradGradGradGradGradGradGradGradGradGradGradGradGradGradGrad 1\1\GINC-DEEPTHOUGHT\Freq\RB3LYP\6-31G(d)\C1H4\WWW-DATA\20-Nov-2006\0\ \#N GEOM=ALLCHECK GUESS=READ SCRF=CHECK GENCHK RB3LYP/6-31G(D) FREQ\\C H4\\0,1\C,0.,0.,0.\H,0.0000000995,0.0000001925,1.09326594\H,1.03074097 99,0.0000001096,-0.3644220738\H,-0.5153703892,-0.8926480531,-0.3644217 759\H,-0.5153706902,0.892647751,-0.3644220902\\Version=x86-Linux-G03Re vB.04\State=1-A1\HF=-40.5183892\RMSD=8.723e-11\RMSF=8.224e-08\Dipole=0 .,0.,0.\DipoleDeriv=0.0007872,0.,0.,0.,0.0007871,0.,0.,0.,0.0007871,0. 0733391,0.,0.,0.,0.0733391,0.,0.,0.,-0.1472685,-0.1227565,0.,0.0693303 ,0.,0.0733391,0.,0.0693303,0.,0.0488271,0.0243152,-0.0849119,-0.034665 1,-0.0849119,-0.0737327,-0.0600418,-0.0346651,-0.0600418,0.0488271,0.0 243151,0.0849119,-0.0346652,0.0849119,-0.0737326,0.0600418,-0.0346652, 0.0600418,0.0488271\Polar=12.3528403,0.,12.3528403,0.,0.,12.3528403\PG =TD [O(C1),4C3(H1)]\NImag=0\\0.55936081,0.,0.55936081,0.,0.,0.55936081 ,-0.04828560,0.,-0.00000003,0.04683066,0.,-0.04828560,-0.00000005,0.,0 .04683066,-0.00000003,-0.00000005,-0.32294941,0.00000003,0.00000005,0. 34888521,-0.29243119,-0.00000003,0.08631853,0.00266595,0.,-0.00067139, 0.31532358,-0.00000003,-0.04828560,0.,0.,-0.00169598,0.,0.00000003,0.0 4683066,0.08631853,0.,-0.07880382,0.03266432,0.,-0.00864527,-0.0949266 1,-0.00000001,0.08039229,-0.10932197,-0.10571814,-0.04315922,-0.000605 50,0.00188877,0.00033570,-0.01277916,-0.02604072,-0.01202812,0.1139538 6,-0.10571814,-0.23139487,-0.07475399,0.00188877,0.00157546,0.00058144 ,0.00117778,0.00157546,0.00158693,0.11626084,0.24820043,-0.04315922,-0 .07475399,-0.07880377,-0.01633216,-0.02828814,-0.00864526,0.00463974,0 .01121013,0.00352839,0.04746326,0.08220880,0.08039224,-0.10932205,0.10 571817,-0.04315928,-0.00060550,-0.00188877,0.00033570,-0.01277917,0.02 604071,-0.01202812,0.00875278,-0.01360924,0.00738839,0.11395394,0.1057 1817,-0.23139475,0.07475403,-0.00188877,0.00157547,-0.00058144,-0.0011 7778,0.00157546,-0.00158694,0.01360926,-0.01995648,0.00962320,-0.11626 087,0.24820029,-0.04315928,0.07475403,-0.07880382,-0.01633217,0.028288 13,-0.00864527,0.00463974,-0.01121013,0.00352840,0.00738838,-0.0096231 9,0.00352839,0.04746332,-0.08220885,0.08039230\\0.,0.,0.,0.,0.,0.00000 016,0.00000015,0.,-0.00000005,-0.00000008,-0.00000013,-0.00000005,-0.0 0000008,0.00000013,-0.00000005\\\@            ARSENIC FOR SMELTER FUMES HAVE I BEEN NAMED,    I AM AN EVIL POISONOUS SMOKE... BUT WHEN FROM POISON I AM FREED,    THROUGH ART AND SLEIGHT OF HAND, THEN CAN I CURE BOTH MAN AND BEAST,    FROM DIRE DISEASE OFTTIMES DIRECT THEM; BUT PREPARE ME CORRECTLY, AND TAKE GREAT CARE    THAT YOU FAITHFULLY KEEP WATCHFUL GUARD OVER ME; FOR ELSE I AM POISON, AND POISON REMAIN,    THAT PIERCES THE HEART OF MANY A ONE. ATTRIBUTED TO THE PROBABLY MYTHICAL 15TH CENTURY MONK, BASILIUS VALENTINUS<module cmlx:lineCount="3" cmlx:templateRef="jobcpu"><list cmlx:templateRef="jobcpu"><scalar dataType="xsd:string" dictRef="x:junk">Job cpu time:  0 days  0 hours  0 minutes 12.7 seconds.</scalar><scalar dataType="xsd:string" dictRef="x:junk">File lengths (MBytes):  RWF=     12 Int=      0 D2E=      0 Chk=      7 Scr=      1</scalar><scalar dataType="xsd:string" dictRef="x:junk">Normal termination of Gaussian 03 at Mon Nov 20 14:40:36 2006.</scalar></list></module></module>
