<?xml version="1.0" encoding="UTF-8"?>
<module cmlx:templateRef="gaussian.log" xmlns="http://www.xml-cml.org/schema" xmlns:cmlx="http://www.xml-cml.org/schema/cmlx"> Entering Gaussian System, Link 0=/apps/gaussian/g03_e01/g03/g03.bin Initial command: /apps/gaussian/g03_e01/g03/l1.exe /home/rzepa/run/16291/Gau-30033.inp -scrdir=/home/rzepa/run/16291/ Entering Link 1 = /apps/gaussian/g03_e01/g03/l1.exe PID=     30034.  <module cmlx:lineCount="47" cmlx:templateRef="legal"/>  <module cmlx:lineCount="20" cmlx:templateRef="citation"/> <module cmlx:lineCount="51" cmlx:templateRef="l1.end" xmlns:xi="http://www.w3.org/2001/XInclude"><module cmlx:lineCount="4" cmlx:templateRef="l1.version"><list cmlx:templateRef="prog"><list><scalar dataType="xsd:string" dictRef="cc:program">Gaussian 03</scalar><scalar dataType="xsd:string" dictRef="cc:version">EM64L-G03RevE.01</scalar><scalar dataType="xsd:string" dictRef="cc:program.date">11-Sep-2007</scalar></list></list><list cmlx:templateRef="prog"><scalar dataType="xsd:string" dictRef="cc:run.date">29-May-2009</scalar></list><list cmlx:templateRef="verb"><scalar dataType="xsd:string" dictRef="x:verb">******************************************</scalar></list></module><module cmlx:lineCount="6" cmlx:templateRef="l1.options"><list cmlx:templateRef="prog"><scalar dataType="xsd:string" dictRef="g:options">Will use up to    8 processors via shared memory.</scalar><scalar dataType="xsd:string" dictRef="g:options">%mem=13000MB</scalar><scalar dataType="xsd:string" dictRef="g:options">%NoSave</scalar><scalar dataType="xsd:string" dictRef="g:options">%Chk=chk.chk</scalar><scalar dataType="xsd:string" dictRef="g:options">%rwf=/tmp/pbs.2576570.cx1/rwf</scalar></list></module><module cmlx:lineCount="3" cmlx:templateRef="l1.keywords"><list cmlx:templateRef="prog"><scalar dataType="xsd:string" dictRef="cc:keywords"># rb3lyp/6-31G(d) opt freq</scalar><scalar dataType="xsd:string" dictRef="cc:keywords">--------------------------</scalar></list></module><module cmlx:lineCount="10" cmlx:templateRef="l1.control"><list cmlx:templateRef="control"><scalar dataType="xsd:string" dictRef="g:control">1/14=-1,18=20,26=3,38=1/1,3;</scalar><scalar dataType="xsd:string" dictRef="g:control">2/9=110,17=6,18=5,40=1/2;</scalar><scalar dataType="xsd:string" dictRef="g:control">3/5=1,6=6,7=1,11=2,16=1,25=1,30=1,74=-5/1,2,3;</scalar><scalar dataType="xsd:string" dictRef="g:control">4/7=1/1;</scalar><scalar dataType="xsd:string" dictRef="g:control">5/5=2,38=5/2;</scalar><scalar dataType="xsd:string" dictRef="g:control">6/7=2,8=2,9=2,10=2,28=1/1;</scalar><scalar dataType="xsd:string" dictRef="g:control">7//1,2,3,16;</scalar><scalar dataType="xsd:string" dictRef="g:control">1/14=-1,18=20/3(3);</scalar><scalar dataType="xsd:string" dictRef="g:control">2/9=110/2;</scalar><scalar dataType="xsd:string" dictRef="g:control">6/7=2,8=2,9=2,10=2,19=2,28=1/1;</scalar></list></module> 99//99; 2/9=110/2; 3/5=1,6=6,7=1,11=2,16=1,25=1,30=1,74=-5/1,2,3; 4/5=5,7=1,16=3/1; 5/5=2,38=5/2; 7//1,2,3,16; 1/14=-1,18=20/3(-5); 2/9=110/2; 6/7=2,8=2,9=2,10=2,19=2,28=1/1; 99/9=1/99;<module cmlx:lineCount="1" cmlx:templateRef="l1title"/> Title Card Required<module cmlx:lineCount="1" cmlx:templateRef="l1title"/><module cmlx:lineCount="14" cmlx:templateRef="l1.zmat"> Al                   -2.56759   1.4824    0.  Al                   -1.48263   2.56798   0.  Al                    0.        2.9648    0.  Al                    1.48263   2.56798   0.  Al                    2.56759   1.4824    0.  Al                    2.96525   0.        0.  Al                    2.56759  -1.4824    0.  Al                    1.48263  -2.56798   0.  Al                    0.       -2.9648    0.  Al                   -1.48263  -2.56798   0.  Al                   -2.56759  -1.4824    0. </module><list cmlx:templateRef="rest"><scalar dataType="xsd:string" dictRef="x:l1.end"/></list></module><module cmlx:lineCount="133" cmlx:templateRef="l103" xmlns:xi="http://www.w3.org/2001/XInclude"><list cmlx:templateRef="berny"><scalar dataType="xsd:string" dictRef="g:optimization">Initialization pass.</scalar></list><module cmlx:lineCount="126" cmlx:templateRef="l103.init"><list cmlx:templateRef="length"><list><scalar dataType="xsd:string" dictRef="g:symbol">R1</scalar><scalar dataType="xsd:integer" dictRef="g:atom1">1</scalar><scalar dataType="xsd:integer" dictRef="g:atom2">2</scalar><scalar dataType="xsd:double" dictRef="cc:distance">1.5348</scalar><scalar dataType="xsd:string" dictRef="g:deriv">estimate D2E/DX2</scalar></list><list><scalar dataType="xsd:string" dictRef="g:symbol">R2</scalar><scalar dataType="xsd:integer" dictRef="g:atom1">1</scalar><scalar dataType="xsd:integer" dictRef="g:atom2">3</scalar><scalar dataType="xsd:double" dictRef="cc:distance">2.9653</scalar><scalar dataType="xsd:string" dictRef="g:deriv">estimate D2E/DX2</scalar></list><list><scalar dataType="xsd:string" dictRef="g:symbol">R3</scalar><scalar dataType="xsd:integer" dictRef="g:atom1">1</scalar><scalar dataType="xsd:integer" dictRef="g:atom2">11</scalar><scalar dataType="xsd:double" dictRef="cc:distance">2.9653</scalar><scalar dataType="xsd:string" dictRef="g:deriv">estimate D2E/DX2</scalar></list><list><scalar dataType="xsd:string" dictRef="g:symbol">R4</scalar><scalar dataType="xsd:integer" dictRef="g:atom1">1</scalar><scalar dataType="xsd:integer" dictRef="g:atom2">12</scalar><scalar dataType="xsd:double" dictRef="cc:distance">1.5348</scalar><scalar dataType="xsd:string" dictRef="g:deriv">estimate D2E/DX2</scalar></list><list><scalar dataType="xsd:string" dictRef="g:symbol">R5</scalar><scalar dataType="xsd:integer" dictRef="g:atom1">2</scalar><scalar dataType="xsd:integer" dictRef="g:atom2">3</scalar><scalar dataType="xsd:double" dictRef="cc:distance">1.5348</scalar><scalar dataType="xsd:string" dictRef="g:deriv">estimate D2E/DX2</scalar></list><list><scalar dataType="xsd:string" dictRef="g:symbol">R6</scalar><scalar dataType="xsd:integer" dictRef="g:atom1">2</scalar><scalar dataType="xsd:integer" dictRef="g:atom2">4</scalar><scalar dataType="xsd:double" dictRef="cc:distance">2.9648</scalar><scalar dataType="xsd:string" dictRef="g:deriv">estimate D2E/DX2</scalar></list><list><scalar dataType="xsd:string" dictRef="g:symbol">R7</scalar><scalar dataType="xsd:integer" dictRef="g:atom1">2</scalar><scalar dataType="xsd:integer" dictRef="g:atom2">12</scalar><scalar dataType="xsd:double" dictRef="cc:distance">2.9648</scalar><scalar dataType="xsd:string" dictRef="g:deriv">estimate D2E/DX2</scalar></list><list><scalar dataType="xsd:string" dictRef="g:symbol">R8</scalar><scalar dataType="xsd:integer" dictRef="g:atom1">3</scalar><scalar dataType="xsd:integer" dictRef="g:atom2">4</scalar><scalar dataType="xsd:double" dictRef="cc:distance">1.5348</scalar><scalar dataType="xsd:string" dictRef="g:deriv">estimate D2E/DX2</scalar></list><list><scalar dataType="xsd:string" dictRef="g:symbol">R9</scalar><scalar dataType="xsd:integer" dictRef="g:atom1">3</scalar><scalar dataType="xsd:integer" dictRef="g:atom2">5</scalar><scalar dataType="xsd:double" dictRef="cc:distance">2.9653</scalar><scalar dataType="xsd:string" dictRef="g:deriv">estimate D2E/DX2</scalar></list><list><scalar dataType="xsd:string" dictRef="g:symbol">R10</scalar><scalar dataType="xsd:integer" dictRef="g:atom1">4</scalar><scalar dataType="xsd:integer" dictRef="g:atom2">5</scalar><scalar dataType="xsd:double" dictRef="cc:distance">1.5348</scalar><scalar dataType="xsd:string" dictRef="g:deriv">estimate D2E/DX2</scalar></list><list><scalar dataType="xsd:string" dictRef="g:symbol">R11</scalar><scalar dataType="xsd:integer" dictRef="g:atom1">4</scalar><scalar dataType="xsd:integer" dictRef="g:atom2">6</scalar><scalar dataType="xsd:double" dictRef="cc:distance">2.9648</scalar><scalar dataType="xsd:string" dictRef="g:deriv">estimate D2E/DX2</scalar></list><list><scalar dataType="xsd:string" dictRef="g:symbol">R12</scalar><scalar dataType="xsd:integer" dictRef="g:atom1">5</scalar><scalar dataType="xsd:integer" dictRef="g:atom2">6</scalar><scalar dataType="xsd:double" dictRef="cc:distance">1.5348</scalar><scalar dataType="xsd:string" dictRef="g:deriv">estimate D2E/DX2</scalar></list><list><scalar dataType="xsd:string" dictRef="g:symbol">R13</scalar><scalar dataType="xsd:integer" dictRef="g:atom1">5</scalar><scalar dataType="xsd:integer" dictRef="g:atom2">7</scalar><scalar dataType="xsd:double" dictRef="cc:distance">2.9653</scalar><scalar dataType="xsd:string" dictRef="g:deriv">estimate D2E/DX2</scalar></list><list><scalar dataType="xsd:string" dictRef="g:symbol">R14</scalar><scalar dataType="xsd:integer" dictRef="g:atom1">6</scalar><scalar dataType="xsd:integer" dictRef="g:atom2">7</scalar><scalar dataType="xsd:double" dictRef="cc:distance">1.5348</scalar><scalar dataType="xsd:string" dictRef="g:deriv">estimate D2E/DX2</scalar></list><list><scalar dataType="xsd:string" dictRef="g:symbol">R15</scalar><scalar dataType="xsd:integer" dictRef="g:atom1">6</scalar><scalar dataType="xsd:integer" dictRef="g:atom2">8</scalar><scalar dataType="xsd:double" dictRef="cc:distance">2.9648</scalar><scalar dataType="xsd:string" dictRef="g:deriv">estimate D2E/DX2</scalar></list><list><scalar dataType="xsd:string" dictRef="g:symbol">R16</scalar><scalar dataType="xsd:integer" dictRef="g:atom1">7</scalar><scalar dataType="xsd:integer" dictRef="g:atom2">8</scalar><scalar dataType="xsd:double" dictRef="cc:distance">1.5348</scalar><scalar dataType="xsd:string" dictRef="g:deriv">estimate D2E/DX2</scalar></list><list><scalar dataType="xsd:string" dictRef="g:symbol">R17</scalar><scalar dataType="xsd:integer" dictRef="g:atom1">7</scalar><scalar dataType="xsd:integer" dictRef="g:atom2">9</scalar><scalar dataType="xsd:double" dictRef="cc:distance">2.9653</scalar><scalar dataType="xsd:string" dictRef="g:deriv">estimate D2E/DX2</scalar></list><list><scalar dataType="xsd:string" dictRef="g:symbol">R18</scalar><scalar dataType="xsd:integer" dictRef="g:atom1">8</scalar><scalar dataType="xsd:integer" dictRef="g:atom2">9</scalar><scalar dataType="xsd:double" dictRef="cc:distance">1.5348</scalar><scalar dataType="xsd:string" dictRef="g:deriv">estimate D2E/DX2</scalar></list><list><scalar dataType="xsd:string" dictRef="g:symbol">R19</scalar><scalar dataType="xsd:integer" dictRef="g:atom1">8</scalar><scalar dataType="xsd:integer" dictRef="g:atom2">10</scalar><scalar dataType="xsd:double" dictRef="cc:distance">2.9648</scalar><scalar dataType="xsd:string" dictRef="g:deriv">estimate D2E/DX2</scalar></list><list><scalar dataType="xsd:string" dictRef="g:symbol">R20</scalar><scalar dataType="xsd:integer" dictRef="g:atom1">9</scalar><scalar dataType="xsd:integer" dictRef="g:atom2">10</scalar><scalar dataType="xsd:double" dictRef="cc:distance">1.5348</scalar><scalar dataType="xsd:string" dictRef="g:deriv">estimate D2E/DX2</scalar></list><list><scalar dataType="xsd:string" dictRef="g:symbol">R21</scalar><scalar dataType="xsd:integer" dictRef="g:atom1">9</scalar><scalar dataType="xsd:integer" dictRef="g:atom2">11</scalar><scalar dataType="xsd:double" dictRef="cc:distance">2.9653</scalar><scalar dataType="xsd:string" dictRef="g:deriv">estimate D2E/DX2</scalar></list><list><scalar dataType="xsd:string" dictRef="g:symbol">R22</scalar><scalar dataType="xsd:integer" dictRef="g:atom1">10</scalar><scalar dataType="xsd:integer" dictRef="g:atom2">11</scalar><scalar dataType="xsd:double" dictRef="cc:distance">1.5348</scalar><scalar dataType="xsd:string" dictRef="g:deriv">estimate D2E/DX2</scalar></list><list><scalar dataType="xsd:string" dictRef="g:symbol">R23</scalar><scalar dataType="xsd:integer" dictRef="g:atom1">10</scalar><scalar dataType="xsd:integer" dictRef="g:atom2">12</scalar><scalar dataType="xsd:double" dictRef="cc:distance">2.9648</scalar><scalar dataType="xsd:string" dictRef="g:deriv">estimate D2E/DX2</scalar></list><list><scalar dataType="xsd:string" dictRef="g:symbol">R24</scalar><scalar dataType="xsd:integer" dictRef="g:atom1">11</scalar><scalar dataType="xsd:integer" dictRef="g:atom2">12</scalar><scalar dataType="xsd:double" dictRef="cc:distance">1.5348</scalar><scalar dataType="xsd:string" dictRef="g:deriv">estimate D2E/DX2</scalar></list></list><list cmlx:templateRef="angle"><list><scalar dataType="xsd:string" dictRef="g:symbol">A1</scalar><scalar dataType="xsd:integer" dictRef="g:atom1">2</scalar><scalar dataType="xsd:integer" dictRef="g:atom2">1</scalar><scalar dataType="xsd:integer" dictRef="g:atom3">11</scalar><scalar dataType="xsd:double" dictRef="cc:angle">134.9837</scalar><scalar dataType="xsd:string" dictRef="g:deriv">estimate D2E/DX2</scalar></list><list><scalar dataType="xsd:string" dictRef="g:symbol">A2</scalar><scalar dataType="xsd:integer" dictRef="g:atom1">3</scalar><scalar dataType="xsd:integer" dictRef="g:atom2">1</scalar><scalar dataType="xsd:integer" dictRef="g:atom3">11</scalar><scalar dataType="xsd:double" dictRef="cc:angle">120.0</scalar><scalar dataType="xsd:string" dictRef="g:deriv">estimate D2E/DX2</scalar></list><list><scalar dataType="xsd:string" dictRef="g:symbol">A3</scalar><scalar dataType="xsd:integer" dictRef="g:atom1">3</scalar><scalar dataType="xsd:integer" dictRef="g:atom2">1</scalar><scalar dataType="xsd:integer" dictRef="g:atom3">12</scalar><scalar dataType="xsd:double" dictRef="cc:angle">134.9837</scalar><scalar dataType="xsd:string" dictRef="g:deriv">estimate D2E/DX2</scalar></list><list><scalar dataType="xsd:string" dictRef="g:symbol">A4</scalar><scalar dataType="xsd:integer" dictRef="g:atom1">1</scalar><scalar dataType="xsd:integer" dictRef="g:atom2">2</scalar><scalar dataType="xsd:integer" dictRef="g:atom3">4</scalar><scalar dataType="xsd:double" dictRef="cc:angle">135.0163</scalar><scalar dataType="xsd:string" dictRef="g:deriv">estimate D2E/DX2</scalar></list><list><scalar dataType="xsd:string" dictRef="g:symbol">A5</scalar><scalar dataType="xsd:integer" dictRef="g:atom1">3</scalar><scalar dataType="xsd:integer" dictRef="g:atom2">2</scalar><scalar dataType="xsd:integer" dictRef="g:atom3">12</scalar><scalar dataType="xsd:double" dictRef="cc:angle">135.0163</scalar><scalar dataType="xsd:string" dictRef="g:deriv">estimate D2E/DX2</scalar></list><list><scalar dataType="xsd:string" dictRef="g:symbol">A6</scalar><scalar dataType="xsd:integer" dictRef="g:atom1">4</scalar><scalar dataType="xsd:integer" dictRef="g:atom2">2</scalar><scalar dataType="xsd:integer" dictRef="g:atom3">12</scalar><scalar dataType="xsd:double" dictRef="cc:angle">120.0</scalar><scalar dataType="xsd:string" dictRef="g:deriv">estimate D2E/DX2</scalar></list><list><scalar dataType="xsd:string" dictRef="g:symbol">A7</scalar><scalar dataType="xsd:integer" dictRef="g:atom1">1</scalar><scalar dataType="xsd:integer" dictRef="g:atom2">3</scalar><scalar dataType="xsd:integer" dictRef="g:atom3">4</scalar><scalar dataType="xsd:double" dictRef="cc:angle">134.9837</scalar><scalar dataType="xsd:string" dictRef="g:deriv">estimate D2E/DX2</scalar></list><list><scalar dataType="xsd:string" dictRef="g:symbol">A8</scalar><scalar dataType="xsd:integer" dictRef="g:atom1">1</scalar><scalar dataType="xsd:integer" dictRef="g:atom2">3</scalar><scalar dataType="xsd:integer" dictRef="g:atom3">5</scalar><scalar dataType="xsd:double" dictRef="cc:angle">120.0</scalar><scalar dataType="xsd:string" dictRef="g:deriv">estimate D2E/DX2</scalar></list><list><scalar dataType="xsd:string" dictRef="g:symbol">A9</scalar><scalar dataType="xsd:integer" dictRef="g:atom1">2</scalar><scalar dataType="xsd:integer" dictRef="g:atom2">3</scalar><scalar dataType="xsd:integer" dictRef="g:atom3">5</scalar><scalar dataType="xsd:double" dictRef="cc:angle">134.9837</scalar><scalar dataType="xsd:string" dictRef="g:deriv">estimate D2E/DX2</scalar></list><list><scalar dataType="xsd:string" dictRef="g:symbol">A10</scalar><scalar dataType="xsd:integer" dictRef="g:atom1">2</scalar><scalar dataType="xsd:integer" dictRef="g:atom2">4</scalar><scalar dataType="xsd:integer" dictRef="g:atom3">5</scalar><scalar dataType="xsd:double" dictRef="cc:angle">135.0163</scalar><scalar dataType="xsd:string" dictRef="g:deriv">estimate D2E/DX2</scalar></list><list><scalar dataType="xsd:string" dictRef="g:symbol">A11</scalar><scalar dataType="xsd:integer" dictRef="g:atom1">2</scalar><scalar dataType="xsd:integer" dictRef="g:atom2">4</scalar><scalar dataType="xsd:integer" dictRef="g:atom3">6</scalar><scalar dataType="xsd:double" dictRef="cc:angle">120.0</scalar><scalar dataType="xsd:string" dictRef="g:deriv">estimate D2E/DX2</scalar></list><list><scalar dataType="xsd:string" dictRef="g:symbol">A12</scalar><scalar dataType="xsd:integer" dictRef="g:atom1">3</scalar><scalar dataType="xsd:integer" dictRef="g:atom2">4</scalar><scalar dataType="xsd:integer" dictRef="g:atom3">6</scalar><scalar dataType="xsd:double" dictRef="cc:angle">135.0163</scalar><scalar dataType="xsd:string" dictRef="g:deriv">estimate D2E/DX2</scalar></list><list><scalar dataType="xsd:string" dictRef="g:symbol">A13</scalar><scalar dataType="xsd:integer" dictRef="g:atom1">3</scalar><scalar dataType="xsd:integer" dictRef="g:atom2">5</scalar><scalar dataType="xsd:integer" dictRef="g:atom3">6</scalar><scalar dataType="xsd:double" dictRef="cc:angle">134.9837</scalar><scalar dataType="xsd:string" dictRef="g:deriv">estimate D2E/DX2</scalar></list><list><scalar dataType="xsd:string" dictRef="g:symbol">A14</scalar><scalar dataType="xsd:integer" dictRef="g:atom1">3</scalar><scalar dataType="xsd:integer" dictRef="g:atom2">5</scalar><scalar dataType="xsd:integer" dictRef="g:atom3">7</scalar><scalar dataType="xsd:double" dictRef="cc:angle">120.0</scalar><scalar dataType="xsd:string" dictRef="g:deriv">estimate D2E/DX2</scalar></list><list><scalar dataType="xsd:string" dictRef="g:symbol">A15</scalar><scalar dataType="xsd:integer" dictRef="g:atom1">4</scalar><scalar dataType="xsd:integer" dictRef="g:atom2">5</scalar><scalar dataType="xsd:integer" dictRef="g:atom3">7</scalar><scalar dataType="xsd:double" dictRef="cc:angle">134.9837</scalar><scalar dataType="xsd:string" dictRef="g:deriv">estimate D2E/DX2</scalar></list><list><scalar dataType="xsd:string" dictRef="g:symbol">A16</scalar><scalar dataType="xsd:integer" dictRef="g:atom1">4</scalar><scalar dataType="xsd:integer" dictRef="g:atom2">6</scalar><scalar dataType="xsd:integer" dictRef="g:atom3">7</scalar><scalar dataType="xsd:double" dictRef="cc:angle">135.0163</scalar><scalar dataType="xsd:string" dictRef="g:deriv">estimate D2E/DX2</scalar></list><list><scalar dataType="xsd:string" dictRef="g:symbol">A17</scalar><scalar dataType="xsd:integer" dictRef="g:atom1">4</scalar><scalar dataType="xsd:integer" dictRef="g:atom2">6</scalar><scalar dataType="xsd:integer" dictRef="g:atom3">8</scalar><scalar dataType="xsd:double" dictRef="cc:angle">120.0</scalar><scalar dataType="xsd:string" dictRef="g:deriv">estimate D2E/DX2</scalar></list><list><scalar dataType="xsd:string" dictRef="g:symbol">A18</scalar><scalar dataType="xsd:integer" dictRef="g:atom1">5</scalar><scalar dataType="xsd:integer" dictRef="g:atom2">6</scalar><scalar dataType="xsd:integer" dictRef="g:atom3">8</scalar><scalar dataType="xsd:double" dictRef="cc:angle">135.0163</scalar><scalar dataType="xsd:string" dictRef="g:deriv">estimate D2E/DX2</scalar></list><list><scalar dataType="xsd:string" dictRef="g:symbol">A19</scalar><scalar dataType="xsd:integer" dictRef="g:atom1">5</scalar><scalar dataType="xsd:integer" dictRef="g:atom2">7</scalar><scalar dataType="xsd:integer" dictRef="g:atom3">8</scalar><scalar dataType="xsd:double" dictRef="cc:angle">134.9837</scalar><scalar dataType="xsd:string" dictRef="g:deriv">estimate D2E/DX2</scalar></list><list><scalar dataType="xsd:string" dictRef="g:symbol">A20</scalar><scalar dataType="xsd:integer" dictRef="g:atom1">5</scalar><scalar dataType="xsd:integer" dictRef="g:atom2">7</scalar><scalar dataType="xsd:integer" dictRef="g:atom3">9</scalar><scalar dataType="xsd:double" dictRef="cc:angle">120.0</scalar><scalar dataType="xsd:string" dictRef="g:deriv">estimate D2E/DX2</scalar></list><list><scalar dataType="xsd:string" dictRef="g:symbol">A21</scalar><scalar dataType="xsd:integer" dictRef="g:atom1">6</scalar><scalar dataType="xsd:integer" dictRef="g:atom2">7</scalar><scalar dataType="xsd:integer" dictRef="g:atom3">9</scalar><scalar dataType="xsd:double" dictRef="cc:angle">134.9837</scalar><scalar dataType="xsd:string" dictRef="g:deriv">estimate D2E/DX2</scalar></list><list><scalar dataType="xsd:string" dictRef="g:symbol">A22</scalar><scalar dataType="xsd:integer" dictRef="g:atom1">6</scalar><scalar dataType="xsd:integer" dictRef="g:atom2">8</scalar><scalar dataType="xsd:integer" dictRef="g:atom3">9</scalar><scalar dataType="xsd:double" dictRef="cc:angle">135.0163</scalar><scalar dataType="xsd:string" dictRef="g:deriv">estimate D2E/DX2</scalar></list><list><scalar dataType="xsd:string" dictRef="g:symbol">A23</scalar><scalar dataType="xsd:integer" dictRef="g:atom1">6</scalar><scalar dataType="xsd:integer" dictRef="g:atom2">8</scalar><scalar dataType="xsd:integer" dictRef="g:atom3">10</scalar><scalar dataType="xsd:double" dictRef="cc:angle">120.0</scalar><scalar dataType="xsd:string" dictRef="g:deriv">estimate D2E/DX2</scalar></list><list><scalar dataType="xsd:string" dictRef="g:symbol">A24</scalar><scalar dataType="xsd:integer" dictRef="g:atom1">7</scalar><scalar dataType="xsd:integer" dictRef="g:atom2">8</scalar><scalar dataType="xsd:integer" dictRef="g:atom3">10</scalar><scalar dataType="xsd:double" dictRef="cc:angle">135.0163</scalar><scalar dataType="xsd:string" dictRef="g:deriv">estimate D2E/DX2</scalar></list><list><scalar dataType="xsd:string" dictRef="g:symbol">A25</scalar><scalar dataType="xsd:integer" dictRef="g:atom1">7</scalar><scalar dataType="xsd:integer" dictRef="g:atom2">9</scalar><scalar dataType="xsd:integer" dictRef="g:atom3">10</scalar><scalar dataType="xsd:double" dictRef="cc:angle">134.9837</scalar><scalar dataType="xsd:string" dictRef="g:deriv">estimate D2E/DX2</scalar></list><list><scalar dataType="xsd:string" dictRef="g:symbol">A26</scalar><scalar dataType="xsd:integer" dictRef="g:atom1">7</scalar><scalar dataType="xsd:integer" dictRef="g:atom2">9</scalar><scalar dataType="xsd:integer" dictRef="g:atom3">11</scalar><scalar dataType="xsd:double" dictRef="cc:angle">120.0</scalar><scalar dataType="xsd:string" dictRef="g:deriv">estimate D2E/DX2</scalar></list><list><scalar dataType="xsd:string" dictRef="g:symbol">A27</scalar><scalar dataType="xsd:integer" dictRef="g:atom1">8</scalar><scalar dataType="xsd:integer" dictRef="g:atom2">9</scalar><scalar dataType="xsd:integer" dictRef="g:atom3">11</scalar><scalar dataType="xsd:double" dictRef="cc:angle">134.9837</scalar><scalar dataType="xsd:string" dictRef="g:deriv">estimate D2E/DX2</scalar></list><list><scalar dataType="xsd:string" dictRef="g:symbol">A28</scalar><scalar dataType="xsd:integer" dictRef="g:atom1">8</scalar><scalar dataType="xsd:integer" dictRef="g:atom2">10</scalar><scalar dataType="xsd:integer" dictRef="g:atom3">11</scalar><scalar dataType="xsd:double" dictRef="cc:angle">135.0163</scalar><scalar dataType="xsd:string" dictRef="g:deriv">estimate D2E/DX2</scalar></list><list><scalar dataType="xsd:string" dictRef="g:symbol">A29</scalar><scalar dataType="xsd:integer" dictRef="g:atom1">8</scalar><scalar dataType="xsd:integer" dictRef="g:atom2">10</scalar><scalar dataType="xsd:integer" dictRef="g:atom3">12</scalar><scalar dataType="xsd:double" dictRef="cc:angle">120.0</scalar><scalar dataType="xsd:string" dictRef="g:deriv">estimate D2E/DX2</scalar></list><list><scalar dataType="xsd:string" dictRef="g:symbol">A30</scalar><scalar dataType="xsd:integer" dictRef="g:atom1">9</scalar><scalar dataType="xsd:integer" dictRef="g:atom2">10</scalar><scalar dataType="xsd:integer" dictRef="g:atom3">12</scalar><scalar dataType="xsd:double" dictRef="cc:angle">135.0163</scalar><scalar dataType="xsd:string" dictRef="g:deriv">estimate D2E/DX2</scalar></list><list><scalar dataType="xsd:string" dictRef="g:symbol">A31</scalar><scalar dataType="xsd:integer" dictRef="g:atom1">1</scalar><scalar dataType="xsd:integer" dictRef="g:atom2">11</scalar><scalar dataType="xsd:integer" dictRef="g:atom3">9</scalar><scalar dataType="xsd:double" dictRef="cc:angle">120.0</scalar><scalar dataType="xsd:string" dictRef="g:deriv">estimate D2E/DX2</scalar></list><list><scalar dataType="xsd:string" dictRef="g:symbol">A32</scalar><scalar dataType="xsd:integer" dictRef="g:atom1">1</scalar><scalar dataType="xsd:integer" dictRef="g:atom2">11</scalar><scalar dataType="xsd:integer" dictRef="g:atom3">10</scalar><scalar dataType="xsd:double" dictRef="cc:angle">134.9837</scalar><scalar dataType="xsd:string" dictRef="g:deriv">estimate D2E/DX2</scalar></list><list><scalar dataType="xsd:string" dictRef="g:symbol">A33</scalar><scalar dataType="xsd:integer" dictRef="g:atom1">9</scalar><scalar dataType="xsd:integer" dictRef="g:atom2">11</scalar><scalar dataType="xsd:integer" dictRef="g:atom3">12</scalar><scalar dataType="xsd:double" dictRef="cc:angle">134.9837</scalar><scalar dataType="xsd:string" dictRef="g:deriv">estimate D2E/DX2</scalar></list><list><scalar dataType="xsd:string" dictRef="g:symbol">A34</scalar><scalar dataType="xsd:integer" dictRef="g:atom1">1</scalar><scalar dataType="xsd:integer" dictRef="g:atom2">12</scalar><scalar dataType="xsd:integer" dictRef="g:atom3">10</scalar><scalar dataType="xsd:double" dictRef="cc:angle">135.0163</scalar><scalar dataType="xsd:string" dictRef="g:deriv">estimate D2E/DX2</scalar></list><list><scalar dataType="xsd:string" dictRef="g:symbol">A35</scalar><scalar dataType="xsd:integer" dictRef="g:atom1">2</scalar><scalar dataType="xsd:integer" dictRef="g:atom2">12</scalar><scalar dataType="xsd:integer" dictRef="g:atom3">10</scalar><scalar dataType="xsd:double" dictRef="cc:angle">120.0</scalar><scalar dataType="xsd:string" dictRef="g:deriv">estimate D2E/DX2</scalar></list><list><scalar dataType="xsd:string" dictRef="g:symbol">A36</scalar><scalar dataType="xsd:integer" dictRef="g:atom1">2</scalar><scalar dataType="xsd:integer" dictRef="g:atom2">12</scalar><scalar dataType="xsd:integer" dictRef="g:atom3">11</scalar><scalar dataType="xsd:double" dictRef="cc:angle">135.0163</scalar><scalar dataType="xsd:string" dictRef="g:deriv">estimate D2E/DX2</scalar></list></list> ! D1    D(11,1,2,4)             0.0            estimate D2E/DX2                ! ! D2    D(11,1,3,4)             0.0            estimate D2E/DX2                ! ! D3    D(11,1,3,5)             0.0            estimate D2E/DX2                ! ! D4    D(12,1,3,4)             0.0            estimate D2E/DX2                ! ! D5    D(12,1,3,5)             0.0            estimate D2E/DX2                ! ! D6    D(2,1,11,9)             0.0            estimate D2E/DX2                ! ! D7    D(2,1,11,10)            0.0            estimate D2E/DX2                ! ! D8    D(3,1,11,9)             0.0            estimate D2E/DX2                ! ! D9    D(3,1,11,10)            0.0            estimate D2E/DX2                ! ! D10   D(3,1,12,10)            0.0            estimate D2E/DX2                ! ! D11   D(12,2,3,5)             0.0            estimate D2E/DX2                ! ! D12   D(1,2,4,5)              0.0            estimate D2E/DX2                ! ! D13   D(1,2,4,6)              0.0            estimate D2E/DX2                ! ! D14   D(12,2,4,5)             0.0            estimate D2E/DX2                ! ! D15   D(12,2,4,6)             0.0            estimate D2E/DX2                ! ! D16   D(3,2,12,10)            0.0            estimate D2E/DX2                ! ! D17   D(3,2,12,11)            0.0            estimate D2E/DX2                ! ! D18   D(4,2,12,10)            0.0            estimate D2E/DX2                ! ! D19   D(4,2,12,11)            0.0            estimate D2E/DX2                ! ! D20   D(1,3,4,6)              0.0            estimate D2E/DX2                ! ! D21   D(1,3,5,6)              0.0            estimate D2E/DX2                ! ! D22   D(1,3,5,7)              0.0            estimate D2E/DX2                ! ! D23   D(2,3,5,6)              0.0            estimate D2E/DX2                ! ! D24   D(2,3,5,7)              0.0            estimate D2E/DX2                ! ! D25   D(2,4,5,7)              0.0            estimate D2E/DX2                ! ! D26   D(2,4,6,7)              0.0            estimate D2E/DX2                ! ! D27   D(2,4,6,8)              0.0            estimate D2E/DX2                ! ! D28   D(3,4,6,7)              0.0            estimate D2E/DX2                ! ! D29   D(3,4,6,8)              0.0            estimate D2E/DX2                ! ! D30   D(3,5,6,8)              0.0            estimate D2E/DX2                ! ! D31   D(3,5,7,8)              0.0            estimate D2E/DX2                ! ! D32   D(3,5,7,9)              0.0            estimate D2E/DX2                ! ! D33   D(4,5,7,8)              0.0            estimate D2E/DX2                ! ! D34   D(4,5,7,9)              0.0            estimate D2E/DX2                ! ! D35   D(4,6,7,9)              0.0            estimate D2E/DX2                ! ! D36   D(4,6,8,9)              0.0            estimate D2E/DX2                ! ! D37   D(4,6,8,10)             0.0            estimate D2E/DX2                ! ! D38   D(5,6,8,9)              0.0            estimate D2E/DX2                ! ! D39   D(5,6,8,10)             0.0            estimate D2E/DX2                ! ! D40   D(5,7,8,10)             0.0            estimate D2E/DX2                ! ! D41   D(5,7,9,10)             0.0            estimate D2E/DX2                ! ! D42   D(5,7,9,11)             0.0            estimate D2E/DX2                ! ! D43   D(6,7,9,10)             0.0            estimate D2E/DX2                ! ! D44   D(6,7,9,11)             0.0            estimate D2E/DX2                ! ! D45   D(6,8,9,11)             0.0            estimate D2E/DX2                ! ! D46   D(6,8,10,11)            0.0            estimate D2E/DX2                ! ! D47   D(6,8,10,12)            0.0            estimate D2E/DX2                ! ! D48   D(7,8,10,11)            0.0            estimate D2E/DX2                ! ! D49   D(7,8,10,12)            0.0            estimate D2E/DX2                ! ! D50   D(7,9,10,12)            0.0            estimate D2E/DX2                ! ! D51   D(7,9,11,1)             0.0            estimate D2E/DX2                ! ! D52   D(7,9,11,12)            0.0            estimate D2E/DX2                ! ! D53   D(8,9,11,1)             0.0            estimate D2E/DX2                ! ! D54   D(8,9,11,12)            0.0            estimate D2E/DX2                ! ! D55   D(8,10,11,1)            0.0            estimate D2E/DX2                ! ! D56   D(8,10,12,1)            0.0            estimate D2E/DX2                ! ! D57   D(8,10,12,2)            0.0            estimate D2E/DX2                ! ! D58   D(9,10,12,1)            0.0            estimate D2E/DX2                ! ! D59   D(9,10,12,2)            0.0            estimate D2E/DX2                ! ! D60   D(9,11,12,2)            0.0            estimate D2E/DX2                !</module> --------------------------------------------------------------------------------<module cmlx:lineCount="2" cmlx:templateRef="l103.trust"><list cmlx:templateRef="length"><list><scalar dataType="xsd:double" dictRef="g:trustrad">0.3</scalar><scalar dataType="xsd:double" dictRef="g:fncerr">1.0E-7</scalar><scalar dataType="xsd:double" dictRef="g:grderr">1.0E-6</scalar></list></list><list cmlx:templateRef="angle"><list><scalar dataType="xsd:integer" dictRef="g:nstep">100</scalar><scalar dataType="xsd:integer" dictRef="g:allowedstep">100</scalar></list></list></module> GradGradGradGradGradGradGradGradGradGradGradGradGradGradGradGradGradGrad</module><module cmlx:lineCount="18" cmlx:templateRef="l202.orient"><list cmlx:templateRef="type"><scalar dataType="xsd:string" dictRef="g:type">Input</scalar></list><list cmlx:lineCount="12" cmlx:templateRef="atom"><array dataType="xsd:integer" dictRef="cc:serial" size="12">1 2 3 4 5 6 7 8 9 10 11 12</array><array dataType="xsd:integer" dictRef="cc:elementType" size="12">13 13 13 13 13 13 13 13 13 13 13 13</array><array dataType="xsd:integer" dictRef="g:atomicType" size="12">0 0 0 0 0 0 0 0 0 0 0 0</array><array dataType="xsd:double" dictRef="cc:x3" size="12">-2.965253 -2.567593 -1.482627 0.0 1.482627 2.567593 2.965253 2.567593 1.482627 0.0 -1.482627 -2.567593</array><array dataType="xsd:double" dictRef="cc:y3" size="12">0.0 1.482401 2.567985 2.964801 2.567985 1.482401 0.0 -1.482401 -2.567985 -2.964801 -2.567985 -1.482401</array><array dataType="xsd:double" dictRef="cc:z3" size="12">0.0 0.0 0.0 0.0 0.0 0.0 0.0 0.0 0.0 0.0 0.0 0.0</array></list></module><module cmlx:lineCount="14" cmlx:templateRef="l202.distmat"><list cmlx:templateRef="atom"><list><scalar dataType="xsd:integer" dictRef="cc:serial">1</scalar><scalar dataType="xsd:string" dictRef="cc:elementType">Al</scalar><scalar dataType="xsd:string" dictRef="cc:distances">0.000000</scalar></list><list><scalar dataType="xsd:integer" dictRef="cc:serial">2</scalar><scalar dataType="xsd:string" dictRef="cc:elementType">Al</scalar><scalar dataType="xsd:string" dictRef="cc:distances">1.534811   0.000000</scalar></list><list><scalar dataType="xsd:integer" dictRef="cc:serial">3</scalar><scalar dataType="xsd:string" dictRef="cc:elementType">Al</scalar><scalar dataType="xsd:string" dictRef="cc:distances">2.965253   1.534811   0.000000</scalar></list><list><scalar dataType="xsd:integer" dictRef="cc:serial">4</scalar><scalar dataType="xsd:string" dictRef="cc:elementType">Al</scalar><scalar dataType="xsd:string" dictRef="cc:distances">4.193182   2.964801   1.534811   0.000000</scalar></list><list><scalar dataType="xsd:integer" dictRef="cc:serial">5</scalar><scalar dataType="xsd:string" dictRef="cc:elementType">Al</scalar><scalar dataType="xsd:string" dictRef="cc:distances">5.135969   4.193182   2.965253   1.534811   0.000000</scalar></list><list><scalar dataType="xsd:integer" dictRef="cc:serial">6</scalar><scalar dataType="xsd:string" dictRef="cc:elementType">Al</scalar><scalar dataType="xsd:string" dictRef="cc:distances">5.727993   5.135187   4.193182   2.964801   1.534811</scalar></list><list><scalar dataType="xsd:integer" dictRef="cc:serial">7</scalar><scalar dataType="xsd:string" dictRef="cc:elementType">Al</scalar><scalar dataType="xsd:string" dictRef="cc:distances">5.930507   5.727993   5.135969   4.193182   2.965253</scalar></list><list><scalar dataType="xsd:integer" dictRef="cc:serial">8</scalar><scalar dataType="xsd:string" dictRef="cc:elementType">Al</scalar><scalar dataType="xsd:string" dictRef="cc:distances">5.727993   5.929603   5.727993   5.135187   4.193182</scalar></list><list><scalar dataType="xsd:integer" dictRef="cc:serial">9</scalar><scalar dataType="xsd:string" dictRef="cc:elementType">Al</scalar><scalar dataType="xsd:string" dictRef="cc:distances">5.135969   5.727993   5.930507   5.727993   5.135969</scalar></list><list><scalar dataType="xsd:integer" dictRef="cc:serial">10</scalar><scalar dataType="xsd:string" dictRef="cc:elementType">Al</scalar><scalar dataType="xsd:string" dictRef="cc:distances">4.193182   5.135187   5.727993   5.929603   5.727993</scalar></list><list><scalar dataType="xsd:integer" dictRef="cc:serial">11</scalar><scalar dataType="xsd:string" dictRef="cc:elementType">Al</scalar><scalar dataType="xsd:string" dictRef="cc:distances">2.965253   4.193182   5.135969   5.727993   5.930507</scalar></list><list><scalar dataType="xsd:integer" dictRef="cc:serial">12</scalar><scalar dataType="xsd:string" dictRef="cc:elementType">Al</scalar><scalar dataType="xsd:string" dictRef="cc:distances">1.534811   2.964801   4.193182   5.135187   5.727993</scalar></list></list></module>                    6          7          8          9         10     6  Al   0.000000     7  Al   1.534811   0.000000     8  Al   2.964801   1.534811   0.000000     9  Al   4.193182   2.965253   1.534811   0.000000    10  Al   5.135187   4.193182   2.964801   1.534811   0.000000    11  Al   5.727993   5.135969   4.193182   2.965253   1.534811    12  Al   5.929603   5.727993   5.135187   4.193182   2.964801                   11         12    11  Al   0.000000    12  Al   1.534811   0.000000<module cmlx:lineCount="6" cmlx:templateRef="l202.stoich"><list cmlx:templateRef="stoich"><scalar dataType="xsd:string" dictRef="cc:formula">Al12</scalar></list><list cmlx:templateRef="framework"><scalar dataType="xsd:string" dictRef="cc:frameworkgroup">D6H[3C2'(Al.Al),3C2"(Al.Al)]</scalar></list> Full point group                 D6H Largest Abelian subgroup         D2H     NOp   8 Largest concise Abelian subgroup D2      NOp   4</module><module cmlx:lineCount="18" cmlx:templateRef="l202.orient"><list cmlx:templateRef="type"><scalar dataType="xsd:string" dictRef="g:type">Standard</scalar></list><list cmlx:lineCount="12" cmlx:templateRef="atom"><array dataType="xsd:integer" dictRef="cc:serial" size="12">1 2 3 4 5 6 7 8 9 10 11 12</array><array dataType="xsd:integer" dictRef="cc:elementType" size="12">13 13 13 13 13 13 13 13 13 13 13 13</array><array dataType="xsd:integer" dictRef="g:atomicType" size="12">0 0 0 0 0 0 0 0 0 0 0 0</array><array dataType="xsd:double" dictRef="cc:x3" size="12">1.482627 0.0 -1.482627 -2.567593 -2.965253 -2.567593 -1.482627 0.0 1.482627 2.567593 2.965253 2.567593</array><array dataType="xsd:double" dictRef="cc:y3" size="12">2.567985 2.964801 2.567985 1.482401 0.0 -1.482401 -2.567985 -2.964801 -2.567985 -1.482401 0.0 1.482401</array><array dataType="xsd:double" dictRef="cc:z3" size="12">0.0 0.0 0.0 0.0 0.0 0.0 0.0 0.0 0.0 0.0 0.0 0.0</array></list></module><module cmlx:lineCount="1" cmlx:templateRef="l202.rotconst"/><module cmlx:lineCount="16" cmlx:templateRef="l301.basis"><list cmlx:templateRef="basis"><list><scalar dataType="xsd:string" dictRef="cc:basis">6-31G(d)</scalar><scalar dataType="xsd:string" dictRef="cc:diffuse">(6D, 7F)</scalar></list></list><list cmlx:templateRef="symmadapt"><list><scalar dataType="xsd:integer" dictRef="cc:adapted">48</scalar><scalar dataType="xsd:string" dictRef="cc:symm">AG</scalar></list><list><scalar dataType="xsd:integer" dictRef="cc:adapted">36</scalar><scalar dataType="xsd:string" dictRef="cc:symm">B1G</scalar></list><list><scalar dataType="xsd:integer" dictRef="cc:adapted">15</scalar><scalar dataType="xsd:string" dictRef="cc:symm">B2G</scalar></list><list><scalar dataType="xsd:integer" dictRef="cc:adapted">15</scalar><scalar dataType="xsd:string" dictRef="cc:symm">B3G</scalar></list><list><scalar dataType="xsd:integer" dictRef="cc:adapted">12</scalar><scalar dataType="xsd:string" dictRef="cc:symm">AU</scalar></list><list><scalar dataType="xsd:integer" dictRef="cc:adapted">18</scalar><scalar dataType="xsd:string" dictRef="cc:symm">B1U</scalar></list><list><scalar dataType="xsd:integer" dictRef="cc:adapted">42</scalar><scalar dataType="xsd:string" dictRef="cc:symm">B2U</scalar></list><list><scalar dataType="xsd:integer" dictRef="cc:adapted">42</scalar><scalar dataType="xsd:string" dictRef="cc:symm">B3U</scalar></list></list><list cmlx:templateRef="buffer"><scalar dataType="xsd:integer" dictRef="g:buffer">131072</scalar></list><list cmlx:templateRef="raff"><scalar dataType="xsd:string" dictRef="g:raffenetti">Raffenetti</scalar></list><list cmlx:templateRef="twoe"><scalar dataType="xsd:string" dictRef="g:twoe">Two-electron</scalar></list><list cmlx:templateRef="basiscount"><list><scalar dataType="xsd:integer" dictRef="cc:basiscount">228</scalar><scalar dataType="xsd:integer" dictRef="g:primbasis">624</scalar><scalar dataType="xsd:integer" dictRef="cc:cartesianbasis">228</scalar></list></list><list cmlx:templateRef="alphabeta"><list><scalar dataType="xsd:integer" dictRef="cc:alphae">78</scalar><scalar dataType="xsd:integer" dictRef="cc:betae">78</scalar></list></list> NAtoms=   12 NActive=   12 NUniq=    2 SFac= 3.00D+00 NAtFMM=   80 NAOKFM=F Big=F</module><module cmlx:lineCount="1" cmlx:templateRef="l302.basis"><list cmlx:templateRef="onee"><scalar dataType="xsd:string" dictRef="g:onee">One-electron integrals</scalar></list></module> NBasis=   228 RedAO= T  NBF=    48    36    15    15    12    18    42    42 NBsUse=   225 1.00D-06 NBFU=    48    35    15    15    12    18    41    41 Harris functional with IExCor=  402 diagonalized for initial guess. ExpMin= 5.57D-02 ExpMax= 1.40D+04 ExpMxC= 2.10D+03 IAcc=2 IRadAn=         4 AccDes= 0.00D+00 HarFok:  IExCor= 402 AccDes= 0.00D+00 IRadAn=         4 IDoV=1 ScaDFX=  1.000000  1.000000  1.000000  1.000000<module cmlx:lineCount="1" cmlx:templateRef="l401.orbsym"><list cmlx:templateRef="l401"><scalar dataType="xsd:string" dictRef="g:l401">Initial guess orbital symmetries:</scalar></list></module>       Occupied  (A1G) (E1U) (E1U) (E2G) (E2G) (B1U) (B2U) (E2G)                 (E2G) (E1U) (E1U) (A1G) (A1G) (E1U) (E1U) (E2G)                 (E2G) (B2U) (B1U) (E2G) (E2G) (E1U) (E1U) (A1G)                 (A2G) (E1U) (E1U) (E2G) (E2G) (B2U) (B1U) (E2G)                 (E2G) (E1U) (E1U) (A1G) (A2U) (E1G) (E1G) (E2U)                 (E2U) (E2G) (E2G) (B2G) (B1G) (B1U) (B2U) (E2U)                 (E2U) (E2G) (E2G) (E1G) (E1G) (E1U) (E1U) (A2U)                 (E1U) (E1U) (A1G) (A2G) (A1G) (E1U) (E1U) (E2G)                 (E2G) (B2U) (B1U) (A1G) (E2G) (E2G) (A2U) (E1U)                 (E1U) (E1G) (E1G) (E2U) (E2U) (E2G)       Virtual   (E2G) (E1U) (E1U) (A2G) (B1G) (B2G) (B2U) (B1U)                 (E2U) (E2U) (E2G) (E2G) (A1G) (A1G) (E1G) (E1G)                 (E1U) (E1U) (E1U) (E1U) (E2G) (E2G) (A2U) (A1G)                 (E1G) (E1G) (E1U) (E1U) (B2U) (B1U) (E1U) (E1U)                 (E2G) (E2G) (E2U) (E2U) (A1U) (E2G) (E2G) (A1G)                 (A2U) (A2G) (B2G) (B1G) (B1U) (B2U) (E1G) (E1G)                 (E2G) (E2G) (A2U) (E2U) (E2U) (?A) (?A) (?A) (?A)                 (A1G) (E2U) (E2U) (E1G) (E1G) (E2G) (E2G) (E1U)                 (E1U) (B2U) (B1U) (E2G) (E2G) (A2G) (B2G) (B1G)                 (E1G) (E1G) (A2U) (E2G) (E2G) (E1U) (E1U) (B2U)                 (B1U) (E2G) (E2G) (A1G) (E1U) (E1U) (A1G) (E2U)                 (E2U) (B1U) (B2U) (A1G) (E2G) (E2G) (E1U) (E1U)                 (E2G) (E2G) (E2U) (E2U) (B2G) (B1G) (E1G) (E1G)                 (E2G) (E2G) (B1U) (B2U) (A2U) (E2G) (E2G) (E1U)                 (E1U) (E2U) (E2U) (A1G) (E1U) (E1U) (A2G) (E1G)                 (E1G) (A1U) (E2G) (E2G) (A1G) (E1U) (E1U) (B2U)                 (B1U) (E1U) (E1U) (E2G) (E2G) (E1U) (E1U) (A1G)                 (E2G) (E2G) (A2G) (B1U) (B2U) (E2G) (E2G) (E1U)                 (E1U) (A1G) Requested convergence on RMS density matrix=1.00D-08 within 128 cycles. Requested convergence on MAX density matrix=1.00D-06. Requested convergence on             energy=1.00D-06. No special actions if energy rises. Keep R1 integrals in memory in canonical form, NReq=   347898779. Integral accuracy reduced to 1.0D-05 until final iterations. Density matrix breaks symmetry, PCut= 1.00D-04 Density has only Abelian symmetry. Density matrix breaks symmetry, PCut= 1.00D-04 Density has only Abelian symmetry. Density matrix breaks symmetry, PCut= 1.00D-04 Density has only Abelian symmetry. Density matrix breaks symmetry, PCut= 1.00D-04 Density has only Abelian symmetry. Density matrix breaks symmetry, PCut= 1.00D-04 Density has only Abelian symmetry. Density matrix breaks symmetry, PCut= 1.00D-04 Density has only Abelian symmetry. Density matrix breaks symmetry, PCut= 1.00D-04 Density has only Abelian symmetry. Density matrix breaks symmetry, PCut= 1.00D-04 Density has only Abelian symmetry. Density matrix breaks symmetry, PCut= 1.00D-04 Density has only Abelian symmetry. Initial convergence to 1.0D-05 achieved.  Increase integral accuracy. Density matrix breaks symmetry, PCut= 1.00D-04 Density has only Abelian symmetry. Density matrix breaks symmetry, PCut= 1.00D-04 Density has only Abelian symmetry. Density matrix breaks symmetry, PCut= 1.00D-04 Density has only Abelian symmetry. Density matrix breaks symmetry, PCut= 1.00D-04 Density has only Abelian symmetry. Density matrix breaks symmetry, PCut= 1.00D-04 Density has only Abelian symmetry. Density matrix breaks symmetry, PCut= 1.00D-04 Density has only Abelian symmetry. Density matrix breaks symmetry, PCut= 1.00D-04 Density has only Abelian symmetry. Density matrix breaks symmetry, PCut= 1.00D-04 Density has only Abelian symmetry. Density matrix breaks symmetry, PCut= 1.00D-04 Density has only Abelian symmetry. Density matrix breaks symmetry, PCut= 1.00D-04 Density has only Abelian symmetry. Density matrix breaks symmetry, PCut= 1.00D-04 Density has only Abelian symmetry. Density matrix breaks symmetry, PCut= 1.00D-04 Density has only Abelian symmetry. SCF Done:  E(RB+HF-LYP) =  -2904.67601617     A.U. after   20 cycles             Convg  =    0.9365D-08             -V/T =  1.9964             S**2   =   0.0000<module cmlx:lineCount="156" cmlx:templateRef="l601.popanal" xmlns:xi="http://www.w3.org/2001/XInclude"> **********************************************************************            Population analysis using the SCF density. **********************************************************************<module cmlx:lineCount="1" cmlx:templateRef="orbitalsym"/><list cmlx:templateRef="popanal"><scalar dataType="xsd:string" dictRef="x:popanal">Occupied  (?A) (?B) (?B) (?A) (?A) (?B) (?B) (?A) (?A) (?B)</scalar><scalar dataType="xsd:string" dictRef="x:popanal">(?B) (?A) (?C) (?B) (?B) (?C) (?C) (?B) (?B) (?C)</scalar><scalar dataType="xsd:string" dictRef="x:popanal">(?C) (?B) (?B) (?C) (?B) (?D) (?D) (?B) (?B) (?D)</scalar><scalar dataType="xsd:string" dictRef="x:popanal">(?D) (?B) (?B) (?D) (?D) (?B) (?D) (?D) (?D) (?D)</scalar><scalar dataType="xsd:string" dictRef="x:popanal">(?D) (?D) (?D) (?B) (?D) (?D) (?B) (?D) (?B) (?D)</scalar><scalar dataType="xsd:string" dictRef="x:popanal">(?D) (?B) (?D) (?D) (?D) (?D) (?B) (?D) (?D) (?B)</scalar><scalar dataType="xsd:string" dictRef="x:popanal">(B2G) (?D) (?D) (B2G) (B2G) (?D) (?D) (B2G) (?D)</scalar><scalar dataType="xsd:string" dictRef="x:popanal">(B2G) (B2G) (?D) (?D) (?D) (?D) (?D) (?D) (B2G)</scalar><scalar dataType="xsd:string" dictRef="x:popanal">Virtual   (B2G) (?D) (?D) (?D) (?D) (B2G) (?D) (?D) (?D)</scalar><scalar dataType="xsd:string" dictRef="x:popanal">(?D) (?C) (?C) (?C) (B2G) (?D) (?D) (B2G) (B2G)</scalar><scalar dataType="xsd:string" dictRef="x:popanal">(?D) (?D) (?D) (?D) (?D) (?D) (?D) (?D) (?D) (B2G)</scalar><scalar dataType="xsd:string" dictRef="x:popanal">(?D) (?D) (?D) (?D) (?D) (?D) (B2G) (B2G) (B2G)</scalar><scalar dataType="xsd:string" dictRef="x:popanal">(?D) (?D) (B2G) (B2G) (?D) (?D) (B2G) (B2G) (B2G)</scalar><scalar dataType="xsd:string" dictRef="x:popanal">(B2G) (?D) (?D) (?D) (?D) (?D) (?D) (?D) (?D)</scalar><scalar dataType="xsd:string" dictRef="x:popanal">(?D) (?D) (?D) (?D) (?D) (B2G) (B2G) (?D) (?D)</scalar><scalar dataType="xsd:string" dictRef="x:popanal">(?D) (?D) (?D) (?D) (?D) (?D) (?D) (B2G) (B2G)</scalar><scalar dataType="xsd:string" dictRef="x:popanal">(?D) (?D) (?D) (?D) (?D) (?D) (?D) (?D) (?D) (?D)</scalar><scalar dataType="xsd:string" dictRef="x:popanal">(?D) (?D) (B2G) (?D) (?D) (?D) (?D) (?D) (?D)</scalar><scalar dataType="xsd:string" dictRef="x:popanal">(?D) (?D) (?D) (?D) (?D) (B2G) (B2G) (?D) (?D)</scalar><scalar dataType="xsd:string" dictRef="x:popanal">(B2G) (B1G) (E1G) (E1G) (?B) (?B) (?D) (?D) (?D)</scalar><scalar dataType="xsd:string" dictRef="x:popanal">(?D) (A2U) (?B) (?B) (E2U) (E2U) (?B) (?B) (A1G)</scalar><scalar dataType="xsd:string" dictRef="x:popanal">(?D) (E1G) (E1G) (A1U) (?D) (?D) (?D) (?D) (?D)</scalar><scalar dataType="xsd:string" dictRef="x:popanal">(?D) (?D) (?D) (?D) (?D) (?D) (?D) (?D) (?D) (?D)</scalar><scalar dataType="xsd:string" dictRef="x:popanal">(?D) (?D) (B1U) (B2U) (E2G) (E2G) (E1U) (E1U)</scalar><scalar dataType="xsd:string" dictRef="x:popanal">(A1G)</scalar><scalar dataType="xsd:string" dictRef="x:popanal">Unable to determine electronic state:  an orbital has unidentified symmetry.</scalar><scalar dataType="xsd:string" dictRef="x:popanal">Alpha  occ. eigenvalues --  -56.12094 -56.12087 -56.12087 -56.12085 -56.12076</scalar><scalar dataType="xsd:string" dictRef="x:popanal">Alpha  occ. eigenvalues --  -56.12076 -56.12076 -56.12074 -56.09898 -56.09894</scalar><scalar dataType="xsd:string" dictRef="x:popanal">Alpha  occ. eigenvalues --  -56.09894 -56.09892  -4.28051  -4.27815  -4.27815</scalar><scalar dataType="xsd:string" dictRef="x:popanal">Alpha  occ. eigenvalues --   -4.27414  -4.26428  -4.25768  -4.25768  -4.25147</scalar><scalar dataType="xsd:string" dictRef="x:popanal">Alpha  occ. eigenvalues --   -4.23763  -4.23390  -4.23389  -4.23143  -2.89976</scalar><scalar dataType="xsd:string" dictRef="x:popanal">Alpha  occ. eigenvalues --   -2.89226  -2.89226  -2.87498  -2.86449  -2.83931</scalar><scalar dataType="xsd:string" dictRef="x:popanal">Alpha  occ. eigenvalues --   -2.83928  -2.81483  -2.81440  -2.80898  -2.80897</scalar><scalar dataType="xsd:string" dictRef="x:popanal">Alpha  occ. eigenvalues --   -2.80881  -2.80078  -2.80003  -2.80002  -2.79892</scalar><scalar dataType="xsd:string" dictRef="x:popanal">Alpha  occ. eigenvalues --   -2.79201  -2.79127  -2.79126  -2.79101  -2.79025</scalar><scalar dataType="xsd:string" dictRef="x:popanal">Alpha  occ. eigenvalues --   -2.79025  -2.79022  -2.78872  -2.78699  -2.77592</scalar><scalar dataType="xsd:string" dictRef="x:popanal">Alpha  occ. eigenvalues --   -2.77591  -2.77443  -2.77425  -2.77362  -2.77361</scalar><scalar dataType="xsd:string" dictRef="x:popanal">Alpha  occ. eigenvalues --   -2.77305  -2.77271  -2.77247  -2.77246  -2.76735</scalar><scalar dataType="xsd:string" dictRef="x:popanal">Alpha  occ. eigenvalues --   -0.54844  -0.52497  -0.52496  -0.46679  -0.45989</scalar><scalar dataType="xsd:string" dictRef="x:popanal">Alpha  occ. eigenvalues --   -0.37727  -0.37724  -0.29474  -0.28533  -0.27822</scalar><scalar dataType="xsd:string" dictRef="x:popanal">Alpha  occ. eigenvalues --   -0.27451  -0.26492  -0.26491  -0.26344  -0.26343</scalar><scalar dataType="xsd:string" dictRef="x:popanal">Alpha  occ. eigenvalues --   -0.21136  -0.20379  -0.19236</scalar><scalar dataType="xsd:string" dictRef="x:popanal">Alpha virt. eigenvalues --   -0.16873  -0.15740  -0.15740  -0.10622  -0.10619</scalar><scalar dataType="xsd:string" dictRef="x:popanal">Alpha virt. eigenvalues --   -0.09528  -0.07162  -0.07149  -0.00838  -0.00731</scalar><scalar dataType="xsd:string" dictRef="x:popanal">Alpha virt. eigenvalues --    0.03012   0.03295   0.03359   0.05186   0.05516</scalar><scalar dataType="xsd:string" dictRef="x:popanal">Alpha virt. eigenvalues --    0.05517   0.08124   0.08418   0.08868   0.08868</scalar><scalar dataType="xsd:string" dictRef="x:popanal">Alpha virt. eigenvalues --    0.10046   0.10046   0.10057   0.12176   0.12181</scalar><scalar dataType="xsd:string" dictRef="x:popanal">Alpha virt. eigenvalues --    0.12289   0.12290   0.12900   0.14190   0.14528</scalar><scalar dataType="xsd:string" dictRef="x:popanal">Alpha virt. eigenvalues --    0.15721   0.15723   0.16047   0.16047   0.16752</scalar><scalar dataType="xsd:string" dictRef="x:popanal">Alpha virt. eigenvalues --    0.17154   0.18001   0.18085   0.18089   0.18118</scalar><scalar dataType="xsd:string" dictRef="x:popanal">Alpha virt. eigenvalues --    0.19983   0.22083   0.22087   0.22454   0.22793</scalar><scalar dataType="xsd:string" dictRef="x:popanal">Alpha virt. eigenvalues --    0.22842   0.22889   0.22930   0.23342   0.23360</scalar><scalar dataType="xsd:string" dictRef="x:popanal">Alpha virt. eigenvalues --    0.23603   0.23740   0.25464   0.25466   0.25801</scalar><scalar dataType="xsd:string" dictRef="x:popanal">Alpha virt. eigenvalues --    0.25801   0.29021   0.29021   0.29208   0.29210</scalar><scalar dataType="xsd:string" dictRef="x:popanal">Alpha virt. eigenvalues --    0.30652   0.30695   0.33474   0.33952   0.33952</scalar><scalar dataType="xsd:string" dictRef="x:popanal">Alpha virt. eigenvalues --    0.34108   0.34580   0.34583   0.38615   0.39150</scalar><scalar dataType="xsd:string" dictRef="x:popanal">Alpha virt. eigenvalues --    0.39417   0.43707   0.43924   0.44436   0.44437</scalar><scalar dataType="xsd:string" dictRef="x:popanal">Alpha virt. eigenvalues --    0.44462   0.44643   0.44645   0.45656   0.45664</scalar><scalar dataType="xsd:string" dictRef="x:popanal">Alpha virt. eigenvalues --    0.46587   0.46601   0.47758   0.47758   0.52897</scalar><scalar dataType="xsd:string" dictRef="x:popanal">Alpha virt. eigenvalues --    0.54658   0.56298   0.56298   0.56870   0.57169</scalar><scalar dataType="xsd:string" dictRef="x:popanal">Alpha virt. eigenvalues --    0.57244   0.57566   0.58089   0.58091   0.58890</scalar><scalar dataType="xsd:string" dictRef="x:popanal">Alpha virt. eigenvalues --    0.65807   0.65808   0.66017   0.66358   0.71418</scalar><scalar dataType="xsd:string" dictRef="x:popanal">Alpha virt. eigenvalues --    0.71481   0.82257   0.82273   0.84851   0.84851</scalar><scalar dataType="xsd:string" dictRef="x:popanal">Alpha virt. eigenvalues --    0.88920   0.88992   0.89870   0.89894   0.92405</scalar><scalar dataType="xsd:string" dictRef="x:popanal">Alpha virt. eigenvalues --    0.92617   0.94450   0.97952   0.97955   1.00281</scalar><scalar dataType="xsd:string" dictRef="x:popanal">Alpha virt. eigenvalues --    1.00391   1.02200   1.02204   1.05533   1.10086</scalar><scalar dataType="xsd:string" dictRef="x:popanal">Alpha virt. eigenvalues --    1.29280   1.29280   1.57612   1.90345   1.92558</scalar><scalar dataType="xsd:string" dictRef="x:popanal">Alpha virt. eigenvalues --    1.93343   1.94294   1.94295   1.97718   1.97755</scalar><scalar dataType="xsd:string" dictRef="x:popanal">Alpha virt. eigenvalues --    2.04080   2.04087   2.05577   2.05620   2.14661</scalar><scalar dataType="xsd:string" dictRef="x:popanal">Alpha virt. eigenvalues --    2.14665   2.14752   2.22590   2.22944   2.38544</scalar><scalar dataType="xsd:string" dictRef="x:popanal">Alpha virt. eigenvalues --    2.66389   2.66513   3.27783   3.27801   4.68765</scalar><scalar dataType="xsd:string" dictRef="x:popanal">Alpha virt. eigenvalues --    4.68783   7.71537</scalar></list><module cmlx:lineCount="27" cmlx:templateRef="condensed"><list cmlx:templateRef="serial"><scalar dataType="xsd:string" dictRef="x:intarr">1          2          3          4          5          6</scalar></list><list cmlx:templateRef="row"><list><scalar dataType="xsd:integer" dictRef="cc:serial">1</scalar><scalar dataType="xsd:string" dictRef="cc:elementType">Al</scalar><scalar dataType="xsd:string" dictRef="x:floatArr">14.341573   1.088430  -0.115514   0.086239   0.001826  -0.044783</scalar></list><list><scalar dataType="xsd:integer" dictRef="cc:serial">2</scalar><scalar dataType="xsd:string" dictRef="cc:elementType">Al</scalar><scalar dataType="xsd:string" dictRef="x:floatArr">1.088430  15.950581   1.088430  -1.998837  -0.951234   0.003015</scalar></list><list><scalar dataType="xsd:integer" dictRef="cc:serial">3</scalar><scalar dataType="xsd:string" dictRef="cc:elementType">Al</scalar><scalar dataType="xsd:string" dictRef="x:floatArr">-0.115514   1.088430  14.341573  -1.047630  -2.006583   0.088051</scalar></list><list><scalar dataType="xsd:integer" dictRef="cc:serial">4</scalar><scalar dataType="xsd:string" dictRef="cc:elementType">Al</scalar><scalar dataType="xsd:string" dictRef="x:floatArr">0.086239  -1.998837  -1.047630  14.338383   1.085225  -0.113240</scalar></list><list><scalar dataType="xsd:integer" dictRef="cc:serial">5</scalar><scalar dataType="xsd:string" dictRef="cc:elementType">Al</scalar><scalar dataType="xsd:string" dictRef="x:floatArr">0.001826  -0.951234  -2.006583   1.085225  15.968706   1.085225</scalar></list><list><scalar dataType="xsd:integer" dictRef="cc:serial">6</scalar><scalar dataType="xsd:string" dictRef="cc:elementType">Al</scalar><scalar dataType="xsd:string" dictRef="x:floatArr">-0.044783   0.003015   0.088051  -0.113240   1.085225  14.338383</scalar></list><list><scalar dataType="xsd:integer" dictRef="cc:serial">7</scalar><scalar dataType="xsd:string" dictRef="cc:elementType">Al</scalar><scalar dataType="xsd:string" dictRef="x:floatArr">0.009797   0.191563   0.506288   0.088051  -2.006583  -1.047630</scalar></list><list><scalar dataType="xsd:integer" dictRef="cc:serial">8</scalar><scalar dataType="xsd:string" dictRef="cc:elementType">Al</scalar><scalar dataType="xsd:string" dictRef="x:floatArr">0.191563   0.182316   0.191563   0.003015  -0.951234  -1.998837</scalar></list><list><scalar dataType="xsd:integer" dictRef="cc:serial">9</scalar><scalar dataType="xsd:string" dictRef="cc:elementType">Al</scalar><scalar dataType="xsd:string" dictRef="x:floatArr">0.506288   0.191563   0.009797  -0.044783   0.001826   0.086239</scalar></list><list><scalar dataType="xsd:integer" dictRef="cc:serial">10</scalar><scalar dataType="xsd:string" dictRef="cc:elementType">Al</scalar><scalar dataType="xsd:string" dictRef="x:floatArr">0.088051   0.003015  -0.044783   0.009829   0.191823   0.506439</scalar></list><list><scalar dataType="xsd:integer" dictRef="cc:serial">11</scalar><scalar dataType="xsd:string" dictRef="cc:elementType">Al</scalar><scalar dataType="xsd:string" dictRef="x:floatArr">-2.006583  -0.951234   0.001826   0.191823   0.182861   0.191823</scalar></list><list><scalar dataType="xsd:integer" dictRef="cc:serial">12</scalar><scalar dataType="xsd:string" dictRef="cc:elementType">Al</scalar><scalar dataType="xsd:string" dictRef="x:floatArr">-1.047630  -1.998837   0.086239   0.506439   0.191823   0.009829</scalar></list><list><scalar dataType="xsd:integer" dictRef="cc:serial">7</scalar><scalar dataType="xsd:string" dictRef="cc:elementType">8</scalar><scalar dataType="xsd:string" dictRef="x:floatArr">9         10         11         12</scalar></list><list><scalar dataType="xsd:integer" dictRef="cc:serial">1</scalar><scalar dataType="xsd:string" dictRef="cc:elementType">Al</scalar><scalar dataType="xsd:string" dictRef="x:floatArr">0.009797   0.191563   0.506288   0.088051  -2.006583  -1.047630</scalar></list><list><scalar dataType="xsd:integer" dictRef="cc:serial">2</scalar><scalar dataType="xsd:string" dictRef="cc:elementType">Al</scalar><scalar dataType="xsd:string" dictRef="x:floatArr">0.191563   0.182316   0.191563   0.003015  -0.951234  -1.998837</scalar></list><list><scalar dataType="xsd:integer" dictRef="cc:serial">3</scalar><scalar dataType="xsd:string" dictRef="cc:elementType">Al</scalar><scalar dataType="xsd:string" dictRef="x:floatArr">0.506288   0.191563   0.009797  -0.044783   0.001826   0.086239</scalar></list><list><scalar dataType="xsd:integer" dictRef="cc:serial">4</scalar><scalar dataType="xsd:string" dictRef="cc:elementType">Al</scalar><scalar dataType="xsd:string" dictRef="x:floatArr">0.088051   0.003015  -0.044783   0.009829   0.191823   0.506439</scalar></list><list><scalar dataType="xsd:integer" dictRef="cc:serial">5</scalar><scalar dataType="xsd:string" dictRef="cc:elementType">Al</scalar><scalar dataType="xsd:string" dictRef="x:floatArr">-2.006583  -0.951234   0.001826   0.191823   0.182861   0.191823</scalar></list><list><scalar dataType="xsd:integer" dictRef="cc:serial">6</scalar><scalar dataType="xsd:string" dictRef="cc:elementType">Al</scalar><scalar dataType="xsd:string" dictRef="x:floatArr">-1.047630  -1.998837   0.086239   0.506439   0.191823   0.009829</scalar></list><list><scalar dataType="xsd:integer" dictRef="cc:serial">7</scalar><scalar dataType="xsd:string" dictRef="cc:elementType">Al</scalar><scalar dataType="xsd:string" dictRef="x:floatArr">14.341573   1.088430  -0.115514   0.086239   0.001826  -0.044783</scalar></list><list><scalar dataType="xsd:integer" dictRef="cc:serial">8</scalar><scalar dataType="xsd:string" dictRef="cc:elementType">Al</scalar><scalar dataType="xsd:string" dictRef="x:floatArr">1.088430  15.950581   1.088430  -1.998837  -0.951234   0.003015</scalar></list><list><scalar dataType="xsd:integer" dictRef="cc:serial">9</scalar><scalar dataType="xsd:string" dictRef="cc:elementType">Al</scalar><scalar dataType="xsd:string" dictRef="x:floatArr">-0.115514   1.088430  14.341573  -1.047630  -2.006583   0.088051</scalar></list><list><scalar dataType="xsd:integer" dictRef="cc:serial">10</scalar><scalar dataType="xsd:string" dictRef="cc:elementType">Al</scalar><scalar dataType="xsd:string" dictRef="x:floatArr">0.086239  -1.998837  -1.047630  14.338383   1.085225  -0.113240</scalar></list><list><scalar dataType="xsd:integer" dictRef="cc:serial">11</scalar><scalar dataType="xsd:string" dictRef="cc:elementType">Al</scalar><scalar dataType="xsd:string" dictRef="x:floatArr">0.001826  -0.951234  -2.006583   1.085225  15.968706   1.085225</scalar></list><list><scalar dataType="xsd:integer" dictRef="cc:serial">12</scalar><scalar dataType="xsd:string" dictRef="cc:elementType">Al</scalar><scalar dataType="xsd:string" dictRef="x:floatArr">-0.044783   0.003015   0.088051  -0.113240   1.085225  14.338383</scalar></list></list></module><module cmlx:lineCount="32" cmlx:templateRef="mulliken"><module cmlx:lineCount="14" cmlx:templateRef="mullik"><list cmlx:templateRef="title"><scalar dataType="xsd:string" dictRef="g:title">Mulliken atomic charges:</scalar></list><list cmlx:templateRef="serial"><scalar dataType="xsd:integer" dictRef="cc:serial">1</scalar></list></module> Sum of Mulliken charges=   0.00000 Sum of Mulliken charges=   0.00000 Electronic spatial extent (au):  &lt;R**2&gt;=  5205.0241 Charge=     0.0000 electrons</module><module cmlx:lineCount="18" cmlx:templateRef="multipole"><list cmlx:templateRef="dipoletype"><scalar dataType="xsd:string" dictRef="g:dipoletype">field-independent basis, Debye</scalar></list><list cmlx:templateRef="dipole"><list><scalar dataType="xsd:double" dictRef="x:x">0.0</scalar><scalar dataType="xsd:double" dictRef="x:y">0.0</scalar><scalar dataType="xsd:double" dictRef="x:z">0.0</scalar><scalar dataType="xsd:double" dictRef="x:dipole">0.0</scalar></list></list><list cmlx:templateRef="quadrupoletype"><scalar dataType="xsd:string" dictRef="g:quadpoletype">field-independent basis, Debye-Ang</scalar></list><list cmlx:templateRef="quadrupol"><list><scalar dataType="xsd:double" dictRef="x:x">-132.5707</scalar><scalar dataType="xsd:double" dictRef="x:y">-132.5551</scalar><scalar dataType="xsd:double" dictRef="x:z">-148.4243</scalar></list></list><list cmlx:templateRef="xy"><list><scalar dataType="xsd:double" dictRef="x:x">0.0</scalar><scalar dataType="xsd:double" dictRef="x:y">0.0</scalar><scalar dataType="xsd:double" dictRef="x:z">0.0</scalar></list></list><list cmlx:templateRef="quadrupoletypea"><scalar dataType="xsd:string" dictRef="g:quadpoletype">field-independent basis, Debye-Ang</scalar></list><list cmlx:templateRef="xx"><list><scalar dataType="xsd:double" dictRef="x:x">5.2794</scalar><scalar dataType="xsd:double" dictRef="x:y">5.2949</scalar><scalar dataType="xsd:double" dictRef="x:z">-10.5743</scalar></list></list><list cmlx:templateRef="xya"><list><scalar dataType="xsd:double" dictRef="x:x">0.0</scalar><scalar dataType="xsd:double" dictRef="x:y">0.0</scalar><scalar dataType="xsd:double" dictRef="x:z">0.0</scalar></list></list><list cmlx:templateRef="octapoletype"><scalar dataType="xsd:string" dictRef="g:octapoletype">field-independent basis, Debye-Ang**2</scalar></list><list cmlx:templateRef="xxx"><list><scalar dataType="xsd:double" dictRef="x:xxx">0.0</scalar><scalar dataType="xsd:double" dictRef="x:yyy">0.0</scalar><scalar dataType="xsd:double" dictRef="x:zzz">0.0</scalar><scalar dataType="xsd:double" dictRef="x:xyy">0.0</scalar></list></list><list cmlx:templateRef="xxy"><list><scalar dataType="xsd:double" dictRef="x:xxy">0.0</scalar><scalar dataType="xsd:double" dictRef="x:xxz">0.0</scalar><scalar dataType="xsd:double" dictRef="x:xzz">0.0</scalar><scalar dataType="xsd:double" dictRef="x:xzz">0.0</scalar></list></list><list cmlx:templateRef="yyz"><list><scalar dataType="xsd:double" dictRef="x:yyz">0.0</scalar><scalar dataType="xsd:double" dictRef="x:xyz">0.0</scalar></list></list><list cmlx:templateRef="hexadecapoletype"><scalar dataType="xsd:string" dictRef="g:hexadecapoletype">field-independent basis, Debye-Ang**3</scalar></list><list cmlx:templateRef="xxxx"><list><scalar dataType="xsd:double" dictRef="x:xxxx">-3970.3096</scalar><scalar dataType="xsd:double" dictRef="x:yyyy">-3969.9492</scalar><scalar dataType="xsd:double" dictRef="x:zzzz">-280.7083</scalar><scalar dataType="xsd:double" dictRef="x:xxxy">0.0</scalar></list></list><list cmlx:templateRef="xxxz"><list><scalar dataType="xsd:double" dictRef="x:xxxz">0.0</scalar><scalar dataType="xsd:double" dictRef="x:yyyx">0.0</scalar><scalar dataType="xsd:double" dictRef="x:yyyz">0.0</scalar><scalar dataType="xsd:double" dictRef="x:zzzx">0.0</scalar></list></list><list cmlx:templateRef="zzzy"><list><scalar dataType="xsd:double" dictRef="x:zzzy">0.0</scalar><scalar dataType="xsd:double" dictRef="x:xxyy">-1228.6213</scalar><scalar dataType="xsd:double" dictRef="x:xxzz">-744.536</scalar><scalar dataType="xsd:double" dictRef="x:yyzz">-744.5313</scalar></list></list><list cmlx:templateRef="xzz"><scalar dataType="xsd:string" dictRef="x:xzz">N-N= 1.803905466281D+03 E-N=-1.053945587618D+04  KE= 2.915247664742D+03</scalar></list></module></module> Symmetry AG   KE= 8.523627875671D+02 Symmetry B1G  KE= 4.844526436928D+02 Symmetry B2G  KE= 6.091730895247D+01 Symmetry B3G  KE= 6.091732043836D+01 Symmetry AU   KE= 4.143011150112D+01 Symmetry B1U  KE= 8.263075915518D+01 Symmetry B2U  KE= 6.662681030906D+02 Symmetry B3U  KE= 6.662686303442D+02 Density matrix has only Abelian symmetry. Density matrix has only Abelian symmetry. ***** Axes restored to original set *****<module cmlx:lineCount="18" cmlx:templateRef="forces"><list cmlx:templateRef="force"><list><scalar dataType="xsd:integer" dictRef="x:serial">1</scalar><scalar dataType="xsd:integer" dictRef="x:elementType">13</scalar><scalar dataType="xsd:double" dictRef="x:x3">-0.305801438</scalar><scalar dataType="xsd:double" dictRef="x:y3">0.020892173</scalar><scalar dataType="xsd:double" dictRef="x:z3">0.0</scalar></list><list><scalar dataType="xsd:integer" dictRef="x:serial">2</scalar><scalar dataType="xsd:integer" dictRef="x:elementType">13</scalar><scalar dataType="xsd:double" dictRef="x:x3">-0.281341006</scalar><scalar dataType="xsd:double" dictRef="x:y3">0.162432306</scalar><scalar dataType="xsd:double" dictRef="x:z3">0.0</scalar></list><list><scalar dataType="xsd:integer" dictRef="x:serial">3</scalar><scalar dataType="xsd:integer" dictRef="x:elementType">13</scalar><scalar dataType="xsd:double" dictRef="x:x3">-0.170993871</scalar><scalar dataType="xsd:double" dictRef="x:y3">0.254385728</scalar><scalar dataType="xsd:double" dictRef="x:z3">0.0</scalar></list><list><scalar dataType="xsd:integer" dictRef="x:serial">4</scalar><scalar dataType="xsd:integer" dictRef="x:elementType">13</scalar><scalar dataType="xsd:double" dictRef="x:x3">0.02091171</scalar><scalar dataType="xsd:double" dictRef="x:y3">0.30505167</scalar><scalar dataType="xsd:double" dictRef="x:z3">0.0</scalar></list><list><scalar dataType="xsd:integer" dictRef="x:serial">5</scalar><scalar dataType="xsd:integer" dictRef="x:elementType">13</scalar><scalar dataType="xsd:double" dictRef="x:x3">0.162797996</scalar><scalar dataType="xsd:double" dictRef="x:y3">0.2819744</scalar><scalar dataType="xsd:double" dictRef="x:z3">0.0</scalar></list><list><scalar dataType="xsd:integer" dictRef="x:serial">6</scalar><scalar dataType="xsd:integer" dictRef="x:elementType">13</scalar><scalar dataType="xsd:double" dictRef="x:x3">0.25372664</scalar><scalar dataType="xsd:double" dictRef="x:y3">0.170635907</scalar><scalar dataType="xsd:double" dictRef="x:z3">0.0</scalar></list><list><scalar dataType="xsd:integer" dictRef="x:serial">7</scalar><scalar dataType="xsd:integer" dictRef="x:elementType">13</scalar><scalar dataType="xsd:double" dictRef="x:x3">0.305801438</scalar><scalar dataType="xsd:double" dictRef="x:y3">-0.020892173</scalar><scalar dataType="xsd:double" dictRef="x:z3">0.0</scalar></list><list><scalar dataType="xsd:integer" dictRef="x:serial">8</scalar><scalar dataType="xsd:integer" dictRef="x:elementType">13</scalar><scalar dataType="xsd:double" dictRef="x:x3">0.281341006</scalar><scalar dataType="xsd:double" dictRef="x:y3">-0.162432306</scalar><scalar dataType="xsd:double" dictRef="x:z3">0.0</scalar></list><list><scalar dataType="xsd:integer" dictRef="x:serial">9</scalar><scalar dataType="xsd:integer" dictRef="x:elementType">13</scalar><scalar dataType="xsd:double" dictRef="x:x3">0.170993871</scalar><scalar dataType="xsd:double" dictRef="x:y3">-0.254385728</scalar><scalar dataType="xsd:double" dictRef="x:z3">0.0</scalar></list><list><scalar dataType="xsd:integer" dictRef="x:serial">10</scalar><scalar dataType="xsd:integer" dictRef="x:elementType">13</scalar><scalar dataType="xsd:double" dictRef="x:x3">-0.02091171</scalar><scalar dataType="xsd:double" dictRef="x:y3">-0.30505167</scalar><scalar dataType="xsd:double" dictRef="x:z3">0.0</scalar></list><list><scalar dataType="xsd:integer" dictRef="x:serial">11</scalar><scalar dataType="xsd:integer" dictRef="x:elementType">13</scalar><scalar dataType="xsd:double" dictRef="x:x3">-0.162797996</scalar><scalar dataType="xsd:double" dictRef="x:y3">-0.2819744</scalar><scalar dataType="xsd:double" dictRef="x:z3">0.0</scalar></list><list><scalar dataType="xsd:integer" dictRef="x:serial">12</scalar><scalar dataType="xsd:integer" dictRef="x:elementType">13</scalar><scalar dataType="xsd:double" dictRef="x:x3">-0.25372664</scalar><scalar dataType="xsd:double" dictRef="x:y3">-0.170635907</scalar><scalar dataType="xsd:double" dictRef="x:z3">0.0</scalar></list></list><list cmlx:templateRef="cartesianforce"><list><scalar dataType="xsd:double" dictRef="cc:maxforce">0.305801438</scalar><scalar dataType="xsd:double" dictRef="cc:rmsforce">0.180499217</scalar></list></list></module><module cmlx:lineCount="167" cmlx:templateRef="l103" xmlns:xi="http://www.w3.org/2001/XInclude"><list cmlx:templateRef="berny"><scalar dataType="xsd:string" dictRef="g:optimization">Internal  Forces:  Max     0.250956178 RMS     0.087679736</scalar></list> Search for a local minimum. Step number   1 out of a maximum of 100 All quantities printed in internal units (Hartrees-Bohrs-Radians) Second derivative matrix not updated -- first step.     Eigenvalues ---    0.03122   0.03122   0.03585   0.03586   0.04289     Eigenvalues ---    0.04289   0.05518   0.05518   0.07281   0.13833     Eigenvalues ---    0.16163   0.16163   0.19694   0.19694   0.21767     Eigenvalues ---    0.21778   0.22741   0.22741   0.66635   0.75308     Eigenvalues ---    0.75308   0.91084   0.91084   1.25440   1.25513     Eigenvalues ---    1.92851   1.92851   2.73325   2.73325   2.96047     Eigenvalues --- 1000.000001000.000001000.000001000.000001000.00000     Eigenvalues --- 1000.000001000.000001000.000001000.000001000.00000     Eigenvalues --- 1000.000001000.000001000.000001000.000001000.00000     Eigenvalues --- 1000.000001000.000001000.000001000.000001000.00000     Eigenvalues --- 1000.000001000.000001000.000001000.000001000.00000     Eigenvalues --- 1000.000001000.000001000.000001000.000001000.00000     Eigenvalues --- 1000.000001000.000001000.000001000.000001000.00000     Eigenvalues --- 1000.000001000.000001000.000001000.000001000.00000     Eigenvalues --- 1000.000001000.000001000.000001000.000001000.00000     Eigenvalues --- 1000.000001000.000001000.000001000.000001000.00000     Eigenvalues --- 1000.000001000.000001000.000001000.000001000.00000     Eigenvalues --- 1000.000001000.000001000.000001000.000001000.00000     Eigenvalues --- 1000.000001000.000001000.000001000.000001000.00000     Eigenvalues --- 1000.000001000.000001000.000001000.000001000.00000     Eigenvalues --- 1000.000001000.000001000.000001000.000001000.00000     Eigenvalues --- 1000.000001000.000001000.000001000.000001000.00000     Eigenvalues --- 1000.000001000.000001000.000001000.000001000.00000     Eigenvalues --- 1000.000001000.000001000.000001000.000001000.00000 RFO step:  Lambda=-6.83599261D-01. Linear search not attempted -- first point. Maximum step size (   0.300) exceeded in Quadratic search.    -- Step size scaled by   0.421 Iteration  1 RMS(Cart)=  0.02430777 RMS(Int)=  0.00001349 Iteration  2 RMS(Cart)=  0.00000882 RMS(Int)=  0.00000596 Iteration  3 RMS(Cart)=  0.00000000 RMS(Int)=  0.00000596<module cmlx:lineCount="122" cmlx:templateRef="l103.deltas"><list cmlx:lineCount="120" cmlx:templateRef="delta"><array dataType="xsd:string" dictRef="cc:variable" size="120">R1 R2 R3 R4 R5 R6 R7 R8 R9 R10 R11 R12 R13 R14 R15 R16 R17 R18 R19 R20 R21 R22 R23 R24 A1 A2 A3 A4 A5 A6 A7 A8 A9 A10 A11 A12 A13 A14 A15 A16 A17 A18 A19 A20 A21 A22 A23 A24 A25 A26 A27 A28 A29 A30 A31 A32 A33 A34 A35 A36 D1 D2 D3 D4 D5 D6 D7 D8 D9 D10 D11 D12 D13 D14 D15 D16 D17 D18 D19 D20 D21 D22 D23 D24 D25 D26 D27 D28 D29 D30 D31 D32 D33 D34 D35 D36 D37 D38 D39 D40 D41 D42 D43 D44 D45 D46 D47 D48 D49 D50 D51 D52 D53 D54 D55 D56 D57 D58 D59 D60</array><array dataType="xsd:double" dictRef="g:lastval" size="120">2.90037 5.60352 5.60352 2.90037 2.90037 5.60266 5.60266 2.90037 5.60352 2.90037 5.60266 2.90037 5.60352 2.90037 5.60266 2.90037 5.60352 2.90037 5.60266 2.90037 5.60352 2.90037 5.60266 2.90037 2.35591 2.0944 2.35591 2.35648 2.35648 2.0944 2.35591 2.0944 2.35591 2.35648 2.0944 2.35648 2.35591 2.0944 2.35591 2.35648 2.0944 2.35648 2.35591 2.0944 2.35591 2.35648 2.0944 2.35648 2.35591 2.0944 2.35591 2.35648 2.0944 2.35648 2.0944 2.35591 2.35591 2.35648 2.0944 2.35648 0.0 0.0 0.0 0.0 0.0 0.0 0.0 0.0 0.0 0.0 0.0 0.0 0.0 0.0 0.0 0.0 0.0 0.0 0.0 0.0 0.0 0.0 0.0 0.0 0.0 0.0 0.0 0.0 0.0 0.0 0.0 0.0 0.0 0.0 0.0 0.0 0.0 0.0 0.0 0.0 0.0 0.0 0.0 0.0 0.0 0.0 0.0 0.0 0.0 0.0 0.0 0.0 0.0 0.0 0.0 0.0 0.0 0.0 0.0 0.0</array><array dataType="xsd:double" dictRef="cc:deriv" size="120">0.12454 0.23686 0.25096 0.13307 0.12454 0.25062 0.25062 0.13307 0.25096 0.12454 0.23651 0.12454 0.25096 0.13307 0.25062 0.12454 0.23686 0.12454 0.25062 0.13307 0.25096 0.12454 0.23651 0.12454 0.00421 0.0017 -1.0E-4 -0.00421 -0.00421 -0.0034 -1.0E-4 0.0017 0.00421 0.00441 0.0017 1.0E-4 -0.0044 -0.00339 -0.0044 1.0E-4 0.0017 0.00441 0.00421 0.0017 -1.0E-4 -0.00421 -0.0034 -0.00421 -1.0E-4 0.0017 0.00421 0.00441 0.0017 1.0E-4 -0.00339 -0.0044 -0.0044 1.0E-4 0.0017 0.00441 0.0 0.0 0.0 0.0 0.0 0.0 0.0 0.0 0.0 0.0 0.0 0.0 0.0 0.0 0.0 0.0 0.0 0.0 0.0 0.0 0.0 0.0 0.0 0.0 0.0 0.0 0.0 0.0 0.0 0.0 0.0 0.0 0.0 0.0 0.0 0.0 0.0 0.0 0.0 0.0 0.0 0.0 0.0 0.0 0.0 0.0 0.0 0.0 0.0 0.0 0.0 0.0 0.0 0.0 0.0 0.0 0.0 0.0 0.0 0.0</array><array dataType="xsd:double" dictRef="cc:delta.linear" size="120">0.0 0.0 0.0 0.0 0.0 0.0 0.0 0.0 0.0 0.0 0.0 0.0 0.0 0.0 0.0 0.0 0.0 0.0 0.0 0.0 0.0 0.0 0.0 0.0 0.0 0.0 0.0 0.0 0.0 0.0 0.0 0.0 0.0 0.0 0.0 0.0 0.0 0.0 0.0 0.0 0.0 0.0 0.0 0.0 0.0 0.0 0.0 0.0 0.0 0.0 0.0 0.0 0.0 0.0 0.0 0.0 0.0 0.0 0.0 0.0 0.0 0.0 0.0 0.0 0.0 0.0 0.0 0.0 0.0 0.0 0.0 0.0 0.0 0.0 0.0 0.0 0.0 0.0 0.0 0.0 0.0 0.0 0.0 0.0 0.0 0.0 0.0 0.0 0.0 0.0 0.0 0.0 0.0 0.0 0.0 0.0 0.0 0.0 0.0 0.0 0.0 0.0 0.0 0.0 0.0 0.0 0.0 0.0 0.0 0.0 0.0 0.0 0.0 0.0 0.0 0.0 0.0 0.0 0.0 0.0</array><array dataType="xsd:double" dictRef="cc:delta.quad" size="120">0.03926 0.07348 0.07858 0.04078 0.03926 0.07848 0.07848 0.04078 0.07858 0.03926 0.07337 0.03926 0.07858 0.04078 0.07848 0.03926 0.07348 0.03926 0.07848 0.04078 0.07858 0.03926 0.07337 0.03926 0.00246 8.8E-4 -3.0E-5 -0.00246 -0.00246 -0.00176 -3.0E-5 8.8E-4 0.00246 0.00252 8.8E-4 3.0E-5 -0.00252 -0.00176 -0.00252 3.0E-5 8.8E-4 0.00252 0.00246 8.8E-4 -3.0E-5 -0.00246 -0.00176 -0.00246 -3.0E-5 8.8E-4 0.00246 0.00252 8.8E-4 3.0E-5 -0.00176 -0.00252 -0.00252 3.0E-5 8.8E-4 0.00252 0.0 0.0 0.0 0.0 0.0 0.0 0.0 0.0 0.0 0.0 0.0 0.0 0.0 0.0 0.0 0.0 0.0 0.0 0.0 0.0 0.0 0.0 0.0 0.0 0.0 0.0 0.0 0.0 0.0 0.0 0.0 0.0 0.0 0.0 0.0 0.0 0.0 0.0 0.0 0.0 0.0 0.0 0.0 0.0 0.0 0.0 0.0 0.0 0.0 0.0 0.0 0.0 0.0 0.0 0.0 0.0 0.0 0.0 0.0 0.0</array><array dataType="xsd:double" dictRef="cc:delta.total" size="120">0.04022 0.07515 0.07515 0.04022 0.04022 0.08022 0.08022 0.04022 0.07515 0.04022 0.08022 0.04022 0.07515 0.04022 0.08022 0.04022 0.07515 0.04022 0.08022 0.04022 0.07515 0.04022 0.08022 0.04022 0.00167 0.0 0.00167 -0.00167 -0.00167 0.0 0.00167 0.0 0.00167 -0.00167 0.0 -0.00167 0.00167 0.0 0.00167 -0.00167 0.0 -0.00167 0.00167 0.0 0.00167 -0.00167 0.0 -0.00167 0.00167 0.0 0.00167 -0.00167 0.0 -0.00167 0.0 0.00167 0.00167 -0.00167 0.0 -0.00167 0.0 0.0 0.0 0.0 0.0 0.0 0.0 0.0 0.0 0.0 0.0 0.0 0.0 0.0 0.0 0.0 0.0 0.0 0.0 0.0 0.0 0.0 0.0 0.0 0.0 0.0 0.0 0.0 0.0 0.0 0.0 0.0 0.0 0.0 0.0 0.0 0.0 0.0 0.0 0.0 0.0 0.0 0.0 0.0 0.0 0.0 0.0 0.0 0.0 0.0 0.0 0.0 0.0 0.0 0.0 0.0 0.0 0.0 0.0 0.0</array><array dataType="xsd:double" dictRef="cc:newval" size="120">2.94059 5.67867 5.67867 2.94059 2.94059 5.68288 5.68288 2.94059 5.67867 2.94059 5.68288 2.94059 5.67867 2.94059 5.68288 2.94059 5.67867 2.94059 5.68288 2.94059 5.67867 2.94059 5.68288 2.94059 2.35758 2.0944 2.35758 2.35481 2.35481 2.0944 2.35758 2.0944 2.35758 2.35481 2.0944 2.35481 2.35758 2.0944 2.35758 2.35481 2.0944 2.35481 2.35758 2.0944 2.35758 2.35481 2.0944 2.35481 2.35758 2.0944 2.35758 2.35481 2.0944 2.35481 2.0944 2.35758 2.35758 2.35481 2.0944 2.35481 0.0 0.0 0.0 0.0 0.0 0.0 0.0 0.0 0.0 0.0 0.0 0.0 0.0 0.0 0.0 0.0 0.0 0.0 0.0 0.0 0.0 0.0 0.0 0.0 0.0 0.0 0.0 0.0 0.0 0.0 0.0 0.0 0.0 0.0 0.0 0.0 0.0 0.0 0.0 0.0 0.0 0.0 0.0 0.0 0.0 0.0 0.0 0.0 0.0 0.0 0.0 0.0 0.0 0.0 0.0 0.0 0.0 0.0 0.0 0.0</array></list></module><module cmlx:lineCount="5" cmlx:templateRef="l103.itemconverge"><list cmlx:lineCount="4" cmlx:templateRef="components"><array dataType="xsd:string" dictRef="g:itemconverge"/><array dataType="xsd:double" dictRef="x:value" size="4">4.5E-4 3.0E-4 0.0018 0.0012</array><array dataType="xsd:double" dictRef="x:threshold" size="4">0.0 0.0 0.0 0.0</array><array dataType="xsd:string" dictRef="g:converged" size="4">NO NO NO NO</array></list></module> Predicted change in Energy=-2.602676D-01 GradGradGradGradGradGradGradGradGradGradGradGradGradGradGradGradGradGrad</module><module cmlx:lineCount="18" cmlx:templateRef="l202.orient"><list cmlx:templateRef="type"><scalar dataType="xsd:string" dictRef="g:type">Input</scalar></list><list cmlx:lineCount="12" cmlx:templateRef="atom"><array dataType="xsd:integer" dictRef="cc:serial" size="12">1 2 3 4 5 6 7 8 9 10 11 12</array><array dataType="xsd:integer" dictRef="cc:elementType" size="12">13 13 13 13 13 13 13 13 13 13 13 13</array><array dataType="xsd:integer" dictRef="g:atomicType" size="12">0 0 0 0 0 0 0 0 0 0 0 0</array><array dataType="xsd:double" dictRef="cc:x3" size="12">-3.005023 -2.604356 -1.502511 0.0 1.502511 2.604356 3.005023 2.604356 1.502511 0.0 -1.502511 -2.604356</array><array dataType="xsd:double" dictRef="cc:y3" size="12">0.0 1.503625 2.602426 3.007251 2.602426 1.503625 0.0 -1.503625 -2.602426 -3.007251 -2.602426 -1.503625</array><array dataType="xsd:double" dictRef="cc:z3" size="12">0.0 0.0 0.0 0.0 0.0 0.0 0.0 0.0 0.0 0.0 0.0 0.0</array></list></module><module cmlx:lineCount="14" cmlx:templateRef="l202.distmat"><list cmlx:templateRef="atom"><list><scalar dataType="xsd:integer" dictRef="cc:serial">1</scalar><scalar dataType="xsd:string" dictRef="cc:elementType">Al</scalar><scalar dataType="xsd:string" dictRef="cc:distances">0.000000</scalar></list><list><scalar dataType="xsd:integer" dictRef="cc:serial">2</scalar><scalar dataType="xsd:string" dictRef="cc:elementType">Al</scalar><scalar dataType="xsd:string" dictRef="cc:distances">1.556092   0.000000</scalar></list><list><scalar dataType="xsd:integer" dictRef="cc:serial">3</scalar><scalar dataType="xsd:string" dictRef="cc:elementType">Al</scalar><scalar dataType="xsd:string" dictRef="cc:distances">3.005023   1.556092   0.000000</scalar></list><list><scalar dataType="xsd:integer" dictRef="cc:serial">4</scalar><scalar dataType="xsd:string" dictRef="cc:elementType">Al</scalar><scalar dataType="xsd:string" dictRef="cc:distances">4.251320   3.007251   1.556092   0.000000</scalar></list><list><scalar dataType="xsd:integer" dictRef="cc:serial">5</scalar><scalar dataType="xsd:string" dictRef="cc:elementType">Al</scalar><scalar dataType="xsd:string" dictRef="cc:distances">5.204852   4.251320   3.005023   1.556092   0.000000</scalar></list><list><scalar dataType="xsd:integer" dictRef="cc:serial">6</scalar><scalar dataType="xsd:string" dictRef="cc:elementType">Al</scalar><scalar dataType="xsd:string" dictRef="cc:distances">5.807410   5.208711   4.251320   3.007251   1.556092</scalar></list><list><scalar dataType="xsd:integer" dictRef="cc:serial">7</scalar><scalar dataType="xsd:string" dictRef="cc:elementType">Al</scalar><scalar dataType="xsd:string" dictRef="cc:distances">6.010045   5.807410   5.204852   4.251320   3.005023</scalar></list><list><scalar dataType="xsd:integer" dictRef="cc:serial">8</scalar><scalar dataType="xsd:string" dictRef="cc:elementType">Al</scalar><scalar dataType="xsd:string" dictRef="cc:distances">5.807410   6.014502   5.807410   5.208711   4.251320</scalar></list><list><scalar dataType="xsd:integer" dictRef="cc:serial">9</scalar><scalar dataType="xsd:string" dictRef="cc:elementType">Al</scalar><scalar dataType="xsd:string" dictRef="cc:distances">5.204852   5.807410   6.010045   5.807410   5.204852</scalar></list><list><scalar dataType="xsd:integer" dictRef="cc:serial">10</scalar><scalar dataType="xsd:string" dictRef="cc:elementType">Al</scalar><scalar dataType="xsd:string" dictRef="cc:distances">4.251320   5.208711   5.807410   6.014502   5.807410</scalar></list><list><scalar dataType="xsd:integer" dictRef="cc:serial">11</scalar><scalar dataType="xsd:string" dictRef="cc:elementType">Al</scalar><scalar dataType="xsd:string" dictRef="cc:distances">3.005023   4.251320   5.204852   5.807410   6.010045</scalar></list><list><scalar dataType="xsd:integer" dictRef="cc:serial">12</scalar><scalar dataType="xsd:string" dictRef="cc:elementType">Al</scalar><scalar dataType="xsd:string" dictRef="cc:distances">1.556092   3.007251   4.251320   5.208711   5.807410</scalar></list></list></module>                    6          7          8          9         10     6  Al   0.000000     7  Al   1.556092   0.000000     8  Al   3.007251   1.556092   0.000000     9  Al   4.251320   3.005023   1.556092   0.000000    10  Al   5.208711   4.251320   3.007251   1.556092   0.000000    11  Al   5.807410   5.204852   4.251320   3.005023   1.556092    12  Al   6.014502   5.807410   5.208711   4.251320   3.007251                   11         12    11  Al   0.000000    12  Al   1.556092   0.000000<module cmlx:lineCount="6" cmlx:templateRef="l202.stoich"><list cmlx:templateRef="stoich"><scalar dataType="xsd:string" dictRef="cc:formula">Al12</scalar></list><list cmlx:templateRef="framework"><scalar dataType="xsd:string" dictRef="cc:frameworkgroup">D6H[3C2'(Al.Al),3C2"(Al.Al)]</scalar></list> Full point group                 D6H Largest Abelian subgroup         D2H     NOp   8 Largest concise Abelian subgroup D2      NOp   4</module><module cmlx:lineCount="18" cmlx:templateRef="l202.orient"><list cmlx:templateRef="type"><scalar dataType="xsd:string" dictRef="g:type">Standard</scalar></list><list cmlx:lineCount="12" cmlx:templateRef="atom"><array dataType="xsd:integer" dictRef="cc:serial" size="12">1 2 3 4 5 6 7 8 9 10 11 12</array><array dataType="xsd:integer" dictRef="cc:elementType" size="12">13 13 13 13 13 13 13 13 13 13 13 13</array><array dataType="xsd:integer" dictRef="g:atomicType" size="12">0 0 0 0 0 0 0 0 0 0 0 0</array><array dataType="xsd:double" dictRef="cc:x3" size="12">0.0 1.503625 2.602426 3.007251 2.602426 1.503625 0.0 -1.503625 -2.602426 -3.007251 -2.602426 -1.503625</array><array dataType="xsd:double" dictRef="cc:y3" size="12">3.005023 2.604356 1.502511 0.0 -1.502511 -2.604356 -3.005023 -2.604356 -1.502511 0.0 1.502511 2.604356</array><array dataType="xsd:double" dictRef="cc:z3" size="12">0.0 0.0 0.0 0.0 0.0 0.0 0.0 0.0 0.0 0.0 0.0 0.0</array></list></module><module cmlx:lineCount="1" cmlx:templateRef="l202.rotconst"/><module cmlx:lineCount="16" cmlx:templateRef="l301.basis"><list cmlx:templateRef="basis"><list><scalar dataType="xsd:string" dictRef="cc:basis">6-31G(d)</scalar><scalar dataType="xsd:string" dictRef="cc:diffuse">(6D, 7F)</scalar></list></list><list cmlx:templateRef="symmadapt"><list><scalar dataType="xsd:integer" dictRef="cc:adapted">48</scalar><scalar dataType="xsd:string" dictRef="cc:symm">AG</scalar></list><list><scalar dataType="xsd:integer" dictRef="cc:adapted">36</scalar><scalar dataType="xsd:string" dictRef="cc:symm">B1G</scalar></list><list><scalar dataType="xsd:integer" dictRef="cc:adapted">15</scalar><scalar dataType="xsd:string" dictRef="cc:symm">B2G</scalar></list><list><scalar dataType="xsd:integer" dictRef="cc:adapted">15</scalar><scalar dataType="xsd:string" dictRef="cc:symm">B3G</scalar></list><list><scalar dataType="xsd:integer" dictRef="cc:adapted">12</scalar><scalar dataType="xsd:string" dictRef="cc:symm">AU</scalar></list><list><scalar dataType="xsd:integer" dictRef="cc:adapted">18</scalar><scalar dataType="xsd:string" dictRef="cc:symm">B1U</scalar></list><list><scalar dataType="xsd:integer" dictRef="cc:adapted">42</scalar><scalar dataType="xsd:string" dictRef="cc:symm">B2U</scalar></list><list><scalar dataType="xsd:integer" dictRef="cc:adapted">42</scalar><scalar dataType="xsd:string" dictRef="cc:symm">B3U</scalar></list></list><list cmlx:templateRef="buffer"><scalar dataType="xsd:integer" dictRef="g:buffer">131072</scalar></list><list cmlx:templateRef="raff"><scalar dataType="xsd:string" dictRef="g:raffenetti">Raffenetti</scalar></list><list cmlx:templateRef="twoe"><scalar dataType="xsd:string" dictRef="g:twoe">Two-electron</scalar></list><list cmlx:templateRef="basiscount"><list><scalar dataType="xsd:integer" dictRef="cc:basiscount">228</scalar><scalar dataType="xsd:integer" dictRef="g:primbasis">624</scalar><scalar dataType="xsd:integer" dictRef="cc:cartesianbasis">228</scalar></list></list><list cmlx:templateRef="alphabeta"><list><scalar dataType="xsd:integer" dictRef="cc:alphae">78</scalar><scalar dataType="xsd:integer" dictRef="cc:betae">78</scalar></list></list> NAtoms=   12 NActive=   12 NUniq=    2 SFac= 3.00D+00 NAtFMM=   80 NAOKFM=F Big=F</module><module cmlx:lineCount="1" cmlx:templateRef="l302.basis"><list cmlx:templateRef="onee"><scalar dataType="xsd:string" dictRef="g:onee">One-electron integrals</scalar></list></module> NBasis=   228 RedAO= T  NBF=    48    36    15    15    12    18    42    42 NBsUse=   225 1.00D-06 NBFU=    48    35    15    15    12    18    41    41 Initial guess read from the read-write file:<module cmlx:lineCount="1" cmlx:templateRef="l401.orbsym"><list cmlx:templateRef="l401"><scalar dataType="xsd:string" dictRef="g:l401">Initial guess orbital symmetries:</scalar></list></module>       Occupied  (B2G) (?A) (?A) (B2G) (B2G) (?A) (?A) (B2G) (B2G)                 (?A) (?A) (B2G) (B2G) (?A) (?A) (B2G) (B2G) (?A)                 (?A) (B2G) (B2G) (?A) (?A) (B2G) (B2G) (?A) (?A)                 (B2G) (B2G) (?A) (?A) (B2G) (B2G) (?A) (?A) (B2G)                 (?B) (?C) (?C) (?D) (?D) (?A) (?A) (B2G) (?C)                 (?C) (B2G) (?B) (B2G) (?A) (?A) (B2G) (?B) (?C)                 (?C) (?D) (B2G) (?A) (?A) (B2G) (B2G) (?A) (?A)                 (B2G) (B2G) (?A) (?A) (B2G) (?D) (B2G) (B2G) (?C)                 (?C) (?A) (?A) (?D) (?D) (B2G)       Virtual   (B2G) (?A) (?A) (?C) (?C) (B2G) (?A) (?A) (?D)                 (?D) (B2G) (B2G) (B2G) (B2G) (?A) (?A) (B2G) (B2G)                 (?A) (?A) (?C) (?C) (?D) (?A) (?A) (?C) (?C) (B2G)                 (?D) (?D) (?A) (?A) (?A) (?A) (B2G) (B2G) (B2G)                 (?C) (?C) (B2G) (B2G) (?A) (?A) (B2G) (B2G) (B2G)                 (B2G) (?D) (?D) (?D) (?D) (?D) (?A) (?A) (?C)                 (?C) (?C) (?C) (?A) (?A) (B2G) (B2G) (?D) (?A)                 (?A) (?D) (?A) (?A) (B2G) (B2G) (B2G) (B2G) (B2G)                 (?D) (B2G) (B2G) (?A) (?A) (?C) (?C) (?A) (?A)                 (?C) (?C) (B2G) (B2G) (?A) (?A) (?D) (B2G) (?D)                 (B2G) (?A) (?A) (B2G) (?A) (?A) (B2G) (B2G) (?D)                 (?D) (?C) (?C) (?C) (?C) (?A) (?A) (B2G) (B2G)                 (B2G) (B2G) (?D) (?A) (?A) (?D) (?D) (?A) (?A)                 (B2G) (B2G) (?C) (?C) (?D) (B2G) (B2G) (B2G) (?A)                 (?A) (?A) (?A) (?A) (?A) (B2G) (B2G) (?A) (?A)                 (B2G) (B2G) (B2G) (?A) (?A) (B2G) (?A) (B2G) (B2G)                 (B2G) (?A) Harris functional with IExCor=  402 diagonalized for initial guess. ExpMin= 5.57D-02 ExpMax= 1.40D+04 ExpMxC= 2.10D+03 IAcc=2 IRadAn=         4 AccDes= 0.00D+00 HarFok:  IExCor= 402 AccDes= 0.00D+00 IRadAn=         4 IDoV=1 ScaDFX=  1.000000  1.000000  1.000000  1.000000 Requested convergence on RMS density matrix=1.00D-08 within 128 cycles. Requested convergence on MAX density matrix=1.00D-06. Requested convergence on             energy=1.00D-06. No special actions if energy rises. Keep R1 integrals in memory in canonical form, NReq=   347898779. Integral accuracy reduced to 1.0D-05 until final iterations. A guess orbital has undefined symmetry, so N**3 symmetry is turned off. Density matrix breaks symmetry, PCut= 1.00D-04 Density matrix has no symmetry -- integrals replicated. Density matrix breaks symmetry, PCut= 1.00D-04 Density has only Abelian symmetry. Density matrix breaks symmetry, PCut= 1.00D-04 Density matrix has no symmetry -- integrals replicated. Density matrix breaks symmetry, PCut= 1.00D-04 Density matrix has no symmetry -- integrals replicated. Density matrix breaks symmetry, PCut= 1.00D-04 Density matrix has no symmetry -- integrals replicated. Density matrix breaks symmetry, PCut= 1.00D-04 Density matrix has no symmetry -- integrals replicated. EnCoef did     5 forward-backward iterations Density matrix breaks symmetry, PCut= 1.00D-04 Density matrix has no symmetry -- integrals replicated. Density matrix breaks symmetry, PCut= 1.00D-04 Density matrix has no symmetry -- integrals replicated. Density matrix breaks symmetry, PCut= 1.00D-04 Density matrix has no symmetry -- integrals replicated. Density matrix breaks symmetry, PCut= 1.00D-04 Density matrix has no symmetry -- integrals replicated. Density matrix breaks symmetry, PCut= 1.00D-04 Density matrix has no symmetry -- integrals replicated. Density matrix breaks symmetry, PCut= 1.00D-04 Density matrix has no symmetry -- integrals replicated. Initial convergence to 1.0D-05 achieved.  Increase integral accuracy. Density matrix breaks symmetry, PCut= 1.00D-04 Density matrix has no symmetry -- integrals replicated. Density matrix breaks symmetry, PCut= 1.00D-04 Density matrix has no symmetry -- integrals replicated. Density matrix breaks symmetry, PCut= 1.00D-04 Density matrix has no symmetry -- integrals replicated. Density matrix breaks symmetry, PCut= 1.00D-04 Density matrix has no symmetry -- integrals replicated. Density matrix breaks symmetry, PCut= 1.00D-04 Density matrix has no symmetry -- integrals replicated. Density matrix breaks symmetry, PCut= 1.00D-04 Density matrix has no symmetry -- integrals replicated. Density matrix breaks symmetry, PCut= 1.00D-04 Density matrix has no symmetry -- integrals replicated. Density matrix breaks symmetry, PCut= 1.00D-04 Density matrix has no symmetry -- integrals replicated. Density matrix breaks symmetry, PCut= 1.00D-04 Density matrix has no symmetry -- integrals replicated. Density matrix breaks symmetry, PCut= 1.00D-04 Density matrix has no symmetry -- integrals replicated. Density matrix breaks symmetry, PCut= 1.00D-04 Density matrix has no symmetry -- integrals replicated. Density matrix breaks symmetry, PCut= 1.00D-04 Density matrix has no symmetry -- integrals replicated. Density matrix breaks symmetry, PCut= 1.00D-04 Density matrix has no symmetry -- integrals replicated. Density matrix breaks symmetry, PCut= 1.00D-04 Density matrix has no symmetry -- integrals replicated. Density matrix breaks symmetry, PCut= 1.00D-04 Density matrix has no symmetry -- integrals replicated. Density matrix breaks symmetry, PCut= 1.00D-04 Density matrix has no symmetry -- integrals replicated. Density matrix breaks symmetry, PCut= 1.00D-04 Density has only Abelian symmetry. Density matrix breaks symmetry, PCut= 1.00D-04 Density has only Abelian symmetry. Density matrix breaks symmetry, PCut= 1.00D-04 Density has only Abelian symmetry. Density matrix breaks symmetry, PCut= 1.00D-04 Density has only Abelian symmetry. Restarting incremental Fock formation. Density matrix breaks symmetry, PCut= 1.00D-04 Density has only Abelian symmetry. SCF Done:  E(RB+HF-LYP) =  -2904.95784231     A.U. after   32 cycles             Convg  =    0.4314D-08             -V/T =  1.9967             S**2   =   0.0000 Density matrix has only Abelian symmetry. Density matrix has only Abelian symmetry. ***** Axes restored to original set *****<module cmlx:lineCount="18" cmlx:templateRef="forces"><list cmlx:templateRef="force"><list><scalar dataType="xsd:integer" dictRef="x:serial">1</scalar><scalar dataType="xsd:integer" dictRef="x:elementType">13</scalar><scalar dataType="xsd:double" dictRef="x:x3">-0.303318642</scalar><scalar dataType="xsd:double" dictRef="x:y3">0.0</scalar><scalar dataType="xsd:double" dictRef="x:z3">0.0</scalar></list><list><scalar dataType="xsd:integer" dictRef="x:serial">2</scalar><scalar dataType="xsd:integer" dictRef="x:elementType">13</scalar><scalar dataType="xsd:double" dictRef="x:x3">-0.259893618</scalar><scalar dataType="xsd:double" dictRef="x:y3">0.126495954</scalar><scalar dataType="xsd:double" dictRef="x:z3">-2.52E-7</scalar></list><list><scalar dataType="xsd:integer" dictRef="x:serial">3</scalar><scalar dataType="xsd:integer" dictRef="x:elementType">13</scalar><scalar dataType="xsd:double" dictRef="x:x3">-0.124697204</scalar><scalar dataType="xsd:double" dictRef="x:y3">0.256959549</scalar><scalar dataType="xsd:double" dictRef="x:z3">-4.25E-7</scalar></list><list><scalar dataType="xsd:integer" dictRef="x:serial">4</scalar><scalar dataType="xsd:integer" dictRef="x:elementType">13</scalar><scalar dataType="xsd:double" dictRef="x:x3">0.0</scalar><scalar dataType="xsd:double" dictRef="x:y3">0.306672013</scalar><scalar dataType="xsd:double" dictRef="x:z3">0.0</scalar></list><list><scalar dataType="xsd:integer" dictRef="x:serial">5</scalar><scalar dataType="xsd:integer" dictRef="x:elementType">13</scalar><scalar dataType="xsd:double" dictRef="x:x3">0.124697204</scalar><scalar dataType="xsd:double" dictRef="x:y3">0.256959549</scalar><scalar dataType="xsd:double" dictRef="x:z3">4.25E-7</scalar></list><list><scalar dataType="xsd:integer" dictRef="x:serial">6</scalar><scalar dataType="xsd:integer" dictRef="x:elementType">13</scalar><scalar dataType="xsd:double" dictRef="x:x3">0.259893618</scalar><scalar dataType="xsd:double" dictRef="x:y3">0.126495954</scalar><scalar dataType="xsd:double" dictRef="x:z3">2.52E-7</scalar></list><list><scalar dataType="xsd:integer" dictRef="x:serial">7</scalar><scalar dataType="xsd:integer" dictRef="x:elementType">13</scalar><scalar dataType="xsd:double" dictRef="x:x3">0.303318642</scalar><scalar dataType="xsd:double" dictRef="x:y3">0.0</scalar><scalar dataType="xsd:double" dictRef="x:z3">0.0</scalar></list><list><scalar dataType="xsd:integer" dictRef="x:serial">8</scalar><scalar dataType="xsd:integer" dictRef="x:elementType">13</scalar><scalar dataType="xsd:double" dictRef="x:x3">0.259893618</scalar><scalar dataType="xsd:double" dictRef="x:y3">-0.126495954</scalar><scalar dataType="xsd:double" dictRef="x:z3">-2.52E-7</scalar></list><list><scalar dataType="xsd:integer" dictRef="x:serial">9</scalar><scalar dataType="xsd:integer" dictRef="x:elementType">13</scalar><scalar dataType="xsd:double" dictRef="x:x3">0.124697204</scalar><scalar dataType="xsd:double" dictRef="x:y3">-0.256959549</scalar><scalar dataType="xsd:double" dictRef="x:z3">-4.25E-7</scalar></list><list><scalar dataType="xsd:integer" dictRef="x:serial">10</scalar><scalar dataType="xsd:integer" dictRef="x:elementType">13</scalar><scalar dataType="xsd:double" dictRef="x:x3">0.0</scalar><scalar dataType="xsd:double" dictRef="x:y3">-0.306672013</scalar><scalar dataType="xsd:double" dictRef="x:z3">0.0</scalar></list><list><scalar dataType="xsd:integer" dictRef="x:serial">11</scalar><scalar dataType="xsd:integer" dictRef="x:elementType">13</scalar><scalar dataType="xsd:double" dictRef="x:x3">-0.124697204</scalar><scalar dataType="xsd:double" dictRef="x:y3">-0.256959549</scalar><scalar dataType="xsd:double" dictRef="x:z3">4.25E-7</scalar></list><list><scalar dataType="xsd:integer" dictRef="x:serial">12</scalar><scalar dataType="xsd:integer" dictRef="x:elementType">13</scalar><scalar dataType="xsd:double" dictRef="x:x3">-0.259893618</scalar><scalar dataType="xsd:double" dictRef="x:y3">-0.126495954</scalar><scalar dataType="xsd:double" dictRef="x:z3">2.52E-7</scalar></list></list><list cmlx:templateRef="cartesianforce"><list><scalar dataType="xsd:double" dictRef="cc:maxforce">0.306672013</scalar><scalar dataType="xsd:double" dictRef="cc:rmsforce">0.169361048</scalar></list></list></module><module cmlx:lineCount="143" cmlx:templateRef="l103" xmlns:xi="http://www.w3.org/2001/XInclude"><list cmlx:templateRef="berny"><scalar dataType="xsd:string" dictRef="g:optimization">Internal  Forces:  Max     0.236202841 RMS     0.082261112</scalar></list> Search for a local minimum. Step number   2 out of a maximum of 100 All quantities printed in internal units (Hartrees-Bohrs-Radians) Update second derivatives using D2CorX and points  1  2<module cmlx:lineCount="1" cmlx:templateRef="l103.trust"> Trust test= 1.08D+00 RLast= 3.03D-01 DXMaxT set to 4.24D-01</module> Maximum step size (   0.424) exceeded in linear search.    -- Step size scaled by   0.699 Quartic linear search produced a step of  1.39897. Iteration  1 RMS(Cart)=  0.03438479 RMS(Int)=  0.00002829 Iteration  2 RMS(Cart)=  0.00000963 RMS(Int)=  0.00002512 Iteration  3 RMS(Cart)=  0.00000000 RMS(Int)=  0.00002512<module cmlx:lineCount="122" cmlx:templateRef="l103.deltas"><list cmlx:lineCount="120" cmlx:templateRef="delta"><array dataType="xsd:string" dictRef="cc:variable" size="120">R1 R2 R3 R4 R5 R6 R7 R8 R9 R10 R11 R12 R13 R14 R15 R16 R17 R18 R19 R20 R21 R22 R23 R24 A1 A2 A3 A4 A5 A6 A7 A8 A9 A10 A11 A12 A13 A14 A15 A16 A17 A18 A19 A20 A21 A22 A23 A24 A25 A26 A27 A28 A29 A30 A31 A32 A33 A34 A35 A36 D1 D2 D3 D4 D5 D6 D7 D8 D9 D10 D11 D12 D13 D14 D15 D16 D17 D18 D19 D20 D21 D22 D23 D24 D25 D26 D27 D28 D29 D30 D31 D32 D33 D34 D35 D36 D37 D38 D39 D40 D41 D42 D43 D44 D45 D46 D47 D48 D49 D50 D51 D52 D53 D54 D55 D56 D57 D58 D59 D60</array><array dataType="xsd:double" dictRef="g:lastval" size="120">2.94059 5.67867 5.67867 2.94059 2.94059 5.68288 5.68288 2.94059 5.67867 2.94059 5.68288 2.94059 5.67867 2.94059 5.68288 2.94059 5.67867 2.94059 5.68288 2.94059 5.67867 2.94059 5.68288 2.94059 2.35758 2.0944 2.35758 2.35481 2.35481 2.0944 2.35758 2.0944 2.35758 2.35481 2.0944 2.35481 2.35758 2.0944 2.35758 2.35481 2.0944 2.35481 2.35758 2.0944 2.35758 2.35481 2.0944 2.35481 2.35758 2.0944 2.35758 2.35481 2.0944 2.35481 2.0944 2.35758 2.35758 2.35481 2.0944 2.35481 0.0 0.0 0.0 0.0 0.0 0.0 0.0 0.0 0.0 0.0 0.0 0.0 0.0 0.0 0.0 0.0 0.0 0.0 0.0 0.0 0.0 0.0 0.0 0.0 0.0 0.0 0.0 0.0 0.0 0.0 0.0 0.0 0.0 0.0 0.0 0.0 0.0 0.0 0.0 0.0 0.0 0.0 0.0 0.0 0.0 0.0 0.0 0.0 0.0 0.0 0.0 0.0 0.0 0.0 0.0 0.0 0.0 0.0 0.0 0.0</array><array dataType="xsd:double" dictRef="cc:deriv" size="120">0.11669 0.23466 0.23466 0.11669 0.12515 0.2362 0.22256 0.11668 0.22094 0.11668 0.2362 0.12515 0.23466 0.11669 0.22256 0.11669 0.23466 0.12515 0.2362 0.11668 0.22094 0.11668 0.2362 0.12515 -0.00355 -0.00319 -0.00355 0.00354 -4.6E-4 0.00159 0.00447 0.00159 4.6E-4 -0.00446 -0.00318 -0.00446 4.6E-4 0.00159 0.00447 0.00354 0.00159 -4.6E-4 -0.00355 -0.00319 -0.00355 -4.6E-4 0.00159 0.00354 0.00447 0.00159 4.6E-4 -0.00446 -0.00318 -0.00446 0.00159 0.00447 4.6E-4 0.00354 0.00159 -4.6E-4 0.0 0.0 0.0 0.0 0.0 0.0 0.0 0.0 0.0 0.0 0.0 0.0 0.0 0.0 0.0 0.0 0.0 0.0 0.0 0.0 0.0 0.0 0.0 0.0 0.0 0.0 0.0 0.0 0.0 0.0 0.0 0.0 0.0 0.0 0.0 0.0 0.0 0.0 0.0 0.0 0.0 0.0 0.0 0.0 0.0 0.0 0.0 0.0 0.0 0.0 0.0 0.0 0.0 0.0 0.0 0.0 0.0 0.0 0.0 0.0</array><array dataType="xsd:double" dictRef="cc:delta.linear" size="120">0.05626 0.10514 0.10514 0.05626 0.05626 0.11222 0.11222 0.05626 0.10514 0.05626 0.11222 0.05626 0.10514 0.05626 0.11222 0.05626 0.10514 0.05626 0.11222 0.05626 0.10514 0.05626 0.11222 0.05626 0.00233 0.0 0.00233 -0.00233 -0.00233 0.0 0.00233 0.0 0.00233 -0.00233 0.0 -0.00233 0.00233 0.0 0.00233 -0.00233 0.0 -0.00233 0.00233 0.0 0.00233 -0.00233 0.0 -0.00233 0.00233 0.0 0.00233 -0.00233 0.0 -0.00233 0.0 0.00233 0.00233 -0.00233 0.0 -0.00233 0.0 0.0 0.0 0.0 0.0 0.0 0.0 0.0 0.0 0.0 0.0 0.0 0.0 0.0 0.0 0.0 0.0 0.0 0.0 0.0 0.0 0.0 0.0 0.0 0.0 0.0 0.0 0.0 0.0 0.0 0.0 0.0 0.0 0.0 0.0 0.0 0.0 0.0 0.0 0.0 0.0 0.0 0.0 0.0 0.0 0.0 0.0 0.0 0.0 0.0 0.0 0.0 0.0 0.0 0.0 0.0 0.0 0.0 0.0 0.0</array><array dataType="xsd:double" dictRef="cc:delta.quad" size="120">0.0 0.0 0.0 0.0 0.0 0.0 0.0 0.0 0.0 0.0 0.0 0.0 0.0 0.0 0.0 0.0 0.0 0.0 0.0 0.0 0.0 0.0 0.0 0.0 0.0 0.0 0.0 0.0 0.0 0.0 0.0 0.0 0.0 0.0 0.0 0.0 0.0 0.0 0.0 0.0 0.0 0.0 0.0 0.0 0.0 0.0 0.0 0.0 0.0 0.0 0.0 0.0 0.0 0.0 0.0 0.0 0.0 0.0 0.0 0.0 0.0 0.0 0.0 0.0 0.0 0.0 0.0 0.0 0.0 0.0 0.0 0.0 0.0 0.0 0.0 0.0 0.0 0.0 0.0 0.0 0.0 0.0 0.0 0.0 0.0 0.0 0.0 0.0 0.0 0.0 0.0 0.0 0.0 0.0 0.0 0.0 0.0 0.0 0.0 0.0 0.0 0.0 0.0 0.0 0.0 0.0 0.0 0.0 0.0 0.0 0.0 0.0 0.0 0.0 0.0 0.0 0.0 0.0 0.0 0.0</array><array dataType="xsd:double" dictRef="cc:delta.total" size="120">0.05627 0.10508 0.10508 0.05627 0.05627 0.11227 0.11227 0.05627 0.10508 0.05627 0.11227 0.05627 0.10508 0.05627 0.11227 0.05627 0.10508 0.05627 0.11227 0.05627 0.10508 0.05627 0.11227 0.05627 0.00229 0.0 0.00229 -0.00229 -0.00229 0.0 0.00229 0.0 0.00229 -0.00229 0.0 -0.00229 0.00229 0.0 0.00229 -0.00229 0.0 -0.00229 0.00229 0.0 0.00229 -0.00229 0.0 -0.00229 0.00229 0.0 0.00229 -0.00229 0.0 -0.00229 0.0 0.00229 0.00229 -0.00229 0.0 -0.00229 0.0 0.0 0.0 0.0 0.0 0.0 0.0 0.0 0.0 0.0 0.0 0.0 0.0 0.0 0.0 0.0 0.0 0.0 0.0 0.0 0.0 0.0 0.0 0.0 0.0 0.0 0.0 0.0 0.0 0.0 0.0 0.0 0.0 0.0 0.0 0.0 0.0 0.0 0.0 0.0 0.0 0.0 0.0 0.0 0.0 0.0 0.0 0.0 0.0 0.0 0.0 0.0 0.0 0.0 0.0 0.0 0.0 0.0 0.0 0.0</array><array dataType="xsd:double" dictRef="cc:newval" size="120">2.99686 5.78375 5.78375 2.99686 2.99686 5.79515 5.79515 2.99686 5.78375 2.99686 5.79515 2.99686 5.78375 2.99686 5.79515 2.99686 5.78375 2.99686 5.79515 2.99686 5.78375 2.99686 5.79515 2.99686 2.35987 2.0944 2.35987 2.35252 2.35252 2.0944 2.35987 2.0944 2.35987 2.35252 2.0944 2.35252 2.35987 2.0944 2.35987 2.35252 2.0944 2.35252 2.35987 2.0944 2.35987 2.35252 2.0944 2.35252 2.35987 2.0944 2.35987 2.35252 2.0944 2.35252 2.0944 2.35987 2.35987 2.35252 2.0944 2.35252 0.0 0.0 0.0 0.0 0.0 0.0 0.0 0.0 0.0 0.0 0.0 0.0 0.0 0.0 0.0 0.0 0.0 0.0 0.0 0.0 0.0 0.0 0.0 0.0 0.0 0.0 0.0 0.0 0.0 0.0 0.0 0.0 0.0 0.0 0.0 0.0 0.0 0.0 0.0 0.0 0.0 0.0 0.0 0.0 0.0 0.0 0.0 0.0 0.0 0.0 0.0 0.0 0.0 0.0 0.0 0.0 0.0 0.0 0.0 0.0</array></list></module><module cmlx:lineCount="5" cmlx:templateRef="l103.itemconverge"><list cmlx:lineCount="4" cmlx:templateRef="components"><array dataType="xsd:string" dictRef="g:itemconverge"/><array dataType="xsd:double" dictRef="x:value" size="4">4.5E-4 3.0E-4 0.0018 0.0012</array><array dataType="xsd:double" dictRef="x:threshold" size="4">0.0 0.0 0.0 0.0</array><array dataType="xsd:string" dictRef="g:converged" size="4">NO NO NO NO</array></list></module> Predicted change in Energy=-3.642842D-01 GradGradGradGradGradGradGradGradGradGradGradGradGradGradGradGradGradGrad</module><module cmlx:lineCount="18" cmlx:templateRef="l202.orient"><list cmlx:templateRef="type"><scalar dataType="xsd:string" dictRef="g:type">Input</scalar></list><list cmlx:lineCount="12" cmlx:templateRef="atom"><array dataType="xsd:integer" dictRef="cc:serial" size="12">1 2 3 4 5 6 7 8 9 10 11 12</array><array dataType="xsd:integer" dictRef="cc:elementType" size="12">13 13 13 13 13 13 13 13 13 13 13 13</array><array dataType="xsd:integer" dictRef="g:atomicType" size="12">0 0 0 0 0 0 0 0 0 0 0 0</array><array dataType="xsd:double" dictRef="cc:x3" size="12">-3.060628 -2.655807 -1.530314 0.0 1.530314 2.655807 3.060628 2.655807 1.530314 0.0 -1.530314 -2.655807</array><array dataType="xsd:double" dictRef="cc:y3" size="12">0.0 1.533331 2.650581 3.066661 2.650581 1.533331 0.0 -1.533331 -2.650581 -3.066661 -2.650581 -1.533331</array><array dataType="xsd:double" dictRef="cc:z3" size="12">0.0 0.0 0.0 0.0 0.0 0.0 0.0 0.0 0.0 0.0 0.0 0.0</array></list></module><module cmlx:lineCount="14" cmlx:templateRef="l202.distmat"><list cmlx:templateRef="atom"><list><scalar dataType="xsd:integer" dictRef="cc:serial">1</scalar><scalar dataType="xsd:string" dictRef="cc:elementType">Al</scalar><scalar dataType="xsd:string" dictRef="cc:distances">0.000000</scalar></list><list><scalar dataType="xsd:integer" dictRef="cc:serial">2</scalar><scalar dataType="xsd:string" dictRef="cc:elementType">Al</scalar><scalar dataType="xsd:string" dictRef="cc:distances">1.585870   0.000000</scalar></list><list><scalar dataType="xsd:integer" dictRef="cc:serial">3</scalar><scalar dataType="xsd:string" dictRef="cc:elementType">Al</scalar><scalar dataType="xsd:string" dictRef="cc:distances">3.060628   1.585870   0.000000</scalar></list><list><scalar dataType="xsd:integer" dictRef="cc:serial">4</scalar><scalar dataType="xsd:string" dictRef="cc:elementType">Al</scalar><scalar dataType="xsd:string" dictRef="cc:distances">4.332650   3.066661   1.585870   0.000000</scalar></list><list><scalar dataType="xsd:integer" dictRef="cc:serial">5</scalar><scalar dataType="xsd:string" dictRef="cc:elementType">Al</scalar><scalar dataType="xsd:string" dictRef="cc:distances">5.301163   4.332650   3.060628   1.585870   0.000000</scalar></list><list><scalar dataType="xsd:integer" dictRef="cc:serial">6</scalar><scalar dataType="xsd:string" dictRef="cc:elementType">Al</scalar><scalar dataType="xsd:string" dictRef="cc:distances">5.918507   5.311613   4.332650   3.066661   1.585870</scalar></list><list><scalar dataType="xsd:integer" dictRef="cc:serial">7</scalar><scalar dataType="xsd:string" dictRef="cc:elementType">Al</scalar><scalar dataType="xsd:string" dictRef="cc:distances">6.121256   5.918507   5.301163   4.332650   3.060628</scalar></list><list><scalar dataType="xsd:integer" dictRef="cc:serial">8</scalar><scalar dataType="xsd:string" dictRef="cc:elementType">Al</scalar><scalar dataType="xsd:string" dictRef="cc:distances">5.918507   6.133323   5.918507   5.311613   4.332650</scalar></list><list><scalar dataType="xsd:integer" dictRef="cc:serial">9</scalar><scalar dataType="xsd:string" dictRef="cc:elementType">Al</scalar><scalar dataType="xsd:string" dictRef="cc:distances">5.301163   5.918507   6.121256   5.918507   5.301163</scalar></list><list><scalar dataType="xsd:integer" dictRef="cc:serial">10</scalar><scalar dataType="xsd:string" dictRef="cc:elementType">Al</scalar><scalar dataType="xsd:string" dictRef="cc:distances">4.332650   5.311613   5.918507   6.133323   5.918507</scalar></list><list><scalar dataType="xsd:integer" dictRef="cc:serial">11</scalar><scalar dataType="xsd:string" dictRef="cc:elementType">Al</scalar><scalar dataType="xsd:string" dictRef="cc:distances">3.060628   4.332650   5.301163   5.918507   6.121256</scalar></list><list><scalar dataType="xsd:integer" dictRef="cc:serial">12</scalar><scalar dataType="xsd:string" dictRef="cc:elementType">Al</scalar><scalar dataType="xsd:string" dictRef="cc:distances">1.585870   3.066661   4.332650   5.311613   5.918507</scalar></list></list></module>                    6          7          8          9         10     6  Al   0.000000     7  Al   1.585870   0.000000     8  Al   3.066661   1.585870   0.000000     9  Al   4.332650   3.060628   1.585870   0.000000    10  Al   5.311613   4.332650   3.066661   1.585870   0.000000    11  Al   5.918507   5.301163   4.332650   3.060628   1.585870    12  Al   6.133323   5.918507   5.311613   4.332650   3.066661                   11         12    11  Al   0.000000    12  Al   1.585870   0.000000<module cmlx:lineCount="6" cmlx:templateRef="l202.stoich"><list cmlx:templateRef="stoich"><scalar dataType="xsd:string" dictRef="cc:formula">Al12</scalar></list><list cmlx:templateRef="framework"><scalar dataType="xsd:string" dictRef="cc:frameworkgroup">D6H[3C2'(Al.Al),3C2"(Al.Al)]</scalar></list> Full point group                 D6H Largest Abelian subgroup         D2H     NOp   8 Largest concise Abelian subgroup D2      NOp   4</module><module cmlx:lineCount="18" cmlx:templateRef="l202.orient"><list cmlx:templateRef="type"><scalar dataType="xsd:string" dictRef="g:type">Standard</scalar></list><list cmlx:lineCount="12" cmlx:templateRef="atom"><array dataType="xsd:integer" dictRef="cc:serial" size="12">1 2 3 4 5 6 7 8 9 10 11 12</array><array dataType="xsd:integer" dictRef="cc:elementType" size="12">13 13 13 13 13 13 13 13 13 13 13 13</array><array dataType="xsd:integer" dictRef="g:atomicType" size="12">0 0 0 0 0 0 0 0 0 0 0 0</array><array dataType="xsd:double" dictRef="cc:x3" size="12">0.0 1.533331 2.650581 3.066661 2.650581 1.533331 0.0 -1.533331 -2.650581 -3.066661 -2.650581 -1.533331</array><array dataType="xsd:double" dictRef="cc:y3" size="12">3.060628 2.655807 1.530314 0.0 -1.530314 -2.655807 -3.060628 -2.655807 -1.530314 0.0 1.530314 2.655807</array><array dataType="xsd:double" dictRef="cc:z3" size="12">0.0 0.0 0.0 0.0 0.0 0.0 0.0 0.0 0.0 0.0 0.0 0.0</array></list></module><module cmlx:lineCount="1" cmlx:templateRef="l202.rotconst"/><module cmlx:lineCount="16" cmlx:templateRef="l301.basis"><list cmlx:templateRef="basis"><list><scalar dataType="xsd:string" dictRef="cc:basis">6-31G(d)</scalar><scalar dataType="xsd:string" dictRef="cc:diffuse">(6D, 7F)</scalar></list></list><list cmlx:templateRef="symmadapt"><list><scalar dataType="xsd:integer" dictRef="cc:adapted">48</scalar><scalar dataType="xsd:string" dictRef="cc:symm">AG</scalar></list><list><scalar dataType="xsd:integer" dictRef="cc:adapted">36</scalar><scalar dataType="xsd:string" dictRef="cc:symm">B1G</scalar></list><list><scalar dataType="xsd:integer" dictRef="cc:adapted">15</scalar><scalar dataType="xsd:string" dictRef="cc:symm">B2G</scalar></list><list><scalar dataType="xsd:integer" dictRef="cc:adapted">15</scalar><scalar dataType="xsd:string" dictRef="cc:symm">B3G</scalar></list><list><scalar dataType="xsd:integer" dictRef="cc:adapted">12</scalar><scalar dataType="xsd:string" dictRef="cc:symm">AU</scalar></list><list><scalar dataType="xsd:integer" dictRef="cc:adapted">18</scalar><scalar dataType="xsd:string" dictRef="cc:symm">B1U</scalar></list><list><scalar dataType="xsd:integer" dictRef="cc:adapted">42</scalar><scalar dataType="xsd:string" dictRef="cc:symm">B2U</scalar></list><list><scalar dataType="xsd:integer" dictRef="cc:adapted">42</scalar><scalar dataType="xsd:string" dictRef="cc:symm">B3U</scalar></list></list><list cmlx:templateRef="buffer"><scalar dataType="xsd:integer" dictRef="g:buffer">131072</scalar></list><list cmlx:templateRef="raff"><scalar dataType="xsd:string" dictRef="g:raffenetti">Raffenetti</scalar></list><list cmlx:templateRef="twoe"><scalar dataType="xsd:string" dictRef="g:twoe">Two-electron</scalar></list><list cmlx:templateRef="basiscount"><list><scalar dataType="xsd:integer" dictRef="cc:basiscount">228</scalar><scalar dataType="xsd:integer" dictRef="g:primbasis">624</scalar><scalar dataType="xsd:integer" dictRef="cc:cartesianbasis">228</scalar></list></list><list cmlx:templateRef="alphabeta"><list><scalar dataType="xsd:integer" dictRef="cc:alphae">78</scalar><scalar dataType="xsd:integer" dictRef="cc:betae">78</scalar></list></list> NAtoms=   12 NActive=   12 NUniq=    2 SFac= 3.00D+00 NAtFMM=   80 NAOKFM=F Big=F</module><module cmlx:lineCount="1" cmlx:templateRef="l302.basis"><list cmlx:templateRef="onee"><scalar dataType="xsd:string" dictRef="g:onee">One-electron integrals</scalar></list></module> NBasis=   228 RedAO= T  NBF=    48    36    15    15    12    18    42    42 NBsUse=   225 1.00D-06 NBFU=    48    35    15    15    12    18    41    41 Initial guess read from the read-write file:<module cmlx:lineCount="1" cmlx:templateRef="l401.orbsym"><list cmlx:templateRef="l401"><scalar dataType="xsd:string" dictRef="g:l401">Initial guess orbital symmetries:</scalar></list></module>       Occupied  (?A) (?B) (?B) (?A) (?A) (?B) (?B) (?A) (?A) (?B)                 (?B) (?A) (?C) (?B) (?B) (?C) (?C) (?B) (?B) (?C)                 (?C) (?B) (?B) (?C) (?D) (?D) (?D) (?D) (?D) (?D)                 (?D) (?D) (?D) (?D) (?D) (?D) (?D) (?D) (?D) (?D)                 (?D) (?D) (?D) (?D) (?D) (?D) (?D) (?D) (?D) (?D)                 (?D) (?D) (?D) (?D) (?D) (?D) (?D) (?D) (?D) (?D)                 (B2G) (?D) (?D) (B2G) (B2G) (?D) (?D) (B2G) (B2G)                 (?D) (B2G) (?D) (?D) (?D) (?D) (?D) (?D) (B2G)       Virtual   (B2G) (?D) (?D) (?D) (?D) (B2G) (B2U) (?D) (?D)                 (?D) (?C) (?C) (?C) (B2G) (?D) (?D) (B2G) (?D)                 (?D) (B2G) (?D) (?D) (?D) (?D) (?D) (?D) (?D)                 (B2G) (?D) (?D) (?D) (?D) (?D) (?D) (B2G) (B2G)                 (B2G) (B2G) (?D) (?D) (B2G) (?D) (?D) (B2G) (B2G)                 (B2G) (?D) (?D) (?D) (?D) (B2G) (?D) (?D) (?D)                 (?D) (?D) (?D) (?D) (?D) (?D) (B2G) (B2G) (?D)                 (?D) (?D) (?D) (?D) (?D) (B2G) (B2G) (B2G) (B2G)                 (B2G) (?D) (B2G) (B2G) (?D) (?D) (?D) (?D) (?D)                 (?D) (?D) (?D) (B2G) (B2G) (?D) (?D) (?D) (B2G)                 (?D) (B2G) (B2G) (?D) (?D) (?D) (?D) (B2G) (B2G)                 (?D) (?D) (B2G) (B1G) (E1G) (E1G) (?D) (?D) (?D)                 (?D) (B2G) (B2G) (A2U) (?D) (?D) (E2U) (E2U) (?D)                 (?D) (A1G) (?D) (E1G) (E1G) (A1U) (?D) (?D) (?D)                 (?D) (?D) (?D) (?D) (B2G) (B2G) (?D) (?D) (?D)                 (?D) (B2G) (B2G) (B2G) (?D) (?D) (?D) (E2G) (E2G)                 (?D) (?D) (A1G) Harris functional with IExCor=  402 diagonalized for initial guess. ExpMin= 5.57D-02 ExpMax= 1.40D+04 ExpMxC= 2.10D+03 IAcc=2 IRadAn=         4 AccDes= 0.00D+00 HarFok:  IExCor= 402 AccDes= 0.00D+00 IRadAn=         4 IDoV=1 ScaDFX=  1.000000  1.000000  1.000000  1.000000 Requested convergence on RMS density matrix=1.00D-08 within 128 cycles. Requested convergence on MAX density matrix=1.00D-06. Requested convergence on             energy=1.00D-06. No special actions if energy rises. Keep R1 integrals in memory in canonical form, NReq=   347898779. Integral accuracy reduced to 1.0D-05 until final iterations. Density matrix breaks symmetry, PCut= 1.00D-04 Density has only Abelian symmetry. Density matrix breaks symmetry, PCut= 1.00D-04 Density has only Abelian symmetry. Density matrix breaks symmetry, PCut= 1.00D-04 Density has only Abelian symmetry. Density matrix breaks symmetry, PCut= 1.00D-04 Density has only Abelian symmetry. Density matrix breaks symmetry, PCut= 1.00D-04 Density has only Abelian symmetry. Density matrix breaks symmetry, PCut= 1.00D-04 Density has only Abelian symmetry. Density matrix breaks symmetry, PCut= 1.00D-04 Density has only Abelian symmetry. Density matrix breaks symmetry, PCut= 1.00D-04 Density has only Abelian symmetry. Density matrix breaks symmetry, PCut= 1.00D-04 Density has only Abelian symmetry. Initial convergence to 1.0D-05 achieved.  Increase integral accuracy. Density matrix breaks symmetry, PCut= 1.00D-04 Density has only Abelian symmetry. Density matrix breaks symmetry, PCut= 1.00D-04 Density has only Abelian symmetry. Density matrix breaks symmetry, PCut= 1.00D-04 Density has only Abelian symmetry. Density matrix breaks symmetry, PCut= 1.00D-04 Density has only Abelian symmetry. Density matrix breaks symmetry, PCut= 1.00D-04 Density has only Abelian symmetry. Density matrix breaks symmetry, PCut= 1.00D-04 Density has only Abelian symmetry. Density matrix breaks symmetry, PCut= 1.00D-04 Density has only Abelian symmetry. Density matrix breaks symmetry, PCut= 1.00D-04 Density has only Abelian symmetry. Density matrix breaks symmetry, PCut= 1.00D-04 Density has only Abelian symmetry. SCF Done:  E(RB+HF-LYP) =  -2905.32303047     A.U. after   17 cycles             Convg  =    0.6705D-08             -V/T =  1.9972             S**2   =   0.0000 Density matrix has only Abelian symmetry. Density matrix has only Abelian symmetry. ***** Axes restored to original set *****<module cmlx:lineCount="18" cmlx:templateRef="forces"><list cmlx:templateRef="force"><list><scalar dataType="xsd:integer" dictRef="x:serial">1</scalar><scalar dataType="xsd:integer" dictRef="x:elementType">13</scalar><scalar dataType="xsd:double" dictRef="x:x3">-0.274387403</scalar><scalar dataType="xsd:double" dictRef="x:y3">0.0</scalar><scalar dataType="xsd:double" dictRef="x:z3">0.0</scalar></list><list><scalar dataType="xsd:integer" dictRef="x:serial">2</scalar><scalar dataType="xsd:integer" dictRef="x:elementType">13</scalar><scalar dataType="xsd:double" dictRef="x:x3">-0.240332721</scalar><scalar dataType="xsd:double" dictRef="x:y3">0.116045153</scalar><scalar dataType="xsd:double" dictRef="x:z3">0.0</scalar></list><list><scalar dataType="xsd:integer" dictRef="x:serial">3</scalar><scalar dataType="xsd:integer" dictRef="x:elementType">13</scalar><scalar dataType="xsd:double" dictRef="x:x3">-0.111633016</scalar><scalar dataType="xsd:double" dictRef="x:y3">0.233141618</scalar><scalar dataType="xsd:double" dictRef="x:z3">0.0</scalar></list><list><scalar dataType="xsd:integer" dictRef="x:serial">4</scalar><scalar dataType="xsd:integer" dictRef="x:elementType">13</scalar><scalar dataType="xsd:double" dictRef="x:x3">0.0</scalar><scalar dataType="xsd:double" dictRef="x:y3">0.28260306</scalar><scalar dataType="xsd:double" dictRef="x:z3">0.0</scalar></list><list><scalar dataType="xsd:integer" dictRef="x:serial">5</scalar><scalar dataType="xsd:integer" dictRef="x:elementType">13</scalar><scalar dataType="xsd:double" dictRef="x:x3">0.111633016</scalar><scalar dataType="xsd:double" dictRef="x:y3">0.233141618</scalar><scalar dataType="xsd:double" dictRef="x:z3">0.0</scalar></list><list><scalar dataType="xsd:integer" dictRef="x:serial">6</scalar><scalar dataType="xsd:integer" dictRef="x:elementType">13</scalar><scalar dataType="xsd:double" dictRef="x:x3">0.240332721</scalar><scalar dataType="xsd:double" dictRef="x:y3">0.116045153</scalar><scalar dataType="xsd:double" dictRef="x:z3">0.0</scalar></list><list><scalar dataType="xsd:integer" dictRef="x:serial">7</scalar><scalar dataType="xsd:integer" dictRef="x:elementType">13</scalar><scalar dataType="xsd:double" dictRef="x:x3">0.274387403</scalar><scalar dataType="xsd:double" dictRef="x:y3">0.0</scalar><scalar dataType="xsd:double" dictRef="x:z3">0.0</scalar></list><list><scalar dataType="xsd:integer" dictRef="x:serial">8</scalar><scalar dataType="xsd:integer" dictRef="x:elementType">13</scalar><scalar dataType="xsd:double" dictRef="x:x3">0.240332721</scalar><scalar dataType="xsd:double" dictRef="x:y3">-0.116045153</scalar><scalar dataType="xsd:double" dictRef="x:z3">0.0</scalar></list><list><scalar dataType="xsd:integer" dictRef="x:serial">9</scalar><scalar dataType="xsd:integer" dictRef="x:elementType">13</scalar><scalar dataType="xsd:double" dictRef="x:x3">0.111633016</scalar><scalar dataType="xsd:double" dictRef="x:y3">-0.233141618</scalar><scalar dataType="xsd:double" dictRef="x:z3">0.0</scalar></list><list><scalar dataType="xsd:integer" dictRef="x:serial">10</scalar><scalar dataType="xsd:integer" dictRef="x:elementType">13</scalar><scalar dataType="xsd:double" dictRef="x:x3">0.0</scalar><scalar dataType="xsd:double" dictRef="x:y3">-0.28260306</scalar><scalar dataType="xsd:double" dictRef="x:z3">0.0</scalar></list><list><scalar dataType="xsd:integer" dictRef="x:serial">11</scalar><scalar dataType="xsd:integer" dictRef="x:elementType">13</scalar><scalar dataType="xsd:double" dictRef="x:x3">-0.111633016</scalar><scalar dataType="xsd:double" dictRef="x:y3">-0.233141618</scalar><scalar dataType="xsd:double" dictRef="x:z3">0.0</scalar></list><list><scalar dataType="xsd:integer" dictRef="x:serial">12</scalar><scalar dataType="xsd:integer" dictRef="x:elementType">13</scalar><scalar dataType="xsd:double" dictRef="x:x3">-0.240332721</scalar><scalar dataType="xsd:double" dictRef="x:y3">-0.116045153</scalar><scalar dataType="xsd:double" dictRef="x:z3">0.0</scalar></list></list><list cmlx:templateRef="cartesianforce"><list><scalar dataType="xsd:double" dictRef="cc:maxforce">0.28260306</scalar><scalar dataType="xsd:double" dictRef="cc:rmsforce">0.154782897</scalar></list></list></module><module cmlx:lineCount="142" cmlx:templateRef="l103" xmlns:xi="http://www.w3.org/2001/XInclude"><list cmlx:templateRef="berny"><scalar dataType="xsd:string" dictRef="g:optimization">Internal  Forces:  Max     0.217219215 RMS     0.075166053</scalar></list> Search for a local minimum. Step number   3 out of a maximum of 100 All quantities printed in internal units (Hartrees-Bohrs-Radians) Update second derivatives using D2CorX and points  2  3 Maximum step size (   0.424) exceeded in linear search.    -- Step size scaled by   0.500 Quartic linear search produced a step of  1.00000. Iteration  1 RMS(Cart)=  0.03438337 RMS(Int)=  0.00003107 Iteration  2 RMS(Cart)=  0.00000921 RMS(Int)=  0.00002851 Iteration  3 RMS(Cart)=  0.00000000 RMS(Int)=  0.00002851<module cmlx:lineCount="122" cmlx:templateRef="l103.deltas"><list cmlx:lineCount="120" cmlx:templateRef="delta"><array dataType="xsd:string" dictRef="cc:variable" size="120">R1 R2 R3 R4 R5 R6 R7 R8 R9 R10 R11 R12 R13 R14 R15 R16 R17 R18 R19 R20 R21 R22 R23 R24 A1 A2 A3 A4 A5 A6 A7 A8 A9 A10 A11 A12 A13 A14 A15 A16 A17 A18 A19 A20 A21 A22 A23 A24 A25 A26 A27 A28 A29 A30 A31 A32 A33 A34 A35 A36 D1 D2 D3 D4 D5 D6 D7 D8 D9 D10 D11 D12 D13 D14 D15 D16 D17 D18 D19 D20 D21 D22 D23 D24 D25 D26 D27 D28 D29 D30 D31 D32 D33 D34 D35 D36 D37 D38 D39 D40 D41 D42 D43 D44 D45 D46 D47 D48 D49 D50 D51 D52 D53 D54 D55 D56 D57 D58 D59 D60</array><array dataType="xsd:double" dictRef="g:lastval" size="120">2.99686 5.78375 5.78375 2.99686 2.99686 5.79515 5.79515 2.99686 5.78375 2.99686 5.79515 2.99686 5.78375 2.99686 5.79515 2.99686 5.78375 2.99686 5.79515 2.99686 5.78375 2.99686 5.79515 2.99686 2.35987 2.0944 2.35987 2.35252 2.35252 2.0944 2.35987 2.0944 2.35987 2.35252 2.0944 2.35252 2.35987 2.0944 2.35987 2.35252 2.0944 2.35252 2.35987 2.0944 2.35987 2.35252 2.0944 2.35252 2.35987 2.0944 2.35987 2.35252 2.0944 2.35252 2.0944 2.35987 2.35987 2.35252 2.0944 2.35252 0.0 0.0 0.0 0.0 0.0 0.0 0.0 0.0 0.0 0.0 0.0 0.0 0.0 0.0 0.0 0.0 0.0 0.0 0.0 0.0 0.0 0.0 0.0 0.0 0.0 0.0 0.0 0.0 0.0 0.0 0.0 0.0 0.0 0.0 0.0 0.0 0.0 0.0 0.0 0.0 0.0 0.0 0.0 0.0 0.0 0.0 0.0 0.0 0.0 0.0 0.0 0.0 0.0 0.0 0.0 0.0 0.0 0.0 0.0 0.0</array><array dataType="xsd:double" dictRef="cc:deriv" size="120">0.10643 0.21337 0.21337 0.10643 0.11477 0.21722 0.20423 0.1064 0.20019 0.1064 0.21722 0.11477 0.21337 0.10643 0.20423 0.10643 0.21337 0.11477 0.21722 0.1064 0.20019 0.1064 0.21722 0.11477 -0.00249 -0.00291 -0.00249 0.00248 -0.00113 0.00145 0.00474 0.00146 0.00113 -0.00473 -0.00289 -0.00473 0.00113 0.00146 0.00474 0.00248 0.00145 -0.00113 -0.00249 -0.00291 -0.00249 -0.00113 0.00145 0.00248 0.00474 0.00146 0.00113 -0.00473 -0.00289 -0.00473 0.00146 0.00474 0.00113 0.00248 0.00145 -0.00113 0.0 0.0 0.0 0.0 0.0 0.0 0.0 0.0 0.0 0.0 0.0 0.0 0.0 0.0 0.0 0.0 0.0 0.0 0.0 0.0 0.0 0.0 0.0 0.0 0.0 0.0 0.0 0.0 0.0 0.0 0.0 0.0 0.0 0.0 0.0 0.0 0.0 0.0 0.0 0.0 0.0 0.0 0.0 0.0 0.0 0.0 0.0 0.0 0.0 0.0 0.0 0.0 0.0 0.0 0.0 0.0 0.0 0.0 0.0 0.0</array><array dataType="xsd:double" dictRef="cc:delta.linear" size="120">0.05627 0.10508 0.10508 0.05627 0.05627 0.11227 0.11227 0.05627 0.10508 0.05627 0.11227 0.05627 0.10508 0.05627 0.11227 0.05627 0.10508 0.05627 0.11227 0.05627 0.10508 0.05627 0.11227 0.05627 0.00229 0.0 0.00229 -0.00229 -0.00229 0.0 0.00229 0.0 0.00229 -0.00229 0.0 -0.00229 0.00229 0.0 0.00229 -0.00229 0.0 -0.00229 0.00229 0.0 0.00229 -0.00229 0.0 -0.00229 0.00229 0.0 0.00229 -0.00229 0.0 -0.00229 0.0 0.00229 0.00229 -0.00229 0.0 -0.00229 0.0 0.0 0.0 0.0 0.0 0.0 0.0 0.0 0.0 0.0 0.0 0.0 0.0 0.0 0.0 0.0 0.0 0.0 0.0 0.0 0.0 0.0 0.0 0.0 0.0 0.0 0.0 0.0 0.0 0.0 0.0 0.0 0.0 0.0 0.0 0.0 0.0 0.0 0.0 0.0 0.0 0.0 0.0 0.0 0.0 0.0 0.0 0.0 0.0 0.0 0.0 0.0 0.0 0.0 0.0 0.0 0.0 0.0 0.0 0.0</array><array dataType="xsd:double" dictRef="cc:delta.quad" size="120">0.0 0.0 0.0 0.0 0.0 0.0 0.0 0.0 0.0 0.0 0.0 0.0 0.0 0.0 0.0 0.0 0.0 0.0 0.0 0.0 0.0 0.0 0.0 0.0 0.0 0.0 0.0 0.0 0.0 0.0 0.0 0.0 0.0 0.0 0.0 0.0 0.0 0.0 0.0 0.0 0.0 0.0 0.0 0.0 0.0 0.0 0.0 0.0 0.0 0.0 0.0 0.0 0.0 0.0 0.0 0.0 0.0 0.0 0.0 0.0 0.0 0.0 0.0 0.0 0.0 0.0 0.0 0.0 0.0 0.0 0.0 0.0 0.0 0.0 0.0 0.0 0.0 0.0 0.0 0.0 0.0 0.0 0.0 0.0 0.0 0.0 0.0 0.0 0.0 0.0 0.0 0.0 0.0 0.0 0.0 0.0 0.0 0.0 0.0 0.0 0.0 0.0 0.0 0.0 0.0 0.0 0.0 0.0 0.0 0.0 0.0 0.0 0.0 0.0 0.0 0.0 0.0 0.0 0.0 0.0</array><array dataType="xsd:double" dictRef="cc:delta.total" size="120">0.05628 0.10501 0.10501 0.05628 0.05628 0.11232 0.11232 0.05628 0.10501 0.05628 0.11232 0.05628 0.10501 0.05628 0.11232 0.05628 0.10501 0.05628 0.11232 0.05628 0.10501 0.05628 0.11232 0.05628 0.00224 0.0 0.00224 -0.00224 -0.00224 0.0 0.00224 0.0 0.00224 -0.00224 0.0 -0.00224 0.00224 0.0 0.00224 -0.00224 0.0 -0.00224 0.00224 0.0 0.00224 -0.00224 0.0 -0.00224 0.00224 0.0 0.00224 -0.00224 0.0 -0.00224 0.0 0.00224 0.00224 -0.00224 0.0 -0.00224 0.0 0.0 0.0 0.0 0.0 0.0 0.0 0.0 0.0 0.0 0.0 0.0 0.0 0.0 0.0 0.0 0.0 0.0 0.0 0.0 0.0 0.0 0.0 0.0 0.0 0.0 0.0 0.0 0.0 0.0 0.0 0.0 0.0 0.0 0.0 0.0 0.0 0.0 0.0 0.0 0.0 0.0 0.0 0.0 0.0 0.0 0.0 0.0 0.0 0.0 0.0 0.0 0.0 0.0 0.0 0.0 0.0 0.0 0.0 0.0</array><array dataType="xsd:double" dictRef="cc:newval" size="120">3.05314 5.88876 5.88876 3.05314 3.05314 5.90747 5.90747 3.05314 5.88876 3.05314 5.90747 3.05314 5.88876 3.05314 5.90747 3.05314 5.88876 3.05314 5.90747 3.05314 5.88876 3.05314 5.90747 3.05314 2.36211 2.0944 2.36211 2.35027 2.35027 2.0944 2.36211 2.0944 2.36211 2.35027 2.0944 2.35027 2.36211 2.0944 2.36211 2.35027 2.0944 2.35027 2.36211 2.0944 2.36211 2.35027 2.0944 2.35027 2.36211 2.0944 2.36211 2.35027 2.0944 2.35027 2.0944 2.36211 2.36211 2.35027 2.0944 2.35027 0.0 0.0 0.0 0.0 0.0 0.0 0.0 0.0 0.0 0.0 0.0 0.0 0.0 0.0 0.0 0.0 0.0 0.0 0.0 0.0 0.0 0.0 0.0 0.0 0.0 0.0 0.0 0.0 0.0 0.0 0.0 0.0 0.0 0.0 0.0 0.0 0.0 0.0 0.0 0.0 0.0 0.0 0.0 0.0 0.0 0.0 0.0 0.0 0.0 0.0 0.0 0.0 0.0 0.0 0.0 0.0 0.0 0.0 0.0 0.0</array></list></module><module cmlx:lineCount="5" cmlx:templateRef="l103.itemconverge"><list cmlx:lineCount="4" cmlx:templateRef="components"><array dataType="xsd:string" dictRef="g:itemconverge"/><array dataType="xsd:double" dictRef="x:value" size="4">4.5E-4 3.0E-4 0.0018 0.0012</array><array dataType="xsd:double" dictRef="x:threshold" size="4">0.0 0.0 0.0 0.0</array><array dataType="xsd:string" dictRef="g:converged" size="4">NO NO NO NO</array></list></module> Predicted change in Energy=-3.325247D-01 GradGradGradGradGradGradGradGradGradGradGradGradGradGradGradGradGradGrad</module><module cmlx:lineCount="18" cmlx:templateRef="l202.orient"><list cmlx:templateRef="type"><scalar dataType="xsd:string" dictRef="g:type">Input</scalar></list><list cmlx:lineCount="12" cmlx:templateRef="atom"><array dataType="xsd:integer" dictRef="cc:serial" size="12">1 2 3 4 5 6 7 8 9 10 11 12</array><array dataType="xsd:integer" dictRef="cc:elementType" size="12">13 13 13 13 13 13 13 13 13 13 13 13</array><array dataType="xsd:integer" dictRef="g:atomicType" size="12">0 0 0 0 0 0 0 0 0 0 0 0</array><array dataType="xsd:double" dictRef="cc:x3" size="12">-3.116198 -2.707282 -1.558099 0.0 1.558099 2.707282 3.116198 2.707282 1.558099 0.0 -1.558099 -2.707282</array><array dataType="xsd:double" dictRef="cc:y3" size="12">0.0 1.56305 2.698707 3.1261 2.698707 1.56305 0.0 -1.56305 -2.698707 -3.1261 -2.698707 -1.56305</array><array dataType="xsd:double" dictRef="cc:z3" size="12">0.0 0.0 0.0 0.0 0.0 0.0 0.0 0.0 0.0 0.0 0.0 0.0</array></list></module><module cmlx:lineCount="14" cmlx:templateRef="l202.distmat"><list cmlx:templateRef="atom"><list><scalar dataType="xsd:integer" dictRef="cc:serial">1</scalar><scalar dataType="xsd:string" dictRef="cc:elementType">Al</scalar><scalar dataType="xsd:string" dictRef="cc:distances">0.000000</scalar></list><list><scalar dataType="xsd:integer" dictRef="cc:serial">2</scalar><scalar dataType="xsd:string" dictRef="cc:elementType">Al</scalar><scalar dataType="xsd:string" dictRef="cc:distances">1.615654   0.000000</scalar></list><list><scalar dataType="xsd:integer" dictRef="cc:serial">3</scalar><scalar dataType="xsd:string" dictRef="cc:elementType">Al</scalar><scalar dataType="xsd:string" dictRef="cc:distances">3.116198   1.615654   0.000000</scalar></list><list><scalar dataType="xsd:integer" dictRef="cc:serial">4</scalar><scalar dataType="xsd:string" dictRef="cc:elementType">Al</scalar><scalar dataType="xsd:string" dictRef="cc:distances">4.413977   3.126100   1.615654   0.000000</scalar></list><list><scalar dataType="xsd:integer" dictRef="cc:serial">5</scalar><scalar dataType="xsd:string" dictRef="cc:elementType">Al</scalar><scalar dataType="xsd:string" dictRef="cc:distances">5.397414   4.413977   3.116198   1.615654   0.000000</scalar></list><list><scalar dataType="xsd:integer" dictRef="cc:serial">6</scalar><scalar dataType="xsd:string" dictRef="cc:elementType">Al</scalar><scalar dataType="xsd:string" dictRef="cc:distances">6.029598   5.414564   4.413977   3.126100   1.615654</scalar></list><list><scalar dataType="xsd:integer" dictRef="cc:serial">7</scalar><scalar dataType="xsd:string" dictRef="cc:elementType">Al</scalar><scalar dataType="xsd:string" dictRef="cc:distances">6.232397   6.029598   5.397414   4.413977   3.116198</scalar></list><list><scalar dataType="xsd:integer" dictRef="cc:serial">8</scalar><scalar dataType="xsd:string" dictRef="cc:elementType">Al</scalar><scalar dataType="xsd:string" dictRef="cc:distances">6.029598   6.252200   6.029598   5.414564   4.413977</scalar></list><list><scalar dataType="xsd:integer" dictRef="cc:serial">9</scalar><scalar dataType="xsd:string" dictRef="cc:elementType">Al</scalar><scalar dataType="xsd:string" dictRef="cc:distances">5.397414   6.029598   6.232397   6.029598   5.397414</scalar></list><list><scalar dataType="xsd:integer" dictRef="cc:serial">10</scalar><scalar dataType="xsd:string" dictRef="cc:elementType">Al</scalar><scalar dataType="xsd:string" dictRef="cc:distances">4.413977   5.414564   6.029598   6.252200   6.029598</scalar></list><list><scalar dataType="xsd:integer" dictRef="cc:serial">11</scalar><scalar dataType="xsd:string" dictRef="cc:elementType">Al</scalar><scalar dataType="xsd:string" dictRef="cc:distances">3.116198   4.413977   5.397414   6.029598   6.232397</scalar></list><list><scalar dataType="xsd:integer" dictRef="cc:serial">12</scalar><scalar dataType="xsd:string" dictRef="cc:elementType">Al</scalar><scalar dataType="xsd:string" dictRef="cc:distances">1.615654   3.126100   4.413977   5.414564   6.029598</scalar></list></list></module>                    6          7          8          9         10     6  Al   0.000000     7  Al   1.615654   0.000000     8  Al   3.126100   1.615654   0.000000     9  Al   4.413977   3.116198   1.615654   0.000000    10  Al   5.414564   4.413977   3.126100   1.615654   0.000000    11  Al   6.029598   5.397414   4.413977   3.116198   1.615654    12  Al   6.252200   6.029598   5.414564   4.413977   3.126100                   11         12    11  Al   0.000000    12  Al   1.615654   0.000000<module cmlx:lineCount="6" cmlx:templateRef="l202.stoich"><list cmlx:templateRef="stoich"><scalar dataType="xsd:string" dictRef="cc:formula">Al12</scalar></list><list cmlx:templateRef="framework"><scalar dataType="xsd:string" dictRef="cc:frameworkgroup">D6H[3C2'(Al.Al),3C2"(Al.Al)]</scalar></list> Full point group                 D6H Largest Abelian subgroup         D2H     NOp   8 Largest concise Abelian subgroup D2      NOp   4</module><module cmlx:lineCount="18" cmlx:templateRef="l202.orient"><list cmlx:templateRef="type"><scalar dataType="xsd:string" dictRef="g:type">Standard</scalar></list><list cmlx:lineCount="12" cmlx:templateRef="atom"><array dataType="xsd:integer" dictRef="cc:serial" size="12">1 2 3 4 5 6 7 8 9 10 11 12</array><array dataType="xsd:integer" dictRef="cc:elementType" size="12">13 13 13 13 13 13 13 13 13 13 13 13</array><array dataType="xsd:integer" dictRef="g:atomicType" size="12">0 0 0 0 0 0 0 0 0 0 0 0</array><array dataType="xsd:double" dictRef="cc:x3" size="12">0.0 1.56305 2.698707 3.1261 2.698707 1.56305 0.0 -1.56305 -2.698707 -3.1261 -2.698707 -1.56305</array><array dataType="xsd:double" dictRef="cc:y3" size="12">3.116198 2.707282 1.558099 0.0 -1.558099 -2.707282 -3.116198 -2.707282 -1.558099 0.0 1.558099 2.707282</array><array dataType="xsd:double" dictRef="cc:z3" size="12">0.0 0.0 0.0 0.0 0.0 0.0 0.0 0.0 0.0 0.0 0.0 0.0</array></list></module><module cmlx:lineCount="1" cmlx:templateRef="l202.rotconst"/><module cmlx:lineCount="16" cmlx:templateRef="l301.basis"><list cmlx:templateRef="basis"><list><scalar dataType="xsd:string" dictRef="cc:basis">6-31G(d)</scalar><scalar dataType="xsd:string" dictRef="cc:diffuse">(6D, 7F)</scalar></list></list><list cmlx:templateRef="symmadapt"><list><scalar dataType="xsd:integer" dictRef="cc:adapted">48</scalar><scalar dataType="xsd:string" dictRef="cc:symm">AG</scalar></list><list><scalar dataType="xsd:integer" dictRef="cc:adapted">36</scalar><scalar dataType="xsd:string" dictRef="cc:symm">B1G</scalar></list><list><scalar dataType="xsd:integer" dictRef="cc:adapted">15</scalar><scalar dataType="xsd:string" dictRef="cc:symm">B2G</scalar></list><list><scalar dataType="xsd:integer" dictRef="cc:adapted">15</scalar><scalar dataType="xsd:string" dictRef="cc:symm">B3G</scalar></list><list><scalar dataType="xsd:integer" dictRef="cc:adapted">12</scalar><scalar dataType="xsd:string" dictRef="cc:symm">AU</scalar></list><list><scalar dataType="xsd:integer" dictRef="cc:adapted">18</scalar><scalar dataType="xsd:string" dictRef="cc:symm">B1U</scalar></list><list><scalar dataType="xsd:integer" dictRef="cc:adapted">42</scalar><scalar dataType="xsd:string" dictRef="cc:symm">B2U</scalar></list><list><scalar dataType="xsd:integer" dictRef="cc:adapted">42</scalar><scalar dataType="xsd:string" dictRef="cc:symm">B3U</scalar></list></list><list cmlx:templateRef="buffer"><scalar dataType="xsd:integer" dictRef="g:buffer">131072</scalar></list><list cmlx:templateRef="raff"><scalar dataType="xsd:string" dictRef="g:raffenetti">Raffenetti</scalar></list><list cmlx:templateRef="twoe"><scalar dataType="xsd:string" dictRef="g:twoe">Two-electron</scalar></list><list cmlx:templateRef="basiscount"><list><scalar dataType="xsd:integer" dictRef="cc:basiscount">228</scalar><scalar dataType="xsd:integer" dictRef="g:primbasis">624</scalar><scalar dataType="xsd:integer" dictRef="cc:cartesianbasis">228</scalar></list></list><list cmlx:templateRef="alphabeta"><list><scalar dataType="xsd:integer" dictRef="cc:alphae">78</scalar><scalar dataType="xsd:integer" dictRef="cc:betae">78</scalar></list></list> NAtoms=   12 NActive=   12 NUniq=    2 SFac= 3.00D+00 NAtFMM=   80 NAOKFM=F Big=F</module><module cmlx:lineCount="1" cmlx:templateRef="l302.basis"><list cmlx:templateRef="onee"><scalar dataType="xsd:string" dictRef="g:onee">One-electron integrals</scalar></list></module> NBasis=   228 RedAO= T  NBF=    48    36    15    15    12    18    42    42 NBsUse=   227 1.00D-06 NBFU=    48    35    15    15    12    18    42    42 Initial guess read from the read-write file:<module cmlx:lineCount="1" cmlx:templateRef="l401.orbsym"><list cmlx:templateRef="l401"><scalar dataType="xsd:string" dictRef="g:l401">Initial guess orbital symmetries:</scalar></list></module>       Occupied  (?A) (?B) (?B) (?A) (?A) (?B) (?B) (?A) (?A) (?B)                 (?A) (?B) (?A) (?B) (?B) (?A) (?A) (?B) (?B) (?A)                 (?A) (?B) (?B) (?A) (?C) (?C) (?C) (?C) (?C) (?C)                 (?C) (?C) (?C) (?C) (?C) (?C) (?D) (?D) (?D) (?D)                 (?C) (?C) (?C) (?D) (?C) (?D) (?D) (?D) (?C) (?C)                 (?C) (?C) (?D) (?D) (?C) (?D) (?C) (?C) (?D) (?C)                 (?D) (?D) (?D) (?D) (?D) (?D) (?D) (?D) (?D) (?D)                 (?D) (B2G) (B2G) (?D) (?D) (?D) (?D) (?D)       Virtual   (?D) (?D) (?D) (?D) (B2G) (B2G) (?D) (?D) (?D)                 (?D) (?D) (?D) (?D) (?D) (?D) (?D) (?D) (?D) (?D)                 (?D) (B2G) (B2G) (?D) (?D) (?D) (B2G) (B2G) (?D)                 (?D) (?D) (?D) (?D) (?D) (?D) (?D) (?D) (?D) (?D)                 (B2G) (B2G) (?D) (?D) (?D) (?D) (?D) (?D) (?D)                 (?D) (?D) (?D) (?D) (?D) (?D) (?D) (B2G) (B2G)                 (B2G) (B2G) (?D) (?D) (?D) (?D) (?D) (?D) (?D)                 (?D) (?D) (?D) (?D) (?D) (?D) (?D) (?D) (?D) (?D)                 (?D) (?D) (?D) (B2G) (B2G) (?D) (?D) (B2G) (B2G)                 (?D) (?D) (?D) (?D) (?D) (?D) (?D) (?D) (?D) (?D)                 (?D) (?D) (?D) (?D) (?D) (?D) (?D) (B2G) (B1G)                 (E1G) (E1G) (?D) (?D) (?D) (?D) (?D) (?D) (?D)                 (?D) (?D) (?D) (?D) (E2U) (E2U) (A1G) (?D) (E1G)                 (E1G) (A1U) (?D) (?D) (?D) (?D) (?D) (?D) (?D)                 (?D) (?D) (?D) (?D) (?D) (?D) (?D) (?D) (?D) (?D)                 (?D) (?D) (E2G) (E2G) (?D) (?D) (A1G) (?D) (?D) Harris functional with IExCor=  402 diagonalized for initial guess. ExpMin= 5.57D-02 ExpMax= 1.40D+04 ExpMxC= 2.10D+03 IAcc=2 IRadAn=         4 AccDes= 0.00D+00 HarFok:  IExCor= 402 AccDes= 0.00D+00 IRadAn=         4 IDoV=1 ScaDFX=  1.000000  1.000000  1.000000  1.000000 Requested convergence on RMS density matrix=1.00D-08 within 128 cycles. Requested convergence on MAX density matrix=1.00D-06. Requested convergence on             energy=1.00D-06. No special actions if energy rises. Keep R1 integrals in memory in canonical form, NReq=   347898779. Integral accuracy reduced to 1.0D-05 until final iterations. Density matrix breaks symmetry, PCut= 1.00D-04 Density has only Abelian symmetry. Density matrix breaks symmetry, PCut= 1.00D-04 Density has only Abelian symmetry. Density matrix breaks symmetry, PCut= 1.00D-04 Density has only Abelian symmetry. Density matrix breaks symmetry, PCut= 1.00D-04 Density has only Abelian symmetry. Density matrix breaks symmetry, PCut= 1.00D-04 Density has only Abelian symmetry. Density matrix breaks symmetry, PCut= 1.00D-04 Density has only Abelian symmetry. Density matrix breaks symmetry, PCut= 1.00D-04 Density has only Abelian symmetry. Initial convergence to 1.0D-05 achieved.  Increase integral accuracy. Density matrix breaks symmetry, PCut= 1.00D-04 Density has only Abelian symmetry. Density matrix breaks symmetry, PCut= 1.00D-04 Density has only Abelian symmetry. Density matrix breaks symmetry, PCut= 1.00D-04 Density has only Abelian symmetry. Density matrix breaks symmetry, PCut= 1.00D-04 Density has only Abelian symmetry. Density matrix breaks symmetry, PCut= 1.00D-04 Density has only Abelian symmetry. Density matrix breaks symmetry, PCut= 1.00D-04 Density has only Abelian symmetry. Density matrix breaks symmetry, PCut= 1.00D-04 Density has only Abelian symmetry. Density matrix breaks symmetry, PCut= 1.00D-04 Density has only Abelian symmetry. Density matrix breaks symmetry, PCut= 1.00D-04 Density has only Abelian symmetry. Density matrix breaks symmetry, PCut= 1.00D-04 Density has only Abelian symmetry. Density matrix breaks symmetry, PCut= 1.00D-04 Density has only Abelian symmetry. Density matrix breaks symmetry, PCut= 1.00D-04 Density has only Abelian symmetry. SCF Done:  E(RB+HF-LYP) =  -2905.65666349     A.U. after   18 cycles             Convg  =    0.9672D-08             -V/T =  1.9976             S**2   =   0.0000 Density matrix has only Abelian symmetry. Density matrix has only Abelian symmetry. ***** Axes restored to original set *****<module cmlx:lineCount="18" cmlx:templateRef="forces"><list cmlx:templateRef="force"><list><scalar dataType="xsd:integer" dictRef="x:serial">1</scalar><scalar dataType="xsd:integer" dictRef="x:elementType">13</scalar><scalar dataType="xsd:double" dictRef="x:x3">-0.24778101</scalar><scalar dataType="xsd:double" dictRef="x:y3">0.0</scalar><scalar dataType="xsd:double" dictRef="x:z3">0.0</scalar></list><list><scalar dataType="xsd:integer" dictRef="x:serial">2</scalar><scalar dataType="xsd:integer" dictRef="x:elementType">13</scalar><scalar dataType="xsd:double" dictRef="x:x3">-0.221985186</scalar><scalar dataType="xsd:double" dictRef="x:y3">0.106421685</scalar><scalar dataType="xsd:double" dictRef="x:z3">0.0</scalar></list><list><scalar dataType="xsd:integer" dictRef="x:serial">3</scalar><scalar dataType="xsd:integer" dictRef="x:elementType">13</scalar><scalar dataType="xsd:double" dictRef="x:x3">-0.099778152</scalar><scalar dataType="xsd:double" dictRef="x:y3">0.211148442</scalar><scalar dataType="xsd:double" dictRef="x:z3">0.0</scalar></list><list><scalar dataType="xsd:integer" dictRef="x:serial">4</scalar><scalar dataType="xsd:integer" dictRef="x:elementType">13</scalar><scalar dataType="xsd:double" dictRef="x:x3">0.0</scalar><scalar dataType="xsd:double" dictRef="x:y3">0.260166081</scalar><scalar dataType="xsd:double" dictRef="x:z3">0.0</scalar></list><list><scalar dataType="xsd:integer" dictRef="x:serial">5</scalar><scalar dataType="xsd:integer" dictRef="x:elementType">13</scalar><scalar dataType="xsd:double" dictRef="x:x3">0.099778152</scalar><scalar dataType="xsd:double" dictRef="x:y3">0.211148442</scalar><scalar dataType="xsd:double" dictRef="x:z3">0.0</scalar></list><list><scalar dataType="xsd:integer" dictRef="x:serial">6</scalar><scalar dataType="xsd:integer" dictRef="x:elementType">13</scalar><scalar dataType="xsd:double" dictRef="x:x3">0.221985186</scalar><scalar dataType="xsd:double" dictRef="x:y3">0.106421685</scalar><scalar dataType="xsd:double" dictRef="x:z3">0.0</scalar></list><list><scalar dataType="xsd:integer" dictRef="x:serial">7</scalar><scalar dataType="xsd:integer" dictRef="x:elementType">13</scalar><scalar dataType="xsd:double" dictRef="x:x3">0.24778101</scalar><scalar dataType="xsd:double" dictRef="x:y3">0.0</scalar><scalar dataType="xsd:double" dictRef="x:z3">0.0</scalar></list><list><scalar dataType="xsd:integer" dictRef="x:serial">8</scalar><scalar dataType="xsd:integer" dictRef="x:elementType">13</scalar><scalar dataType="xsd:double" dictRef="x:x3">0.221985186</scalar><scalar dataType="xsd:double" dictRef="x:y3">-0.106421685</scalar><scalar dataType="xsd:double" dictRef="x:z3">0.0</scalar></list><list><scalar dataType="xsd:integer" dictRef="x:serial">9</scalar><scalar dataType="xsd:integer" dictRef="x:elementType">13</scalar><scalar dataType="xsd:double" dictRef="x:x3">0.099778152</scalar><scalar dataType="xsd:double" dictRef="x:y3">-0.211148442</scalar><scalar dataType="xsd:double" dictRef="x:z3">0.0</scalar></list><list><scalar dataType="xsd:integer" dictRef="x:serial">10</scalar><scalar dataType="xsd:integer" dictRef="x:elementType">13</scalar><scalar dataType="xsd:double" dictRef="x:x3">0.0</scalar><scalar dataType="xsd:double" dictRef="x:y3">-0.260166081</scalar><scalar dataType="xsd:double" dictRef="x:z3">0.0</scalar></list><list><scalar dataType="xsd:integer" dictRef="x:serial">11</scalar><scalar dataType="xsd:integer" dictRef="x:elementType">13</scalar><scalar dataType="xsd:double" dictRef="x:x3">-0.099778152</scalar><scalar dataType="xsd:double" dictRef="x:y3">-0.211148442</scalar><scalar dataType="xsd:double" dictRef="x:z3">0.0</scalar></list><list><scalar dataType="xsd:integer" dictRef="x:serial">12</scalar><scalar dataType="xsd:integer" dictRef="x:elementType">13</scalar><scalar dataType="xsd:double" dictRef="x:x3">-0.221985186</scalar><scalar dataType="xsd:double" dictRef="x:y3">-0.106421685</scalar><scalar dataType="xsd:double" dictRef="x:z3">0.0</scalar></list></list><list cmlx:templateRef="cartesianforce"><list><scalar dataType="xsd:double" dictRef="cc:maxforce">0.260166081</scalar><scalar dataType="xsd:double" dictRef="cc:rmsforce">0.141296871</scalar></list></list></module><module cmlx:lineCount="142" cmlx:templateRef="l103" xmlns:xi="http://www.w3.org/2001/XInclude"><list cmlx:templateRef="berny"><scalar dataType="xsd:string" dictRef="g:optimization">Internal  Forces:  Max     0.199576159 RMS     0.068600775</scalar></list> Search for a local minimum. Step number   4 out of a maximum of 100 All quantities printed in internal units (Hartrees-Bohrs-Radians) Update second derivatives using D2CorX and points  3  4 Maximum step size (   0.424) exceeded in linear search.    -- Step size scaled by   0.500 Quartic linear search produced a step of  1.00000. Iteration  1 RMS(Cart)=  0.03438194 RMS(Int)=  0.00003005 Iteration  2 RMS(Cart)=  0.00000883 RMS(Int)=  0.00002766 Iteration  3 RMS(Cart)=  0.00000000 RMS(Int)=  0.00002766<module cmlx:lineCount="122" cmlx:templateRef="l103.deltas"><list cmlx:lineCount="120" cmlx:templateRef="delta"><array dataType="xsd:string" dictRef="cc:variable" size="120">R1 R2 R3 R4 R5 R6 R7 R8 R9 R10 R11 R12 R13 R14 R15 R16 R17 R18 R19 R20 R21 R22 R23 R24 A1 A2 A3 A4 A5 A6 A7 A8 A9 A10 A11 A12 A13 A14 A15 A16 A17 A18 A19 A20 A21 A22 A23 A24 A25 A26 A27 A28 A29 A30 A31 A32 A33 A34 A35 A36 D1 D2 D3 D4 D5 D6 D7 D8 D9 D10 D11 D12 D13 D14 D15 D16 D17 D18 D19 D20 D21 D22 D23 D24 D25 D26 D27 D28 D29 D30 D31 D32 D33 D34 D35 D36 D37 D38 D39 D40 D41 D42 D43 D44 D45 D46 D47 D48 D49 D50 D51 D52 D53 D54 D55 D56 D57 D58 D59 D60</array><array dataType="xsd:double" dictRef="g:lastval" size="120">3.05314 5.88876 5.88876 3.05314 3.05314 5.90747 5.90747 3.05314 5.88876 3.05314 5.90747 3.05314 5.88876 3.05314 5.90747 3.05314 5.88876 3.05314 5.90747 3.05314 5.88876 3.05314 5.90747 3.05314 2.36211 2.0944 2.36211 2.35027 2.35027 2.0944 2.36211 2.0944 2.36211 2.35027 2.0944 2.35027 2.36211 2.0944 2.36211 2.35027 2.0944 2.35027 2.36211 2.0944 2.36211 2.35027 2.0944 2.35027 2.36211 2.0944 2.36211 2.35027 2.0944 2.35027 2.0944 2.36211 2.36211 2.35027 2.0944 2.35027 0.0 0.0 0.0 0.0 0.0 0.0 0.0 0.0 0.0 0.0 0.0 0.0 0.0 0.0 0.0 0.0 0.0 0.0 0.0 0.0 0.0 0.0 0.0 0.0 0.0 0.0 0.0 0.0 0.0 0.0 0.0 0.0 0.0 0.0 0.0 0.0 0.0 0.0 0.0 0.0 0.0 0.0 0.0 0.0 0.0 0.0 0.0 0.0 0.0 0.0 0.0 0.0 0.0 0.0 0.0 0.0 0.0 0.0 0.0 0.0</array><array dataType="xsd:double" dictRef="cc:deriv" size="120">0.09696 0.19367 0.19367 0.09696 0.10511 0.19958 0.18727 0.09693 0.18108 0.09693 0.19958 0.10511 0.19367 0.09696 0.18727 0.09696 0.19367 0.10511 0.19958 0.09693 0.18108 0.09693 0.19958 0.10511 -0.00154 -0.00265 -0.00154 0.00153 -0.0017 0.00131 0.00496 0.00133 0.0017 -0.00494 -0.00263 -0.00494 0.0017 0.00133 0.00496 0.00153 0.00131 -0.0017 -0.00154 -0.00265 -0.00154 -0.0017 0.00131 0.00153 0.00496 0.00133 0.0017 -0.00494 -0.00263 -0.00494 0.00133 0.00496 0.0017 0.00153 0.00131 -0.0017 0.0 0.0 0.0 0.0 0.0 0.0 0.0 0.0 0.0 0.0 0.0 0.0 0.0 0.0 0.0 0.0 0.0 0.0 0.0 0.0 0.0 0.0 0.0 0.0 0.0 0.0 0.0 0.0 0.0 0.0 0.0 0.0 0.0 0.0 0.0 0.0 0.0 0.0 0.0 0.0 0.0 0.0 0.0 0.0 0.0 0.0 0.0 0.0 0.0 0.0 0.0 0.0 0.0 0.0 0.0 0.0 0.0 0.0 0.0 0.0</array><array dataType="xsd:double" dictRef="cc:delta.linear" size="120">0.05628 0.10501 0.10501 0.05628 0.05628 0.11232 0.11232 0.05628 0.10501 0.05628 0.11232 0.05628 0.10501 0.05628 0.11232 0.05628 0.10501 0.05628 0.11232 0.05628 0.10501 0.05628 0.11232 0.05628 0.00224 0.0 0.00224 -0.00224 -0.00224 0.0 0.00224 0.0 0.00224 -0.00224 0.0 -0.00224 0.00224 0.0 0.00224 -0.00224 0.0 -0.00224 0.00224 0.0 0.00224 -0.00224 0.0 -0.00224 0.00224 0.0 0.00224 -0.00224 0.0 -0.00224 0.0 0.00224 0.00224 -0.00224 0.0 -0.00224 0.0 0.0 0.0 0.0 0.0 0.0 0.0 0.0 0.0 0.0 0.0 0.0 0.0 0.0 0.0 0.0 0.0 0.0 0.0 0.0 0.0 0.0 0.0 0.0 0.0 0.0 0.0 0.0 0.0 0.0 0.0 0.0 0.0 0.0 0.0 0.0 0.0 0.0 0.0 0.0 0.0 0.0 0.0 0.0 0.0 0.0 0.0 0.0 0.0 0.0 0.0 0.0 0.0 0.0 0.0 0.0 0.0 0.0 0.0 0.0</array><array dataType="xsd:double" dictRef="cc:delta.quad" size="120">0.0 0.0 0.0 0.0 0.0 0.0 0.0 0.0 0.0 0.0 0.0 0.0 0.0 0.0 0.0 0.0 0.0 0.0 0.0 0.0 0.0 0.0 0.0 0.0 0.0 0.0 0.0 0.0 0.0 0.0 0.0 0.0 0.0 0.0 0.0 0.0 0.0 0.0 0.0 0.0 0.0 0.0 0.0 0.0 0.0 0.0 0.0 0.0 0.0 0.0 0.0 0.0 0.0 0.0 0.0 0.0 0.0 0.0 0.0 0.0 0.0 0.0 0.0 0.0 0.0 0.0 0.0 0.0 0.0 0.0 0.0 0.0 0.0 0.0 0.0 0.0 0.0 0.0 0.0 0.0 0.0 0.0 0.0 0.0 0.0 0.0 0.0 0.0 0.0 0.0 0.0 0.0 0.0 0.0 0.0 0.0 0.0 0.0 0.0 0.0 0.0 0.0 0.0 0.0 0.0 0.0 0.0 0.0 0.0 0.0 0.0 0.0 0.0 0.0 0.0 0.0 0.0 0.0 0.0 0.0</array><array dataType="xsd:double" dictRef="cc:delta.total" size="120">0.0563 0.10495 0.10495 0.0563 0.0563 0.11237 0.11237 0.0563 0.10495 0.0563 0.11237 0.0563 0.10495 0.0563 0.11237 0.0563 0.10495 0.0563 0.11237 0.0563 0.10495 0.0563 0.11237 0.0563 0.0022 0.0 0.0022 -0.0022 -0.0022 0.0 0.0022 0.0 0.0022 -0.0022 0.0 -0.0022 0.0022 0.0 0.0022 -0.0022 0.0 -0.0022 0.0022 0.0 0.0022 -0.0022 0.0 -0.0022 0.0022 0.0 0.0022 -0.0022 0.0 -0.0022 0.0 0.0022 0.0022 -0.0022 0.0 -0.0022 0.0 0.0 0.0 0.0 0.0 0.0 0.0 0.0 0.0 0.0 0.0 0.0 0.0 0.0 0.0 0.0 0.0 0.0 0.0 0.0 0.0 0.0 0.0 0.0 0.0 0.0 0.0 0.0 0.0 0.0 0.0 0.0 0.0 0.0 0.0 0.0 0.0 0.0 0.0 0.0 0.0 0.0 0.0 0.0 0.0 0.0 0.0 0.0 0.0 0.0 0.0 0.0 0.0 0.0 0.0 0.0 0.0 0.0 0.0 0.0</array><array dataType="xsd:double" dictRef="cc:newval" size="120">3.10944 5.99371 5.99371 3.10944 3.10944 6.01985 6.01985 3.10944 5.99371 3.10944 6.01985 3.10944 5.99371 3.10944 6.01985 3.10944 5.99371 3.10944 6.01985 3.10944 5.99371 3.10944 6.01985 3.10944 2.36431 2.0944 2.36431 2.34808 2.34808 2.0944 2.36431 2.0944 2.36431 2.34808 2.0944 2.34808 2.36431 2.0944 2.36431 2.34808 2.0944 2.34808 2.36431 2.0944 2.36431 2.34808 2.0944 2.34808 2.36431 2.0944 2.36431 2.34808 2.0944 2.34808 2.0944 2.36431 2.36431 2.34808 2.0944 2.34808 0.0 0.0 0.0 0.0 0.0 0.0 0.0 0.0 0.0 0.0 0.0 0.0 0.0 0.0 0.0 0.0 0.0 0.0 0.0 0.0 0.0 0.0 0.0 0.0 0.0 0.0 0.0 0.0 0.0 0.0 0.0 0.0 0.0 0.0 0.0 0.0 0.0 0.0 0.0 0.0 0.0 0.0 0.0 0.0 0.0 0.0 0.0 0.0 0.0 0.0 0.0 0.0 0.0 0.0 0.0 0.0 0.0 0.0 0.0 0.0</array></list></module><module cmlx:lineCount="5" cmlx:templateRef="l103.itemconverge"><list cmlx:lineCount="4" cmlx:templateRef="components"><array dataType="xsd:string" dictRef="g:itemconverge"/><array dataType="xsd:double" dictRef="x:value" size="4">4.5E-4 3.0E-4 0.0018 0.0012</array><array dataType="xsd:double" dictRef="x:threshold" size="4">0.0 0.0 0.0 0.0</array><array dataType="xsd:string" dictRef="g:converged" size="4">NO NO NO NO</array></list></module> Predicted change in Energy=-3.033078D-01 GradGradGradGradGradGradGradGradGradGradGradGradGradGradGradGradGradGrad</module><module cmlx:lineCount="18" cmlx:templateRef="l202.orient"><list cmlx:templateRef="type"><scalar dataType="xsd:string" dictRef="g:type">Input</scalar></list><list cmlx:lineCount="12" cmlx:templateRef="atom"><array dataType="xsd:integer" dictRef="cc:serial" size="12">1 2 3 4 5 6 7 8 9 10 11 12</array><array dataType="xsd:integer" dictRef="cc:elementType" size="12">13 13 13 13 13 13 13 13 13 13 13 13</array><array dataType="xsd:integer" dictRef="g:atomicType" size="12">0 0 0 0 0 0 0 0 0 0 0 0</array><array dataType="xsd:double" dictRef="cc:x3" size="12">-3.171735 -2.75878 -1.585868 0.0 1.585868 2.75878 3.171735 2.75878 1.585868 0.0 -1.585868 -2.75878</array><array dataType="xsd:double" dictRef="cc:y3" size="12">0.0 1.592783 2.746803 3.185565 2.746803 1.592783 0.0 -1.592783 -2.746803 -3.185565 -2.746803 -1.592783</array><array dataType="xsd:double" dictRef="cc:z3" size="12">0.0 0.0 0.0 0.0 0.0 0.0 0.0 0.0 0.0 0.0 0.0 0.0</array></list></module><module cmlx:lineCount="14" cmlx:templateRef="l202.distmat"><list cmlx:templateRef="atom"><list><scalar dataType="xsd:integer" dictRef="cc:serial">1</scalar><scalar dataType="xsd:string" dictRef="cc:elementType">Al</scalar><scalar dataType="xsd:string" dictRef="cc:distances">0.000000</scalar></list><list><scalar dataType="xsd:integer" dictRef="cc:serial">2</scalar><scalar dataType="xsd:string" dictRef="cc:elementType">Al</scalar><scalar dataType="xsd:string" dictRef="cc:distances">1.645445   0.000000</scalar></list><list><scalar dataType="xsd:integer" dictRef="cc:serial">3</scalar><scalar dataType="xsd:string" dictRef="cc:elementType">Al</scalar><scalar dataType="xsd:string" dictRef="cc:distances">3.171735   1.645445   0.000000</scalar></list><list><scalar dataType="xsd:integer" dictRef="cc:serial">4</scalar><scalar dataType="xsd:string" dictRef="cc:elementType">Al</scalar><scalar dataType="xsd:string" dictRef="cc:distances">4.495301   3.185565   1.645445   0.000000</scalar></list><list><scalar dataType="xsd:integer" dictRef="cc:serial">5</scalar><scalar dataType="xsd:string" dictRef="cc:elementType">Al</scalar><scalar dataType="xsd:string" dictRef="cc:distances">5.493606   4.495301   3.171735   1.645445   0.000000</scalar></list><list><scalar dataType="xsd:integer" dictRef="cc:serial">6</scalar><scalar dataType="xsd:string" dictRef="cc:elementType">Al</scalar><scalar dataType="xsd:string" dictRef="cc:distances">6.140682   5.517561   4.495301   3.185565   1.645445</scalar></list><list><scalar dataType="xsd:integer" dictRef="cc:serial">7</scalar><scalar dataType="xsd:string" dictRef="cc:elementType">Al</scalar><scalar dataType="xsd:string" dictRef="cc:distances">6.343470   6.140682   5.493606   4.495301   3.171735</scalar></list><list><scalar dataType="xsd:integer" dictRef="cc:serial">8</scalar><scalar dataType="xsd:string" dictRef="cc:elementType">Al</scalar><scalar dataType="xsd:string" dictRef="cc:distances">6.140682   6.371131   6.140682   5.517561   4.495301</scalar></list><list><scalar dataType="xsd:integer" dictRef="cc:serial">9</scalar><scalar dataType="xsd:string" dictRef="cc:elementType">Al</scalar><scalar dataType="xsd:string" dictRef="cc:distances">5.493606   6.140682   6.343470   6.140682   5.493606</scalar></list><list><scalar dataType="xsd:integer" dictRef="cc:serial">10</scalar><scalar dataType="xsd:string" dictRef="cc:elementType">Al</scalar><scalar dataType="xsd:string" dictRef="cc:distances">4.495301   5.517561   6.140682   6.371131   6.140682</scalar></list><list><scalar dataType="xsd:integer" dictRef="cc:serial">11</scalar><scalar dataType="xsd:string" dictRef="cc:elementType">Al</scalar><scalar dataType="xsd:string" dictRef="cc:distances">3.171735   4.495301   5.493606   6.140682   6.343470</scalar></list><list><scalar dataType="xsd:integer" dictRef="cc:serial">12</scalar><scalar dataType="xsd:string" dictRef="cc:elementType">Al</scalar><scalar dataType="xsd:string" dictRef="cc:distances">1.645445   3.185565   4.495301   5.517561   6.140682</scalar></list></list></module>                    6          7          8          9         10     6  Al   0.000000     7  Al   1.645445   0.000000     8  Al   3.185565   1.645445   0.000000     9  Al   4.495301   3.171735   1.645445   0.000000    10  Al   5.517561   4.495301   3.185565   1.645445   0.000000    11  Al   6.140682   5.493606   4.495301   3.171735   1.645445    12  Al   6.371131   6.140682   5.517561   4.495301   3.185565                   11         12    11  Al   0.000000    12  Al   1.645445   0.000000<module cmlx:lineCount="6" cmlx:templateRef="l202.stoich"><list cmlx:templateRef="stoich"><scalar dataType="xsd:string" dictRef="cc:formula">Al12</scalar></list><list cmlx:templateRef="framework"><scalar dataType="xsd:string" dictRef="cc:frameworkgroup">D6H[3C2'(Al.Al),3C2"(Al.Al)]</scalar></list> Full point group                 D6H Largest Abelian subgroup         D2H     NOp   8 Largest concise Abelian subgroup D2      NOp   4</module><module cmlx:lineCount="18" cmlx:templateRef="l202.orient"><list cmlx:templateRef="type"><scalar dataType="xsd:string" dictRef="g:type">Standard</scalar></list><list cmlx:lineCount="12" cmlx:templateRef="atom"><array dataType="xsd:integer" dictRef="cc:serial" size="12">1 2 3 4 5 6 7 8 9 10 11 12</array><array dataType="xsd:integer" dictRef="cc:elementType" size="12">13 13 13 13 13 13 13 13 13 13 13 13</array><array dataType="xsd:integer" dictRef="g:atomicType" size="12">0 0 0 0 0 0 0 0 0 0 0 0</array><array dataType="xsd:double" dictRef="cc:x3" size="12">0.0 1.592783 2.746803 3.185565 2.746803 1.592783 0.0 -1.592783 -2.746803 -3.185565 -2.746803 -1.592783</array><array dataType="xsd:double" dictRef="cc:y3" size="12">3.171735 2.75878 1.585868 0.0 -1.585868 -2.75878 -3.171735 -2.75878 -1.585868 0.0 1.585868 2.75878</array><array dataType="xsd:double" dictRef="cc:z3" size="12">0.0 0.0 0.0 0.0 0.0 0.0 0.0 0.0 0.0 0.0 0.0 0.0</array></list></module><module cmlx:lineCount="1" cmlx:templateRef="l202.rotconst"/><module cmlx:lineCount="16" cmlx:templateRef="l301.basis"><list cmlx:templateRef="basis"><list><scalar dataType="xsd:string" dictRef="cc:basis">6-31G(d)</scalar><scalar dataType="xsd:string" dictRef="cc:diffuse">(6D, 7F)</scalar></list></list><list cmlx:templateRef="symmadapt"><list><scalar dataType="xsd:integer" dictRef="cc:adapted">48</scalar><scalar dataType="xsd:string" dictRef="cc:symm">AG</scalar></list><list><scalar dataType="xsd:integer" dictRef="cc:adapted">36</scalar><scalar dataType="xsd:string" dictRef="cc:symm">B1G</scalar></list><list><scalar dataType="xsd:integer" dictRef="cc:adapted">15</scalar><scalar dataType="xsd:string" dictRef="cc:symm">B2G</scalar></list><list><scalar dataType="xsd:integer" dictRef="cc:adapted">15</scalar><scalar dataType="xsd:string" dictRef="cc:symm">B3G</scalar></list><list><scalar dataType="xsd:integer" dictRef="cc:adapted">12</scalar><scalar dataType="xsd:string" dictRef="cc:symm">AU</scalar></list><list><scalar dataType="xsd:integer" dictRef="cc:adapted">18</scalar><scalar dataType="xsd:string" dictRef="cc:symm">B1U</scalar></list><list><scalar dataType="xsd:integer" dictRef="cc:adapted">42</scalar><scalar dataType="xsd:string" dictRef="cc:symm">B2U</scalar></list><list><scalar dataType="xsd:integer" dictRef="cc:adapted">42</scalar><scalar dataType="xsd:string" dictRef="cc:symm">B3U</scalar></list></list><list cmlx:templateRef="buffer"><scalar dataType="xsd:integer" dictRef="g:buffer">131072</scalar></list><list cmlx:templateRef="raff"><scalar dataType="xsd:string" dictRef="g:raffenetti">Raffenetti</scalar></list><list cmlx:templateRef="twoe"><scalar dataType="xsd:string" dictRef="g:twoe">Two-electron</scalar></list><list cmlx:templateRef="basiscount"><list><scalar dataType="xsd:integer" dictRef="cc:basiscount">228</scalar><scalar dataType="xsd:integer" dictRef="g:primbasis">624</scalar><scalar dataType="xsd:integer" dictRef="cc:cartesianbasis">228</scalar></list></list><list cmlx:templateRef="alphabeta"><list><scalar dataType="xsd:integer" dictRef="cc:alphae">78</scalar><scalar dataType="xsd:integer" dictRef="cc:betae">78</scalar></list></list> NAtoms=   12 NActive=   12 NUniq=    2 SFac= 3.00D+00 NAtFMM=   80 NAOKFM=F Big=F</module><module cmlx:lineCount="1" cmlx:templateRef="l302.basis"><list cmlx:templateRef="onee"><scalar dataType="xsd:string" dictRef="g:onee">One-electron integrals</scalar></list></module> NBasis=   228 RedAO= T  NBF=    48    36    15    15    12    18    42    42 NBsUse=   227 1.00D-06 NBFU=    48    35    15    15    12    18    42    42 Initial guess read from the read-write file:<module cmlx:lineCount="1" cmlx:templateRef="l401.orbsym"><list cmlx:templateRef="l401"><scalar dataType="xsd:string" dictRef="g:l401">Initial guess orbital symmetries:</scalar></list></module>       Occupied  (?A) (?B) (?B) (?A) (?A) (?B) (?B) (?A) (?A) (?B)                 (?A) (?B) (?A) (?B) (?B) (?A) (?A) (?B) (?B) (?A)                 (?A) (?B) (?B) (?A) (?C) (?C) (?C) (?C) (?C) (?C)                 (?C) (?C) (?C) (?C) (?C) (?C) (?D) (?D) (?D) (?D)                 (?C) (?C) (?C) (?C) (?D) (?D) (?D) (?D) (?C) (?C)                 (?C) (?C) (?C) (?C) (?D) (?C) (?D) (?C) (?D) (?D)                 (?D) (?D) (?D) (?D) (?D) (?D) (?D) (?D) (?D) (?D)                 (B2G) (?D) (?D) (?D) (?D) (B2G) (B2G) (?D)       Virtual   (?D) (?D) (?D) (?D) (?D) (?D) (?D) (?D) (B2G)                 (B2G) (?D) (?D) (?D) (?D) (?D) (?D) (?D) (?D)                 (?D) (?D) (?D) (?D) (B2G) (?D) (?D) (?D) (?D)                 (?D) (?D) (?D) (B2G) (B2G) (?D) (?D) (?D) (?D)                 (?D) (?D) (?D) (?D) (?D) (?D) (?D) (?D) (B2G)                 (?D) (?D) (B2G) (B2G) (B2G) (?D) (?D) (B2G) (?D)                 (?D) (?D) (?D) (?D) (?D) (?D) (?D) (?D) (?D) (?D)                 (?D) (?D) (B2G) (B2G) (?D) (?D) (?D) (B2G) (?D)                 (?D) (?D) (?D) (?D) (?D) (?D) (?D) (?D) (?D) (?D)                 (?D) (?D) (?D) (?D) (?D) (B2G) (?D) (B2G) (?D)                 (?D) (?D) (?D) (?D) (?D) (?D) (?D) (?D) (?D) (B2G)                 (B2G) (B2G) (B1G) (?D) (?D) (?D) (?D) (B1U) (?D)                 (B2G) (?D) (?D) (?D) (?D) (?D) (E2U) (E2U) (?D)                 (?D) (?D) (E1G) (E1G) (A1U) (?D) (?D) (?D) (?D)                 (?D) (?D) (?D) (?D) (?D) (?D) (?D) (?D) (?D) (?D)                 (?D) (?D) (?D) (?D) (?D) (E2G) (E2G) (?D) (?D)                 (A1G) Harris functional with IExCor=  402 diagonalized for initial guess. ExpMin= 5.57D-02 ExpMax= 1.40D+04 ExpMxC= 2.10D+03 IAcc=2 IRadAn=         4 AccDes= 0.00D+00 HarFok:  IExCor= 402 AccDes= 0.00D+00 IRadAn=         4 IDoV=1 ScaDFX=  1.000000  1.000000  1.000000  1.000000 Requested convergence on RMS density matrix=1.00D-08 within 128 cycles. Requested convergence on MAX density matrix=1.00D-06. Requested convergence on             energy=1.00D-06. No special actions if energy rises. Keep R1 integrals in memory in canonical form, NReq=   347898779. Integral accuracy reduced to 1.0D-05 until final iterations. Density matrix breaks symmetry, PCut= 1.00D-04 Density has only Abelian symmetry. Density matrix breaks symmetry, PCut= 1.00D-04 Density has only Abelian symmetry. Density matrix breaks symmetry, PCut= 1.00D-04 Density has only Abelian symmetry. Density matrix breaks symmetry, PCut= 1.00D-04 Density has only Abelian symmetry. Density matrix breaks symmetry, PCut= 1.00D-04 Density has only Abelian symmetry. Density matrix breaks symmetry, PCut= 1.00D-04 Density has only Abelian symmetry. Density matrix breaks symmetry, PCut= 1.00D-04 Density has only Abelian symmetry. Initial convergence to 1.0D-05 achieved.  Increase integral accuracy. Density matrix breaks symmetry, PCut= 1.00D-04 Density has only Abelian symmetry. Density matrix breaks symmetry, PCut= 1.00D-04 Density has only Abelian symmetry. Density matrix breaks symmetry, PCut= 1.00D-04 Density has only Abelian symmetry. Density matrix breaks symmetry, PCut= 1.00D-04 Density has only Abelian symmetry. Density matrix breaks symmetry, PCut= 1.00D-04 Density has only Abelian symmetry. Density matrix breaks symmetry, PCut= 1.00D-04 Density has only Abelian symmetry. Density matrix breaks symmetry, PCut= 1.00D-04 Density has only Abelian symmetry. Density matrix breaks symmetry, PCut= 1.00D-04 Density has only Abelian symmetry. Density matrix breaks symmetry, PCut= 1.00D-04 Density has only Abelian symmetry. Density matrix breaks symmetry, PCut= 1.00D-04 Density has only Abelian symmetry. SCF Done:  E(RB+HF-LYP) =  -2905.96089175     A.U. after   16 cycles             Convg  =    0.3983D-08             -V/T =  1.9980             S**2   =   0.0000 Density matrix has only Abelian symmetry. Density matrix has only Abelian symmetry. ***** Axes restored to original set *****<module cmlx:lineCount="18" cmlx:templateRef="forces"><list cmlx:templateRef="force"><list><scalar dataType="xsd:integer" dictRef="x:serial">1</scalar><scalar dataType="xsd:integer" dictRef="x:elementType">13</scalar><scalar dataType="xsd:double" dictRef="x:x3">-0.22342015</scalar><scalar dataType="xsd:double" dictRef="x:y3">0.0</scalar><scalar dataType="xsd:double" dictRef="x:z3">0.0</scalar></list><list><scalar dataType="xsd:integer" dictRef="x:serial">2</scalar><scalar dataType="xsd:integer" dictRef="x:elementType">13</scalar><scalar dataType="xsd:double" dictRef="x:x3">-0.204593506</scalar><scalar dataType="xsd:double" dictRef="x:y3">0.097499501</scalar><scalar dataType="xsd:double" dictRef="x:z3">0.0</scalar></list><list><scalar dataType="xsd:integer" dictRef="x:serial">3</scalar><scalar dataType="xsd:integer" dictRef="x:elementType">13</scalar><scalar dataType="xsd:double" dictRef="x:x3">-0.089108477</scalar><scalar dataType="xsd:double" dictRef="x:y3">0.190893443</scalar><scalar dataType="xsd:double" dictRef="x:z3">0.0</scalar></list><list><scalar dataType="xsd:integer" dictRef="x:serial">4</scalar><scalar dataType="xsd:integer" dictRef="x:elementType">13</scalar><scalar dataType="xsd:double" dictRef="x:x3">0.0</scalar><scalar dataType="xsd:double" dictRef="x:y3">0.239083927</scalar><scalar dataType="xsd:double" dictRef="x:z3">0.0</scalar></list><list><scalar dataType="xsd:integer" dictRef="x:serial">5</scalar><scalar dataType="xsd:integer" dictRef="x:elementType">13</scalar><scalar dataType="xsd:double" dictRef="x:x3">0.089108477</scalar><scalar dataType="xsd:double" dictRef="x:y3">0.190893443</scalar><scalar dataType="xsd:double" dictRef="x:z3">0.0</scalar></list><list><scalar dataType="xsd:integer" dictRef="x:serial">6</scalar><scalar dataType="xsd:integer" dictRef="x:elementType">13</scalar><scalar dataType="xsd:double" dictRef="x:x3">0.204593506</scalar><scalar dataType="xsd:double" dictRef="x:y3">0.097499502</scalar><scalar dataType="xsd:double" dictRef="x:z3">0.0</scalar></list><list><scalar dataType="xsd:integer" dictRef="x:serial">7</scalar><scalar dataType="xsd:integer" dictRef="x:elementType">13</scalar><scalar dataType="xsd:double" dictRef="x:x3">0.22342015</scalar><scalar dataType="xsd:double" dictRef="x:y3">0.0</scalar><scalar dataType="xsd:double" dictRef="x:z3">0.0</scalar></list><list><scalar dataType="xsd:integer" dictRef="x:serial">8</scalar><scalar dataType="xsd:integer" dictRef="x:elementType">13</scalar><scalar dataType="xsd:double" dictRef="x:x3">0.204593506</scalar><scalar dataType="xsd:double" dictRef="x:y3">-0.097499501</scalar><scalar dataType="xsd:double" dictRef="x:z3">0.0</scalar></list><list><scalar dataType="xsd:integer" dictRef="x:serial">9</scalar><scalar dataType="xsd:integer" dictRef="x:elementType">13</scalar><scalar dataType="xsd:double" dictRef="x:x3">0.089108477</scalar><scalar dataType="xsd:double" dictRef="x:y3">-0.190893443</scalar><scalar dataType="xsd:double" dictRef="x:z3">0.0</scalar></list><list><scalar dataType="xsd:integer" dictRef="x:serial">10</scalar><scalar dataType="xsd:integer" dictRef="x:elementType">13</scalar><scalar dataType="xsd:double" dictRef="x:x3">0.0</scalar><scalar dataType="xsd:double" dictRef="x:y3">-0.239083927</scalar><scalar dataType="xsd:double" dictRef="x:z3">0.0</scalar></list><list><scalar dataType="xsd:integer" dictRef="x:serial">11</scalar><scalar dataType="xsd:integer" dictRef="x:elementType">13</scalar><scalar dataType="xsd:double" dictRef="x:x3">-0.089108477</scalar><scalar dataType="xsd:double" dictRef="x:y3">-0.190893443</scalar><scalar dataType="xsd:double" dictRef="x:z3">0.0</scalar></list><list><scalar dataType="xsd:integer" dictRef="x:serial">12</scalar><scalar dataType="xsd:integer" dictRef="x:elementType">13</scalar><scalar dataType="xsd:double" dictRef="x:x3">-0.204593506</scalar><scalar dataType="xsd:double" dictRef="x:y3">-0.097499502</scalar><scalar dataType="xsd:double" dictRef="x:z3">0.0</scalar></list></list><list cmlx:templateRef="cartesianforce"><list><scalar dataType="xsd:double" dictRef="cc:maxforce">0.239083927</scalar><scalar dataType="xsd:double" dictRef="cc:rmsforce">0.128791014</scalar></list></list></module><module cmlx:lineCount="142" cmlx:templateRef="l103" xmlns:xi="http://www.w3.org/2001/XInclude"><list cmlx:templateRef="berny"><scalar dataType="xsd:string" dictRef="g:optimization">Internal  Forces:  Max     0.183059349 RMS     0.062512433</scalar></list> Search for a local minimum. Step number   5 out of a maximum of 100 All quantities printed in internal units (Hartrees-Bohrs-Radians) Update second derivatives using D2CorX and points  4  5 Maximum step size (   0.424) exceeded in linear search.    -- Step size scaled by   0.500 Quartic linear search produced a step of  1.00000. Iteration  1 RMS(Cart)=  0.03438050 RMS(Int)=  0.00002908 Iteration  2 RMS(Cart)=  0.00000848 RMS(Int)=  0.00002684 Iteration  3 RMS(Cart)=  0.00000000 RMS(Int)=  0.00002684<module cmlx:lineCount="122" cmlx:templateRef="l103.deltas"><list cmlx:lineCount="120" cmlx:templateRef="delta"><array dataType="xsd:string" dictRef="cc:variable" size="120">R1 R2 R3 R4 R5 R6 R7 R8 R9 R10 R11 R12 R13 R14 R15 R16 R17 R18 R19 R20 R21 R22 R23 R24 A1 A2 A3 A4 A5 A6 A7 A8 A9 A10 A11 A12 A13 A14 A15 A16 A17 A18 A19 A20 A21 A22 A23 A24 A25 A26 A27 A28 A29 A30 A31 A32 A33 A34 A35 A36 D1 D2 D3 D4 D5 D6 D7 D8 D9 D10 D11 D12 D13 D14 D15 D16 D17 D18 D19 D20 D21 D22 D23 D24 D25 D26 D27 D28 D29 D30 D31 D32 D33 D34 D35 D36 D37 D38 D39 D40 D41 D42 D43 D44 D45 D46 D47 D48 D49 D50 D51 D52 D53 D54 D55 D56 D57 D58 D59 D60</array><array dataType="xsd:double" dictRef="g:lastval" size="120">3.10944 5.99371 5.99371 3.10944 3.10944 6.01985 6.01985 3.10944 5.99371 3.10944 6.01985 3.10944 5.99371 3.10944 6.01985 3.10944 5.99371 3.10944 6.01985 3.10944 5.99371 3.10944 6.01985 3.10944 2.36431 2.0944 2.36431 2.34808 2.34808 2.0944 2.36431 2.0944 2.36431 2.34808 2.0944 2.34808 2.36431 2.0944 2.36431 2.34808 2.0944 2.34808 2.36431 2.0944 2.36431 2.34808 2.0944 2.34808 2.36431 2.0944 2.36431 2.34808 2.0944 2.34808 2.0944 2.36431 2.36431 2.34808 2.0944 2.34808 0.0 0.0 0.0 0.0 0.0 0.0 0.0 0.0 0.0 0.0 0.0 0.0 0.0 0.0 0.0 0.0 0.0 0.0 0.0 0.0 0.0 0.0 0.0 0.0 0.0 0.0 0.0 0.0 0.0 0.0 0.0 0.0 0.0 0.0 0.0 0.0 0.0 0.0 0.0 0.0 0.0 0.0 0.0 0.0 0.0 0.0 0.0 0.0 0.0 0.0 0.0 0.0 0.0 0.0 0.0 0.0 0.0 0.0 0.0 0.0</array><array dataType="xsd:double" dictRef="cc:deriv" size="120">0.08822 0.17546 0.17546 0.08822 0.09607 0.18306 0.17149 0.08818 0.16354 0.08818 0.18306 0.09607 0.17546 0.08822 0.17149 0.08822 0.17546 0.09607 0.18306 0.08818 0.16354 0.08818 0.18306 0.09607 -7.6E-4 -0.00241 -7.6E-4 7.5E-4 -0.00215 0.00119 0.00508 0.0012 0.00215 -0.00507 -0.00238 -0.00507 0.00215 0.0012 0.00508 7.5E-4 0.00119 -0.00215 -7.6E-4 -0.00241 -7.6E-4 -0.00215 0.00119 7.5E-4 0.00508 0.0012 0.00215 -0.00507 -0.00238 -0.00507 0.0012 0.00508 0.00215 7.5E-4 0.00119 -0.00215 0.0 0.0 0.0 0.0 0.0 0.0 0.0 0.0 0.0 0.0 0.0 0.0 0.0 0.0 0.0 0.0 0.0 0.0 0.0 0.0 0.0 0.0 0.0 0.0 0.0 0.0 0.0 0.0 0.0 0.0 0.0 0.0 0.0 0.0 0.0 0.0 0.0 0.0 0.0 0.0 0.0 0.0 0.0 0.0 0.0 0.0 0.0 0.0 0.0 0.0 0.0 0.0 0.0 0.0 0.0 0.0 0.0 0.0 0.0 0.0</array><array dataType="xsd:double" dictRef="cc:delta.linear" size="120">0.0563 0.10495 0.10495 0.0563 0.0563 0.11237 0.11237 0.0563 0.10495 0.0563 0.11237 0.0563 0.10495 0.0563 0.11237 0.0563 0.10495 0.0563 0.11237 0.0563 0.10495 0.0563 0.11237 0.0563 0.0022 0.0 0.0022 -0.0022 -0.0022 0.0 0.0022 0.0 0.0022 -0.0022 0.0 -0.0022 0.0022 0.0 0.0022 -0.0022 0.0 -0.0022 0.0022 0.0 0.0022 -0.0022 0.0 -0.0022 0.0022 0.0 0.0022 -0.0022 0.0 -0.0022 0.0 0.0022 0.0022 -0.0022 0.0 -0.0022 0.0 0.0 0.0 0.0 0.0 0.0 0.0 0.0 0.0 0.0 0.0 0.0 0.0 0.0 0.0 0.0 0.0 0.0 0.0 0.0 0.0 0.0 0.0 0.0 0.0 0.0 0.0 0.0 0.0 0.0 0.0 0.0 0.0 0.0 0.0 0.0 0.0 0.0 0.0 0.0 0.0 0.0 0.0 0.0 0.0 0.0 0.0 0.0 0.0 0.0 0.0 0.0 0.0 0.0 0.0 0.0 0.0 0.0 0.0 0.0</array><array dataType="xsd:double" dictRef="cc:delta.quad" size="120">0.0 0.0 0.0 0.0 0.0 0.0 0.0 0.0 0.0 0.0 0.0 0.0 0.0 0.0 0.0 0.0 0.0 0.0 0.0 0.0 0.0 0.0 0.0 0.0 0.0 0.0 0.0 0.0 0.0 0.0 0.0 0.0 0.0 0.0 0.0 0.0 0.0 0.0 0.0 0.0 0.0 0.0 0.0 0.0 0.0 0.0 0.0 0.0 0.0 0.0 0.0 0.0 0.0 0.0 0.0 0.0 0.0 0.0 0.0 0.0 0.0 0.0 0.0 0.0 0.0 0.0 0.0 0.0 0.0 0.0 0.0 0.0 0.0 0.0 0.0 0.0 0.0 0.0 0.0 0.0 0.0 0.0 0.0 0.0 0.0 0.0 0.0 0.0 0.0 0.0 0.0 0.0 0.0 0.0 0.0 0.0 0.0 0.0 0.0 0.0 0.0 0.0 0.0 0.0 0.0 0.0 0.0 0.0 0.0 0.0 0.0 0.0 0.0 0.0 0.0 0.0 0.0 0.0 0.0 0.0</array><array dataType="xsd:double" dictRef="cc:delta.total" size="120">0.05631 0.10489 0.10489 0.05631 0.05631 0.11242 0.11242 0.05631 0.10489 0.05631 0.11242 0.05631 0.10489 0.05631 0.11242 0.05631 0.10489 0.05631 0.11242 0.05631 0.10489 0.05631 0.11242 0.05631 0.00215 0.0 0.00215 -0.00215 -0.00215 0.0 0.00215 0.0 0.00215 -0.00215 0.0 -0.00215 0.00215 0.0 0.00215 -0.00215 0.0 -0.00215 0.00215 0.0 0.00215 -0.00215 0.0 -0.00215 0.00215 0.0 0.00215 -0.00215 0.0 -0.00215 0.0 0.00215 0.00215 -0.00215 0.0 -0.00215 0.0 0.0 0.0 0.0 0.0 0.0 0.0 0.0 0.0 0.0 0.0 0.0 0.0 0.0 0.0 0.0 0.0 0.0 0.0 0.0 0.0 0.0 0.0 0.0 0.0 0.0 0.0 0.0 0.0 0.0 0.0 0.0 0.0 0.0 0.0 0.0 0.0 0.0 0.0 0.0 0.0 0.0 0.0 0.0 0.0 0.0 0.0 0.0 0.0 0.0 0.0 0.0 0.0 0.0 0.0 0.0 0.0 0.0 0.0 0.0</array><array dataType="xsd:double" dictRef="cc:newval" size="120">3.16575 6.0986 6.0986 3.16575 3.16575 6.13227 6.13227 3.16575 6.0986 3.16575 6.13227 3.16575 6.0986 3.16575 6.13227 3.16575 6.0986 3.16575 6.13227 3.16575 6.0986 3.16575 6.13227 3.16575 2.36647 2.0944 2.36647 2.34592 2.34592 2.0944 2.36647 2.0944 2.36647 2.34592 2.0944 2.34592 2.36647 2.0944 2.36647 2.34592 2.0944 2.34592 2.36647 2.0944 2.36647 2.34592 2.0944 2.34592 2.36647 2.0944 2.36647 2.34592 2.0944 2.34592 2.0944 2.36647 2.36647 2.34592 2.0944 2.34592 0.0 0.0 0.0 0.0 0.0 0.0 0.0 0.0 0.0 0.0 0.0 0.0 0.0 0.0 0.0 0.0 0.0 0.0 0.0 0.0 0.0 0.0 0.0 0.0 0.0 0.0 0.0 0.0 0.0 0.0 0.0 0.0 0.0 0.0 0.0 0.0 0.0 0.0 0.0 0.0 0.0 0.0 0.0 0.0 0.0 0.0 0.0 0.0 0.0 0.0 0.0 0.0 0.0 0.0 0.0 0.0 0.0 0.0 0.0 0.0</array></list></module><module cmlx:lineCount="5" cmlx:templateRef="l103.itemconverge"><list cmlx:lineCount="4" cmlx:templateRef="components"><array dataType="xsd:string" dictRef="g:itemconverge"/><array dataType="xsd:double" dictRef="x:value" size="4">4.5E-4 3.0E-4 0.0018 0.0012</array><array dataType="xsd:double" dictRef="x:threshold" size="4">0.0 0.0 0.0 0.0</array><array dataType="xsd:string" dictRef="g:converged" size="4">NO NO NO NO</array></list></module> Predicted change in Energy=-2.761606D-01 GradGradGradGradGradGradGradGradGradGradGradGradGradGradGradGradGradGrad</module><module cmlx:lineCount="18" cmlx:templateRef="l202.orient"><list cmlx:templateRef="type"><scalar dataType="xsd:string" dictRef="g:type">Input</scalar></list><list cmlx:lineCount="12" cmlx:templateRef="atom"><array dataType="xsd:integer" dictRef="cc:serial" size="12">1 2 3 4 5 6 7 8 9 10 11 12</array><array dataType="xsd:integer" dictRef="cc:elementType" size="12">13 13 13 13 13 13 13 13 13 13 13 13</array><array dataType="xsd:integer" dictRef="g:atomicType" size="12">0 0 0 0 0 0 0 0 0 0 0 0</array><array dataType="xsd:double" dictRef="cc:x3" size="12">-3.22724 -2.810301 -1.61362 0.0 1.61362 2.810301 3.22724 2.810301 1.61362 0.0 -1.61362 -2.810301</array><array dataType="xsd:double" dictRef="cc:y3" size="12">0.0 1.622528 2.794872 3.245056 2.794872 1.622528 0.0 -1.622528 -2.794872 -3.245056 -2.794872 -1.622528</array><array dataType="xsd:double" dictRef="cc:z3" size="12">0.0 0.0 0.0 0.0 0.0 0.0 0.0 0.0 0.0 0.0 0.0 0.0</array></list></module><module cmlx:lineCount="14" cmlx:templateRef="l202.distmat"><list cmlx:templateRef="atom"><list><scalar dataType="xsd:integer" dictRef="cc:serial">1</scalar><scalar dataType="xsd:string" dictRef="cc:elementType">Al</scalar><scalar dataType="xsd:string" dictRef="cc:distances">0.000000</scalar></list><list><scalar dataType="xsd:integer" dictRef="cc:serial">2</scalar><scalar dataType="xsd:string" dictRef="cc:elementType">Al</scalar><scalar dataType="xsd:string" dictRef="cc:distances">1.675242   0.000000</scalar></list><list><scalar dataType="xsd:integer" dictRef="cc:serial">3</scalar><scalar dataType="xsd:string" dictRef="cc:elementType">Al</scalar><scalar dataType="xsd:string" dictRef="cc:distances">3.227240   1.675242   0.000000</scalar></list><list><scalar dataType="xsd:integer" dictRef="cc:serial">4</scalar><scalar dataType="xsd:string" dictRef="cc:elementType">Al</scalar><scalar dataType="xsd:string" dictRef="cc:distances">4.576622   3.245056   1.675242   0.000000</scalar></list><list><scalar dataType="xsd:integer" dictRef="cc:serial">5</scalar><scalar dataType="xsd:string" dictRef="cc:elementType">Al</scalar><scalar dataType="xsd:string" dictRef="cc:distances">5.589743   4.576622   3.227240   1.675242   0.000000</scalar></list><list><scalar dataType="xsd:integer" dictRef="cc:serial">6</scalar><scalar dataType="xsd:string" dictRef="cc:elementType">Al</scalar><scalar dataType="xsd:string" dictRef="cc:distances">6.251759   5.620602   4.576622   3.245056   1.675242</scalar></list><list><scalar dataType="xsd:integer" dictRef="cc:serial">7</scalar><scalar dataType="xsd:string" dictRef="cc:elementType">Al</scalar><scalar dataType="xsd:string" dictRef="cc:distances">6.454480   6.251759   5.589743   4.576622   3.227240</scalar></list><list><scalar dataType="xsd:integer" dictRef="cc:serial">8</scalar><scalar dataType="xsd:string" dictRef="cc:elementType">Al</scalar><scalar dataType="xsd:string" dictRef="cc:distances">6.251759   6.490112   6.251759   5.620602   4.576622</scalar></list><list><scalar dataType="xsd:integer" dictRef="cc:serial">9</scalar><scalar dataType="xsd:string" dictRef="cc:elementType">Al</scalar><scalar dataType="xsd:string" dictRef="cc:distances">5.589743   6.251759   6.454480   6.251759   5.589743</scalar></list><list><scalar dataType="xsd:integer" dictRef="cc:serial">10</scalar><scalar dataType="xsd:string" dictRef="cc:elementType">Al</scalar><scalar dataType="xsd:string" dictRef="cc:distances">4.576622   5.620602   6.251759   6.490112   6.251759</scalar></list><list><scalar dataType="xsd:integer" dictRef="cc:serial">11</scalar><scalar dataType="xsd:string" dictRef="cc:elementType">Al</scalar><scalar dataType="xsd:string" dictRef="cc:distances">3.227240   4.576622   5.589743   6.251759   6.454480</scalar></list><list><scalar dataType="xsd:integer" dictRef="cc:serial">12</scalar><scalar dataType="xsd:string" dictRef="cc:elementType">Al</scalar><scalar dataType="xsd:string" dictRef="cc:distances">1.675242   3.245056   4.576622   5.620602   6.251759</scalar></list></list></module>                    6          7          8          9         10     6  Al   0.000000     7  Al   1.675242   0.000000     8  Al   3.245056   1.675242   0.000000     9  Al   4.576622   3.227240   1.675242   0.000000    10  Al   5.620602   4.576622   3.245056   1.675242   0.000000    11  Al   6.251759   5.589743   4.576622   3.227240   1.675242    12  Al   6.490112   6.251759   5.620602   4.576622   3.245056                   11         12    11  Al   0.000000    12  Al   1.675242   0.000000<module cmlx:lineCount="6" cmlx:templateRef="l202.stoich"><list cmlx:templateRef="stoich"><scalar dataType="xsd:string" dictRef="cc:formula">Al12</scalar></list><list cmlx:templateRef="framework"><scalar dataType="xsd:string" dictRef="cc:frameworkgroup">D6H[3C2'(Al.Al),3C2"(Al.Al)]</scalar></list> Full point group                 D6H Largest Abelian subgroup         D2H     NOp   8 Largest concise Abelian subgroup D2      NOp   4</module><module cmlx:lineCount="18" cmlx:templateRef="l202.orient"><list cmlx:templateRef="type"><scalar dataType="xsd:string" dictRef="g:type">Standard</scalar></list><list cmlx:lineCount="12" cmlx:templateRef="atom"><array dataType="xsd:integer" dictRef="cc:serial" size="12">1 2 3 4 5 6 7 8 9 10 11 12</array><array dataType="xsd:integer" dictRef="cc:elementType" size="12">13 13 13 13 13 13 13 13 13 13 13 13</array><array dataType="xsd:integer" dictRef="g:atomicType" size="12">0 0 0 0 0 0 0 0 0 0 0 0</array><array dataType="xsd:double" dictRef="cc:x3" size="12">0.0 1.622528 2.794872 3.245056 2.794872 1.622528 0.0 -1.622528 -2.794872 -3.245056 -2.794872 -1.622528</array><array dataType="xsd:double" dictRef="cc:y3" size="12">3.22724 2.810301 1.61362 0.0 -1.61362 -2.810301 -3.22724 -2.810301 -1.61362 0.0 1.61362 2.810301</array><array dataType="xsd:double" dictRef="cc:z3" size="12">0.0 0.0 0.0 0.0 0.0 0.0 0.0 0.0 0.0 0.0 0.0 0.0</array></list></module><module cmlx:lineCount="1" cmlx:templateRef="l202.rotconst"/><module cmlx:lineCount="16" cmlx:templateRef="l301.basis"><list cmlx:templateRef="basis"><list><scalar dataType="xsd:string" dictRef="cc:basis">6-31G(d)</scalar><scalar dataType="xsd:string" dictRef="cc:diffuse">(6D, 7F)</scalar></list></list><list cmlx:templateRef="symmadapt"><list><scalar dataType="xsd:integer" dictRef="cc:adapted">48</scalar><scalar dataType="xsd:string" dictRef="cc:symm">AG</scalar></list><list><scalar dataType="xsd:integer" dictRef="cc:adapted">36</scalar><scalar dataType="xsd:string" dictRef="cc:symm">B1G</scalar></list><list><scalar dataType="xsd:integer" dictRef="cc:adapted">15</scalar><scalar dataType="xsd:string" dictRef="cc:symm">B2G</scalar></list><list><scalar dataType="xsd:integer" dictRef="cc:adapted">15</scalar><scalar dataType="xsd:string" dictRef="cc:symm">B3G</scalar></list><list><scalar dataType="xsd:integer" dictRef="cc:adapted">12</scalar><scalar dataType="xsd:string" dictRef="cc:symm">AU</scalar></list><list><scalar dataType="xsd:integer" dictRef="cc:adapted">18</scalar><scalar dataType="xsd:string" dictRef="cc:symm">B1U</scalar></list><list><scalar dataType="xsd:integer" dictRef="cc:adapted">42</scalar><scalar dataType="xsd:string" dictRef="cc:symm">B2U</scalar></list><list><scalar dataType="xsd:integer" dictRef="cc:adapted">42</scalar><scalar dataType="xsd:string" dictRef="cc:symm">B3U</scalar></list></list><list cmlx:templateRef="buffer"><scalar dataType="xsd:integer" dictRef="g:buffer">131072</scalar></list><list cmlx:templateRef="raff"><scalar dataType="xsd:string" dictRef="g:raffenetti">Raffenetti</scalar></list><list cmlx:templateRef="twoe"><scalar dataType="xsd:string" dictRef="g:twoe">Two-electron</scalar></list><list cmlx:templateRef="basiscount"><list><scalar dataType="xsd:integer" dictRef="cc:basiscount">228</scalar><scalar dataType="xsd:integer" dictRef="g:primbasis">624</scalar><scalar dataType="xsd:integer" dictRef="cc:cartesianbasis">228</scalar></list></list><list cmlx:templateRef="alphabeta"><list><scalar dataType="xsd:integer" dictRef="cc:alphae">78</scalar><scalar dataType="xsd:integer" dictRef="cc:betae">78</scalar></list></list> NAtoms=   12 NActive=   12 NUniq=    2 SFac= 3.00D+00 NAtFMM=   80 NAOKFM=F Big=F</module><module cmlx:lineCount="1" cmlx:templateRef="l302.basis"><list cmlx:templateRef="onee"><scalar dataType="xsd:string" dictRef="g:onee">One-electron integrals</scalar></list></module> NBasis=   228 RedAO= T  NBF=    48    36    15    15    12    18    42    42 NBsUse=   227 1.00D-06 NBFU=    48    35    15    15    12    18    42    42 Initial guess read from the read-write file:<module cmlx:lineCount="1" cmlx:templateRef="l401.orbsym"><list cmlx:templateRef="l401"><scalar dataType="xsd:string" dictRef="g:l401">Initial guess orbital symmetries:</scalar></list></module>       Occupied  (?A) (?B) (?B) (?A) (?A) (?B) (?B) (?A) (?A) (?B)                 (?A) (?B) (?A) (?B) (?B) (?A) (?A) (?B) (?B) (?A)                 (?A) (?B) (?B) (?A) (?C) (?C) (?C) (?C) (?C) (?C)                 (?C) (?C) (?C) (?C) (?C) (?C) (?D) (?D) (?D) (?D)                 (?C) (?C) (?C) (?C) (?D) (?D) (?D) (?D) (?C) (?C)                 (?C) (?C) (?C) (?C) (?C) (?C) (?D) (?D) (?D) (?D)                 (?D) (?D) (?D) (?D) (?D) (?D) (?D) (?D) (?D) (?D)                 (B2G) (?D) (?D) (?D) (?D) (B2G) (B2G) (?D)       Virtual   (?D) (?D) (?D) (?D) (?D) (?D) (?D) (?D) (B2G)                 (B2G) (?D) (?D) (?D) (?D) (?D) (?D) (?D) (?D)                 (?D) (?D) (?D) (?D) (B2G) (?D) (?D) (?D) (?D)                 (?D) (?D) (?D) (B2G) (B2G) (?D) (?D) (?D) (?D)                 (?D) (?D) (?D) (?D) (?D) (?D) (?D) (?D) (B2G)                 (?D) (?D) (B2G) (B2G) (B2G) (?D) (?D) (B2G) (?D)                 (?D) (?D) (?D) (?D) (?D) (?D) (?D) (?D) (?D) (?D)                 (?D) (?D) (B2G) (B2G) (?D) (?D) (?D) (B2G) (?D)                 (?D) (?D) (?D) (?D) (?D) (?D) (?D) (?D) (?D) (?D)                 (?D) (?D) (?D) (?D) (?D) (B2G) (B2G) (?D) (?D)                 (?D) (?D) (?D) (?D) (?D) (?D) (?D) (?D) (?D) (B2G)                 (B2G) (B2G) (?D) (?D) (?D) (?D) (?D) (?D) (B2G)                 (?D) (?D) (?D) (?D) (?D) (?D) (?D) (?D) (E2U)                 (E2U) (?D) (E1G) (E1G) (A1U) (?D) (?D) (?D) (?D)                 (?B) (?B) (?D) (?D) (?D) (?D) (?B) (?D) (?D) (?D)                 (?B) (?D) (?D) (?D) (?D) (?B) (?B) (?D) (?D) (A1G) Harris functional with IExCor=  402 diagonalized for initial guess. ExpMin= 5.57D-02 ExpMax= 1.40D+04 ExpMxC= 2.10D+03 IAcc=2 IRadAn=         4 AccDes= 0.00D+00 HarFok:  IExCor= 402 AccDes= 0.00D+00 IRadAn=         4 IDoV=1 ScaDFX=  1.000000  1.000000  1.000000  1.000000 Requested convergence on RMS density matrix=1.00D-08 within 128 cycles. Requested convergence on MAX density matrix=1.00D-06. Requested convergence on             energy=1.00D-06. No special actions if energy rises. Keep R1 integrals in memory in canonical form, NReq=   347898779. Integral accuracy reduced to 1.0D-05 until final iterations. Density matrix breaks symmetry, PCut= 1.00D-04 Density has only Abelian symmetry. Density matrix breaks symmetry, PCut= 1.00D-04 Density has only Abelian symmetry. Density matrix breaks symmetry, PCut= 1.00D-04 Density has only Abelian symmetry. Density matrix breaks symmetry, PCut= 1.00D-04 Density has only Abelian symmetry. Density matrix breaks symmetry, PCut= 1.00D-04 Density has only Abelian symmetry. Density matrix breaks symmetry, PCut= 1.00D-04 Density has only Abelian symmetry. Density matrix breaks symmetry, PCut= 1.00D-04 Density has only Abelian symmetry. Density matrix breaks symmetry, PCut= 1.00D-04 Density has only Abelian symmetry. Density matrix breaks symmetry, PCut= 1.00D-04 Density has only Abelian symmetry. Density matrix breaks symmetry, PCut= 1.00D-04 Density has only Abelian symmetry. Density matrix breaks symmetry, PCut= 1.00D-04 Density has only Abelian symmetry. Density matrix breaks symmetry, PCut= 1.00D-04 Density has only Abelian symmetry. Initial convergence to 1.0D-05 achieved.  Increase integral accuracy. Density matrix breaks symmetry, PCut= 1.00D-04 Density has only Abelian symmetry. Density matrix breaks symmetry, PCut= 1.00D-04 Density has only Abelian symmetry. Density matrix breaks symmetry, PCut= 1.00D-04 Density has only Abelian symmetry. Density matrix breaks symmetry, PCut= 1.00D-04 Density has only Abelian symmetry. Density matrix breaks symmetry, PCut= 1.00D-04 Density has only Abelian symmetry. Density matrix breaks symmetry, PCut= 1.00D-04 Density has only Abelian symmetry. Density matrix breaks symmetry, PCut= 1.00D-04 Density has only Abelian symmetry. Density matrix breaks symmetry, PCut= 1.00D-04 Density has only Abelian symmetry. Density matrix breaks symmetry, PCut= 1.00D-04 Density has only Abelian symmetry. Density matrix breaks symmetry, PCut= 1.00D-04 Density has only Abelian symmetry. SCF Done:  E(RB+HF-LYP) =  -2906.32272055     A.U. after   21 cycles             Convg  =    0.6127D-08             -V/T =  1.9976             S**2   =   0.0000 Density matrix has only Abelian symmetry. Density matrix has only Abelian symmetry. ***** Axes restored to original set *****<module cmlx:lineCount="18" cmlx:templateRef="forces"><list cmlx:templateRef="force"><list><scalar dataType="xsd:integer" dictRef="x:serial">1</scalar><scalar dataType="xsd:integer" dictRef="x:elementType">13</scalar><scalar dataType="xsd:double" dictRef="x:x3">-0.219928459</scalar><scalar dataType="xsd:double" dictRef="x:y3">0.0</scalar><scalar dataType="xsd:double" dictRef="x:z3">0.0</scalar></list><list><scalar dataType="xsd:integer" dictRef="x:serial">2</scalar><scalar dataType="xsd:integer" dictRef="x:elementType">13</scalar><scalar dataType="xsd:double" dictRef="x:x3">-0.213193106</scalar><scalar dataType="xsd:double" dictRef="x:y3">0.10122793</scalar><scalar dataType="xsd:double" dictRef="x:z3">0.0</scalar></list><list><scalar dataType="xsd:integer" dictRef="x:serial">3</scalar><scalar dataType="xsd:integer" dictRef="x:elementType">13</scalar><scalar dataType="xsd:double" dictRef="x:x3">-0.091937479</scalar><scalar dataType="xsd:double" dictRef="x:y3">0.197437143</scalar><scalar dataType="xsd:double" dictRef="x:z3">0.0</scalar></list><list><scalar dataType="xsd:integer" dictRef="x:serial">4</scalar><scalar dataType="xsd:integer" dictRef="x:elementType">13</scalar><scalar dataType="xsd:double" dictRef="x:x3">0.0</scalar><scalar dataType="xsd:double" dictRef="x:y3">0.237887654</scalar><scalar dataType="xsd:double" dictRef="x:z3">0.0</scalar></list><list><scalar dataType="xsd:integer" dictRef="x:serial">5</scalar><scalar dataType="xsd:integer" dictRef="x:elementType">13</scalar><scalar dataType="xsd:double" dictRef="x:x3">0.091937479</scalar><scalar dataType="xsd:double" dictRef="x:y3">0.197437143</scalar><scalar dataType="xsd:double" dictRef="x:z3">0.0</scalar></list><list><scalar dataType="xsd:integer" dictRef="x:serial">6</scalar><scalar dataType="xsd:integer" dictRef="x:elementType">13</scalar><scalar dataType="xsd:double" dictRef="x:x3">0.213193106</scalar><scalar dataType="xsd:double" dictRef="x:y3">0.10122793</scalar><scalar dataType="xsd:double" dictRef="x:z3">0.0</scalar></list><list><scalar dataType="xsd:integer" dictRef="x:serial">7</scalar><scalar dataType="xsd:integer" dictRef="x:elementType">13</scalar><scalar dataType="xsd:double" dictRef="x:x3">0.219928459</scalar><scalar dataType="xsd:double" dictRef="x:y3">0.0</scalar><scalar dataType="xsd:double" dictRef="x:z3">0.0</scalar></list><list><scalar dataType="xsd:integer" dictRef="x:serial">8</scalar><scalar dataType="xsd:integer" dictRef="x:elementType">13</scalar><scalar dataType="xsd:double" dictRef="x:x3">0.213193106</scalar><scalar dataType="xsd:double" dictRef="x:y3">-0.10122793</scalar><scalar dataType="xsd:double" dictRef="x:z3">0.0</scalar></list><list><scalar dataType="xsd:integer" dictRef="x:serial">9</scalar><scalar dataType="xsd:integer" dictRef="x:elementType">13</scalar><scalar dataType="xsd:double" dictRef="x:x3">0.091937479</scalar><scalar dataType="xsd:double" dictRef="x:y3">-0.197437143</scalar><scalar dataType="xsd:double" dictRef="x:z3">0.0</scalar></list><list><scalar dataType="xsd:integer" dictRef="x:serial">10</scalar><scalar dataType="xsd:integer" dictRef="x:elementType">13</scalar><scalar dataType="xsd:double" dictRef="x:x3">0.0</scalar><scalar dataType="xsd:double" dictRef="x:y3">-0.237887654</scalar><scalar dataType="xsd:double" dictRef="x:z3">0.0</scalar></list><list><scalar dataType="xsd:integer" dictRef="x:serial">11</scalar><scalar dataType="xsd:integer" dictRef="x:elementType">13</scalar><scalar dataType="xsd:double" dictRef="x:x3">-0.091937479</scalar><scalar dataType="xsd:double" dictRef="x:y3">-0.197437143</scalar><scalar dataType="xsd:double" dictRef="x:z3">0.0</scalar></list><list><scalar dataType="xsd:integer" dictRef="x:serial">12</scalar><scalar dataType="xsd:integer" dictRef="x:elementType">13</scalar><scalar dataType="xsd:double" dictRef="x:x3">-0.213193106</scalar><scalar dataType="xsd:double" dictRef="x:y3">-0.10122793</scalar><scalar dataType="xsd:double" dictRef="x:z3">0.0</scalar></list></list><list cmlx:templateRef="cartesianforce"><list><scalar dataType="xsd:double" dictRef="cc:maxforce">0.237887654</scalar><scalar dataType="xsd:double" dictRef="cc:rmsforce">0.131492227</scalar></list></list></module><module cmlx:lineCount="167" cmlx:templateRef="l103" xmlns:xi="http://www.w3.org/2001/XInclude"><list cmlx:templateRef="berny"><scalar dataType="xsd:string" dictRef="g:optimization">Internal  Forces:  Max     0.186663991 RMS     0.063823163</scalar></list> Search for a local minimum. Step number   6 out of a maximum of 100 All quantities printed in internal units (Hartrees-Bohrs-Radians) Update second derivatives using D2CorX and points  5  6     Eigenvalues ---   -0.03806   0.03123   0.03123   0.03565   0.03607     Eigenvalues ---    0.04290   0.04290   0.05518   0.05518   0.07281     Eigenvalues ---    0.12873   0.15252   0.15252   0.17116   0.18959     Eigenvalues ---    0.21046   0.21503   0.22386   0.22391   0.75766     Eigenvalues ---    0.75766   0.92394   0.92394   1.26264   1.29097     Eigenvalues ---    1.95652   1.96301   2.75452   2.75452   2.96772     Eigenvalues --- 1000.000001000.000001000.000001000.000001000.00000     Eigenvalues --- 1000.000001000.000001000.000001000.000001000.00000     Eigenvalues --- 1000.000001000.000001000.000001000.000001000.00000     Eigenvalues --- 1000.000001000.000001000.000001000.000001000.00000     Eigenvalues --- 1000.000001000.000001000.000001000.000001000.00000     Eigenvalues --- 1000.000001000.000001000.000001000.000001000.00000     Eigenvalues --- 1000.000001000.000001000.000001000.000001000.00000     Eigenvalues --- 1000.000001000.000001000.000001000.000001000.00000     Eigenvalues --- 1000.000001000.000001000.000001000.000001000.00000     Eigenvalues --- 1000.000001000.000001000.000001000.000001000.00000     Eigenvalues --- 1000.000001000.000001000.000001000.000001000.00000     Eigenvalues --- 1000.000001000.000001000.000001000.000001000.00000     Eigenvalues --- 1000.000001000.000001000.000001000.000001000.00000     Eigenvalues --- 1000.000001000.000001000.000001000.000001000.00000     Eigenvalues --- 1000.000001000.000001000.000001000.000001000.00000     Eigenvalues --- 1000.000001000.000001000.000001000.000001000.00000     Eigenvalues --- 1000.000001000.000001000.000001000.000001000.00000     Eigenvalues --- 1000.000001000.000001000.000001000.000001000.00000 RFO step:  Lambda=-7.16419526D-01. Skip linear search -- no minimum in search direction. Maximum step size (   0.424) exceeded in Quadratic search.    -- Step size scaled by   0.414 Iteration  1 RMS(Cart)=  0.03437972 RMS(Int)=  0.00002048 Iteration  2 RMS(Cart)=  0.00001263 RMS(Int)=  0.00001254 Iteration  3 RMS(Cart)=  0.00000000 RMS(Int)=  0.00001254<module cmlx:lineCount="122" cmlx:templateRef="l103.deltas"><list cmlx:lineCount="120" cmlx:templateRef="delta"><array dataType="xsd:string" dictRef="cc:variable" size="120">R1 R2 R3 R4 R5 R6 R7 R8 R9 R10 R11 R12 R13 R14 R15 R16 R17 R18 R19 R20 R21 R22 R23 R24 A1 A2 A3 A4 A5 A6 A7 A8 A9 A10 A11 A12 A13 A14 A15 A16 A17 A18 A19 A20 A21 A22 A23 A24 A25 A26 A27 A28 A29 A30 A31 A32 A33 A34 A35 A36 D1 D2 D3 D4 D5 D6 D7 D8 D9 D10 D11 D12 D13 D14 D15 D16 D17 D18 D19 D20 D21 D22 D23 D24 D25 D26 D27 D28 D29 D30 D31 D32 D33 D34 D35 D36 D37 D38 D39 D40 D41 D42 D43 D44 D45 D46 D47 D48 D49 D50 D51 D52 D53 D54 D55 D56 D57 D58 D59 D60</array><array dataType="xsd:double" dictRef="g:lastval" size="120">3.16575 6.0986 6.0986 3.16575 3.16575 6.13227 6.13227 3.16575 6.0986 3.16575 6.13227 3.16575 6.0986 3.16575 6.13227 3.16575 6.0986 3.16575 6.13227 3.16575 6.0986 3.16575 6.13227 3.16575 2.36647 2.0944 2.36647 2.34592 2.34592 2.0944 2.36647 2.0944 2.36647 2.34592 2.0944 2.34592 2.36647 2.0944 2.36647 2.34592 2.0944 2.34592 2.36647 2.0944 2.36647 2.34592 2.0944 2.34592 2.36647 2.0944 2.36647 2.34592 2.0944 2.34592 2.0944 2.36647 2.36647 2.34592 2.0944 2.34592 0.0 0.0 0.0 0.0 0.0 0.0 0.0 0.0 0.0 0.0 0.0 0.0 0.0 0.0 0.0 0.0 0.0 0.0 0.0 0.0 0.0 0.0 0.0 0.0 0.0 0.0 0.0 0.0 0.0 0.0 0.0 0.0 0.0 0.0 0.0 0.0 0.0 0.0 0.0 0.0 0.0 0.0 0.0 0.0 0.0 0.0 0.0 0.0 0.0 0.0 0.0 0.0 0.0 0.0 0.0 0.0 0.0 0.0 0.0 0.0</array><array dataType="xsd:double" dictRef="cc:deriv" size="120">0.08919 0.17795 0.17795 0.08919 0.09995 0.18666 0.17686 0.08913 0.16809 0.08913 0.18666 0.09995 0.17795 0.08919 0.17686 0.08919 0.17795 0.09995 0.18666 0.08913 0.16809 0.08913 0.18666 0.09995 0.00226 -7.0E-4 0.00226 -0.00228 -0.00236 3.2E-4 0.00248 3.5E-4 0.00236 -0.00245 -6.5E-4 -0.00245 0.00236 3.5E-4 0.00248 -0.00228 3.2E-4 -0.00236 0.00226 -7.0E-4 0.00226 -0.00236 3.2E-4 -0.00228 0.00248 3.5E-4 0.00236 -0.00245 -6.5E-4 -0.00245 3.5E-4 0.00248 0.00236 -0.00228 3.2E-4 -0.00236 0.0 0.0 0.0 0.0 0.0 0.0 0.0 0.0 0.0 0.0 0.0 0.0 0.0 0.0 0.0 0.0 0.0 0.0 0.0 0.0 0.0 0.0 0.0 0.0 0.0 0.0 0.0 0.0 0.0 0.0 0.0 0.0 0.0 0.0 0.0 0.0 0.0 0.0 0.0 0.0 0.0 0.0 0.0 0.0 0.0 0.0 0.0 0.0 0.0 0.0 0.0 0.0 0.0 0.0 0.0 0.0 0.0 0.0 0.0 0.0</array><array dataType="xsd:double" dictRef="cc:delta.linear" size="120">0.0 0.0 0.0 0.0 0.0 0.0 0.0 0.0 0.0 0.0 0.0 0.0 0.0 0.0 0.0 0.0 0.0 0.0 0.0 0.0 0.0 0.0 0.0 0.0 0.0 0.0 0.0 0.0 0.0 0.0 0.0 0.0 0.0 0.0 0.0 0.0 0.0 0.0 0.0 0.0 0.0 0.0 0.0 0.0 0.0 0.0 0.0 0.0 0.0 0.0 0.0 0.0 0.0 0.0 0.0 0.0 0.0 0.0 0.0 0.0 0.0 0.0 0.0 0.0 0.0 0.0 0.0 0.0 0.0 0.0 0.0 0.0 0.0 0.0 0.0 0.0 0.0 0.0 0.0 0.0 0.0 0.0 0.0 0.0 0.0 0.0 0.0 0.0 0.0 0.0 0.0 0.0 0.0 0.0 0.0 0.0 0.0 0.0 0.0 0.0 0.0 0.0 0.0 0.0 0.0 0.0 0.0 0.0 0.0 0.0 0.0 0.0 0.0 0.0 0.0 0.0 0.0 0.0 0.0 0.0</array><array dataType="xsd:double" dictRef="cc:delta.quad" size="120">0.0554 0.10497 0.10497 0.0554 0.0581 0.11157 0.11254 0.0554 0.10625 0.0554 0.11157 0.0581 0.10497 0.0554 0.11254 0.0554 0.10497 0.0581 0.11157 0.0554 0.10625 0.0554 0.11157 0.0581 0.00397 0.00129 0.00397 -0.00397 -0.0018 -6.5E-4 -3.6E-4 -6.4E-4 0.0018 3.6E-4 0.00129 3.6E-4 0.0018 -6.4E-4 -3.6E-4 -0.00397 -6.5E-4 -0.0018 0.00397 0.00129 0.00397 -0.0018 -6.5E-4 -0.00397 -3.6E-4 -6.4E-4 0.0018 3.6E-4 0.00129 3.6E-4 -6.4E-4 -3.6E-4 0.0018 -0.00397 -6.5E-4 -0.0018 0.0 0.0 0.0 0.0 0.0 0.0 0.0 0.0 0.0 0.0 0.0 0.0 0.0 0.0 0.0 0.0 0.0 0.0 0.0 0.0 0.0 0.0 0.0 0.0 0.0 0.0 0.0 0.0 0.0 0.0 0.0 0.0 0.0 0.0 0.0 0.0 0.0 0.0 0.0 0.0 0.0 0.0 0.0 0.0 0.0 0.0 0.0 0.0 0.0 0.0 0.0 0.0 0.0 0.0 0.0 0.0 0.0 0.0 0.0 0.0</array><array dataType="xsd:double" dictRef="cc:delta.total" size="120">0.05596 0.10214 0.10214 0.05596 0.05596 0.11357 0.11357 0.05596 0.10214 0.05596 0.11357 0.05596 0.10214 0.05596 0.11357 0.05596 0.10214 0.05596 0.11357 0.05596 0.10214 0.05596 0.11357 0.05596 0.00325 0.0 0.00325 -0.00325 -0.00325 0.0 0.00325 0.0 0.00325 -0.00325 0.0 -0.00325 0.00325 0.0 0.00325 -0.00325 0.0 -0.00325 0.00325 0.0 0.00325 -0.00325 0.0 -0.00325 0.00325 0.0 0.00325 -0.00325 0.0 -0.00325 0.0 0.00325 0.00325 -0.00325 0.0 -0.00325 0.0 0.0 0.0 0.0 0.0 0.0 0.0 0.0 0.0 0.0 0.0 0.0 0.0 0.0 0.0 0.0 0.0 0.0 0.0 0.0 0.0 0.0 0.0 0.0 0.0 0.0 0.0 0.0 0.0 0.0 0.0 0.0 0.0 0.0 0.0 0.0 0.0 0.0 0.0 0.0 0.0 0.0 0.0 0.0 0.0 0.0 0.0 0.0 0.0 0.0 0.0 0.0 0.0 0.0 0.0 0.0 0.0 0.0 0.0 0.0</array><array dataType="xsd:double" dictRef="cc:newval" size="120">3.22171 6.20074 6.20074 3.22171 3.22171 6.24584 6.24584 3.22171 6.20074 3.22171 6.24584 3.22171 6.20074 3.22171 6.24584 3.22171 6.20074 3.22171 6.24584 3.22171 6.20074 3.22171 6.24584 3.22171 2.36972 2.0944 2.36972 2.34267 2.34267 2.0944 2.36972 2.0944 2.36972 2.34267 2.0944 2.34267 2.36972 2.0944 2.36972 2.34267 2.0944 2.34267 2.36972 2.0944 2.36972 2.34267 2.0944 2.34267 2.36972 2.0944 2.36972 2.34267 2.0944 2.34267 2.0944 2.36972 2.36972 2.34267 2.0944 2.34267 0.0 0.0 0.0 0.0 0.0 0.0 0.0 0.0 0.0 0.0 0.0 0.0 0.0 0.0 0.0 0.0 0.0 0.0 0.0 0.0 0.0 0.0 0.0 0.0 0.0 0.0 0.0 0.0 0.0 0.0 0.0 0.0 0.0 0.0 0.0 0.0 0.0 0.0 0.0 0.0 0.0 0.0 0.0 0.0 0.0 0.0 0.0 0.0 0.0 0.0 0.0 0.0 0.0 0.0 0.0 0.0 0.0 0.0 0.0 0.0</array></list></module><module cmlx:lineCount="5" cmlx:templateRef="l103.itemconverge"><list cmlx:lineCount="4" cmlx:templateRef="components"><array dataType="xsd:string" dictRef="g:itemconverge"/><array dataType="xsd:double" dictRef="x:value" size="4">4.5E-4 3.0E-4 0.0018 0.0012</array><array dataType="xsd:double" dictRef="x:threshold" size="4">0.0 0.0 0.0 0.0</array><array dataType="xsd:string" dictRef="g:converged" size="4">NO NO NO NO</array></list></module> Predicted change in Energy=-2.975275D-01 GradGradGradGradGradGradGradGradGradGradGradGradGradGradGradGradGradGrad</module><module cmlx:lineCount="18" cmlx:templateRef="l202.orient"><list cmlx:templateRef="type"><scalar dataType="xsd:string" dictRef="g:type">Input</scalar></list><list cmlx:lineCount="12" cmlx:templateRef="atom"><array dataType="xsd:integer" dictRef="cc:serial" size="12">1 2 3 4 5 6 7 8 9 10 11 12</array><array dataType="xsd:integer" dictRef="cc:elementType" size="12">13 13 13 13 13 13 13 13 13 13 13 13</array><array dataType="xsd:integer" dictRef="g:atomicType" size="12">0 0 0 0 0 0 0 0 0 0 0 0</array><array dataType="xsd:double" dictRef="cc:x3" size="12">-3.281289 -2.86235 -1.640645 0.0 1.640645 2.86235 3.281289 2.86235 1.640645 0.0 -1.640645 -2.86235</array><array dataType="xsd:double" dictRef="cc:y3" size="12">0.0 1.652578 2.84168 3.305157 2.84168 1.652578 0.0 -1.652578 -2.84168 -3.305157 -2.84168 -1.652578</array><array dataType="xsd:double" dictRef="cc:z3" size="12">0.0 0.0 0.0 0.0 0.0 0.0 0.0 0.0 0.0 0.0 0.0 0.0</array></list></module><module cmlx:lineCount="14" cmlx:templateRef="l202.distmat"><list cmlx:templateRef="atom"><list><scalar dataType="xsd:integer" dictRef="cc:serial">1</scalar><scalar dataType="xsd:string" dictRef="cc:elementType">Al</scalar><scalar dataType="xsd:string" dictRef="cc:distances">0.000000</scalar></list><list><scalar dataType="xsd:integer" dictRef="cc:serial">2</scalar><scalar dataType="xsd:string" dictRef="cc:elementType">Al</scalar><scalar dataType="xsd:string" dictRef="cc:distances">1.704854   0.000000</scalar></list><list><scalar dataType="xsd:integer" dictRef="cc:serial">3</scalar><scalar dataType="xsd:string" dictRef="cc:elementType">Al</scalar><scalar dataType="xsd:string" dictRef="cc:distances">3.281289   1.704854   0.000000</scalar></list><list><scalar dataType="xsd:integer" dictRef="cc:serial">4</scalar><scalar dataType="xsd:string" dictRef="cc:elementType">Al</scalar><scalar dataType="xsd:string" dictRef="cc:distances">4.657351   3.305157   1.704854   0.000000</scalar></list><list><scalar dataType="xsd:integer" dictRef="cc:serial">5</scalar><scalar dataType="xsd:string" dictRef="cc:elementType">Al</scalar><scalar dataType="xsd:string" dictRef="cc:distances">5.683359   4.657351   3.281289   1.704854   0.000000</scalar></list><list><scalar dataType="xsd:integer" dictRef="cc:serial">6</scalar><scalar dataType="xsd:string" dictRef="cc:elementType">Al</scalar><scalar dataType="xsd:string" dictRef="cc:distances">6.362021   5.724700   4.657351   3.305157   1.704854</scalar></list><list><scalar dataType="xsd:integer" dictRef="cc:serial">7</scalar><scalar dataType="xsd:string" dictRef="cc:elementType">Al</scalar><scalar dataType="xsd:string" dictRef="cc:distances">6.562578   6.362021   5.683359   4.657351   3.281289</scalar></list><list><scalar dataType="xsd:integer" dictRef="cc:serial">8</scalar><scalar dataType="xsd:string" dictRef="cc:elementType">Al</scalar><scalar dataType="xsd:string" dictRef="cc:distances">6.362021   6.610314   6.362021   5.724700   4.657351</scalar></list><list><scalar dataType="xsd:integer" dictRef="cc:serial">9</scalar><scalar dataType="xsd:string" dictRef="cc:elementType">Al</scalar><scalar dataType="xsd:string" dictRef="cc:distances">5.683359   6.362021   6.562578   6.362021   5.683359</scalar></list><list><scalar dataType="xsd:integer" dictRef="cc:serial">10</scalar><scalar dataType="xsd:string" dictRef="cc:elementType">Al</scalar><scalar dataType="xsd:string" dictRef="cc:distances">4.657351   5.724700   6.362021   6.610314   6.362021</scalar></list><list><scalar dataType="xsd:integer" dictRef="cc:serial">11</scalar><scalar dataType="xsd:string" dictRef="cc:elementType">Al</scalar><scalar dataType="xsd:string" dictRef="cc:distances">3.281289   4.657351   5.683359   6.362021   6.562578</scalar></list><list><scalar dataType="xsd:integer" dictRef="cc:serial">12</scalar><scalar dataType="xsd:string" dictRef="cc:elementType">Al</scalar><scalar dataType="xsd:string" dictRef="cc:distances">1.704854   3.305157   4.657351   5.724700   6.362021</scalar></list></list></module>                    6          7          8          9         10     6  Al   0.000000     7  Al   1.704854   0.000000     8  Al   3.305157   1.704854   0.000000     9  Al   4.657351   3.281289   1.704854   0.000000    10  Al   5.724700   4.657351   3.305157   1.704854   0.000000    11  Al   6.362021   5.683359   4.657351   3.281289   1.704854    12  Al   6.610314   6.362021   5.724700   4.657351   3.305157                   11         12    11  Al   0.000000    12  Al   1.704854   0.000000<module cmlx:lineCount="6" cmlx:templateRef="l202.stoich"><list cmlx:templateRef="stoich"><scalar dataType="xsd:string" dictRef="cc:formula">Al12</scalar></list><list cmlx:templateRef="framework"><scalar dataType="xsd:string" dictRef="cc:frameworkgroup">D6H[3C2'(Al.Al),3C2"(Al.Al)]</scalar></list> Full point group                 D6H Largest Abelian subgroup         D2H     NOp   8 Largest concise Abelian subgroup D2      NOp   4</module><module cmlx:lineCount="18" cmlx:templateRef="l202.orient"><list cmlx:templateRef="type"><scalar dataType="xsd:string" dictRef="g:type">Standard</scalar></list><list cmlx:lineCount="12" cmlx:templateRef="atom"><array dataType="xsd:integer" dictRef="cc:serial" size="12">1 2 3 4 5 6 7 8 9 10 11 12</array><array dataType="xsd:integer" dictRef="cc:elementType" size="12">13 13 13 13 13 13 13 13 13 13 13 13</array><array dataType="xsd:integer" dictRef="g:atomicType" size="12">0 0 0 0 0 0 0 0 0 0 0 0</array><array dataType="xsd:double" dictRef="cc:x3" size="12">0.0 1.652578 2.84168 3.305157 2.84168 1.652578 0.0 -1.652578 -2.84168 -3.305157 -2.84168 -1.652578</array><array dataType="xsd:double" dictRef="cc:y3" size="12">3.281289 2.86235 1.640645 0.0 -1.640645 -2.86235 -3.281289 -2.86235 -1.640645 0.0 1.640645 2.86235</array><array dataType="xsd:double" dictRef="cc:z3" size="12">0.0 0.0 0.0 0.0 0.0 0.0 0.0 0.0 0.0 0.0 0.0 0.0</array></list></module><module cmlx:lineCount="1" cmlx:templateRef="l202.rotconst"/><module cmlx:lineCount="16" cmlx:templateRef="l301.basis"><list cmlx:templateRef="basis"><list><scalar dataType="xsd:string" dictRef="cc:basis">6-31G(d)</scalar><scalar dataType="xsd:string" dictRef="cc:diffuse">(6D, 7F)</scalar></list></list><list cmlx:templateRef="symmadapt"><list><scalar dataType="xsd:integer" dictRef="cc:adapted">48</scalar><scalar dataType="xsd:string" dictRef="cc:symm">AG</scalar></list><list><scalar dataType="xsd:integer" dictRef="cc:adapted">36</scalar><scalar dataType="xsd:string" dictRef="cc:symm">B1G</scalar></list><list><scalar dataType="xsd:integer" dictRef="cc:adapted">15</scalar><scalar dataType="xsd:string" dictRef="cc:symm">B2G</scalar></list><list><scalar dataType="xsd:integer" dictRef="cc:adapted">15</scalar><scalar dataType="xsd:string" dictRef="cc:symm">B3G</scalar></list><list><scalar dataType="xsd:integer" dictRef="cc:adapted">12</scalar><scalar dataType="xsd:string" dictRef="cc:symm">AU</scalar></list><list><scalar dataType="xsd:integer" dictRef="cc:adapted">18</scalar><scalar dataType="xsd:string" dictRef="cc:symm">B1U</scalar></list><list><scalar dataType="xsd:integer" dictRef="cc:adapted">42</scalar><scalar dataType="xsd:string" dictRef="cc:symm">B2U</scalar></list><list><scalar dataType="xsd:integer" dictRef="cc:adapted">42</scalar><scalar dataType="xsd:string" dictRef="cc:symm">B3U</scalar></list></list><list cmlx:templateRef="buffer"><scalar dataType="xsd:integer" dictRef="g:buffer">131072</scalar></list><list cmlx:templateRef="raff"><scalar dataType="xsd:string" dictRef="g:raffenetti">Raffenetti</scalar></list><list cmlx:templateRef="twoe"><scalar dataType="xsd:string" dictRef="g:twoe">Two-electron</scalar></list><list cmlx:templateRef="basiscount"><list><scalar dataType="xsd:integer" dictRef="cc:basiscount">228</scalar><scalar dataType="xsd:integer" dictRef="g:primbasis">624</scalar><scalar dataType="xsd:integer" dictRef="cc:cartesianbasis">228</scalar></list></list><list cmlx:templateRef="alphabeta"><list><scalar dataType="xsd:integer" dictRef="cc:alphae">78</scalar><scalar dataType="xsd:integer" dictRef="cc:betae">78</scalar></list></list> NAtoms=   12 NActive=   12 NUniq=    2 SFac= 3.00D+00 NAtFMM=   80 NAOKFM=F Big=F</module><module cmlx:lineCount="1" cmlx:templateRef="l302.basis"><list cmlx:templateRef="onee"><scalar dataType="xsd:string" dictRef="g:onee">One-electron integrals</scalar></list></module> NBasis=   228 RedAO= T  NBF=    48    36    15    15    12    18    42    42 NBsUse=   228 1.00D-06 NBFU=    48    36    15    15    12    18    42    42 Initial guess read from the read-write file:<module cmlx:lineCount="1" cmlx:templateRef="l401.orbsym"><list cmlx:templateRef="l401"><scalar dataType="xsd:string" dictRef="g:l401">Initial guess orbital symmetries:</scalar></list></module>       Occupied  (?A) (?B) (?B) (?A) (?B) (?A) (?B) (?A) (?A) (?B)                 (?B) (?A) (?C) (?B) (?B) (?C) (?C) (?B) (?B) (?C)                 (?C) (?B) (?B) (?C) (?D) (?D) (?D) (?D) (?D) (?D)                 (?D) (?D) (?D) (?D) (?D) (?D) (?D) (?D) (?D) (?D)                 (?D) (?D) (?D) (?D) (?D) (?D) (?D) (?D) (?D) (?D)                 (?D) (?D) (?D) (?D) (?D) (?D) (?D) (?D) (?D) (?D)                 (?D) (B2G) (B2G) (?D) (?D) (B2G) (B2G) (?D) (?D)                 (?D) (?D) (?D) (?D) (B2G) (B2G) (B2G) (B2G) (?D)       Virtual   (?D) (?D) (?D) (?D) (?D) (?D) (B2G) (B2G) (?D)                 (?D) (?D) (?D) (?D) (?D) (B2G) (B2G) (B2G) (B2G)                 (?D) (?D) (?D) (?D) (?D) (?D) (B2G) (B2G) (?D)                 (?D) (B2G) (B2G) (?D) (?D) (B2G) (B2G) (?D) (?D)                 (?D) (?D) (?D) (?D) (?D) (?D) (?D) (?D) (?D) (B2G)                 (B2G) (?D) (?D) (B2G) (B2G) (?D) (?D) (?D) (?D)                 (?D) (?D) (?D) (?D) (?D) (B2G) (B2G) (B2G) (B2G)                 (B2G) (B2G) (?D) (?D) (?D) (?D) (?D) (?D) (?D)                 (?D) (?D) (?D) (B2G) (B2G) (?D) (?D) (B2G) (B2G)                 (?D) (?D) (B2G) (B2G) (?D) (?D) (?D) (?D) (?D)                 (?D) (?D) (B2G) (B2G) (B2G) (B2G) (B2G) (B2G)                 (?D) (?D) (?D) (?D) (?D) (?D) (?D) (?D) (?D) (?D)                 (?D) (?B) (?B) (?B) (?B) (?C) (?C) (?C) (?B) (?B)                 (?D) (?D) (?D) (?D) (?D) (A1U) (?D) (?D) (?D)                 (?D) (?D) (?D) (?D) (?D) (?D) (?D) (?D) (?D) (?D)                 (?D) (?D) (?D) (?D) (?D) (?D) (?D) (?D) (E1U)                 (E1U) (A1G) (A2G) Harris functional with IExCor=  402 diagonalized for initial guess. ExpMin= 5.57D-02 ExpMax= 1.40D+04 ExpMxC= 2.10D+03 IAcc=2 IRadAn=         4 AccDes= 0.00D+00 HarFok:  IExCor= 402 AccDes= 0.00D+00 IRadAn=         4 IDoV=1 ScaDFX=  1.000000  1.000000  1.000000  1.000000 Requested convergence on RMS density matrix=1.00D-08 within 128 cycles. Requested convergence on MAX density matrix=1.00D-06. Requested convergence on             energy=1.00D-06. No special actions if energy rises. Keep R1 integrals in memory in canonical form, NReq=   347898779. Integral accuracy reduced to 1.0D-05 until final iterations. Density matrix breaks symmetry, PCut= 1.00D-04 Density has only Abelian symmetry. Density matrix breaks symmetry, PCut= 1.00D-04 Density has only Abelian symmetry. Density matrix breaks symmetry, PCut= 1.00D-04 Density has only Abelian symmetry. Density matrix breaks symmetry, PCut= 1.00D-04 Density has only Abelian symmetry. Density matrix breaks symmetry, PCut= 1.00D-04 Density has only Abelian symmetry. Density matrix breaks symmetry, PCut= 1.00D-04 Density has only Abelian symmetry. Density matrix breaks symmetry, PCut= 1.00D-04 Density has only Abelian symmetry. Initial convergence to 1.0D-05 achieved.  Increase integral accuracy. Density matrix breaks symmetry, PCut= 1.00D-04 Density has only Abelian symmetry. Density matrix breaks symmetry, PCut= 1.00D-04 Density has only Abelian symmetry. Density matrix breaks symmetry, PCut= 1.00D-04 Density has only Abelian symmetry. Density matrix breaks symmetry, PCut= 1.00D-04 Density has only Abelian symmetry. Density matrix breaks symmetry, PCut= 1.00D-04 Density has only Abelian symmetry. Density matrix breaks symmetry, PCut= 1.00D-04 Density has only Abelian symmetry. Density matrix breaks symmetry, PCut= 1.00D-04 Density has only Abelian symmetry. Density matrix breaks symmetry, PCut= 1.00D-04 Density has only Abelian symmetry. Density matrix breaks symmetry, PCut= 1.00D-04 Density has only Abelian symmetry. Density matrix breaks symmetry, PCut= 1.00D-04 Density has only Abelian symmetry. SCF Done:  E(RB+HF-LYP) =  -2906.60427723     A.U. after   16 cycles             Convg  =    0.5176D-08             -V/T =  1.9980             S**2   =   0.0000 Density matrix has only Abelian symmetry. Density matrix has only Abelian symmetry. ***** Axes restored to original set *****<module cmlx:lineCount="18" cmlx:templateRef="forces"><list cmlx:templateRef="force"><list><scalar dataType="xsd:integer" dictRef="x:serial">1</scalar><scalar dataType="xsd:integer" dictRef="x:elementType">13</scalar><scalar dataType="xsd:double" dictRef="x:x3">-0.197135436</scalar><scalar dataType="xsd:double" dictRef="x:y3">0.0</scalar><scalar dataType="xsd:double" dictRef="x:z3">0.0</scalar></list><list><scalar dataType="xsd:integer" dictRef="x:serial">2</scalar><scalar dataType="xsd:integer" dictRef="x:elementType">13</scalar><scalar dataType="xsd:double" dictRef="x:x3">-0.1977386</scalar><scalar dataType="xsd:double" dictRef="x:y3">0.093202315</scalar><scalar dataType="xsd:double" dictRef="x:z3">0.0</scalar></list><list><scalar dataType="xsd:integer" dictRef="x:serial">3</scalar><scalar dataType="xsd:integer" dictRef="x:elementType">13</scalar><scalar dataType="xsd:double" dictRef="x:x3">-0.081286274</scalar><scalar dataType="xsd:double" dictRef="x:y3">0.17751691</scalar><scalar dataType="xsd:double" dictRef="x:z3">0.0</scalar></list><list><scalar dataType="xsd:integer" dictRef="x:serial">4</scalar><scalar dataType="xsd:integer" dictRef="x:elementType">13</scalar><scalar dataType="xsd:double" dictRef="x:x3">0.0</scalar><scalar dataType="xsd:double" dictRef="x:y3">0.220177363</scalar><scalar dataType="xsd:double" dictRef="x:z3">0.0</scalar></list><list><scalar dataType="xsd:integer" dictRef="x:serial">5</scalar><scalar dataType="xsd:integer" dictRef="x:elementType">13</scalar><scalar dataType="xsd:double" dictRef="x:x3">0.081286274</scalar><scalar dataType="xsd:double" dictRef="x:y3">0.17751691</scalar><scalar dataType="xsd:double" dictRef="x:z3">0.0</scalar></list><list><scalar dataType="xsd:integer" dictRef="x:serial">6</scalar><scalar dataType="xsd:integer" dictRef="x:elementType">13</scalar><scalar dataType="xsd:double" dictRef="x:x3">0.1977386</scalar><scalar dataType="xsd:double" dictRef="x:y3">0.093202315</scalar><scalar dataType="xsd:double" dictRef="x:z3">0.0</scalar></list><list><scalar dataType="xsd:integer" dictRef="x:serial">7</scalar><scalar dataType="xsd:integer" dictRef="x:elementType">13</scalar><scalar dataType="xsd:double" dictRef="x:x3">0.197135436</scalar><scalar dataType="xsd:double" dictRef="x:y3">0.0</scalar><scalar dataType="xsd:double" dictRef="x:z3">0.0</scalar></list><list><scalar dataType="xsd:integer" dictRef="x:serial">8</scalar><scalar dataType="xsd:integer" dictRef="x:elementType">13</scalar><scalar dataType="xsd:double" dictRef="x:x3">0.1977386</scalar><scalar dataType="xsd:double" dictRef="x:y3">-0.093202315</scalar><scalar dataType="xsd:double" dictRef="x:z3">0.0</scalar></list><list><scalar dataType="xsd:integer" dictRef="x:serial">9</scalar><scalar dataType="xsd:integer" dictRef="x:elementType">13</scalar><scalar dataType="xsd:double" dictRef="x:x3">0.081286274</scalar><scalar dataType="xsd:double" dictRef="x:y3">-0.17751691</scalar><scalar dataType="xsd:double" dictRef="x:z3">0.0</scalar></list><list><scalar dataType="xsd:integer" dictRef="x:serial">10</scalar><scalar dataType="xsd:integer" dictRef="x:elementType">13</scalar><scalar dataType="xsd:double" dictRef="x:x3">0.0</scalar><scalar dataType="xsd:double" dictRef="x:y3">-0.220177363</scalar><scalar dataType="xsd:double" dictRef="x:z3">0.0</scalar></list><list><scalar dataType="xsd:integer" dictRef="x:serial">11</scalar><scalar dataType="xsd:integer" dictRef="x:elementType">13</scalar><scalar dataType="xsd:double" dictRef="x:x3">-0.081286274</scalar><scalar dataType="xsd:double" dictRef="x:y3">-0.17751691</scalar><scalar dataType="xsd:double" dictRef="x:z3">0.0</scalar></list><list><scalar dataType="xsd:integer" dictRef="x:serial">12</scalar><scalar dataType="xsd:integer" dictRef="x:elementType">13</scalar><scalar dataType="xsd:double" dictRef="x:x3">-0.1977386</scalar><scalar dataType="xsd:double" dictRef="x:y3">-0.093202315</scalar><scalar dataType="xsd:double" dictRef="x:z3">0.0</scalar></list></list><list cmlx:templateRef="cartesianforce"><list><scalar dataType="xsd:double" dictRef="cc:maxforce">0.220177363</scalar><scalar dataType="xsd:double" dictRef="cc:rmsforce">0.119989427</scalar></list></list></module><module cmlx:lineCount="143" cmlx:templateRef="l103" xmlns:xi="http://www.w3.org/2001/XInclude"><list cmlx:templateRef="berny"><scalar dataType="xsd:string" dictRef="g:optimization">Internal  Forces:  Max     0.172051807 RMS     0.058208888</scalar></list> Search for a local minimum. Step number   7 out of a maximum of 100 All quantities printed in internal units (Hartrees-Bohrs-Radians) Update second derivatives using D2CorX and points  6  7<module cmlx:lineCount="1" cmlx:templateRef="l103.trust"> Trust test= 9.46D-01 RLast= 4.22D-01 DXMaxT set to 6.00D-01</module> Maximum step size (   0.600) exceeded in linear search.    -- Step size scaled by   0.711 Quartic linear search produced a step of  1.42287. Iteration  1 RMS(Cart)=  0.04859306 RMS(Int)=  0.00007446 Iteration  2 RMS(Cart)=  0.00002402 RMS(Int)=  0.00006764 Iteration  3 RMS(Cart)=  0.00000000 RMS(Int)=  0.00006764<module cmlx:lineCount="122" cmlx:templateRef="l103.deltas"><list cmlx:lineCount="120" cmlx:templateRef="delta"><array dataType="xsd:string" dictRef="cc:variable" size="120">R1 R2 R3 R4 R5 R6 R7 R8 R9 R10 R11 R12 R13 R14 R15 R16 R17 R18 R19 R20 R21 R22 R23 R24 A1 A2 A3 A4 A5 A6 A7 A8 A9 A10 A11 A12 A13 A14 A15 A16 A17 A18 A19 A20 A21 A22 A23 A24 A25 A26 A27 A28 A29 A30 A31 A32 A33 A34 A35 A36 D1 D2 D3 D4 D5 D6 D7 D8 D9 D10 D11 D12 D13 D14 D15 D16 D17 D18 D19 D20 D21 D22 D23 D24 D25 D26 D27 D28 D29 D30 D31 D32 D33 D34 D35 D36 D37 D38 D39 D40 D41 D42 D43 D44 D45 D46 D47 D48 D49 D50 D51 D52 D53 D54 D55 D56 D57 D58 D59 D60</array><array dataType="xsd:double" dictRef="g:lastval" size="120">3.22171 6.20074 6.20074 3.22171 3.22171 6.24584 6.24584 3.22171 6.20074 3.22171 6.24584 3.22171 6.20074 3.22171 6.24584 3.22171 6.20074 3.22171 6.24584 3.22171 6.20074 3.22171 6.24584 3.22171 2.36972 2.0944 2.36972 2.34267 2.34267 2.0944 2.36972 2.0944 2.36972 2.34267 2.0944 2.34267 2.36972 2.0944 2.36972 2.34267 2.0944 2.34267 2.36972 2.0944 2.36972 2.34267 2.0944 2.34267 2.36972 2.0944 2.36972 2.34267 2.0944 2.34267 2.0944 2.36972 2.36972 2.34267 2.0944 2.34267 0.0 0.0 0.0 0.0 0.0 0.0 0.0 0.0 0.0 0.0 0.0 0.0 0.0 0.0 0.0 0.0 0.0 0.0 0.0 0.0 0.0 0.0 0.0 0.0 0.0 0.0 0.0 0.0 0.0 0.0 0.0 0.0 0.0 0.0 0.0 0.0 0.0 0.0 0.0 0.0 0.0 0.0 0.0 0.0 0.0 0.0 0.0 0.0 0.0 0.0 0.0 0.0 0.0 0.0 0.0 0.0 0.0 0.0 0.0 0.0</array><array dataType="xsd:double" dictRef="cc:deriv" size="120">0.08118 0.16058 0.16058 0.08118 0.09154 0.17205 0.16268 0.08111 0.15114 0.08111 0.17205 0.09154 0.16058 0.08118 0.16268 0.08118 0.16058 0.09154 0.17205 0.08111 0.15114 0.08111 0.17205 0.09154 0.00302 -6.5E-4 0.00302 -0.00306 -0.00309 2.9E-4 0.00317 3.3E-4 0.00309 -0.00313 -5.8E-4 -0.00313 0.00309 3.3E-4 0.00317 -0.00306 2.9E-4 -0.00309 0.00302 -6.5E-4 0.00302 -0.00309 2.9E-4 -0.00306 0.00317 3.3E-4 0.00309 -0.00313 -5.8E-4 -0.00313 3.3E-4 0.00317 0.00309 -0.00306 2.9E-4 -0.00309 0.0 0.0 0.0 0.0 0.0 0.0 0.0 0.0 0.0 0.0 0.0 0.0 0.0 0.0 0.0 0.0 0.0 0.0 0.0 0.0 0.0 0.0 0.0 0.0 0.0 0.0 0.0 0.0 0.0 0.0 0.0 0.0 0.0 0.0 0.0 0.0 0.0 0.0 0.0 0.0 0.0 0.0 0.0 0.0 0.0 0.0 0.0 0.0 0.0 0.0 0.0 0.0 0.0 0.0 0.0 0.0 0.0 0.0 0.0 0.0</array><array dataType="xsd:double" dictRef="cc:delta.linear" size="120">0.07962 0.14533 0.14533 0.07962 0.07962 0.1616 0.1616 0.07962 0.14533 0.07962 0.1616 0.07962 0.14533 0.07962 0.1616 0.07962 0.14533 0.07962 0.1616 0.07962 0.14533 0.07962 0.1616 0.07962 0.00462 0.0 0.00462 -0.00462 -0.00462 0.0 0.00462 0.0 0.00462 -0.00462 0.0 -0.00462 0.00462 0.0 0.00462 -0.00462 0.0 -0.00462 0.00462 0.0 0.00462 -0.00462 0.0 -0.00462 0.00462 0.0 0.00462 -0.00462 0.0 -0.00462 0.0 0.00462 0.00462 -0.00462 0.0 -0.00462 0.0 0.0 0.0 0.0 0.0 0.0 0.0 0.0 0.0 0.0 0.0 0.0 0.0 0.0 0.0 0.0 0.0 0.0 0.0 0.0 0.0 0.0 0.0 0.0 0.0 0.0 0.0 0.0 0.0 0.0 0.0 0.0 0.0 0.0 0.0 0.0 0.0 0.0 0.0 0.0 0.0 0.0 0.0 0.0 0.0 0.0 0.0 0.0 0.0 0.0 0.0 0.0 0.0 0.0 0.0 0.0 0.0 0.0 0.0 0.0</array><array dataType="xsd:double" dictRef="cc:delta.quad" size="120">0.0 0.0 0.0 0.0 0.0 0.0 0.0 0.0 0.0 0.0 0.0 0.0 0.0 0.0 0.0 0.0 0.0 0.0 0.0 0.0 0.0 0.0 0.0 0.0 0.0 0.0 0.0 0.0 0.0 0.0 0.0 0.0 0.0 0.0 0.0 0.0 0.0 0.0 0.0 0.0 0.0 0.0 0.0 0.0 0.0 0.0 0.0 0.0 0.0 0.0 0.0 0.0 0.0 0.0 0.0 0.0 0.0 0.0 0.0 0.0 0.0 0.0 0.0 0.0 0.0 0.0 0.0 0.0 0.0 0.0 0.0 0.0 0.0 0.0 0.0 0.0 0.0 0.0 0.0 0.0 0.0 0.0 0.0 0.0 0.0 0.0 0.0 0.0 0.0 0.0 0.0 0.0 0.0 0.0 0.0 0.0 0.0 0.0 0.0 0.0 0.0 0.0 0.0 0.0 0.0 0.0 0.0 0.0 0.0 0.0 0.0 0.0 0.0 0.0 0.0 0.0 0.0 0.0 0.0 0.0</array><array dataType="xsd:double" dictRef="cc:delta.total" size="120">0.07967 0.14517 0.14517 0.07967 0.07967 0.16171 0.16171 0.07967 0.14517 0.07967 0.16171 0.07967 0.14517 0.07967 0.16171 0.07967 0.14517 0.07967 0.16171 0.07967 0.14517 0.07967 0.16171 0.07967 0.00451 0.0 0.00451 -0.00451 -0.00451 0.0 0.00451 0.0 0.00451 -0.00451 0.0 -0.00451 0.00451 0.0 0.00451 -0.00451 0.0 -0.00451 0.00451 0.0 0.00451 -0.00451 0.0 -0.00451 0.00451 0.0 0.00451 -0.00451 0.0 -0.00451 0.0 0.00451 0.00451 -0.00451 0.0 -0.00451 0.0 0.0 0.0 0.0 0.0 0.0 0.0 0.0 0.0 0.0 0.0 0.0 0.0 0.0 0.0 0.0 0.0 0.0 0.0 0.0 0.0 0.0 0.0 0.0 0.0 0.0 0.0 0.0 0.0 0.0 0.0 0.0 0.0 0.0 0.0 0.0 0.0 0.0 0.0 0.0 0.0 0.0 0.0 0.0 0.0 0.0 0.0 0.0 0.0 0.0 0.0 0.0 0.0 0.0 0.0 0.0 0.0 0.0 0.0 0.0</array><array dataType="xsd:double" dictRef="cc:newval" size="120">3.30137 6.34591 6.34591 3.30137 3.30137 6.40755 6.40755 3.30137 6.34591 3.30137 6.40755 3.30137 6.34591 3.30137 6.40755 3.30137 6.34591 3.30137 6.40755 3.30137 6.34591 3.30137 6.40755 3.30137 2.37423 2.0944 2.37423 2.33816 2.33816 2.0944 2.37423 2.0944 2.37423 2.33816 2.0944 2.33816 2.37423 2.0944 2.37423 2.33816 2.0944 2.33816 2.37423 2.0944 2.37423 2.33816 2.0944 2.33816 2.37423 2.0944 2.37423 2.33816 2.0944 2.33816 2.0944 2.37423 2.37423 2.33816 2.0944 2.33816 0.0 0.0 0.0 0.0 0.0 0.0 0.0 0.0 0.0 0.0 0.0 0.0 0.0 0.0 0.0 0.0 0.0 0.0 0.0 0.0 0.0 0.0 0.0 0.0 0.0 0.0 0.0 0.0 0.0 0.0 0.0 0.0 0.0 0.0 0.0 0.0 0.0 0.0 0.0 0.0 0.0 0.0 0.0 0.0 0.0 0.0 0.0 0.0 0.0 0.0 0.0 0.0 0.0 0.0 0.0 0.0 0.0 0.0 0.0 0.0</array></list></module><module cmlx:lineCount="5" cmlx:templateRef="l103.itemconverge"><list cmlx:lineCount="4" cmlx:templateRef="components"><array dataType="xsd:string" dictRef="g:itemconverge"/><array dataType="xsd:double" dictRef="x:value" size="4">4.5E-4 3.0E-4 0.0018 0.0012</array><array dataType="xsd:double" dictRef="x:threshold" size="4">0.0 0.0 0.0 0.0</array><array dataType="xsd:string" dictRef="g:converged" size="4">NO NO NO NO</array></list></module> Predicted change in Energy=-3.561032D-01 GradGradGradGradGradGradGradGradGradGradGradGradGradGradGradGradGradGrad</module><module cmlx:lineCount="18" cmlx:templateRef="l202.orient"><list cmlx:templateRef="type"><scalar dataType="xsd:string" dictRef="g:type">Input</scalar></list><list cmlx:lineCount="12" cmlx:templateRef="atom"><array dataType="xsd:integer" dictRef="cc:serial" size="12">1 2 3 4 5 6 7 8 9 10 11 12</array><array dataType="xsd:integer" dictRef="cc:elementType" size="12">13 13 13 13 13 13 13 13 13 13 13 13</array><array dataType="xsd:integer" dictRef="g:atomicType" size="12">0 0 0 0 0 0 0 0 0 0 0 0</array><array dataType="xsd:double" dictRef="cc:x3" size="12">-3.358111 -2.936457 -1.679056 0.0 1.679056 2.936457 3.358111 2.936457 1.679056 0.0 -1.679056 -2.936457</array><array dataType="xsd:double" dictRef="cc:y3" size="12">0.0 1.695364 2.90821 3.390728 2.90821 1.695364 0.0 -1.695364 -2.90821 -3.390728 -2.90821 -1.695364</array><array dataType="xsd:double" dictRef="cc:z3" size="12">0.0 0.0 0.0 0.0 0.0 0.0 0.0 0.0 0.0 0.0 0.0 0.0</array></list></module><module cmlx:lineCount="14" cmlx:templateRef="l202.distmat"><list cmlx:templateRef="atom"><list><scalar dataType="xsd:integer" dictRef="cc:serial">1</scalar><scalar dataType="xsd:string" dictRef="cc:elementType">Al</scalar><scalar dataType="xsd:string" dictRef="cc:distances">0.000000</scalar></list><list><scalar dataType="xsd:integer" dictRef="cc:serial">2</scalar><scalar dataType="xsd:string" dictRef="cc:elementType">Al</scalar><scalar dataType="xsd:string" dictRef="cc:distances">1.747012   0.000000</scalar></list><list><scalar dataType="xsd:integer" dictRef="cc:serial">3</scalar><scalar dataType="xsd:string" dictRef="cc:elementType">Al</scalar><scalar dataType="xsd:string" dictRef="cc:distances">3.358111   1.747012   0.000000</scalar></list><list><scalar dataType="xsd:integer" dictRef="cc:serial">4</scalar><scalar dataType="xsd:string" dictRef="cc:elementType">Al</scalar><scalar dataType="xsd:string" dictRef="cc:distances">4.772206   3.390728   1.747012   0.000000</scalar></list><list><scalar dataType="xsd:integer" dictRef="cc:serial">5</scalar><scalar dataType="xsd:string" dictRef="cc:elementType">Al</scalar><scalar dataType="xsd:string" dictRef="cc:distances">5.816419   4.772206   3.358111   1.747012   0.000000</scalar></list><list><scalar dataType="xsd:integer" dictRef="cc:serial">6</scalar><scalar dataType="xsd:string" dictRef="cc:elementType">Al</scalar><scalar dataType="xsd:string" dictRef="cc:distances">6.518884   5.872914   4.772206   3.390728   1.747012</scalar></list><list><scalar dataType="xsd:integer" dictRef="cc:serial">7</scalar><scalar dataType="xsd:string" dictRef="cc:elementType">Al</scalar><scalar dataType="xsd:string" dictRef="cc:distances">6.716222   6.518884   5.816419   4.772206   3.358111</scalar></list><list><scalar dataType="xsd:integer" dictRef="cc:serial">8</scalar><scalar dataType="xsd:string" dictRef="cc:elementType">Al</scalar><scalar dataType="xsd:string" dictRef="cc:distances">6.518884   6.781457   6.518884   5.872914   4.772206</scalar></list><list><scalar dataType="xsd:integer" dictRef="cc:serial">9</scalar><scalar dataType="xsd:string" dictRef="cc:elementType">Al</scalar><scalar dataType="xsd:string" dictRef="cc:distances">5.816419   6.518884   6.716222   6.518884   5.816419</scalar></list><list><scalar dataType="xsd:integer" dictRef="cc:serial">10</scalar><scalar dataType="xsd:string" dictRef="cc:elementType">Al</scalar><scalar dataType="xsd:string" dictRef="cc:distances">4.772206   5.872914   6.518884   6.781457   6.518884</scalar></list><list><scalar dataType="xsd:integer" dictRef="cc:serial">11</scalar><scalar dataType="xsd:string" dictRef="cc:elementType">Al</scalar><scalar dataType="xsd:string" dictRef="cc:distances">3.358111   4.772206   5.816419   6.518884   6.716222</scalar></list><list><scalar dataType="xsd:integer" dictRef="cc:serial">12</scalar><scalar dataType="xsd:string" dictRef="cc:elementType">Al</scalar><scalar dataType="xsd:string" dictRef="cc:distances">1.747012   3.390728   4.772206   5.872914   6.518884</scalar></list></list></module>                    6          7          8          9         10     6  Al   0.000000     7  Al   1.747012   0.000000     8  Al   3.390728   1.747012   0.000000     9  Al   4.772206   3.358111   1.747012   0.000000    10  Al   5.872914   4.772206   3.390728   1.747012   0.000000    11  Al   6.518884   5.816419   4.772206   3.358111   1.747012    12  Al   6.781457   6.518884   5.872914   4.772206   3.390728                   11         12    11  Al   0.000000    12  Al   1.747012   0.000000<module cmlx:lineCount="6" cmlx:templateRef="l202.stoich"><list cmlx:templateRef="stoich"><scalar dataType="xsd:string" dictRef="cc:formula">Al12</scalar></list><list cmlx:templateRef="framework"><scalar dataType="xsd:string" dictRef="cc:frameworkgroup">D6H[3C2'(Al.Al),3C2"(Al.Al)]</scalar></list> Full point group                 D6H Largest Abelian subgroup         D2H     NOp   8 Largest concise Abelian subgroup D2      NOp   4</module><module cmlx:lineCount="18" cmlx:templateRef="l202.orient"><list cmlx:templateRef="type"><scalar dataType="xsd:string" dictRef="g:type">Standard</scalar></list><list cmlx:lineCount="12" cmlx:templateRef="atom"><array dataType="xsd:integer" dictRef="cc:serial" size="12">1 2 3 4 5 6 7 8 9 10 11 12</array><array dataType="xsd:integer" dictRef="cc:elementType" size="12">13 13 13 13 13 13 13 13 13 13 13 13</array><array dataType="xsd:integer" dictRef="g:atomicType" size="12">0 0 0 0 0 0 0 0 0 0 0 0</array><array dataType="xsd:double" dictRef="cc:x3" size="12">0.0 1.695364 2.90821 3.390728 2.90821 1.695364 0.0 -1.695364 -2.90821 -3.390728 -2.90821 -1.695364</array><array dataType="xsd:double" dictRef="cc:y3" size="12">3.358111 2.936457 1.679056 0.0 -1.679056 -2.936457 -3.358111 -2.936457 -1.679056 0.0 1.679056 2.936457</array><array dataType="xsd:double" dictRef="cc:z3" size="12">0.0 0.0 0.0 0.0 0.0 0.0 0.0 0.0 0.0 0.0 0.0 0.0</array></list></module><module cmlx:lineCount="1" cmlx:templateRef="l202.rotconst"/><module cmlx:lineCount="16" cmlx:templateRef="l301.basis"><list cmlx:templateRef="basis"><list><scalar dataType="xsd:string" dictRef="cc:basis">6-31G(d)</scalar><scalar dataType="xsd:string" dictRef="cc:diffuse">(6D, 7F)</scalar></list></list><list cmlx:templateRef="symmadapt"><list><scalar dataType="xsd:integer" dictRef="cc:adapted">48</scalar><scalar dataType="xsd:string" dictRef="cc:symm">AG</scalar></list><list><scalar dataType="xsd:integer" dictRef="cc:adapted">36</scalar><scalar dataType="xsd:string" dictRef="cc:symm">B1G</scalar></list><list><scalar dataType="xsd:integer" dictRef="cc:adapted">15</scalar><scalar dataType="xsd:string" dictRef="cc:symm">B2G</scalar></list><list><scalar dataType="xsd:integer" dictRef="cc:adapted">15</scalar><scalar dataType="xsd:string" dictRef="cc:symm">B3G</scalar></list><list><scalar dataType="xsd:integer" dictRef="cc:adapted">12</scalar><scalar dataType="xsd:string" dictRef="cc:symm">AU</scalar></list><list><scalar dataType="xsd:integer" dictRef="cc:adapted">18</scalar><scalar dataType="xsd:string" dictRef="cc:symm">B1U</scalar></list><list><scalar dataType="xsd:integer" dictRef="cc:adapted">42</scalar><scalar dataType="xsd:string" dictRef="cc:symm">B2U</scalar></list><list><scalar dataType="xsd:integer" dictRef="cc:adapted">42</scalar><scalar dataType="xsd:string" dictRef="cc:symm">B3U</scalar></list></list><list cmlx:templateRef="buffer"><scalar dataType="xsd:integer" dictRef="g:buffer">131072</scalar></list><list cmlx:templateRef="raff"><scalar dataType="xsd:string" dictRef="g:raffenetti">Raffenetti</scalar></list><list cmlx:templateRef="twoe"><scalar dataType="xsd:string" dictRef="g:twoe">Two-electron</scalar></list><list cmlx:templateRef="basiscount"><list><scalar dataType="xsd:integer" dictRef="cc:basiscount">228</scalar><scalar dataType="xsd:integer" dictRef="g:primbasis">624</scalar><scalar dataType="xsd:integer" dictRef="cc:cartesianbasis">228</scalar></list></list><list cmlx:templateRef="alphabeta"><list><scalar dataType="xsd:integer" dictRef="cc:alphae">78</scalar><scalar dataType="xsd:integer" dictRef="cc:betae">78</scalar></list></list> NAtoms=   12 NActive=   12 NUniq=    2 SFac= 3.00D+00 NAtFMM=   80 NAOKFM=F Big=F</module><module cmlx:lineCount="1" cmlx:templateRef="l302.basis"><list cmlx:templateRef="onee"><scalar dataType="xsd:string" dictRef="g:onee">One-electron integrals</scalar></list></module> NBasis=   228 RedAO= T  NBF=    48    36    15    15    12    18    42    42 NBsUse=   228 1.00D-06 NBFU=    48    36    15    15    12    18    42    42 Initial guess read from the read-write file:<module cmlx:lineCount="1" cmlx:templateRef="l401.orbsym"><list cmlx:templateRef="l401"><scalar dataType="xsd:string" dictRef="g:l401">Initial guess orbital symmetries:</scalar></list></module>       Occupied  (?A) (?B) (?B) (?A) (?B) (?A) (?B) (?A) (?A) (?B)                 (?A) (?B) (?C) (?B) (?B) (?C) (?C) (?B) (?B) (?C)                 (?C) (?B) (?B) (?C) (?D) (?D) (?D) (?D) (?D) (?D)                 (?D) (?D) (?D) (?D) (?D) (?D) (?D) (?D) (?D) (?D)                 (?D) (?D) (?D) (?D) (?D) (?D) (?D) (?D) (?D) (?D)                 (?D) (?D) (?D) (?D) (?D) (?D) (?D) (?D) (?D) (?D)                 (?D) (B2G) (B2G) (?D) (?D) (B2G) (B2G) (?D) (?D)                 (?D) (?D) (?D) (?D) (B2G) (B2G) (B2G) (B2G) (?D)       Virtual   (?D) (?D) (?D) (?D) (?D) (?D) (B2G) (B2G) (?D)                 (?D) (?D) (?D) (?D) (?D) (B2G) (B2G) (B2G) (B2G)                 (?D) (?D) (?D) (?D) (?D) (?D) (B2G) (B2G) (B2G)                 (B2G) (?D) (?D) (?D) (?D) (?D) (B2G) (B2G) (?D)                 (?D) (?D) (?D) (?D) (?D) (?D) (?D) (?D) (?D) (B2G)                 (B2G) (?D) (?D) (B2G) (B2G) (?D) (?D) (?D) (?D)                 (?D) (?D) (?D) (B2G) (B2G) (B2G) (?D) (?D) (B2G)                 (B2G) (B2G) (?D) (?D) (?D) (?D) (?D) (?D) (?D)                 (?D) (?D) (?D) (?D) (?D) (B2G) (B2G) (B2G) (B2G)                 (?D) (?D) (B2G) (B2G) (?D) (?D) (?D) (?D) (?D)                 (?D) (?D) (?D) (B2G) (B2G) (B2G) (B2G) (B2G) (B2G)                 (?D) (?D) (?D) (?D) (?D) (?D) (?D) (?D) (?D) (?D)                 (?D) (?B) (?B) (?B) (?B) (?C) (?C) (?C) (?B) (?B)                 (?D) (?D) (?D) (?D) (?D) (A1U) (?D) (?D) (E2G)                 (E2G) (?D) (?D) (?D) (?D) (?D) (?D) (?D) (?A)                 (?A) (?D) (?D) (?A) (?D) (?A) (?A) (?A) (?D) (E1U)                 (E1U) (A1G) Harris functional with IExCor=  402 diagonalized for initial guess. ExpMin= 5.57D-02 ExpMax= 1.40D+04 ExpMxC= 2.10D+03 IAcc=2 IRadAn=         4 AccDes= 0.00D+00 HarFok:  IExCor= 402 AccDes= 0.00D+00 IRadAn=         4 IDoV=1 ScaDFX=  1.000000  1.000000  1.000000  1.000000 Requested convergence on RMS density matrix=1.00D-08 within 128 cycles. Requested convergence on MAX density matrix=1.00D-06. Requested convergence on             energy=1.00D-06. No special actions if energy rises. Keep R1 integrals in memory in canonical form, NReq=   347899655. Integral accuracy reduced to 1.0D-05 until final iterations. Density matrix breaks symmetry, PCut= 1.00D-04 Density has only Abelian symmetry. Density matrix breaks symmetry, PCut= 1.00D-04 Density has only Abelian symmetry. Density matrix breaks symmetry, PCut= 1.00D-04 Density has only Abelian symmetry. Density matrix breaks symmetry, PCut= 1.00D-04 Density has only Abelian symmetry. Density matrix breaks symmetry, PCut= 1.00D-04 Density has only Abelian symmetry. Density matrix breaks symmetry, PCut= 1.00D-04 Density has only Abelian symmetry. Density matrix breaks symmetry, PCut= 1.00D-04 Density has only Abelian symmetry. Initial convergence to 1.0D-05 achieved.  Increase integral accuracy. Density matrix breaks symmetry, PCut= 1.00D-04 Density has only Abelian symmetry. Density matrix breaks symmetry, PCut= 1.00D-04 Density has only Abelian symmetry. Density matrix breaks symmetry, PCut= 1.00D-04 Density has only Abelian symmetry. Density matrix breaks symmetry, PCut= 1.00D-04 Density has only Abelian symmetry. Density matrix breaks symmetry, PCut= 1.00D-04 Density has only Abelian symmetry. Density matrix breaks symmetry, PCut= 1.00D-04 Density has only Abelian symmetry. Density matrix breaks symmetry, PCut= 1.00D-04 Density has only Abelian symmetry. Density matrix breaks symmetry, PCut= 1.00D-04 Density has only Abelian symmetry. Density matrix breaks symmetry, PCut= 1.00D-04 Density has only Abelian symmetry. SCF Done:  E(RB+HF-LYP) =  -2906.96207980     A.U. after   15 cycles             Convg  =    0.8729D-08             -V/T =  1.9986             S**2   =   0.0000 Density matrix has only Abelian symmetry. Density matrix has only Abelian symmetry. ***** Axes restored to original set *****<module cmlx:lineCount="18" cmlx:templateRef="forces"><list cmlx:templateRef="force"><list><scalar dataType="xsd:integer" dictRef="x:serial">1</scalar><scalar dataType="xsd:integer" dictRef="x:elementType">13</scalar><scalar dataType="xsd:double" dictRef="x:x3">-0.169142771</scalar><scalar dataType="xsd:double" dictRef="x:y3">0.0</scalar><scalar dataType="xsd:double" dictRef="x:z3">0.0</scalar></list><list><scalar dataType="xsd:integer" dictRef="x:serial">2</scalar><scalar dataType="xsd:integer" dictRef="x:elementType">13</scalar><scalar dataType="xsd:double" dictRef="x:x3">-0.176117661</scalar><scalar dataType="xsd:double" dictRef="x:y3">0.081829558</scalar><scalar dataType="xsd:double" dictRef="x:z3">0.0</scalar></list><list><scalar dataType="xsd:integer" dictRef="x:serial">3</scalar><scalar dataType="xsd:integer" dictRef="x:elementType">13</scalar><scalar dataType="xsd:double" dictRef="x:x3">-0.068218814</scalar><scalar dataType="xsd:double" dictRef="x:y3">0.153081037</scalar><scalar dataType="xsd:double" dictRef="x:z3">0.0</scalar></list><list><scalar dataType="xsd:integer" dictRef="x:serial">4</scalar><scalar dataType="xsd:integer" dictRef="x:elementType">13</scalar><scalar dataType="xsd:double" dictRef="x:x3">0.0</scalar><scalar dataType="xsd:double" dictRef="x:y3">0.195337191</scalar><scalar dataType="xsd:double" dictRef="x:z3">0.0</scalar></list><list><scalar dataType="xsd:integer" dictRef="x:serial">5</scalar><scalar dataType="xsd:integer" dictRef="x:elementType">13</scalar><scalar dataType="xsd:double" dictRef="x:x3">0.068218814</scalar><scalar dataType="xsd:double" dictRef="x:y3">0.153081037</scalar><scalar dataType="xsd:double" dictRef="x:z3">0.0</scalar></list><list><scalar dataType="xsd:integer" dictRef="x:serial">6</scalar><scalar dataType="xsd:integer" dictRef="x:elementType">13</scalar><scalar dataType="xsd:double" dictRef="x:x3">0.176117661</scalar><scalar dataType="xsd:double" dictRef="x:y3">0.081829558</scalar><scalar dataType="xsd:double" dictRef="x:z3">0.0</scalar></list><list><scalar dataType="xsd:integer" dictRef="x:serial">7</scalar><scalar dataType="xsd:integer" dictRef="x:elementType">13</scalar><scalar dataType="xsd:double" dictRef="x:x3">0.169142771</scalar><scalar dataType="xsd:double" dictRef="x:y3">0.0</scalar><scalar dataType="xsd:double" dictRef="x:z3">0.0</scalar></list><list><scalar dataType="xsd:integer" dictRef="x:serial">8</scalar><scalar dataType="xsd:integer" dictRef="x:elementType">13</scalar><scalar dataType="xsd:double" dictRef="x:x3">0.176117661</scalar><scalar dataType="xsd:double" dictRef="x:y3">-0.081829558</scalar><scalar dataType="xsd:double" dictRef="x:z3">0.0</scalar></list><list><scalar dataType="xsd:integer" dictRef="x:serial">9</scalar><scalar dataType="xsd:integer" dictRef="x:elementType">13</scalar><scalar dataType="xsd:double" dictRef="x:x3">0.068218814</scalar><scalar dataType="xsd:double" dictRef="x:y3">-0.153081037</scalar><scalar dataType="xsd:double" dictRef="x:z3">0.0</scalar></list><list><scalar dataType="xsd:integer" dictRef="x:serial">10</scalar><scalar dataType="xsd:integer" dictRef="x:elementType">13</scalar><scalar dataType="xsd:double" dictRef="x:x3">0.0</scalar><scalar dataType="xsd:double" dictRef="x:y3">-0.195337191</scalar><scalar dataType="xsd:double" dictRef="x:z3">0.0</scalar></list><list><scalar dataType="xsd:integer" dictRef="x:serial">11</scalar><scalar dataType="xsd:integer" dictRef="x:elementType">13</scalar><scalar dataType="xsd:double" dictRef="x:x3">-0.068218814</scalar><scalar dataType="xsd:double" dictRef="x:y3">-0.153081037</scalar><scalar dataType="xsd:double" dictRef="x:z3">0.0</scalar></list><list><scalar dataType="xsd:integer" dictRef="x:serial">12</scalar><scalar dataType="xsd:integer" dictRef="x:elementType">13</scalar><scalar dataType="xsd:double" dictRef="x:x3">-0.176117661</scalar><scalar dataType="xsd:double" dictRef="x:y3">-0.081829558</scalar><scalar dataType="xsd:double" dictRef="x:z3">0.0</scalar></list></list><list cmlx:templateRef="cartesianforce"><list><scalar dataType="xsd:double" dictRef="cc:maxforce">0.195337191</scalar><scalar dataType="xsd:double" dictRef="cc:rmsforce">0.104978339</scalar></list></list></module><module cmlx:lineCount="142" cmlx:templateRef="l103" xmlns:xi="http://www.w3.org/2001/XInclude"><list cmlx:templateRef="berny"><scalar dataType="xsd:string" dictRef="g:optimization">Internal  Forces:  Max     0.152093816 RMS     0.050884135</scalar></list> Search for a local minimum. Step number   8 out of a maximum of 100 All quantities printed in internal units (Hartrees-Bohrs-Radians) Update second derivatives using D2CorX and points  7  8 Maximum step size (   0.600) exceeded in linear search.    -- Step size scaled by   0.500 Quartic linear search produced a step of  1.00000. Iteration  1 RMS(Cart)=  0.04858636 RMS(Int)=  0.00008183 Iteration  2 RMS(Cart)=  0.00002253 RMS(Int)=  0.00007655 Iteration  3 RMS(Cart)=  0.00000000 RMS(Int)=  0.00007655<module cmlx:lineCount="122" cmlx:templateRef="l103.deltas"><list cmlx:lineCount="120" cmlx:templateRef="delta"><array dataType="xsd:string" dictRef="cc:variable" size="120">R1 R2 R3 R4 R5 R6 R7 R8 R9 R10 R11 R12 R13 R14 R15 R16 R17 R18 R19 R20 R21 R22 R23 R24 A1 A2 A3 A4 A5 A6 A7 A8 A9 A10 A11 A12 A13 A14 A15 A16 A17 A18 A19 A20 A21 A22 A23 A24 A25 A26 A27 A28 A29 A30 A31 A32 A33 A34 A35 A36 D1 D2 D3 D4 D5 D6 D7 D8 D9 D10 D11 D12 D13 D14 D15 D16 D17 D18 D19 D20 D21 D22 D23 D24 D25 D26 D27 D28 D29 D30 D31 D32 D33 D34 D35 D36 D37 D38 D39 D40 D41 D42 D43 D44 D45 D46 D47 D48 D49 D50 D51 D52 D53 D54 D55 D56 D57 D58 D59 D60</array><array dataType="xsd:double" dictRef="g:lastval" size="120">3.30137 6.34591 6.34591 3.30137 3.30137 6.40755 6.40755 3.30137 6.34591 3.30137 6.40755 3.30137 6.34591 3.30137 6.40755 3.30137 6.34591 3.30137 6.40755 3.30137 6.34591 3.30137 6.40755 3.30137 2.37423 2.0944 2.37423 2.33816 2.33816 2.0944 2.37423 2.0944 2.37423 2.33816 2.0944 2.33816 2.37423 2.0944 2.37423 2.33816 2.0944 2.33816 2.37423 2.0944 2.37423 2.33816 2.0944 2.33816 2.37423 2.0944 2.37423 2.33816 2.0944 2.33816 2.0944 2.37423 2.37423 2.33816 2.0944 2.33816 0.0 0.0 0.0 0.0 0.0 0.0 0.0 0.0 0.0 0.0 0.0 0.0 0.0 0.0 0.0 0.0 0.0 0.0 0.0 0.0 0.0 0.0 0.0 0.0 0.0 0.0 0.0 0.0 0.0 0.0 0.0 0.0 0.0 0.0 0.0 0.0 0.0 0.0 0.0 0.0 0.0 0.0 0.0 0.0 0.0 0.0 0.0 0.0 0.0 0.0 0.0 0.0 0.0 0.0 0.0 0.0 0.0 0.0 0.0 0.0</array><array dataType="xsd:double" dictRef="cc:deriv" size="120">0.07073 0.13885 0.13885 0.07073 0.0806 0.15209 0.14326 0.07064 0.12993 0.07064 0.15209 0.0806 0.13885 0.07073 0.14326 0.07073 0.13885 0.0806 0.15209 0.07064 0.12993 0.07064 0.15209 0.0806 0.00346 -5.8E-4 0.00346 -0.00351 -0.00348 2.4E-4 0.0035 2.9E-4 0.00348 -0.00345 -4.8E-4 -0.00345 0.00348 2.9E-4 0.0035 -0.00351 2.4E-4 -0.00348 0.00346 -5.8E-4 0.00346 -0.00348 2.4E-4 -0.00351 0.0035 2.9E-4 0.00348 -0.00345 -4.8E-4 -0.00345 2.9E-4 0.0035 0.00348 -0.00351 2.4E-4 -0.00348 0.0 0.0 0.0 0.0 0.0 0.0 0.0 0.0 0.0 0.0 0.0 0.0 0.0 0.0 0.0 0.0 0.0 0.0 0.0 0.0 0.0 0.0 0.0 0.0 0.0 0.0 0.0 0.0 0.0 0.0 0.0 0.0 0.0 0.0 0.0 0.0 0.0 0.0 0.0 0.0 0.0 0.0 0.0 0.0 0.0 0.0 0.0 0.0 0.0 0.0 0.0 0.0 0.0 0.0 0.0 0.0 0.0 0.0 0.0 0.0</array><array dataType="xsd:double" dictRef="cc:delta.linear" size="120">0.07967 0.14517 0.14517 0.07967 0.07967 0.16171 0.16171 0.07967 0.14517 0.07967 0.16171 0.07967 0.14517 0.07967 0.16171 0.07967 0.14517 0.07967 0.16171 0.07967 0.14517 0.07967 0.16171 0.07967 0.00451 0.0 0.00451 -0.00451 -0.00451 0.0 0.00451 0.0 0.00451 -0.00451 0.0 -0.00451 0.00451 0.0 0.00451 -0.00451 0.0 -0.00451 0.00451 0.0 0.00451 -0.00451 0.0 -0.00451 0.00451 0.0 0.00451 -0.00451 0.0 -0.00451 0.0 0.00451 0.00451 -0.00451 0.0 -0.00451 0.0 0.0 0.0 0.0 0.0 0.0 0.0 0.0 0.0 0.0 0.0 0.0 0.0 0.0 0.0 0.0 0.0 0.0 0.0 0.0 0.0 0.0 0.0 0.0 0.0 0.0 0.0 0.0 0.0 0.0 0.0 0.0 0.0 0.0 0.0 0.0 0.0 0.0 0.0 0.0 0.0 0.0 0.0 0.0 0.0 0.0 0.0 0.0 0.0 0.0 0.0 0.0 0.0 0.0 0.0 0.0 0.0 0.0 0.0 0.0</array><array dataType="xsd:double" dictRef="cc:delta.quad" size="120">0.0 0.0 0.0 0.0 0.0 0.0 0.0 0.0 0.0 0.0 0.0 0.0 0.0 0.0 0.0 0.0 0.0 0.0 0.0 0.0 0.0 0.0 0.0 0.0 0.0 0.0 0.0 0.0 0.0 0.0 0.0 0.0 0.0 0.0 0.0 0.0 0.0 0.0 0.0 0.0 0.0 0.0 0.0 0.0 0.0 0.0 0.0 0.0 0.0 0.0 0.0 0.0 0.0 0.0 0.0 0.0 0.0 0.0 0.0 0.0 0.0 0.0 0.0 0.0 0.0 0.0 0.0 0.0 0.0 0.0 0.0 0.0 0.0 0.0 0.0 0.0 0.0 0.0 0.0 0.0 0.0 0.0 0.0 0.0 0.0 0.0 0.0 0.0 0.0 0.0 0.0 0.0 0.0 0.0 0.0 0.0 0.0 0.0 0.0 0.0 0.0 0.0 0.0 0.0 0.0 0.0 0.0 0.0 0.0 0.0 0.0 0.0 0.0 0.0 0.0 0.0 0.0 0.0 0.0 0.0</array><array dataType="xsd:double" dictRef="cc:delta.total" size="120">0.07972 0.145 0.145 0.07972 0.07972 0.16182 0.16182 0.07972 0.145 0.07972 0.16182 0.07972 0.145 0.07972 0.16182 0.07972 0.145 0.07972 0.16182 0.07972 0.145 0.07972 0.16182 0.07972 0.00438 0.0 0.00438 -0.00438 -0.00438 0.0 0.00438 0.0 0.00438 -0.00438 0.0 -0.00438 0.00438 0.0 0.00438 -0.00438 0.0 -0.00438 0.00438 0.0 0.00438 -0.00438 0.0 -0.00438 0.00438 0.0 0.00438 -0.00438 0.0 -0.00438 0.0 0.00438 0.00438 -0.00438 0.0 -0.00438 0.0 0.0 0.0 0.0 0.0 0.0 0.0 0.0 0.0 0.0 0.0 0.0 0.0 0.0 0.0 0.0 0.0 0.0 0.0 0.0 0.0 0.0 0.0 0.0 0.0 0.0 0.0 0.0 0.0 0.0 0.0 0.0 0.0 0.0 0.0 0.0 0.0 0.0 0.0 0.0 0.0 0.0 0.0 0.0 0.0 0.0 0.0 0.0 0.0 0.0 0.0 0.0 0.0 0.0 0.0 0.0 0.0 0.0 0.0 0.0</array><array dataType="xsd:double" dictRef="cc:newval" size="120">3.3811 6.49091 6.49091 3.3811 3.3811 6.56937 6.56937 3.3811 6.49091 3.3811 6.56937 3.3811 6.49091 3.3811 6.56937 3.3811 6.49091 3.3811 6.56937 3.3811 6.49091 3.3811 6.56937 3.3811 2.37861 2.0944 2.37861 2.33378 2.33378 2.0944 2.37861 2.0944 2.37861 2.33378 2.0944 2.33378 2.37861 2.0944 2.37861 2.33378 2.0944 2.33378 2.37861 2.0944 2.37861 2.33378 2.0944 2.33378 2.37861 2.0944 2.37861 2.33378 2.0944 2.33378 2.0944 2.37861 2.37861 2.33378 2.0944 2.33378 0.0 0.0 0.0 0.0 0.0 0.0 0.0 0.0 0.0 0.0 0.0 0.0 0.0 0.0 0.0 0.0 0.0 0.0 0.0 0.0 0.0 0.0 0.0 0.0 0.0 0.0 0.0 0.0 0.0 0.0 0.0 0.0 0.0 0.0 0.0 0.0 0.0 0.0 0.0 0.0 0.0 0.0 0.0 0.0 0.0 0.0 0.0 0.0 0.0 0.0 0.0 0.0 0.0 0.0 0.0 0.0 0.0 0.0 0.0 0.0</array></list></module><module cmlx:lineCount="5" cmlx:templateRef="l103.itemconverge"><list cmlx:lineCount="4" cmlx:templateRef="components"><array dataType="xsd:string" dictRef="g:itemconverge"/><array dataType="xsd:double" dictRef="x:value" size="4">4.5E-4 3.0E-4 0.0018 0.0012</array><array dataType="xsd:double" dictRef="x:threshold" size="4">0.0 0.0 0.0 0.0</array><array dataType="xsd:string" dictRef="g:converged" size="4">NO NO NO NO</array></list></module> Predicted change in Energy=-3.101362D-01 GradGradGradGradGradGradGradGradGradGradGradGradGradGradGradGradGradGrad</module><module cmlx:lineCount="18" cmlx:templateRef="l202.orient"><list cmlx:templateRef="type"><scalar dataType="xsd:string" dictRef="g:type">Input</scalar></list><list cmlx:lineCount="12" cmlx:templateRef="atom"><array dataType="xsd:integer" dictRef="cc:serial" size="12">1 2 3 4 5 6 7 8 9 10 11 12</array><array dataType="xsd:integer" dictRef="cc:elementType" size="12">13 13 13 13 13 13 13 13 13 13 13 13</array><array dataType="xsd:integer" dictRef="g:atomicType" size="12">0 0 0 0 0 0 0 0 0 0 0 0</array><array dataType="xsd:double" dictRef="cc:x3" size="12">-3.434841 -3.010617 -1.717421 0.0 1.717421 3.010617 3.434841 3.010617 1.717421 0.0 -1.717421 -3.010617</array><array dataType="xsd:double" dictRef="cc:y3" size="12">0.0 1.738181 2.97466 3.476361 2.97466 1.738181 0.0 -1.738181 -2.97466 -3.476361 -2.97466 -1.738181</array><array dataType="xsd:double" dictRef="cc:z3" size="12">0.0 0.0 0.0 0.0 0.0 0.0 0.0 0.0 0.0 0.0 0.0 0.0</array></list></module><module cmlx:lineCount="14" cmlx:templateRef="l202.distmat"><list cmlx:templateRef="atom"><list><scalar dataType="xsd:integer" dictRef="cc:serial">1</scalar><scalar dataType="xsd:string" dictRef="cc:elementType">Al</scalar><scalar dataType="xsd:string" dictRef="cc:distances">0.000000</scalar></list><list><scalar dataType="xsd:integer" dictRef="cc:serial">2</scalar><scalar dataType="xsd:string" dictRef="cc:elementType">Al</scalar><scalar dataType="xsd:string" dictRef="cc:distances">1.789200   0.000000</scalar></list><list><scalar dataType="xsd:integer" dictRef="cc:serial">3</scalar><scalar dataType="xsd:string" dictRef="cc:elementType">Al</scalar><scalar dataType="xsd:string" dictRef="cc:distances">3.434841   1.789200   0.000000</scalar></list><list><scalar dataType="xsd:integer" dictRef="cc:serial">4</scalar><scalar dataType="xsd:string" dictRef="cc:elementType">Al</scalar><scalar dataType="xsd:string" dictRef="cc:distances">4.887046   3.476361   1.789200   0.000000</scalar></list><list><scalar dataType="xsd:integer" dictRef="cc:serial">5</scalar><scalar dataType="xsd:string" dictRef="cc:elementType">Al</scalar><scalar dataType="xsd:string" dictRef="cc:distances">5.949319   4.887046   3.434841   1.789200   0.000000</scalar></list><list><scalar dataType="xsd:integer" dictRef="cc:serial">6</scalar><scalar dataType="xsd:string" dictRef="cc:elementType">Al</scalar><scalar dataType="xsd:string" dictRef="cc:distances">6.675717   6.021234   4.887046   3.476361   1.789200</scalar></list><list><scalar dataType="xsd:integer" dictRef="cc:serial">7</scalar><scalar dataType="xsd:string" dictRef="cc:elementType">Al</scalar><scalar dataType="xsd:string" dictRef="cc:distances">6.869682   6.675717   5.949319   4.887046   3.434841</scalar></list><list><scalar dataType="xsd:integer" dictRef="cc:serial">8</scalar><scalar dataType="xsd:string" dictRef="cc:elementType">Al</scalar><scalar dataType="xsd:string" dictRef="cc:distances">6.675717   6.952723   6.675717   6.021234   4.887046</scalar></list><list><scalar dataType="xsd:integer" dictRef="cc:serial">9</scalar><scalar dataType="xsd:string" dictRef="cc:elementType">Al</scalar><scalar dataType="xsd:string" dictRef="cc:distances">5.949319   6.675717   6.869682   6.675717   5.949319</scalar></list><list><scalar dataType="xsd:integer" dictRef="cc:serial">10</scalar><scalar dataType="xsd:string" dictRef="cc:elementType">Al</scalar><scalar dataType="xsd:string" dictRef="cc:distances">4.887046   6.021234   6.675717   6.952723   6.675717</scalar></list><list><scalar dataType="xsd:integer" dictRef="cc:serial">11</scalar><scalar dataType="xsd:string" dictRef="cc:elementType">Al</scalar><scalar dataType="xsd:string" dictRef="cc:distances">3.434841   4.887046   5.949319   6.675717   6.869682</scalar></list><list><scalar dataType="xsd:integer" dictRef="cc:serial">12</scalar><scalar dataType="xsd:string" dictRef="cc:elementType">Al</scalar><scalar dataType="xsd:string" dictRef="cc:distances">1.789200   3.476361   4.887046   6.021234   6.675717</scalar></list></list></module>                    6          7          8          9         10     6  Al   0.000000     7  Al   1.789200   0.000000     8  Al   3.476361   1.789200   0.000000     9  Al   4.887046   3.434841   1.789200   0.000000    10  Al   6.021234   4.887046   3.476361   1.789200   0.000000    11  Al   6.675717   5.949319   4.887046   3.434841   1.789200    12  Al   6.952723   6.675717   6.021234   4.887046   3.476361                   11         12    11  Al   0.000000    12  Al   1.789200   0.000000<module cmlx:lineCount="6" cmlx:templateRef="l202.stoich"><list cmlx:templateRef="stoich"><scalar dataType="xsd:string" dictRef="cc:formula">Al12</scalar></list><list cmlx:templateRef="framework"><scalar dataType="xsd:string" dictRef="cc:frameworkgroup">D6H[3C2'(Al.Al),3C2"(Al.Al)]</scalar></list> Full point group                 D6H Largest Abelian subgroup         D2H     NOp   8 Largest concise Abelian subgroup D2      NOp   4</module><module cmlx:lineCount="18" cmlx:templateRef="l202.orient"><list cmlx:templateRef="type"><scalar dataType="xsd:string" dictRef="g:type">Standard</scalar></list><list cmlx:lineCount="12" cmlx:templateRef="atom"><array dataType="xsd:integer" dictRef="cc:serial" size="12">1 2 3 4 5 6 7 8 9 10 11 12</array><array dataType="xsd:integer" dictRef="cc:elementType" size="12">13 13 13 13 13 13 13 13 13 13 13 13</array><array dataType="xsd:integer" dictRef="g:atomicType" size="12">0 0 0 0 0 0 0 0 0 0 0 0</array><array dataType="xsd:double" dictRef="cc:x3" size="12">0.0 1.738181 2.97466 3.476361 2.97466 1.738181 0.0 -1.738181 -2.97466 -3.476361 -2.97466 -1.738181</array><array dataType="xsd:double" dictRef="cc:y3" size="12">3.434841 3.010617 1.717421 0.0 -1.717421 -3.010617 -3.434841 -3.010617 -1.717421 0.0 1.717421 3.010617</array><array dataType="xsd:double" dictRef="cc:z3" size="12">0.0 0.0 0.0 0.0 0.0 0.0 0.0 0.0 0.0 0.0 0.0 0.0</array></list></module><module cmlx:lineCount="1" cmlx:templateRef="l202.rotconst"/><module cmlx:lineCount="16" cmlx:templateRef="l301.basis"><list cmlx:templateRef="basis"><list><scalar dataType="xsd:string" dictRef="cc:basis">6-31G(d)</scalar><scalar dataType="xsd:string" dictRef="cc:diffuse">(6D, 7F)</scalar></list></list><list cmlx:templateRef="symmadapt"><list><scalar dataType="xsd:integer" dictRef="cc:adapted">48</scalar><scalar dataType="xsd:string" dictRef="cc:symm">AG</scalar></list><list><scalar dataType="xsd:integer" dictRef="cc:adapted">36</scalar><scalar dataType="xsd:string" dictRef="cc:symm">B1G</scalar></list><list><scalar dataType="xsd:integer" dictRef="cc:adapted">15</scalar><scalar dataType="xsd:string" dictRef="cc:symm">B2G</scalar></list><list><scalar dataType="xsd:integer" dictRef="cc:adapted">15</scalar><scalar dataType="xsd:string" dictRef="cc:symm">B3G</scalar></list><list><scalar dataType="xsd:integer" dictRef="cc:adapted">12</scalar><scalar dataType="xsd:string" dictRef="cc:symm">AU</scalar></list><list><scalar dataType="xsd:integer" dictRef="cc:adapted">18</scalar><scalar dataType="xsd:string" dictRef="cc:symm">B1U</scalar></list><list><scalar dataType="xsd:integer" dictRef="cc:adapted">42</scalar><scalar dataType="xsd:string" dictRef="cc:symm">B2U</scalar></list><list><scalar dataType="xsd:integer" dictRef="cc:adapted">42</scalar><scalar dataType="xsd:string" dictRef="cc:symm">B3U</scalar></list></list><list cmlx:templateRef="buffer"><scalar dataType="xsd:integer" dictRef="g:buffer">131072</scalar></list><list cmlx:templateRef="raff"><scalar dataType="xsd:string" dictRef="g:raffenetti">Raffenetti</scalar></list><list cmlx:templateRef="twoe"><scalar dataType="xsd:string" dictRef="g:twoe">Two-electron</scalar></list><list cmlx:templateRef="basiscount"><list><scalar dataType="xsd:integer" dictRef="cc:basiscount">228</scalar><scalar dataType="xsd:integer" dictRef="g:primbasis">624</scalar><scalar dataType="xsd:integer" dictRef="cc:cartesianbasis">228</scalar></list></list><list cmlx:templateRef="alphabeta"><list><scalar dataType="xsd:integer" dictRef="cc:alphae">78</scalar><scalar dataType="xsd:integer" dictRef="cc:betae">78</scalar></list></list> NAtoms=   12 NActive=   12 NUniq=    2 SFac= 3.00D+00 NAtFMM=   80 NAOKFM=F Big=F</module><module cmlx:lineCount="1" cmlx:templateRef="l302.basis"><list cmlx:templateRef="onee"><scalar dataType="xsd:string" dictRef="g:onee">One-electron integrals</scalar></list></module> NBasis=   228 RedAO= T  NBF=    48    36    15    15    12    18    42    42 NBsUse=   228 1.00D-06 NBFU=    48    36    15    15    12    18    42    42 Initial guess read from the read-write file:<module cmlx:lineCount="1" cmlx:templateRef="l401.orbsym"><list cmlx:templateRef="l401"><scalar dataType="xsd:string" dictRef="g:l401">Initial guess orbital symmetries:</scalar></list></module>       Occupied  (?A) (?B) (?B) (?A) (?B) (?A) (?B) (?A) (?A) (?B)                 (?A) (?B) (?A) (?B) (?B) (?A) (?A) (?B) (?B) (?A)                 (?A) (?B) (?B) (?A) (?C) (?C) (?C) (?C) (?C) (?C)                 (?C) (?C) (?C) (?C) (?C) (?C) (?D) (?D) (?D) (?D)                 (?C) (?C) (?C) (?D) (?C) (?D) (?D) (?D) (?C) (?C)                 (?C) (?C) (?C) (?C) (?C) (?C) (?D) (?D) (?D) (?D)                 (?D) (B2G) (B2G) (?D) (?D) (B2G) (B2G) (?D) (?D)                 (?D) (?D) (?D) (?D) (B2G) (B2G) (B2G) (B2G) (?D)       Virtual   (?D) (?D) (?D) (?D) (?D) (?D) (B2G) (B2G) (?D)                 (?D) (?D) (?D) (?D) (?D) (B2G) (B2G) (B2G) (B2G)                 (?D) (?D) (?D) (?D) (?D) (?D) (B2G) (B2G) (B2G)                 (B2G) (?D) (?D) (?D) (?D) (?D) (?D) (?D) (B2G)                 (B2G) (?D) (?D) (?D) (?D) (?D) (?D) (?D) (?D)                 (B2G) (B2G) (B2G) (B2G) (?D) (?D) (?D) (?D) (?D)                 (?D) (?D) (B2G) (B2G) (?D) (?D) (B2G) (B2G) (?D)                 (?D) (B2G) (B2G) (?D) (?D) (?D) (?D) (?D) (?D)                 (?D) (?D) (?D) (?D) (?D) (?D) (B2G) (B2G) (B2G)                 (B2G) (?D) (?D) (B2G) (B2G) (?D) (?D) (?D) (?D)                 (?D) (?D) (?D) (B2G) (B2G) (?D) (B2G) (B2G) (B2G)                 (B2G) (?D) (?D) (?D) (?D) (?D) (?D) (?D) (?D)                 (?D) (?D) (?D) (B2G) (B2G) (B2G) (?D) (B2G) (?D)                 (?D) (B2G) (?D) (B2G) (?D) (?D) (?D) (?D) (A1U)                 (?C) (?C) (?D) (?D) (?D) (?D) (?C) (?C) (?D) (?C)                 (?C) (?A) (?A) (?A) (?A) (?C) (?C) (?C) (?A) (?C)                 (?A) (?C) (?C) (A1G) Harris functional with IExCor=  402 diagonalized for initial guess. ExpMin= 5.57D-02 ExpMax= 1.40D+04 ExpMxC= 2.10D+03 IAcc=2 IRadAn=         4 AccDes= 0.00D+00 HarFok:  IExCor= 402 AccDes= 0.00D+00 IRadAn=         4 IDoV=1 ScaDFX=  1.000000  1.000000  1.000000  1.000000 Requested convergence on RMS density matrix=1.00D-08 within 128 cycles. Requested convergence on MAX density matrix=1.00D-06. Requested convergence on             energy=1.00D-06. No special actions if energy rises. Keep R1 integrals in memory in canonical form, NReq=   347900531. Integral accuracy reduced to 1.0D-05 until final iterations. Density matrix breaks symmetry, PCut= 1.00D-04 Density has only Abelian symmetry. Density matrix breaks symmetry, PCut= 1.00D-04 Density has only Abelian symmetry. Density matrix breaks symmetry, PCut= 1.00D-04 Density has only Abelian symmetry. Density matrix breaks symmetry, PCut= 1.00D-04 Density has only Abelian symmetry. Density matrix breaks symmetry, PCut= 1.00D-04 Density has only Abelian symmetry. Density matrix breaks symmetry, PCut= 1.00D-04 Density has only Abelian symmetry. Density matrix breaks symmetry, PCut= 1.00D-04 Density has only Abelian symmetry. Initial convergence to 1.0D-05 achieved.  Increase integral accuracy. Density matrix breaks symmetry, PCut= 1.00D-04 Density has only Abelian symmetry. Density matrix breaks symmetry, PCut= 1.00D-04 Density has only Abelian symmetry. Density matrix breaks symmetry, PCut= 1.00D-04 Density has only Abelian symmetry. Density matrix breaks symmetry, PCut= 1.00D-04 Density has only Abelian symmetry. Density matrix breaks symmetry, PCut= 1.00D-04 Density has only Abelian symmetry. Density matrix breaks symmetry, PCut= 1.00D-04 Density has only Abelian symmetry. Density matrix breaks symmetry, PCut= 1.00D-04 Density has only Abelian symmetry. Density matrix breaks symmetry, PCut= 1.00D-04 Density has only Abelian symmetry. Density matrix breaks symmetry, PCut= 1.00D-04 Density has only Abelian symmetry. SCF Done:  E(RB+HF-LYP) =  -2907.27420837     A.U. after   15 cycles             Convg  =    0.5920D-08             -V/T =  1.9992             S**2   =   0.0000 Density matrix has only Abelian symmetry. Density matrix has only Abelian symmetry. ***** Axes restored to original set *****<module cmlx:lineCount="18" cmlx:templateRef="forces"><list cmlx:templateRef="force"><list><scalar dataType="xsd:integer" dictRef="x:serial">1</scalar><scalar dataType="xsd:integer" dictRef="x:elementType">13</scalar><scalar dataType="xsd:double" dictRef="x:x3">-0.144455559</scalar><scalar dataType="xsd:double" dictRef="x:y3">0.0</scalar><scalar dataType="xsd:double" dictRef="x:z3">0.0</scalar></list><list><scalar dataType="xsd:integer" dictRef="x:serial">2</scalar><scalar dataType="xsd:integer" dictRef="x:elementType">13</scalar><scalar dataType="xsd:double" dictRef="x:x3">-0.156136075</scalar><scalar dataType="xsd:double" dictRef="x:y3">0.071396357</scalar><scalar dataType="xsd:double" dictRef="x:z3">0.0</scalar></list><list><scalar dataType="xsd:integer" dictRef="x:serial">3</scalar><scalar dataType="xsd:integer" dictRef="x:elementType">13</scalar><scalar dataType="xsd:double" dictRef="x:x3">-0.056793873</scalar><scalar dataType="xsd:double" dictRef="x:y3">0.131478471</scalar><scalar dataType="xsd:double" dictRef="x:z3">0.0</scalar></list><list><scalar dataType="xsd:integer" dictRef="x:serial">4</scalar><scalar dataType="xsd:integer" dictRef="x:elementType">13</scalar><scalar dataType="xsd:double" dictRef="x:x3">0.0</scalar><scalar dataType="xsd:double" dictRef="x:y3">0.172447136</scalar><scalar dataType="xsd:double" dictRef="x:z3">0.0</scalar></list><list><scalar dataType="xsd:integer" dictRef="x:serial">5</scalar><scalar dataType="xsd:integer" dictRef="x:elementType">13</scalar><scalar dataType="xsd:double" dictRef="x:x3">0.056793873</scalar><scalar dataType="xsd:double" dictRef="x:y3">0.131478471</scalar><scalar dataType="xsd:double" dictRef="x:z3">0.0</scalar></list><list><scalar dataType="xsd:integer" dictRef="x:serial">6</scalar><scalar dataType="xsd:integer" dictRef="x:elementType">13</scalar><scalar dataType="xsd:double" dictRef="x:x3">0.156136075</scalar><scalar dataType="xsd:double" dictRef="x:y3">0.071396357</scalar><scalar dataType="xsd:double" dictRef="x:z3">0.0</scalar></list><list><scalar dataType="xsd:integer" dictRef="x:serial">7</scalar><scalar dataType="xsd:integer" dictRef="x:elementType">13</scalar><scalar dataType="xsd:double" dictRef="x:x3">0.144455559</scalar><scalar dataType="xsd:double" dictRef="x:y3">0.0</scalar><scalar dataType="xsd:double" dictRef="x:z3">0.0</scalar></list><list><scalar dataType="xsd:integer" dictRef="x:serial">8</scalar><scalar dataType="xsd:integer" dictRef="x:elementType">13</scalar><scalar dataType="xsd:double" dictRef="x:x3">0.156136075</scalar><scalar dataType="xsd:double" dictRef="x:y3">-0.071396357</scalar><scalar dataType="xsd:double" dictRef="x:z3">0.0</scalar></list><list><scalar dataType="xsd:integer" dictRef="x:serial">9</scalar><scalar dataType="xsd:integer" dictRef="x:elementType">13</scalar><scalar dataType="xsd:double" dictRef="x:x3">0.056793873</scalar><scalar dataType="xsd:double" dictRef="x:y3">-0.131478471</scalar><scalar dataType="xsd:double" dictRef="x:z3">0.0</scalar></list><list><scalar dataType="xsd:integer" dictRef="x:serial">10</scalar><scalar dataType="xsd:integer" dictRef="x:elementType">13</scalar><scalar dataType="xsd:double" dictRef="x:x3">0.0</scalar><scalar dataType="xsd:double" dictRef="x:y3">-0.172447136</scalar><scalar dataType="xsd:double" dictRef="x:z3">0.0</scalar></list><list><scalar dataType="xsd:integer" dictRef="x:serial">11</scalar><scalar dataType="xsd:integer" dictRef="x:elementType">13</scalar><scalar dataType="xsd:double" dictRef="x:x3">-0.056793873</scalar><scalar dataType="xsd:double" dictRef="x:y3">-0.131478471</scalar><scalar dataType="xsd:double" dictRef="x:z3">0.0</scalar></list><list><scalar dataType="xsd:integer" dictRef="x:serial">12</scalar><scalar dataType="xsd:integer" dictRef="x:elementType">13</scalar><scalar dataType="xsd:double" dictRef="x:x3">-0.156136075</scalar><scalar dataType="xsd:double" dictRef="x:y3">-0.071396357</scalar><scalar dataType="xsd:double" dictRef="x:z3">0.0</scalar></list></list><list cmlx:templateRef="cartesianforce"><list><scalar dataType="xsd:double" dictRef="cc:maxforce">0.172447136</scalar><scalar dataType="xsd:double" dictRef="cc:rmsforce">0.091463871</scalar></list></list></module><module cmlx:lineCount="142" cmlx:templateRef="l103" xmlns:xi="http://www.w3.org/2001/XInclude"><list cmlx:templateRef="berny"><scalar dataType="xsd:string" dictRef="g:optimization">Internal  Forces:  Max     0.133870856 RMS     0.044288805</scalar></list> Search for a local minimum. Step number   9 out of a maximum of 100 All quantities printed in internal units (Hartrees-Bohrs-Radians) Update second derivatives using D2CorX and points  8  9 Maximum step size (   0.600) exceeded in linear search.    -- Step size scaled by   0.500 Quartic linear search produced a step of  1.00000. Iteration  1 RMS(Cart)=  0.04857970 RMS(Int)=  0.00007828 Iteration  2 RMS(Cart)=  0.00002124 RMS(Int)=  0.00007347 Iteration  3 RMS(Cart)=  0.00000000 RMS(Int)=  0.00007347<module cmlx:lineCount="122" cmlx:templateRef="l103.deltas"><list cmlx:lineCount="120" cmlx:templateRef="delta"><array dataType="xsd:string" dictRef="cc:variable" size="120">R1 R2 R3 R4 R5 R6 R7 R8 R9 R10 R11 R12 R13 R14 R15 R16 R17 R18 R19 R20 R21 R22 R23 R24 A1 A2 A3 A4 A5 A6 A7 A8 A9 A10 A11 A12 A13 A14 A15 A16 A17 A18 A19 A20 A21 A22 A23 A24 A25 A26 A27 A28 A29 A30 A31 A32 A33 A34 A35 A36 D1 D2 D3 D4 D5 D6 D7 D8 D9 D10 D11 D12 D13 D14 D15 D16 D17 D18 D19 D20 D21 D22 D23 D24 D25 D26 D27 D28 D29 D30 D31 D32 D33 D34 D35 D36 D37 D38 D39 D40 D41 D42 D43 D44 D45 D46 D47 D48 D49 D50 D51 D52 D53 D54 D55 D56 D57 D58 D59 D60</array><array dataType="xsd:double" dictRef="g:lastval" size="120">3.3811 6.49091 6.49091 3.3811 3.3811 6.56937 6.56937 3.3811 6.49091 3.3811 6.56937 3.3811 6.49091 3.3811 6.56937 3.3811 6.49091 3.3811 6.56937 3.3811 6.49091 3.3811 6.56937 3.3811 2.37861 2.0944 2.37861 2.33378 2.33378 2.0944 2.37861 2.0944 2.37861 2.33378 2.0944 2.33378 2.37861 2.0944 2.37861 2.33378 2.0944 2.33378 2.37861 2.0944 2.37861 2.33378 2.0944 2.33378 2.37861 2.0944 2.37861 2.33378 2.0944 2.33378 2.0944 2.37861 2.37861 2.33378 2.0944 2.33378 0.0 0.0 0.0 0.0 0.0 0.0 0.0 0.0 0.0 0.0 0.0 0.0 0.0 0.0 0.0 0.0 0.0 0.0 0.0 0.0 0.0 0.0 0.0 0.0 0.0 0.0 0.0 0.0 0.0 0.0 0.0 0.0 0.0 0.0 0.0 0.0 0.0 0.0 0.0 0.0 0.0 0.0 0.0 0.0 0.0 0.0 0.0 0.0 0.0 0.0 0.0 0.0 0.0 0.0 0.0 0.0 0.0 0.0 0.0 0.0</array><array dataType="xsd:double" dictRef="cc:deriv" size="120">0.06134 0.11948 0.11948 0.06134 0.07072 0.13387 0.12556 0.06123 0.11109 0.06123 0.13387 0.07072 0.11948 0.06134 0.12556 0.06134 0.11948 0.07072 0.13387 0.06123 0.11109 0.06123 0.13387 0.07072 0.00372 -5.2E-4 0.00372 -0.00378 -0.00369 2.0E-4 0.00367 2.6E-4 0.00369 -0.0036 -4.0E-4 -0.0036 0.00369 2.6E-4 0.00367 -0.00378 2.0E-4 -0.00369 0.00372 -5.2E-4 0.00372 -0.00369 2.0E-4 -0.00378 0.00367 2.6E-4 0.00369 -0.0036 -4.0E-4 -0.0036 2.6E-4 0.00367 0.00369 -0.00378 2.0E-4 -0.00369 0.0 0.0 0.0 0.0 0.0 0.0 0.0 0.0 0.0 0.0 0.0 0.0 0.0 0.0 0.0 0.0 0.0 0.0 0.0 0.0 0.0 0.0 0.0 0.0 0.0 0.0 0.0 0.0 0.0 0.0 0.0 0.0 0.0 0.0 0.0 0.0 0.0 0.0 0.0 0.0 0.0 0.0 0.0 0.0 0.0 0.0 0.0 0.0 0.0 0.0 0.0 0.0 0.0 0.0 0.0 0.0 0.0 0.0 0.0 0.0</array><array dataType="xsd:double" dictRef="cc:delta.linear" size="120">0.07972 0.145 0.145 0.07972 0.07972 0.16182 0.16182 0.07972 0.145 0.07972 0.16182 0.07972 0.145 0.07972 0.16182 0.07972 0.145 0.07972 0.16182 0.07972 0.145 0.07972 0.16182 0.07972 0.00438 0.0 0.00438 -0.00438 -0.00438 0.0 0.00438 0.0 0.00438 -0.00438 0.0 -0.00438 0.00438 0.0 0.00438 -0.00438 0.0 -0.00438 0.00438 0.0 0.00438 -0.00438 0.0 -0.00438 0.00438 0.0 0.00438 -0.00438 0.0 -0.00438 0.0 0.00438 0.00438 -0.00438 0.0 -0.00438 0.0 0.0 0.0 0.0 0.0 0.0 0.0 0.0 0.0 0.0 0.0 0.0 0.0 0.0 0.0 0.0 0.0 0.0 0.0 0.0 0.0 0.0 0.0 0.0 0.0 0.0 0.0 0.0 0.0 0.0 0.0 0.0 0.0 0.0 0.0 0.0 0.0 0.0 0.0 0.0 0.0 0.0 0.0 0.0 0.0 0.0 0.0 0.0 0.0 0.0 0.0 0.0 0.0 0.0 0.0 0.0 0.0 0.0 0.0 0.0</array><array dataType="xsd:double" dictRef="cc:delta.quad" size="120">0.0 0.0 0.0 0.0 0.0 0.0 0.0 0.0 0.0 0.0 0.0 0.0 0.0 0.0 0.0 0.0 0.0 0.0 0.0 0.0 0.0 0.0 0.0 0.0 0.0 0.0 0.0 0.0 0.0 0.0 0.0 0.0 0.0 0.0 0.0 0.0 0.0 0.0 0.0 0.0 0.0 0.0 0.0 0.0 0.0 0.0 0.0 0.0 0.0 0.0 0.0 0.0 0.0 0.0 0.0 0.0 0.0 0.0 0.0 0.0 0.0 0.0 0.0 0.0 0.0 0.0 0.0 0.0 0.0 0.0 0.0 0.0 0.0 0.0 0.0 0.0 0.0 0.0 0.0 0.0 0.0 0.0 0.0 0.0 0.0 0.0 0.0 0.0 0.0 0.0 0.0 0.0 0.0 0.0 0.0 0.0 0.0 0.0 0.0 0.0 0.0 0.0 0.0 0.0 0.0 0.0 0.0 0.0 0.0 0.0 0.0 0.0 0.0 0.0 0.0 0.0 0.0 0.0 0.0 0.0</array><array dataType="xsd:double" dictRef="cc:delta.total" size="120">0.07978 0.14483 0.14483 0.07978 0.07978 0.16193 0.16193 0.07978 0.14483 0.07978 0.16193 0.07978 0.14483 0.07978 0.16193 0.07978 0.14483 0.07978 0.16193 0.07978 0.14483 0.07978 0.16193 0.07978 0.00426 0.0 0.00426 -0.00426 -0.00426 0.0 0.00426 0.0 0.00426 -0.00426 0.0 -0.00426 0.00426 0.0 0.00426 -0.00426 0.0 -0.00426 0.00426 0.0 0.00426 -0.00426 0.0 -0.00426 0.00426 0.0 0.00426 -0.00426 0.0 -0.00426 0.0 0.00426 0.00426 -0.00426 0.0 -0.00426 0.0 0.0 0.0 0.0 0.0 0.0 0.0 0.0 0.0 0.0 0.0 0.0 0.0 0.0 0.0 0.0 0.0 0.0 0.0 0.0 0.0 0.0 0.0 0.0 0.0 0.0 0.0 0.0 0.0 0.0 0.0 0.0 0.0 0.0 0.0 0.0 0.0 0.0 0.0 0.0 0.0 0.0 0.0 0.0 0.0 0.0 0.0 0.0 0.0 0.0 0.0 0.0 0.0 0.0 0.0 0.0 0.0 0.0 0.0 0.0</array><array dataType="xsd:double" dictRef="cc:newval" size="120">3.46088 6.63574 6.63574 3.46088 3.46088 6.7313 6.7313 3.46088 6.63574 3.46088 6.7313 3.46088 6.63574 3.46088 6.7313 3.46088 6.63574 3.46088 6.7313 3.46088 6.63574 3.46088 6.7313 3.46088 2.38287 2.0944 2.38287 2.32952 2.32952 2.0944 2.38287 2.0944 2.38287 2.32952 2.0944 2.32952 2.38287 2.0944 2.38287 2.32952 2.0944 2.32952 2.38287 2.0944 2.38287 2.32952 2.0944 2.32952 2.38287 2.0944 2.38287 2.32952 2.0944 2.32952 2.0944 2.38287 2.38287 2.32952 2.0944 2.32952 0.0 0.0 0.0 0.0 0.0 0.0 0.0 0.0 0.0 0.0 0.0 0.0 0.0 0.0 0.0 0.0 0.0 0.0 0.0 0.0 0.0 0.0 0.0 0.0 0.0 0.0 0.0 0.0 0.0 0.0 0.0 0.0 0.0 0.0 0.0 0.0 0.0 0.0 0.0 0.0 0.0 0.0 0.0 0.0 0.0 0.0 0.0 0.0 0.0 0.0 0.0 0.0 0.0 0.0 0.0 0.0 0.0 0.0 0.0 0.0</array></list></module><module cmlx:lineCount="5" cmlx:templateRef="l103.itemconverge"><list cmlx:lineCount="4" cmlx:templateRef="components"><array dataType="xsd:string" dictRef="g:itemconverge"/><array dataType="xsd:double" dictRef="x:value" size="4">4.5E-4 3.0E-4 0.0018 0.0012</array><array dataType="xsd:double" dictRef="x:threshold" size="4">0.0 0.0 0.0 0.0</array><array dataType="xsd:string" dictRef="g:converged" size="4">NO NO NO NO</array></list></module> Predicted change in Energy=-2.691590D-01 GradGradGradGradGradGradGradGradGradGradGradGradGradGradGradGradGradGrad</module><module cmlx:lineCount="18" cmlx:templateRef="l202.orient"><list cmlx:templateRef="type"><scalar dataType="xsd:string" dictRef="g:type">Input</scalar></list><list cmlx:lineCount="12" cmlx:templateRef="atom"><array dataType="xsd:integer" dictRef="cc:serial" size="12">1 2 3 4 5 6 7 8 9 10 11 12</array><array dataType="xsd:integer" dictRef="cc:elementType" size="12">13 13 13 13 13 13 13 13 13 13 13 13</array><array dataType="xsd:integer" dictRef="g:atomicType" size="12">0 0 0 0 0 0 0 0 0 0 0 0</array><array dataType="xsd:double" dictRef="cc:x3" size="12">-3.511483 -3.084827 -1.755742 0.0 1.755742 3.084827 3.511483 3.084827 1.755742 0.0 -1.755742 -3.084827</array><array dataType="xsd:double" dictRef="cc:y3" size="12">0.0 1.781026 3.041034 3.562052 3.041034 1.781026 0.0 -1.781026 -3.041034 -3.562052 -3.041034 -1.781026</array><array dataType="xsd:double" dictRef="cc:z3" size="12">0.0 0.0 0.0 0.0 0.0 0.0 0.0 0.0 0.0 0.0 0.0 0.0</array></list></module><module cmlx:lineCount="14" cmlx:templateRef="l202.distmat"><list cmlx:templateRef="atom"><list><scalar dataType="xsd:integer" dictRef="cc:serial">1</scalar><scalar dataType="xsd:string" dictRef="cc:elementType">Al</scalar><scalar dataType="xsd:string" dictRef="cc:distances">0.000000</scalar></list><list><scalar dataType="xsd:integer" dictRef="cc:serial">2</scalar><scalar dataType="xsd:string" dictRef="cc:elementType">Al</scalar><scalar dataType="xsd:string" dictRef="cc:distances">1.831417   0.000000</scalar></list><list><scalar dataType="xsd:integer" dictRef="cc:serial">3</scalar><scalar dataType="xsd:string" dictRef="cc:elementType">Al</scalar><scalar dataType="xsd:string" dictRef="cc:distances">3.511483   1.831417   0.000000</scalar></list><list><scalar dataType="xsd:integer" dictRef="cc:serial">4</scalar><scalar dataType="xsd:string" dictRef="cc:elementType">Al</scalar><scalar dataType="xsd:string" dictRef="cc:distances">5.001872   3.562052   1.831417   0.000000</scalar></list><list><scalar dataType="xsd:integer" dictRef="cc:serial">5</scalar><scalar dataType="xsd:string" dictRef="cc:elementType">Al</scalar><scalar dataType="xsd:string" dictRef="cc:distances">6.082067   5.001872   3.511483   1.831417   0.000000</scalar></list><list><scalar dataType="xsd:integer" dictRef="cc:serial">6</scalar><scalar dataType="xsd:string" dictRef="cc:elementType">Al</scalar><scalar dataType="xsd:string" dictRef="cc:distances">6.832523   6.169655   5.001872   3.562052   1.831417</scalar></list><list><scalar dataType="xsd:integer" dictRef="cc:serial">7</scalar><scalar dataType="xsd:string" dictRef="cc:elementType">Al</scalar><scalar dataType="xsd:string" dictRef="cc:distances">7.022966   6.832523   6.082067   5.001872   3.511483</scalar></list><list><scalar dataType="xsd:integer" dictRef="cc:serial">8</scalar><scalar dataType="xsd:string" dictRef="cc:elementType">Al</scalar><scalar dataType="xsd:string" dictRef="cc:distances">6.832523   7.124103   6.832523   6.169655   5.001872</scalar></list><list><scalar dataType="xsd:integer" dictRef="cc:serial">9</scalar><scalar dataType="xsd:string" dictRef="cc:elementType">Al</scalar><scalar dataType="xsd:string" dictRef="cc:distances">6.082067   6.832523   7.022966   6.832523   6.082067</scalar></list><list><scalar dataType="xsd:integer" dictRef="cc:serial">10</scalar><scalar dataType="xsd:string" dictRef="cc:elementType">Al</scalar><scalar dataType="xsd:string" dictRef="cc:distances">5.001872   6.169655   6.832523   7.124103   6.832523</scalar></list><list><scalar dataType="xsd:integer" dictRef="cc:serial">11</scalar><scalar dataType="xsd:string" dictRef="cc:elementType">Al</scalar><scalar dataType="xsd:string" dictRef="cc:distances">3.511483   5.001872   6.082067   6.832523   7.022966</scalar></list><list><scalar dataType="xsd:integer" dictRef="cc:serial">12</scalar><scalar dataType="xsd:string" dictRef="cc:elementType">Al</scalar><scalar dataType="xsd:string" dictRef="cc:distances">1.831417   3.562052   5.001872   6.169655   6.832523</scalar></list></list></module>                    6          7          8          9         10     6  Al   0.000000     7  Al   1.831417   0.000000     8  Al   3.562052   1.831417   0.000000     9  Al   5.001872   3.511483   1.831417   0.000000    10  Al   6.169655   5.001872   3.562052   1.831417   0.000000    11  Al   6.832523   6.082067   5.001872   3.511483   1.831417    12  Al   7.124103   6.832523   6.169655   5.001872   3.562052                   11         12    11  Al   0.000000    12  Al   1.831417   0.000000<module cmlx:lineCount="6" cmlx:templateRef="l202.stoich"><list cmlx:templateRef="stoich"><scalar dataType="xsd:string" dictRef="cc:formula">Al12</scalar></list><list cmlx:templateRef="framework"><scalar dataType="xsd:string" dictRef="cc:frameworkgroup">D6H[3C2'(Al.Al),3C2"(Al.Al)]</scalar></list> Full point group                 D6H Largest Abelian subgroup         D2H     NOp   8 Largest concise Abelian subgroup D2      NOp   4</module><module cmlx:lineCount="18" cmlx:templateRef="l202.orient"><list cmlx:templateRef="type"><scalar dataType="xsd:string" dictRef="g:type">Standard</scalar></list><list cmlx:lineCount="12" cmlx:templateRef="atom"><array dataType="xsd:integer" dictRef="cc:serial" size="12">1 2 3 4 5 6 7 8 9 10 11 12</array><array dataType="xsd:integer" dictRef="cc:elementType" size="12">13 13 13 13 13 13 13 13 13 13 13 13</array><array dataType="xsd:integer" dictRef="g:atomicType" size="12">0 0 0 0 0 0 0 0 0 0 0 0</array><array dataType="xsd:double" dictRef="cc:x3" size="12">0.0 1.781026 3.041034 3.562052 3.041034 1.781026 0.0 -1.781026 -3.041034 -3.562052 -3.041034 -1.781026</array><array dataType="xsd:double" dictRef="cc:y3" size="12">3.511483 3.084827 1.755742 0.0 -1.755742 -3.084827 -3.511483 -3.084827 -1.755742 0.0 1.755742 3.084827</array><array dataType="xsd:double" dictRef="cc:z3" size="12">0.0 0.0 0.0 0.0 0.0 0.0 0.0 0.0 0.0 0.0 0.0 0.0</array></list></module><module cmlx:lineCount="1" cmlx:templateRef="l202.rotconst"/><module cmlx:lineCount="16" cmlx:templateRef="l301.basis"><list cmlx:templateRef="basis"><list><scalar dataType="xsd:string" dictRef="cc:basis">6-31G(d)</scalar><scalar dataType="xsd:string" dictRef="cc:diffuse">(6D, 7F)</scalar></list></list><list cmlx:templateRef="symmadapt"><list><scalar dataType="xsd:integer" dictRef="cc:adapted">48</scalar><scalar dataType="xsd:string" dictRef="cc:symm">AG</scalar></list><list><scalar dataType="xsd:integer" dictRef="cc:adapted">36</scalar><scalar dataType="xsd:string" dictRef="cc:symm">B1G</scalar></list><list><scalar dataType="xsd:integer" dictRef="cc:adapted">15</scalar><scalar dataType="xsd:string" dictRef="cc:symm">B2G</scalar></list><list><scalar dataType="xsd:integer" dictRef="cc:adapted">15</scalar><scalar dataType="xsd:string" dictRef="cc:symm">B3G</scalar></list><list><scalar dataType="xsd:integer" dictRef="cc:adapted">12</scalar><scalar dataType="xsd:string" dictRef="cc:symm">AU</scalar></list><list><scalar dataType="xsd:integer" dictRef="cc:adapted">18</scalar><scalar dataType="xsd:string" dictRef="cc:symm">B1U</scalar></list><list><scalar dataType="xsd:integer" dictRef="cc:adapted">42</scalar><scalar dataType="xsd:string" dictRef="cc:symm">B2U</scalar></list><list><scalar dataType="xsd:integer" dictRef="cc:adapted">42</scalar><scalar dataType="xsd:string" dictRef="cc:symm">B3U</scalar></list></list><list cmlx:templateRef="buffer"><scalar dataType="xsd:integer" dictRef="g:buffer">131072</scalar></list><list cmlx:templateRef="raff"><scalar dataType="xsd:string" dictRef="g:raffenetti">Raffenetti</scalar></list><list cmlx:templateRef="twoe"><scalar dataType="xsd:string" dictRef="g:twoe">Two-electron</scalar></list><list cmlx:templateRef="basiscount"><list><scalar dataType="xsd:integer" dictRef="cc:basiscount">228</scalar><scalar dataType="xsd:integer" dictRef="g:primbasis">624</scalar><scalar dataType="xsd:integer" dictRef="cc:cartesianbasis">228</scalar></list></list><list cmlx:templateRef="alphabeta"><list><scalar dataType="xsd:integer" dictRef="cc:alphae">78</scalar><scalar dataType="xsd:integer" dictRef="cc:betae">78</scalar></list></list> NAtoms=   12 NActive=   12 NUniq=    2 SFac= 3.00D+00 NAtFMM=   80 NAOKFM=F Big=F</module><module cmlx:lineCount="1" cmlx:templateRef="l302.basis"><list cmlx:templateRef="onee"><scalar dataType="xsd:string" dictRef="g:onee">One-electron integrals</scalar></list></module> NBasis=   228 RedAO= T  NBF=    48    36    15    15    12    18    42    42 NBsUse=   228 1.00D-06 NBFU=    48    36    15    15    12    18    42    42 Initial guess read from the read-write file:<module cmlx:lineCount="1" cmlx:templateRef="l401.orbsym"><list cmlx:templateRef="l401"><scalar dataType="xsd:string" dictRef="g:l401">Initial guess orbital symmetries:</scalar></list></module>       Occupied  (?A) (?B) (?B) (?A) (?B) (?A) (?B) (?A) (?A) (?B)                 (?B) (?A) (?A) (?B) (?B) (?A) (?A) (?B) (?B) (?A)                 (?A) (?B) (?B) (?A) (?C) (?C) (?C) (?C) (?C) (?C)                 (?C) (?C) (?C) (?C) (?C) (?C) (?D) (?D) (?D) (?D)                 (?C) (?C) (?C) (?C) (?D) (?D) (?D) (?D) (?C) (?C)                 (?C) (?C) (?C) (?C) (?C) (?C) (?D) (?D) (?D) (?D)                 (?D) (B2G) (B2G) (?D) (?D) (B2G) (B2G) (?D) (?D)                 (?D) (?D) (B2G) (B2G) (?D) (?D) (B2G) (B2G) (?D)       Virtual   (?D) (?D) (?D) (?D) (?D) (?D) (B2G) (B2G) (?D)                 (?D) (?D) (?D) (?D) (?D) (B2G) (B2G) (B2G) (B2G)                 (?D) (?D) (?D) (?D) (?D) (B2G) (B2G) (?D) (B2G)                 (B2G) (?D) (?D) (?D) (?D) (?D) (?D) (?D) (B2G)                 (B2G) (?D) (?D) (?D) (?D) (?D) (?D) (?D) (?D)                 (B2G) (B2G) (B2G) (B2G) (?D) (?D) (?D) (?D) (?D)                 (B2G) (B2G) (?D) (?D) (B2G) (B2G) (?D) (?D) (?D)                 (?D) (B2G) (B2G) (?D) (?D) (?D) (?D) (?D) (?D)                 (?D) (?D) (?D) (?D) (?D) (?D) (B2G) (B2G) (B2G)                 (B2G) (?D) (B2G) (B2G) (?D) (?D) (?D) (?D) (?D)                 (?D) (?D) (?D) (B2G) (B2G) (B2G) (B2G) (?D) (B2G)                 (B2G) (?D) (?D) (?D) (?D) (?D) (?D) (?D) (?D)                 (?D) (?D) (?D) (B2G) (B2G) (B2G) (?D) (B2G) (?D)                 (B2G) (B2G) (?D) (?D) (?D) (?D) (?D) (?D) (A1U)                 (B2U) (?D) (?D) (?D) (?D) (?D) (?D) (?D) (?D)                 (?D) (?D) (?A) (?A) (?A) (?A) (?D) (?D) (?D) (?A)                 (?D) (?A) (?D) (?D) (A1G) Harris functional with IExCor=  402 diagonalized for initial guess. ExpMin= 5.57D-02 ExpMax= 1.40D+04 ExpMxC= 2.10D+03 IAcc=2 IRadAn=         4 AccDes= 0.00D+00 HarFok:  IExCor= 402 AccDes= 0.00D+00 IRadAn=         4 IDoV=1 ScaDFX=  1.000000  1.000000  1.000000  1.000000 Requested convergence on RMS density matrix=1.00D-08 within 128 cycles. Requested convergence on MAX density matrix=1.00D-06. Requested convergence on             energy=1.00D-06. No special actions if energy rises. Keep R1 integrals in memory in canonical form, NReq=   347900531. Integral accuracy reduced to 1.0D-05 until final iterations. Density matrix breaks symmetry, PCut= 1.00D-04 Density has only Abelian symmetry. Density matrix breaks symmetry, PCut= 1.00D-04 Density has only Abelian symmetry. Density matrix breaks symmetry, PCut= 1.00D-04 Density has only Abelian symmetry. Density matrix breaks symmetry, PCut= 1.00D-04 Density has only Abelian symmetry. Density matrix breaks symmetry, PCut= 1.00D-04 Density has only Abelian symmetry. Density matrix breaks symmetry, PCut= 1.00D-04 Density has only Abelian symmetry. Density matrix breaks symmetry, PCut= 1.00D-04 Density has only Abelian symmetry. Initial convergence to 1.0D-05 achieved.  Increase integral accuracy. Density matrix breaks symmetry, PCut= 1.00D-04 Density has only Abelian symmetry. Density matrix breaks symmetry, PCut= 1.00D-04 Density has only Abelian symmetry. Density matrix breaks symmetry, PCut= 1.00D-04 Density has only Abelian symmetry. Density matrix breaks symmetry, PCut= 1.00D-04 Density has only Abelian symmetry. Density matrix breaks symmetry, PCut= 1.00D-04 Density has only Abelian symmetry. Density matrix breaks symmetry, PCut= 1.00D-04 Density has only Abelian symmetry. Density matrix breaks symmetry, PCut= 1.00D-04 Density has only Abelian symmetry. Density matrix breaks symmetry, PCut= 1.00D-04 Density has only Abelian symmetry. Density matrix breaks symmetry, PCut= 1.00D-04 Density has only Abelian symmetry. SCF Done:  E(RB+HF-LYP) =  -2907.54515637     A.U. after   15 cycles             Convg  =    0.3743D-08             -V/T =  1.9997             S**2   =   0.0000 Density matrix has only Abelian symmetry. Density matrix has only Abelian symmetry. ***** Axes restored to original set *****<module cmlx:lineCount="18" cmlx:templateRef="forces"><list cmlx:templateRef="force"><list><scalar dataType="xsd:integer" dictRef="x:serial">1</scalar><scalar dataType="xsd:integer" dictRef="x:elementType">13</scalar><scalar dataType="xsd:double" dictRef="x:x3">-0.1226884</scalar><scalar dataType="xsd:double" dictRef="x:y3">0.0</scalar><scalar dataType="xsd:double" dictRef="x:z3">0.0</scalar></list><list><scalar dataType="xsd:integer" dictRef="x:serial">2</scalar><scalar dataType="xsd:integer" dictRef="x:elementType">13</scalar><scalar dataType="xsd:double" dictRef="x:x3">-0.137663605</scalar><scalar dataType="xsd:double" dictRef="x:y3">0.061846607</scalar><scalar dataType="xsd:double" dictRef="x:z3">0.0</scalar></list><list><scalar dataType="xsd:integer" dictRef="x:serial">3</scalar><scalar dataType="xsd:integer" dictRef="x:elementType">13</scalar><scalar dataType="xsd:double" dictRef="x:x3">-0.046829824</scalar><scalar dataType="xsd:double" dictRef="x:y3">0.112353646</scalar><scalar dataType="xsd:double" dictRef="x:z3">0.0</scalar></list><list><scalar dataType="xsd:integer" dictRef="x:serial">4</scalar><scalar dataType="xsd:integer" dictRef="x:elementType">13</scalar><scalar dataType="xsd:double" dictRef="x:x3">0.0</scalar><scalar dataType="xsd:double" dictRef="x:y3">0.15136886</scalar><scalar dataType="xsd:double" dictRef="x:z3">0.0</scalar></list><list><scalar dataType="xsd:integer" dictRef="x:serial">5</scalar><scalar dataType="xsd:integer" dictRef="x:elementType">13</scalar><scalar dataType="xsd:double" dictRef="x:x3">0.046829824</scalar><scalar dataType="xsd:double" dictRef="x:y3">0.112353646</scalar><scalar dataType="xsd:double" dictRef="x:z3">0.0</scalar></list><list><scalar dataType="xsd:integer" dictRef="x:serial">6</scalar><scalar dataType="xsd:integer" dictRef="x:elementType">13</scalar><scalar dataType="xsd:double" dictRef="x:x3">0.137663605</scalar><scalar dataType="xsd:double" dictRef="x:y3">0.061846607</scalar><scalar dataType="xsd:double" dictRef="x:z3">0.0</scalar></list><list><scalar dataType="xsd:integer" dictRef="x:serial">7</scalar><scalar dataType="xsd:integer" dictRef="x:elementType">13</scalar><scalar dataType="xsd:double" dictRef="x:x3">0.1226884</scalar><scalar dataType="xsd:double" dictRef="x:y3">0.0</scalar><scalar dataType="xsd:double" dictRef="x:z3">0.0</scalar></list><list><scalar dataType="xsd:integer" dictRef="x:serial">8</scalar><scalar dataType="xsd:integer" dictRef="x:elementType">13</scalar><scalar dataType="xsd:double" dictRef="x:x3">0.137663605</scalar><scalar dataType="xsd:double" dictRef="x:y3">-0.061846607</scalar><scalar dataType="xsd:double" dictRef="x:z3">0.0</scalar></list><list><scalar dataType="xsd:integer" dictRef="x:serial">9</scalar><scalar dataType="xsd:integer" dictRef="x:elementType">13</scalar><scalar dataType="xsd:double" dictRef="x:x3">0.046829824</scalar><scalar dataType="xsd:double" dictRef="x:y3">-0.112353646</scalar><scalar dataType="xsd:double" dictRef="x:z3">0.0</scalar></list><list><scalar dataType="xsd:integer" dictRef="x:serial">10</scalar><scalar dataType="xsd:integer" dictRef="x:elementType">13</scalar><scalar dataType="xsd:double" dictRef="x:x3">0.0</scalar><scalar dataType="xsd:double" dictRef="x:y3">-0.15136886</scalar><scalar dataType="xsd:double" dictRef="x:z3">0.0</scalar></list><list><scalar dataType="xsd:integer" dictRef="x:serial">11</scalar><scalar dataType="xsd:integer" dictRef="x:elementType">13</scalar><scalar dataType="xsd:double" dictRef="x:x3">-0.046829824</scalar><scalar dataType="xsd:double" dictRef="x:y3">-0.112353646</scalar><scalar dataType="xsd:double" dictRef="x:z3">0.0</scalar></list><list><scalar dataType="xsd:integer" dictRef="x:serial">12</scalar><scalar dataType="xsd:integer" dictRef="x:elementType">13</scalar><scalar dataType="xsd:double" dictRef="x:x3">-0.137663605</scalar><scalar dataType="xsd:double" dictRef="x:y3">-0.061846607</scalar><scalar dataType="xsd:double" dictRef="x:z3">0.0</scalar></list></list><list cmlx:templateRef="cartesianforce"><list><scalar dataType="xsd:double" dictRef="cc:maxforce">0.15136886</scalar><scalar dataType="xsd:double" dictRef="cc:rmsforce">0.079285093</scalar></list></list></module><module cmlx:lineCount="142" cmlx:templateRef="l103" xmlns:xi="http://www.w3.org/2001/XInclude"><list cmlx:templateRef="berny"><scalar dataType="xsd:string" dictRef="g:optimization">Internal  Forces:  Max     0.117219596 RMS     0.038346188</scalar></list> Search for a local minimum. Step number  10 out of a maximum of 100 All quantities printed in internal units (Hartrees-Bohrs-Radians) Update second derivatives using D2CorX and points  9 10 Maximum step size (   0.600) exceeded in linear search.    -- Step size scaled by   0.500 Quartic linear search produced a step of  1.00000. Iteration  1 RMS(Cart)=  0.04857309 RMS(Int)=  0.00007490 Iteration  2 RMS(Cart)=  0.00002002 RMS(Int)=  0.00007052 Iteration  3 RMS(Cart)=  0.00000000 RMS(Int)=  0.00007052<module cmlx:lineCount="122" cmlx:templateRef="l103.deltas"><list cmlx:lineCount="120" cmlx:templateRef="delta"><array dataType="xsd:string" dictRef="cc:variable" size="120">R1 R2 R3 R4 R5 R6 R7 R8 R9 R10 R11 R12 R13 R14 R15 R16 R17 R18 R19 R20 R21 R22 R23 R24 A1 A2 A3 A4 A5 A6 A7 A8 A9 A10 A11 A12 A13 A14 A15 A16 A17 A18 A19 A20 A21 A22 A23 A24 A25 A26 A27 A28 A29 A30 A31 A32 A33 A34 A35 A36 D1 D2 D3 D4 D5 D6 D7 D8 D9 D10 D11 D12 D13 D14 D15 D16 D17 D18 D19 D20 D21 D22 D23 D24 D25 D26 D27 D28 D29 D30 D31 D32 D33 D34 D35 D36 D37 D38 D39 D40 D41 D42 D43 D44 D45 D46 D47 D48 D49 D50 D51 D52 D53 D54 D55 D56 D57 D58 D59 D60</array><array dataType="xsd:double" dictRef="g:lastval" size="120">3.46088 6.63574 6.63574 3.46088 3.46088 6.7313 6.7313 3.46088 6.63574 3.46088 6.7313 3.46088 6.63574 3.46088 6.7313 3.46088 6.63574 3.46088 6.7313 3.46088 6.63574 3.46088 6.7313 3.46088 2.38287 2.0944 2.38287 2.32952 2.32952 2.0944 2.38287 2.0944 2.38287 2.32952 2.0944 2.32952 2.38287 2.0944 2.38287 2.32952 2.0944 2.32952 2.38287 2.0944 2.38287 2.32952 2.0944 2.32952 2.38287 2.0944 2.38287 2.32952 2.0944 2.32952 2.0944 2.38287 2.38287 2.32952 2.0944 2.32952 0.0 0.0 0.0 0.0 0.0 0.0 0.0 0.0 0.0 0.0 0.0 0.0 0.0 0.0 0.0 0.0 0.0 0.0 0.0 0.0 0.0 0.0 0.0 0.0 0.0 0.0 0.0 0.0 0.0 0.0 0.0 0.0 0.0 0.0 0.0 0.0 0.0 0.0 0.0 0.0 0.0 0.0 0.0 0.0 0.0 0.0 0.0 0.0 0.0 0.0 0.0 0.0 0.0 0.0 0.0 0.0 0.0 0.0 0.0 0.0</array><array dataType="xsd:double" dictRef="cc:deriv" size="120">0.0529 0.10222 0.10222 0.0529 0.06176 0.11722 0.10943 0.05277 0.09435 0.05277 0.11722 0.06176 0.10222 0.0529 0.10943 0.0529 0.10222 0.06176 0.11722 0.05277 0.09435 0.05277 0.11722 0.06176 0.00382 -4.7E-4 0.00382 -0.00389 -0.00377 1.6E-4 0.0037 2.3E-4 0.00377 -0.00363 -3.3E-4 -0.00363 0.00377 2.3E-4 0.0037 -0.00389 1.6E-4 -0.00377 0.00382 -4.7E-4 0.00382 -0.00377 1.6E-4 -0.00389 0.0037 2.3E-4 0.00377 -0.00363 -3.3E-4 -0.00363 2.3E-4 0.0037 0.00377 -0.00389 1.6E-4 -0.00377 0.0 0.0 0.0 0.0 0.0 0.0 0.0 0.0 0.0 0.0 0.0 0.0 0.0 0.0 0.0 0.0 0.0 0.0 0.0 0.0 0.0 0.0 0.0 0.0 0.0 0.0 0.0 0.0 0.0 0.0 0.0 0.0 0.0 0.0 0.0 0.0 0.0 0.0 0.0 0.0 0.0 0.0 0.0 0.0 0.0 0.0 0.0 0.0 0.0 0.0 0.0 0.0 0.0 0.0 0.0 0.0 0.0 0.0 0.0 0.0</array><array dataType="xsd:double" dictRef="cc:delta.linear" size="120">0.07978 0.14483 0.14483 0.07978 0.07978 0.16193 0.16193 0.07978 0.14483 0.07978 0.16193 0.07978 0.14483 0.07978 0.16193 0.07978 0.14483 0.07978 0.16193 0.07978 0.14483 0.07978 0.16193 0.07978 0.00426 0.0 0.00426 -0.00426 -0.00426 0.0 0.00426 0.0 0.00426 -0.00426 0.0 -0.00426 0.00426 0.0 0.00426 -0.00426 0.0 -0.00426 0.00426 0.0 0.00426 -0.00426 0.0 -0.00426 0.00426 0.0 0.00426 -0.00426 0.0 -0.00426 0.0 0.00426 0.00426 -0.00426 0.0 -0.00426 0.0 0.0 0.0 0.0 0.0 0.0 0.0 0.0 0.0 0.0 0.0 0.0 0.0 0.0 0.0 0.0 0.0 0.0 0.0 0.0 0.0 0.0 0.0 0.0 0.0 0.0 0.0 0.0 0.0 0.0 0.0 0.0 0.0 0.0 0.0 0.0 0.0 0.0 0.0 0.0 0.0 0.0 0.0 0.0 0.0 0.0 0.0 0.0 0.0 0.0 0.0 0.0 0.0 0.0 0.0 0.0 0.0 0.0 0.0 0.0</array><array dataType="xsd:double" dictRef="cc:delta.quad" size="120">0.0 0.0 0.0 0.0 0.0 0.0 0.0 0.0 0.0 0.0 0.0 0.0 0.0 0.0 0.0 0.0 0.0 0.0 0.0 0.0 0.0 0.0 0.0 0.0 0.0 0.0 0.0 0.0 0.0 0.0 0.0 0.0 0.0 0.0 0.0 0.0 0.0 0.0 0.0 0.0 0.0 0.0 0.0 0.0 0.0 0.0 0.0 0.0 0.0 0.0 0.0 0.0 0.0 0.0 0.0 0.0 0.0 0.0 0.0 0.0 0.0 0.0 0.0 0.0 0.0 0.0 0.0 0.0 0.0 0.0 0.0 0.0 0.0 0.0 0.0 0.0 0.0 0.0 0.0 0.0 0.0 0.0 0.0 0.0 0.0 0.0 0.0 0.0 0.0 0.0 0.0 0.0 0.0 0.0 0.0 0.0 0.0 0.0 0.0 0.0 0.0 0.0 0.0 0.0 0.0 0.0 0.0 0.0 0.0 0.0 0.0 0.0 0.0 0.0 0.0 0.0 0.0 0.0 0.0 0.0</array><array dataType="xsd:double" dictRef="cc:delta.total" size="120">0.07983 0.14468 0.14468 0.07983 0.07983 0.16203 0.16203 0.07983 0.14468 0.07983 0.16203 0.07983 0.14468 0.07983 0.16203 0.07983 0.14468 0.07983 0.16203 0.07983 0.14468 0.07983 0.16203 0.07983 0.00414 0.0 0.00414 -0.00414 -0.00414 0.0 0.00414 0.0 0.00414 -0.00414 0.0 -0.00414 0.00414 0.0 0.00414 -0.00414 0.0 -0.00414 0.00414 0.0 0.00414 -0.00414 0.0 -0.00414 0.00414 0.0 0.00414 -0.00414 0.0 -0.00414 0.0 0.00414 0.00414 -0.00414 0.0 -0.00414 0.0 0.0 0.0 0.0 0.0 0.0 0.0 0.0 0.0 0.0 0.0 0.0 0.0 0.0 0.0 0.0 0.0 0.0 0.0 0.0 0.0 0.0 0.0 0.0 0.0 0.0 0.0 0.0 0.0 0.0 0.0 0.0 0.0 0.0 0.0 0.0 0.0 0.0 0.0 0.0 0.0 0.0 0.0 0.0 0.0 0.0 0.0 0.0 0.0 0.0 0.0 0.0 0.0 0.0 0.0 0.0 0.0 0.0 0.0 0.0</array><array dataType="xsd:double" dictRef="cc:newval" size="120">3.54071 6.78042 6.78042 3.54071 3.54071 6.89333 6.89333 3.54071 6.78042 3.54071 6.89333 3.54071 6.78042 3.54071 6.89333 3.54071 6.78042 3.54071 6.89333 3.54071 6.78042 3.54071 6.89333 3.54071 2.387 2.0944 2.387 2.32538 2.32538 2.0944 2.387 2.0944 2.387 2.32538 2.0944 2.32538 2.387 2.0944 2.387 2.32538 2.0944 2.32538 2.387 2.0944 2.387 2.32538 2.0944 2.32538 2.387 2.0944 2.387 2.32538 2.0944 2.32538 2.0944 2.387 2.387 2.32538 2.0944 2.32538 0.0 0.0 0.0 0.0 0.0 0.0 0.0 0.0 0.0 0.0 0.0 0.0 0.0 0.0 0.0 0.0 0.0 0.0 0.0 0.0 0.0 0.0 0.0 0.0 0.0 0.0 0.0 0.0 0.0 0.0 0.0 0.0 0.0 0.0 0.0 0.0 0.0 0.0 0.0 0.0 0.0 0.0 0.0 0.0 0.0 0.0 0.0 0.0 0.0 0.0 0.0 0.0 0.0 0.0 0.0 0.0 0.0 0.0 0.0 0.0</array></list></module><module cmlx:lineCount="5" cmlx:templateRef="l103.itemconverge"><list cmlx:lineCount="4" cmlx:templateRef="components"><array dataType="xsd:string" dictRef="g:itemconverge"/><array dataType="xsd:double" dictRef="x:value" size="4">4.5E-4 3.0E-4 0.0018 0.0012</array><array dataType="xsd:double" dictRef="x:threshold" size="4">0.0 0.0 0.0 0.0</array><array dataType="xsd:string" dictRef="g:converged" size="4">NO NO NO NO</array></list></module> Predicted change in Energy=-2.321888D-01 GradGradGradGradGradGradGradGradGradGradGradGradGradGradGradGradGradGrad</module><module cmlx:lineCount="18" cmlx:templateRef="l202.orient"><list cmlx:templateRef="type"><scalar dataType="xsd:string" dictRef="g:type">Input</scalar></list><list cmlx:lineCount="12" cmlx:templateRef="atom"><array dataType="xsd:integer" dictRef="cc:serial" size="12">1 2 3 4 5 6 7 8 9 10 11 12</array><array dataType="xsd:integer" dictRef="cc:elementType" size="12">13 13 13 13 13 13 13 13 13 13 13 13</array><array dataType="xsd:integer" dictRef="g:atomicType" size="12">0 0 0 0 0 0 0 0 0 0 0 0</array><array dataType="xsd:double" dictRef="cc:x3" size="12">-3.588042 -3.159084 -1.794021 0.0 1.794021 3.159084 3.588042 3.159084 1.794021 0.0 -1.794021 -3.159084</array><array dataType="xsd:double" dictRef="cc:y3" size="12">0.0 1.823898 3.107335 3.647796 3.107335 1.823898 0.0 -1.823898 -3.107335 -3.647796 -3.107335 -1.823898</array><array dataType="xsd:double" dictRef="cc:z3" size="12">0.0 0.0 0.0 0.0 0.0 0.0 0.0 0.0 0.0 0.0 0.0 0.0</array></list></module><module cmlx:lineCount="14" cmlx:templateRef="l202.distmat"><list cmlx:templateRef="atom"><list><scalar dataType="xsd:integer" dictRef="cc:serial">1</scalar><scalar dataType="xsd:string" dictRef="cc:elementType">Al</scalar><scalar dataType="xsd:string" dictRef="cc:distances">0.000000</scalar></list><list><scalar dataType="xsd:integer" dictRef="cc:serial">2</scalar><scalar dataType="xsd:string" dictRef="cc:elementType">Al</scalar><scalar dataType="xsd:string" dictRef="cc:distances">1.873662   0.000000</scalar></list><list><scalar dataType="xsd:integer" dictRef="cc:serial">3</scalar><scalar dataType="xsd:string" dictRef="cc:elementType">Al</scalar><scalar dataType="xsd:string" dictRef="cc:distances">3.588042   1.873662   0.000000</scalar></list><list><scalar dataType="xsd:integer" dictRef="cc:serial">4</scalar><scalar dataType="xsd:string" dictRef="cc:elementType">Al</scalar><scalar dataType="xsd:string" dictRef="cc:distances">5.116684   3.647796   1.873662   0.000000</scalar></list><list><scalar dataType="xsd:integer" dictRef="cc:serial">5</scalar><scalar dataType="xsd:string" dictRef="cc:elementType">Al</scalar><scalar dataType="xsd:string" dictRef="cc:distances">6.214671   5.116684   3.588042   1.873662   0.000000</scalar></list><list><scalar dataType="xsd:integer" dictRef="cc:serial">6</scalar><scalar dataType="xsd:string" dictRef="cc:elementType">Al</scalar><scalar dataType="xsd:string" dictRef="cc:distances">6.989299   6.318167   5.116684   3.647796   1.873662</scalar></list><list><scalar dataType="xsd:integer" dictRef="cc:serial">7</scalar><scalar dataType="xsd:string" dictRef="cc:elementType">Al</scalar><scalar dataType="xsd:string" dictRef="cc:distances">7.176084   6.989299   6.214671   5.116684   3.588042</scalar></list><list><scalar dataType="xsd:integer" dictRef="cc:serial">8</scalar><scalar dataType="xsd:string" dictRef="cc:elementType">Al</scalar><scalar dataType="xsd:string" dictRef="cc:distances">6.989299   7.295591   6.989299   6.318167   5.116684</scalar></list><list><scalar dataType="xsd:integer" dictRef="cc:serial">9</scalar><scalar dataType="xsd:string" dictRef="cc:elementType">Al</scalar><scalar dataType="xsd:string" dictRef="cc:distances">6.214671   6.989299   7.176084   6.989299   6.214671</scalar></list><list><scalar dataType="xsd:integer" dictRef="cc:serial">10</scalar><scalar dataType="xsd:string" dictRef="cc:elementType">Al</scalar><scalar dataType="xsd:string" dictRef="cc:distances">5.116684   6.318167   6.989299   7.295591   6.989299</scalar></list><list><scalar dataType="xsd:integer" dictRef="cc:serial">11</scalar><scalar dataType="xsd:string" dictRef="cc:elementType">Al</scalar><scalar dataType="xsd:string" dictRef="cc:distances">3.588042   5.116684   6.214671   6.989299   7.176084</scalar></list><list><scalar dataType="xsd:integer" dictRef="cc:serial">12</scalar><scalar dataType="xsd:string" dictRef="cc:elementType">Al</scalar><scalar dataType="xsd:string" dictRef="cc:distances">1.873662   3.647796   5.116684   6.318167   6.989299</scalar></list></list></module>                    6          7          8          9         10     6  Al   0.000000     7  Al   1.873662   0.000000     8  Al   3.647796   1.873662   0.000000     9  Al   5.116684   3.588042   1.873662   0.000000    10  Al   6.318167   5.116684   3.647796   1.873662   0.000000    11  Al   6.989299   6.214671   5.116684   3.588042   1.873662    12  Al   7.295591   6.989299   6.318167   5.116684   3.647796                   11         12    11  Al   0.000000    12  Al   1.873662   0.000000<module cmlx:lineCount="6" cmlx:templateRef="l202.stoich"><list cmlx:templateRef="stoich"><scalar dataType="xsd:string" dictRef="cc:formula">Al12</scalar></list><list cmlx:templateRef="framework"><scalar dataType="xsd:string" dictRef="cc:frameworkgroup">D6H[3C2'(Al.Al),3C2"(Al.Al)]</scalar></list> Full point group                 D6H Largest Abelian subgroup         D2H     NOp   8 Largest concise Abelian subgroup D2      NOp   4</module><module cmlx:lineCount="18" cmlx:templateRef="l202.orient"><list cmlx:templateRef="type"><scalar dataType="xsd:string" dictRef="g:type">Standard</scalar></list><list cmlx:lineCount="12" cmlx:templateRef="atom"><array dataType="xsd:integer" dictRef="cc:serial" size="12">1 2 3 4 5 6 7 8 9 10 11 12</array><array dataType="xsd:integer" dictRef="cc:elementType" size="12">13 13 13 13 13 13 13 13 13 13 13 13</array><array dataType="xsd:integer" dictRef="g:atomicType" size="12">0 0 0 0 0 0 0 0 0 0 0 0</array><array dataType="xsd:double" dictRef="cc:x3" size="12">0.0 1.823898 3.107335 3.647796 3.107335 1.823898 0.0 -1.823898 -3.107335 -3.647796 -3.107335 -1.823898</array><array dataType="xsd:double" dictRef="cc:y3" size="12">3.588042 3.159084 1.794021 0.0 -1.794021 -3.159084 -3.588042 -3.159084 -1.794021 0.0 1.794021 3.159084</array><array dataType="xsd:double" dictRef="cc:z3" size="12">0.0 0.0 0.0 0.0 0.0 0.0 0.0 0.0 0.0 0.0 0.0 0.0</array></list></module><module cmlx:lineCount="1" cmlx:templateRef="l202.rotconst"/><module cmlx:lineCount="16" cmlx:templateRef="l301.basis"><list cmlx:templateRef="basis"><list><scalar dataType="xsd:string" dictRef="cc:basis">6-31G(d)</scalar><scalar dataType="xsd:string" dictRef="cc:diffuse">(6D, 7F)</scalar></list></list><list cmlx:templateRef="symmadapt"><list><scalar dataType="xsd:integer" dictRef="cc:adapted">48</scalar><scalar dataType="xsd:string" dictRef="cc:symm">AG</scalar></list><list><scalar dataType="xsd:integer" dictRef="cc:adapted">36</scalar><scalar dataType="xsd:string" dictRef="cc:symm">B1G</scalar></list><list><scalar dataType="xsd:integer" dictRef="cc:adapted">15</scalar><scalar dataType="xsd:string" dictRef="cc:symm">B2G</scalar></list><list><scalar dataType="xsd:integer" dictRef="cc:adapted">15</scalar><scalar dataType="xsd:string" dictRef="cc:symm">B3G</scalar></list><list><scalar dataType="xsd:integer" dictRef="cc:adapted">12</scalar><scalar dataType="xsd:string" dictRef="cc:symm">AU</scalar></list><list><scalar dataType="xsd:integer" dictRef="cc:adapted">18</scalar><scalar dataType="xsd:string" dictRef="cc:symm">B1U</scalar></list><list><scalar dataType="xsd:integer" dictRef="cc:adapted">42</scalar><scalar dataType="xsd:string" dictRef="cc:symm">B2U</scalar></list><list><scalar dataType="xsd:integer" dictRef="cc:adapted">42</scalar><scalar dataType="xsd:string" dictRef="cc:symm">B3U</scalar></list></list><list cmlx:templateRef="buffer"><scalar dataType="xsd:integer" dictRef="g:buffer">131072</scalar></list><list cmlx:templateRef="raff"><scalar dataType="xsd:string" dictRef="g:raffenetti">Raffenetti</scalar></list><list cmlx:templateRef="twoe"><scalar dataType="xsd:string" dictRef="g:twoe">Two-electron</scalar></list><list cmlx:templateRef="basiscount"><list><scalar dataType="xsd:integer" dictRef="cc:basiscount">228</scalar><scalar dataType="xsd:integer" dictRef="g:primbasis">624</scalar><scalar dataType="xsd:integer" dictRef="cc:cartesianbasis">228</scalar></list></list><list cmlx:templateRef="alphabeta"><list><scalar dataType="xsd:integer" dictRef="cc:alphae">78</scalar><scalar dataType="xsd:integer" dictRef="cc:betae">78</scalar></list></list> NAtoms=   12 NActive=   12 NUniq=    2 SFac= 3.00D+00 NAtFMM=   80 NAOKFM=F Big=F</module><module cmlx:lineCount="1" cmlx:templateRef="l302.basis"><list cmlx:templateRef="onee"><scalar dataType="xsd:string" dictRef="g:onee">One-electron integrals</scalar></list></module> NBasis=   228 RedAO= T  NBF=    48    36    15    15    12    18    42    42 NBsUse=   228 1.00D-06 NBFU=    48    36    15    15    12    18    42    42 Initial guess read from the read-write file:<module cmlx:lineCount="1" cmlx:templateRef="l401.orbsym"><list cmlx:templateRef="l401"><scalar dataType="xsd:string" dictRef="g:l401">Initial guess orbital symmetries:</scalar></list></module>       Occupied  (?A) (?B) (?B) (?A) (?B) (?A) (?B) (?A) (?B) (?A)                 (?B) (?A) (?A) (?B) (?B) (?A) (?A) (?B) (?B) (?A)                 (?A) (?B) (?B) (?A) (?C) (?C) (?C) (?C) (?C) (?C)                 (?C) (?C) (?C) (?C) (?C) (?C) (?D) (?D) (?D) (?D)                 (?C) (?C) (?C) (?C) (?D) (?D) (?D) (?D) (?C) (?C)                 (?C) (?C) (?C) (?C) (?C) (?C) (?D) (?D) (?D) (?D)                 (B2G) (?D) (?D) (B2G) (B2G) (?D) (?D) (B2G) (B2G)                 (B2G) (?D) (?D) (?D) (?D) (?D) (?D) (?D) (?D)       Virtual   (B2G) (?D) (B2G) (B2G) (?D) (?D) (?D) (?D) (?D)                 (?D) (B2G) (B2G) (B2G) (?D) (?D) (B2G) (?D) (?D)                 (?D) (?D) (B2G) (B2G) (?D) (?D) (?D) (B2G) (?D)                 (?D) (?D) (?D) (B2G) (B2G) (B2G) (?D) (?D) (?D)                 (?D) (?D) (B2G) (B2G) (B2G) (?D) (B2G) (?D) (B2G)                 (?D) (?D) (?D) (?D) (?D) (?D) (?D) (B2G) (B2G)                 (?D) (?D) (?D) (?D) (?D) (?D) (B2G) (?D) (?D)                 (?D) (?D) (?D) (B2G) (B2G) (B2G) (?D) (?D) (?D)                 (?D) (?D) (B2G) (B2G) (B2G) (B2G) (?D) (?D) (B2G)                 (?D) (?D) (?D) (?D) (?D) (?D) (B2G) (B2G) (?D)                 (?D) (B2G) (B2G) (?D) (?D) (?D) (?D) (B2G) (?D)                 (?D) (B2G) (?D) (?D) (B2G) (?D) (?D) (?D) (?D)                 (?D) (?D) (?D) (?D) (?D) (?D) (B2G) (?D) (?D)                 (?D) (?D) (?D) (?D) (?D) (?D) (?D) (?D) (A1U)                 (B2U) (?D) (?D) (?D) (?D) (?D) (?D) (?D) (?D)                 (?D) (?D) (?D) (?D) (?D) (?D) (?B) (?B) (?B) (?D)                 (?B) (?D) (?B) (?B) (?D) Harris functional with IExCor=  402 diagonalized for initial guess. ExpMin= 5.57D-02 ExpMax= 1.40D+04 ExpMxC= 2.10D+03 IAcc=2 IRadAn=         4 AccDes= 0.00D+00 HarFok:  IExCor= 402 AccDes= 0.00D+00 IRadAn=         4 IDoV=1 ScaDFX=  1.000000  1.000000  1.000000  1.000000 Requested convergence on RMS density matrix=1.00D-08 within 128 cycles. Requested convergence on MAX density matrix=1.00D-06. Requested convergence on             energy=1.00D-06. No special actions if energy rises. Keep R1 integrals in memory in canonical form, NReq=   347900531. Integral accuracy reduced to 1.0D-05 until final iterations. Density matrix breaks symmetry, PCut= 1.00D-04 Density has only Abelian symmetry. Density matrix breaks symmetry, PCut= 1.00D-04 Density has only Abelian symmetry. Density matrix breaks symmetry, PCut= 1.00D-04 Density has only Abelian symmetry. Density matrix breaks symmetry, PCut= 1.00D-04 Density has only Abelian symmetry. Density matrix breaks symmetry, PCut= 1.00D-04 Density has only Abelian symmetry. Density matrix breaks symmetry, PCut= 1.00D-04 Density has only Abelian symmetry. Density matrix breaks symmetry, PCut= 1.00D-04 Density has only Abelian symmetry. Density matrix breaks symmetry, PCut= 1.00D-04 Density has only Abelian symmetry. Density matrix breaks symmetry, PCut= 1.00D-04 Density has only Abelian symmetry. Initial convergence to 1.0D-05 achieved.  Increase integral accuracy. Density matrix breaks symmetry, PCut= 1.00D-04 Density has only Abelian symmetry. Density matrix breaks symmetry, PCut= 1.00D-04 Density has only Abelian symmetry. Density matrix breaks symmetry, PCut= 1.00D-04 Density has only Abelian symmetry. Density matrix breaks symmetry, PCut= 1.00D-04 Density has only Abelian symmetry. Density matrix breaks symmetry, PCut= 1.00D-04 Density has only Abelian symmetry. Density matrix breaks symmetry, PCut= 1.00D-04 Density has only Abelian symmetry. Density matrix breaks symmetry, PCut= 1.00D-04 Density has only Abelian symmetry. Density matrix breaks symmetry, PCut= 1.00D-04 Density has only Abelian symmetry. Density matrix breaks symmetry, PCut= 1.00D-04 Density has only Abelian symmetry. Density matrix breaks symmetry, PCut= 1.00D-04 Density has only Abelian symmetry. SCF Done:  E(RB+HF-LYP) =  -2907.82414981     A.U. after   18 cycles             Convg  =    0.8356D-08             -V/T =  1.9998             S**2   =   0.0000 Density matrix has only Abelian symmetry. Density matrix has only Abelian symmetry. ***** Axes restored to original set *****<module cmlx:lineCount="18" cmlx:templateRef="forces"><list cmlx:templateRef="force"><list><scalar dataType="xsd:integer" dictRef="x:serial">1</scalar><scalar dataType="xsd:integer" dictRef="x:elementType">13</scalar><scalar dataType="xsd:double" dictRef="x:x3">-0.111495245</scalar><scalar dataType="xsd:double" dictRef="x:y3">0.0</scalar><scalar dataType="xsd:double" dictRef="x:z3">0.0</scalar></list><list><scalar dataType="xsd:integer" dictRef="x:serial">2</scalar><scalar dataType="xsd:integer" dictRef="x:elementType">13</scalar><scalar dataType="xsd:double" dictRef="x:x3">-0.121940418</scalar><scalar dataType="xsd:double" dictRef="x:y3">0.070438506</scalar><scalar dataType="xsd:double" dictRef="x:z3">0.0</scalar></list><list><scalar dataType="xsd:integer" dictRef="x:serial">3</scalar><scalar dataType="xsd:integer" dictRef="x:elementType">13</scalar><scalar dataType="xsd:double" dictRef="x:x3">-0.055744836</scalar><scalar dataType="xsd:double" dictRef="x:y3">0.096505583</scalar><scalar dataType="xsd:double" dictRef="x:z3">0.0</scalar></list><list><scalar dataType="xsd:integer" dictRef="x:serial">4</scalar><scalar dataType="xsd:integer" dictRef="x:elementType">13</scalar><scalar dataType="xsd:double" dictRef="x:x3">0.0</scalar><scalar dataType="xsd:double" dictRef="x:y3">0.140852094</scalar><scalar dataType="xsd:double" dictRef="x:z3">0.0</scalar></list><list><scalar dataType="xsd:integer" dictRef="x:serial">5</scalar><scalar dataType="xsd:integer" dictRef="x:elementType">13</scalar><scalar dataType="xsd:double" dictRef="x:x3">0.055744836</scalar><scalar dataType="xsd:double" dictRef="x:y3">0.096505583</scalar><scalar dataType="xsd:double" dictRef="x:z3">0.0</scalar></list><list><scalar dataType="xsd:integer" dictRef="x:serial">6</scalar><scalar dataType="xsd:integer" dictRef="x:elementType">13</scalar><scalar dataType="xsd:double" dictRef="x:x3">0.121940418</scalar><scalar dataType="xsd:double" dictRef="x:y3">0.070438507</scalar><scalar dataType="xsd:double" dictRef="x:z3">0.0</scalar></list><list><scalar dataType="xsd:integer" dictRef="x:serial">7</scalar><scalar dataType="xsd:integer" dictRef="x:elementType">13</scalar><scalar dataType="xsd:double" dictRef="x:x3">0.111495245</scalar><scalar dataType="xsd:double" dictRef="x:y3">0.0</scalar><scalar dataType="xsd:double" dictRef="x:z3">0.0</scalar></list><list><scalar dataType="xsd:integer" dictRef="x:serial">8</scalar><scalar dataType="xsd:integer" dictRef="x:elementType">13</scalar><scalar dataType="xsd:double" dictRef="x:x3">0.121940418</scalar><scalar dataType="xsd:double" dictRef="x:y3">-0.070438506</scalar><scalar dataType="xsd:double" dictRef="x:z3">0.0</scalar></list><list><scalar dataType="xsd:integer" dictRef="x:serial">9</scalar><scalar dataType="xsd:integer" dictRef="x:elementType">13</scalar><scalar dataType="xsd:double" dictRef="x:x3">0.055744836</scalar><scalar dataType="xsd:double" dictRef="x:y3">-0.096505583</scalar><scalar dataType="xsd:double" dictRef="x:z3">0.0</scalar></list><list><scalar dataType="xsd:integer" dictRef="x:serial">10</scalar><scalar dataType="xsd:integer" dictRef="x:elementType">13</scalar><scalar dataType="xsd:double" dictRef="x:x3">0.0</scalar><scalar dataType="xsd:double" dictRef="x:y3">-0.140852094</scalar><scalar dataType="xsd:double" dictRef="x:z3">0.0</scalar></list><list><scalar dataType="xsd:integer" dictRef="x:serial">11</scalar><scalar dataType="xsd:integer" dictRef="x:elementType">13</scalar><scalar dataType="xsd:double" dictRef="x:x3">-0.055744836</scalar><scalar dataType="xsd:double" dictRef="x:y3">-0.096505583</scalar><scalar dataType="xsd:double" dictRef="x:z3">0.0</scalar></list><list><scalar dataType="xsd:integer" dictRef="x:serial">12</scalar><scalar dataType="xsd:integer" dictRef="x:elementType">13</scalar><scalar dataType="xsd:double" dictRef="x:x3">-0.121940418</scalar><scalar dataType="xsd:double" dictRef="x:y3">-0.070438507</scalar><scalar dataType="xsd:double" dictRef="x:z3">0.0</scalar></list></list><list cmlx:templateRef="cartesianforce"><list><scalar dataType="xsd:double" dictRef="cc:maxforce">0.140852094</scalar><scalar dataType="xsd:double" dictRef="cc:rmsforce">0.073323571</scalar></list></list></module><module cmlx:lineCount="165" cmlx:templateRef="l103" xmlns:xi="http://www.w3.org/2001/XInclude"><list cmlx:templateRef="berny"><scalar dataType="xsd:string" dictRef="g:optimization">Internal  Forces:  Max     0.106933230 RMS     0.035558961</scalar></list> Search for a local minimum. Step number  11 out of a maximum of 100 All quantities printed in internal units (Hartrees-Bohrs-Radians) Update second derivatives using D2CorX and points 10 11     Eigenvalues ---    0.03125   0.03125   0.03525   0.03653   0.04294     Eigenvalues ---    0.04294   0.04838   0.05515   0.05515   0.07281     Eigenvalues ---    0.11732   0.14038   0.14038   0.17808   0.18256     Eigenvalues ---    0.19778   0.21333   0.22007   0.22020   0.76465     Eigenvalues ---    0.76465   0.94352   0.94358   1.26221   1.35883     Eigenvalues ---    2.01397   2.03199   2.78122   2.78122   2.97499     Eigenvalues --- 1000.000001000.000001000.000001000.000001000.00000     Eigenvalues --- 1000.000001000.000001000.000001000.000001000.00000     Eigenvalues --- 1000.000001000.000001000.000001000.000001000.00000     Eigenvalues --- 1000.000001000.000001000.000001000.000001000.00000     Eigenvalues --- 1000.000001000.000001000.000001000.000001000.00000     Eigenvalues --- 1000.000001000.000001000.000001000.000001000.00000     Eigenvalues --- 1000.000001000.000001000.000001000.000001000.00000     Eigenvalues --- 1000.000001000.000001000.000001000.000001000.00000     Eigenvalues --- 1000.000001000.000001000.000001000.000001000.00000     Eigenvalues --- 1000.000001000.000001000.000001000.000001000.00000     Eigenvalues --- 1000.000001000.000001000.000001000.000001000.00000     Eigenvalues --- 1000.000001000.000001000.000001000.000001000.00000     Eigenvalues --- 1000.000001000.000001000.000001000.000001000.00000     Eigenvalues --- 1000.000001000.000001000.000001000.000001000.00000     Eigenvalues --- 1000.000001000.000001000.000001000.000001000.00000     Eigenvalues --- 1000.000001000.000001000.000001000.000001000.00000     Eigenvalues --- 1000.000001000.000001000.000001000.000001000.00000     Eigenvalues --- 1000.000001000.000001000.000001000.000001000.00000 RFO step:  Lambda=-9.61315462D-04. Quartic linear search produced a step of  0.62736. Iteration  1 RMS(Cart)=  0.03204922 RMS(Int)=  0.00014359 Iteration  2 RMS(Cart)=  0.00005014 RMS(Int)=  0.00012910 Iteration  3 RMS(Cart)=  0.00000001 RMS(Int)=  0.00012910<module cmlx:lineCount="122" cmlx:templateRef="l103.deltas"><list cmlx:lineCount="120" cmlx:templateRef="delta"><array dataType="xsd:string" dictRef="cc:variable" size="120">R1 R2 R3 R4 R5 R6 R7 R8 R9 R10 R11 R12 R13 R14 R15 R16 R17 R18 R19 R20 R21 R22 R23 R24 A1 A2 A3 A4 A5 A6 A7 A8 A9 A10 A11 A12 A13 A14 A15 A16 A17 A18 A19 A20 A21 A22 A23 A24 A25 A26 A27 A28 A29 A30 A31 A32 A33 A34 A35 A36 D1 D2 D3 D4 D5 D6 D7 D8 D9 D10 D11 D12 D13 D14 D15 D16 D17 D18 D19 D20 D21 D22 D23 D24 D25 D26 D27 D28 D29 D30 D31 D32 D33 D34 D35 D36 D37 D38 D39 D40 D41 D42 D43 D44 D45 D46 D47 D48 D49 D50 D51 D52 D53 D54 D55 D56 D57 D58 D59 D60</array><array dataType="xsd:double" dictRef="g:lastval" size="120">3.54071 6.78042 6.78042 3.54071 3.54071 6.89333 6.89333 3.54071 6.78042 3.54071 6.89333 3.54071 6.78042 3.54071 6.89333 3.54071 6.78042 3.54071 6.89333 3.54071 6.78042 3.54071 6.89333 3.54071 2.387 2.0944 2.387 2.32538 2.32538 2.0944 2.387 2.0944 2.387 2.32538 2.0944 2.32538 2.387 2.0944 2.387 2.32538 2.0944 2.32538 2.387 2.0944 2.387 2.32538 2.0944 2.32538 2.387 2.0944 2.387 2.32538 2.0944 2.32538 2.0944 2.387 2.387 2.32538 2.0944 2.32538 0.0 0.0 0.0 0.0 0.0 0.0 0.0 0.0 0.0 0.0 0.0 0.0 0.0 0.0 0.0 0.0 0.0 0.0 0.0 0.0 0.0 0.0 0.0 0.0 0.0 0.0 0.0 0.0 0.0 0.0 0.0 0.0 0.0 0.0 0.0 0.0 0.0 0.0 0.0 0.0 0.0 0.0 0.0 0.0 0.0 0.0 0.0 0.0 0.0 0.0 0.0 0.0 0.0 0.0 0.0 0.0 0.0 0.0 0.0 0.0</array><array dataType="xsd:double" dictRef="cc:deriv" size="120">0.05187 0.09177 0.09177 0.05187 0.05184 0.10693 0.10693 0.05186 0.09177 0.05186 0.10693 0.05184 0.09177 0.05187 0.10693 0.05187 0.09177 0.05184 0.10693 0.05186 0.09177 0.05186 0.10693 0.05184 0.00367 -1.0E-5 0.00367 -0.00367 -0.00369 0.0 0.0037 1.0E-5 0.00369 -0.00369 0.0 -0.00369 0.00369 1.0E-5 0.0037 -0.00367 0.0 -0.00369 0.00367 -1.0E-5 0.00367 -0.00369 0.0 -0.00367 0.0037 1.0E-5 0.00369 -0.00369 0.0 -0.00369 1.0E-5 0.0037 0.00369 -0.00367 0.0 -0.00369 0.0 0.0 0.0 0.0 0.0 0.0 0.0 0.0 0.0 0.0 0.0 0.0 0.0 0.0 0.0 0.0 0.0 0.0 0.0 0.0 0.0 0.0 0.0 0.0 0.0 0.0 0.0 0.0 0.0 0.0 0.0 0.0 0.0 0.0 0.0 0.0 0.0 0.0 0.0 0.0 0.0 0.0 0.0 0.0 0.0 0.0 0.0 0.0 0.0 0.0 0.0 0.0 0.0 0.0 0.0 0.0 0.0 0.0 0.0 0.0</array><array dataType="xsd:double" dictRef="cc:delta.linear" size="120">0.05008 0.09076 0.09076 0.05008 0.05008 0.10165 0.10165 0.05008 0.09076 0.05008 0.10165 0.05008 0.09076 0.05008 0.10165 0.05008 0.09076 0.05008 0.10165 0.05008 0.09076 0.05008 0.10165 0.05008 0.00259 0.0 0.00259 -0.00259 -0.00259 0.0 0.00259 0.0 0.00259 -0.00259 0.0 -0.00259 0.00259 0.0 0.00259 -0.00259 0.0 -0.00259 0.00259 0.0 0.00259 -0.00259 0.0 -0.00259 0.00259 0.0 0.00259 -0.00259 0.0 -0.00259 0.0 0.00259 0.00259 -0.00259 0.0 -0.00259 0.0 0.0 0.0 0.0 0.0 0.0 0.0 0.0 0.0 0.0 0.0 0.0 0.0 0.0 0.0 0.0 0.0 0.0 0.0 0.0 0.0 0.0 0.0 0.0 0.0 0.0 0.0 0.0 0.0 0.0 0.0 0.0 0.0 0.0 0.0 0.0 0.0 0.0 0.0 0.0 0.0 0.0 0.0 0.0 0.0 0.0 0.0 0.0 0.0 0.0 0.0 0.0 0.0 0.0 0.0 0.0 0.0 0.0 0.0 0.0</array><array dataType="xsd:double" dictRef="cc:delta.quad" size="120">0.00328 -0.02067 -0.02068 0.00328 1.0E-4 0.0173 0.02765 0.00328 -0.0080 0.00328 0.01731 1.0E-4 -0.02068 0.00328 0.02765 0.00328 -0.02067 1.0E-4 0.0173 0.00328 -0.0080 0.00328 0.01731 1.0E-4 0.01466 0.00308 0.01466 -0.01488 -0.0103 -0.00176 0.00545 -0.00154 0.0103 -0.00523 0.00352 -0.00523 0.0103 -0.00154 0.00545 -0.01488 -0.00176 -0.0103 0.01466 0.00308 0.01466 -0.0103 -0.00176 -0.01488 0.00545 -0.00154 0.0103 -0.00523 0.00352 -0.00523 -0.00154 0.00545 0.0103 -0.01488 -0.00176 -0.0103 0.0 0.0 0.0 0.0 0.0 0.0 0.0 0.0 0.0 0.0 0.0 0.0 0.0 0.0 0.0 0.0 0.0 0.0 0.0 0.0 0.0 0.0 0.0 0.0 0.0 0.0 0.0 0.0 0.0 0.0 0.0 0.0 0.0 0.0 0.0 0.0 0.0 0.0 0.0 0.0 0.0 0.0 0.0 0.0 0.0 0.0 0.0 0.0 0.0 0.0 0.0 0.0 0.0 0.0 0.0 0.0 0.0 0.0 0.0 0.0</array><array dataType="xsd:double" dictRef="cc:delta.total" size="120">0.05236 0.06698 0.06698 0.05236 0.05236 0.12685 0.12685 0.05236 0.06698 0.05236 0.12685 0.05236 0.06698 0.05236 0.12685 0.05236 0.06698 0.05236 0.12685 0.05236 0.06698 0.05236 0.12685 0.05236 0.01566 0.0 0.01566 -0.01566 -0.01566 0.0 0.01566 0.0 0.01566 -0.01566 0.0 -0.01566 0.01566 0.0 0.01566 -0.01566 0.0 -0.01566 0.01566 0.0 0.01566 -0.01566 0.0 -0.01566 0.01566 0.0 0.01566 -0.01566 0.0 -0.01566 0.0 0.01566 0.01566 -0.01566 0.0 -0.01566 0.0 0.0 0.0 0.0 0.0 0.0 0.0 0.0 0.0 0.0 0.0 0.0 0.0 0.0 0.0 0.0 0.0 0.0 0.0 0.0 0.0 0.0 0.0 0.0 0.0 0.0 0.0 0.0 0.0 0.0 0.0 0.0 0.0 0.0 0.0 0.0 0.0 0.0 0.0 0.0 0.0 0.0 0.0 0.0 0.0 0.0 0.0 0.0 0.0 0.0 0.0 0.0 0.0 0.0 0.0 0.0 0.0 0.0 0.0 0.0</array><array dataType="xsd:double" dictRef="cc:newval" size="120">3.59307 6.84739 6.84739 3.59307 3.59307 7.02018 7.02018 3.59307 6.84739 3.59307 7.02018 3.59307 6.84739 3.59307 7.02018 3.59307 6.84739 3.59307 7.02018 3.59307 6.84739 3.59307 7.02018 3.59307 2.40266 2.0944 2.40266 2.30973 2.30973 2.0944 2.40266 2.0944 2.40266 2.30973 2.0944 2.30973 2.40266 2.0944 2.40266 2.30973 2.0944 2.30973 2.40266 2.0944 2.40266 2.30973 2.0944 2.30973 2.40266 2.0944 2.40266 2.30973 2.0944 2.30973 2.0944 2.40266 2.40266 2.30973 2.0944 2.30973 0.0 0.0 0.0 0.0 0.0 0.0 0.0 0.0 0.0 0.0 0.0 0.0 0.0 0.0 0.0 0.0 0.0 0.0 0.0 0.0 0.0 0.0 0.0 0.0 0.0 0.0 0.0 0.0 0.0 0.0 0.0 0.0 0.0 0.0 0.0 0.0 0.0 0.0 0.0 0.0 0.0 0.0 0.0 0.0 0.0 0.0 0.0 0.0 0.0 0.0 0.0 0.0 0.0 0.0 0.0 0.0 0.0 0.0 0.0 0.0</array></list></module><module cmlx:lineCount="5" cmlx:templateRef="l103.itemconverge"><list cmlx:lineCount="4" cmlx:templateRef="components"><array dataType="xsd:string" dictRef="g:itemconverge"/><array dataType="xsd:double" dictRef="x:value" size="4">4.5E-4 3.0E-4 0.0018 0.0012</array><array dataType="xsd:double" dictRef="x:threshold" size="4">0.0 0.0 0.0 0.0</array><array dataType="xsd:string" dictRef="g:converged" size="4">NO NO NO NO</array></list></module> Predicted change in Energy=-1.479214D-01 GradGradGradGradGradGradGradGradGradGradGradGradGradGradGradGradGradGrad</module><module cmlx:lineCount="18" cmlx:templateRef="l202.orient"><list cmlx:templateRef="type"><scalar dataType="xsd:string" dictRef="g:type">Input</scalar></list><list cmlx:lineCount="12" cmlx:templateRef="atom"><array dataType="xsd:integer" dictRef="cc:serial" size="12">1 2 3 4 5 6 7 8 9 10 11 12</array><array dataType="xsd:integer" dictRef="cc:elementType" size="12">13 13 13 13 13 13 13 13 13 13 13 13</array><array dataType="xsd:integer" dictRef="g:atomicType" size="12">0 0 0 0 0 0 0 0 0 0 0 0</array><array dataType="xsd:double" dictRef="cc:x3" size="12">-3.623485 -3.217216 -1.811743 0.0 1.811743 3.217216 3.623485 3.217216 1.811743 0.0 -1.811743 -3.217216</array><array dataType="xsd:double" dictRef="cc:y3" size="12">0.0 1.857461 3.13803 3.714921 3.13803 1.857461 0.0 -1.857461 -3.13803 -3.714921 -3.13803 -1.857461</array><array dataType="xsd:double" dictRef="cc:z3" size="12">0.0 0.0 0.0 0.0 0.0 0.0 0.0 0.0 0.0 0.0 0.0 0.0</array></list></module><module cmlx:lineCount="14" cmlx:templateRef="l202.distmat"><list cmlx:templateRef="atom"><list><scalar dataType="xsd:integer" dictRef="cc:serial">1</scalar><scalar dataType="xsd:string" dictRef="cc:elementType">Al</scalar><scalar dataType="xsd:string" dictRef="cc:distances">0.000000</scalar></list><list><scalar dataType="xsd:integer" dictRef="cc:serial">2</scalar><scalar dataType="xsd:string" dictRef="cc:elementType">Al</scalar><scalar dataType="xsd:string" dictRef="cc:distances">1.901372   0.000000</scalar></list><list><scalar dataType="xsd:integer" dictRef="cc:serial">3</scalar><scalar dataType="xsd:string" dictRef="cc:elementType">Al</scalar><scalar dataType="xsd:string" dictRef="cc:distances">3.623485   1.901372   0.000000</scalar></list><list><scalar dataType="xsd:integer" dictRef="cc:serial">4</scalar><scalar dataType="xsd:string" dictRef="cc:elementType">Al</scalar><scalar dataType="xsd:string" dictRef="cc:distances">5.189440   3.714921   1.901372   0.000000</scalar></list><list><scalar dataType="xsd:integer" dictRef="cc:serial">5</scalar><scalar dataType="xsd:string" dictRef="cc:elementType">Al</scalar><scalar dataType="xsd:string" dictRef="cc:distances">6.276060   5.189440   3.623485   1.901372   0.000000</scalar></list><list><scalar dataType="xsd:integer" dictRef="cc:serial">6</scalar><scalar dataType="xsd:string" dictRef="cc:elementType">Al</scalar><scalar dataType="xsd:string" dictRef="cc:distances">7.088396   6.434433   5.189440   3.714921   1.901372</scalar></list><list><scalar dataType="xsd:integer" dictRef="cc:serial">7</scalar><scalar dataType="xsd:string" dictRef="cc:elementType">Al</scalar><scalar dataType="xsd:string" dictRef="cc:distances">7.246970   7.088396   6.276060   5.189440   3.623485</scalar></list><list><scalar dataType="xsd:integer" dictRef="cc:serial">8</scalar><scalar dataType="xsd:string" dictRef="cc:elementType">Al</scalar><scalar dataType="xsd:string" dictRef="cc:distances">7.088396   7.429843   7.088396   6.434433   5.189440</scalar></list><list><scalar dataType="xsd:integer" dictRef="cc:serial">9</scalar><scalar dataType="xsd:string" dictRef="cc:elementType">Al</scalar><scalar dataType="xsd:string" dictRef="cc:distances">6.276060   7.088396   7.246970   7.088396   6.276060</scalar></list><list><scalar dataType="xsd:integer" dictRef="cc:serial">10</scalar><scalar dataType="xsd:string" dictRef="cc:elementType">Al</scalar><scalar dataType="xsd:string" dictRef="cc:distances">5.189440   6.434433   7.088396   7.429843   7.088396</scalar></list><list><scalar dataType="xsd:integer" dictRef="cc:serial">11</scalar><scalar dataType="xsd:string" dictRef="cc:elementType">Al</scalar><scalar dataType="xsd:string" dictRef="cc:distances">3.623485   5.189440   6.276060   7.088396   7.246970</scalar></list><list><scalar dataType="xsd:integer" dictRef="cc:serial">12</scalar><scalar dataType="xsd:string" dictRef="cc:elementType">Al</scalar><scalar dataType="xsd:string" dictRef="cc:distances">1.901372   3.714921   5.189440   6.434433   7.088396</scalar></list></list></module>                    6          7          8          9         10     6  Al   0.000000     7  Al   1.901372   0.000000     8  Al   3.714921   1.901372   0.000000     9  Al   5.189440   3.623485   1.901372   0.000000    10  Al   6.434433   5.189440   3.714921   1.901372   0.000000    11  Al   7.088396   6.276060   5.189440   3.623485   1.901372    12  Al   7.429843   7.088396   6.434433   5.189440   3.714921                   11         12    11  Al   0.000000    12  Al   1.901372   0.000000<module cmlx:lineCount="6" cmlx:templateRef="l202.stoich"><list cmlx:templateRef="stoich"><scalar dataType="xsd:string" dictRef="cc:formula">Al12</scalar></list><list cmlx:templateRef="framework"><scalar dataType="xsd:string" dictRef="cc:frameworkgroup">D6H[3C2'(Al.Al),3C2"(Al.Al)]</scalar></list> Full point group                 D6H Largest Abelian subgroup         D2H     NOp   8 Largest concise Abelian subgroup D2      NOp   4</module><module cmlx:lineCount="18" cmlx:templateRef="l202.orient"><list cmlx:templateRef="type"><scalar dataType="xsd:string" dictRef="g:type">Standard</scalar></list><list cmlx:lineCount="12" cmlx:templateRef="atom"><array dataType="xsd:integer" dictRef="cc:serial" size="12">1 2 3 4 5 6 7 8 9 10 11 12</array><array dataType="xsd:integer" dictRef="cc:elementType" size="12">13 13 13 13 13 13 13 13 13 13 13 13</array><array dataType="xsd:integer" dictRef="g:atomicType" size="12">0 0 0 0 0 0 0 0 0 0 0 0</array><array dataType="xsd:double" dictRef="cc:x3" size="12">0.0 1.857461 3.13803 3.714921 3.13803 1.857461 0.0 -1.857461 -3.13803 -3.714921 -3.13803 -1.857461</array><array dataType="xsd:double" dictRef="cc:y3" size="12">3.623485 3.217216 1.811743 0.0 -1.811743 -3.217216 -3.623485 -3.217216 -1.811743 0.0 1.811743 3.217216</array><array dataType="xsd:double" dictRef="cc:z3" size="12">0.0 0.0 0.0 0.0 0.0 0.0 0.0 0.0 0.0 0.0 0.0 0.0</array></list></module><module cmlx:lineCount="1" cmlx:templateRef="l202.rotconst"/><module cmlx:lineCount="16" cmlx:templateRef="l301.basis"><list cmlx:templateRef="basis"><list><scalar dataType="xsd:string" dictRef="cc:basis">6-31G(d)</scalar><scalar dataType="xsd:string" dictRef="cc:diffuse">(6D, 7F)</scalar></list></list><list cmlx:templateRef="symmadapt"><list><scalar dataType="xsd:integer" dictRef="cc:adapted">48</scalar><scalar dataType="xsd:string" dictRef="cc:symm">AG</scalar></list><list><scalar dataType="xsd:integer" dictRef="cc:adapted">36</scalar><scalar dataType="xsd:string" dictRef="cc:symm">B1G</scalar></list><list><scalar dataType="xsd:integer" dictRef="cc:adapted">15</scalar><scalar dataType="xsd:string" dictRef="cc:symm">B2G</scalar></list><list><scalar dataType="xsd:integer" dictRef="cc:adapted">15</scalar><scalar dataType="xsd:string" dictRef="cc:symm">B3G</scalar></list><list><scalar dataType="xsd:integer" dictRef="cc:adapted">12</scalar><scalar dataType="xsd:string" dictRef="cc:symm">AU</scalar></list><list><scalar dataType="xsd:integer" dictRef="cc:adapted">18</scalar><scalar dataType="xsd:string" dictRef="cc:symm">B1U</scalar></list><list><scalar dataType="xsd:integer" dictRef="cc:adapted">42</scalar><scalar dataType="xsd:string" dictRef="cc:symm">B2U</scalar></list><list><scalar dataType="xsd:integer" dictRef="cc:adapted">42</scalar><scalar dataType="xsd:string" dictRef="cc:symm">B3U</scalar></list></list><list cmlx:templateRef="buffer"><scalar dataType="xsd:integer" dictRef="g:buffer">131072</scalar></list><list cmlx:templateRef="raff"><scalar dataType="xsd:string" dictRef="g:raffenetti">Raffenetti</scalar></list><list cmlx:templateRef="twoe"><scalar dataType="xsd:string" dictRef="g:twoe">Two-electron</scalar></list><list cmlx:templateRef="basiscount"><list><scalar dataType="xsd:integer" dictRef="cc:basiscount">228</scalar><scalar dataType="xsd:integer" dictRef="g:primbasis">624</scalar><scalar dataType="xsd:integer" dictRef="cc:cartesianbasis">228</scalar></list></list><list cmlx:templateRef="alphabeta"><list><scalar dataType="xsd:integer" dictRef="cc:alphae">78</scalar><scalar dataType="xsd:integer" dictRef="cc:betae">78</scalar></list></list> NAtoms=   12 NActive=   12 NUniq=    2 SFac= 3.00D+00 NAtFMM=   80 NAOKFM=F Big=F</module><module cmlx:lineCount="1" cmlx:templateRef="l302.basis"><list cmlx:templateRef="onee"><scalar dataType="xsd:string" dictRef="g:onee">One-electron integrals</scalar></list></module> NBasis=   228 RedAO= T  NBF=    48    36    15    15    12    18    42    42 NBsUse=   228 1.00D-06 NBFU=    48    36    15    15    12    18    42    42 Initial guess read from the read-write file:<module cmlx:lineCount="1" cmlx:templateRef="l401.orbsym"><list cmlx:templateRef="l401"><scalar dataType="xsd:string" dictRef="g:l401">Initial guess orbital symmetries:</scalar></list></module>       Occupied  (?A) (?A) (?A) (?A) (?A) (?A) (?B) (?A) (?B) (?A)                 (?B) (?A) (A1G) (E1U) (E1U) (E2G) (E2G) (B2U)                 (B1U) (E2G) (E2G) (E1U) (E1U) (A1G) (A2G) (E1U)                 (E1U) (E2G) (E2G) (B2U) (B1U) (E2G) (E2G) (A1G)                 (E1U) (E1U) (A2U) (E1G) (E1G) (E2U) (E2U) (B1G)                 (B2G) (B1U) (B2U) (E2U) (E2U) (E2G) (E2G) (E1U)                 (E1U) (E1G) (E1G) (A1G) (A2U) (E2G) (E2G) (E1U)                 (E1U) (A2G) (A1G) (E1U) (E1U) (E2G) (E2G) (B2U)                 (B1U) (E2G) (E2G) (E1U) (E1U) (A1G) (A2U) (E1G)                 (E1G) (E1U) (E1U) (A2G)       Virtual   (E2U) (E2U) (E2G) (E2G) (B1G) (B2G) (B2U) (B1U)                 (E2U) (E2U) (A1G) (E2G) (E2G) (E1U) (E1U) (A1G)                 (E1U) (E1U) (E1G) (E1G) (E2G) (E2G) (E1U) (E1U)                 (A2U) (A1G) (B2U) (B1U) (E2G) (E2G) (A2G) (E1G)                 (E1G) (A2U) (E2U) (E2U) (E1U) (E1U) (A1G) (E2G)                 (E2G) (B1G) (B2G) (E2G) (E2G) (B2U) (B1U) (E1U)                 (E1U) (E2U) (E2U) (A1U) (E2G) (E2G) (B2U) (B1U)                 (E1U) (E1U) (E1G) (E1G) (A1G) (A2U) (E2G) (E2G)                 (E1U) (E1U) (A2G) (E1G) (E1G) (A2U) (E1G) (E1G)                 (E2U) (E2U) (E1U) (E1U) (E2G) (E2G) (A1G) (E2G)                 (E2G) (B2U) (B1U) (E1U) (E1U) (A2G) (B1G) (A1G)                 (B2G) (E2U) (E2U) (E2G) (E2G) (E1U) (E1U) (B1U)                 (B2U) (E1U) (E1U) (A1G) (E2G) (E2G) (E2U) (E2U)                 (B2G) (E1G) (E1G) (B1G) (E2G) (E2G) (A2U) (E1U)                 (E1U) (A1G) (B1U) (A2G) (E1U) (E1U) (B2U) (E2G)                 (E2G) (E2U) (E2U) (E1G) (E1G) (A1U) (B2U) (B1U)                 (E2G) (E2G) (E2G) (E2G) (E1U) (E1U) (A2G) (E1U)                 (E1U) (A1G) (E2G) (E2G) (A1G) (E1U) (E1U) (B1U)                 (B2U) (E2G) (E2G) (E1U) (E1U) (A1G) Harris functional with IExCor=  402 diagonalized for initial guess. ExpMin= 5.57D-02 ExpMax= 1.40D+04 ExpMxC= 2.10D+03 IAcc=2 IRadAn=         4 AccDes= 0.00D+00 HarFok:  IExCor= 402 AccDes= 0.00D+00 IRadAn=         4 IDoV=1 ScaDFX=  1.000000  1.000000  1.000000  1.000000 Requested convergence on RMS density matrix=1.00D-08 within 128 cycles. Requested convergence on MAX density matrix=1.00D-06. Requested convergence on             energy=1.00D-06. No special actions if energy rises. Keep R1 integrals in memory in canonical form, NReq=   347900531. Integral accuracy reduced to 1.0D-05 until final iterations. Density matrix breaks symmetry, PCut= 1.00D-04 Density has only Abelian symmetry. Density matrix breaks symmetry, PCut= 1.00D-04 Density has only Abelian symmetry. Density matrix breaks symmetry, PCut= 1.00D-04 Density has only Abelian symmetry. Density matrix breaks symmetry, PCut= 1.00D-04 Density has only Abelian symmetry. Density matrix breaks symmetry, PCut= 1.00D-04 Density has only Abelian symmetry. Density matrix breaks symmetry, PCut= 1.00D-04 Density has only Abelian symmetry. Initial convergence to 1.0D-05 achieved.  Increase integral accuracy. Density matrix breaks symmetry, PCut= 1.00D-04 Density has only Abelian symmetry. Density matrix breaks symmetry, PCut= 1.00D-04 Density has only Abelian symmetry. Density matrix breaks symmetry, PCut= 1.00D-04 Density has only Abelian symmetry. Density matrix breaks symmetry, PCut= 1.00D-04 Density has only Abelian symmetry. Density matrix breaks symmetry, PCut= 1.00D-04 Density has only Abelian symmetry. Density matrix breaks symmetry, PCut= 1.00D-04 Density has only Abelian symmetry. Density matrix breaks symmetry, PCut= 1.00D-04 Density has only Abelian symmetry. Density matrix breaks symmetry, PCut= 1.00D-04 Density has only Abelian symmetry. Density matrix breaks symmetry, PCut= 1.00D-04 Density has only Abelian symmetry. Density matrix breaks symmetry, PCut= 1.00D-04 Density has only Abelian symmetry. SCF Done:  E(RB+HF-LYP) =  -2907.96983401     A.U. after   15 cycles             Convg  =    0.7804D-08             -V/T =  2.0002             S**2   =   0.0000 Density matrix has only Abelian symmetry. Density matrix has only Abelian symmetry. ***** Axes restored to original set *****<module cmlx:lineCount="18" cmlx:templateRef="forces"><list cmlx:templateRef="force"><list><scalar dataType="xsd:integer" dictRef="x:serial">1</scalar><scalar dataType="xsd:integer" dictRef="x:elementType">13</scalar><scalar dataType="xsd:double" dictRef="x:x3">-0.094728993</scalar><scalar dataType="xsd:double" dictRef="x:y3">0.0</scalar><scalar dataType="xsd:double" dictRef="x:z3">0.0</scalar></list><list><scalar dataType="xsd:integer" dictRef="x:serial">2</scalar><scalar dataType="xsd:integer" dictRef="x:elementType">13</scalar><scalar dataType="xsd:double" dictRef="x:x3">-0.115372885</scalar><scalar dataType="xsd:double" dictRef="x:y3">0.066591283</scalar><scalar dataType="xsd:double" dictRef="x:z3">0.0</scalar></list><list><scalar dataType="xsd:integer" dictRef="x:serial">3</scalar><scalar dataType="xsd:integer" dictRef="x:elementType">13</scalar><scalar dataType="xsd:double" dictRef="x:x3">-0.047303833</scalar><scalar dataType="xsd:double" dictRef="x:y3">0.082012375</scalar><scalar dataType="xsd:double" dictRef="x:z3">0.0</scalar></list><list><scalar dataType="xsd:integer" dictRef="x:serial">4</scalar><scalar dataType="xsd:integer" dictRef="x:elementType">13</scalar><scalar dataType="xsd:double" dictRef="x:x3">0.0</scalar><scalar dataType="xsd:double" dictRef="x:y3">0.133212547</scalar><scalar dataType="xsd:double" dictRef="x:z3">0.0</scalar></list><list><scalar dataType="xsd:integer" dictRef="x:serial">5</scalar><scalar dataType="xsd:integer" dictRef="x:elementType">13</scalar><scalar dataType="xsd:double" dictRef="x:x3">0.047303833</scalar><scalar dataType="xsd:double" dictRef="x:y3">0.082012375</scalar><scalar dataType="xsd:double" dictRef="x:z3">0.0</scalar></list><list><scalar dataType="xsd:integer" dictRef="x:serial">6</scalar><scalar dataType="xsd:integer" dictRef="x:elementType">13</scalar><scalar dataType="xsd:double" dictRef="x:x3">0.115372885</scalar><scalar dataType="xsd:double" dictRef="x:y3">0.066591283</scalar><scalar dataType="xsd:double" dictRef="x:z3">0.0</scalar></list><list><scalar dataType="xsd:integer" dictRef="x:serial">7</scalar><scalar dataType="xsd:integer" dictRef="x:elementType">13</scalar><scalar dataType="xsd:double" dictRef="x:x3">0.094728993</scalar><scalar dataType="xsd:double" dictRef="x:y3">0.0</scalar><scalar dataType="xsd:double" dictRef="x:z3">0.0</scalar></list><list><scalar dataType="xsd:integer" dictRef="x:serial">8</scalar><scalar dataType="xsd:integer" dictRef="x:elementType">13</scalar><scalar dataType="xsd:double" dictRef="x:x3">0.115372885</scalar><scalar dataType="xsd:double" dictRef="x:y3">-0.066591283</scalar><scalar dataType="xsd:double" dictRef="x:z3">0.0</scalar></list><list><scalar dataType="xsd:integer" dictRef="x:serial">9</scalar><scalar dataType="xsd:integer" dictRef="x:elementType">13</scalar><scalar dataType="xsd:double" dictRef="x:x3">0.047303833</scalar><scalar dataType="xsd:double" dictRef="x:y3">-0.082012375</scalar><scalar dataType="xsd:double" dictRef="x:z3">0.0</scalar></list><list><scalar dataType="xsd:integer" dictRef="x:serial">10</scalar><scalar dataType="xsd:integer" dictRef="x:elementType">13</scalar><scalar dataType="xsd:double" dictRef="x:x3">0.0</scalar><scalar dataType="xsd:double" dictRef="x:y3">-0.133212547</scalar><scalar dataType="xsd:double" dictRef="x:z3">0.0</scalar></list><list><scalar dataType="xsd:integer" dictRef="x:serial">11</scalar><scalar dataType="xsd:integer" dictRef="x:elementType">13</scalar><scalar dataType="xsd:double" dictRef="x:x3">-0.047303833</scalar><scalar dataType="xsd:double" dictRef="x:y3">-0.082012375</scalar><scalar dataType="xsd:double" dictRef="x:z3">0.0</scalar></list><list><scalar dataType="xsd:integer" dictRef="x:serial">12</scalar><scalar dataType="xsd:integer" dictRef="x:elementType">13</scalar><scalar dataType="xsd:double" dictRef="x:x3">-0.115372885</scalar><scalar dataType="xsd:double" dictRef="x:y3">-0.066591283</scalar><scalar dataType="xsd:double" dictRef="x:z3">0.0</scalar></list></list><list cmlx:templateRef="cartesianforce"><list><scalar dataType="xsd:double" dictRef="cc:maxforce">0.133212547</scalar><scalar dataType="xsd:double" dictRef="cc:rmsforce">0.066723781</scalar></list></list></module><module cmlx:lineCount="166" cmlx:templateRef="l103" xmlns:xi="http://www.w3.org/2001/XInclude"><list cmlx:templateRef="berny"><scalar dataType="xsd:string" dictRef="g:optimization">Internal  Forces:  Max     0.099539326 RMS     0.032251231</scalar></list> Search for a local minimum. Step number  12 out of a maximum of 100 All quantities printed in internal units (Hartrees-Bohrs-Radians) Update second derivatives using D2CorX and points 11 12<module cmlx:lineCount="1" cmlx:templateRef="l103.trust"> Trust test= 9.85D-01 RLast= 4.03D-01 DXMaxT set to 8.49D-01</module>     Eigenvalues ---    0.03128   0.03128   0.03498   0.03691   0.04300     Eigenvalues ---    0.04300   0.05023   0.05511   0.05511   0.07281     Eigenvalues ---    0.13827   0.13827   0.16908   0.17466   0.17901     Eigenvalues ---    0.19267   0.21641   0.22135   0.22139   0.76864     Eigenvalues ---    0.76864   0.94591   0.94593   1.24259   1.39047     Eigenvalues ---    2.02373   2.02682   2.78437   2.78437   2.97524     Eigenvalues --- 1000.000001000.000001000.000001000.000001000.00000     Eigenvalues --- 1000.000001000.000001000.000001000.000001000.00000     Eigenvalues --- 1000.000001000.000001000.000001000.000001000.00000     Eigenvalues --- 1000.000001000.000001000.000001000.000001000.00000     Eigenvalues --- 1000.000001000.000001000.000001000.000001000.00000     Eigenvalues --- 1000.000001000.000001000.000001000.000001000.00000     Eigenvalues --- 1000.000001000.000001000.000001000.000001000.00000     Eigenvalues --- 1000.000001000.000001000.000001000.000001000.00000     Eigenvalues --- 1000.000001000.000001000.000001000.000001000.00000     Eigenvalues --- 1000.000001000.000001000.000001000.000001000.00000     Eigenvalues --- 1000.000001000.000001000.000001000.000001000.00000     Eigenvalues --- 1000.000001000.000001000.000001000.000001000.00000     Eigenvalues --- 1000.000001000.000001000.000001000.000001000.00000     Eigenvalues --- 1000.000001000.000001000.000001000.000001000.00000     Eigenvalues --- 1000.000001000.000001000.000001000.000001000.00000     Eigenvalues --- 1000.000001000.000001000.000001000.000001000.00000     Eigenvalues --- 1000.000001000.000001000.000001000.000001000.00000     Eigenvalues --- 1000.000001000.000001000.000001000.000001000.00000 RFO step:  Lambda=-7.96990182D-03. Quartic linear search produced a step of  2.00000. Iteration  1 RMS(Cart)=  0.05687396 RMS(Int)=  0.00028898 Iteration  2 RMS(Cart)=  0.00003061 RMS(Int)=  0.00028652 Iteration  3 RMS(Cart)=  0.00000001 RMS(Int)=  0.00028652<module cmlx:lineCount="122" cmlx:templateRef="l103.deltas"><list cmlx:lineCount="120" cmlx:templateRef="delta"><array dataType="xsd:string" dictRef="cc:variable" size="120">R1 R2 R3 R4 R5 R6 R7 R8 R9 R10 R11 R12 R13 R14 R15 R16 R17 R18 R19 R20 R21 R22 R23 R24 A1 A2 A3 A4 A5 A6 A7 A8 A9 A10 A11 A12 A13 A14 A15 A16 A17 A18 A19 A20 A21 A22 A23 A24 A25 A26 A27 A28 A29 A30 A31 A32 A33 A34 A35 A36 D1 D2 D3 D4 D5 D6 D7 D8 D9 D10 D11 D12 D13 D14 D15 D16 D17 D18 D19 D20 D21 D22 D23 D24 D25 D26 D27 D28 D29 D30 D31 D32 D33 D34 D35 D36 D37 D38 D39 D40 D41 D42 D43 D44 D45 D46 D47 D48 D49 D50 D51 D52 D53 D54 D55 D56 D57 D58 D59 D60</array><array dataType="xsd:double" dictRef="g:lastval" size="120">3.59307 6.84739 6.84739 3.59307 3.59307 7.02018 7.02018 3.59307 6.84739 3.59307 7.02018 3.59307 6.84739 3.59307 7.02018 3.59307 6.84739 3.59307 7.02018 3.59307 6.84739 3.59307 7.02018 3.59307 2.40266 2.0944 2.40266 2.30973 2.30973 2.0944 2.40266 2.0944 2.40266 2.30973 2.0944 2.30973 2.40266 2.0944 2.40266 2.30973 2.0944 2.30973 2.40266 2.0944 2.40266 2.30973 2.0944 2.30973 2.40266 2.0944 2.40266 2.30973 2.0944 2.30973 2.0944 2.40266 2.40266 2.30973 2.0944 2.30973 0.0 0.0 0.0 0.0 0.0 0.0 0.0 0.0 0.0 0.0 0.0 0.0 0.0 0.0 0.0 0.0 0.0 0.0 0.0 0.0 0.0 0.0 0.0 0.0 0.0 0.0 0.0 0.0 0.0 0.0 0.0 0.0 0.0 0.0 0.0 0.0 0.0 0.0 0.0 0.0 0.0 0.0 0.0 0.0 0.0 0.0 0.0 0.0 0.0 0.0 0.0 0.0 0.0 0.0 0.0 0.0 0.0 0.0 0.0 0.0</array><array dataType="xsd:double" dictRef="cc:deriv" size="120">0.04722 0.07967 0.07967 0.04722 0.04723 0.09954 0.09952 0.04721 0.07965 0.04721 0.09954 0.04723 0.07967 0.04722 0.09952 0.04722 0.07967 0.04723 0.09954 0.04721 0.07965 0.04721 0.09954 0.04723 0.00472 -2.0E-5 0.00472 -0.00473 -0.00474 0.0 0.00475 1.0E-5 0.00474 -0.00473 1.0E-5 -0.00473 0.00474 1.0E-5 0.00475 -0.00473 0.0 -0.00474 0.00472 -2.0E-5 0.00472 -0.00474 0.0 -0.00473 0.00475 1.0E-5 0.00474 -0.00473 1.0E-5 -0.00473 1.0E-5 0.00475 0.00474 -0.00473 0.0 -0.00474 0.0 0.0 0.0 0.0 0.0 0.0 0.0 0.0 0.0 0.0 0.0 0.0 0.0 0.0 0.0 0.0 0.0 0.0 0.0 0.0 0.0 0.0 0.0 0.0 0.0 0.0 0.0 0.0 0.0 0.0 0.0 0.0 0.0 0.0 0.0 0.0 0.0 0.0 0.0 0.0 0.0 0.0 0.0 0.0 0.0 0.0 0.0 0.0 0.0 0.0 0.0 0.0 0.0 0.0 0.0 0.0 0.0 0.0 0.0 0.0</array><array dataType="xsd:double" dictRef="cc:delta.linear" size="120">0.10473 0.13396 0.13396 0.10473 0.10473 0.2537 0.2537 0.10473 0.13396 0.10473 0.2537 0.10473 0.13396 0.10473 0.2537 0.10473 0.13396 0.10473 0.2537 0.10473 0.13396 0.10473 0.2537 0.10473 0.03132 0.0 0.03132 -0.03132 -0.03132 0.0 0.03132 0.0 0.03132 -0.03132 0.0 -0.03132 0.03132 0.0 0.03132 -0.03132 0.0 -0.03132 0.03132 0.0 0.03132 -0.03132 0.0 -0.03132 0.03132 0.0 0.03132 -0.03132 0.0 -0.03132 0.0 0.03132 0.03132 -0.03132 0.0 -0.03132 0.0 0.0 0.0 0.0 0.0 0.0 0.0 0.0 0.0 0.0 0.0 0.0 0.0 0.0 0.0 0.0 0.0 0.0 0.0 0.0 0.0 0.0 0.0 0.0 0.0 0.0 0.0 0.0 0.0 0.0 0.0 0.0 0.0 0.0 0.0 0.0 0.0 0.0 0.0 0.0 0.0 0.0 0.0 0.0 0.0 0.0 0.0 0.0 0.0 0.0 0.0 0.0 0.0 0.0 0.0 0.0 0.0 0.0 0.0 0.0</array><array dataType="xsd:double" dictRef="cc:delta.quad" size="120">-0.01276 0.05245 0.05246 -0.01276 -0.01398 -0.08222 -0.07939 -0.01278 0.05641 -0.01278 -0.08223 -0.01398 0.05246 -0.01276 -0.07939 -0.01276 0.05245 -0.01398 -0.08222 -0.01278 0.05641 -0.01278 -0.08223 -0.01398 -0.03514 6.5E-4 -0.03515 0.03492 0.03601 -5.6E-4 -0.03737 -3.2E-4 -0.03601 0.0376 0.00111 0.03759 -0.03602 -3.3E-4 -0.03737 0.03492 -5.5E-4 0.03602 -0.03514 6.5E-4 -0.03515 0.03601 -5.6E-4 0.03492 -0.03737 -3.2E-4 -0.03601 0.0376 0.00111 0.03759 -3.3E-4 -0.03737 -0.03602 0.03492 -5.5E-4 0.03602 0.0 0.0 0.0 0.0 0.0 0.0 0.0 0.0 0.0 0.0 0.0 0.0 0.0 0.0 0.0 0.0 0.0 0.0 0.0 0.0 0.0 0.0 0.0 0.0 0.0 0.0 0.0 0.0 0.0 0.0 0.0 0.0 0.0 0.0 0.0 0.0 0.0 0.0 0.0 0.0 0.0 0.0 0.0 0.0 0.0 0.0 0.0 0.0 0.0 0.0 0.0 0.0 0.0 0.0 0.0 0.0 0.0 0.0 0.0 0.0</array><array dataType="xsd:double" dictRef="cc:delta.total" size="120">0.09245 0.18588 0.18588 0.09245 0.09245 0.1737 0.1737 0.09245 0.18588 0.09245 0.1737 0.09245 0.18588 0.09245 0.1737 0.09245 0.18588 0.09245 0.1737 0.09245 0.18588 0.09245 0.1737 0.09245 -0.00436 0.0 -0.00436 0.00436 0.00436 0.0 -0.00436 0.0 -0.00436 0.00436 0.0 0.00436 -0.00436 0.0 -0.00436 0.00436 0.0 0.00436 -0.00436 0.0 -0.00436 0.00436 0.0 0.00436 -0.00436 0.0 -0.00436 0.00436 0.0 0.00436 0.0 -0.00436 -0.00436 0.00436 0.0 0.00436 0.0 0.0 0.0 0.0 0.0 0.0 0.0 0.0 0.0 0.0 0.0 0.0 0.0 0.0 0.0 0.0 0.0 0.0 0.0 0.0 0.0 0.0 0.0 0.0 0.0 0.0 0.0 0.0 0.0 0.0 0.0 0.0 0.0 0.0 0.0 0.0 0.0 0.0 0.0 0.0 0.0 0.0 0.0 0.0 0.0 0.0 0.0 0.0 0.0 0.0 0.0 0.0 0.0 0.0 0.0 0.0 0.0 0.0 0.0 0.0</array><array dataType="xsd:double" dictRef="cc:newval" size="120">3.68552 7.03327 7.03327 3.68552 3.68552 7.19388 7.19388 3.68552 7.03327 3.68552 7.19388 3.68552 7.03327 3.68552 7.19388 3.68552 7.03327 3.68552 7.19388 3.68552 7.03327 3.68552 7.19388 3.68552 2.3983 2.0944 2.3983 2.31409 2.31409 2.0944 2.3983 2.0944 2.3983 2.31409 2.0944 2.31409 2.3983 2.0944 2.3983 2.31409 2.0944 2.31409 2.3983 2.0944 2.3983 2.31409 2.0944 2.31409 2.3983 2.0944 2.3983 2.31409 2.0944 2.31409 2.0944 2.3983 2.3983 2.31409 2.0944 2.31409 0.0 0.0 0.0 0.0 0.0 0.0 0.0 0.0 0.0 0.0 0.0 0.0 0.0 0.0 0.0 0.0 0.0 0.0 0.0 0.0 0.0 0.0 0.0 0.0 0.0 0.0 0.0 0.0 0.0 0.0 0.0 0.0 0.0 0.0 0.0 0.0 0.0 0.0 0.0 0.0 0.0 0.0 0.0 0.0 0.0 0.0 0.0 0.0 0.0 0.0 0.0 0.0 0.0 0.0 0.0 0.0 0.0 0.0 0.0 0.0</array></list></module><module cmlx:lineCount="5" cmlx:templateRef="l103.itemconverge"><list cmlx:lineCount="4" cmlx:templateRef="components"><array dataType="xsd:string" dictRef="g:itemconverge"/><array dataType="xsd:double" dictRef="x:value" size="4">4.5E-4 3.0E-4 0.0018 0.0012</array><array dataType="xsd:double" dictRef="x:threshold" size="4">0.0 0.0 0.0 0.0</array><array dataType="xsd:string" dictRef="g:converged" size="4">NO NO NO NO</array></list></module> Predicted change in Energy=-2.140545D-01 GradGradGradGradGradGradGradGradGradGradGradGradGradGradGradGradGradGrad</module><module cmlx:lineCount="18" cmlx:templateRef="l202.orient"><list cmlx:templateRef="type"><scalar dataType="xsd:string" dictRef="g:type">Input</scalar></list><list cmlx:lineCount="12" cmlx:templateRef="atom"><array dataType="xsd:integer" dictRef="cc:serial" size="12">1 2 3 4 5 6 7 8 9 10 11 12</array><array dataType="xsd:integer" dictRef="cc:elementType" size="12">13 13 13 13 13 13 13 13 13 13 13 13</array><array dataType="xsd:integer" dictRef="g:atomicType" size="12">0 0 0 0 0 0 0 0 0 0 0 0</array><array dataType="xsd:double" dictRef="cc:x3" size="12">-3.721848 -3.296818 -1.860924 0.0 1.860924 3.296818 3.721848 3.296818 1.860924 0.0 -1.860924 -3.296818</array><array dataType="xsd:double" dictRef="cc:y3" size="12">0.0 1.903419 3.223215 3.806838 3.223215 1.903419 0.0 -1.903419 -3.223215 -3.806838 -3.223215 -1.903419</array><array dataType="xsd:double" dictRef="cc:z3" size="12">0.0 0.0 0.0 0.0 0.0 0.0 0.0 0.0 0.0 0.0 0.0 0.0</array></list></module><module cmlx:lineCount="14" cmlx:templateRef="l202.distmat"><list cmlx:templateRef="atom"><list><scalar dataType="xsd:integer" dictRef="cc:serial">1</scalar><scalar dataType="xsd:string" dictRef="cc:elementType">Al</scalar><scalar dataType="xsd:string" dictRef="cc:distances">0.000000</scalar></list><list><scalar dataType="xsd:integer" dictRef="cc:serial">2</scalar><scalar dataType="xsd:string" dictRef="cc:elementType">Al</scalar><scalar dataType="xsd:string" dictRef="cc:distances">1.950296   0.000000</scalar></list><list><scalar dataType="xsd:integer" dictRef="cc:serial">3</scalar><scalar dataType="xsd:string" dictRef="cc:elementType">Al</scalar><scalar dataType="xsd:string" dictRef="cc:distances">3.721848   1.950296   0.000000</scalar></list><list><scalar dataType="xsd:integer" dictRef="cc:serial">4</scalar><scalar dataType="xsd:string" dictRef="cc:elementType">Al</scalar><scalar dataType="xsd:string" dictRef="cc:distances">5.323924   3.806838   1.950296   0.000000</scalar></list><list><scalar dataType="xsd:integer" dictRef="cc:serial">5</scalar><scalar dataType="xsd:string" dictRef="cc:elementType">Al</scalar><scalar dataType="xsd:string" dictRef="cc:distances">6.446430   5.323924   3.721848   1.950296   0.000000</scalar></list><list><scalar dataType="xsd:integer" dictRef="cc:serial">6</scalar><scalar dataType="xsd:string" dictRef="cc:elementType">Al</scalar><scalar dataType="xsd:string" dictRef="cc:distances">7.272185   6.593636   5.323924   3.806838   1.950296</scalar></list><list><scalar dataType="xsd:integer" dictRef="cc:serial">7</scalar><scalar dataType="xsd:string" dictRef="cc:elementType">Al</scalar><scalar dataType="xsd:string" dictRef="cc:distances">7.443696   7.272185   6.446430   5.323924   3.721848</scalar></list><list><scalar dataType="xsd:integer" dictRef="cc:serial">8</scalar><scalar dataType="xsd:string" dictRef="cc:elementType">Al</scalar><scalar dataType="xsd:string" dictRef="cc:distances">7.272185   7.613675   7.272185   6.593636   5.323924</scalar></list><list><scalar dataType="xsd:integer" dictRef="cc:serial">9</scalar><scalar dataType="xsd:string" dictRef="cc:elementType">Al</scalar><scalar dataType="xsd:string" dictRef="cc:distances">6.446430   7.272185   7.443696   7.272185   6.446430</scalar></list><list><scalar dataType="xsd:integer" dictRef="cc:serial">10</scalar><scalar dataType="xsd:string" dictRef="cc:elementType">Al</scalar><scalar dataType="xsd:string" dictRef="cc:distances">5.323924   6.593636   7.272185   7.613675   7.272185</scalar></list><list><scalar dataType="xsd:integer" dictRef="cc:serial">11</scalar><scalar dataType="xsd:string" dictRef="cc:elementType">Al</scalar><scalar dataType="xsd:string" dictRef="cc:distances">3.721848   5.323924   6.446430   7.272185   7.443696</scalar></list><list><scalar dataType="xsd:integer" dictRef="cc:serial">12</scalar><scalar dataType="xsd:string" dictRef="cc:elementType">Al</scalar><scalar dataType="xsd:string" dictRef="cc:distances">1.950296   3.806838   5.323924   6.593636   7.272185</scalar></list></list></module>                    6          7          8          9         10     6  Al   0.000000     7  Al   1.950296   0.000000     8  Al   3.806838   1.950296   0.000000     9  Al   5.323924   3.721848   1.950296   0.000000    10  Al   6.593636   5.323924   3.806838   1.950296   0.000000    11  Al   7.272185   6.446430   5.323924   3.721848   1.950296    12  Al   7.613675   7.272185   6.593636   5.323924   3.806838                   11         12    11  Al   0.000000    12  Al   1.950296   0.000000<module cmlx:lineCount="6" cmlx:templateRef="l202.stoich"><list cmlx:templateRef="stoich"><scalar dataType="xsd:string" dictRef="cc:formula">Al12</scalar></list><list cmlx:templateRef="framework"><scalar dataType="xsd:string" dictRef="cc:frameworkgroup">D6H[3C2'(Al.Al),3C2"(Al.Al)]</scalar></list> Full point group                 D6H Largest Abelian subgroup         D2H     NOp   8 Largest concise Abelian subgroup D2      NOp   4</module><module cmlx:lineCount="18" cmlx:templateRef="l202.orient"><list cmlx:templateRef="type"><scalar dataType="xsd:string" dictRef="g:type">Standard</scalar></list><list cmlx:lineCount="12" cmlx:templateRef="atom"><array dataType="xsd:integer" dictRef="cc:serial" size="12">1 2 3 4 5 6 7 8 9 10 11 12</array><array dataType="xsd:integer" dictRef="cc:elementType" size="12">13 13 13 13 13 13 13 13 13 13 13 13</array><array dataType="xsd:integer" dictRef="g:atomicType" size="12">0 0 0 0 0 0 0 0 0 0 0 0</array><array dataType="xsd:double" dictRef="cc:x3" size="12">0.0 1.903419 3.223215 3.806838 3.223215 1.903419 0.0 -1.903419 -3.223215 -3.806838 -3.223215 -1.903419</array><array dataType="xsd:double" dictRef="cc:y3" size="12">3.721848 3.296818 1.860924 0.0 -1.860924 -3.296818 -3.721848 -3.296818 -1.860924 0.0 1.860924 3.296818</array><array dataType="xsd:double" dictRef="cc:z3" size="12">0.0 0.0 0.0 0.0 0.0 0.0 0.0 0.0 0.0 0.0 0.0 0.0</array></list></module><module cmlx:lineCount="1" cmlx:templateRef="l202.rotconst"/><module cmlx:lineCount="16" cmlx:templateRef="l301.basis"><list cmlx:templateRef="basis"><list><scalar dataType="xsd:string" dictRef="cc:basis">6-31G(d)</scalar><scalar dataType="xsd:string" dictRef="cc:diffuse">(6D, 7F)</scalar></list></list><list cmlx:templateRef="symmadapt"><list><scalar dataType="xsd:integer" dictRef="cc:adapted">48</scalar><scalar dataType="xsd:string" dictRef="cc:symm">AG</scalar></list><list><scalar dataType="xsd:integer" dictRef="cc:adapted">36</scalar><scalar dataType="xsd:string" dictRef="cc:symm">B1G</scalar></list><list><scalar dataType="xsd:integer" dictRef="cc:adapted">15</scalar><scalar dataType="xsd:string" dictRef="cc:symm">B2G</scalar></list><list><scalar dataType="xsd:integer" dictRef="cc:adapted">15</scalar><scalar dataType="xsd:string" dictRef="cc:symm">B3G</scalar></list><list><scalar dataType="xsd:integer" dictRef="cc:adapted">12</scalar><scalar dataType="xsd:string" dictRef="cc:symm">AU</scalar></list><list><scalar dataType="xsd:integer" dictRef="cc:adapted">18</scalar><scalar dataType="xsd:string" dictRef="cc:symm">B1U</scalar></list><list><scalar dataType="xsd:integer" dictRef="cc:adapted">42</scalar><scalar dataType="xsd:string" dictRef="cc:symm">B2U</scalar></list><list><scalar dataType="xsd:integer" dictRef="cc:adapted">42</scalar><scalar dataType="xsd:string" dictRef="cc:symm">B3U</scalar></list></list><list cmlx:templateRef="buffer"><scalar dataType="xsd:integer" dictRef="g:buffer">131072</scalar></list><list cmlx:templateRef="raff"><scalar dataType="xsd:string" dictRef="g:raffenetti">Raffenetti</scalar></list><list cmlx:templateRef="twoe"><scalar dataType="xsd:string" dictRef="g:twoe">Two-electron</scalar></list><list cmlx:templateRef="basiscount"><list><scalar dataType="xsd:integer" dictRef="cc:basiscount">228</scalar><scalar dataType="xsd:integer" dictRef="g:primbasis">624</scalar><scalar dataType="xsd:integer" dictRef="cc:cartesianbasis">228</scalar></list></list><list cmlx:templateRef="alphabeta"><list><scalar dataType="xsd:integer" dictRef="cc:alphae">78</scalar><scalar dataType="xsd:integer" dictRef="cc:betae">78</scalar></list></list> NAtoms=   12 NActive=   12 NUniq=    2 SFac= 3.00D+00 NAtFMM=   80 NAOKFM=F Big=F</module><module cmlx:lineCount="1" cmlx:templateRef="l302.basis"><list cmlx:templateRef="onee"><scalar dataType="xsd:string" dictRef="g:onee">One-electron integrals</scalar></list></module> NBasis=   228 RedAO= T  NBF=    48    36    15    15    12    18    42    42 NBsUse=   228 1.00D-06 NBFU=    48    36    15    15    12    18    42    42 Initial guess read from the read-write file:<module cmlx:lineCount="1" cmlx:templateRef="l401.orbsym"><list cmlx:templateRef="l401"><scalar dataType="xsd:string" dictRef="g:l401">Initial guess orbital symmetries:</scalar></list></module>       Occupied  (E2G) (E2G) (?A) (?A) (?A) (A1G) (?B) (?B) (?A)                 (?A) (?A) (?B) (A1G) (E1U) (E1U) (E2G) (E2G) (B2U)                 (B1U) (E2G) (E2G) (E1U) (E1U) (A1G) (A2G) (E1U)                 (E1U) (E2G) (E2G) (B2U) (B1U) (E2G) (E2G) (A1G)                 (E1U) (E1U) (A2U) (E1G) (E1G) (E2U) (E2U) (B1G)                 (B2G) (B1U) (E2U) (E2U) (B2U) (E2G) (E2G) (E1U)                 (E1U) (E1G) (E1G) (A1G) (A2U) (E2G) (E2G) (E1U)                 (E1U) (A2G) (A1G) (E1U) (E1U) (E2G) (E2G) (B2U)                 (B1U) (E2G) (E2G) (E1U) (E1U) (A1G) (A2U) (E1G)                 (E1G) (E1U) (E1U) (A2G)       Virtual   (E2U) (E2U) (E2G) (E2G) (B1G) (B2G) (B2U) (B1U)                 (A1G) (E2U) (E2U) (E2G) (E2G) (E1U) (E1U) (A1G)                 (E1U) (E1U) (E1G) (E1G) (E2G) (E2G) (E1U) (E1U)                 (A2U) (A1G) (B2U) (B1U) (E2G) (E2G) (A2G) (E1G)                 (E1G) (A2U) (A1G) (E1U) (E1U) (E2U) (E2U) (E2G)                 (E2G) (B1G) (B2U) (B2G) (E2G) (E2G) (B1U) (E1U)                 (E1U) (E2U) (E2U) (A1U) (E2G) (E2G) (B2U) (B1U)                 (E1U) (E1U) (E1G) (E1G) (A1G) (A2U) (A2G) (E2G)                 (E2G) (E1U) (E1U) (E1G) (E1G) (E1G) (E1G) (A2U)                 (E1U) (E1U) (A1G) (E2U) (E2U) (E2G) (E2G) (E2G)                 (E2G) (B2U) (B1U) (E1U) (E1U) (A2G) (A1G) (B1G)                 (B2G) (E2U) (E2U) (E2G) (E2G) (E1U) (E1U) (B1U)                 (B2U) (E1U) (E1U) (A1G) (E2G) (E2G) (E2U) (E2U)                 (B2G) (E1G) (E1G) (E2G) (E2G) (B1G) (A2U) (E1U)                 (E1U) (A1G) (B1U) (A2G) (E1U) (E1U) (E2G) (E2G)                 (E2U) (E2U) (B2U) (E1G) (E1G) (A1U) (B2U) (E2G)                 (E2G) (B1U) (E2G) (E2G) (E1U) (E1U) (A2G) (E1U)                 (E1U) (A1G) (E2G) (E2G) (A1G) (E1U) (E1U) (B1U)                 (B2U) (E2G) (E2G) (E1U) (E1U) (A1G) Harris functional with IExCor=  402 diagonalized for initial guess. ExpMin= 5.57D-02 ExpMax= 1.40D+04 ExpMxC= 2.10D+03 IAcc=2 IRadAn=         4 AccDes= 0.00D+00 HarFok:  IExCor= 402 AccDes= 0.00D+00 IRadAn=         4 IDoV=1 ScaDFX=  1.000000  1.000000  1.000000  1.000000 Requested convergence on RMS density matrix=1.00D-08 within 128 cycles. Requested convergence on MAX density matrix=1.00D-06. Requested convergence on             energy=1.00D-06. No special actions if energy rises. Keep R1 integrals in memory in canonical form, NReq=   347900531. Integral accuracy reduced to 1.0D-05 until final iterations. Density matrix breaks symmetry, PCut= 1.00D-04 Density has only Abelian symmetry. Density matrix breaks symmetry, PCut= 1.00D-04 Density has only Abelian symmetry. Density matrix breaks symmetry, PCut= 1.00D-04 Density has only Abelian symmetry. Density matrix breaks symmetry, PCut= 1.00D-04 Density has only Abelian symmetry. Density matrix breaks symmetry, PCut= 1.00D-04 Density has only Abelian symmetry. Density matrix breaks symmetry, PCut= 1.00D-04 Density has only Abelian symmetry. Initial convergence to 1.0D-05 achieved.  Increase integral accuracy. Density matrix breaks symmetry, PCut= 1.00D-04 Density has only Abelian symmetry. Density matrix breaks symmetry, PCut= 1.00D-04 Density has only Abelian symmetry. Density matrix breaks symmetry, PCut= 1.00D-04 Density has only Abelian symmetry. Density matrix breaks symmetry, PCut= 1.00D-04 Density has only Abelian symmetry. Density matrix breaks symmetry, PCut= 1.00D-04 Density has only Abelian symmetry. Density matrix breaks symmetry, PCut= 1.00D-04 Density has only Abelian symmetry. Density matrix breaks symmetry, PCut= 1.00D-04 Density has only Abelian symmetry. Density matrix breaks symmetry, PCut= 1.00D-04 Density has only Abelian symmetry. Density matrix breaks symmetry, PCut= 1.00D-04 Density has only Abelian symmetry. Density matrix breaks symmetry, PCut= 1.00D-04 Density has only Abelian symmetry. SCF Done:  E(RB+HF-LYP) =  -2908.19312722     A.U. after   15 cycles             Convg  =    0.5482D-08             -V/T =  2.0007             S**2   =   0.0000 Density matrix has only Abelian symmetry. Density matrix has only Abelian symmetry. ***** Axes restored to original set *****<module cmlx:lineCount="18" cmlx:templateRef="forces"><list cmlx:templateRef="force"><list><scalar dataType="xsd:integer" dictRef="x:serial">1</scalar><scalar dataType="xsd:integer" dictRef="x:elementType">13</scalar><scalar dataType="xsd:double" dictRef="x:x3">-0.079953279</scalar><scalar dataType="xsd:double" dictRef="x:y3">0.0</scalar><scalar dataType="xsd:double" dictRef="x:z3">0.0</scalar></list><list><scalar dataType="xsd:integer" dictRef="x:serial">2</scalar><scalar dataType="xsd:integer" dictRef="x:elementType">13</scalar><scalar dataType="xsd:double" dictRef="x:x3">-0.094666631</scalar><scalar dataType="xsd:double" dictRef="x:y3">0.054580783</scalar><scalar dataType="xsd:double" dictRef="x:z3">0.0</scalar></list><list><scalar dataType="xsd:integer" dictRef="x:serial">3</scalar><scalar dataType="xsd:integer" dictRef="x:elementType">13</scalar><scalar dataType="xsd:double" dictRef="x:x3">-0.039884577</scalar><scalar dataType="xsd:double" dictRef="x:y3">0.069266101</scalar><scalar dataType="xsd:double" dictRef="x:z3">0.0</scalar></list><list><scalar dataType="xsd:integer" dictRef="x:serial">4</scalar><scalar dataType="xsd:integer" dictRef="x:elementType">13</scalar><scalar dataType="xsd:double" dictRef="x:x3">0.0</scalar><scalar dataType="xsd:double" dictRef="x:y3">0.109263045</scalar><scalar dataType="xsd:double" dictRef="x:z3">0.0</scalar></list><list><scalar dataType="xsd:integer" dictRef="x:serial">5</scalar><scalar dataType="xsd:integer" dictRef="x:elementType">13</scalar><scalar dataType="xsd:double" dictRef="x:x3">0.039884577</scalar><scalar dataType="xsd:double" dictRef="x:y3">0.069266101</scalar><scalar dataType="xsd:double" dictRef="x:z3">0.0</scalar></list><list><scalar dataType="xsd:integer" dictRef="x:serial">6</scalar><scalar dataType="xsd:integer" dictRef="x:elementType">13</scalar><scalar dataType="xsd:double" dictRef="x:x3">0.094666631</scalar><scalar dataType="xsd:double" dictRef="x:y3">0.054580783</scalar><scalar dataType="xsd:double" dictRef="x:z3">0.0</scalar></list><list><scalar dataType="xsd:integer" dictRef="x:serial">7</scalar><scalar dataType="xsd:integer" dictRef="x:elementType">13</scalar><scalar dataType="xsd:double" dictRef="x:x3">0.079953279</scalar><scalar dataType="xsd:double" dictRef="x:y3">0.0</scalar><scalar dataType="xsd:double" dictRef="x:z3">0.0</scalar></list><list><scalar dataType="xsd:integer" dictRef="x:serial">8</scalar><scalar dataType="xsd:integer" dictRef="x:elementType">13</scalar><scalar dataType="xsd:double" dictRef="x:x3">0.094666631</scalar><scalar dataType="xsd:double" dictRef="x:y3">-0.054580783</scalar><scalar dataType="xsd:double" dictRef="x:z3">0.0</scalar></list><list><scalar dataType="xsd:integer" dictRef="x:serial">9</scalar><scalar dataType="xsd:integer" dictRef="x:elementType">13</scalar><scalar dataType="xsd:double" dictRef="x:x3">0.039884577</scalar><scalar dataType="xsd:double" dictRef="x:y3">-0.069266101</scalar><scalar dataType="xsd:double" dictRef="x:z3">0.0</scalar></list><list><scalar dataType="xsd:integer" dictRef="x:serial">10</scalar><scalar dataType="xsd:integer" dictRef="x:elementType">13</scalar><scalar dataType="xsd:double" dictRef="x:x3">0.0</scalar><scalar dataType="xsd:double" dictRef="x:y3">-0.109263045</scalar><scalar dataType="xsd:double" dictRef="x:z3">0.0</scalar></list><list><scalar dataType="xsd:integer" dictRef="x:serial">11</scalar><scalar dataType="xsd:integer" dictRef="x:elementType">13</scalar><scalar dataType="xsd:double" dictRef="x:x3">-0.039884577</scalar><scalar dataType="xsd:double" dictRef="x:y3">-0.069266101</scalar><scalar dataType="xsd:double" dictRef="x:z3">0.0</scalar></list><list><scalar dataType="xsd:integer" dictRef="x:serial">12</scalar><scalar dataType="xsd:integer" dictRef="x:elementType">13</scalar><scalar dataType="xsd:double" dictRef="x:x3">-0.094666631</scalar><scalar dataType="xsd:double" dictRef="x:y3">-0.054580783</scalar><scalar dataType="xsd:double" dictRef="x:z3">0.0</scalar></list></list><list cmlx:templateRef="cartesianforce"><list><scalar dataType="xsd:double" dictRef="cc:maxforce">0.109263045</scalar><scalar dataType="xsd:double" dictRef="cc:rmsforce">0.055271929</scalar></list></list></module><module cmlx:lineCount="144" cmlx:templateRef="l103" xmlns:xi="http://www.w3.org/2001/XInclude"><list cmlx:templateRef="berny"><scalar dataType="xsd:string" dictRef="g:optimization">Internal  Forces:  Max     0.082142620 RMS     0.026745606</scalar></list> Search for a local minimum. Step number  13 out of a maximum of 100 All quantities printed in internal units (Hartrees-Bohrs-Radians) Update second derivatives using D2CorX and points 12 13<module cmlx:lineCount="1" cmlx:templateRef="l103.trust"> Trust test= 1.04D+00 RLast= 7.01D-01 DXMaxT set to 1.00D+00</module> Maximum step size (   1.000) exceeded in linear search.    -- Step size scaled by   0.713 Quartic linear search produced a step of  1.42660. Iteration  1 RMS(Cart)=  0.06695426 RMS(Int)=  0.01608163 Iteration  2 RMS(Cart)=  0.01430586 RMS(Int)=  0.00013607 Iteration  3 RMS(Cart)=  0.00000497 RMS(Int)=  0.00013593 Iteration  4 RMS(Cart)=  0.00000000 RMS(Int)=  0.00013593<module cmlx:lineCount="122" cmlx:templateRef="l103.deltas"><list cmlx:lineCount="120" cmlx:templateRef="delta"><array dataType="xsd:string" dictRef="cc:variable" size="120">R1 R2 R3 R4 R5 R6 R7 R8 R9 R10 R11 R12 R13 R14 R15 R16 R17 R18 R19 R20 R21 R22 R23 R24 A1 A2 A3 A4 A5 A6 A7 A8 A9 A10 A11 A12 A13 A14 A15 A16 A17 A18 A19 A20 A21 A22 A23 A24 A25 A26 A27 A28 A29 A30 A31 A32 A33 A34 A35 A36 D1 D2 D3 D4 D5 D6 D7 D8 D9 D10 D11 D12 D13 D14 D15 D16 D17 D18 D19 D20 D21 D22 D23 D24 D25 D26 D27 D28 D29 D30 D31 D32 D33 D34 D35 D36 D37 D38 D39 D40 D41 D42 D43 D44 D45 D46 D47 D48 D49 D50 D51 D52 D53 D54 D55 D56 D57 D58 D59 D60</array><array dataType="xsd:double" dictRef="g:lastval" size="120">3.68552 7.03327 7.03327 3.68552 3.68552 7.19388 7.19388 3.68552 7.03327 3.68552 7.19388 3.68552 7.03327 3.68552 7.19388 3.68552 7.03327 3.68552 7.19388 3.68552 7.03327 3.68552 7.19388 3.68552 2.3983 2.0944 2.3983 2.31409 2.31409 2.0944 2.3983 2.0944 2.3983 2.31409 2.0944 2.31409 2.3983 2.0944 2.3983 2.31409 2.0944 2.31409 2.3983 2.0944 2.3983 2.31409 2.0944 2.31409 2.3983 2.0944 2.3983 2.31409 2.0944 2.31409 2.0944 2.3983 2.3983 2.31409 2.0944 2.31409 0.0 0.0 0.0 0.0 0.0 0.0 0.0 0.0 0.0 0.0 0.0 0.0 0.0 0.0 0.0 0.0 0.0 0.0 0.0 0.0 0.0 0.0 0.0 0.0 0.0 0.0 0.0 0.0 0.0 0.0 0.0 0.0 0.0 0.0 0.0 0.0 0.0 0.0 0.0 0.0 0.0 0.0 0.0 0.0 0.0 0.0 0.0 0.0 0.0 0.0 0.0 0.0 0.0 0.0 0.0 0.0 0.0 0.0 0.0 0.0</array><array dataType="xsd:double" dictRef="cc:deriv" size="120">0.0391 0.06672 0.06672 0.0391 0.03915 0.08214 0.08211 0.03909 0.06667 0.03909 0.08214 0.03915 0.06672 0.0391 0.08211 0.0391 0.06672 0.03915 0.08214 0.03909 0.06667 0.03909 0.08214 0.03915 0.0036 -1.0E-5 0.0036 -0.0036 -0.0036 0.0 0.0036 0.0 0.0036 -0.00359 0.0 -0.00359 0.0036 0.0 0.0036 -0.0036 0.0 -0.0036 0.0036 -1.0E-5 0.0036 -0.0036 0.0 -0.0036 0.0036 0.0 0.0036 -0.00359 0.0 -0.00359 0.0 0.0036 0.0036 -0.0036 0.0 -0.0036 0.0 0.0 0.0 0.0 0.0 0.0 0.0 0.0 0.0 0.0 0.0 0.0 0.0 0.0 0.0 0.0 0.0 0.0 0.0 0.0 0.0 0.0 0.0 0.0 0.0 0.0 0.0 0.0 0.0 0.0 0.0 0.0 0.0 0.0 0.0 0.0 0.0 0.0 0.0 0.0 0.0 0.0 0.0 0.0 0.0 0.0 0.0 0.0 0.0 0.0 0.0 0.0 0.0 0.0 0.0 0.0 0.0 0.0 0.0 0.0</array><array dataType="xsd:double" dictRef="cc:delta.linear" size="120">0.13189 0.26518 0.26518 0.13189 0.13189 0.24779 0.24779 0.13189 0.26518 0.13189 0.24779 0.13189 0.26518 0.13189 0.24779 0.13189 0.26518 0.13189 0.24779 0.13189 0.26518 0.13189 0.24779 0.13189 -0.00622 0.0 -0.00622 0.00622 0.00622 0.0 -0.00622 0.0 -0.00622 0.00622 0.0 0.00622 -0.00622 0.0 -0.00622 0.00622 0.0 0.00622 -0.00622 0.0 -0.00622 0.00622 0.0 0.00622 -0.00622 0.0 -0.00622 0.00622 0.0 0.00622 0.0 -0.00622 -0.00622 0.00622 0.0 0.00622 0.0 0.0 0.0 0.0 0.0 0.0 0.0 0.0 0.0 0.0 0.0 0.0 0.0 0.0 0.0 0.0 0.0 0.0 0.0 0.0 0.0 0.0 0.0 0.0 0.0 0.0 0.0 0.0 0.0 0.0 0.0 0.0 0.0 0.0 0.0 0.0 0.0 0.0 0.0 0.0 0.0 0.0 0.0 0.0 0.0 0.0 0.0 0.0 0.0 0.0 0.0 0.0 0.0 0.0 0.0 0.0 0.0 0.0 0.0 0.0</array><array dataType="xsd:double" dictRef="cc:delta.quad" size="120">0.0 0.0 0.0 0.0 0.0 0.0 0.0 0.0 0.0 0.0 0.0 0.0 0.0 0.0 0.0 0.0 0.0 0.0 0.0 0.0 0.0 0.0 0.0 0.0 0.0 0.0 0.0 0.0 0.0 0.0 0.0 0.0 0.0 0.0 0.0 0.0 0.0 0.0 0.0 0.0 0.0 0.0 0.0 0.0 0.0 0.0 0.0 0.0 0.0 0.0 0.0 0.0 0.0 0.0 0.0 0.0 0.0 0.0 0.0 0.0 0.0 0.0 0.0 0.0 0.0 0.0 0.0 0.0 0.0 0.0 0.0 0.0 0.0 0.0 0.0 0.0 0.0 0.0 0.0 0.0 0.0 0.0 0.0 0.0 0.0 0.0 0.0 0.0 0.0 0.0 0.0 0.0 0.0 0.0 0.0 0.0 0.0 0.0 0.0 0.0 0.0 0.0 0.0 0.0 0.0 0.0 0.0 0.0 0.0 0.0 0.0 0.0 0.0 0.0 0.0 0.0 0.0 0.0 0.0 0.0</array><array dataType="xsd:double" dictRef="cc:delta.total" size="120">0.13197 0.26539 0.26539 0.13197 0.13197 0.24751 0.24751 0.13197 0.26539 0.13197 0.24751 0.13197 0.26539 0.13197 0.24751 0.13197 0.26539 0.13197 0.24751 0.13197 0.26539 0.13197 0.24751 0.13197 -0.00598 0.0 -0.00598 0.00598 0.00598 0.0 -0.00598 0.0 -0.00598 0.00598 0.0 0.00598 -0.00598 0.0 -0.00598 0.00598 0.0 0.00598 -0.00598 0.0 -0.00598 0.00598 0.0 0.00598 -0.00598 0.0 -0.00598 0.00598 0.0 0.00598 0.0 -0.00598 -0.00598 0.00598 0.0 0.00598 0.0 0.0 0.0 0.0 0.0 0.0 0.0 0.0 0.0 0.0 0.0 0.0 0.0 0.0 0.0 0.0 0.0 0.0 0.0 0.0 0.0 0.0 0.0 0.0 0.0 0.0 0.0 0.0 0.0 0.0 0.0 0.0 0.0 0.0 0.0 0.0 0.0 0.0 0.0 0.0 0.0 0.0 0.0 0.0 0.0 0.0 0.0 0.0 0.0 0.0 0.0 0.0 0.0 0.0 0.0 0.0 0.0 0.0 0.0 0.0</array><array dataType="xsd:double" dictRef="cc:newval" size="120">3.8175 7.29866 7.29866 3.8175 3.8175 7.44139 7.44139 3.8175 7.29866 3.8175 7.44139 3.8175 7.29866 3.8175 7.44139 3.8175 7.29866 3.8175 7.44139 3.8175 7.29866 3.8175 7.44139 3.8175 2.39232 2.0944 2.39232 2.32007 2.32007 2.0944 2.39232 2.0944 2.39232 2.32007 2.0944 2.32007 2.39232 2.0944 2.39232 2.32007 2.0944 2.32007 2.39232 2.0944 2.39232 2.32007 2.0944 2.32007 2.39232 2.0944 2.39232 2.32007 2.0944 2.32007 2.0944 2.39232 2.39232 2.32007 2.0944 2.32007 0.0 0.0 0.0 0.0 0.0 0.0 0.0 0.0 0.0 0.0 0.0 0.0 0.0 0.0 0.0 0.0 0.0 0.0 0.0 0.0 0.0 0.0 0.0 0.0 0.0 0.0 0.0 0.0 0.0 0.0 0.0 0.0 0.0 0.0 0.0 0.0 0.0 0.0 0.0 0.0 0.0 0.0 0.0 0.0 0.0 0.0 0.0 0.0 0.0 0.0 0.0 0.0 0.0 0.0 0.0 0.0 0.0 0.0 0.0 0.0</array></list></module><module cmlx:lineCount="5" cmlx:templateRef="l103.itemconverge"><list cmlx:lineCount="4" cmlx:templateRef="components"><array dataType="xsd:string" dictRef="g:itemconverge"/><array dataType="xsd:double" dictRef="x:value" size="4">4.5E-4 3.0E-4 0.0018 0.0012</array><array dataType="xsd:double" dictRef="x:threshold" size="4">0.0 0.0 0.0 0.0</array><array dataType="xsd:string" dictRef="g:converged" size="4">NO NO NO NO</array></list></module> Predicted change in Energy=-2.474089D-01 GradGradGradGradGradGradGradGradGradGradGradGradGradGradGradGradGradGrad</module><module cmlx:lineCount="18" cmlx:templateRef="l202.orient"><list cmlx:templateRef="type"><scalar dataType="xsd:string" dictRef="g:type">Input</scalar></list><list cmlx:lineCount="12" cmlx:templateRef="atom"><array dataType="xsd:integer" dictRef="cc:serial" size="12">1 2 3 4 5 6 7 8 9 10 11 12</array><array dataType="xsd:integer" dictRef="cc:elementType" size="12">13 13 13 13 13 13 13 13 13 13 13 13</array><array dataType="xsd:integer" dictRef="g:atomicType" size="12">0 0 0 0 0 0 0 0 0 0 0 0</array><array dataType="xsd:double" dictRef="cc:x3" size="12">-3.862284 -3.410247 -1.931142 0.0 1.931142 3.410247 3.862284 3.410247 1.931142 0.0 -1.931142 -3.410247</array><array dataType="xsd:double" dictRef="cc:y3" size="12">0.0 1.968907 3.344836 3.937813 3.344836 1.968907 0.0 -1.968907 -3.344836 -3.937813 -3.344836 -1.968907</array><array dataType="xsd:double" dictRef="cc:z3" size="12">0.0 0.0 0.0 0.0 0.0 0.0 0.0 0.0 0.0 0.0 0.0 0.0</array></list></module><module cmlx:lineCount="14" cmlx:templateRef="l202.distmat"><list cmlx:templateRef="atom"><list><scalar dataType="xsd:integer" dictRef="cc:serial">1</scalar><scalar dataType="xsd:string" dictRef="cc:elementType">Al</scalar><scalar dataType="xsd:string" dictRef="cc:distances">0.000000</scalar></list><list><scalar dataType="xsd:integer" dictRef="cc:serial">2</scalar><scalar dataType="xsd:string" dictRef="cc:elementType">Al</scalar><scalar dataType="xsd:string" dictRef="cc:distances">2.020132   0.000000</scalar></list><list><scalar dataType="xsd:integer" dictRef="cc:serial">3</scalar><scalar dataType="xsd:string" dictRef="cc:elementType">Al</scalar><scalar dataType="xsd:string" dictRef="cc:distances">3.862284   2.020132   0.000000</scalar></list><list><scalar dataType="xsd:integer" dictRef="cc:serial">4</scalar><scalar dataType="xsd:string" dictRef="cc:elementType">Al</scalar><scalar dataType="xsd:string" dictRef="cc:distances">5.515761   3.937813   2.020132   0.000000</scalar></list><list><scalar dataType="xsd:integer" dictRef="cc:serial">5</scalar><scalar dataType="xsd:string" dictRef="cc:elementType">Al</scalar><scalar dataType="xsd:string" dictRef="cc:distances">6.689673   5.515761   3.862284   2.020132   0.000000</scalar></list><list><scalar dataType="xsd:integer" dictRef="cc:serial">6</scalar><scalar dataType="xsd:string" dictRef="cc:elementType">Al</scalar><scalar dataType="xsd:string" dictRef="cc:distances">7.534341   6.820493   5.515761   3.937813   2.020132</scalar></list><list><scalar dataType="xsd:integer" dictRef="cc:serial">7</scalar><scalar dataType="xsd:string" dictRef="cc:elementType">Al</scalar><scalar dataType="xsd:string" dictRef="cc:distances">7.724569   7.534341   6.689673   5.515761   3.862284</scalar></list><list><scalar dataType="xsd:integer" dictRef="cc:serial">8</scalar><scalar dataType="xsd:string" dictRef="cc:elementType">Al</scalar><scalar dataType="xsd:string" dictRef="cc:distances">7.534341   7.875627   7.534341   6.820493   5.515761</scalar></list><list><scalar dataType="xsd:integer" dictRef="cc:serial">9</scalar><scalar dataType="xsd:string" dictRef="cc:elementType">Al</scalar><scalar dataType="xsd:string" dictRef="cc:distances">6.689673   7.534341   7.724569   7.534341   6.689673</scalar></list><list><scalar dataType="xsd:integer" dictRef="cc:serial">10</scalar><scalar dataType="xsd:string" dictRef="cc:elementType">Al</scalar><scalar dataType="xsd:string" dictRef="cc:distances">5.515761   6.820493   7.534341   7.875627   7.534341</scalar></list><list><scalar dataType="xsd:integer" dictRef="cc:serial">11</scalar><scalar dataType="xsd:string" dictRef="cc:elementType">Al</scalar><scalar dataType="xsd:string" dictRef="cc:distances">3.862284   5.515761   6.689673   7.534341   7.724569</scalar></list><list><scalar dataType="xsd:integer" dictRef="cc:serial">12</scalar><scalar dataType="xsd:string" dictRef="cc:elementType">Al</scalar><scalar dataType="xsd:string" dictRef="cc:distances">2.020132   3.937813   5.515761   6.820493   7.534341</scalar></list></list></module>                    6          7          8          9         10     6  Al   0.000000     7  Al   2.020132   0.000000     8  Al   3.937813   2.020132   0.000000     9  Al   5.515761   3.862284   2.020132   0.000000    10  Al   6.820493   5.515761   3.937813   2.020132   0.000000    11  Al   7.534341   6.689673   5.515761   3.862284   2.020132    12  Al   7.875627   7.534341   6.820493   5.515761   3.937813                   11         12    11  Al   0.000000    12  Al   2.020132   0.000000<module cmlx:lineCount="6" cmlx:templateRef="l202.stoich"><list cmlx:templateRef="stoich"><scalar dataType="xsd:string" dictRef="cc:formula">Al12</scalar></list><list cmlx:templateRef="framework"><scalar dataType="xsd:string" dictRef="cc:frameworkgroup">D6H[3C2'(Al.Al),3C2"(Al.Al)]</scalar></list> Full point group                 D6H Largest Abelian subgroup         D2H     NOp   8 Largest concise Abelian subgroup D2      NOp   4</module><module cmlx:lineCount="18" cmlx:templateRef="l202.orient"><list cmlx:templateRef="type"><scalar dataType="xsd:string" dictRef="g:type">Standard</scalar></list><list cmlx:lineCount="12" cmlx:templateRef="atom"><array dataType="xsd:integer" dictRef="cc:serial" size="12">1 2 3 4 5 6 7 8 9 10 11 12</array><array dataType="xsd:integer" dictRef="cc:elementType" size="12">13 13 13 13 13 13 13 13 13 13 13 13</array><array dataType="xsd:integer" dictRef="g:atomicType" size="12">0 0 0 0 0 0 0 0 0 0 0 0</array><array dataType="xsd:double" dictRef="cc:x3" size="12">0.0 1.968907 3.344836 3.937813 3.344836 1.968907 0.0 -1.968907 -3.344836 -3.937813 -3.344836 -1.968907</array><array dataType="xsd:double" dictRef="cc:y3" size="12">3.862284 3.410247 1.931142 0.0 -1.931142 -3.410247 -3.862284 -3.410247 -1.931142 0.0 1.931142 3.410247</array><array dataType="xsd:double" dictRef="cc:z3" size="12">0.0 0.0 0.0 0.0 0.0 0.0 0.0 0.0 0.0 0.0 0.0 0.0</array></list></module><module cmlx:lineCount="1" cmlx:templateRef="l202.rotconst"/><module cmlx:lineCount="16" cmlx:templateRef="l301.basis"><list cmlx:templateRef="basis"><list><scalar dataType="xsd:string" dictRef="cc:basis">6-31G(d)</scalar><scalar dataType="xsd:string" dictRef="cc:diffuse">(6D, 7F)</scalar></list></list><list cmlx:templateRef="symmadapt"><list><scalar dataType="xsd:integer" dictRef="cc:adapted">48</scalar><scalar dataType="xsd:string" dictRef="cc:symm">AG</scalar></list><list><scalar dataType="xsd:integer" dictRef="cc:adapted">36</scalar><scalar dataType="xsd:string" dictRef="cc:symm">B1G</scalar></list><list><scalar dataType="xsd:integer" dictRef="cc:adapted">15</scalar><scalar dataType="xsd:string" dictRef="cc:symm">B2G</scalar></list><list><scalar dataType="xsd:integer" dictRef="cc:adapted">15</scalar><scalar dataType="xsd:string" dictRef="cc:symm">B3G</scalar></list><list><scalar dataType="xsd:integer" dictRef="cc:adapted">12</scalar><scalar dataType="xsd:string" dictRef="cc:symm">AU</scalar></list><list><scalar dataType="xsd:integer" dictRef="cc:adapted">18</scalar><scalar dataType="xsd:string" dictRef="cc:symm">B1U</scalar></list><list><scalar dataType="xsd:integer" dictRef="cc:adapted">42</scalar><scalar dataType="xsd:string" dictRef="cc:symm">B2U</scalar></list><list><scalar dataType="xsd:integer" dictRef="cc:adapted">42</scalar><scalar dataType="xsd:string" dictRef="cc:symm">B3U</scalar></list></list><list cmlx:templateRef="buffer"><scalar dataType="xsd:integer" dictRef="g:buffer">131072</scalar></list><list cmlx:templateRef="raff"><scalar dataType="xsd:string" dictRef="g:raffenetti">Raffenetti</scalar></list><list cmlx:templateRef="twoe"><scalar dataType="xsd:string" dictRef="g:twoe">Two-electron</scalar></list><list cmlx:templateRef="basiscount"><list><scalar dataType="xsd:integer" dictRef="cc:basiscount">228</scalar><scalar dataType="xsd:integer" dictRef="g:primbasis">624</scalar><scalar dataType="xsd:integer" dictRef="cc:cartesianbasis">228</scalar></list></list><list cmlx:templateRef="alphabeta"><list><scalar dataType="xsd:integer" dictRef="cc:alphae">78</scalar><scalar dataType="xsd:integer" dictRef="cc:betae">78</scalar></list></list> NAtoms=   12 NActive=   12 NUniq=    2 SFac= 3.00D+00 NAtFMM=   80 NAOKFM=F Big=F</module><module cmlx:lineCount="1" cmlx:templateRef="l302.basis"><list cmlx:templateRef="onee"><scalar dataType="xsd:string" dictRef="g:onee">One-electron integrals</scalar></list></module> NBasis=   228 RedAO= T  NBF=    48    36    15    15    12    18    42    42 NBsUse=   228 1.00D-06 NBFU=    48    36    15    15    12    18    42    42 Initial guess read from the read-write file:<module cmlx:lineCount="1" cmlx:templateRef="l401.orbsym"><list cmlx:templateRef="l401"><scalar dataType="xsd:string" dictRef="g:l401">Initial guess orbital symmetries:</scalar></list></module>       Occupied  (?A) (?A) (?A) (?A) (?A) (?A) (?B) (?B) (?A) (?A)                 (?A) (?B) (A1G) (E1U) (E1U) (E2G) (E2G) (B2U)                 (B1U) (E2G) (E2G) (E1U) (E1U) (A1G) (A2G) (E1U)                 (E1U) (E2G) (E2G) (B2U) (B1U) (E2G) (E2G) (A1G)                 (E1U) (E1U) (A2U) (E1G) (E1G) (E2U) (E2U) (B1G)                 (B2G) (B1U) (E2U) (E2U) (E2G) (E2G) (B2U) (E1U)                 (E1U) (E1G) (E1G) (A1G) (A2U) (E2G) (E2G) (E1U)                 (E1U) (A2G) (A1G) (E1U) (E1U) (E2G) (E2G) (B2U)                 (B1U) (E2G) (E2G) (E1U) (E1U) (A1G) (A2U) (A2G)                 (E1G) (E1G) (E1U) (E1U)       Virtual   (E2U) (E2U) (E2G) (E2G) (B1G) (B2G) (B2U) (B1U)                 (A1G) (E2U) (E2U) (E2G) (E2G) (E1U) (E1U) (A1G)                 (E1U) (E1U) (E1G) (E1G) (E2G) (E2G) (E1U) (E1U)                 (E2G) (E2G) (A2U) (B2U) (B1U) (A1G) (A2G) (A2U)                 (E1G) (E1G) (A1G) (E1U) (E1U) (E2U) (E2U) (E2G)                 (E2G) (B2U) (B1U) (B1G) (B2G) (E2G) (E2G) (E1U)                 (E1U) (E2U) (E2U) (A1U) (B2U) (E2G) (E2G) (B1U)                 (E1U) (E1U) (E1G) (E1G) (A1G) (E2G) (E2G) (A2U)                 (A2G) (E1U) (E1U) (E1G) (E1G) (E1G) (E1G) (A1G)                 (A2U) (E1U) (E1U) (E2G) (E2G) (E2U) (E2U) (E2G)                 (E2G) (B1U) (B2U) (E1U) (E1U) (A2G) (A1G) (B1G)                 (B2G) (E2U) (E2U) (E2G) (E2G) (E1U) (E1U) (B2U)                 (B1U) (E1U) (E1U) (A1G) (E2G) (E2G) (E2U) (E2U)                 (B2G) (E1G) (E1G) (E2G) (E2G) (B1G) (A2U) (E1U)                 (E1U) (A1G) (A2G) (B1U) (E1U) (E1U) (E2G) (E2G)                 (E2U) (E2U) (B2U) (E1G) (E1G) (A1U) (B2U) (E2G)                 (E2G) (B1U) (E2G) (E2G) (E1U) (E1U) (A2G) (E1U)                 (E1U) (A1G) (E2G) (E2G) (A1G) (E1U) (E1U) (B1U)                 (B2U) (E2G) (E2G) (E1U) (E1U) (A1G) Harris functional with IExCor=  402 diagonalized for initial guess. ExpMin= 5.57D-02 ExpMax= 1.40D+04 ExpMxC= 2.10D+03 IAcc=2 IRadAn=         4 AccDes= 0.00D+00 HarFok:  IExCor= 402 AccDes= 0.00D+00 IRadAn=         4 IDoV=1 ScaDFX=  1.000000  1.000000  1.000000  1.000000 Requested convergence on RMS density matrix=1.00D-08 within 128 cycles. Requested convergence on MAX density matrix=1.00D-06. Requested convergence on             energy=1.00D-06. No special actions if energy rises. Keep R1 integrals in memory in canonical form, NReq=   347900531. Integral accuracy reduced to 1.0D-05 until final iterations. Density matrix breaks symmetry, PCut= 1.00D-04 Density has only Abelian symmetry. Density matrix breaks symmetry, PCut= 1.00D-04 Density has only Abelian symmetry. Density matrix breaks symmetry, PCut= 1.00D-04 Density has only Abelian symmetry. Density matrix breaks symmetry, PCut= 1.00D-04 Density has only Abelian symmetry. Density matrix breaks symmetry, PCut= 1.00D-04 Density has only Abelian symmetry. Density matrix breaks symmetry, PCut= 1.00D-04 Density has only Abelian symmetry. Density matrix breaks symmetry, PCut= 1.00D-04 Density has only Abelian symmetry. Initial convergence to 1.0D-05 achieved.  Increase integral accuracy. Density matrix breaks symmetry, PCut= 1.00D-04 Density has only Abelian symmetry. Density matrix breaks symmetry, PCut= 1.00D-04 Density has only Abelian symmetry. Density matrix breaks symmetry, PCut= 1.00D-04 Density has only Abelian symmetry. Density matrix breaks symmetry, PCut= 1.00D-04 Density has only Abelian symmetry. Density matrix breaks symmetry, PCut= 1.00D-04 Density has only Abelian symmetry. Density matrix breaks symmetry, PCut= 1.00D-04 Density has only Abelian symmetry. Density matrix breaks symmetry, PCut= 1.00D-04 Density has only Abelian symmetry. Density matrix breaks symmetry, PCut= 1.00D-04 Density has only Abelian symmetry. Density matrix breaks symmetry, PCut= 1.00D-04 Density has only Abelian symmetry. Density matrix breaks symmetry, PCut= 1.00D-04 Density has only Abelian symmetry. SCF Done:  E(RB+HF-LYP) =  -2908.44553006     A.U. after   16 cycles             Convg  =    0.3411D-08             -V/T =  2.0014             S**2   =   0.0000 Density matrix has only Abelian symmetry. Density matrix has only Abelian symmetry. ***** Axes restored to original set *****<module cmlx:lineCount="18" cmlx:templateRef="forces"><list cmlx:templateRef="force"><list><scalar dataType="xsd:integer" dictRef="x:serial">1</scalar><scalar dataType="xsd:integer" dictRef="x:elementType">13</scalar><scalar dataType="xsd:double" dictRef="x:x3">-0.061268171</scalar><scalar dataType="xsd:double" dictRef="x:y3">0.0</scalar><scalar dataType="xsd:double" dictRef="x:z3">0.0</scalar></list><list><scalar dataType="xsd:integer" dictRef="x:serial">2</scalar><scalar dataType="xsd:integer" dictRef="x:elementType">13</scalar><scalar dataType="xsd:double" dictRef="x:x3">-0.069918138</scalar><scalar dataType="xsd:double" dictRef="x:y3">0.04037874</scalar><scalar dataType="xsd:double" dictRef="x:z3">0.0</scalar></list><list><scalar dataType="xsd:integer" dictRef="x:serial">3</scalar><scalar dataType="xsd:integer" dictRef="x:elementType">13</scalar><scalar dataType="xsd:double" dictRef="x:x3">-0.030634675</scalar><scalar dataType="xsd:double" dictRef="x:y3">0.053056334</scalar><scalar dataType="xsd:double" dictRef="x:z3">0.0</scalar></list><list><scalar dataType="xsd:integer" dictRef="x:serial">4</scalar><scalar dataType="xsd:integer" dictRef="x:elementType">13</scalar><scalar dataType="xsd:double" dictRef="x:x3">0.0</scalar><scalar dataType="xsd:double" dictRef="x:y3">0.080747319</scalar><scalar dataType="xsd:double" dictRef="x:z3">0.0</scalar></list><list><scalar dataType="xsd:integer" dictRef="x:serial">5</scalar><scalar dataType="xsd:integer" dictRef="x:elementType">13</scalar><scalar dataType="xsd:double" dictRef="x:x3">0.030634675</scalar><scalar dataType="xsd:double" dictRef="x:y3">0.053056334</scalar><scalar dataType="xsd:double" dictRef="x:z3">0.0</scalar></list><list><scalar dataType="xsd:integer" dictRef="x:serial">6</scalar><scalar dataType="xsd:integer" dictRef="x:elementType">13</scalar><scalar dataType="xsd:double" dictRef="x:x3">0.069918138</scalar><scalar dataType="xsd:double" dictRef="x:y3">0.04037874</scalar><scalar dataType="xsd:double" dictRef="x:z3">0.0</scalar></list><list><scalar dataType="xsd:integer" dictRef="x:serial">7</scalar><scalar dataType="xsd:integer" dictRef="x:elementType">13</scalar><scalar dataType="xsd:double" dictRef="x:x3">0.061268171</scalar><scalar dataType="xsd:double" dictRef="x:y3">0.0</scalar><scalar dataType="xsd:double" dictRef="x:z3">0.0</scalar></list><list><scalar dataType="xsd:integer" dictRef="x:serial">8</scalar><scalar dataType="xsd:integer" dictRef="x:elementType">13</scalar><scalar dataType="xsd:double" dictRef="x:x3">0.069918138</scalar><scalar dataType="xsd:double" dictRef="x:y3">-0.04037874</scalar><scalar dataType="xsd:double" dictRef="x:z3">0.0</scalar></list><list><scalar dataType="xsd:integer" dictRef="x:serial">9</scalar><scalar dataType="xsd:integer" dictRef="x:elementType">13</scalar><scalar dataType="xsd:double" dictRef="x:x3">0.030634675</scalar><scalar dataType="xsd:double" dictRef="x:y3">-0.053056334</scalar><scalar dataType="xsd:double" dictRef="x:z3">0.0</scalar></list><list><scalar dataType="xsd:integer" dictRef="x:serial">10</scalar><scalar dataType="xsd:integer" dictRef="x:elementType">13</scalar><scalar dataType="xsd:double" dictRef="x:x3">0.0</scalar><scalar dataType="xsd:double" dictRef="x:y3">-0.080747319</scalar><scalar dataType="xsd:double" dictRef="x:z3">0.0</scalar></list><list><scalar dataType="xsd:integer" dictRef="x:serial">11</scalar><scalar dataType="xsd:integer" dictRef="x:elementType">13</scalar><scalar dataType="xsd:double" dictRef="x:x3">-0.030634675</scalar><scalar dataType="xsd:double" dictRef="x:y3">-0.053056334</scalar><scalar dataType="xsd:double" dictRef="x:z3">0.0</scalar></list><list><scalar dataType="xsd:integer" dictRef="x:serial">12</scalar><scalar dataType="xsd:integer" dictRef="x:elementType">13</scalar><scalar dataType="xsd:double" dictRef="x:x3">-0.069918138</scalar><scalar dataType="xsd:double" dictRef="x:y3">-0.04037874</scalar><scalar dataType="xsd:double" dictRef="x:z3">0.0</scalar></list></list><list cmlx:templateRef="cartesianforce"><list><scalar dataType="xsd:double" dictRef="cc:maxforce">0.080747319</scalar><scalar dataType="xsd:double" dictRef="cc:rmsforce">0.041378209</scalar></list></list></module><module cmlx:lineCount="143" cmlx:templateRef="l103" xmlns:xi="http://www.w3.org/2001/XInclude"><list cmlx:templateRef="berny"><scalar dataType="xsd:string" dictRef="g:optimization">Internal  Forces:  Max     0.061161949 RMS     0.020048252</scalar></list> Search for a local minimum. Step number  14 out of a maximum of 100 All quantities printed in internal units (Hartrees-Bohrs-Radians) Update second derivatives using D2CorX and points 13 14 Maximum step size (   1.000) exceeded in linear search.    -- Step size scaled by   0.500 Quartic linear search produced a step of  1.00000. Iteration  1 RMS(Cart)=  0.06695760 RMS(Int)=  0.01607741 Iteration  2 RMS(Cart)=  0.01429790 RMS(Int)=  0.00015064 Iteration  3 RMS(Cart)=  0.00000462 RMS(Int)=  0.00015053 Iteration  4 RMS(Cart)=  0.00000000 RMS(Int)=  0.00015053<module cmlx:lineCount="122" cmlx:templateRef="l103.deltas"><list cmlx:lineCount="120" cmlx:templateRef="delta"><array dataType="xsd:string" dictRef="cc:variable" size="120">R1 R2 R3 R4 R5 R6 R7 R8 R9 R10 R11 R12 R13 R14 R15 R16 R17 R18 R19 R20 R21 R22 R23 R24 A1 A2 A3 A4 A5 A6 A7 A8 A9 A10 A11 A12 A13 A14 A15 A16 A17 A18 A19 A20 A21 A22 A23 A24 A25 A26 A27 A28 A29 A30 A31 A32 A33 A34 A35 A36 D1 D2 D3 D4 D5 D6 D7 D8 D9 D10 D11 D12 D13 D14 D15 D16 D17 D18 D19 D20 D21 D22 D23 D24 D25 D26 D27 D28 D29 D30 D31 D32 D33 D34 D35 D36 D37 D38 D39 D40 D41 D42 D43 D44 D45 D46 D47 D48 D49 D50 D51 D52 D53 D54 D55 D56 D57 D58 D59 D60</array><array dataType="xsd:double" dictRef="g:lastval" size="120">3.8175 7.29866 7.29866 3.8175 3.8175 7.44139 7.44139 3.8175 7.29866 3.8175 7.44139 3.8175 7.29866 3.8175 7.44139 3.8175 7.29866 3.8175 7.44139 3.8175 7.29866 3.8175 7.44139 3.8175 2.39232 2.0944 2.39232 2.32007 2.32007 2.0944 2.39232 2.0944 2.39232 2.32007 2.0944 2.32007 2.39232 2.0944 2.39232 2.32007 2.0944 2.32007 2.39232 2.0944 2.39232 2.32007 2.0944 2.32007 2.39232 2.0944 2.39232 2.32007 2.0944 2.32007 2.0944 2.39232 2.39232 2.32007 2.0944 2.32007 0.0 0.0 0.0 0.0 0.0 0.0 0.0 0.0 0.0 0.0 0.0 0.0 0.0 0.0 0.0 0.0 0.0 0.0 0.0 0.0 0.0 0.0 0.0 0.0 0.0 0.0 0.0 0.0 0.0 0.0 0.0 0.0 0.0 0.0 0.0 0.0 0.0 0.0 0.0 0.0 0.0 0.0 0.0 0.0 0.0 0.0 0.0 0.0 0.0 0.0 0.0 0.0 0.0 0.0 0.0 0.0 0.0 0.0 0.0 0.0</array><array dataType="xsd:double" dictRef="cc:deriv" size="120">0.02928 0.05061 0.05061 0.02928 0.02927 0.06116 0.06116 0.02928 0.05061 0.02928 0.06116 0.02927 0.05061 0.02928 0.06116 0.02928 0.05061 0.02927 0.06116 0.02928 0.05061 0.02928 0.06116 0.02927 0.0024 0.0 0.0024 -0.00239 -0.00239 0.0 0.00239 0.0 0.00239 -0.0024 0.0 -0.0024 0.00239 0.0 0.00239 -0.00239 0.0 -0.00239 0.0024 0.0 0.0024 -0.00239 0.0 -0.00239 0.00239 0.0 0.00239 -0.0024 0.0 -0.0024 0.0 0.00239 0.00239 -0.00239 0.0 -0.00239 0.0 0.0 0.0 0.0 0.0 0.0 0.0 0.0 0.0 0.0 0.0 0.0 0.0 0.0 0.0 0.0 0.0 0.0 0.0 0.0 0.0 0.0 0.0 0.0 0.0 0.0 0.0 0.0 0.0 0.0 0.0 0.0 0.0 0.0 0.0 0.0 0.0 0.0 0.0 0.0 0.0 0.0 0.0 0.0 0.0 0.0 0.0 0.0 0.0 0.0 0.0 0.0 0.0 0.0 0.0 0.0 0.0 0.0 0.0 0.0</array><array dataType="xsd:double" dictRef="cc:delta.linear" size="120">0.13197 0.26539 0.26539 0.13197 0.13197 0.24751 0.24751 0.13197 0.26539 0.13197 0.24751 0.13197 0.26539 0.13197 0.24751 0.13197 0.26539 0.13197 0.24751 0.13197 0.26539 0.13197 0.24751 0.13197 -0.00598 0.0 -0.00598 0.00598 0.00598 0.0 -0.00598 0.0 -0.00598 0.00598 0.0 0.00598 -0.00598 0.0 -0.00598 0.00598 0.0 0.00598 -0.00598 0.0 -0.00598 0.00598 0.0 0.00598 -0.00598 0.0 -0.00598 0.00598 0.0 0.00598 0.0 -0.00598 -0.00598 0.00598 0.0 0.00598 0.0 0.0 0.0 0.0 0.0 0.0 0.0 0.0 0.0 0.0 0.0 0.0 0.0 0.0 0.0 0.0 0.0 0.0 0.0 0.0 0.0 0.0 0.0 0.0 0.0 0.0 0.0 0.0 0.0 0.0 0.0 0.0 0.0 0.0 0.0 0.0 0.0 0.0 0.0 0.0 0.0 0.0 0.0 0.0 0.0 0.0 0.0 0.0 0.0 0.0 0.0 0.0 0.0 0.0 0.0 0.0 0.0 0.0 0.0 0.0</array><array dataType="xsd:double" dictRef="cc:delta.quad" size="120">0.0 0.0 0.0 0.0 0.0 0.0 0.0 0.0 0.0 0.0 0.0 0.0 0.0 0.0 0.0 0.0 0.0 0.0 0.0 0.0 0.0 0.0 0.0 0.0 0.0 0.0 0.0 0.0 0.0 0.0 0.0 0.0 0.0 0.0 0.0 0.0 0.0 0.0 0.0 0.0 0.0 0.0 0.0 0.0 0.0 0.0 0.0 0.0 0.0 0.0 0.0 0.0 0.0 0.0 0.0 0.0 0.0 0.0 0.0 0.0 0.0 0.0 0.0 0.0 0.0 0.0 0.0 0.0 0.0 0.0 0.0 0.0 0.0 0.0 0.0 0.0 0.0 0.0 0.0 0.0 0.0 0.0 0.0 0.0 0.0 0.0 0.0 0.0 0.0 0.0 0.0 0.0 0.0 0.0 0.0 0.0 0.0 0.0 0.0 0.0 0.0 0.0 0.0 0.0 0.0 0.0 0.0 0.0 0.0 0.0 0.0 0.0 0.0 0.0 0.0 0.0 0.0 0.0 0.0 0.0</array><array dataType="xsd:double" dictRef="cc:delta.total" size="120">0.13206 0.26561 0.26561 0.13206 0.13206 0.2472 0.2472 0.13206 0.26561 0.13206 0.2472 0.13206 0.26561 0.13206 0.2472 0.13206 0.26561 0.13206 0.2472 0.13206 0.26561 0.13206 0.2472 0.13206 -0.00571 0.0 -0.00571 0.00571 0.00571 0.0 -0.00571 0.0 -0.00571 0.00571 0.0 0.00571 -0.00571 0.0 -0.00571 0.00571 0.0 0.00571 -0.00571 0.0 -0.00571 0.00571 0.0 0.00571 -0.00571 0.0 -0.00571 0.00571 0.0 0.00571 0.0 -0.00571 -0.00571 0.00571 0.0 0.00571 0.0 0.0 0.0 0.0 0.0 0.0 0.0 0.0 0.0 0.0 0.0 0.0 0.0 0.0 0.0 0.0 0.0 0.0 0.0 0.0 0.0 0.0 0.0 0.0 0.0 0.0 0.0 0.0 0.0 0.0 0.0 0.0 0.0 0.0 0.0 0.0 0.0 0.0 0.0 0.0 0.0 0.0 0.0 0.0 0.0 0.0 0.0 0.0 0.0 0.0 0.0 0.0 0.0 0.0 0.0 0.0 0.0 0.0 0.0 0.0</array><array dataType="xsd:double" dictRef="cc:newval" size="120">3.94956 7.56427 7.56427 3.94956 3.94956 7.68859 7.68859 3.94956 7.56427 3.94956 7.68859 3.94956 7.56427 3.94956 7.68859 3.94956 7.56427 3.94956 7.68859 3.94956 7.56427 3.94956 7.68859 3.94956 2.3866 2.0944 2.3866 2.32579 2.32579 2.0944 2.3866 2.0944 2.3866 2.32579 2.0944 2.32579 2.3866 2.0944 2.3866 2.32579 2.0944 2.32579 2.3866 2.0944 2.3866 2.32579 2.0944 2.32579 2.3866 2.0944 2.3866 2.32579 2.0944 2.32579 2.0944 2.3866 2.3866 2.32579 2.0944 2.32579 0.0 0.0 0.0 0.0 0.0 0.0 0.0 0.0 0.0 0.0 0.0 0.0 0.0 0.0 0.0 0.0 0.0 0.0 0.0 0.0 0.0 0.0 0.0 0.0 0.0 0.0 0.0 0.0 0.0 0.0 0.0 0.0 0.0 0.0 0.0 0.0 0.0 0.0 0.0 0.0 0.0 0.0 0.0 0.0 0.0 0.0 0.0 0.0 0.0 0.0 0.0 0.0 0.0 0.0 0.0 0.0 0.0 0.0 0.0 0.0</array></list></module><module cmlx:lineCount="5" cmlx:templateRef="l103.itemconverge"><list cmlx:lineCount="4" cmlx:templateRef="components"><array dataType="xsd:string" dictRef="g:itemconverge"/><array dataType="xsd:double" dictRef="x:value" size="4">4.5E-4 3.0E-4 0.0018 0.0012</array><array dataType="xsd:double" dictRef="x:threshold" size="4">0.0 0.0 0.0 0.0</array><array dataType="xsd:string" dictRef="g:converged" size="4">NO NO NO NO</array></list></module> Predicted change in Energy=-1.813370D-01 GradGradGradGradGradGradGradGradGradGradGradGradGradGradGradGradGradGrad</module><module cmlx:lineCount="18" cmlx:templateRef="l202.orient"><list cmlx:templateRef="type"><scalar dataType="xsd:string" dictRef="g:type">Input</scalar></list><list cmlx:lineCount="12" cmlx:templateRef="atom"><array dataType="xsd:integer" dictRef="cc:serial" size="12">1 2 3 4 5 6 7 8 9 10 11 12</array><array dataType="xsd:integer" dictRef="cc:elementType" size="12">13 13 13 13 13 13 13 13 13 13 13 13</array><array dataType="xsd:integer" dictRef="g:atomicType" size="12">0 0 0 0 0 0 0 0 0 0 0 0</array><array dataType="xsd:double" dictRef="cc:x3" size="12">-4.00284 -3.523532 -2.00142 0.0 2.00142 3.523532 4.00284 3.523532 2.00142 0.0 -2.00142 -3.523532</array><array dataType="xsd:double" dictRef="cc:y3" size="12">0.0 2.034312 3.466561 4.068624 3.466561 2.034312 0.0 -2.034312 -3.466561 -4.068624 -3.466561 -2.034312</array><array dataType="xsd:double" dictRef="cc:z3" size="12">0.0 0.0 0.0 0.0 0.0 0.0 0.0 0.0 0.0 0.0 0.0 0.0</array></list></module><module cmlx:lineCount="14" cmlx:templateRef="l202.distmat"><list cmlx:templateRef="atom"><list><scalar dataType="xsd:integer" dictRef="cc:serial">1</scalar><scalar dataType="xsd:string" dictRef="cc:elementType">Al</scalar><scalar dataType="xsd:string" dictRef="cc:distances">0.000000</scalar></list><list><scalar dataType="xsd:integer" dictRef="cc:serial">2</scalar><scalar dataType="xsd:string" dictRef="cc:elementType">Al</scalar><scalar dataType="xsd:string" dictRef="cc:distances">2.090015   0.000000</scalar></list><list><scalar dataType="xsd:integer" dictRef="cc:serial">3</scalar><scalar dataType="xsd:string" dictRef="cc:elementType">Al</scalar><scalar dataType="xsd:string" dictRef="cc:distances">4.002840   2.090015   0.000000</scalar></list><list><scalar dataType="xsd:integer" dictRef="cc:serial">4</scalar><scalar dataType="xsd:string" dictRef="cc:elementType">Al</scalar><scalar dataType="xsd:string" dictRef="cc:distances">5.707577   4.068624   2.090015   0.000000</scalar></list><list><scalar dataType="xsd:integer" dictRef="cc:serial">5</scalar><scalar dataType="xsd:string" dictRef="cc:elementType">Al</scalar><scalar dataType="xsd:string" dictRef="cc:distances">6.933122   5.707577   4.002840   2.090015   0.000000</scalar></list><list><scalar dataType="xsd:integer" dictRef="cc:serial">6</scalar><scalar dataType="xsd:string" dictRef="cc:elementType">Al</scalar><scalar dataType="xsd:string" dictRef="cc:distances">7.796454   7.047064   5.707577   4.068624   2.090015</scalar></list><list><scalar dataType="xsd:integer" dictRef="cc:serial">7</scalar><scalar dataType="xsd:string" dictRef="cc:elementType">Al</scalar><scalar dataType="xsd:string" dictRef="cc:distances">8.005679   7.796454   6.933122   5.707577   4.002840</scalar></list><list><scalar dataType="xsd:integer" dictRef="cc:serial">8</scalar><scalar dataType="xsd:string" dictRef="cc:elementType">Al</scalar><scalar dataType="xsd:string" dictRef="cc:distances">7.796454   8.137249   7.796454   7.047064   5.707577</scalar></list><list><scalar dataType="xsd:integer" dictRef="cc:serial">9</scalar><scalar dataType="xsd:string" dictRef="cc:elementType">Al</scalar><scalar dataType="xsd:string" dictRef="cc:distances">6.933122   7.796454   8.005679   7.796454   6.933122</scalar></list><list><scalar dataType="xsd:integer" dictRef="cc:serial">10</scalar><scalar dataType="xsd:string" dictRef="cc:elementType">Al</scalar><scalar dataType="xsd:string" dictRef="cc:distances">5.707577   7.047064   7.796454   8.137249   7.796454</scalar></list><list><scalar dataType="xsd:integer" dictRef="cc:serial">11</scalar><scalar dataType="xsd:string" dictRef="cc:elementType">Al</scalar><scalar dataType="xsd:string" dictRef="cc:distances">4.002840   5.707577   6.933122   7.796454   8.005679</scalar></list><list><scalar dataType="xsd:integer" dictRef="cc:serial">12</scalar><scalar dataType="xsd:string" dictRef="cc:elementType">Al</scalar><scalar dataType="xsd:string" dictRef="cc:distances">2.090015   4.068624   5.707577   7.047064   7.796454</scalar></list></list></module>                    6          7          8          9         10     6  Al   0.000000     7  Al   2.090015   0.000000     8  Al   4.068624   2.090015   0.000000     9  Al   5.707577   4.002840   2.090015   0.000000    10  Al   7.047064   5.707577   4.068624   2.090015   0.000000    11  Al   7.796454   6.933122   5.707577   4.002840   2.090015    12  Al   8.137249   7.796454   7.047064   5.707577   4.068624                   11         12    11  Al   0.000000    12  Al   2.090015   0.000000<module cmlx:lineCount="6" cmlx:templateRef="l202.stoich"><list cmlx:templateRef="stoich"><scalar dataType="xsd:string" dictRef="cc:formula">Al12</scalar></list><list cmlx:templateRef="framework"><scalar dataType="xsd:string" dictRef="cc:frameworkgroup">D6H[3C2'(Al.Al),3C2"(Al.Al)]</scalar></list> Full point group                 D6H Largest Abelian subgroup         D2H     NOp   8 Largest concise Abelian subgroup D2      NOp   4</module><module cmlx:lineCount="18" cmlx:templateRef="l202.orient"><list cmlx:templateRef="type"><scalar dataType="xsd:string" dictRef="g:type">Standard</scalar></list><list cmlx:lineCount="12" cmlx:templateRef="atom"><array dataType="xsd:integer" dictRef="cc:serial" size="12">1 2 3 4 5 6 7 8 9 10 11 12</array><array dataType="xsd:integer" dictRef="cc:elementType" size="12">13 13 13 13 13 13 13 13 13 13 13 13</array><array dataType="xsd:integer" dictRef="g:atomicType" size="12">0 0 0 0 0 0 0 0 0 0 0 0</array><array dataType="xsd:double" dictRef="cc:x3" size="12">0.0 2.034312 3.466561 4.068624 3.466561 2.034312 0.0 -2.034312 -3.466561 -4.068624 -3.466561 -2.034312</array><array dataType="xsd:double" dictRef="cc:y3" size="12">4.00284 3.523532 2.00142 0.0 -2.00142 -3.523532 -4.00284 -3.523532 -2.00142 0.0 2.00142 3.523532</array><array dataType="xsd:double" dictRef="cc:z3" size="12">0.0 0.0 0.0 0.0 0.0 0.0 0.0 0.0 0.0 0.0 0.0 0.0</array></list></module><module cmlx:lineCount="1" cmlx:templateRef="l202.rotconst"/><module cmlx:lineCount="16" cmlx:templateRef="l301.basis"><list cmlx:templateRef="basis"><list><scalar dataType="xsd:string" dictRef="cc:basis">6-31G(d)</scalar><scalar dataType="xsd:string" dictRef="cc:diffuse">(6D, 7F)</scalar></list></list><list cmlx:templateRef="symmadapt"><list><scalar dataType="xsd:integer" dictRef="cc:adapted">48</scalar><scalar dataType="xsd:string" dictRef="cc:symm">AG</scalar></list><list><scalar dataType="xsd:integer" dictRef="cc:adapted">36</scalar><scalar dataType="xsd:string" dictRef="cc:symm">B1G</scalar></list><list><scalar dataType="xsd:integer" dictRef="cc:adapted">15</scalar><scalar dataType="xsd:string" dictRef="cc:symm">B2G</scalar></list><list><scalar dataType="xsd:integer" dictRef="cc:adapted">15</scalar><scalar dataType="xsd:string" dictRef="cc:symm">B3G</scalar></list><list><scalar dataType="xsd:integer" dictRef="cc:adapted">12</scalar><scalar dataType="xsd:string" dictRef="cc:symm">AU</scalar></list><list><scalar dataType="xsd:integer" dictRef="cc:adapted">18</scalar><scalar dataType="xsd:string" dictRef="cc:symm">B1U</scalar></list><list><scalar dataType="xsd:integer" dictRef="cc:adapted">42</scalar><scalar dataType="xsd:string" dictRef="cc:symm">B2U</scalar></list><list><scalar dataType="xsd:integer" dictRef="cc:adapted">42</scalar><scalar dataType="xsd:string" dictRef="cc:symm">B3U</scalar></list></list><list cmlx:templateRef="buffer"><scalar dataType="xsd:integer" dictRef="g:buffer">131072</scalar></list><list cmlx:templateRef="raff"><scalar dataType="xsd:string" dictRef="g:raffenetti">Raffenetti</scalar></list><list cmlx:templateRef="twoe"><scalar dataType="xsd:string" dictRef="g:twoe">Two-electron</scalar></list><list cmlx:templateRef="basiscount"><list><scalar dataType="xsd:integer" dictRef="cc:basiscount">228</scalar><scalar dataType="xsd:integer" dictRef="g:primbasis">624</scalar><scalar dataType="xsd:integer" dictRef="cc:cartesianbasis">228</scalar></list></list><list cmlx:templateRef="alphabeta"><list><scalar dataType="xsd:integer" dictRef="cc:alphae">78</scalar><scalar dataType="xsd:integer" dictRef="cc:betae">78</scalar></list></list> NAtoms=   12 NActive=   12 NUniq=    2 SFac= 3.00D+00 NAtFMM=   80 NAOKFM=F Big=F</module><module cmlx:lineCount="1" cmlx:templateRef="l302.basis"><list cmlx:templateRef="onee"><scalar dataType="xsd:string" dictRef="g:onee">One-electron integrals</scalar></list></module> NBasis=   228 RedAO= T  NBF=    48    36    15    15    12    18    42    42 NBsUse=   228 1.00D-06 NBFU=    48    36    15    15    12    18    42    42 Initial guess read from the read-write file:<module cmlx:lineCount="1" cmlx:templateRef="l401.orbsym"><list cmlx:templateRef="l401"><scalar dataType="xsd:string" dictRef="g:l401">Initial guess orbital symmetries:</scalar></list></module>       Occupied  (?A) (E2G) (E2G) (?A) (?A) (A1G) (?B) (?A) (?B)                 (?A) (?A) (?B) (A1G) (E1U) (E1U) (E2G) (E2G) (B1U)                 (B2U) (E2G) (E2G) (E1U) (E1U) (A1G) (A2G) (E1U)                 (E1U) (E2G) (E2G) (B2U) (B1U) (A1G) (E1U) (E1U)                 (E2G) (E2G) (A2U) (E1G) (E1G) (E2U) (E2U) (B2G)                 (B1G) (E2U) (E2U) (E2G) (E2G) (E1U) (E1U) (B1U)                 (E1G) (E1G) (A1G) (A2U) (B2U) (E2G) (E2G) (E1U)                 (E1U) (A2G) (A1G) (E1U) (E1U) (E2G) (E2G) (B2U)                 (B1U) (E2G) (E2G) (E1U) (E1U) (A1G) (A2U) (A2G)                 (E1G) (E1G) (E1U) (E1U)       Virtual   (E2U) (E2U) (E2G) (E2G) (B1G) (B2G) (B2U) (B1U)                 (A1G) (E2U) (E2U) (E2G) (E2G) (E1U) (E1U) (A1G)                 (E1U) (E1U) (E1G) (E1G) (E1U) (E1U) (E2G) (E2G)                 (E2G) (E2G) (B1U) (B2U) (A2G) (A2U) (A2U) (A1G)                 (E1G) (E1G) (A1G) (E1U) (E1U) (E2U) (E2U) (E2G)                 (E2G) (B2U) (B1U) (B1G) (E2G) (E2G) (B2G) (E1U)                 (E1U) (E2U) (E2U) (A1U) (B2U) (E2G) (E2G) (B1U)                 (E1U) (E1U) (E1G) (E1G) (E2G) (E2G) (A2U) (A1G)                 (A1G) (E1G) (E1G) (A2G) (E1U) (E1U) (A2U) (E1G)                 (E1G) (E1U) (E1U) (E2G) (E2G) (E2U) (E2U) (B1U)                 (E2G) (E2G) (B2U) (E1U) (E1U) (A2G) (E2U) (E2U)                 (A1G) (B1G) (B2G) (E2G) (E2G) (E1U) (E1U) (B2U)                 (B1U) (E1U) (E1U) (A1G) (E2G) (E2G) (E2U) (E2U)                 (B2G) (E1G) (E1G) (E2G) (E2G) (B1G) (A2U) (E1U)                 (E1U) (A2G) (A1G) (B1U) (E1U) (E1U) (B2U) (E2G)                 (E2G) (E2U) (E2U) (E1G) (E1G) (A1U) (B2U) (E2G)                 (E2G) (B1U) (E2G) (E2G) (E1U) (E1U) (A2G) (E1U)                 (E1U) (A1G) (E2G) (E2G) (A1G) (E1U) (E1U) (B1U)                 (B2U) (E1U) (E1U) (E2G) (E2G) (A1G) Harris functional with IExCor=  402 diagonalized for initial guess. ExpMin= 5.57D-02 ExpMax= 1.40D+04 ExpMxC= 2.10D+03 IAcc=2 IRadAn=         4 AccDes= 0.00D+00 HarFok:  IExCor= 402 AccDes= 0.00D+00 IRadAn=         4 IDoV=1 ScaDFX=  1.000000  1.000000  1.000000  1.000000 Requested convergence on RMS density matrix=1.00D-08 within 128 cycles. Requested convergence on MAX density matrix=1.00D-06. Requested convergence on             energy=1.00D-06. No special actions if energy rises. Keep R1 integrals in memory in canonical form, NReq=   347900531. Integral accuracy reduced to 1.0D-05 until final iterations. Density matrix breaks symmetry, PCut= 1.00D-04 Density has only Abelian symmetry. Density matrix breaks symmetry, PCut= 1.00D-04 Density has only Abelian symmetry. Density matrix breaks symmetry, PCut= 1.00D-04 Density has only Abelian symmetry. Density matrix breaks symmetry, PCut= 1.00D-04 Density has only Abelian symmetry. Density matrix breaks symmetry, PCut= 1.00D-04 Density has only Abelian symmetry. Density matrix breaks symmetry, PCut= 1.00D-04 Density has only Abelian symmetry. Initial convergence to 1.0D-05 achieved.  Increase integral accuracy. Density matrix breaks symmetry, PCut= 1.00D-04 Density has only Abelian symmetry. Density matrix breaks symmetry, PCut= 1.00D-04 Density has only Abelian symmetry. Density matrix breaks symmetry, PCut= 1.00D-04 Density has only Abelian symmetry. Density matrix breaks symmetry, PCut= 1.00D-04 Density has only Abelian symmetry. Density matrix breaks symmetry, PCut= 1.00D-04 Density has only Abelian symmetry. Density matrix breaks symmetry, PCut= 1.00D-04 Density has only Abelian symmetry. Density matrix breaks symmetry, PCut= 1.00D-04 Density has only Abelian symmetry. Density matrix breaks symmetry, PCut= 1.00D-04 Density has only Abelian symmetry. Density matrix breaks symmetry, PCut= 1.00D-04 Density has only Abelian symmetry. SCF Done:  E(RB+HF-LYP) =  -2908.63210909     A.U. after   14 cycles             Convg  =    0.5567D-08             -V/T =  2.0020             S**2   =   0.0000 Density matrix has only Abelian symmetry. Density matrix has only Abelian symmetry. ***** Axes restored to original set *****<module cmlx:lineCount="18" cmlx:templateRef="forces"><list cmlx:templateRef="force"><list><scalar dataType="xsd:integer" dictRef="x:serial">1</scalar><scalar dataType="xsd:integer" dictRef="x:elementType">13</scalar><scalar dataType="xsd:double" dictRef="x:x3">-0.045219451</scalar><scalar dataType="xsd:double" dictRef="x:y3">0.0</scalar><scalar dataType="xsd:double" dictRef="x:z3">0.0</scalar></list><list><scalar dataType="xsd:integer" dictRef="x:serial">2</scalar><scalar dataType="xsd:integer" dictRef="x:elementType">13</scalar><scalar dataType="xsd:double" dictRef="x:x3">-0.049996765</scalar><scalar dataType="xsd:double" dictRef="x:y3">0.028825599</scalar><scalar dataType="xsd:double" dictRef="x:z3">0.0</scalar></list><list><scalar dataType="xsd:integer" dictRef="x:serial">3</scalar><scalar dataType="xsd:integer" dictRef="x:elementType">13</scalar><scalar dataType="xsd:double" dictRef="x:x3">-0.022587707</scalar><scalar dataType="xsd:double" dictRef="x:y3">0.039206469</scalar><scalar dataType="xsd:double" dictRef="x:z3">0.0</scalar></list><list><scalar dataType="xsd:integer" dictRef="x:serial">4</scalar><scalar dataType="xsd:integer" dictRef="x:elementType">13</scalar><scalar dataType="xsd:double" dictRef="x:x3">0.0</scalar><scalar dataType="xsd:double" dictRef="x:y3">0.05768153</scalar><scalar dataType="xsd:double" dictRef="x:z3">0.0</scalar></list><list><scalar dataType="xsd:integer" dictRef="x:serial">5</scalar><scalar dataType="xsd:integer" dictRef="x:elementType">13</scalar><scalar dataType="xsd:double" dictRef="x:x3">0.022587707</scalar><scalar dataType="xsd:double" dictRef="x:y3">0.039206469</scalar><scalar dataType="xsd:double" dictRef="x:z3">0.0</scalar></list><list><scalar dataType="xsd:integer" dictRef="x:serial">6</scalar><scalar dataType="xsd:integer" dictRef="x:elementType">13</scalar><scalar dataType="xsd:double" dictRef="x:x3">0.049996765</scalar><scalar dataType="xsd:double" dictRef="x:y3">0.028825599</scalar><scalar dataType="xsd:double" dictRef="x:z3">0.0</scalar></list><list><scalar dataType="xsd:integer" dictRef="x:serial">7</scalar><scalar dataType="xsd:integer" dictRef="x:elementType">13</scalar><scalar dataType="xsd:double" dictRef="x:x3">0.045219451</scalar><scalar dataType="xsd:double" dictRef="x:y3">0.0</scalar><scalar dataType="xsd:double" dictRef="x:z3">0.0</scalar></list><list><scalar dataType="xsd:integer" dictRef="x:serial">8</scalar><scalar dataType="xsd:integer" dictRef="x:elementType">13</scalar><scalar dataType="xsd:double" dictRef="x:x3">0.049996765</scalar><scalar dataType="xsd:double" dictRef="x:y3">-0.028825599</scalar><scalar dataType="xsd:double" dictRef="x:z3">0.0</scalar></list><list><scalar dataType="xsd:integer" dictRef="x:serial">9</scalar><scalar dataType="xsd:integer" dictRef="x:elementType">13</scalar><scalar dataType="xsd:double" dictRef="x:x3">0.022587707</scalar><scalar dataType="xsd:double" dictRef="x:y3">-0.039206469</scalar><scalar dataType="xsd:double" dictRef="x:z3">0.0</scalar></list><list><scalar dataType="xsd:integer" dictRef="x:serial">10</scalar><scalar dataType="xsd:integer" dictRef="x:elementType">13</scalar><scalar dataType="xsd:double" dictRef="x:x3">0.0</scalar><scalar dataType="xsd:double" dictRef="x:y3">-0.05768153</scalar><scalar dataType="xsd:double" dictRef="x:z3">0.0</scalar></list><list><scalar dataType="xsd:integer" dictRef="x:serial">11</scalar><scalar dataType="xsd:integer" dictRef="x:elementType">13</scalar><scalar dataType="xsd:double" dictRef="x:x3">-0.022587707</scalar><scalar dataType="xsd:double" dictRef="x:y3">-0.039206469</scalar><scalar dataType="xsd:double" dictRef="x:z3">0.0</scalar></list><list><scalar dataType="xsd:integer" dictRef="x:serial">12</scalar><scalar dataType="xsd:integer" dictRef="x:elementType">13</scalar><scalar dataType="xsd:double" dictRef="x:x3">-0.049996765</scalar><scalar dataType="xsd:double" dictRef="x:y3">-0.028825599</scalar><scalar dataType="xsd:double" dictRef="x:z3">0.0</scalar></list></list><list cmlx:templateRef="cartesianforce"><list><scalar dataType="xsd:double" dictRef="cc:maxforce">0.05768153</scalar><scalar dataType="xsd:double" dictRef="cc:rmsforce">0.029933115</scalar></list></list></module><module cmlx:lineCount="143" cmlx:templateRef="l103" xmlns:xi="http://www.w3.org/2001/XInclude"><list cmlx:templateRef="berny"><scalar dataType="xsd:string" dictRef="g:optimization">Internal  Forces:  Max     0.044010399 RMS     0.014517638</scalar></list> Search for a local minimum. Step number  15 out of a maximum of 100 All quantities printed in internal units (Hartrees-Bohrs-Radians) Update second derivatives using D2CorX and points 14 15 Maximum step size (   1.000) exceeded in linear search.    -- Step size scaled by   0.500 Quartic linear search produced a step of  1.00000. Iteration  1 RMS(Cart)=  0.06696263 RMS(Int)=  0.01607231 Iteration  2 RMS(Cart)=  0.01428915 RMS(Int)=  0.00014100 Iteration  3 RMS(Cart)=  0.00000438 RMS(Int)=  0.00014090 Iteration  4 RMS(Cart)=  0.00000000 RMS(Int)=  0.00014090<module cmlx:lineCount="122" cmlx:templateRef="l103.deltas"><list cmlx:lineCount="120" cmlx:templateRef="delta"><array dataType="xsd:string" dictRef="cc:variable" size="120">R1 R2 R3 R4 R5 R6 R7 R8 R9 R10 R11 R12 R13 R14 R15 R16 R17 R18 R19 R20 R21 R22 R23 R24 A1 A2 A3 A4 A5 A6 A7 A8 A9 A10 A11 A12 A13 A14 A15 A16 A17 A18 A19 A20 A21 A22 A23 A24 A25 A26 A27 A28 A29 A30 A31 A32 A33 A34 A35 A36 D1 D2 D3 D4 D5 D6 D7 D8 D9 D10 D11 D12 D13 D14 D15 D16 D17 D18 D19 D20 D21 D22 D23 D24 D25 D26 D27 D28 D29 D30 D31 D32 D33 D34 D35 D36 D37 D38 D39 D40 D41 D42 D43 D44 D45 D46 D47 D48 D49 D50 D51 D52 D53 D54 D55 D56 D57 D58 D59 D60</array><array dataType="xsd:double" dictRef="g:lastval" size="120">3.94956 7.56427 7.56427 3.94956 3.94956 7.68859 7.68859 3.94956 7.56427 3.94956 7.68859 3.94956 7.56427 3.94956 7.68859 3.94956 7.56427 3.94956 7.68859 3.94956 7.56427 3.94956 7.68859 3.94956 2.3866 2.0944 2.3866 2.32579 2.32579 2.0944 2.3866 2.0944 2.3866 2.32579 2.0944 2.32579 2.3866 2.0944 2.3866 2.32579 2.0944 2.32579 2.3866 2.0944 2.3866 2.32579 2.0944 2.32579 2.3866 2.0944 2.3866 2.32579 2.0944 2.32579 2.0944 2.3866 2.3866 2.32579 2.0944 2.32579 0.0 0.0 0.0 0.0 0.0 0.0 0.0 0.0 0.0 0.0 0.0 0.0 0.0 0.0 0.0 0.0 0.0 0.0 0.0 0.0 0.0 0.0 0.0 0.0 0.0 0.0 0.0 0.0 0.0 0.0 0.0 0.0 0.0 0.0 0.0 0.0 0.0 0.0 0.0 0.0 0.0 0.0 0.0 0.0 0.0 0.0 0.0 0.0 0.0 0.0 0.0 0.0 0.0 0.0 0.0 0.0 0.0 0.0 0.0 0.0</array><array dataType="xsd:double" dictRef="cc:deriv" size="120">0.02116 0.03705 0.03705 0.02116 0.02119 0.04401 0.04401 0.02116 0.03704 0.02116 0.04401 0.02119 0.03705 0.02116 0.04401 0.02116 0.03705 0.02119 0.04401 0.02116 0.03704 0.02116 0.04401 0.02119 0.00155 1.0E-5 0.00155 -0.00155 -0.00154 0.0 0.00153 0.0 0.00154 -0.00153 0.0 -0.00153 0.00154 0.0 0.00153 -0.00155 0.0 -0.00154 0.00155 1.0E-5 0.00155 -0.00154 0.0 -0.00155 0.00153 0.0 0.00154 -0.00153 0.0 -0.00153 0.0 0.00153 0.00154 -0.00155 0.0 -0.00154 0.0 0.0 0.0 0.0 0.0 0.0 0.0 0.0 0.0 0.0 0.0 0.0 0.0 0.0 0.0 0.0 0.0 0.0 0.0 0.0 0.0 0.0 0.0 0.0 0.0 0.0 0.0 0.0 0.0 0.0 0.0 0.0 0.0 0.0 0.0 0.0 0.0 0.0 0.0 0.0 0.0 0.0 0.0 0.0 0.0 0.0 0.0 0.0 0.0 0.0 0.0 0.0 0.0 0.0 0.0 0.0 0.0 0.0 0.0 0.0</array><array dataType="xsd:double" dictRef="cc:delta.linear" size="120">0.13206 0.26561 0.26561 0.13206 0.13206 0.2472 0.2472 0.13206 0.26561 0.13206 0.2472 0.13206 0.26561 0.13206 0.2472 0.13206 0.26561 0.13206 0.2472 0.13206 0.26561 0.13206 0.2472 0.13206 -0.00571 0.0 -0.00571 0.00571 0.00571 0.0 -0.00571 0.0 -0.00571 0.00571 0.0 0.00571 -0.00571 0.0 -0.00571 0.00571 0.0 0.00571 -0.00571 0.0 -0.00571 0.00571 0.0 0.00571 -0.00571 0.0 -0.00571 0.00571 0.0 0.00571 0.0 -0.00571 -0.00571 0.00571 0.0 0.00571 0.0 0.0 0.0 0.0 0.0 0.0 0.0 0.0 0.0 0.0 0.0 0.0 0.0 0.0 0.0 0.0 0.0 0.0 0.0 0.0 0.0 0.0 0.0 0.0 0.0 0.0 0.0 0.0 0.0 0.0 0.0 0.0 0.0 0.0 0.0 0.0 0.0 0.0 0.0 0.0 0.0 0.0 0.0 0.0 0.0 0.0 0.0 0.0 0.0 0.0 0.0 0.0 0.0 0.0 0.0 0.0 0.0 0.0 0.0 0.0</array><array dataType="xsd:double" dictRef="cc:delta.quad" size="120">0.0 0.0 0.0 0.0 0.0 0.0 0.0 0.0 0.0 0.0 0.0 0.0 0.0 0.0 0.0 0.0 0.0 0.0 0.0 0.0 0.0 0.0 0.0 0.0 0.0 0.0 0.0 0.0 0.0 0.0 0.0 0.0 0.0 0.0 0.0 0.0 0.0 0.0 0.0 0.0 0.0 0.0 0.0 0.0 0.0 0.0 0.0 0.0 0.0 0.0 0.0 0.0 0.0 0.0 0.0 0.0 0.0 0.0 0.0 0.0 0.0 0.0 0.0 0.0 0.0 0.0 0.0 0.0 0.0 0.0 0.0 0.0 0.0 0.0 0.0 0.0 0.0 0.0 0.0 0.0 0.0 0.0 0.0 0.0 0.0 0.0 0.0 0.0 0.0 0.0 0.0 0.0 0.0 0.0 0.0 0.0 0.0 0.0 0.0 0.0 0.0 0.0 0.0 0.0 0.0 0.0 0.0 0.0 0.0 0.0 0.0 0.0 0.0 0.0 0.0 0.0 0.0 0.0 0.0 0.0</array><array dataType="xsd:double" dictRef="cc:delta.total" size="120">0.13215 0.26581 0.26581 0.13215 0.13215 0.24691 0.24691 0.13215 0.26581 0.13215 0.24691 0.13215 0.26581 0.13215 0.24691 0.13215 0.26581 0.13215 0.24691 0.13215 0.26581 0.13215 0.24691 0.13215 -0.00546 0.0 -0.00546 0.00546 0.00546 0.0 -0.00546 0.0 -0.00546 0.00546 0.0 0.00546 -0.00546 0.0 -0.00546 0.00546 0.0 0.00546 -0.00546 0.0 -0.00546 0.00546 0.0 0.00546 -0.00546 0.0 -0.00546 0.00546 0.0 0.00546 0.0 -0.00546 -0.00546 0.00546 0.0 0.00546 0.0 0.0 0.0 0.0 0.0 0.0 0.0 0.0 0.0 0.0 0.0 0.0 0.0 0.0 0.0 0.0 0.0 0.0 0.0 0.0 0.0 0.0 0.0 0.0 0.0 0.0 0.0 0.0 0.0 0.0 0.0 0.0 0.0 0.0 0.0 0.0 0.0 0.0 0.0 0.0 0.0 0.0 0.0 0.0 0.0 0.0 0.0 0.0 0.0 0.0 0.0 0.0 0.0 0.0 0.0 0.0 0.0 0.0 0.0 0.0</array><array dataType="xsd:double" dictRef="cc:newval" size="120">4.0817 7.83008 7.83008 4.0817 4.0817 7.9355 7.9355 4.0817 7.83008 4.0817 7.9355 4.0817 7.83008 4.0817 7.9355 4.0817 7.83008 4.0817 7.9355 4.0817 7.83008 4.0817 7.9355 4.0817 2.38114 2.0944 2.38114 2.33125 2.33125 2.0944 2.38114 2.0944 2.38114 2.33125 2.0944 2.33125 2.38114 2.0944 2.38114 2.33125 2.0944 2.33125 2.38114 2.0944 2.38114 2.33125 2.0944 2.33125 2.38114 2.0944 2.38114 2.33125 2.0944 2.33125 2.0944 2.38114 2.38114 2.33125 2.0944 2.33125 0.0 0.0 0.0 0.0 0.0 0.0 0.0 0.0 0.0 0.0 0.0 0.0 0.0 0.0 0.0 0.0 0.0 0.0 0.0 0.0 0.0 0.0 0.0 0.0 0.0 0.0 0.0 0.0 0.0 0.0 0.0 0.0 0.0 0.0 0.0 0.0 0.0 0.0 0.0 0.0 0.0 0.0 0.0 0.0 0.0 0.0 0.0 0.0 0.0 0.0 0.0 0.0 0.0 0.0 0.0 0.0 0.0 0.0 0.0 0.0</array></list></module><module cmlx:lineCount="5" cmlx:templateRef="l103.itemconverge"><list cmlx:lineCount="4" cmlx:templateRef="components"><array dataType="xsd:string" dictRef="g:itemconverge"/><array dataType="xsd:double" dictRef="x:value" size="4">4.5E-4 3.0E-4 0.0018 0.0012</array><array dataType="xsd:double" dictRef="x:threshold" size="4">0.0 0.0 0.0 0.0</array><array dataType="xsd:string" dictRef="g:converged" size="4">NO NO NO NO</array></list></module> Predicted change in Energy=-1.277658D-01 GradGradGradGradGradGradGradGradGradGradGradGradGradGradGradGradGradGrad</module><module cmlx:lineCount="18" cmlx:templateRef="l202.orient"><list cmlx:templateRef="type"><scalar dataType="xsd:string" dictRef="g:type">Input</scalar></list><list cmlx:lineCount="12" cmlx:templateRef="atom"><array dataType="xsd:integer" dictRef="cc:serial" size="12">1 2 3 4 5 6 7 8 9 10 11 12</array><array dataType="xsd:integer" dictRef="cc:elementType" size="12">13 13 13 13 13 13 13 13 13 13 13 13</array><array dataType="xsd:integer" dictRef="g:atomicType" size="12">0 0 0 0 0 0 0 0 0 0 0 0</array><array dataType="xsd:double" dictRef="cc:x3" size="12">-4.143502 -3.636686 -2.071751 0.0 2.071751 3.636686 4.143502 3.636686 2.071751 0.0 -2.071751 -3.636686</array><array dataType="xsd:double" dictRef="cc:y3" size="12">0.0 2.099642 3.588378 4.199283 3.588378 2.099642 0.0 -2.099642 -3.588378 -4.199283 -3.588378 -2.099642</array><array dataType="xsd:double" dictRef="cc:z3" size="12">0.0 0.0 0.0 0.0 0.0 0.0 0.0 0.0 0.0 0.0 0.0 0.0</array></list></module><module cmlx:lineCount="14" cmlx:templateRef="l202.distmat"><list cmlx:templateRef="atom"><list><scalar dataType="xsd:integer" dictRef="cc:serial">1</scalar><scalar dataType="xsd:string" dictRef="cc:elementType">Al</scalar><scalar dataType="xsd:string" dictRef="cc:distances">0.000000</scalar></list><list><scalar dataType="xsd:integer" dictRef="cc:serial">2</scalar><scalar dataType="xsd:string" dictRef="cc:elementType">Al</scalar><scalar dataType="xsd:string" dictRef="cc:distances">2.159944   0.000000</scalar></list><list><scalar dataType="xsd:integer" dictRef="cc:serial">3</scalar><scalar dataType="xsd:string" dictRef="cc:elementType">Al</scalar><scalar dataType="xsd:string" dictRef="cc:distances">4.143502   2.159944   0.000000</scalar></list><list><scalar dataType="xsd:integer" dictRef="cc:serial">4</scalar><scalar dataType="xsd:string" dictRef="cc:elementType">Al</scalar><scalar dataType="xsd:string" dictRef="cc:distances">5.899372   4.199283   2.159944   0.000000</scalar></list><list><scalar dataType="xsd:integer" dictRef="cc:serial">5</scalar><scalar dataType="xsd:string" dictRef="cc:elementType">Al</scalar><scalar dataType="xsd:string" dictRef="cc:distances">7.176756   5.899372   4.143502   2.159944   0.000000</scalar></list><list><scalar dataType="xsd:integer" dictRef="cc:serial">6</scalar><scalar dataType="xsd:string" dictRef="cc:elementType">Al</scalar><scalar dataType="xsd:string" dictRef="cc:distances">8.058525   7.273372   5.899372   4.199283   2.159944</scalar></list><list><scalar dataType="xsd:integer" dictRef="cc:serial">7</scalar><scalar dataType="xsd:string" dictRef="cc:elementType">Al</scalar><scalar dataType="xsd:string" dictRef="cc:distances">8.287004   8.058525   7.176756   5.899372   4.143502</scalar></list><list><scalar dataType="xsd:integer" dictRef="cc:serial">8</scalar><scalar dataType="xsd:string" dictRef="cc:elementType">Al</scalar><scalar dataType="xsd:string" dictRef="cc:distances">8.058525   8.398567   8.058525   7.273372   5.899372</scalar></list><list><scalar dataType="xsd:integer" dictRef="cc:serial">9</scalar><scalar dataType="xsd:string" dictRef="cc:elementType">Al</scalar><scalar dataType="xsd:string" dictRef="cc:distances">7.176756   8.058525   8.287004   8.058525   7.176756</scalar></list><list><scalar dataType="xsd:integer" dictRef="cc:serial">10</scalar><scalar dataType="xsd:string" dictRef="cc:elementType">Al</scalar><scalar dataType="xsd:string" dictRef="cc:distances">5.899372   7.273372   8.058525   8.398567   8.058525</scalar></list><list><scalar dataType="xsd:integer" dictRef="cc:serial">11</scalar><scalar dataType="xsd:string" dictRef="cc:elementType">Al</scalar><scalar dataType="xsd:string" dictRef="cc:distances">4.143502   5.899372   7.176756   8.058525   8.287004</scalar></list><list><scalar dataType="xsd:integer" dictRef="cc:serial">12</scalar><scalar dataType="xsd:string" dictRef="cc:elementType">Al</scalar><scalar dataType="xsd:string" dictRef="cc:distances">2.159944   4.199283   5.899372   7.273372   8.058525</scalar></list></list></module>                    6          7          8          9         10     6  Al   0.000000     7  Al   2.159944   0.000000     8  Al   4.199283   2.159944   0.000000     9  Al   5.899372   4.143502   2.159944   0.000000    10  Al   7.273372   5.899372   4.199283   2.159944   0.000000    11  Al   8.058525   7.176756   5.899372   4.143502   2.159944    12  Al   8.398567   8.058525   7.273372   5.899372   4.199283                   11         12    11  Al   0.000000    12  Al   2.159944   0.000000<module cmlx:lineCount="6" cmlx:templateRef="l202.stoich"><list cmlx:templateRef="stoich"><scalar dataType="xsd:string" dictRef="cc:formula">Al12</scalar></list><list cmlx:templateRef="framework"><scalar dataType="xsd:string" dictRef="cc:frameworkgroup">D6H[3C2'(Al.Al),3C2"(Al.Al)]</scalar></list> Full point group                 D6H Largest Abelian subgroup         D2H     NOp   8 Largest concise Abelian subgroup D2      NOp   4</module><module cmlx:lineCount="18" cmlx:templateRef="l202.orient"><list cmlx:templateRef="type"><scalar dataType="xsd:string" dictRef="g:type">Standard</scalar></list><list cmlx:lineCount="12" cmlx:templateRef="atom"><array dataType="xsd:integer" dictRef="cc:serial" size="12">1 2 3 4 5 6 7 8 9 10 11 12</array><array dataType="xsd:integer" dictRef="cc:elementType" size="12">13 13 13 13 13 13 13 13 13 13 13 13</array><array dataType="xsd:integer" dictRef="g:atomicType" size="12">0 0 0 0 0 0 0 0 0 0 0 0</array><array dataType="xsd:double" dictRef="cc:x3" size="12">0.0 2.099642 3.588378 4.199283 3.588378 2.099642 0.0 -2.099642 -3.588378 -4.199283 -3.588378 -2.099642</array><array dataType="xsd:double" dictRef="cc:y3" size="12">4.143502 3.636686 2.071751 0.0 -2.071751 -3.636686 -4.143502 -3.636686 -2.071751 0.0 2.071751 3.636686</array><array dataType="xsd:double" dictRef="cc:z3" size="12">0.0 0.0 0.0 0.0 0.0 0.0 0.0 0.0 0.0 0.0 0.0 0.0</array></list></module><module cmlx:lineCount="1" cmlx:templateRef="l202.rotconst"/><module cmlx:lineCount="16" cmlx:templateRef="l301.basis"><list cmlx:templateRef="basis"><list><scalar dataType="xsd:string" dictRef="cc:basis">6-31G(d)</scalar><scalar dataType="xsd:string" dictRef="cc:diffuse">(6D, 7F)</scalar></list></list><list cmlx:templateRef="symmadapt"><list><scalar dataType="xsd:integer" dictRef="cc:adapted">48</scalar><scalar dataType="xsd:string" dictRef="cc:symm">AG</scalar></list><list><scalar dataType="xsd:integer" dictRef="cc:adapted">36</scalar><scalar dataType="xsd:string" dictRef="cc:symm">B1G</scalar></list><list><scalar dataType="xsd:integer" dictRef="cc:adapted">15</scalar><scalar dataType="xsd:string" dictRef="cc:symm">B2G</scalar></list><list><scalar dataType="xsd:integer" dictRef="cc:adapted">15</scalar><scalar dataType="xsd:string" dictRef="cc:symm">B3G</scalar></list><list><scalar dataType="xsd:integer" dictRef="cc:adapted">12</scalar><scalar dataType="xsd:string" dictRef="cc:symm">AU</scalar></list><list><scalar dataType="xsd:integer" dictRef="cc:adapted">18</scalar><scalar dataType="xsd:string" dictRef="cc:symm">B1U</scalar></list><list><scalar dataType="xsd:integer" dictRef="cc:adapted">42</scalar><scalar dataType="xsd:string" dictRef="cc:symm">B2U</scalar></list><list><scalar dataType="xsd:integer" dictRef="cc:adapted">42</scalar><scalar dataType="xsd:string" dictRef="cc:symm">B3U</scalar></list></list><list cmlx:templateRef="buffer"><scalar dataType="xsd:integer" dictRef="g:buffer">131072</scalar></list><list cmlx:templateRef="raff"><scalar dataType="xsd:string" dictRef="g:raffenetti">Raffenetti</scalar></list><list cmlx:templateRef="twoe"><scalar dataType="xsd:string" dictRef="g:twoe">Two-electron</scalar></list><list cmlx:templateRef="basiscount"><list><scalar dataType="xsd:integer" dictRef="cc:basiscount">228</scalar><scalar dataType="xsd:integer" dictRef="g:primbasis">624</scalar><scalar dataType="xsd:integer" dictRef="cc:cartesianbasis">228</scalar></list></list><list cmlx:templateRef="alphabeta"><list><scalar dataType="xsd:integer" dictRef="cc:alphae">78</scalar><scalar dataType="xsd:integer" dictRef="cc:betae">78</scalar></list></list> NAtoms=   12 NActive=   12 NUniq=    2 SFac= 3.00D+00 NAtFMM=   80 NAOKFM=F Big=F</module><module cmlx:lineCount="1" cmlx:templateRef="l302.basis"><list cmlx:templateRef="onee"><scalar dataType="xsd:string" dictRef="g:onee">One-electron integrals</scalar></list></module> NBasis=   228 RedAO= T  NBF=    48    36    15    15    12    18    42    42 NBsUse=   228 1.00D-06 NBFU=    48    36    15    15    12    18    42    42 Initial guess read from the read-write file:<module cmlx:lineCount="1" cmlx:templateRef="l401.orbsym"><list cmlx:templateRef="l401"><scalar dataType="xsd:string" dictRef="g:l401">Initial guess orbital symmetries:</scalar></list></module>       Occupied  (?A) (?A) (?A) (?A) (?A) (?A) (?B) (?B) (?A) (?A)                 (?B) (?A) (A1G) (E1U) (E1U) (E2G) (E2G) (B1U)                 (B2U) (E2G) (E2G) (E1U) (E1U) (A1G) (A2G) (E1U)                 (E1U) (E2G) (E2G) (B2U) (A1G) (E1U) (E1U) (B1U)                 (E2G) (E2G) (A2U) (E1G) (E1G) (E2U) (E2U) (B2G)                 (B1G) (E2U) (E2U) (E1G) (E1G) (E1U) (E2G) (E1U)                 (E2G) (A1G) (A2U) (B1U) (B2U) (E2G) (E2G) (E1U)                 (E1U) (A2G) (A1G) (E1U) (E1U) (E2G) (E2G) (B2U)                 (B1U) (E2G) (E2G) (E1U) (E1U) (A2G) (A1G) (A2U)                 (E1G) (E1G) (E1U) (E1U)       Virtual   (E2U) (E2U) (E2G) (E2G) (B1G) (B2G) (B2U) (B1U)                 (A1G) (E2U) (E2U) (E1U) (E1U) (E2G) (E2G) (A1G)                 (E1G) (E1G) (E1U) (E1U) (E1U) (E1U) (E2G) (E2G)                 (E2G) (E2G) (B1U) (B2U) (A2U) (A2G) (A1G) (A2U)                 (E1G) (E1G) (A1G) (E1U) (E1U) (E2U) (E2U) (B1U)                 (B2U) (E2G) (E2G) (E2G) (E2G) (B1G) (B2G) (E1U)                 (E1U) (E2U) (E2U) (?B) (?B) (A1U) (?B) (E2G) (E2G)                 (B1U) (E2G) (E2G) (E1G) (E1G) (A1G) (A2U) (E1G)                 (E1G) (A1G) (E1U) (E1U) (A2G) (A2U) (E1U) (E1U)                 (E1G) (E1G) (E2G) (E2G) (B1U) (B2U) (E2U) (E2U)                 (E1U) (E1U) (E2G) (E2G) (A2G) (E2U) (E2U) (A1G)                 (B1G) (E1U) (E1U) (E2G) (E2G) (B2G) (B2U) (B1U)                 (E1U) (E1U) (A1G) (E2G) (E2G) (E2U) (E2U) (B2G)                 (E1G) (E1G) (E2G) (E2G) (B1G) (A2U) (A2G) (E1U)                 (E1U) (E1U) (E1U) (A1G) (B1U) (B2U) (E2G) (E2G)                 (E2U) (E2U) (E1G) (E1G) (A1U) (B2U) (E2G) (E2G)                 (B1U) (E2G) (E2G) (E1U) (E1U) (A2G) (E1U) (E1U)                 (A1G) (A1G) (E2G) (E2G) (B2U) (E1U) (E1U) (B1U)                 (E1U) (E1U) (E2G) (E2G) (A1G) Harris functional with IExCor=  402 diagonalized for initial guess. ExpMin= 5.57D-02 ExpMax= 1.40D+04 ExpMxC= 2.10D+03 IAcc=2 IRadAn=         4 AccDes= 0.00D+00 HarFok:  IExCor= 402 AccDes= 0.00D+00 IRadAn=         4 IDoV=1 ScaDFX=  1.000000  1.000000  1.000000  1.000000 Requested convergence on RMS density matrix=1.00D-08 within 128 cycles. Requested convergence on MAX density matrix=1.00D-06. Requested convergence on             energy=1.00D-06. No special actions if energy rises. Keep R1 integrals in memory in canonical form, NReq=   347900531. Integral accuracy reduced to 1.0D-05 until final iterations. Density matrix breaks symmetry, PCut= 1.00D-04 Density has only Abelian symmetry. Density matrix breaks symmetry, PCut= 1.00D-04 Density has only Abelian symmetry. Density matrix breaks symmetry, PCut= 1.00D-04 Density has only Abelian symmetry. Density matrix breaks symmetry, PCut= 1.00D-04 Density has only Abelian symmetry. Density matrix breaks symmetry, PCut= 1.00D-04 Density has only Abelian symmetry. Density matrix breaks symmetry, PCut= 1.00D-04 Density has only Abelian symmetry. Initial convergence to 1.0D-05 achieved.  Increase integral accuracy. Density matrix breaks symmetry, PCut= 1.00D-04 Density has only Abelian symmetry. Density matrix breaks symmetry, PCut= 1.00D-04 Density has only Abelian symmetry. Density matrix breaks symmetry, PCut= 1.00D-04 Density has only Abelian symmetry. Density matrix breaks symmetry, PCut= 1.00D-04 Density has only Abelian symmetry. Density matrix breaks symmetry, PCut= 1.00D-04 Density has only Abelian symmetry. Density matrix breaks symmetry, PCut= 1.00D-04 Density has only Abelian symmetry. Density matrix breaks symmetry, PCut= 1.00D-04 Density has only Abelian symmetry. Density matrix breaks symmetry, PCut= 1.00D-04 Density has only Abelian symmetry. Density matrix breaks symmetry, PCut= 1.00D-04 Density has only Abelian symmetry. SCF Done:  E(RB+HF-LYP) =  -2908.76444326     A.U. after   14 cycles             Convg  =    0.4553D-08             -V/T =  2.0025             S**2   =   0.0000 Density matrix has only Abelian symmetry. Density matrix has only Abelian symmetry. ***** Axes restored to original set *****<module cmlx:lineCount="18" cmlx:templateRef="forces"><list cmlx:templateRef="force"><list><scalar dataType="xsd:integer" dictRef="x:serial">1</scalar><scalar dataType="xsd:integer" dictRef="x:elementType">13</scalar><scalar dataType="xsd:double" dictRef="x:x3">-0.031569053</scalar><scalar dataType="xsd:double" dictRef="x:y3">0.0</scalar><scalar dataType="xsd:double" dictRef="x:z3">0.0</scalar></list><list><scalar dataType="xsd:integer" dictRef="x:serial">2</scalar><scalar dataType="xsd:integer" dictRef="x:elementType">13</scalar><scalar dataType="xsd:double" dictRef="x:x3">-0.034111771</scalar><scalar dataType="xsd:double" dictRef="x:y3">0.019636249</scalar><scalar dataType="xsd:double" dictRef="x:z3">0.0</scalar></list><list><scalar dataType="xsd:integer" dictRef="x:serial">3</scalar><scalar dataType="xsd:integer" dictRef="x:elementType">13</scalar><scalar dataType="xsd:double" dictRef="x:x3">-0.015769488</scalar><scalar dataType="xsd:double" dictRef="x:y3">0.027424096</scalar><scalar dataType="xsd:double" dictRef="x:z3">0.0</scalar></list><list><scalar dataType="xsd:integer" dictRef="x:serial">4</scalar><scalar dataType="xsd:integer" dictRef="x:elementType">13</scalar><scalar dataType="xsd:double" dictRef="x:x3">0.0</scalar><scalar dataType="xsd:double" dictRef="x:y3">0.039310148</scalar><scalar dataType="xsd:double" dictRef="x:z3">0.0</scalar></list><list><scalar dataType="xsd:integer" dictRef="x:serial">5</scalar><scalar dataType="xsd:integer" dictRef="x:elementType">13</scalar><scalar dataType="xsd:double" dictRef="x:x3">0.015769488</scalar><scalar dataType="xsd:double" dictRef="x:y3">0.027424096</scalar><scalar dataType="xsd:double" dictRef="x:z3">0.0</scalar></list><list><scalar dataType="xsd:integer" dictRef="x:serial">6</scalar><scalar dataType="xsd:integer" dictRef="x:elementType">13</scalar><scalar dataType="xsd:double" dictRef="x:x3">0.034111771</scalar><scalar dataType="xsd:double" dictRef="x:y3">0.019636249</scalar><scalar dataType="xsd:double" dictRef="x:z3">0.0</scalar></list><list><scalar dataType="xsd:integer" dictRef="x:serial">7</scalar><scalar dataType="xsd:integer" dictRef="x:elementType">13</scalar><scalar dataType="xsd:double" dictRef="x:x3">0.031569053</scalar><scalar dataType="xsd:double" dictRef="x:y3">0.0</scalar><scalar dataType="xsd:double" dictRef="x:z3">0.0</scalar></list><list><scalar dataType="xsd:integer" dictRef="x:serial">8</scalar><scalar dataType="xsd:integer" dictRef="x:elementType">13</scalar><scalar dataType="xsd:double" dictRef="x:x3">0.034111771</scalar><scalar dataType="xsd:double" dictRef="x:y3">-0.019636249</scalar><scalar dataType="xsd:double" dictRef="x:z3">0.0</scalar></list><list><scalar dataType="xsd:integer" dictRef="x:serial">9</scalar><scalar dataType="xsd:integer" dictRef="x:elementType">13</scalar><scalar dataType="xsd:double" dictRef="x:x3">0.015769488</scalar><scalar dataType="xsd:double" dictRef="x:y3">-0.027424096</scalar><scalar dataType="xsd:double" dictRef="x:z3">0.0</scalar></list><list><scalar dataType="xsd:integer" dictRef="x:serial">10</scalar><scalar dataType="xsd:integer" dictRef="x:elementType">13</scalar><scalar dataType="xsd:double" dictRef="x:x3">0.0</scalar><scalar dataType="xsd:double" dictRef="x:y3">-0.039310148</scalar><scalar dataType="xsd:double" dictRef="x:z3">0.0</scalar></list><list><scalar dataType="xsd:integer" dictRef="x:serial">11</scalar><scalar dataType="xsd:integer" dictRef="x:elementType">13</scalar><scalar dataType="xsd:double" dictRef="x:x3">-0.015769488</scalar><scalar dataType="xsd:double" dictRef="x:y3">-0.027424096</scalar><scalar dataType="xsd:double" dictRef="x:z3">0.0</scalar></list><list><scalar dataType="xsd:integer" dictRef="x:serial">12</scalar><scalar dataType="xsd:integer" dictRef="x:elementType">13</scalar><scalar dataType="xsd:double" dictRef="x:x3">-0.034111771</scalar><scalar dataType="xsd:double" dictRef="x:y3">-0.019636249</scalar><scalar dataType="xsd:double" dictRef="x:z3">0.0</scalar></list></list><list cmlx:templateRef="cartesianforce"><list><scalar dataType="xsd:double" dictRef="cc:maxforce">0.039310148</scalar><scalar dataType="xsd:double" dictRef="cc:rmsforce">0.020604475</scalar></list></list></module><module cmlx:lineCount="143" cmlx:templateRef="l103" xmlns:xi="http://www.w3.org/2001/XInclude"><list cmlx:templateRef="berny"><scalar dataType="xsd:string" dictRef="g:optimization">Internal  Forces:  Max     0.030188182 RMS     0.010000527</scalar></list> Search for a local minimum. Step number  16 out of a maximum of 100 All quantities printed in internal units (Hartrees-Bohrs-Radians) Update second derivatives using D2CorX and points 15 16 Maximum step size (   1.000) exceeded in linear search.    -- Step size scaled by   0.500 Quartic linear search produced a step of  1.00000. Iteration  1 RMS(Cart)=  0.06696796 RMS(Int)=  0.01606654 Iteration  2 RMS(Cart)=  0.01427968 RMS(Int)=  0.00013207 Iteration  3 RMS(Cart)=  0.00000415 RMS(Int)=  0.00013197 Iteration  4 RMS(Cart)=  0.00000000 RMS(Int)=  0.00013197<module cmlx:lineCount="122" cmlx:templateRef="l103.deltas"><list cmlx:lineCount="120" cmlx:templateRef="delta"><array dataType="xsd:string" dictRef="cc:variable" size="120">R1 R2 R3 R4 R5 R6 R7 R8 R9 R10 R11 R12 R13 R14 R15 R16 R17 R18 R19 R20 R21 R22 R23 R24 A1 A2 A3 A4 A5 A6 A7 A8 A9 A10 A11 A12 A13 A14 A15 A16 A17 A18 A19 A20 A21 A22 A23 A24 A25 A26 A27 A28 A29 A30 A31 A32 A33 A34 A35 A36 D1 D2 D3 D4 D5 D6 D7 D8 D9 D10 D11 D12 D13 D14 D15 D16 D17 D18 D19 D20 D21 D22 D23 D24 D25 D26 D27 D28 D29 D30 D31 D32 D33 D34 D35 D36 D37 D38 D39 D40 D41 D42 D43 D44 D45 D46 D47 D48 D49 D50 D51 D52 D53 D54 D55 D56 D57 D58 D59 D60</array><array dataType="xsd:double" dictRef="g:lastval" size="120">4.0817 7.83008 7.83008 4.0817 4.0817 7.9355 7.9355 4.0817 7.83008 4.0817 7.9355 4.0817 7.83008 4.0817 7.9355 4.0817 7.83008 4.0817 7.9355 4.0817 7.83008 4.0817 7.9355 4.0817 2.38114 2.0944 2.38114 2.33125 2.33125 2.0944 2.38114 2.0944 2.38114 2.33125 2.0944 2.33125 2.38114 2.0944 2.38114 2.33125 2.0944 2.33125 2.38114 2.0944 2.38114 2.33125 2.0944 2.33125 2.38114 2.0944 2.38114 2.33125 2.0944 2.33125 2.0944 2.38114 2.38114 2.33125 2.0944 2.33125 0.0 0.0 0.0 0.0 0.0 0.0 0.0 0.0 0.0 0.0 0.0 0.0 0.0 0.0 0.0 0.0 0.0 0.0 0.0 0.0 0.0 0.0 0.0 0.0 0.0 0.0 0.0 0.0 0.0 0.0 0.0 0.0 0.0 0.0 0.0 0.0 0.0 0.0 0.0 0.0 0.0 0.0 0.0 0.0 0.0 0.0 0.0 0.0 0.0 0.0 0.0 0.0 0.0 0.0 0.0 0.0 0.0 0.0 0.0 0.0</array><array dataType="xsd:double" dictRef="cc:deriv" size="120">0.01455 0.02571 0.02571 0.01455 0.0146 0.03019 0.03019 0.01455 0.0257 0.01455 0.03019 0.0146 0.02571 0.01455 0.03019 0.01455 0.02571 0.0146 0.03019 0.01455 0.0257 0.01455 0.03019 0.0146 0.0010 2.0E-5 0.0010 -9.9E-4 -9.7E-4 0.0 9.5E-4 -1.0E-5 9.7E-4 -9.6E-4 0.0 -9.6E-4 9.7E-4 -1.0E-5 9.5E-4 -9.9E-4 0.0 -9.7E-4 0.0010 2.0E-5 0.0010 -9.7E-4 0.0 -9.9E-4 9.5E-4 -1.0E-5 9.7E-4 -9.6E-4 0.0 -9.6E-4 -1.0E-5 9.5E-4 9.7E-4 -9.9E-4 0.0 -9.7E-4 0.0 0.0 0.0 0.0 0.0 0.0 0.0 0.0 0.0 0.0 0.0 0.0 0.0 0.0 0.0 0.0 0.0 0.0 0.0 0.0 0.0 0.0 0.0 0.0 0.0 0.0 0.0 0.0 0.0 0.0 0.0 0.0 0.0 0.0 0.0 0.0 0.0 0.0 0.0 0.0 0.0 0.0 0.0 0.0 0.0 0.0 0.0 0.0 0.0 0.0 0.0 0.0 0.0 0.0 0.0 0.0 0.0 0.0 0.0 0.0</array><array dataType="xsd:double" dictRef="cc:delta.linear" size="120">0.13215 0.26581 0.26581 0.13215 0.13215 0.24691 0.24691 0.13215 0.26581 0.13215 0.24691 0.13215 0.26581 0.13215 0.24691 0.13215 0.26581 0.13215 0.24691 0.13215 0.26581 0.13215 0.24691 0.13215 -0.00546 0.0 -0.00546 0.00546 0.00546 0.0 -0.00546 0.0 -0.00546 0.00546 0.0 0.00546 -0.00546 0.0 -0.00546 0.00546 0.0 0.00546 -0.00546 0.0 -0.00546 0.00546 0.0 0.00546 -0.00546 0.0 -0.00546 0.00546 0.0 0.00546 0.0 -0.00546 -0.00546 0.00546 0.0 0.00546 0.0 0.0 0.0 0.0 0.0 0.0 0.0 0.0 0.0 0.0 0.0 0.0 0.0 0.0 0.0 0.0 0.0 0.0 0.0 0.0 0.0 0.0 0.0 0.0 0.0 0.0 0.0 0.0 0.0 0.0 0.0 0.0 0.0 0.0 0.0 0.0 0.0 0.0 0.0 0.0 0.0 0.0 0.0 0.0 0.0 0.0 0.0 0.0 0.0 0.0 0.0 0.0 0.0 0.0 0.0 0.0 0.0 0.0 0.0 0.0</array><array dataType="xsd:double" dictRef="cc:delta.quad" size="120">0.0 0.0 0.0 0.0 0.0 0.0 0.0 0.0 0.0 0.0 0.0 0.0 0.0 0.0 0.0 0.0 0.0 0.0 0.0 0.0 0.0 0.0 0.0 0.0 0.0 0.0 0.0 0.0 0.0 0.0 0.0 0.0 0.0 0.0 0.0 0.0 0.0 0.0 0.0 0.0 0.0 0.0 0.0 0.0 0.0 0.0 0.0 0.0 0.0 0.0 0.0 0.0 0.0 0.0 0.0 0.0 0.0 0.0 0.0 0.0 0.0 0.0 0.0 0.0 0.0 0.0 0.0 0.0 0.0 0.0 0.0 0.0 0.0 0.0 0.0 0.0 0.0 0.0 0.0 0.0 0.0 0.0 0.0 0.0 0.0 0.0 0.0 0.0 0.0 0.0 0.0 0.0 0.0 0.0 0.0 0.0 0.0 0.0 0.0 0.0 0.0 0.0 0.0 0.0 0.0 0.0 0.0 0.0 0.0 0.0 0.0 0.0 0.0 0.0 0.0 0.0 0.0 0.0 0.0 0.0</array><array dataType="xsd:double" dictRef="cc:delta.total" size="120">0.13223 0.266 0.266 0.13223 0.13223 0.24664 0.24664 0.13223 0.266 0.13223 0.24664 0.13223 0.266 0.13223 0.24664 0.13223 0.266 0.13223 0.24664 0.13223 0.266 0.13223 0.24664 0.13223 -0.00522 0.0 -0.00522 0.00522 0.00522 0.0 -0.00522 0.0 -0.00522 0.00522 0.0 0.00522 -0.00522 0.0 -0.00522 0.00522 0.0 0.00522 -0.00522 0.0 -0.00522 0.00522 0.0 0.00522 -0.00522 0.0 -0.00522 0.00522 0.0 0.00522 0.0 -0.00522 -0.00522 0.00522 0.0 0.00522 0.0 0.0 0.0 0.0 0.0 0.0 0.0 0.0 0.0 0.0 0.0 0.0 0.0 0.0 0.0 0.0 0.0 0.0 0.0 0.0 0.0 0.0 0.0 0.0 0.0 0.0 0.0 0.0 0.0 0.0 0.0 0.0 0.0 0.0 0.0 0.0 0.0 0.0 0.0 0.0 0.0 0.0 0.0 0.0 0.0 0.0 0.0 0.0 0.0 0.0 0.0 0.0 0.0 0.0 0.0 0.0 0.0 0.0 0.0 0.0</array><array dataType="xsd:double" dictRef="cc:newval" size="120">4.21393 8.09608 8.09608 4.21393 4.21393 8.18214 8.18214 4.21393 8.09608 4.21393 8.18214 4.21393 8.09608 4.21393 8.18214 4.21393 8.09608 4.21393 8.18214 4.21393 8.09608 4.21393 8.18214 4.21393 2.37592 2.0944 2.37592 2.33647 2.33647 2.0944 2.37592 2.0944 2.37592 2.33647 2.0944 2.33647 2.37592 2.0944 2.37592 2.33647 2.0944 2.33647 2.37592 2.0944 2.37592 2.33647 2.0944 2.33647 2.37592 2.0944 2.37592 2.33647 2.0944 2.33647 2.0944 2.37592 2.37592 2.33647 2.0944 2.33647 0.0 0.0 0.0 0.0 0.0 0.0 0.0 0.0 0.0 0.0 0.0 0.0 0.0 0.0 0.0 0.0 0.0 0.0 0.0 0.0 0.0 0.0 0.0 0.0 0.0 0.0 0.0 0.0 0.0 0.0 0.0 0.0 0.0 0.0 0.0 0.0 0.0 0.0 0.0 0.0 0.0 0.0 0.0 0.0 0.0 0.0 0.0 0.0 0.0 0.0 0.0 0.0 0.0 0.0 0.0 0.0 0.0 0.0 0.0 0.0</array></list></module><module cmlx:lineCount="5" cmlx:templateRef="l103.itemconverge"><list cmlx:lineCount="4" cmlx:templateRef="components"><array dataType="xsd:string" dictRef="g:itemconverge"/><array dataType="xsd:double" dictRef="x:value" size="4">4.5E-4 3.0E-4 0.0018 0.0012</array><array dataType="xsd:double" dictRef="x:threshold" size="4">0.0 0.0 0.0 0.0</array><array dataType="xsd:string" dictRef="g:converged" size="4">NO NO NO NO</array></list></module> Predicted change in Energy=-8.420727D-02 GradGradGradGradGradGradGradGradGradGradGradGradGradGradGradGradGradGrad</module><module cmlx:lineCount="18" cmlx:templateRef="l202.orient"><list cmlx:templateRef="type"><scalar dataType="xsd:string" dictRef="g:type">Input</scalar></list><list cmlx:lineCount="12" cmlx:templateRef="atom"><array dataType="xsd:integer" dictRef="cc:serial" size="12">1 2 3 4 5 6 7 8 9 10 11 12</array><array dataType="xsd:integer" dictRef="cc:elementType" size="12">13 13 13 13 13 13 13 13 13 13 13 13</array><array dataType="xsd:integer" dictRef="g:atomicType" size="12">0 0 0 0 0 0 0 0 0 0 0 0</array><array dataType="xsd:double" dictRef="cc:x3" size="12">-4.284261 -3.749719 -2.14213 0.0 2.14213 3.749719 4.284261 3.749719 2.14213 0.0 -2.14213 -3.749719</array><array dataType="xsd:double" dictRef="cc:y3" size="12">0.0 2.164901 3.710278 4.329802 3.710278 2.164901 0.0 -2.164901 -3.710278 -4.329802 -3.710278 -2.164901</array><array dataType="xsd:double" dictRef="cc:z3" size="12">0.0 0.0 0.0 0.0 0.0 0.0 0.0 0.0 0.0 0.0 0.0 0.0</array></list></module><module cmlx:lineCount="14" cmlx:templateRef="l202.distmat"><list cmlx:templateRef="atom"><list><scalar dataType="xsd:integer" dictRef="cc:serial">1</scalar><scalar dataType="xsd:string" dictRef="cc:elementType">Al</scalar><scalar dataType="xsd:string" dictRef="cc:distances">0.000000</scalar></list><list><scalar dataType="xsd:integer" dictRef="cc:serial">2</scalar><scalar dataType="xsd:string" dictRef="cc:elementType">Al</scalar><scalar dataType="xsd:string" dictRef="cc:distances">2.229917   0.000000</scalar></list><list><scalar dataType="xsd:integer" dictRef="cc:serial">3</scalar><scalar dataType="xsd:string" dictRef="cc:elementType">Al</scalar><scalar dataType="xsd:string" dictRef="cc:distances">4.284261   2.229917   0.000000</scalar></list><list><scalar dataType="xsd:integer" dictRef="cc:serial">4</scalar><scalar dataType="xsd:string" dictRef="cc:elementType">Al</scalar><scalar dataType="xsd:string" dictRef="cc:distances">6.091147   4.329802   2.229917   0.000000</scalar></list><list><scalar dataType="xsd:integer" dictRef="cc:serial">5</scalar><scalar dataType="xsd:string" dictRef="cc:elementType">Al</scalar><scalar dataType="xsd:string" dictRef="cc:distances">7.420557   6.091147   4.284261   2.229917   0.000000</scalar></list><list><scalar dataType="xsd:integer" dictRef="cc:serial">6</scalar><scalar dataType="xsd:string" dictRef="cc:elementType">Al</scalar><scalar dataType="xsd:string" dictRef="cc:distances">8.320554   7.499437   6.091147   4.329802   2.229917</scalar></list><list><scalar dataType="xsd:integer" dictRef="cc:serial">7</scalar><scalar dataType="xsd:string" dictRef="cc:elementType">Al</scalar><scalar dataType="xsd:string" dictRef="cc:distances">8.568521   8.320554   7.420557   6.091147   4.284261</scalar></list><list><scalar dataType="xsd:integer" dictRef="cc:serial">8</scalar><scalar dataType="xsd:string" dictRef="cc:elementType">Al</scalar><scalar dataType="xsd:string" dictRef="cc:distances">8.320554   8.659604   8.320554   7.499437   6.091147</scalar></list><list><scalar dataType="xsd:integer" dictRef="cc:serial">9</scalar><scalar dataType="xsd:string" dictRef="cc:elementType">Al</scalar><scalar dataType="xsd:string" dictRef="cc:distances">7.420557   8.320554   8.568521   8.320554   7.420557</scalar></list><list><scalar dataType="xsd:integer" dictRef="cc:serial">10</scalar><scalar dataType="xsd:string" dictRef="cc:elementType">Al</scalar><scalar dataType="xsd:string" dictRef="cc:distances">6.091147   7.499437   8.320554   8.659604   8.320554</scalar></list><list><scalar dataType="xsd:integer" dictRef="cc:serial">11</scalar><scalar dataType="xsd:string" dictRef="cc:elementType">Al</scalar><scalar dataType="xsd:string" dictRef="cc:distances">4.284261   6.091147   7.420557   8.320554   8.568521</scalar></list><list><scalar dataType="xsd:integer" dictRef="cc:serial">12</scalar><scalar dataType="xsd:string" dictRef="cc:elementType">Al</scalar><scalar dataType="xsd:string" dictRef="cc:distances">2.229917   4.329802   6.091147   7.499437   8.320554</scalar></list></list></module>                    6          7          8          9         10     6  Al   0.000000     7  Al   2.229917   0.000000     8  Al   4.329802   2.229917   0.000000     9  Al   6.091147   4.284261   2.229917   0.000000    10  Al   7.499437   6.091147   4.329802   2.229917   0.000000    11  Al   8.320554   7.420557   6.091147   4.284261   2.229917    12  Al   8.659604   8.320554   7.499437   6.091147   4.329802                   11         12    11  Al   0.000000    12  Al   2.229917   0.000000<module cmlx:lineCount="6" cmlx:templateRef="l202.stoich"><list cmlx:templateRef="stoich"><scalar dataType="xsd:string" dictRef="cc:formula">Al12</scalar></list><list cmlx:templateRef="framework"><scalar dataType="xsd:string" dictRef="cc:frameworkgroup">D6H[3C2'(Al.Al),3C2"(Al.Al)]</scalar></list> Full point group                 D6H Largest Abelian subgroup         D2H     NOp   8 Largest concise Abelian subgroup D2      NOp   4</module><module cmlx:lineCount="18" cmlx:templateRef="l202.orient"><list cmlx:templateRef="type"><scalar dataType="xsd:string" dictRef="g:type">Standard</scalar></list><list cmlx:lineCount="12" cmlx:templateRef="atom"><array dataType="xsd:integer" dictRef="cc:serial" size="12">1 2 3 4 5 6 7 8 9 10 11 12</array><array dataType="xsd:integer" dictRef="cc:elementType" size="12">13 13 13 13 13 13 13 13 13 13 13 13</array><array dataType="xsd:integer" dictRef="g:atomicType" size="12">0 0 0 0 0 0 0 0 0 0 0 0</array><array dataType="xsd:double" dictRef="cc:x3" size="12">0.0 2.164901 3.710278 4.329802 3.710278 2.164901 0.0 -2.164901 -3.710278 -4.329802 -3.710278 -2.164901</array><array dataType="xsd:double" dictRef="cc:y3" size="12">4.284261 3.749719 2.14213 0.0 -2.14213 -3.749719 -4.284261 -3.749719 -2.14213 0.0 2.14213 3.749719</array><array dataType="xsd:double" dictRef="cc:z3" size="12">0.0 0.0 0.0 0.0 0.0 0.0 0.0 0.0 0.0 0.0 0.0 0.0</array></list></module><module cmlx:lineCount="1" cmlx:templateRef="l202.rotconst"/><module cmlx:lineCount="16" cmlx:templateRef="l301.basis"><list cmlx:templateRef="basis"><list><scalar dataType="xsd:string" dictRef="cc:basis">6-31G(d)</scalar><scalar dataType="xsd:string" dictRef="cc:diffuse">(6D, 7F)</scalar></list></list><list cmlx:templateRef="symmadapt"><list><scalar dataType="xsd:integer" dictRef="cc:adapted">48</scalar><scalar dataType="xsd:string" dictRef="cc:symm">AG</scalar></list><list><scalar dataType="xsd:integer" dictRef="cc:adapted">36</scalar><scalar dataType="xsd:string" dictRef="cc:symm">B1G</scalar></list><list><scalar dataType="xsd:integer" dictRef="cc:adapted">15</scalar><scalar dataType="xsd:string" dictRef="cc:symm">B2G</scalar></list><list><scalar dataType="xsd:integer" dictRef="cc:adapted">15</scalar><scalar dataType="xsd:string" dictRef="cc:symm">B3G</scalar></list><list><scalar dataType="xsd:integer" dictRef="cc:adapted">12</scalar><scalar dataType="xsd:string" dictRef="cc:symm">AU</scalar></list><list><scalar dataType="xsd:integer" dictRef="cc:adapted">18</scalar><scalar dataType="xsd:string" dictRef="cc:symm">B1U</scalar></list><list><scalar dataType="xsd:integer" dictRef="cc:adapted">42</scalar><scalar dataType="xsd:string" dictRef="cc:symm">B2U</scalar></list><list><scalar dataType="xsd:integer" dictRef="cc:adapted">42</scalar><scalar dataType="xsd:string" dictRef="cc:symm">B3U</scalar></list></list><list cmlx:templateRef="buffer"><scalar dataType="xsd:integer" dictRef="g:buffer">131072</scalar></list><list cmlx:templateRef="raff"><scalar dataType="xsd:string" dictRef="g:raffenetti">Raffenetti</scalar></list><list cmlx:templateRef="twoe"><scalar dataType="xsd:string" dictRef="g:twoe">Two-electron</scalar></list><list cmlx:templateRef="basiscount"><list><scalar dataType="xsd:integer" dictRef="cc:basiscount">228</scalar><scalar dataType="xsd:integer" dictRef="g:primbasis">624</scalar><scalar dataType="xsd:integer" dictRef="cc:cartesianbasis">228</scalar></list></list><list cmlx:templateRef="alphabeta"><list><scalar dataType="xsd:integer" dictRef="cc:alphae">78</scalar><scalar dataType="xsd:integer" dictRef="cc:betae">78</scalar></list></list> NAtoms=   12 NActive=   12 NUniq=    2 SFac= 3.00D+00 NAtFMM=   80 NAOKFM=F Big=F</module><module cmlx:lineCount="1" cmlx:templateRef="l302.basis"><list cmlx:templateRef="onee"><scalar dataType="xsd:string" dictRef="g:onee">One-electron integrals</scalar></list></module> NBasis=   228 RedAO= T  NBF=    48    36    15    15    12    18    42    42 NBsUse=   228 1.00D-06 NBFU=    48    36    15    15    12    18    42    42 Initial guess read from the read-write file:<module cmlx:lineCount="1" cmlx:templateRef="l401.orbsym"><list cmlx:templateRef="l401"><scalar dataType="xsd:string" dictRef="g:l401">Initial guess orbital symmetries:</scalar></list></module>       Occupied  (?A) (E2G) (E2G) (?A) (?A) (A1G) (?B) (?A) (?A)                 (?B) (?B) (?A) (A1G) (E1U) (E1U) (E2G) (E2G) (B1U)                 (B2U) (E2G) (E2G) (E1U) (E1U) (A1G) (A2G) (E1U)                 (E1U) (E2G) (E2G) (A1G) (E1U) (E1U) (E2G) (E2G)                 (B2U) (B1U) (A2U) (E1G) (E1G) (E2U) (E2U) (B2G)                 (B1G) (E2U) (E2U) (E1G) (E1G) (A1G) (A2U) (E1U)                 (E1U) (E2G) (E2G) (B2U) (B1U) (E2G) (E2G) (E1U)                 (E1U) (A2G) (A1G) (E1U) (E1U) (E2G) (E2G) (B2U)                 (B1U) (E2G) (E2G) (E1U) (E1U) (A2G) (A1G) (A2U)                 (E1G) (E1G) (E1U) (E1U)       Virtual   (E2U) (E2U) (E2G) (E2G) (B1G) (B2G) (B2U) (B1U)                 (A1G) (E1U) (E1U) (E2G) (E2G) (E2U) (E2U) (A1G)                 (E1G) (E1G) (E1U) (E1U) (E1U) (E1U) (E2G) (E2G)                 (E2G) (E2G) (A2U) (B1U) (B2U) (A2G) (A1G) (A2U)                 (A1G) (E1G) (E1G) (?C) (?C) (?C) (?C) (E2U) (E2U)                 (E2G) (E2G) (E2G) (E2G) (E1U) (E1U) (B1G) (B2G)                 (E1U) (E1U) (E2G) (E2G) (E2U) (E2U) (B2U) (A1U)                 (B1U) (E2G) (E2G) (E1G) (E1G) (A1G) (E1G) (E1G)                 (A2U) (E1U) (E1U) (A1G) (A2G) (E2G) (E2G) (A2U)                 (E1U) (E1U) (E1G) (E1G) (B1U) (B2U) (E1U) (E1U)                 (E2U) (E2U) (A2G) (E2G) (E2G) (E2U) (E2U) (E1U)                 (E1U) (A1G) (E2G) (E2G) (B1G) (B2G) (B2U) (A1G)                 (?A) (?A) (?A) (E2G) (E2G) (E2U) (E2U) (B2G) (E1G)                 (E1G) (E2G) (E2G) (B1G) (A2G) (A2U) (E1U) (E1U)                 (E1U) (E1U) (A1G) (B1U) (B2U) (E2G) (E2G) (E2U)                 (E2U) (E1G) (E1G) (A1U) (B2U) (E2G) (E2G) (B1U)                 (E2G) (E2G) (E1U) (E1U) (A2G) (E1U) (E1U) (A1G)                 (A1G) (E2G) (E2G) (?B) (?B) (?B) (B1U) (E2G) (E2G)                 (E1U) (E1U) (A1G) Harris functional with IExCor=  402 diagonalized for initial guess. ExpMin= 5.57D-02 ExpMax= 1.40D+04 ExpMxC= 2.10D+03 IAcc=2 IRadAn=         4 AccDes= 0.00D+00 HarFok:  IExCor= 402 AccDes= 0.00D+00 IRadAn=         4 IDoV=1 ScaDFX=  1.000000  1.000000  1.000000  1.000000 Requested convergence on RMS density matrix=1.00D-08 within 128 cycles. Requested convergence on MAX density matrix=1.00D-06. Requested convergence on             energy=1.00D-06. No special actions if energy rises. Keep R1 integrals in memory in canonical form, NReq=   347900531. Integral accuracy reduced to 1.0D-05 until final iterations. Density matrix breaks symmetry, PCut= 1.00D-04 Density has only Abelian symmetry. Density matrix breaks symmetry, PCut= 1.00D-04 Density has only Abelian symmetry. Density matrix breaks symmetry, PCut= 1.00D-04 Density has only Abelian symmetry. Density matrix breaks symmetry, PCut= 1.00D-04 Density has only Abelian symmetry. Density matrix breaks symmetry, PCut= 1.00D-04 Density has only Abelian symmetry. Density matrix breaks symmetry, PCut= 1.00D-04 Density has only Abelian symmetry. Initial convergence to 1.0D-05 achieved.  Increase integral accuracy. Density matrix breaks symmetry, PCut= 1.00D-04 Density has only Abelian symmetry. Density matrix breaks symmetry, PCut= 1.00D-04 Density has only Abelian symmetry. Density matrix breaks symmetry, PCut= 1.00D-04 Density has only Abelian symmetry. Density matrix breaks symmetry, PCut= 1.00D-04 Density has only Abelian symmetry. Density matrix breaks symmetry, PCut= 1.00D-04 Density has only Abelian symmetry. Density matrix breaks symmetry, PCut= 1.00D-04 Density has only Abelian symmetry. Density matrix breaks symmetry, PCut= 1.00D-04 Density has only Abelian symmetry. Density matrix breaks symmetry, PCut= 1.00D-04 Density has only Abelian symmetry. SCF Done:  E(RB+HF-LYP) =  -2908.85253855     A.U. after   13 cycles             Convg  =    0.8714D-08             -V/T =  2.0030             S**2   =   0.0000 Density matrix has only Abelian symmetry. Density matrix has only Abelian symmetry. ***** Axes restored to original set *****<module cmlx:lineCount="18" cmlx:templateRef="forces"><list cmlx:templateRef="force"><list><scalar dataType="xsd:integer" dictRef="x:serial">1</scalar><scalar dataType="xsd:integer" dictRef="x:elementType">13</scalar><scalar dataType="xsd:double" dictRef="x:x3">-0.020105978</scalar><scalar dataType="xsd:double" dictRef="x:y3">0.0</scalar><scalar dataType="xsd:double" dictRef="x:z3">0.0</scalar></list><list><scalar dataType="xsd:integer" dictRef="x:serial">2</scalar><scalar dataType="xsd:integer" dictRef="x:elementType">13</scalar><scalar dataType="xsd:double" dictRef="x:x3">-0.021504876</scalar><scalar dataType="xsd:double" dictRef="x:y3">0.012404772</scalar><scalar dataType="xsd:double" dictRef="x:z3">0.0</scalar></list><list><scalar dataType="xsd:integer" dictRef="x:serial">3</scalar><scalar dataType="xsd:integer" dictRef="x:elementType">13</scalar><scalar dataType="xsd:double" dictRef="x:x3">-0.010087134</scalar><scalar dataType="xsd:double" dictRef="x:y3">0.017481794</scalar><scalar dataType="xsd:double" dictRef="x:z3">0.0</scalar></list><list><scalar dataType="xsd:integer" dictRef="x:serial">4</scalar><scalar dataType="xsd:integer" dictRef="x:elementType">13</scalar><scalar dataType="xsd:double" dictRef="x:x3">0.0</scalar><scalar dataType="xsd:double" dictRef="x:y3">0.02477573</scalar><scalar dataType="xsd:double" dictRef="x:z3">0.0</scalar></list><list><scalar dataType="xsd:integer" dictRef="x:serial">5</scalar><scalar dataType="xsd:integer" dictRef="x:elementType">13</scalar><scalar dataType="xsd:double" dictRef="x:x3">0.010087134</scalar><scalar dataType="xsd:double" dictRef="x:y3">0.017481794</scalar><scalar dataType="xsd:double" dictRef="x:z3">0.0</scalar></list><list><scalar dataType="xsd:integer" dictRef="x:serial">6</scalar><scalar dataType="xsd:integer" dictRef="x:elementType">13</scalar><scalar dataType="xsd:double" dictRef="x:x3">0.021504876</scalar><scalar dataType="xsd:double" dictRef="x:y3">0.012404772</scalar><scalar dataType="xsd:double" dictRef="x:z3">0.0</scalar></list><list><scalar dataType="xsd:integer" dictRef="x:serial">7</scalar><scalar dataType="xsd:integer" dictRef="x:elementType">13</scalar><scalar dataType="xsd:double" dictRef="x:x3">0.020105978</scalar><scalar dataType="xsd:double" dictRef="x:y3">0.0</scalar><scalar dataType="xsd:double" dictRef="x:z3">0.0</scalar></list><list><scalar dataType="xsd:integer" dictRef="x:serial">8</scalar><scalar dataType="xsd:integer" dictRef="x:elementType">13</scalar><scalar dataType="xsd:double" dictRef="x:x3">0.021504876</scalar><scalar dataType="xsd:double" dictRef="x:y3">-0.012404772</scalar><scalar dataType="xsd:double" dictRef="x:z3">0.0</scalar></list><list><scalar dataType="xsd:integer" dictRef="x:serial">9</scalar><scalar dataType="xsd:integer" dictRef="x:elementType">13</scalar><scalar dataType="xsd:double" dictRef="x:x3">0.010087134</scalar><scalar dataType="xsd:double" dictRef="x:y3">-0.017481794</scalar><scalar dataType="xsd:double" dictRef="x:z3">0.0</scalar></list><list><scalar dataType="xsd:integer" dictRef="x:serial">10</scalar><scalar dataType="xsd:integer" dictRef="x:elementType">13</scalar><scalar dataType="xsd:double" dictRef="x:x3">0.0</scalar><scalar dataType="xsd:double" dictRef="x:y3">-0.02477573</scalar><scalar dataType="xsd:double" dictRef="x:z3">0.0</scalar></list><list><scalar dataType="xsd:integer" dictRef="x:serial">11</scalar><scalar dataType="xsd:integer" dictRef="x:elementType">13</scalar><scalar dataType="xsd:double" dictRef="x:x3">-0.010087134</scalar><scalar dataType="xsd:double" dictRef="x:y3">-0.017481794</scalar><scalar dataType="xsd:double" dictRef="x:z3">0.0</scalar></list><list><scalar dataType="xsd:integer" dictRef="x:serial">12</scalar><scalar dataType="xsd:integer" dictRef="x:elementType">13</scalar><scalar dataType="xsd:double" dictRef="x:x3">-0.021504876</scalar><scalar dataType="xsd:double" dictRef="x:y3">-0.012404772</scalar><scalar dataType="xsd:double" dictRef="x:z3">0.0</scalar></list></list><list cmlx:templateRef="cartesianforce"><list><scalar dataType="xsd:double" dictRef="cc:maxforce">0.02477573</scalar><scalar dataType="xsd:double" dictRef="cc:rmsforce">0.013050096</scalar></list></list></module><module cmlx:lineCount="143" cmlx:templateRef="l103" xmlns:xi="http://www.w3.org/2001/XInclude"><list cmlx:templateRef="berny"><scalar dataType="xsd:string" dictRef="g:optimization">Internal  Forces:  Max     0.019147171 RMS     0.006336929</scalar></list> Search for a local minimum. Step number  17 out of a maximum of 100 All quantities printed in internal units (Hartrees-Bohrs-Radians) Update second derivatives using D2CorX and points 16 17 Maximum step size (   1.000) exceeded in linear search.    -- Step size scaled by   0.500 Quartic linear search produced a step of  1.00000. Iteration  1 RMS(Cart)=  0.06697348 RMS(Int)=  0.01606022 Iteration  2 RMS(Cart)=  0.01426961 RMS(Int)=  0.00012378 Iteration  3 RMS(Cart)=  0.00000392 RMS(Int)=  0.00012370 Iteration  4 RMS(Cart)=  0.00000000 RMS(Int)=  0.00012370<module cmlx:lineCount="122" cmlx:templateRef="l103.deltas"><list cmlx:lineCount="120" cmlx:templateRef="delta"><array dataType="xsd:string" dictRef="cc:variable" size="120">R1 R2 R3 R4 R5 R6 R7 R8 R9 R10 R11 R12 R13 R14 R15 R16 R17 R18 R19 R20 R21 R22 R23 R24 A1 A2 A3 A4 A5 A6 A7 A8 A9 A10 A11 A12 A13 A14 A15 A16 A17 A18 A19 A20 A21 A22 A23 A24 A25 A26 A27 A28 A29 A30 A31 A32 A33 A34 A35 A36 D1 D2 D3 D4 D5 D6 D7 D8 D9 D10 D11 D12 D13 D14 D15 D16 D17 D18 D19 D20 D21 D22 D23 D24 D25 D26 D27 D28 D29 D30 D31 D32 D33 D34 D35 D36 D37 D38 D39 D40 D41 D42 D43 D44 D45 D46 D47 D48 D49 D50 D51 D52 D53 D54 D55 D56 D57 D58 D59 D60</array><array dataType="xsd:double" dictRef="g:lastval" size="120">4.21393 8.09608 8.09608 4.21393 4.21393 8.18214 8.18214 4.21393 8.09608 4.21393 8.18214 4.21393 8.09608 4.21393 8.18214 4.21393 8.09608 4.21393 8.18214 4.21393 8.09608 4.21393 8.18214 4.21393 2.37592 2.0944 2.37592 2.33647 2.33647 2.0944 2.37592 2.0944 2.37592 2.33647 2.0944 2.33647 2.37592 2.0944 2.37592 2.33647 2.0944 2.33647 2.37592 2.0944 2.37592 2.33647 2.0944 2.33647 2.37592 2.0944 2.37592 2.33647 2.0944 2.33647 2.0944 2.37592 2.37592 2.33647 2.0944 2.33647 0.0 0.0 0.0 0.0 0.0 0.0 0.0 0.0 0.0 0.0 0.0 0.0 0.0 0.0 0.0 0.0 0.0 0.0 0.0 0.0 0.0 0.0 0.0 0.0 0.0 0.0 0.0 0.0 0.0 0.0 0.0 0.0 0.0 0.0 0.0 0.0 0.0 0.0 0.0 0.0 0.0 0.0 0.0 0.0 0.0 0.0 0.0 0.0 0.0 0.0 0.0 0.0 0.0 0.0 0.0 0.0 0.0 0.0 0.0 0.0</array><array dataType="xsd:double" dictRef="cc:deriv" size="120">0.00921 0.01629 0.01629 0.00921 0.00924 0.01912 0.01915 0.00921 0.01631 0.00921 0.01912 0.00924 0.01629 0.00921 0.01915 0.00921 0.01629 0.00924 0.01912 0.00921 0.01631 0.00921 0.01912 0.00924 6.4E-4 2.0E-5 6.4E-4 -6.3E-4 -6.0E-4 0.0 5.8E-4 -1.0E-5 6.0E-4 -6.0E-4 0.0 -6.0E-4 6.0E-4 -1.0E-5 5.8E-4 -6.3E-4 0.0 -6.0E-4 6.4E-4 2.0E-5 6.4E-4 -6.0E-4 0.0 -6.3E-4 5.8E-4 -1.0E-5 6.0E-4 -6.0E-4 0.0 -6.0E-4 -1.0E-5 5.8E-4 6.0E-4 -6.3E-4 0.0 -6.0E-4 0.0 0.0 0.0 0.0 0.0 0.0 0.0 0.0 0.0 0.0 0.0 0.0 0.0 0.0 0.0 0.0 0.0 0.0 0.0 0.0 0.0 0.0 0.0 0.0 0.0 0.0 0.0 0.0 0.0 0.0 0.0 0.0 0.0 0.0 0.0 0.0 0.0 0.0 0.0 0.0 0.0 0.0 0.0 0.0 0.0 0.0 0.0 0.0 0.0 0.0 0.0 0.0 0.0 0.0 0.0 0.0 0.0 0.0 0.0 0.0</array><array dataType="xsd:double" dictRef="cc:delta.linear" size="120">0.13223 0.266 0.266 0.13223 0.13223 0.24665 0.24665 0.13223 0.266 0.13223 0.24665 0.13223 0.266 0.13223 0.24665 0.13223 0.266 0.13223 0.24665 0.13223 0.266 0.13223 0.24665 0.13223 -0.00522 0.0 -0.00522 0.00522 0.00522 0.0 -0.00522 0.0 -0.00522 0.00522 0.0 0.00522 -0.00522 0.0 -0.00522 0.00522 0.0 0.00522 -0.00522 0.0 -0.00522 0.00522 0.0 0.00522 -0.00522 0.0 -0.00522 0.00522 0.0 0.00522 0.0 -0.00522 -0.00522 0.00522 0.0 0.00522 0.0 0.0 0.0 0.0 0.0 0.0 0.0 0.0 0.0 0.0 0.0 0.0 0.0 0.0 0.0 0.0 0.0 0.0 0.0 0.0 0.0 0.0 0.0 0.0 0.0 0.0 0.0 0.0 0.0 0.0 0.0 0.0 0.0 0.0 0.0 0.0 0.0 0.0 0.0 0.0 0.0 0.0 0.0 0.0 0.0 0.0 0.0 0.0 0.0 0.0 0.0 0.0 0.0 0.0 0.0 0.0 0.0 0.0 0.0 0.0</array><array dataType="xsd:double" dictRef="cc:delta.quad" size="120">0.0 0.0 0.0 0.0 0.0 0.0 0.0 0.0 0.0 0.0 0.0 0.0 0.0 0.0 0.0 0.0 0.0 0.0 0.0 0.0 0.0 0.0 0.0 0.0 0.0 0.0 0.0 0.0 0.0 0.0 0.0 0.0 0.0 0.0 0.0 0.0 0.0 0.0 0.0 0.0 0.0 0.0 0.0 0.0 0.0 0.0 0.0 0.0 0.0 0.0 0.0 0.0 0.0 0.0 0.0 0.0 0.0 0.0 0.0 0.0 0.0 0.0 0.0 0.0 0.0 0.0 0.0 0.0 0.0 0.0 0.0 0.0 0.0 0.0 0.0 0.0 0.0 0.0 0.0 0.0 0.0 0.0 0.0 0.0 0.0 0.0 0.0 0.0 0.0 0.0 0.0 0.0 0.0 0.0 0.0 0.0 0.0 0.0 0.0 0.0 0.0 0.0 0.0 0.0 0.0 0.0 0.0 0.0 0.0 0.0 0.0 0.0 0.0 0.0 0.0 0.0 0.0 0.0 0.0 0.0</array><array dataType="xsd:double" dictRef="cc:delta.total" size="120">0.13231 0.26616 0.26616 0.13231 0.13231 0.2464 0.2464 0.13231 0.26616 0.13231 0.2464 0.13231 0.26616 0.13231 0.2464 0.13231 0.26616 0.13231 0.2464 0.13231 0.26616 0.13231 0.2464 0.13231 -0.00499 0.0 -0.00499 0.00499 0.00499 0.0 -0.00499 0.0 -0.00499 0.00499 0.0 0.00499 -0.00499 0.0 -0.00499 0.00499 0.0 0.00499 -0.00499 0.0 -0.00499 0.00499 0.0 0.00499 -0.00499 0.0 -0.00499 0.00499 0.0 0.00499 0.0 -0.00499 -0.00499 0.00499 0.0 0.00499 0.0 0.0 0.0 0.0 0.0 0.0 0.0 0.0 0.0 0.0 0.0 0.0 0.0 0.0 0.0 0.0 0.0 0.0 0.0 0.0 0.0 0.0 0.0 0.0 0.0 0.0 0.0 0.0 0.0 0.0 0.0 0.0 0.0 0.0 0.0 0.0 0.0 0.0 0.0 0.0 0.0 0.0 0.0 0.0 0.0 0.0 0.0 0.0 0.0 0.0 0.0 0.0 0.0 0.0 0.0 0.0 0.0 0.0 0.0 0.0</array><array dataType="xsd:double" dictRef="cc:newval" size="120">4.34625 8.36224 8.36224 4.34625 4.34625 8.42854 8.42854 4.34625 8.36224 4.34625 8.42854 4.34625 8.36224 4.34625 8.42854 4.34625 8.36224 4.34625 8.42854 4.34625 8.36224 4.34625 8.42854 4.34625 2.37093 2.0944 2.37093 2.34146 2.34146 2.0944 2.37093 2.0944 2.37093 2.34146 2.0944 2.34146 2.37093 2.0944 2.37093 2.34146 2.0944 2.34146 2.37093 2.0944 2.37093 2.34146 2.0944 2.34146 2.37093 2.0944 2.37093 2.34146 2.0944 2.34146 2.0944 2.37093 2.37093 2.34146 2.0944 2.34146 0.0 0.0 0.0 0.0 0.0 0.0 0.0 0.0 0.0 0.0 0.0 0.0 0.0 0.0 0.0 0.0 0.0 0.0 0.0 0.0 0.0 0.0 0.0 0.0 0.0 0.0 0.0 0.0 0.0 0.0 0.0 0.0 0.0 0.0 0.0 0.0 0.0 0.0 0.0 0.0 0.0 0.0 0.0 0.0 0.0 0.0 0.0 0.0 0.0 0.0 0.0 0.0 0.0 0.0 0.0 0.0 0.0 0.0 0.0 0.0</array></list></module><module cmlx:lineCount="5" cmlx:templateRef="l103.itemconverge"><list cmlx:lineCount="4" cmlx:templateRef="components"><array dataType="xsd:string" dictRef="g:itemconverge"/><array dataType="xsd:double" dictRef="x:value" size="4">4.5E-4 3.0E-4 0.0018 0.0012</array><array dataType="xsd:double" dictRef="x:threshold" size="4">0.0 0.0 0.0 0.0</array><array dataType="xsd:string" dictRef="g:converged" size="4">NO NO NO NO</array></list></module> Predicted change in Energy=-4.897006D-02 GradGradGradGradGradGradGradGradGradGradGradGradGradGradGradGradGradGrad</module><module cmlx:lineCount="18" cmlx:templateRef="l202.orient"><list cmlx:templateRef="type"><scalar dataType="xsd:string" dictRef="g:type">Input</scalar></list><list cmlx:lineCount="12" cmlx:templateRef="atom"><array dataType="xsd:integer" dictRef="cc:serial" size="12">1 2 3 4 5 6 7 8 9 10 11 12</array><array dataType="xsd:integer" dictRef="cc:elementType" size="12">13 13 13 13 13 13 13 13 13 13 13 13</array><array dataType="xsd:integer" dictRef="g:atomicType" size="12">0 0 0 0 0 0 0 0 0 0 0 0</array><array dataType="xsd:double" dictRef="cc:x3" size="12">-4.425106 -3.862639 -2.212553 0.0 2.212553 3.862639 4.425106 3.862639 2.212553 0.0 -2.212553 -3.862639</array><array dataType="xsd:double" dictRef="cc:y3" size="12">0.0 2.230096 3.832254 4.460192 3.832254 2.230096 0.0 -2.230096 -3.832254 -4.460192 -3.832254 -2.230096</array><array dataType="xsd:double" dictRef="cc:z3" size="12">0.0 0.0 0.0 0.0 0.0 0.0 0.0 0.0 0.0 0.0 0.0 0.0</array></list></module><module cmlx:lineCount="14" cmlx:templateRef="l202.distmat"><list cmlx:templateRef="atom"><list><scalar dataType="xsd:integer" dictRef="cc:serial">1</scalar><scalar dataType="xsd:string" dictRef="cc:elementType">Al</scalar><scalar dataType="xsd:string" dictRef="cc:distances">0.000000</scalar></list><list><scalar dataType="xsd:integer" dictRef="cc:serial">2</scalar><scalar dataType="xsd:string" dictRef="cc:elementType">Al</scalar><scalar dataType="xsd:string" dictRef="cc:distances">2.299934   0.000000</scalar></list><list><scalar dataType="xsd:integer" dictRef="cc:serial">3</scalar><scalar dataType="xsd:string" dictRef="cc:elementType">Al</scalar><scalar dataType="xsd:string" dictRef="cc:distances">4.425106   2.299934   0.000000</scalar></list><list><scalar dataType="xsd:integer" dictRef="cc:serial">4</scalar><scalar dataType="xsd:string" dictRef="cc:elementType">Al</scalar><scalar dataType="xsd:string" dictRef="cc:distances">6.282903   4.460192   2.299934   0.000000</scalar></list><list><scalar dataType="xsd:integer" dictRef="cc:serial">5</scalar><scalar dataType="xsd:string" dictRef="cc:elementType">Al</scalar><scalar dataType="xsd:string" dictRef="cc:distances">7.664508   6.282903   4.425106   2.299934   0.000000</scalar></list><list><scalar dataType="xsd:integer" dictRef="cc:serial">6</scalar><scalar dataType="xsd:string" dictRef="cc:elementType">Al</scalar><scalar dataType="xsd:string" dictRef="cc:distances">8.582543   7.725278   6.282903   4.460192   2.299934</scalar></list><list><scalar dataType="xsd:integer" dictRef="cc:serial">7</scalar><scalar dataType="xsd:string" dictRef="cc:elementType">Al</scalar><scalar dataType="xsd:string" dictRef="cc:distances">8.850211   8.582543   7.664508   6.282903   4.425106</scalar></list><list><scalar dataType="xsd:integer" dictRef="cc:serial">8</scalar><scalar dataType="xsd:string" dictRef="cc:elementType">Al</scalar><scalar dataType="xsd:string" dictRef="cc:distances">8.582543   8.920383   8.582543   7.725278   6.282903</scalar></list><list><scalar dataType="xsd:integer" dictRef="cc:serial">9</scalar><scalar dataType="xsd:string" dictRef="cc:elementType">Al</scalar><scalar dataType="xsd:string" dictRef="cc:distances">7.664508   8.582543   8.850211   8.582543   7.664508</scalar></list><list><scalar dataType="xsd:integer" dictRef="cc:serial">10</scalar><scalar dataType="xsd:string" dictRef="cc:elementType">Al</scalar><scalar dataType="xsd:string" dictRef="cc:distances">6.282903   7.725278   8.582543   8.920383   8.582543</scalar></list><list><scalar dataType="xsd:integer" dictRef="cc:serial">11</scalar><scalar dataType="xsd:string" dictRef="cc:elementType">Al</scalar><scalar dataType="xsd:string" dictRef="cc:distances">4.425106   6.282903   7.664508   8.582543   8.850211</scalar></list><list><scalar dataType="xsd:integer" dictRef="cc:serial">12</scalar><scalar dataType="xsd:string" dictRef="cc:elementType">Al</scalar><scalar dataType="xsd:string" dictRef="cc:distances">2.299934   4.460192   6.282903   7.725278   8.582543</scalar></list></list></module>                    6          7          8          9         10     6  Al   0.000000     7  Al   2.299934   0.000000     8  Al   4.460192   2.299934   0.000000     9  Al   6.282903   4.425106   2.299934   0.000000    10  Al   7.725278   6.282903   4.460192   2.299934   0.000000    11  Al   8.582543   7.664508   6.282903   4.425106   2.299934    12  Al   8.920383   8.582543   7.725278   6.282903   4.460192                   11         12    11  Al   0.000000    12  Al   2.299934   0.000000<module cmlx:lineCount="6" cmlx:templateRef="l202.stoich"><list cmlx:templateRef="stoich"><scalar dataType="xsd:string" dictRef="cc:formula">Al12</scalar></list><list cmlx:templateRef="framework"><scalar dataType="xsd:string" dictRef="cc:frameworkgroup">D6H[3C2'(Al.Al),3C2"(Al.Al)]</scalar></list> Full point group                 D6H Largest Abelian subgroup         D2H     NOp   8 Largest concise Abelian subgroup D2      NOp   4</module><module cmlx:lineCount="18" cmlx:templateRef="l202.orient"><list cmlx:templateRef="type"><scalar dataType="xsd:string" dictRef="g:type">Standard</scalar></list><list cmlx:lineCount="12" cmlx:templateRef="atom"><array dataType="xsd:integer" dictRef="cc:serial" size="12">1 2 3 4 5 6 7 8 9 10 11 12</array><array dataType="xsd:integer" dictRef="cc:elementType" size="12">13 13 13 13 13 13 13 13 13 13 13 13</array><array dataType="xsd:integer" dictRef="g:atomicType" size="12">0 0 0 0 0 0 0 0 0 0 0 0</array><array dataType="xsd:double" dictRef="cc:x3" size="12">0.0 2.230096 3.832254 4.460192 3.832254 2.230096 0.0 -2.230096 -3.832254 -4.460192 -3.832254 -2.230096</array><array dataType="xsd:double" dictRef="cc:y3" size="12">4.425106 3.862639 2.212553 0.0 -2.212553 -3.862639 -4.425106 -3.862639 -2.212553 0.0 2.212553 3.862639</array><array dataType="xsd:double" dictRef="cc:z3" size="12">0.0 0.0 0.0 0.0 0.0 0.0 0.0 0.0 0.0 0.0 0.0 0.0</array></list></module><module cmlx:lineCount="1" cmlx:templateRef="l202.rotconst"/><module cmlx:lineCount="16" cmlx:templateRef="l301.basis"><list cmlx:templateRef="basis"><list><scalar dataType="xsd:string" dictRef="cc:basis">6-31G(d)</scalar><scalar dataType="xsd:string" dictRef="cc:diffuse">(6D, 7F)</scalar></list></list><list cmlx:templateRef="symmadapt"><list><scalar dataType="xsd:integer" dictRef="cc:adapted">48</scalar><scalar dataType="xsd:string" dictRef="cc:symm">AG</scalar></list><list><scalar dataType="xsd:integer" dictRef="cc:adapted">36</scalar><scalar dataType="xsd:string" dictRef="cc:symm">B1G</scalar></list><list><scalar dataType="xsd:integer" dictRef="cc:adapted">15</scalar><scalar dataType="xsd:string" dictRef="cc:symm">B2G</scalar></list><list><scalar dataType="xsd:integer" dictRef="cc:adapted">15</scalar><scalar dataType="xsd:string" dictRef="cc:symm">B3G</scalar></list><list><scalar dataType="xsd:integer" dictRef="cc:adapted">12</scalar><scalar dataType="xsd:string" dictRef="cc:symm">AU</scalar></list><list><scalar dataType="xsd:integer" dictRef="cc:adapted">18</scalar><scalar dataType="xsd:string" dictRef="cc:symm">B1U</scalar></list><list><scalar dataType="xsd:integer" dictRef="cc:adapted">42</scalar><scalar dataType="xsd:string" dictRef="cc:symm">B2U</scalar></list><list><scalar dataType="xsd:integer" dictRef="cc:adapted">42</scalar><scalar dataType="xsd:string" dictRef="cc:symm">B3U</scalar></list></list><list cmlx:templateRef="buffer"><scalar dataType="xsd:integer" dictRef="g:buffer">131072</scalar></list><list cmlx:templateRef="raff"><scalar dataType="xsd:string" dictRef="g:raffenetti">Raffenetti</scalar></list><list cmlx:templateRef="twoe"><scalar dataType="xsd:string" dictRef="g:twoe">Two-electron</scalar></list><list cmlx:templateRef="basiscount"><list><scalar dataType="xsd:integer" dictRef="cc:basiscount">228</scalar><scalar dataType="xsd:integer" dictRef="g:primbasis">624</scalar><scalar dataType="xsd:integer" dictRef="cc:cartesianbasis">228</scalar></list></list><list cmlx:templateRef="alphabeta"><list><scalar dataType="xsd:integer" dictRef="cc:alphae">78</scalar><scalar dataType="xsd:integer" dictRef="cc:betae">78</scalar></list></list> NAtoms=   12 NActive=   12 NUniq=    2 SFac= 3.00D+00 NAtFMM=   80 NAOKFM=F Big=F</module><module cmlx:lineCount="1" cmlx:templateRef="l302.basis"><list cmlx:templateRef="onee"><scalar dataType="xsd:string" dictRef="g:onee">One-electron integrals</scalar></list></module> NBasis=   228 RedAO= T  NBF=    48    36    15    15    12    18    42    42 NBsUse=   228 1.00D-06 NBFU=    48    36    15    15    12    18    42    42 Initial guess read from the read-write file:<module cmlx:lineCount="1" cmlx:templateRef="l401.orbsym"><list cmlx:templateRef="l401"><scalar dataType="xsd:string" dictRef="g:l401">Initial guess orbital symmetries:</scalar></list></module>       Occupied  (?A) (?A) (?A) (?A) (?A) (?A) (?B) (?A) (?A) (?B)                 (?B) (?A) (A1G) (E1U) (E1U) (E2G) (E2G) (B1U)                 (B2U) (E2G) (E2G) (E1U) (E1U) (A1G) (A2G) (A1G)                 (E1U) (E1U) (E2G) (E2G) (B1U) (E1U) (E1U) (A2U)                 (E1G) (E1G) (E2U) (E2U) (E2G) (E2G) (B2U) (B2G)                 (B1G) (E2U) (E2U) (E1G) (E1G) (A2U) (A1G) (E1U)                 (E1U) (E2G) (E2G) (B2U) (B1U) (E2G) (E2G) (E1U)                 (E1U) (A2G) (A1G) (E1U) (E1U) (E2G) (E2G) (B2U)                 (B1U) (E2G) (E2G) (E1U) (E1U) (A2G) (A1G) (A2U)                 (E1G) (E1G) (E1U) (E1U)       Virtual   (E2U) (E2U) (E2G) (E2G) (A1G) (B1G) (B2G) (B2U)                 (B1U) (E1U) (E1U) (E2G) (E2G) (E2U) (E2U) (E1G)                 (E1G) (A1G) (E2G) (E2G) (E1U) (E1U) (E1U) (E1U)                 (E2G) (E2G) (A2U) (B1U) (B2U) (A2G) (A1G) (A1G)                 (A2U) (E1G) (E1G) (B1U) (B2U) (E1U) (E1U) (E2G)                 (E2G) (E2U) (E2U) (E2G) (E2G) (E1U) (E1U) (B1G)                 (B2G) (E1U) (E1U) (?C) (?C) (?C) (?C) (E2U) (E2U)                 (B2U) (B1U) (A1U) (A1G) (E1G) (E1G) (E1G) (E1G)                 (A2U) (E1U) (E1U) (E2G) (E2G) (A2G) (A1G) (B1U)                 (A2U) (?B) (?B) (?B) (E1G) (E1G) (E1U) (E1U) (A2G)                 (E2U) (E2U) (E2U) (E2U) (E2G) (E2G) (E1U) (E1U)                 (E2G) (E2G) (A1G) (B1G) (B2G) (A1G) (?B) (?B)                 (?B) (B1U) (E2G) (E2G) (E2U) (E2U) (B2G) (E1G)                 (E1G) (E2G) (E2G) (B1G) (A2G) (A2U) (E1U) (E1U)                 (E1U) (E1U) (B1U) (A1G) (B2U) (E2G) (E2G) (E2U)                 (E2U) (E1G) (E1G) (A1U) (B2U) (E2G) (E2G) (B1U)                 (E1U) (E1U) (E2G) (E2G) (A2G) (E1U) (E1U) (A1G)                 (A1G) (E1U) (E1U) (B2U) (E2G) (E2G) (B1U) (E2G)                 (E2G) (E1U) (E1U) (A1G) Harris functional with IExCor=  402 diagonalized for initial guess. ExpMin= 5.57D-02 ExpMax= 1.40D+04 ExpMxC= 2.10D+03 IAcc=2 IRadAn=         4 AccDes= 0.00D+00 HarFok:  IExCor= 402 AccDes= 0.00D+00 IRadAn=         4 IDoV=1 ScaDFX=  1.000000  1.000000  1.000000  1.000000 Requested convergence on RMS density matrix=1.00D-08 within 128 cycles. Requested convergence on MAX density matrix=1.00D-06. Requested convergence on             energy=1.00D-06. No special actions if energy rises. Keep R1 integrals in memory in canonical form, NReq=   347900531. Integral accuracy reduced to 1.0D-05 until final iterations. Density matrix breaks symmetry, PCut= 1.00D-04 Density has only Abelian symmetry. Density matrix breaks symmetry, PCut= 1.00D-04 Density has only Abelian symmetry. Density matrix breaks symmetry, PCut= 1.00D-04 Density has only Abelian symmetry. Density matrix breaks symmetry, PCut= 1.00D-04 Density has only Abelian symmetry. Density matrix breaks symmetry, PCut= 1.00D-04 Density has only Abelian symmetry. Density matrix breaks symmetry, PCut= 1.00D-04 Density has only Abelian symmetry. Initial convergence to 1.0D-05 achieved.  Increase integral accuracy. Density matrix breaks symmetry, PCut= 1.00D-04 Density has only Abelian symmetry. Density matrix breaks symmetry, PCut= 1.00D-04 Density has only Abelian symmetry. Density matrix breaks symmetry, PCut= 1.00D-04 Density has only Abelian symmetry. Density matrix breaks symmetry, PCut= 1.00D-04 Density has only Abelian symmetry. Density matrix breaks symmetry, PCut= 1.00D-04 Density has only Abelian symmetry. Density matrix breaks symmetry, PCut= 1.00D-04 Density has only Abelian symmetry. Density matrix breaks symmetry, PCut= 1.00D-04 Density has only Abelian symmetry. Density matrix breaks symmetry, PCut= 1.00D-04 Density has only Abelian symmetry. SCF Done:  E(RB+HF-LYP) =  -2908.90471510     A.U. after   13 cycles             Convg  =    0.9644D-08             -V/T =  2.0034             S**2   =   0.0000 Density matrix has only Abelian symmetry. Density matrix has only Abelian symmetry. ***** Axes restored to original set *****<module cmlx:lineCount="18" cmlx:templateRef="forces"><list cmlx:templateRef="force"><list><scalar dataType="xsd:integer" dictRef="x:serial">1</scalar><scalar dataType="xsd:integer" dictRef="x:elementType">13</scalar><scalar dataType="xsd:double" dictRef="x:x3">-0.010533196</scalar><scalar dataType="xsd:double" dictRef="x:y3">0.0</scalar><scalar dataType="xsd:double" dictRef="x:z3">0.0</scalar></list><list><scalar dataType="xsd:integer" dictRef="x:serial">2</scalar><scalar dataType="xsd:integer" dictRef="x:elementType">13</scalar><scalar dataType="xsd:double" dictRef="x:x3">-0.011586663</scalar><scalar dataType="xsd:double" dictRef="x:y3">0.006680449</scalar><scalar dataType="xsd:double" dictRef="x:z3">0.0</scalar></list><list><scalar dataType="xsd:integer" dictRef="x:serial">3</scalar><scalar dataType="xsd:integer" dictRef="x:elementType">13</scalar><scalar dataType="xsd:double" dictRef="x:x3">-0.005302735</scalar><scalar dataType="xsd:double" dictRef="x:y3">0.009193845</scalar><scalar dataType="xsd:double" dictRef="x:z3">0.0</scalar></list><list><scalar dataType="xsd:integer" dictRef="x:serial">4</scalar><scalar dataType="xsd:integer" dictRef="x:elementType">13</scalar><scalar dataType="xsd:double" dictRef="x:x3">0.0</scalar><scalar dataType="xsd:double" dictRef="x:y3">0.013313611</scalar><scalar dataType="xsd:double" dictRef="x:z3">0.0</scalar></list><list><scalar dataType="xsd:integer" dictRef="x:serial">5</scalar><scalar dataType="xsd:integer" dictRef="x:elementType">13</scalar><scalar dataType="xsd:double" dictRef="x:x3">0.005302735</scalar><scalar dataType="xsd:double" dictRef="x:y3">0.009193845</scalar><scalar dataType="xsd:double" dictRef="x:z3">0.0</scalar></list><list><scalar dataType="xsd:integer" dictRef="x:serial">6</scalar><scalar dataType="xsd:integer" dictRef="x:elementType">13</scalar><scalar dataType="xsd:double" dictRef="x:x3">0.011586663</scalar><scalar dataType="xsd:double" dictRef="x:y3">0.006680449</scalar><scalar dataType="xsd:double" dictRef="x:z3">0.0</scalar></list><list><scalar dataType="xsd:integer" dictRef="x:serial">7</scalar><scalar dataType="xsd:integer" dictRef="x:elementType">13</scalar><scalar dataType="xsd:double" dictRef="x:x3">0.010533196</scalar><scalar dataType="xsd:double" dictRef="x:y3">0.0</scalar><scalar dataType="xsd:double" dictRef="x:z3">0.0</scalar></list><list><scalar dataType="xsd:integer" dictRef="x:serial">8</scalar><scalar dataType="xsd:integer" dictRef="x:elementType">13</scalar><scalar dataType="xsd:double" dictRef="x:x3">0.011586663</scalar><scalar dataType="xsd:double" dictRef="x:y3">-0.006680449</scalar><scalar dataType="xsd:double" dictRef="x:z3">0.0</scalar></list><list><scalar dataType="xsd:integer" dictRef="x:serial">9</scalar><scalar dataType="xsd:integer" dictRef="x:elementType">13</scalar><scalar dataType="xsd:double" dictRef="x:x3">0.005302735</scalar><scalar dataType="xsd:double" dictRef="x:y3">-0.009193845</scalar><scalar dataType="xsd:double" dictRef="x:z3">0.0</scalar></list><list><scalar dataType="xsd:integer" dictRef="x:serial">10</scalar><scalar dataType="xsd:integer" dictRef="x:elementType">13</scalar><scalar dataType="xsd:double" dictRef="x:x3">0.0</scalar><scalar dataType="xsd:double" dictRef="x:y3">-0.013313611</scalar><scalar dataType="xsd:double" dictRef="x:z3">0.0</scalar></list><list><scalar dataType="xsd:integer" dictRef="x:serial">11</scalar><scalar dataType="xsd:integer" dictRef="x:elementType">13</scalar><scalar dataType="xsd:double" dictRef="x:x3">-0.005302735</scalar><scalar dataType="xsd:double" dictRef="x:y3">-0.009193845</scalar><scalar dataType="xsd:double" dictRef="x:z3">0.0</scalar></list><list><scalar dataType="xsd:integer" dictRef="x:serial">12</scalar><scalar dataType="xsd:integer" dictRef="x:elementType">13</scalar><scalar dataType="xsd:double" dictRef="x:x3">-0.011586663</scalar><scalar dataType="xsd:double" dictRef="x:y3">-0.006680449</scalar><scalar dataType="xsd:double" dictRef="x:z3">0.0</scalar></list></list><list cmlx:templateRef="cartesianforce"><list><scalar dataType="xsd:double" dictRef="cc:maxforce">0.013313611</scalar><scalar dataType="xsd:double" dictRef="cc:rmsforce">0.006957212</scalar></list></list></module><module cmlx:lineCount="143" cmlx:templateRef="l103" xmlns:xi="http://www.w3.org/2001/XInclude"><list cmlx:templateRef="berny"><scalar dataType="xsd:string" dictRef="g:optimization">Internal  Forces:  Max     0.010351811 RMS     0.003378659</scalar></list> Search for a local minimum. Step number  18 out of a maximum of 100 All quantities printed in internal units (Hartrees-Bohrs-Radians) Update second derivatives using D2CorX and points 17 18 Maximum step size (   1.000) exceeded in linear search.    -- Step size scaled by   0.656 Quartic linear search produced a step of  1.00000. Iteration  1 RMS(Cart)=  0.06697914 RMS(Int)=  0.01605345 Iteration  2 RMS(Cart)=  0.01425908 RMS(Int)=  0.00011610 Iteration  3 RMS(Cart)=  0.00000370 RMS(Int)=  0.00011602 Iteration  4 RMS(Cart)=  0.00000000 RMS(Int)=  0.00011602<module cmlx:lineCount="122" cmlx:templateRef="l103.deltas"><list cmlx:lineCount="120" cmlx:templateRef="delta"><array dataType="xsd:string" dictRef="cc:variable" size="120">R1 R2 R3 R4 R5 R6 R7 R8 R9 R10 R11 R12 R13 R14 R15 R16 R17 R18 R19 R20 R21 R22 R23 R24 A1 A2 A3 A4 A5 A6 A7 A8 A9 A10 A11 A12 A13 A14 A15 A16 A17 A18 A19 A20 A21 A22 A23 A24 A25 A26 A27 A28 A29 A30 A31 A32 A33 A34 A35 A36 D1 D2 D3 D4 D5 D6 D7 D8 D9 D10 D11 D12 D13 D14 D15 D16 D17 D18 D19 D20 D21 D22 D23 D24 D25 D26 D27 D28 D29 D30 D31 D32 D33 D34 D35 D36 D37 D38 D39 D40 D41 D42 D43 D44 D45 D46 D47 D48 D49 D50 D51 D52 D53 D54 D55 D56 D57 D58 D59 D60</array><array dataType="xsd:double" dictRef="g:lastval" size="120">4.34625 8.36224 8.36224 4.34625 4.34625 8.42854 8.42854 4.34625 8.36224 4.34625 8.42854 4.34625 8.36224 4.34625 8.42854 4.34625 8.36224 4.34625 8.42854 4.34625 8.36224 4.34625 8.42854 4.34625 2.37093 2.0944 2.37093 2.34146 2.34146 2.0944 2.37093 2.0944 2.37093 2.34146 2.0944 2.34146 2.37093 2.0944 2.37093 2.34146 2.0944 2.34146 2.37093 2.0944 2.37093 2.34146 2.0944 2.34146 2.37093 2.0944 2.37093 2.34146 2.0944 2.34146 2.0944 2.37093 2.37093 2.34146 2.0944 2.34146 0.0 0.0 0.0 0.0 0.0 0.0 0.0 0.0 0.0 0.0 0.0 0.0 0.0 0.0 0.0 0.0 0.0 0.0 0.0 0.0 0.0 0.0 0.0 0.0 0.0 0.0 0.0 0.0 0.0 0.0 0.0 0.0 0.0 0.0 0.0 0.0 0.0 0.0 0.0 0.0 0.0 0.0 0.0 0.0 0.0 0.0 0.0 0.0 0.0 0.0 0.0 0.0 0.0 0.0 0.0 0.0 0.0 0.0 0.0 0.0</array><array dataType="xsd:double" dictRef="cc:deriv" size="120">0.0049 0.00852 0.00852 0.0049 0.00493 0.01033 0.01035 0.0049 0.00854 0.0049 0.01033 0.00493 0.00852 0.0049 0.01035 0.0049 0.00852 0.00493 0.01033 0.0049 0.00854 0.0049 0.01033 0.00493 4.1E-4 2.0E-5 4.1E-4 -4.1E-4 -3.8E-4 0.0 3.6E-4 -1.0E-5 3.8E-4 -3.7E-4 1.0E-5 -3.7E-4 3.8E-4 -1.0E-5 3.6E-4 -4.1E-4 0.0 -3.8E-4 4.1E-4 2.0E-5 4.1E-4 -3.8E-4 0.0 -4.1E-4 3.6E-4 -1.0E-5 3.8E-4 -3.7E-4 1.0E-5 -3.7E-4 -1.0E-5 3.6E-4 3.8E-4 -4.1E-4 0.0 -3.8E-4 0.0 0.0 0.0 0.0 0.0 0.0 0.0 0.0 0.0 0.0 0.0 0.0 0.0 0.0 0.0 0.0 0.0 0.0 0.0 0.0 0.0 0.0 0.0 0.0 0.0 0.0 0.0 0.0 0.0 0.0 0.0 0.0 0.0 0.0 0.0 0.0 0.0 0.0 0.0 0.0 0.0 0.0 0.0 0.0 0.0 0.0 0.0 0.0 0.0 0.0 0.0 0.0 0.0 0.0 0.0 0.0 0.0 0.0 0.0 0.0</array><array dataType="xsd:double" dictRef="cc:delta.linear" size="120">0.13231 0.26616 0.26616 0.13231 0.13231 0.2464 0.2464 0.13231 0.26616 0.13231 0.2464 0.13231 0.26616 0.13231 0.2464 0.13231 0.26616 0.13231 0.2464 0.13231 0.26616 0.13231 0.2464 0.13231 -0.00499 0.0 -0.00499 0.00499 0.00499 0.0 -0.00499 0.0 -0.00499 0.00499 0.0 0.00499 -0.00499 0.0 -0.00499 0.00499 0.0 0.00499 -0.00499 0.0 -0.00499 0.00499 0.0 0.00499 -0.00499 0.0 -0.00499 0.00499 0.0 0.00499 0.0 -0.00499 -0.00499 0.00499 0.0 0.00499 0.0 0.0 0.0 0.0 0.0 0.0 0.0 0.0 0.0 0.0 0.0 0.0 0.0 0.0 0.0 0.0 0.0 0.0 0.0 0.0 0.0 0.0 0.0 0.0 0.0 0.0 0.0 0.0 0.0 0.0 0.0 0.0 0.0 0.0 0.0 0.0 0.0 0.0 0.0 0.0 0.0 0.0 0.0 0.0 0.0 0.0 0.0 0.0 0.0 0.0 0.0 0.0 0.0 0.0 0.0 0.0 0.0 0.0 0.0 0.0</array><array dataType="xsd:double" dictRef="cc:delta.quad" size="120">0.0 0.0 0.0 0.0 0.0 0.0 0.0 0.0 0.0 0.0 0.0 0.0 0.0 0.0 0.0 0.0 0.0 0.0 0.0 0.0 0.0 0.0 0.0 0.0 0.0 0.0 0.0 0.0 0.0 0.0 0.0 0.0 0.0 0.0 0.0 0.0 0.0 0.0 0.0 0.0 0.0 0.0 0.0 0.0 0.0 0.0 0.0 0.0 0.0 0.0 0.0 0.0 0.0 0.0 0.0 0.0 0.0 0.0 0.0 0.0 0.0 0.0 0.0 0.0 0.0 0.0 0.0 0.0 0.0 0.0 0.0 0.0 0.0 0.0 0.0 0.0 0.0 0.0 0.0 0.0 0.0 0.0 0.0 0.0 0.0 0.0 0.0 0.0 0.0 0.0 0.0 0.0 0.0 0.0 0.0 0.0 0.0 0.0 0.0 0.0 0.0 0.0 0.0 0.0 0.0 0.0 0.0 0.0 0.0 0.0 0.0 0.0 0.0 0.0 0.0 0.0 0.0 0.0 0.0 0.0</array><array dataType="xsd:double" dictRef="cc:delta.total" size="120">0.13239 0.26631 0.26631 0.13239 0.13239 0.24617 0.24617 0.13239 0.26631 0.13239 0.24617 0.13239 0.26631 0.13239 0.24617 0.13239 0.26631 0.13239 0.24617 0.13239 0.26631 0.13239 0.24617 0.13239 -0.00478 0.0 -0.00478 0.00478 0.00478 0.0 -0.00478 0.0 -0.00478 0.00478 0.0 0.00478 -0.00478 0.0 -0.00478 0.00478 0.0 0.00478 -0.00478 0.0 -0.00478 0.00478 0.0 0.00478 -0.00478 0.0 -0.00478 0.00478 0.0 0.00478 0.0 -0.00478 -0.00478 0.00478 0.0 0.00478 0.0 0.0 0.0 0.0 0.0 0.0 0.0 0.0 0.0 0.0 0.0 0.0 0.0 0.0 0.0 0.0 0.0 0.0 0.0 0.0 0.0 0.0 0.0 0.0 0.0 0.0 0.0 0.0 0.0 0.0 0.0 0.0 0.0 0.0 0.0 0.0 0.0 0.0 0.0 0.0 0.0 0.0 0.0 0.0 0.0 0.0 0.0 0.0 0.0 0.0 0.0 0.0 0.0 0.0 0.0 0.0 0.0 0.0 0.0 0.0</array><array dataType="xsd:double" dictRef="cc:newval" size="120">4.47863 8.62854 8.62854 4.47863 4.47863 8.67471 8.67471 4.47863 8.62854 4.47863 8.67471 4.47863 8.62854 4.47863 8.67471 4.47863 8.62854 4.47863 8.67471 4.47863 8.62854 4.47863 8.67471 4.47863 2.36615 2.0944 2.36615 2.34624 2.34624 2.0944 2.36615 2.0944 2.36615 2.34624 2.0944 2.34624 2.36615 2.0944 2.36615 2.34624 2.0944 2.34624 2.36615 2.0944 2.36615 2.34624 2.0944 2.34624 2.36615 2.0944 2.36615 2.34624 2.0944 2.34624 2.0944 2.36615 2.36615 2.34624 2.0944 2.34624 0.0 0.0 0.0 0.0 0.0 0.0 0.0 0.0 0.0 0.0 0.0 0.0 0.0 0.0 0.0 0.0 0.0 0.0 0.0 0.0 0.0 0.0 0.0 0.0 0.0 0.0 0.0 0.0 0.0 0.0 0.0 0.0 0.0 0.0 0.0 0.0 0.0 0.0 0.0 0.0 0.0 0.0 0.0 0.0 0.0 0.0 0.0 0.0 0.0 0.0 0.0 0.0 0.0 0.0 0.0 0.0 0.0 0.0 0.0 0.0</array></list></module><module cmlx:lineCount="5" cmlx:templateRef="l103.itemconverge"><list cmlx:lineCount="4" cmlx:templateRef="components"><array dataType="xsd:string" dictRef="g:itemconverge"/><array dataType="xsd:double" dictRef="x:value" size="4">4.5E-4 3.0E-4 0.0018 0.0012</array><array dataType="xsd:double" dictRef="x:threshold" size="4">0.0 0.0 0.0 0.0</array><array dataType="xsd:string" dictRef="g:converged" size="4">NO NO NO NO</array></list></module> Predicted change in Energy=-2.052873D-02 GradGradGradGradGradGradGradGradGradGradGradGradGradGradGradGradGradGrad</module><module cmlx:lineCount="18" cmlx:templateRef="l202.orient"><list cmlx:templateRef="type"><scalar dataType="xsd:string" dictRef="g:type">Input</scalar></list><list cmlx:lineCount="12" cmlx:templateRef="atom"><array dataType="xsd:integer" dictRef="cc:serial" size="12">1 2 3 4 5 6 7 8 9 10 11 12</array><array dataType="xsd:integer" dictRef="cc:elementType" size="12">13 13 13 13 13 13 13 13 13 13 13 13</array><array dataType="xsd:integer" dictRef="g:atomicType" size="12">0 0 0 0 0 0 0 0 0 0 0 0</array><array dataType="xsd:double" dictRef="cc:x3" size="12">-4.566029 -3.975456 -2.283014 0.0 2.283014 3.975456 4.566029 3.975456 2.283014 0.0 -2.283014 -3.975456</array><array dataType="xsd:double" dictRef="cc:y3" size="12">0.0 2.295231 3.954297 4.590461 3.954297 2.295231 0.0 -2.295231 -3.954297 -4.590461 -3.954297 -2.295231</array><array dataType="xsd:double" dictRef="cc:z3" size="12">0.0 0.0 0.0 0.0 0.0 0.0 0.0 0.0 0.0 0.0 0.0 0.0</array></list></module><module cmlx:lineCount="14" cmlx:templateRef="l202.distmat"><list cmlx:templateRef="atom"><list><scalar dataType="xsd:integer" dictRef="cc:serial">1</scalar><scalar dataType="xsd:string" dictRef="cc:elementType">Al</scalar><scalar dataType="xsd:string" dictRef="cc:distances">0.000000</scalar></list><list><scalar dataType="xsd:integer" dictRef="cc:serial">2</scalar><scalar dataType="xsd:string" dictRef="cc:elementType">Al</scalar><scalar dataType="xsd:string" dictRef="cc:distances">2.369992   0.000000</scalar></list><list><scalar dataType="xsd:integer" dictRef="cc:serial">3</scalar><scalar dataType="xsd:string" dictRef="cc:elementType">Al</scalar><scalar dataType="xsd:string" dictRef="cc:distances">4.566029   2.369992   0.000000</scalar></list><list><scalar dataType="xsd:integer" dictRef="cc:serial">4</scalar><scalar dataType="xsd:string" dictRef="cc:elementType">Al</scalar><scalar dataType="xsd:string" dictRef="cc:distances">6.474639   4.590461   2.369992   0.000000</scalar></list><list><scalar dataType="xsd:integer" dictRef="cc:serial">5</scalar><scalar dataType="xsd:string" dictRef="cc:elementType">Al</scalar><scalar dataType="xsd:string" dictRef="cc:distances">7.908594   6.474639   4.566029   2.369992   0.000000</scalar></list><list><scalar dataType="xsd:integer" dictRef="cc:serial">6</scalar><scalar dataType="xsd:string" dictRef="cc:elementType">Al</scalar><scalar dataType="xsd:string" dictRef="cc:distances">8.844493   7.950912   6.474639   4.590461   2.369992</scalar></list><list><scalar dataType="xsd:integer" dictRef="cc:serial">7</scalar><scalar dataType="xsd:string" dictRef="cc:elementType">Al</scalar><scalar dataType="xsd:string" dictRef="cc:distances">9.132058   8.844493   7.908594   6.474639   4.566029</scalar></list><list><scalar dataType="xsd:integer" dictRef="cc:serial">8</scalar><scalar dataType="xsd:string" dictRef="cc:elementType">Al</scalar><scalar dataType="xsd:string" dictRef="cc:distances">8.844493   9.180922   8.844493   7.950912   6.474639</scalar></list><list><scalar dataType="xsd:integer" dictRef="cc:serial">9</scalar><scalar dataType="xsd:string" dictRef="cc:elementType">Al</scalar><scalar dataType="xsd:string" dictRef="cc:distances">7.908594   8.844493   9.132058   8.844493   7.908594</scalar></list><list><scalar dataType="xsd:integer" dictRef="cc:serial">10</scalar><scalar dataType="xsd:string" dictRef="cc:elementType">Al</scalar><scalar dataType="xsd:string" dictRef="cc:distances">6.474639   7.950912   8.844493   9.180922   8.844493</scalar></list><list><scalar dataType="xsd:integer" dictRef="cc:serial">11</scalar><scalar dataType="xsd:string" dictRef="cc:elementType">Al</scalar><scalar dataType="xsd:string" dictRef="cc:distances">4.566029   6.474639   7.908594   8.844493   9.132058</scalar></list><list><scalar dataType="xsd:integer" dictRef="cc:serial">12</scalar><scalar dataType="xsd:string" dictRef="cc:elementType">Al</scalar><scalar dataType="xsd:string" dictRef="cc:distances">2.369992   4.590461   6.474639   7.950912   8.844493</scalar></list></list></module>                    6          7          8          9         10     6  Al   0.000000     7  Al   2.369992   0.000000     8  Al   4.590461   2.369992   0.000000     9  Al   6.474639   4.566029   2.369992   0.000000    10  Al   7.950912   6.474639   4.590461   2.369992   0.000000    11  Al   8.844493   7.908594   6.474639   4.566029   2.369992    12  Al   9.180922   8.844493   7.950912   6.474639   4.590461                   11         12    11  Al   0.000000    12  Al   2.369992   0.000000<module cmlx:lineCount="6" cmlx:templateRef="l202.stoich"><list cmlx:templateRef="stoich"><scalar dataType="xsd:string" dictRef="cc:formula">Al12</scalar></list><list cmlx:templateRef="framework"><scalar dataType="xsd:string" dictRef="cc:frameworkgroup">D6H[3C2'(Al.Al),3C2"(Al.Al)]</scalar></list> Full point group                 D6H Largest Abelian subgroup         D2H     NOp   8 Largest concise Abelian subgroup D2      NOp   4</module><module cmlx:lineCount="18" cmlx:templateRef="l202.orient"><list cmlx:templateRef="type"><scalar dataType="xsd:string" dictRef="g:type">Standard</scalar></list><list cmlx:lineCount="12" cmlx:templateRef="atom"><array dataType="xsd:integer" dictRef="cc:serial" size="12">1 2 3 4 5 6 7 8 9 10 11 12</array><array dataType="xsd:integer" dictRef="cc:elementType" size="12">13 13 13 13 13 13 13 13 13 13 13 13</array><array dataType="xsd:integer" dictRef="g:atomicType" size="12">0 0 0 0 0 0 0 0 0 0 0 0</array><array dataType="xsd:double" dictRef="cc:x3" size="12">0.0 2.295231 3.954297 4.590461 3.954297 2.295231 0.0 -2.295231 -3.954297 -4.590461 -3.954297 -2.295231</array><array dataType="xsd:double" dictRef="cc:y3" size="12">4.566029 3.975456 2.283014 0.0 -2.283014 -3.975456 -4.566029 -3.975456 -2.283014 0.0 2.283014 3.975456</array><array dataType="xsd:double" dictRef="cc:z3" size="12">0.0 0.0 0.0 0.0 0.0 0.0 0.0 0.0 0.0 0.0 0.0 0.0</array></list></module><module cmlx:lineCount="1" cmlx:templateRef="l202.rotconst"/><module cmlx:lineCount="16" cmlx:templateRef="l301.basis"><list cmlx:templateRef="basis"><list><scalar dataType="xsd:string" dictRef="cc:basis">6-31G(d)</scalar><scalar dataType="xsd:string" dictRef="cc:diffuse">(6D, 7F)</scalar></list></list><list cmlx:templateRef="symmadapt"><list><scalar dataType="xsd:integer" dictRef="cc:adapted">48</scalar><scalar dataType="xsd:string" dictRef="cc:symm">AG</scalar></list><list><scalar dataType="xsd:integer" dictRef="cc:adapted">36</scalar><scalar dataType="xsd:string" dictRef="cc:symm">B1G</scalar></list><list><scalar dataType="xsd:integer" dictRef="cc:adapted">15</scalar><scalar dataType="xsd:string" dictRef="cc:symm">B2G</scalar></list><list><scalar dataType="xsd:integer" dictRef="cc:adapted">15</scalar><scalar dataType="xsd:string" dictRef="cc:symm">B3G</scalar></list><list><scalar dataType="xsd:integer" dictRef="cc:adapted">12</scalar><scalar dataType="xsd:string" dictRef="cc:symm">AU</scalar></list><list><scalar dataType="xsd:integer" dictRef="cc:adapted">18</scalar><scalar dataType="xsd:string" dictRef="cc:symm">B1U</scalar></list><list><scalar dataType="xsd:integer" dictRef="cc:adapted">42</scalar><scalar dataType="xsd:string" dictRef="cc:symm">B2U</scalar></list><list><scalar dataType="xsd:integer" dictRef="cc:adapted">42</scalar><scalar dataType="xsd:string" dictRef="cc:symm">B3U</scalar></list></list><list cmlx:templateRef="buffer"><scalar dataType="xsd:integer" dictRef="g:buffer">131072</scalar></list><list cmlx:templateRef="raff"><scalar dataType="xsd:string" dictRef="g:raffenetti">Raffenetti</scalar></list><list cmlx:templateRef="twoe"><scalar dataType="xsd:string" dictRef="g:twoe">Two-electron</scalar></list><list cmlx:templateRef="basiscount"><list><scalar dataType="xsd:integer" dictRef="cc:basiscount">228</scalar><scalar dataType="xsd:integer" dictRef="g:primbasis">624</scalar><scalar dataType="xsd:integer" dictRef="cc:cartesianbasis">228</scalar></list></list><list cmlx:templateRef="alphabeta"><list><scalar dataType="xsd:integer" dictRef="cc:alphae">78</scalar><scalar dataType="xsd:integer" dictRef="cc:betae">78</scalar></list></list> NAtoms=   12 NActive=   12 NUniq=    2 SFac= 3.00D+00 NAtFMM=   80 NAOKFM=F Big=F</module><module cmlx:lineCount="1" cmlx:templateRef="l302.basis"><list cmlx:templateRef="onee"><scalar dataType="xsd:string" dictRef="g:onee">One-electron integrals</scalar></list></module> NBasis=   228 RedAO= T  NBF=    48    36    15    15    12    18    42    42 NBsUse=   228 1.00D-06 NBFU=    48    36    15    15    12    18    42    42 Initial guess read from the read-write file:<module cmlx:lineCount="1" cmlx:templateRef="l401.orbsym"><list cmlx:templateRef="l401"><scalar dataType="xsd:string" dictRef="g:l401">Initial guess orbital symmetries:</scalar></list></module>       Occupied  (?A) (?A) (?A) (?A) (?A) (?A) (?B) (?A) (?A) (?B)                 (?B) (?A) (?A) (?A) (?A) (?A) (?A) (?A) (?B) (?A)                 (?A) (?B) (?B) (?A) (?A) (?A) (?A) (?A) (?A) (?A)                 (A2U) (?C) (?C) (E2U) (E2U) (?C) (B2U) (E2G) (E2G)                 (?D) (E1U) (E1U) (?C) (?C) (?D) (?D) (?C) (A1G)                 (A2G) (E1U) (E1U) (E2G) (E2G) (B2U) (B1U) (E2G)                 (E2G) (E1U) (E1U) (A2G) (A1G) (E1U) (E1U) (E2G)                 (E2G) (B2U) (B1U) (E2G) (E2G) (E1U) (E1U) (A2G)                 (A1G) (A2U) (E1G) (E1G) (E1U) (E1U)       Virtual   (E2U) (E2U) (E2G) (E2G) (A1G) (B1G) (B2G) (B2U)                 (B1U) (E1U) (E1U) (E2G) (E2G) (E2U) (E2U) (E1G)                 (E1G) (E2G) (E2G) (A1G) (E1U) (E1U) (E1U) (E1U)                 (A2U) (E2G) (E2G) (B1U) (B2U) (A1G) (A2G) (A1G)                 (A2U) (B1U) (B2U) (E1G) (E1G) (E1U) (E1U) (E2G)                 (E2G) (E2U) (E2U) (E2G) (E2G) (E1U) (E1U) (B1G)                 (B2G) (E1U) (E1U) (E2G) (E2G) (E2G) (E2G) (E2U)                 (E2U) (B2U) (B1U) (A1U) (A1G) (E1G) (E1G) (E1U)                 (E1U) (A2U) (E1G) (E1G) (E2G) (E2G) (B1U) (A2G)                 (B2U) (E1U) (E1U) (A1G) (A2G) (A2U) (E1G) (E1G)                 (E2U) (E2U) (E1U) (E1U) (E2G) (E2G) (E2U) (E2U)                 (E1U) (E1U) (A1G) (E2G) (E2G) (B1G) (B2G) (A1G)                 (E1U) (E1U) (B2U) (B1U) (E2G) (E2G) (E2U) (E2U)                 (B2G) (A2G) (E1G) (E1G) (B1G) (E2G) (E2G) (E1U)                 (E1U) (A2U) (E1U) (E1U) (B1U) (A1G) (B2U) (E2G)                 (E2G) (E2U) (E2U) (E1G) (E1G) (A1U) (B2U) (E2G)                 (E2G) (B1U) (E1U) (E1U) (E2G) (E2G) (A2G) (E1U)                 (E1U) (A1G) (A1G) (E1U) (E1U) (B2U) (E2G) (E2G)                 (B1U) (E2G) (E2G) (E1U) (E1U) (A1G) Harris functional with IExCor=  402 diagonalized for initial guess. ExpMin= 5.57D-02 ExpMax= 1.40D+04 ExpMxC= 2.10D+03 IAcc=2 IRadAn=         4 AccDes= 0.00D+00 HarFok:  IExCor= 402 AccDes= 0.00D+00 IRadAn=         4 IDoV=1 ScaDFX=  1.000000  1.000000  1.000000  1.000000 Requested convergence on RMS density matrix=1.00D-08 within 128 cycles. Requested convergence on MAX density matrix=1.00D-06. Requested convergence on             energy=1.00D-06. No special actions if energy rises. Keep R1 integrals in memory in canonical form, NReq=   347900531. Integral accuracy reduced to 1.0D-05 until final iterations. Density matrix breaks symmetry, PCut= 1.00D-04 Density has only Abelian symmetry. Density matrix breaks symmetry, PCut= 1.00D-04 Density has only Abelian symmetry. Density matrix breaks symmetry, PCut= 1.00D-04 Density has only Abelian symmetry. Density matrix breaks symmetry, PCut= 1.00D-04 Density has only Abelian symmetry. Density matrix breaks symmetry, PCut= 1.00D-04 Density has only Abelian symmetry. Initial convergence to 1.0D-05 achieved.  Increase integral accuracy. Density matrix breaks symmetry, PCut= 1.00D-04 Density has only Abelian symmetry. Density matrix breaks symmetry, PCut= 1.00D-04 Density has only Abelian symmetry. Density matrix breaks symmetry, PCut= 1.00D-04 Density has only Abelian symmetry. Density matrix breaks symmetry, PCut= 1.00D-04 Density has only Abelian symmetry. Density matrix breaks symmetry, PCut= 1.00D-04 Density has only Abelian symmetry. Density matrix breaks symmetry, PCut= 1.00D-04 Density has only Abelian symmetry. Density matrix breaks symmetry, PCut= 1.00D-04 Density has only Abelian symmetry. Density matrix breaks symmetry, PCut= 1.00D-04 Density has only Abelian symmetry. Density matrix breaks symmetry, PCut= 1.00D-04 Density has only Abelian symmetry. SCF Done:  E(RB+HF-LYP) =  -2908.92803232     A.U. after   13 cycles             Convg  =    0.4203D-08             -V/T =  2.0037             S**2   =   0.0000 Density matrix has only Abelian symmetry. Density matrix has only Abelian symmetry. ***** Axes restored to original set *****<module cmlx:lineCount="18" cmlx:templateRef="forces"><list cmlx:templateRef="force"><list><scalar dataType="xsd:integer" dictRef="x:serial">1</scalar><scalar dataType="xsd:integer" dictRef="x:elementType">13</scalar><scalar dataType="xsd:double" dictRef="x:x3">-0.002711382</scalar><scalar dataType="xsd:double" dictRef="x:y3">0.0</scalar><scalar dataType="xsd:double" dictRef="x:z3">0.0</scalar></list><list><scalar dataType="xsd:integer" dictRef="x:serial">2</scalar><scalar dataType="xsd:integer" dictRef="x:elementType">13</scalar><scalar dataType="xsd:double" dictRef="x:x3">-0.003903777</scalar><scalar dataType="xsd:double" dictRef="x:y3">0.00222233</scalar><scalar dataType="xsd:double" dictRef="x:z3">0.0</scalar></list><list><scalar dataType="xsd:integer" dictRef="x:serial">3</scalar><scalar dataType="xsd:integer" dictRef="x:elementType">13</scalar><scalar dataType="xsd:double" dictRef="x:x3">-0.001376684</scalar><scalar dataType="xsd:double" dictRef="x:y3">0.002434376</scalar><scalar dataType="xsd:double" dictRef="x:z3">0.0</scalar></list><list><scalar dataType="xsd:integer" dictRef="x:serial">4</scalar><scalar dataType="xsd:integer" dictRef="x:elementType">13</scalar><scalar dataType="xsd:double" dictRef="x:x3">0.0</scalar><scalar dataType="xsd:double" dictRef="x:y3">0.004419194</scalar><scalar dataType="xsd:double" dictRef="x:z3">0.0</scalar></list><list><scalar dataType="xsd:integer" dictRef="x:serial">5</scalar><scalar dataType="xsd:integer" dictRef="x:elementType">13</scalar><scalar dataType="xsd:double" dictRef="x:x3">0.001376684</scalar><scalar dataType="xsd:double" dictRef="x:y3">0.002434376</scalar><scalar dataType="xsd:double" dictRef="x:z3">0.0</scalar></list><list><scalar dataType="xsd:integer" dictRef="x:serial">6</scalar><scalar dataType="xsd:integer" dictRef="x:elementType">13</scalar><scalar dataType="xsd:double" dictRef="x:x3">0.003903777</scalar><scalar dataType="xsd:double" dictRef="x:y3">0.00222233</scalar><scalar dataType="xsd:double" dictRef="x:z3">0.0</scalar></list><list><scalar dataType="xsd:integer" dictRef="x:serial">7</scalar><scalar dataType="xsd:integer" dictRef="x:elementType">13</scalar><scalar dataType="xsd:double" dictRef="x:x3">0.002711382</scalar><scalar dataType="xsd:double" dictRef="x:y3">0.0</scalar><scalar dataType="xsd:double" dictRef="x:z3">0.0</scalar></list><list><scalar dataType="xsd:integer" dictRef="x:serial">8</scalar><scalar dataType="xsd:integer" dictRef="x:elementType">13</scalar><scalar dataType="xsd:double" dictRef="x:x3">0.003903777</scalar><scalar dataType="xsd:double" dictRef="x:y3">-0.00222233</scalar><scalar dataType="xsd:double" dictRef="x:z3">0.0</scalar></list><list><scalar dataType="xsd:integer" dictRef="x:serial">9</scalar><scalar dataType="xsd:integer" dictRef="x:elementType">13</scalar><scalar dataType="xsd:double" dictRef="x:x3">0.001376684</scalar><scalar dataType="xsd:double" dictRef="x:y3">-0.002434376</scalar><scalar dataType="xsd:double" dictRef="x:z3">0.0</scalar></list><list><scalar dataType="xsd:integer" dictRef="x:serial">10</scalar><scalar dataType="xsd:integer" dictRef="x:elementType">13</scalar><scalar dataType="xsd:double" dictRef="x:x3">0.0</scalar><scalar dataType="xsd:double" dictRef="x:y3">-0.004419194</scalar><scalar dataType="xsd:double" dictRef="x:z3">0.0</scalar></list><list><scalar dataType="xsd:integer" dictRef="x:serial">11</scalar><scalar dataType="xsd:integer" dictRef="x:elementType">13</scalar><scalar dataType="xsd:double" dictRef="x:x3">-0.001376684</scalar><scalar dataType="xsd:double" dictRef="x:y3">-0.002434376</scalar><scalar dataType="xsd:double" dictRef="x:z3">0.0</scalar></list><list><scalar dataType="xsd:integer" dictRef="x:serial">12</scalar><scalar dataType="xsd:integer" dictRef="x:elementType">13</scalar><scalar dataType="xsd:double" dictRef="x:x3">-0.003903777</scalar><scalar dataType="xsd:double" dictRef="x:y3">-0.00222233</scalar><scalar dataType="xsd:double" dictRef="x:z3">0.0</scalar></list></list><list cmlx:templateRef="cartesianforce"><list><scalar dataType="xsd:double" dictRef="cc:maxforce">0.004419194</scalar><scalar dataType="xsd:double" dictRef="cc:rmsforce">0.0021458</scalar></list></list></module><module cmlx:lineCount="165" cmlx:templateRef="l103" xmlns:xi="http://www.w3.org/2001/XInclude"><list cmlx:templateRef="berny"><scalar dataType="xsd:string" dictRef="g:optimization">Internal  Forces:  Max     0.003463731 RMS     0.001040198</scalar></list> Search for a local minimum. Step number  19 out of a maximum of 100 All quantities printed in internal units (Hartrees-Bohrs-Radians) Update second derivatives using D2CorX and points 18 19     Eigenvalues ---    0.02546   0.03123   0.03123   0.03565   0.03607     Eigenvalues ---    0.04290   0.04290   0.05518   0.05518   0.05781     Eigenvalues ---    0.07281   0.11677   0.11677   0.15659   0.15718     Eigenvalues ---    0.18433   0.19063   0.20440   0.20440   0.76931     Eigenvalues ---    0.76931   0.99984   0.99984   1.37878   1.41969     Eigenvalues ---    2.13311   2.13570   2.83529   2.83529   2.98711     Eigenvalues --- 1000.000001000.000001000.000001000.000001000.00000     Eigenvalues --- 1000.000001000.000001000.000001000.000001000.00000     Eigenvalues --- 1000.000001000.000001000.000001000.000001000.00000     Eigenvalues --- 1000.000001000.000001000.000001000.000001000.00000     Eigenvalues --- 1000.000001000.000001000.000001000.000001000.00000     Eigenvalues --- 1000.000001000.000001000.000001000.000001000.00000     Eigenvalues --- 1000.000001000.000001000.000001000.000001000.00000     Eigenvalues --- 1000.000001000.000001000.000001000.000001000.00000     Eigenvalues --- 1000.000001000.000001000.000001000.000001000.00000     Eigenvalues --- 1000.000001000.000001000.000001000.000001000.00000     Eigenvalues --- 1000.000001000.000001000.000001000.000001000.00000     Eigenvalues --- 1000.000001000.000001000.000001000.000001000.00000     Eigenvalues --- 1000.000001000.000001000.000001000.000001000.00000     Eigenvalues --- 1000.000001000.000001000.000001000.000001000.00000     Eigenvalues --- 1000.000001000.000001000.000001000.000001000.00000     Eigenvalues --- 1000.000001000.000001000.000001000.000001000.00000     Eigenvalues --- 1000.000001000.000001000.000001000.000001000.00000     Eigenvalues --- 1000.000001000.000001000.000001000.000001000.00000 RFO step:  Lambda=-4.97734474D-05. Quartic linear search produced a step of  0.52201. Iteration  1 RMS(Cart)=  0.04216545 RMS(Int)=  0.00002536 Iteration  2 RMS(Cart)=  0.00000224 RMS(Int)=  0.00002523 Iteration  3 RMS(Cart)=  0.00000000 RMS(Int)=  0.00002523<module cmlx:lineCount="122" cmlx:templateRef="l103.deltas"><list cmlx:lineCount="120" cmlx:templateRef="delta"><array dataType="xsd:string" dictRef="cc:variable" size="120">R1 R2 R3 R4 R5 R6 R7 R8 R9 R10 R11 R12 R13 R14 R15 R16 R17 R18 R19 R20 R21 R22 R23 R24 A1 A2 A3 A4 A5 A6 A7 A8 A9 A10 A11 A12 A13 A14 A15 A16 A17 A18 A19 A20 A21 A22 A23 A24 A25 A26 A27 A28 A29 A30 A31 A32 A33 A34 A35 A36 D1 D2 D3 D4 D5 D6 D7 D8 D9 D10 D11 D12 D13 D14 D15 D16 D17 D18 D19 D20 D21 D22 D23 D24 D25 D26 D27 D28 D29 D30 D31 D32 D33 D34 D35 D36 D37 D38 D39 D40 D41 D42 D43 D44 D45 D46 D47 D48 D49 D50 D51 D52 D53 D54 D55 D56 D57 D58 D59 D60</array><array dataType="xsd:double" dictRef="g:lastval" size="120">4.47863 8.62854 8.62854 4.47863 4.47863 8.67471 8.67471 4.47863 8.62854 4.47863 8.67471 4.47863 8.62854 4.47863 8.67471 4.47863 8.62854 4.47863 8.67471 4.47863 8.62854 4.47863 8.67471 4.47863 2.36615 2.0944 2.36615 2.34624 2.34624 2.0944 2.36615 2.0944 2.36615 2.34624 2.0944 2.34624 2.36615 2.0944 2.36615 2.34624 2.0944 2.34624 2.36615 2.0944 2.36615 2.34624 2.0944 2.34624 2.36615 2.0944 2.36615 2.34624 2.0944 2.34624 2.0944 2.36615 2.36615 2.34624 2.0944 2.34624 0.0 0.0 0.0 0.0 0.0 0.0 0.0 0.0 0.0 0.0 0.0 0.0 0.0 0.0 0.0 0.0 0.0 0.0 0.0 0.0 0.0 0.0 0.0 0.0 0.0 0.0 0.0 0.0 0.0 0.0 0.0 0.0 0.0 0.0 0.0 0.0 0.0 0.0 0.0 0.0 0.0 0.0 0.0 0.0 0.0 0.0 0.0 0.0 0.0 0.0 0.0 0.0 0.0 0.0 0.0 0.0 0.0 0.0 0.0 0.0</array><array dataType="xsd:double" dictRef="cc:deriv" size="120">0.00147 0.00224 0.00224 0.00147 0.00152 0.00344 0.00346 0.00147 0.00226 0.00147 0.00344 0.00152 0.00224 0.00147 0.00346 0.00147 0.00224 0.00152 0.00344 0.00147 0.00226 0.00147 0.00344 0.00152 2.9E-4 2.0E-5 2.9E-4 -2.8E-4 -2.5E-4 -1.0E-5 2.3E-4 -1.0E-5 2.5E-4 -2.3E-4 1.0E-5 -2.3E-4 2.5E-4 -1.0E-5 2.3E-4 -2.8E-4 -1.0E-5 -2.5E-4 2.9E-4 2.0E-5 2.9E-4 -2.5E-4 -1.0E-5 -2.8E-4 2.3E-4 -1.0E-5 2.5E-4 -2.3E-4 1.0E-5 -2.3E-4 -1.0E-5 2.3E-4 2.5E-4 -2.8E-4 -1.0E-5 -2.5E-4 0.0 0.0 0.0 0.0 0.0 0.0 0.0 0.0 0.0 0.0 0.0 0.0 0.0 0.0 0.0 0.0 0.0 0.0 0.0 0.0 0.0 0.0 0.0 0.0 0.0 0.0 0.0 0.0 0.0 0.0 0.0 0.0 0.0 0.0 0.0 0.0 0.0 0.0 0.0 0.0 0.0 0.0 0.0 0.0 0.0 0.0 0.0 0.0 0.0 0.0 0.0 0.0 0.0 0.0 0.0 0.0 0.0 0.0 0.0 0.0</array><array dataType="xsd:double" dictRef="cc:delta.linear" size="120">0.06911 0.13901 0.13901 0.06911 0.06911 0.12851 0.12851 0.06911 0.13901 0.06911 0.12851 0.06911 0.13901 0.06911 0.12851 0.06911 0.13901 0.06911 0.12851 0.06911 0.13901 0.06911 0.12851 0.06911 -0.00249 0.0 -0.00249 0.00249 0.00249 0.0 -0.00249 0.0 -0.00249 0.00249 0.0 0.00249 -0.00249 0.0 -0.00249 0.00249 0.0 0.00249 -0.00249 0.0 -0.00249 0.00249 0.0 0.00249 -0.00249 0.0 -0.00249 0.00249 0.0 0.00249 0.0 -0.00249 -0.00249 0.00249 0.0 0.00249 0.0 0.0 0.0 0.0 0.0 0.0 0.0 0.0 0.0 0.0 0.0 0.0 0.0 0.0 0.0 0.0 0.0 0.0 0.0 0.0 0.0 0.0 0.0 0.0 0.0 0.0 0.0 0.0 0.0 0.0 0.0 0.0 0.0 0.0 0.0 0.0 0.0 0.0 0.0 0.0 0.0 0.0 0.0 0.0 0.0 0.0 0.0 0.0 0.0 0.0 0.0 0.0 0.0 0.0 0.0 0.0 0.0 0.0 0.0 0.0</array><array dataType="xsd:double" dictRef="cc:delta.quad" size="120">-1.2E-4 -0.00764 -0.00764 -1.2E-4 0.0 0.00687 0.00676 -1.2E-4 -0.00779 -1.2E-4 0.00687 0.0 -0.00764 -1.2E-4 0.00676 -1.2E-4 -0.00764 0.0 0.00687 -1.2E-4 -0.00779 -1.2E-4 0.00687 0.0 0.00313 0.0 0.00313 -0.00312 -0.00312 1.0E-5 0.00314 0.0 0.00312 -0.00316 -3.0E-5 -0.00316 0.00312 0.0 0.00314 -0.00312 1.0E-5 -0.00312 0.00313 0.0 0.00313 -0.00312 1.0E-5 -0.00312 0.00314 0.0 0.00312 -0.00316 -3.0E-5 -0.00316 0.0 0.00314 0.00312 -0.00312 1.0E-5 -0.00312 0.0 0.0 0.0 0.0 0.0 0.0 0.0 0.0 0.0 0.0 0.0 0.0 0.0 0.0 0.0 0.0 0.0 0.0 0.0 0.0 0.0 0.0 0.0 0.0 0.0 0.0 0.0 0.0 0.0 0.0 0.0 0.0 0.0 0.0 0.0 0.0 0.0 0.0 0.0 0.0 0.0 0.0 0.0 0.0 0.0 0.0 0.0 0.0 0.0 0.0 0.0 0.0 0.0 0.0 0.0 0.0 0.0 0.0 0.0 0.0</array><array dataType="xsd:double" dictRef="cc:delta.total" size="120">0.06903 0.13132 0.13132 0.06903 0.06903 0.13525 0.13525 0.06903 0.13132 0.06903 0.13525 0.06903 0.13132 0.06903 0.13525 0.06903 0.13132 0.06903 0.13525 0.06903 0.13132 0.06903 0.13525 0.06903 6.8E-4 0.0 6.8E-4 -6.8E-4 -6.8E-4 0.0 6.8E-4 0.0 6.8E-4 -6.8E-4 0.0 -6.8E-4 6.8E-4 0.0 6.8E-4 -6.8E-4 0.0 -6.8E-4 6.8E-4 0.0 6.8E-4 -6.8E-4 0.0 -6.8E-4 6.8E-4 0.0 6.8E-4 -6.8E-4 0.0 -6.8E-4 0.0 6.8E-4 6.8E-4 -6.8E-4 0.0 -6.8E-4 0.0 0.0 0.0 0.0 0.0 0.0 0.0 0.0 0.0 0.0 0.0 0.0 0.0 0.0 0.0 0.0 0.0 0.0 0.0 0.0 0.0 0.0 0.0 0.0 0.0 0.0 0.0 0.0 0.0 0.0 0.0 0.0 0.0 0.0 0.0 0.0 0.0 0.0 0.0 0.0 0.0 0.0 0.0 0.0 0.0 0.0 0.0 0.0 0.0 0.0 0.0 0.0 0.0 0.0 0.0 0.0 0.0 0.0 0.0 0.0</array><array dataType="xsd:double" dictRef="cc:newval" size="120">4.54766 8.75986 8.75986 4.54766 4.54766 8.80996 8.80996 4.54766 8.75986 4.54766 8.80996 4.54766 8.75986 4.54766 8.80996 4.54766 8.75986 4.54766 8.80996 4.54766 8.75986 4.54766 8.80996 4.54766 2.36684 2.0944 2.36684 2.34555 2.34555 2.0944 2.36684 2.0944 2.36684 2.34555 2.0944 2.34555 2.36684 2.0944 2.36684 2.34555 2.0944 2.34555 2.36684 2.0944 2.36684 2.34555 2.0944 2.34555 2.36684 2.0944 2.36684 2.34555 2.0944 2.34555 2.0944 2.36684 2.36684 2.34555 2.0944 2.34555 0.0 0.0 0.0 0.0 0.0 0.0 0.0 0.0 0.0 0.0 0.0 0.0 0.0 0.0 0.0 0.0 0.0 0.0 0.0 0.0 0.0 0.0 0.0 0.0 0.0 0.0 0.0 0.0 0.0 0.0 0.0 0.0 0.0 0.0 0.0 0.0 0.0 0.0 0.0 0.0 0.0 0.0 0.0 0.0 0.0 0.0 0.0 0.0 0.0 0.0 0.0 0.0 0.0 0.0 0.0 0.0 0.0 0.0 0.0 0.0</array></list></module><module cmlx:lineCount="5" cmlx:templateRef="l103.itemconverge"><list cmlx:lineCount="4" cmlx:templateRef="components"><array dataType="xsd:string" dictRef="g:itemconverge"/><array dataType="xsd:double" dictRef="x:value" size="4">4.5E-4 3.0E-4 0.0018 0.0012</array><array dataType="xsd:double" dictRef="x:threshold" size="4">0.0 0.0 0.0 0.0</array><array dataType="xsd:string" dictRef="g:converged" size="4">NO NO NO NO</array></list></module> Predicted change in Energy=-2.292503D-03 GradGradGradGradGradGradGradGradGradGradGradGradGradGradGradGradGradGrad</module><module cmlx:lineCount="18" cmlx:templateRef="l202.orient"><list cmlx:templateRef="type"><scalar dataType="xsd:string" dictRef="g:type">Input</scalar></list><list cmlx:lineCount="12" cmlx:templateRef="atom"><array dataType="xsd:integer" dictRef="cc:serial" size="12">1 2 3 4 5 6 7 8 9 10 11 12</array><array dataType="xsd:integer" dictRef="cc:elementType" size="12">13 13 13 13 13 13 13 13 13 13 13 13</array><array dataType="xsd:integer" dictRef="g:atomicType" size="12">0 0 0 0 0 0 0 0 0 0 0 0</array><array dataType="xsd:double" dictRef="cc:x3" size="12">-4.63552 -4.037436 -2.31776 0.0 2.31776 4.037436 4.63552 4.037436 2.31776 0.0 -2.31776 -4.037436</array><array dataType="xsd:double" dictRef="cc:y3" size="12">0.0 2.331015 4.014478 4.66203 4.014478 2.331015 0.0 -2.331015 -4.014478 -4.66203 -4.014478 -2.331015</array><array dataType="xsd:double" dictRef="cc:z3" size="12">0.0 0.0 0.0 0.0 0.0 0.0 0.0 0.0 0.0 0.0 0.0 0.0</array></list></module><module cmlx:lineCount="14" cmlx:templateRef="l202.distmat"><list cmlx:templateRef="atom"><list><scalar dataType="xsd:integer" dictRef="cc:serial">1</scalar><scalar dataType="xsd:string" dictRef="cc:elementType">Al</scalar><scalar dataType="xsd:string" dictRef="cc:distances">0.000000</scalar></list><list><scalar dataType="xsd:integer" dictRef="cc:serial">2</scalar><scalar dataType="xsd:string" dictRef="cc:elementType">Al</scalar><scalar dataType="xsd:string" dictRef="cc:distances">2.406519   0.000000</scalar></list><list><scalar dataType="xsd:integer" dictRef="cc:serial">3</scalar><scalar dataType="xsd:string" dictRef="cc:elementType">Al</scalar><scalar dataType="xsd:string" dictRef="cc:distances">4.635520   2.406519   0.000000</scalar></list><list><scalar dataType="xsd:integer" dictRef="cc:serial">4</scalar><scalar dataType="xsd:string" dictRef="cc:elementType">Al</scalar><scalar dataType="xsd:string" dictRef="cc:distances">6.574387   4.662030   2.406519   0.000000</scalar></list><list><scalar dataType="xsd:integer" dictRef="cc:serial">5</scalar><scalar dataType="xsd:string" dictRef="cc:elementType">Al</scalar><scalar dataType="xsd:string" dictRef="cc:distances">8.028956   6.574387   4.635520   2.406519   0.000000</scalar></list><list><scalar dataType="xsd:integer" dictRef="cc:serial">6</scalar><scalar dataType="xsd:string" dictRef="cc:elementType">Al</scalar><scalar dataType="xsd:string" dictRef="cc:distances">8.980746   8.074873   6.574387   4.662030   2.406519</scalar></list><list><scalar dataType="xsd:integer" dictRef="cc:serial">7</scalar><scalar dataType="xsd:string" dictRef="cc:elementType">Al</scalar><scalar dataType="xsd:string" dictRef="cc:distances">9.271040   8.980746   8.028956   6.574387   4.635520</scalar></list><list><scalar dataType="xsd:integer" dictRef="cc:serial">8</scalar><scalar dataType="xsd:string" dictRef="cc:elementType">Al</scalar><scalar dataType="xsd:string" dictRef="cc:distances">8.980746   9.324060   8.980746   8.074873   6.574387</scalar></list><list><scalar dataType="xsd:integer" dictRef="cc:serial">9</scalar><scalar dataType="xsd:string" dictRef="cc:elementType">Al</scalar><scalar dataType="xsd:string" dictRef="cc:distances">8.028956   8.980746   9.271040   8.980746   8.028956</scalar></list><list><scalar dataType="xsd:integer" dictRef="cc:serial">10</scalar><scalar dataType="xsd:string" dictRef="cc:elementType">Al</scalar><scalar dataType="xsd:string" dictRef="cc:distances">6.574387   8.074873   8.980746   9.324060   8.980746</scalar></list><list><scalar dataType="xsd:integer" dictRef="cc:serial">11</scalar><scalar dataType="xsd:string" dictRef="cc:elementType">Al</scalar><scalar dataType="xsd:string" dictRef="cc:distances">4.635520   6.574387   8.028956   8.980746   9.271040</scalar></list><list><scalar dataType="xsd:integer" dictRef="cc:serial">12</scalar><scalar dataType="xsd:string" dictRef="cc:elementType">Al</scalar><scalar dataType="xsd:string" dictRef="cc:distances">2.406519   4.662030   6.574387   8.074873   8.980746</scalar></list></list></module>                    6          7          8          9         10     6  Al   0.000000     7  Al   2.406519   0.000000     8  Al   4.662030   2.406519   0.000000     9  Al   6.574387   4.635520   2.406519   0.000000    10  Al   8.074873   6.574387   4.662030   2.406519   0.000000    11  Al   8.980746   8.028956   6.574387   4.635520   2.406519    12  Al   9.324060   8.980746   8.074873   6.574387   4.662030                   11         12    11  Al   0.000000    12  Al   2.406519   0.000000<module cmlx:lineCount="6" cmlx:templateRef="l202.stoich"><list cmlx:templateRef="stoich"><scalar dataType="xsd:string" dictRef="cc:formula">Al12</scalar></list><list cmlx:templateRef="framework"><scalar dataType="xsd:string" dictRef="cc:frameworkgroup">D6H[3C2'(Al.Al),3C2"(Al.Al)]</scalar></list> Full point group                 D6H Largest Abelian subgroup         D2H     NOp   8 Largest concise Abelian subgroup D2      NOp   4</module><module cmlx:lineCount="18" cmlx:templateRef="l202.orient"><list cmlx:templateRef="type"><scalar dataType="xsd:string" dictRef="g:type">Standard</scalar></list><list cmlx:lineCount="12" cmlx:templateRef="atom"><array dataType="xsd:integer" dictRef="cc:serial" size="12">1 2 3 4 5 6 7 8 9 10 11 12</array><array dataType="xsd:integer" dictRef="cc:elementType" size="12">13 13 13 13 13 13 13 13 13 13 13 13</array><array dataType="xsd:integer" dictRef="g:atomicType" size="12">0 0 0 0 0 0 0 0 0 0 0 0</array><array dataType="xsd:double" dictRef="cc:x3" size="12">0.0 2.331015 4.014478 4.66203 4.014478 2.331015 0.0 -2.331015 -4.014478 -4.66203 -4.014478 -2.331015</array><array dataType="xsd:double" dictRef="cc:y3" size="12">4.63552 4.037436 2.31776 0.0 -2.31776 -4.037436 -4.63552 -4.037436 -2.31776 0.0 2.31776 4.037436</array><array dataType="xsd:double" dictRef="cc:z3" size="12">0.0 0.0 0.0 0.0 0.0 0.0 0.0 0.0 0.0 0.0 0.0 0.0</array></list></module><module cmlx:lineCount="1" cmlx:templateRef="l202.rotconst"/><module cmlx:lineCount="16" cmlx:templateRef="l301.basis"><list cmlx:templateRef="basis"><list><scalar dataType="xsd:string" dictRef="cc:basis">6-31G(d)</scalar><scalar dataType="xsd:string" dictRef="cc:diffuse">(6D, 7F)</scalar></list></list><list cmlx:templateRef="symmadapt"><list><scalar dataType="xsd:integer" dictRef="cc:adapted">48</scalar><scalar dataType="xsd:string" dictRef="cc:symm">AG</scalar></list><list><scalar dataType="xsd:integer" dictRef="cc:adapted">36</scalar><scalar dataType="xsd:string" dictRef="cc:symm">B1G</scalar></list><list><scalar dataType="xsd:integer" dictRef="cc:adapted">15</scalar><scalar dataType="xsd:string" dictRef="cc:symm">B2G</scalar></list><list><scalar dataType="xsd:integer" dictRef="cc:adapted">15</scalar><scalar dataType="xsd:string" dictRef="cc:symm">B3G</scalar></list><list><scalar dataType="xsd:integer" dictRef="cc:adapted">12</scalar><scalar dataType="xsd:string" dictRef="cc:symm">AU</scalar></list><list><scalar dataType="xsd:integer" dictRef="cc:adapted">18</scalar><scalar dataType="xsd:string" dictRef="cc:symm">B1U</scalar></list><list><scalar dataType="xsd:integer" dictRef="cc:adapted">42</scalar><scalar dataType="xsd:string" dictRef="cc:symm">B2U</scalar></list><list><scalar dataType="xsd:integer" dictRef="cc:adapted">42</scalar><scalar dataType="xsd:string" dictRef="cc:symm">B3U</scalar></list></list><list cmlx:templateRef="buffer"><scalar dataType="xsd:integer" dictRef="g:buffer">131072</scalar></list><list cmlx:templateRef="raff"><scalar dataType="xsd:string" dictRef="g:raffenetti">Raffenetti</scalar></list><list cmlx:templateRef="twoe"><scalar dataType="xsd:string" dictRef="g:twoe">Two-electron</scalar></list><list cmlx:templateRef="basiscount"><list><scalar dataType="xsd:integer" dictRef="cc:basiscount">228</scalar><scalar dataType="xsd:integer" dictRef="g:primbasis">624</scalar><scalar dataType="xsd:integer" dictRef="cc:cartesianbasis">228</scalar></list></list><list cmlx:templateRef="alphabeta"><list><scalar dataType="xsd:integer" dictRef="cc:alphae">78</scalar><scalar dataType="xsd:integer" dictRef="cc:betae">78</scalar></list></list> NAtoms=   12 NActive=   12 NUniq=    2 SFac= 3.00D+00 NAtFMM=   80 NAOKFM=F Big=F</module><module cmlx:lineCount="1" cmlx:templateRef="l302.basis"><list cmlx:templateRef="onee"><scalar dataType="xsd:string" dictRef="g:onee">One-electron integrals</scalar></list></module> NBasis=   228 RedAO= T  NBF=    48    36    15    15    12    18    42    42 NBsUse=   228 1.00D-06 NBFU=    48    36    15    15    12    18    42    42 Initial guess read from the read-write file:<module cmlx:lineCount="1" cmlx:templateRef="l401.orbsym"><list cmlx:templateRef="l401"><scalar dataType="xsd:string" dictRef="g:l401">Initial guess orbital symmetries:</scalar></list></module>       Occupied  (?A) (?A) (?A) (?A) (?A) (?A) (?B) (?A) (?A) (?B)                 (?B) (?A) (?A) (?A) (?A) (?A) (?A) (?A) (?B) (?A)                 (?A) (?B) (?B) (?A) (?A) (?A) (?A) (?A) (?A) (?A)                 (A2U) (E1G) (E1G) (E2U) (E2U) (B2G) (?B) (B1G)                 (E2G) (E2G) (E2U) (E2U) (E1G) (E1G) (A2U) (?B)                 (?B) (A1G) (A2G) (E1U) (E1U) (E2G) (E2G) (B2U)                 (B1U) (E2G) (E2G) (E1U) (E1U) (A2G) (A1G) (E1U)                 (E1U) (E2G) (E2G) (B2U) (B1U) (E2G) (E2G) (E1U)                 (E1U) (A2G) (A1G) (A2U) (E1U) (E1U) (E1G) (E1G)       Virtual   (E2U) (E2U) (E2G) (E2G) (A1G) (B1G) (B2G) (B2U)                 (B1U) (E1U) (E1U) (E2G) (E2G) (E2U) (E2U) (E1G)                 (E1G) (E2G) (E2G) (E1U) (E1U) (A1G) (E1U) (E1U)                 (A2U) (B1U) (B2U) (E2G) (E2G) (A1G) (A2G) (B1U)                 (B2U) (A1G) (A2U) (E1G) (E1G) (E1U) (E1U) (E2G)                 (E2G) (E2G) (E2G) (E1U) (E1U) (E2U) (E2U) (B1G)                 (B2G) (E2G) (E2G) (E1U) (E1U) (E2G) (E2G) (E2U)                 (E2U) (B2U) (A1G) (B1U) (A1U) (E1G) (E1G) (E1U)                 (E1U) (A2U) (E1G) (E1G) (E2G) (E2G) (B1U) (B2U)                 (A2G) (E1U) (E1U) (A2G) (A1G) (A2U) (E2U) (E2U)                 (E2G) (E2G) (E1G) (E1G) (E1U) (E1U) (A1G) (E1U)                 (E1U) (E2U) (E2U) (E2G) (E2G) (B1G) (B2G) (A1G)                 (E1U) (E1U) (B2U) (B1U) (E2G) (E2G) (E2U) (E2U)                 (A2G) (E1U) (E1U) (B2G) (E1G) (E1G) (B1G) (E2G)                 (E2G) (A2U) (E1U) (E1U) (B1U) (A1G) (B2U) (E2G)                 (E2G) (E2U) (E2U) (E1G) (E1G) (A1U) (B2U) (E2G)                 (E2G) (B1U) (E1U) (E1U) (E2G) (E2G) (A2G) (E1U)                 (E1U) (A1G) (A1G) (E1U) (E1U) (E2G) (E2G) (B2U)                 (B1U) (E2G) (E2G) (E1U) (E1U) (A1G) Harris functional with IExCor=  402 diagonalized for initial guess. ExpMin= 5.57D-02 ExpMax= 1.40D+04 ExpMxC= 2.10D+03 IAcc=2 IRadAn=         4 AccDes= 0.00D+00 HarFok:  IExCor= 402 AccDes= 0.00D+00 IRadAn=         4 IDoV=1 ScaDFX=  1.000000  1.000000  1.000000  1.000000 Requested convergence on RMS density matrix=1.00D-08 within 128 cycles. Requested convergence on MAX density matrix=1.00D-06. Requested convergence on             energy=1.00D-06. No special actions if energy rises. Keep R1 integrals in memory in canonical form, NReq=   347900573. Integral accuracy reduced to 1.0D-05 until final iterations. Density matrix breaks symmetry, PCut= 1.00D-04 Density has only Abelian symmetry. Density matrix breaks symmetry, PCut= 1.00D-04 Density has only Abelian symmetry. Density matrix breaks symmetry, PCut= 1.00D-04 Density has only Abelian symmetry. Density matrix breaks symmetry, PCut= 1.00D-04 Density has only Abelian symmetry. Density matrix breaks symmetry, PCut= 1.00D-04 Density has only Abelian symmetry. Initial convergence to 1.0D-05 achieved.  Increase integral accuracy. Density matrix breaks symmetry, PCut= 1.00D-04 Density has only Abelian symmetry. Density matrix breaks symmetry, PCut= 1.00D-04 Density has only Abelian symmetry. Density matrix breaks symmetry, PCut= 1.00D-04 Density has only Abelian symmetry. Density matrix breaks symmetry, PCut= 1.00D-04 Density has only Abelian symmetry. Density matrix breaks symmetry, PCut= 1.00D-04 Density has only Abelian symmetry. Density matrix breaks symmetry, PCut= 1.00D-04 Density has only Abelian symmetry. Density matrix breaks symmetry, PCut= 1.00D-04 Density has only Abelian symmetry. Density matrix breaks symmetry, PCut= 1.00D-04 Density has only Abelian symmetry. Density matrix breaks symmetry, PCut= 1.00D-04 Density has only Abelian symmetry. SCF Done:  E(RB+HF-LYP) =  -2908.93090407     A.U. after   13 cycles             Convg  =    0.4354D-08             -V/T =  2.0038             S**2   =   0.0000 Density matrix has only Abelian symmetry. Density matrix has only Abelian symmetry. ***** Axes restored to original set *****<module cmlx:lineCount="18" cmlx:templateRef="forces"><list cmlx:templateRef="force"><list><scalar dataType="xsd:integer" dictRef="x:serial">1</scalar><scalar dataType="xsd:integer" dictRef="x:elementType">13</scalar><scalar dataType="xsd:double" dictRef="x:x3">9.70914E-4</scalar><scalar dataType="xsd:double" dictRef="x:y3">0.0</scalar><scalar dataType="xsd:double" dictRef="x:z3">0.0</scalar></list><list><scalar dataType="xsd:integer" dictRef="x:serial">2</scalar><scalar dataType="xsd:integer" dictRef="x:elementType">13</scalar><scalar dataType="xsd:double" dictRef="x:x3">-8.72449E-4</scalar><scalar dataType="xsd:double" dictRef="x:y3">4.69444E-4</scalar><scalar dataType="xsd:double" dictRef="x:z3">0.0</scalar></list><list><scalar dataType="xsd:integer" dictRef="x:serial">3</scalar><scalar dataType="xsd:integer" dictRef="x:elementType">13</scalar><scalar dataType="xsd:double" dictRef="x:x3">4.65297E-4</scalar><scalar dataType="xsd:double" dictRef="x:y3">-7.52854E-4</scalar><scalar dataType="xsd:double" dictRef="x:z3">0.0</scalar></list><list><scalar dataType="xsd:integer" dictRef="x:serial">4</scalar><scalar dataType="xsd:integer" dictRef="x:elementType">13</scalar><scalar dataType="xsd:double" dictRef="x:x3">0.0</scalar><scalar dataType="xsd:double" dictRef="x:y3">9.19074E-4</scalar><scalar dataType="xsd:double" dictRef="x:z3">0.0</scalar></list><list><scalar dataType="xsd:integer" dictRef="x:serial">5</scalar><scalar dataType="xsd:integer" dictRef="x:elementType">13</scalar><scalar dataType="xsd:double" dictRef="x:x3">-4.65297E-4</scalar><scalar dataType="xsd:double" dictRef="x:y3">-7.52854E-4</scalar><scalar dataType="xsd:double" dictRef="x:z3">0.0</scalar></list><list><scalar dataType="xsd:integer" dictRef="x:serial">6</scalar><scalar dataType="xsd:integer" dictRef="x:elementType">13</scalar><scalar dataType="xsd:double" dictRef="x:x3">8.72449E-4</scalar><scalar dataType="xsd:double" dictRef="x:y3">4.69444E-4</scalar><scalar dataType="xsd:double" dictRef="x:z3">0.0</scalar></list><list><scalar dataType="xsd:integer" dictRef="x:serial">7</scalar><scalar dataType="xsd:integer" dictRef="x:elementType">13</scalar><scalar dataType="xsd:double" dictRef="x:x3">-9.70914E-4</scalar><scalar dataType="xsd:double" dictRef="x:y3">0.0</scalar><scalar dataType="xsd:double" dictRef="x:z3">0.0</scalar></list><list><scalar dataType="xsd:integer" dictRef="x:serial">8</scalar><scalar dataType="xsd:integer" dictRef="x:elementType">13</scalar><scalar dataType="xsd:double" dictRef="x:x3">8.72449E-4</scalar><scalar dataType="xsd:double" dictRef="x:y3">-4.69444E-4</scalar><scalar dataType="xsd:double" dictRef="x:z3">0.0</scalar></list><list><scalar dataType="xsd:integer" dictRef="x:serial">9</scalar><scalar dataType="xsd:integer" dictRef="x:elementType">13</scalar><scalar dataType="xsd:double" dictRef="x:x3">-4.65297E-4</scalar><scalar dataType="xsd:double" dictRef="x:y3">7.52854E-4</scalar><scalar dataType="xsd:double" dictRef="x:z3">0.0</scalar></list><list><scalar dataType="xsd:integer" dictRef="x:serial">10</scalar><scalar dataType="xsd:integer" dictRef="x:elementType">13</scalar><scalar dataType="xsd:double" dictRef="x:x3">0.0</scalar><scalar dataType="xsd:double" dictRef="x:y3">-9.19074E-4</scalar><scalar dataType="xsd:double" dictRef="x:z3">0.0</scalar></list><list><scalar dataType="xsd:integer" dictRef="x:serial">11</scalar><scalar dataType="xsd:integer" dictRef="x:elementType">13</scalar><scalar dataType="xsd:double" dictRef="x:x3">4.65297E-4</scalar><scalar dataType="xsd:double" dictRef="x:y3">7.52854E-4</scalar><scalar dataType="xsd:double" dictRef="x:z3">0.0</scalar></list><list><scalar dataType="xsd:integer" dictRef="x:serial">12</scalar><scalar dataType="xsd:integer" dictRef="x:elementType">13</scalar><scalar dataType="xsd:double" dictRef="x:x3">-8.72449E-4</scalar><scalar dataType="xsd:double" dictRef="x:y3">-4.69444E-4</scalar><scalar dataType="xsd:double" dictRef="x:z3">0.0</scalar></list></list><list cmlx:templateRef="cartesianforce"><list><scalar dataType="xsd:double" dictRef="cc:maxforce">9.70914E-4</scalar><scalar dataType="xsd:double" dictRef="cc:rmsforce">5.43499E-4</scalar></list></list></module><module cmlx:lineCount="166" cmlx:templateRef="l103" xmlns:xi="http://www.w3.org/2001/XInclude"><list cmlx:templateRef="berny"><scalar dataType="xsd:string" dictRef="g:optimization">Internal  Forces:  Max     0.000720063 RMS     0.000255163</scalar></list> Search for a local minimum. Step number  20 out of a maximum of 100 All quantities printed in internal units (Hartrees-Bohrs-Radians) Update second derivatives using D2CorX and points 19 20<module cmlx:lineCount="1" cmlx:templateRef="l103.trust"> Trust test= 1.25D+00 RLast= 5.20D-01 DXMaxT set to 1.00D+00</module>     Eigenvalues ---    0.02120   0.03123   0.03123   0.03564   0.03608     Eigenvalues ---    0.04290   0.04290   0.05518   0.05518   0.05589     Eigenvalues ---    0.07281   0.11527   0.11527   0.15499   0.15558     Eigenvalues ---    0.18276   0.18958   0.20338   0.20338   0.76972     Eigenvalues ---    0.76972   1.00425   1.00425   1.38394   1.42840     Eigenvalues ---    2.14183   2.14438   2.83859   2.83859   2.98769     Eigenvalues --- 1000.000001000.000001000.000001000.000001000.00000     Eigenvalues --- 1000.000001000.000001000.000001000.000001000.00000     Eigenvalues --- 1000.000001000.000001000.000001000.000001000.00000     Eigenvalues --- 1000.000001000.000001000.000001000.000001000.00000     Eigenvalues --- 1000.000001000.000001000.000001000.000001000.00000     Eigenvalues --- 1000.000001000.000001000.000001000.000001000.00000     Eigenvalues --- 1000.000001000.000001000.000001000.000001000.00000     Eigenvalues --- 1000.000001000.000001000.000001000.000001000.00000     Eigenvalues --- 1000.000001000.000001000.000001000.000001000.00000     Eigenvalues --- 1000.000001000.000001000.000001000.000001000.00000     Eigenvalues --- 1000.000001000.000001000.000001000.000001000.00000     Eigenvalues --- 1000.000001000.000001000.000001000.000001000.00000     Eigenvalues --- 1000.000001000.000001000.000001000.000001000.00000     Eigenvalues --- 1000.000001000.000001000.000001000.000001000.00000     Eigenvalues --- 1000.000001000.000001000.000001000.000001000.00000     Eigenvalues --- 1000.000001000.000001000.000001000.000001000.00000     Eigenvalues --- 1000.000001000.000001000.000001000.000001000.00000     Eigenvalues --- 1000.000001000.000001000.000001000.000001000.00000 RFO step:  Lambda=-1.39240833D-04. Quartic linear search produced a step of  0.01208. Iteration  1 RMS(Cart)=  0.00395549 RMS(Int)=  0.00001977 Iteration  2 RMS(Cart)=  0.00000798 RMS(Int)=  0.00001761 Iteration  3 RMS(Cart)=  0.00000000 RMS(Int)=  0.00001761<module cmlx:lineCount="122" cmlx:templateRef="l103.deltas"><list cmlx:lineCount="120" cmlx:templateRef="delta"><array dataType="xsd:string" dictRef="cc:variable" size="120">R1 R2 R3 R4 R5 R6 R7 R8 R9 R10 R11 R12 R13 R14 R15 R16 R17 R18 R19 R20 R21 R22 R23 R24 A1 A2 A3 A4 A5 A6 A7 A8 A9 A10 A11 A12 A13 A14 A15 A16 A17 A18 A19 A20 A21 A22 A23 A24 A25 A26 A27 A28 A29 A30 A31 A32 A33 A34 A35 A36 D1 D2 D3 D4 D5 D6 D7 D8 D9 D10 D11 D12 D13 D14 D15 D16 D17 D18 D19 D20 D21 D22 D23 D24 D25 D26 D27 D28 D29 D30 D31 D32 D33 D34 D35 D36 D37 D38 D39 D40 D41 D42 D43 D44 D45 D46 D47 D48 D49 D50 D51 D52 D53 D54 D55 D56 D57 D58 D59 D60</array><array dataType="xsd:double" dictRef="g:lastval" size="120">4.54766 8.75986 8.75986 4.54766 4.54766 8.80996 8.80996 4.54766 8.75986 4.54766 8.80996 4.54766 8.75986 4.54766 8.80996 4.54766 8.75986 4.54766 8.80996 4.54766 8.75986 4.54766 8.80996 4.54766 2.36684 2.0944 2.36684 2.34555 2.34555 2.0944 2.36684 2.0944 2.36684 2.34555 2.0944 2.34555 2.36684 2.0944 2.36684 2.34555 2.0944 2.34555 2.36684 2.0944 2.36684 2.34555 2.0944 2.34555 2.36684 2.0944 2.36684 2.34555 2.0944 2.34555 2.0944 2.36684 2.36684 2.34555 2.0944 2.34555 0.0 0.0 0.0 0.0 0.0 0.0 0.0 0.0 0.0 0.0 0.0 0.0 0.0 0.0 0.0 0.0 0.0 0.0 0.0 0.0 0.0 0.0 0.0 0.0 0.0 0.0 0.0 0.0 0.0 0.0 0.0 0.0 0.0 0.0 0.0 0.0 0.0 0.0 0.0 0.0 0.0 0.0 0.0 0.0 0.0 0.0 0.0 0.0 0.0 0.0 0.0 0.0 0.0 0.0 0.0 0.0 0.0 0.0 0.0 0.0</array><array dataType="xsd:double" dictRef="cc:deriv" size="120">1.0E-5 -6.8E-4 -6.8E-4 1.0E-5 5.0E-5 7.0E-4 7.2E-4 1.0E-5 -6.6E-4 1.0E-5 7.0E-4 5.0E-5 -6.8E-4 1.0E-5 7.2E-4 1.0E-5 -6.8E-4 5.0E-5 7.0E-4 1.0E-5 -6.6E-4 1.0E-5 7.0E-4 5.0E-5 3.3E-4 2.0E-5 3.3E-4 -3.2E-4 -2.9E-4 0.0 2.7E-4 -1.0E-5 2.9E-4 -2.7E-4 1.0E-5 -2.7E-4 2.9E-4 -1.0E-5 2.7E-4 -3.2E-4 0.0 -2.9E-4 3.3E-4 2.0E-5 3.3E-4 -2.9E-4 0.0 -3.2E-4 2.7E-4 -1.0E-5 2.9E-4 -2.7E-4 1.0E-5 -2.7E-4 -1.0E-5 2.7E-4 2.9E-4 -3.2E-4 0.0 -2.9E-4 0.0 0.0 0.0 0.0 0.0 0.0 0.0 0.0 0.0 0.0 0.0 0.0 0.0 0.0 0.0 0.0 0.0 0.0 0.0 0.0 0.0 0.0 0.0 0.0 0.0 0.0 0.0 0.0 0.0 0.0 0.0 0.0 0.0 0.0 0.0 0.0 0.0 0.0 0.0 0.0 0.0 0.0 0.0 0.0 0.0 0.0 0.0 0.0 0.0 0.0 0.0 0.0 0.0 0.0 0.0 0.0 0.0 0.0 0.0 0.0</array><array dataType="xsd:double" dictRef="cc:delta.linear" size="120">8.3E-4 0.00159 0.00159 8.3E-4 8.3E-4 0.00163 0.00163 8.3E-4 0.00159 8.3E-4 0.00163 8.3E-4 0.00159 8.3E-4 0.00163 8.3E-4 0.00159 8.3E-4 0.00163 8.3E-4 0.00159 8.3E-4 0.00163 8.3E-4 1.0E-5 0.0 1.0E-5 -1.0E-5 -1.0E-5 0.0 1.0E-5 0.0 1.0E-5 -1.0E-5 0.0 -1.0E-5 1.0E-5 0.0 1.0E-5 -1.0E-5 0.0 -1.0E-5 1.0E-5 0.0 1.0E-5 -1.0E-5 0.0 -1.0E-5 1.0E-5 0.0 1.0E-5 -1.0E-5 0.0 -1.0E-5 0.0 1.0E-5 1.0E-5 -1.0E-5 0.0 -1.0E-5 0.0 0.0 0.0 0.0 0.0 0.0 0.0 0.0 0.0 0.0 0.0 0.0 0.0 0.0 0.0 0.0 0.0 0.0 0.0 0.0 0.0 0.0 0.0 0.0 0.0 0.0 0.0 0.0 0.0 0.0 0.0 0.0 0.0 0.0 0.0 0.0 0.0 0.0 0.0 0.0 0.0 0.0 0.0 0.0 0.0 0.0 0.0 0.0 0.0 0.0 0.0 0.0 0.0 0.0 0.0 0.0 0.0 0.0 0.0 0.0</array><array dataType="xsd:double" dictRef="cc:delta.quad" size="120">3.6E-4 -0.01187 -0.01187 3.6E-4 5.3E-4 0.01277 0.01241 3.6E-4 -0.01233 3.6E-4 0.01278 5.3E-4 -0.01187 3.6E-4 0.01241 3.6E-4 -0.01187 5.3E-4 0.01277 3.6E-4 -0.01233 3.6E-4 0.01278 5.3E-4 0.00515 -5.0E-5 0.00516 -0.00513 -0.00522 5.0E-5 0.00534 3.0E-5 0.00522 -0.00537 -1.1E-4 -0.00537 0.00522 3.0E-5 0.00534 -0.00513 5.0E-5 -0.00522 0.00515 -5.0E-5 0.00516 -0.00522 5.0E-5 -0.00513 0.00534 3.0E-5 0.00522 -0.00537 -1.1E-4 -0.00537 3.0E-5 0.00534 0.00522 -0.00513 5.0E-5 -0.00522 0.0 0.0 0.0 0.0 0.0 0.0 0.0 0.0 0.0 0.0 0.0 0.0 0.0 0.0 0.0 0.0 0.0 0.0 0.0 0.0 0.0 0.0 0.0 0.0 0.0 0.0 0.0 0.0 0.0 0.0 0.0 0.0 0.0 0.0 0.0 0.0 0.0 0.0 0.0 0.0 0.0 0.0 0.0 0.0 0.0 0.0 0.0 0.0 0.0 0.0 0.0 0.0 0.0 0.0 0.0 0.0 0.0 0.0 0.0 0.0</array><array dataType="xsd:double" dictRef="cc:delta.total" size="120">0.00128 -0.01034 -0.01034 0.00128 0.00128 0.01409 0.01409 0.00128 -0.01034 0.00128 0.01409 0.00128 -0.01034 0.00128 0.01409 0.00128 -0.01034 0.00128 0.01409 0.00128 -0.01034 0.00128 0.01409 0.00128 0.00518 0.0 0.00518 -0.00518 -0.00518 0.0 0.00518 0.0 0.00518 -0.00518 0.0 -0.00518 0.00518 0.0 0.00518 -0.00518 0.0 -0.00518 0.00518 0.0 0.00518 -0.00518 0.0 -0.00518 0.00518 0.0 0.00518 -0.00518 0.0 -0.00518 0.0 0.00518 0.00518 -0.00518 0.0 -0.00518 0.0 0.0 0.0 0.0 0.0 0.0 0.0 0.0 0.0 0.0 0.0 0.0 0.0 0.0 0.0 0.0 0.0 0.0 0.0 0.0 0.0 0.0 0.0 0.0 0.0 0.0 0.0 0.0 0.0 0.0 0.0 0.0 0.0 0.0 0.0 0.0 0.0 0.0 0.0 0.0 0.0 0.0 0.0 0.0 0.0 0.0 0.0 0.0 0.0 0.0 0.0 0.0 0.0 0.0 0.0 0.0 0.0 0.0 0.0 0.0</array><array dataType="xsd:double" dictRef="cc:newval" size="120">4.54894 8.74952 8.74952 4.54894 4.54894 8.82405 8.82405 4.54894 8.74952 4.54894 8.82405 4.54894 8.74952 4.54894 8.82405 4.54894 8.74952 4.54894 8.82405 4.54894 8.74952 4.54894 8.82405 4.54894 2.37202 2.0944 2.37202 2.34037 2.34037 2.0944 2.37202 2.0944 2.37202 2.34037 2.0944 2.34037 2.37202 2.0944 2.37202 2.34037 2.0944 2.34037 2.37202 2.0944 2.37202 2.34037 2.0944 2.34037 2.37202 2.0944 2.37202 2.34037 2.0944 2.34037 2.0944 2.37202 2.37202 2.34037 2.0944 2.34037 0.0 0.0 0.0 0.0 0.0 0.0 0.0 0.0 0.0 0.0 0.0 0.0 0.0 0.0 0.0 0.0 0.0 0.0 0.0 0.0 0.0 0.0 0.0 0.0 0.0 0.0 0.0 0.0 0.0 0.0 0.0 0.0 0.0 0.0 0.0 0.0 0.0 0.0 0.0 0.0 0.0 0.0 0.0 0.0 0.0 0.0 0.0 0.0 0.0 0.0 0.0 0.0 0.0 0.0 0.0 0.0 0.0 0.0 0.0 0.0</array></list></module><module cmlx:lineCount="5" cmlx:templateRef="l103.itemconverge"><list cmlx:lineCount="4" cmlx:templateRef="components"><array dataType="xsd:string" dictRef="g:itemconverge"/><array dataType="xsd:double" dictRef="x:value" size="4">4.5E-4 3.0E-4 0.0018 0.0012</array><array dataType="xsd:double" dictRef="x:threshold" size="4">0.0 0.0 0.0 0.0</array><array dataType="xsd:string" dictRef="g:converged" size="4">NO YES NO NO</array></list></module> Predicted change in Energy=-7.004851D-05 GradGradGradGradGradGradGradGradGradGradGradGradGradGradGradGradGradGrad</module><module cmlx:lineCount="18" cmlx:templateRef="l202.orient"><list cmlx:templateRef="type"><scalar dataType="xsd:string" dictRef="g:type">Input</scalar></list><list cmlx:lineCount="12" cmlx:templateRef="atom"><array dataType="xsd:integer" dictRef="cc:serial" size="12">1 2 3 4 5 6 7 8 9 10 11 12</array><array dataType="xsd:integer" dictRef="cc:elementType" size="12">13 13 13 13 13 13 13 13 13 13 13 13</array><array dataType="xsd:integer" dictRef="g:atomicType" size="12">0 0 0 0 0 0 0 0 0 0 0 0</array><array dataType="xsd:double" dictRef="cc:x3" size="12">-4.630048 -4.043893 -2.315024 0.0 2.315024 4.043893 4.630048 4.043893 2.315024 0.0 -2.315024 -4.043893</array><array dataType="xsd:double" dictRef="cc:y3" size="12">0.0 2.334743 4.009739 4.669485 4.009739 2.334743 0.0 -2.334743 -4.009739 -4.669485 -4.009739 -2.334743</array><array dataType="xsd:double" dictRef="cc:z3" size="12">0.0 0.0 0.0 0.0 0.0 0.0 0.0 0.0 0.0 0.0 0.0 0.0</array></list></module><module cmlx:lineCount="14" cmlx:templateRef="l202.distmat"><list cmlx:templateRef="atom"><list><scalar dataType="xsd:integer" dictRef="cc:serial">1</scalar><scalar dataType="xsd:string" dictRef="cc:elementType">Al</scalar><scalar dataType="xsd:string" dictRef="cc:distances">0.000000</scalar></list><list><scalar dataType="xsd:integer" dictRef="cc:serial">2</scalar><scalar dataType="xsd:string" dictRef="cc:elementType">Al</scalar><scalar dataType="xsd:string" dictRef="cc:distances">2.407198   0.000000</scalar></list><list><scalar dataType="xsd:integer" dictRef="cc:serial">3</scalar><scalar dataType="xsd:string" dictRef="cc:elementType">Al</scalar><scalar dataType="xsd:string" dictRef="cc:distances">4.630048   2.407198   0.000000</scalar></list><list><scalar dataType="xsd:integer" dictRef="cc:serial">4</scalar><scalar dataType="xsd:string" dictRef="cc:elementType">Al</scalar><scalar dataType="xsd:string" dictRef="cc:distances">6.575822   4.669485   2.407198   0.000000</scalar></list><list><scalar dataType="xsd:integer" dictRef="cc:serial">5</scalar><scalar dataType="xsd:string" dictRef="cc:elementType">Al</scalar><scalar dataType="xsd:string" dictRef="cc:distances">8.019478   6.575822   4.630048   2.407198   0.000000</scalar></list><list><scalar dataType="xsd:integer" dictRef="cc:serial">6</scalar><scalar dataType="xsd:string" dictRef="cc:elementType">Al</scalar><scalar dataType="xsd:string" dictRef="cc:distances">8.982665   8.087785   6.575822   4.669485   2.407198</scalar></list><list><scalar dataType="xsd:integer" dictRef="cc:serial">7</scalar><scalar dataType="xsd:string" dictRef="cc:elementType">Al</scalar><scalar dataType="xsd:string" dictRef="cc:distances">9.260096   8.982665   8.019478   6.575822   4.630048</scalar></list><list><scalar dataType="xsd:integer" dictRef="cc:serial">8</scalar><scalar dataType="xsd:string" dictRef="cc:elementType">Al</scalar><scalar dataType="xsd:string" dictRef="cc:distances">8.982665   9.338970   8.982665   8.087785   6.575822</scalar></list><list><scalar dataType="xsd:integer" dictRef="cc:serial">9</scalar><scalar dataType="xsd:string" dictRef="cc:elementType">Al</scalar><scalar dataType="xsd:string" dictRef="cc:distances">8.019478   8.982665   9.260096   8.982665   8.019478</scalar></list><list><scalar dataType="xsd:integer" dictRef="cc:serial">10</scalar><scalar dataType="xsd:string" dictRef="cc:elementType">Al</scalar><scalar dataType="xsd:string" dictRef="cc:distances">6.575822   8.087785   8.982665   9.338970   8.982665</scalar></list><list><scalar dataType="xsd:integer" dictRef="cc:serial">11</scalar><scalar dataType="xsd:string" dictRef="cc:elementType">Al</scalar><scalar dataType="xsd:string" dictRef="cc:distances">4.630048   6.575822   8.019478   8.982665   9.260096</scalar></list><list><scalar dataType="xsd:integer" dictRef="cc:serial">12</scalar><scalar dataType="xsd:string" dictRef="cc:elementType">Al</scalar><scalar dataType="xsd:string" dictRef="cc:distances">2.407198   4.669485   6.575822   8.087785   8.982665</scalar></list></list></module>                    6          7          8          9         10     6  Al   0.000000     7  Al   2.407198   0.000000     8  Al   4.669485   2.407198   0.000000     9  Al   6.575822   4.630048   2.407198   0.000000    10  Al   8.087785   6.575822   4.669485   2.407198   0.000000    11  Al   8.982665   8.019478   6.575822   4.630048   2.407198    12  Al   9.338970   8.982665   8.087785   6.575822   4.669485                   11         12    11  Al   0.000000    12  Al   2.407198   0.000000<module cmlx:lineCount="6" cmlx:templateRef="l202.stoich"><list cmlx:templateRef="stoich"><scalar dataType="xsd:string" dictRef="cc:formula">Al12</scalar></list><list cmlx:templateRef="framework"><scalar dataType="xsd:string" dictRef="cc:frameworkgroup">D6H[3C2'(Al.Al),3C2"(Al.Al)]</scalar></list> Full point group                 D6H Largest Abelian subgroup         D2H     NOp   8 Largest concise Abelian subgroup D2      NOp   4</module><module cmlx:lineCount="18" cmlx:templateRef="l202.orient"><list cmlx:templateRef="type"><scalar dataType="xsd:string" dictRef="g:type">Standard</scalar></list><list cmlx:lineCount="12" cmlx:templateRef="atom"><array dataType="xsd:integer" dictRef="cc:serial" size="12">1 2 3 4 5 6 7 8 9 10 11 12</array><array dataType="xsd:integer" dictRef="cc:elementType" size="12">13 13 13 13 13 13 13 13 13 13 13 13</array><array dataType="xsd:integer" dictRef="g:atomicType" size="12">0 0 0 0 0 0 0 0 0 0 0 0</array><array dataType="xsd:double" dictRef="cc:x3" size="12">0.0 2.334743 4.009739 4.669485 4.009739 2.334743 0.0 -2.334743 -4.009739 -4.669485 -4.009739 -2.334743</array><array dataType="xsd:double" dictRef="cc:y3" size="12">4.630048 4.043893 2.315024 0.0 -2.315024 -4.043893 -4.630048 -4.043893 -2.315024 0.0 2.315024 4.043893</array><array dataType="xsd:double" dictRef="cc:z3" size="12">0.0 0.0 0.0 0.0 0.0 0.0 0.0 0.0 0.0 0.0 0.0 0.0</array></list></module><module cmlx:lineCount="1" cmlx:templateRef="l202.rotconst"/><module cmlx:lineCount="16" cmlx:templateRef="l301.basis"><list cmlx:templateRef="basis"><list><scalar dataType="xsd:string" dictRef="cc:basis">6-31G(d)</scalar><scalar dataType="xsd:string" dictRef="cc:diffuse">(6D, 7F)</scalar></list></list><list cmlx:templateRef="symmadapt"><list><scalar dataType="xsd:integer" dictRef="cc:adapted">48</scalar><scalar dataType="xsd:string" dictRef="cc:symm">AG</scalar></list><list><scalar dataType="xsd:integer" dictRef="cc:adapted">36</scalar><scalar dataType="xsd:string" dictRef="cc:symm">B1G</scalar></list><list><scalar dataType="xsd:integer" dictRef="cc:adapted">15</scalar><scalar dataType="xsd:string" dictRef="cc:symm">B2G</scalar></list><list><scalar dataType="xsd:integer" dictRef="cc:adapted">15</scalar><scalar dataType="xsd:string" dictRef="cc:symm">B3G</scalar></list><list><scalar dataType="xsd:integer" dictRef="cc:adapted">12</scalar><scalar dataType="xsd:string" dictRef="cc:symm">AU</scalar></list><list><scalar dataType="xsd:integer" dictRef="cc:adapted">18</scalar><scalar dataType="xsd:string" dictRef="cc:symm">B1U</scalar></list><list><scalar dataType="xsd:integer" dictRef="cc:adapted">42</scalar><scalar dataType="xsd:string" dictRef="cc:symm">B2U</scalar></list><list><scalar dataType="xsd:integer" dictRef="cc:adapted">42</scalar><scalar dataType="xsd:string" dictRef="cc:symm">B3U</scalar></list></list><list cmlx:templateRef="buffer"><scalar dataType="xsd:integer" dictRef="g:buffer">131072</scalar></list><list cmlx:templateRef="raff"><scalar dataType="xsd:string" dictRef="g:raffenetti">Raffenetti</scalar></list><list cmlx:templateRef="twoe"><scalar dataType="xsd:string" dictRef="g:twoe">Two-electron</scalar></list><list cmlx:templateRef="basiscount"><list><scalar dataType="xsd:integer" dictRef="cc:basiscount">228</scalar><scalar dataType="xsd:integer" dictRef="g:primbasis">624</scalar><scalar dataType="xsd:integer" dictRef="cc:cartesianbasis">228</scalar></list></list><list cmlx:templateRef="alphabeta"><list><scalar dataType="xsd:integer" dictRef="cc:alphae">78</scalar><scalar dataType="xsd:integer" dictRef="cc:betae">78</scalar></list></list> NAtoms=   12 NActive=   12 NUniq=    2 SFac= 3.00D+00 NAtFMM=   80 NAOKFM=F Big=F</module><module cmlx:lineCount="1" cmlx:templateRef="l302.basis"><list cmlx:templateRef="onee"><scalar dataType="xsd:string" dictRef="g:onee">One-electron integrals</scalar></list></module> NBasis=   228 RedAO= T  NBF=    48    36    15    15    12    18    42    42 NBsUse=   228 1.00D-06 NBFU=    48    36    15    15    12    18    42    42 Initial guess read from the read-write file:<module cmlx:lineCount="1" cmlx:templateRef="l401.orbsym"><list cmlx:templateRef="l401"><scalar dataType="xsd:string" dictRef="g:l401">Initial guess orbital symmetries:</scalar></list></module>       Occupied  (?A) (?A) (?A) (?A) (?A) (?A) (?B) (?A) (?A) (?B)                 (?B) (?A) (?A) (?A) (?A) (?A) (?A) (?A) (?B) (?A)                 (?A) (?B) (?B) (?A) (?A) (?A) (?A) (?A) (?A) (?A)                 (?C) (?C) (?C) (?C) (?C) (?C) (?D) (?C) (?C) (?B)                 (?D) (?D) (?C) (?A) (?A) (?B) (?B) (?A) (A2G)                 (E1U) (E1U) (E2G) (E2G) (B2U) (B1U) (E2G) (E2G)                 (E1U) (E1U) (A2G) (A1G) (E1U) (E1U) (E2G) (E2G)                 (B2U) (B1U) (E2G) (E2G) (E1U) (E1U) (A2G) (A1G)                 (A2U) (E1U) (E1U) (E1G) (E1G)       Virtual   (E2U) (E2U) (E2G) (E2G) (A1G) (B1G) (B2G) (B2U)                 (B1U) (E1U) (E1U) (E2G) (E2G) (E2U) (E2U) (E1G)                 (E1G) (E2G) (E2G) (E1U) (E1U) (A1G) (A2U) (E1U)                 (E1U) (B1U) (B2U) (E2G) (E2G) (A1G) (A2G) (B1U)                 (B2U) (A1G) (A2U) (E1G) (E1G) (E1U) (E1U) (E2G)                 (E2G) (E2G) (E2G) (E1U) (E1U) (E2U) (E2U) (B1G)                 (B2G) (E2G) (E2G) (E1U) (E1U) (E2G) (E2G) (E2U)                 (E2U) (A1G) (B2U) (B1U) (A1U) (E1G) (E1G) (E1U)                 (E1U) (A2U) (E1G) (E1G) (E2G) (E2G) (B1U) (B2U)                 (A2G) (E1U) (E1U) (A2G) (A1G) (E2G) (E2G) (E2U)                 (E2U) (A2U) (E1G) (E1G) (E1U) (E1U) (A1G) (E1U)                 (E1U) (E2U) (E2U) (E2G) (E2G) (B1G) (A1G) (B2G)                 (E1U) (E1U) (B2U) (B1U) (E2G) (E2G) (A2G) (E2U)                 (E2U) (E1U) (E1U) (B2G) (E1G) (E1G) (B1G) (E2G)                 (E2G) (A2U) (E1U) (E1U) (B1U) (B2U) (E2G) (E2G)                 (A1G) (E2U) (E2U) (E1G) (E1G) (A1U) (B2U) (E2G)                 (E2G) (B1U) (E1U) (E1U) (E2G) (E2G) (A2G) (E1U)                 (E1U) (A1G) (A1G) (E1U) (E1U) (E2G) (E2G) (B2U)                 (B1U) (E2G) (E2G) (E1U) (E1U) (A1G) Requested convergence on RMS density matrix=1.00D-08 within 128 cycles. Requested convergence on MAX density matrix=1.00D-06. Requested convergence on             energy=1.00D-06. No special actions if energy rises. Keep R1 integrals in memory in canonical form, NReq=   347900573. Density matrix breaks symmetry, PCut= 1.00D-04 Density has only Abelian symmetry. Density matrix breaks symmetry, PCut= 1.00D-04 Density has only Abelian symmetry. Density matrix breaks symmetry, PCut= 1.00D-04 Density has only Abelian symmetry. Density matrix breaks symmetry, PCut= 1.00D-04 Density has only Abelian symmetry. Density matrix breaks symmetry, PCut= 1.00D-04 Density has only Abelian symmetry. Density matrix breaks symmetry, PCut= 1.00D-04 Density has only Abelian symmetry. Density matrix breaks symmetry, PCut= 1.00D-04 Density has only Abelian symmetry. Density matrix breaks symmetry, PCut= 1.00D-04 Density has only Abelian symmetry. Density matrix breaks symmetry, PCut= 1.00D-04 Density has only Abelian symmetry. Density matrix breaks symmetry, PCut= 1.00D-04 Density has only Abelian symmetry. SCF Done:  E(RB+HF-LYP) =  -2908.93107523     A.U. after    9 cycles             Convg  =    0.7719D-08             -V/T =  2.0038             S**2   =   0.0000 Density matrix has only Abelian symmetry. Density matrix has only Abelian symmetry. ***** Axes restored to original set *****<module cmlx:lineCount="18" cmlx:templateRef="forces"><list cmlx:templateRef="force"><list><scalar dataType="xsd:integer" dictRef="x:serial">1</scalar><scalar dataType="xsd:integer" dictRef="x:elementType">13</scalar><scalar dataType="xsd:double" dictRef="x:x3">0.001466788</scalar><scalar dataType="xsd:double" dictRef="x:y3">0.0</scalar><scalar dataType="xsd:double" dictRef="x:z3">0.0</scalar></list><list><scalar dataType="xsd:integer" dictRef="x:serial">2</scalar><scalar dataType="xsd:integer" dictRef="x:elementType">13</scalar><scalar dataType="xsd:double" dictRef="x:x3">-0.001227976</scalar><scalar dataType="xsd:double" dictRef="x:y3">6.74561E-4</scalar><scalar dataType="xsd:double" dictRef="x:z3">0.0</scalar></list><list><scalar dataType="xsd:integer" dictRef="x:serial">3</scalar><scalar dataType="xsd:integer" dictRef="x:elementType">13</scalar><scalar dataType="xsd:double" dictRef="x:x3">7.10538E-4</scalar><scalar dataType="xsd:double" dictRef="x:y3">-0.001180456</scalar><scalar dataType="xsd:double" dictRef="x:z3">0.0</scalar></list><list><scalar dataType="xsd:integer" dictRef="x:serial">4</scalar><scalar dataType="xsd:integer" dictRef="x:elementType">13</scalar><scalar dataType="xsd:double" dictRef="x:x3">0.0</scalar><scalar dataType="xsd:double" dictRef="x:y3">0.001333909</scalar><scalar dataType="xsd:double" dictRef="x:z3">0.0</scalar></list><list><scalar dataType="xsd:integer" dictRef="x:serial">5</scalar><scalar dataType="xsd:integer" dictRef="x:elementType">13</scalar><scalar dataType="xsd:double" dictRef="x:x3">-7.10538E-4</scalar><scalar dataType="xsd:double" dictRef="x:y3">-0.001180456</scalar><scalar dataType="xsd:double" dictRef="x:z3">0.0</scalar></list><list><scalar dataType="xsd:integer" dictRef="x:serial">6</scalar><scalar dataType="xsd:integer" dictRef="x:elementType">13</scalar><scalar dataType="xsd:double" dictRef="x:x3">0.001227976</scalar><scalar dataType="xsd:double" dictRef="x:y3">6.74561E-4</scalar><scalar dataType="xsd:double" dictRef="x:z3">0.0</scalar></list><list><scalar dataType="xsd:integer" dictRef="x:serial">7</scalar><scalar dataType="xsd:integer" dictRef="x:elementType">13</scalar><scalar dataType="xsd:double" dictRef="x:x3">-0.001466788</scalar><scalar dataType="xsd:double" dictRef="x:y3">0.0</scalar><scalar dataType="xsd:double" dictRef="x:z3">0.0</scalar></list><list><scalar dataType="xsd:integer" dictRef="x:serial">8</scalar><scalar dataType="xsd:integer" dictRef="x:elementType">13</scalar><scalar dataType="xsd:double" dictRef="x:x3">0.001227976</scalar><scalar dataType="xsd:double" dictRef="x:y3">-6.74561E-4</scalar><scalar dataType="xsd:double" dictRef="x:z3">0.0</scalar></list><list><scalar dataType="xsd:integer" dictRef="x:serial">9</scalar><scalar dataType="xsd:integer" dictRef="x:elementType">13</scalar><scalar dataType="xsd:double" dictRef="x:x3">-7.10538E-4</scalar><scalar dataType="xsd:double" dictRef="x:y3">0.001180456</scalar><scalar dataType="xsd:double" dictRef="x:z3">0.0</scalar></list><list><scalar dataType="xsd:integer" dictRef="x:serial">10</scalar><scalar dataType="xsd:integer" dictRef="x:elementType">13</scalar><scalar dataType="xsd:double" dictRef="x:x3">0.0</scalar><scalar dataType="xsd:double" dictRef="x:y3">-0.001333909</scalar><scalar dataType="xsd:double" dictRef="x:z3">0.0</scalar></list><list><scalar dataType="xsd:integer" dictRef="x:serial">11</scalar><scalar dataType="xsd:integer" dictRef="x:elementType">13</scalar><scalar dataType="xsd:double" dictRef="x:x3">7.10538E-4</scalar><scalar dataType="xsd:double" dictRef="x:y3">0.001180456</scalar><scalar dataType="xsd:double" dictRef="x:z3">0.0</scalar></list><list><scalar dataType="xsd:integer" dictRef="x:serial">12</scalar><scalar dataType="xsd:integer" dictRef="x:elementType">13</scalar><scalar dataType="xsd:double" dictRef="x:x3">-0.001227976</scalar><scalar dataType="xsd:double" dictRef="x:y3">-6.74561E-4</scalar><scalar dataType="xsd:double" dictRef="x:z3">0.0</scalar></list></list><list cmlx:templateRef="cartesianforce"><list><scalar dataType="xsd:double" dictRef="cc:maxforce">0.001466788</scalar><scalar dataType="xsd:double" dictRef="cc:rmsforce">8.04618E-4</scalar></list></list></module><module cmlx:lineCount="170" cmlx:templateRef="l103" xmlns:xi="http://www.w3.org/2001/XInclude"><list cmlx:templateRef="berny"><scalar dataType="xsd:string" dictRef="g:optimization">Internal  Forces:  Max     0.001051839 RMS     0.000377804</scalar></list> Search for a local minimum. Step number  21 out of a maximum of 100 All quantities printed in internal units (Hartrees-Bohrs-Radians) Update second derivatives using D2CorX and points 19 20 21<module cmlx:lineCount="1" cmlx:templateRef="l103.trust"> Trust test= 2.44D+00 RLast= 5.00D-02 DXMaxT set to 1.00D+00</module>     Eigenvalues ---   -0.02714   0.02133   0.03123   0.03123   0.03554     Eigenvalues ---    0.03619   0.04290   0.04290   0.05517   0.05517     Eigenvalues ---    0.07281   0.11519   0.11519   0.15467   0.15468     Eigenvalues ---    0.18111   0.19124   0.20370   0.20370   0.77018     Eigenvalues ---    0.77018   1.00409   1.00409   1.37335   1.43948     Eigenvalues ---    2.14242   2.14247   2.83862   2.83862   2.98765     Eigenvalues --- 1000.000001000.000001000.000001000.000001000.00000     Eigenvalues --- 1000.000001000.000001000.000001000.000001000.00000     Eigenvalues --- 1000.000001000.000001000.000001000.000001000.00000     Eigenvalues --- 1000.000001000.000001000.000001000.000001000.00000     Eigenvalues --- 1000.000001000.000001000.000001000.000001000.00000     Eigenvalues --- 1000.000001000.000001000.000001000.000001000.00000     Eigenvalues --- 1000.000001000.000001000.000001000.000001000.00000     Eigenvalues --- 1000.000001000.000001000.000001000.000001000.00000     Eigenvalues --- 1000.000001000.000001000.000001000.000001000.00000     Eigenvalues --- 1000.000001000.000001000.000001000.000001000.00000     Eigenvalues --- 1000.000001000.000001000.000001000.000001000.00000     Eigenvalues --- 1000.000001000.000001000.000001000.000001000.00000     Eigenvalues --- 1000.000001000.000001000.000001000.000001000.00000     Eigenvalues --- 1000.000001000.000001000.000001000.000001000.00000     Eigenvalues --- 1000.000001000.000001000.000001000.000001000.00000     Eigenvalues --- 1000.000001000.000001000.000001000.000001000.00000     Eigenvalues --- 1000.000001000.000001000.000001000.000001000.00000     Eigenvalues --- 1000.000001000.000001000.000001000.000001000.00000 RFO step:  Lambda=-2.77579967D-02. Skip linear search -- no minimum in search direction. Maximum step size (   1.000) exceeded in Quadratic search.    -- Step size scaled by   0.149 Iteration  1 RMS(Cart)=  0.06679363 RMS(Int)=  0.01443277 Iteration  2 RMS(Cart)=  0.01099383 RMS(Int)=  0.00694059 Iteration  3 RMS(Cart)=  0.00013750 RMS(Int)=  0.00693863 Iteration  4 RMS(Cart)=  0.00000144 RMS(Int)=  0.00693863 Iteration  5 RMS(Cart)=  0.00000002 RMS(Int)=  0.00693863<module cmlx:lineCount="122" cmlx:templateRef="l103.deltas"><list cmlx:lineCount="120" cmlx:templateRef="delta"><array dataType="xsd:string" dictRef="cc:variable" size="120">R1 R2 R3 R4 R5 R6 R7 R8 R9 R10 R11 R12 R13 R14 R15 R16 R17 R18 R19 R20 R21 R22 R23 R24 A1 A2 A3 A4 A5 A6 A7 A8 A9 A10 A11 A12 A13 A14 A15 A16 A17 A18 A19 A20 A21 A22 A23 A24 A25 A26 A27 A28 A29 A30 A31 A32 A33 A34 A35 A36 D1 D2 D3 D4 D5 D6 D7 D8 D9 D10 D11 D12 D13 D14 D15 D16 D17 D18 D19 D20 D21 D22 D23 D24 D25 D26 D27 D28 D29 D30 D31 D32 D33 D34 D35 D36 D37 D38 D39 D40 D41 D42 D43 D44 D45 D46 D47 D48 D49 D50 D51 D52 D53 D54 D55 D56 D57 D58 D59 D60</array><array dataType="xsd:double" dictRef="g:lastval" size="120">4.54894 8.74952 8.74952 4.54894 4.54894 8.82405 8.82405 4.54894 8.74952 4.54894 8.82405 4.54894 8.74952 4.54894 8.82405 4.54894 8.74952 4.54894 8.82405 4.54894 8.74952 4.54894 8.82405 4.54894 2.37202 2.0944 2.37202 2.34037 2.34037 2.0944 2.37202 2.0944 2.37202 2.34037 2.0944 2.34037 2.37202 2.0944 2.37202 2.34037 2.0944 2.34037 2.37202 2.0944 2.37202 2.34037 2.0944 2.34037 2.37202 2.0944 2.37202 2.34037 2.0944 2.34037 2.0944 2.37202 2.37202 2.34037 2.0944 2.34037 0.0 0.0 0.0 0.0 0.0 0.0 0.0 0.0 0.0 0.0 0.0 0.0 0.0 0.0 0.0 0.0 0.0 0.0 0.0 0.0 0.0 0.0 0.0 0.0 0.0 0.0 0.0 0.0 0.0 0.0 0.0 0.0 0.0 0.0 0.0 0.0 0.0 0.0 0.0 0.0 0.0 0.0 0.0 0.0 0.0 0.0 0.0 0.0 0.0 0.0 0.0 0.0 0.0 0.0 0.0 0.0 0.0 0.0 0.0 0.0</array><array dataType="xsd:double" dictRef="cc:deriv" size="120">0.0 -0.00105 -0.00105 0.0 5.0E-5 9.9E-4 0.00101 1.0E-5 -0.00103 1.0E-5 9.9E-4 5.0E-5 -0.00105 0.0 0.00101 0.0 -0.00105 5.0E-5 9.9E-4 1.0E-5 -0.00103 1.0E-5 9.9E-4 5.0E-5 4.7E-4 3.0E-5 4.7E-4 -4.6E-4 -4.3E-4 0.0 4.1E-4 -1.0E-5 4.3E-4 -4.2E-4 1.0E-5 -4.2E-4 4.3E-4 -1.0E-5 4.1E-4 -4.6E-4 0.0 -4.3E-4 4.7E-4 3.0E-5 4.7E-4 -4.3E-4 0.0 -4.6E-4 4.1E-4 -1.0E-5 4.3E-4 -4.2E-4 1.0E-5 -4.2E-4 -1.0E-5 4.1E-4 4.3E-4 -4.6E-4 0.0 -4.3E-4 0.0 0.0 0.0 0.0 0.0 0.0 0.0 0.0 0.0 0.0 0.0 0.0 0.0 0.0 0.0 0.0 0.0 0.0 0.0 0.0 0.0 0.0 0.0 0.0 0.0 0.0 0.0 0.0 0.0 0.0 0.0 0.0 0.0 0.0 0.0 0.0 0.0 0.0 0.0 0.0 0.0 0.0 0.0 0.0 0.0 0.0 0.0 0.0 0.0 0.0 0.0 0.0 0.0 0.0 0.0 0.0 0.0 0.0 0.0 0.0</array><array dataType="xsd:double" dictRef="cc:delta.linear" size="120">0.0 0.0 0.0 0.0 0.0 0.0 0.0 0.0 0.0 0.0 0.0 0.0 0.0 0.0 0.0 0.0 0.0 0.0 0.0 0.0 0.0 0.0 0.0 0.0 0.0 0.0 0.0 0.0 0.0 0.0 0.0 0.0 0.0 0.0 0.0 0.0 0.0 0.0 0.0 0.0 0.0 0.0 0.0 0.0 0.0 0.0 0.0 0.0 0.0 0.0 0.0 0.0 0.0 0.0 0.0 0.0 0.0 0.0 0.0 0.0 0.0 0.0 0.0 0.0 0.0 0.0 0.0 0.0 0.0 0.0 0.0 0.0 0.0 0.0 0.0 0.0 0.0 0.0 0.0 0.0 0.0 0.0 0.0 0.0 0.0 0.0 0.0 0.0 0.0 0.0 0.0 0.0 0.0 0.0 0.0 0.0 0.0 0.0 0.0 0.0 0.0 0.0 0.0 0.0 0.0 0.0 0.0 0.0 0.0 0.0 0.0 0.0 0.0 0.0 0.0 0.0 0.0 0.0 0.0 0.0</array><array dataType="xsd:double" dictRef="cc:delta.quad" size="120">0.00829 -0.24586 -0.24586 0.00829 0.0083 0.24872 0.24896 0.0083 -0.24614 0.0083 0.24872 0.0083 -0.24586 0.00829 0.24896 0.00829 -0.24586 0.0083 0.24872 0.0083 -0.24614 0.0083 0.24872 0.0083 0.10523 2.3E-4 0.10523 -0.105 -0.10488 1.2E-4 0.105 -1.2E-4 0.10488 -0.10524 -2.4E-4 -0.10524 0.10488 -1.2E-4 0.105 -0.105 1.2E-4 -0.10488 0.10523 2.3E-4 0.10523 -0.10488 1.2E-4 -0.105 0.105 -1.2E-4 0.10488 -0.10524 -2.4E-4 -0.10524 -1.2E-4 0.105 0.10488 -0.105 1.2E-4 -0.10488 0.0 0.0 0.0 0.0 0.0 0.0 0.0 0.0 0.0 0.0 0.0 0.0 0.0 0.0 0.0 0.0 0.0 0.0 0.0 0.0 0.0 0.0 0.0 0.0 0.0 0.0 0.0 0.0 0.0 0.0 0.0 0.0 0.0 0.0 0.0 0.0 0.0 0.0 0.0 0.0 0.0 0.0 0.0 0.0 0.0 0.0 0.0 0.0 0.0 0.0 0.0 0.0 0.0 0.0 0.0 0.0 0.0 0.0 0.0 0.0</array><array dataType="xsd:double" dictRef="cc:delta.total" size="120">0.02719 -0.25381 -0.25381 0.02719 0.02719 0.23544 0.23544 0.02719 -0.25381 0.02719 0.23544 0.02719 -0.25381 0.02719 0.23544 0.02719 -0.25381 0.02719 0.23544 0.02719 -0.25381 0.02719 0.23544 0.02719 0.10346 0.0 0.10346 -0.10346 -0.10346 0.0 0.10346 0.0 0.10346 -0.10346 0.0 -0.10346 0.10346 0.0 0.10346 -0.10346 0.0 -0.10346 0.10346 0.0 0.10346 -0.10346 0.0 -0.10346 0.10346 0.0 0.10346 -0.10346 0.0 -0.10346 0.0 0.10346 0.10346 -0.10346 0.0 -0.10346 0.0 0.0 0.0 0.0 0.0 0.0 0.0 0.0 0.0 0.0 0.0 0.0 0.0 0.0 0.0 0.0 0.0 0.0 0.0 0.0 0.0 0.0 0.0 0.0 0.0 0.0 0.0 0.0 0.0 0.0 0.0 0.0 0.0 0.0 0.0 0.0 0.0 0.0 0.0 0.0 0.0 0.0 0.0 0.0 0.0 0.0 0.0 0.0 0.0 0.0 0.0 0.0 0.0 0.0 0.0 0.0 0.0 0.0 0.0 0.0</array><array dataType="xsd:double" dictRef="cc:newval" size="120">4.57614 8.49571 8.49571 4.57614 4.57614 9.05949 9.05949 4.57614 8.49571 4.57614 9.05949 4.57614 8.49571 4.57614 9.05949 4.57614 8.49571 4.57614 9.05949 4.57614 8.49571 4.57614 9.05949 4.57614 2.47548 2.0944 2.47548 2.23691 2.23691 2.0944 2.47548 2.0944 2.47548 2.23691 2.0944 2.23691 2.47548 2.0944 2.47548 2.23691 2.0944 2.23691 2.47548 2.0944 2.47548 2.23691 2.0944 2.23691 2.47548 2.0944 2.47548 2.23691 2.0944 2.23691 2.0944 2.47548 2.47548 2.23691 2.0944 2.23691 0.0 0.0 0.0 0.0 0.0 0.0 0.0 0.0 0.0 0.0 0.0 0.0 0.0 0.0 0.0 0.0 0.0 0.0 0.0 0.0 0.0 0.0 0.0 0.0 0.0 0.0 0.0 0.0 0.0 0.0 0.0 0.0 0.0 0.0 0.0 0.0 0.0 0.0 0.0 0.0 0.0 0.0 0.0 0.0 0.0 0.0 0.0 0.0 0.0 0.0 0.0 0.0 0.0 0.0 0.0 0.0 0.0 0.0 0.0 0.0</array></list></module><module cmlx:lineCount="5" cmlx:templateRef="l103.itemconverge"><list cmlx:lineCount="4" cmlx:templateRef="components"><array dataType="xsd:string" dictRef="g:itemconverge"/><array dataType="xsd:double" dictRef="x:value" size="4">4.5E-4 3.0E-4 0.0018 0.0012</array><array dataType="xsd:double" dictRef="x:threshold" size="4">0.0 0.0 0.0 0.0</array><array dataType="xsd:string" dictRef="g:converged" size="4">NO NO NO NO</array></list></module> Predicted change in Energy=-1.685923D-02 GradGradGradGradGradGradGradGradGradGradGradGradGradGradGradGradGradGrad</module><module cmlx:lineCount="18" cmlx:templateRef="l202.orient"><list cmlx:templateRef="type"><scalar dataType="xsd:string" dictRef="g:type">Input</scalar></list><list cmlx:lineCount="12" cmlx:templateRef="atom"><array dataType="xsd:integer" dictRef="cc:serial" size="12">1 2 3 4 5 6 7 8 9 10 11 12</array><array dataType="xsd:integer" dictRef="cc:elementType" size="12">13 13 13 13 13 13 13 13 13 13 13 13</array><array dataType="xsd:integer" dictRef="g:atomicType" size="12">0 0 0 0 0 0 0 0 0 0 0 0</array><array dataType="xsd:double" dictRef="cc:x3" size="12">-4.495736 -4.151792 -2.247868 0.0 2.247868 4.151792 4.495736 4.151792 2.247868 0.0 -2.247868 -4.151792</array><array dataType="xsd:double" dictRef="cc:y3" size="12">0.0 2.397038 3.893421 4.794076 3.893421 2.397038 0.0 -2.397038 -3.893421 -4.794076 -3.893421 -2.397038</array><array dataType="xsd:double" dictRef="cc:z3" size="12">0.0 0.0 0.0 0.0 0.0 0.0 0.0 0.0 0.0 0.0 0.0 0.0</array></list></module><module cmlx:lineCount="14" cmlx:templateRef="l202.distmat"><list cmlx:templateRef="atom"><list><scalar dataType="xsd:integer" dictRef="cc:serial">1</scalar><scalar dataType="xsd:string" dictRef="cc:elementType">Al</scalar><scalar dataType="xsd:string" dictRef="cc:distances">0.000000</scalar></list><list><scalar dataType="xsd:integer" dictRef="cc:serial">2</scalar><scalar dataType="xsd:string" dictRef="cc:elementType">Al</scalar><scalar dataType="xsd:string" dictRef="cc:distances">2.421588   0.000000</scalar></list><list><scalar dataType="xsd:integer" dictRef="cc:serial">3</scalar><scalar dataType="xsd:string" dictRef="cc:elementType">Al</scalar><scalar dataType="xsd:string" dictRef="cc:distances">4.495736   2.421588   0.000000</scalar></list><list><scalar dataType="xsd:integer" dictRef="cc:serial">4</scalar><scalar dataType="xsd:string" dictRef="cc:elementType">Al</scalar><scalar dataType="xsd:string" dictRef="cc:distances">6.572275   4.794076   2.421588   0.000000</scalar></list><list><scalar dataType="xsd:integer" dictRef="cc:serial">5</scalar><scalar dataType="xsd:string" dictRef="cc:elementType">Al</scalar><scalar dataType="xsd:string" dictRef="cc:distances">7.786842   6.572275   4.495736   2.421588   0.000000</scalar></list><list><scalar dataType="xsd:integer" dictRef="cc:serial">6</scalar><scalar dataType="xsd:string" dictRef="cc:elementType">Al</scalar><scalar dataType="xsd:string" dictRef="cc:distances">8.973601   8.303583   6.572275   4.794076   2.421588</scalar></list><list><scalar dataType="xsd:integer" dictRef="cc:serial">7</scalar><scalar dataType="xsd:string" dictRef="cc:elementType">Al</scalar><scalar dataType="xsd:string" dictRef="cc:distances">8.991471   8.973601   7.786842   6.572275   4.495736</scalar></list><list><scalar dataType="xsd:integer" dictRef="cc:serial">8</scalar><scalar dataType="xsd:string" dictRef="cc:elementType">Al</scalar><scalar dataType="xsd:string" dictRef="cc:distances">8.973601   9.588152   8.973601   8.303583   6.572275</scalar></list><list><scalar dataType="xsd:integer" dictRef="cc:serial">9</scalar><scalar dataType="xsd:string" dictRef="cc:elementType">Al</scalar><scalar dataType="xsd:string" dictRef="cc:distances">7.786842   8.973601   8.991471   8.973601   7.786842</scalar></list><list><scalar dataType="xsd:integer" dictRef="cc:serial">10</scalar><scalar dataType="xsd:string" dictRef="cc:elementType">Al</scalar><scalar dataType="xsd:string" dictRef="cc:distances">6.572275   8.303583   8.973601   9.588152   8.973601</scalar></list><list><scalar dataType="xsd:integer" dictRef="cc:serial">11</scalar><scalar dataType="xsd:string" dictRef="cc:elementType">Al</scalar><scalar dataType="xsd:string" dictRef="cc:distances">4.495736   6.572275   7.786842   8.973601   8.991471</scalar></list><list><scalar dataType="xsd:integer" dictRef="cc:serial">12</scalar><scalar dataType="xsd:string" dictRef="cc:elementType">Al</scalar><scalar dataType="xsd:string" dictRef="cc:distances">2.421588   4.794076   6.572275   8.303583   8.973601</scalar></list></list></module>                    6          7          8          9         10     6  Al   0.000000     7  Al   2.421588   0.000000     8  Al   4.794076   2.421588   0.000000     9  Al   6.572275   4.495736   2.421588   0.000000    10  Al   8.303583   6.572275   4.794076   2.421588   0.000000    11  Al   8.973601   7.786842   6.572275   4.495736   2.421588    12  Al   9.588152   8.973601   8.303583   6.572275   4.794076                   11         12    11  Al   0.000000    12  Al   2.421588   0.000000<module cmlx:lineCount="6" cmlx:templateRef="l202.stoich"><list cmlx:templateRef="stoich"><scalar dataType="xsd:string" dictRef="cc:formula">Al12</scalar></list><list cmlx:templateRef="framework"><scalar dataType="xsd:string" dictRef="cc:frameworkgroup">D6H[3C2'(Al.Al),3C2"(Al.Al)]</scalar></list> Full point group                 D6H Largest Abelian subgroup         D2H     NOp   8 Largest concise Abelian subgroup D2      NOp   4</module><module cmlx:lineCount="18" cmlx:templateRef="l202.orient"><list cmlx:templateRef="type"><scalar dataType="xsd:string" dictRef="g:type">Standard</scalar></list><list cmlx:lineCount="12" cmlx:templateRef="atom"><array dataType="xsd:integer" dictRef="cc:serial" size="12">1 2 3 4 5 6 7 8 9 10 11 12</array><array dataType="xsd:integer" dictRef="cc:elementType" size="12">13 13 13 13 13 13 13 13 13 13 13 13</array><array dataType="xsd:integer" dictRef="g:atomicType" size="12">0 0 0 0 0 0 0 0 0 0 0 0</array><array dataType="xsd:double" dictRef="cc:x3" size="12">0.0 2.397038 3.893421 4.794076 3.893421 2.397038 0.0 -2.397038 -3.893421 -4.794076 -3.893421 -2.397038</array><array dataType="xsd:double" dictRef="cc:y3" size="12">4.495736 4.151792 2.247868 0.0 -2.247868 -4.151792 -4.495736 -4.151792 -2.247868 0.0 2.247868 4.151792</array><array dataType="xsd:double" dictRef="cc:z3" size="12">0.0 0.0 0.0 0.0 0.0 0.0 0.0 0.0 0.0 0.0 0.0 0.0</array></list></module><module cmlx:lineCount="1" cmlx:templateRef="l202.rotconst"/><module cmlx:lineCount="16" cmlx:templateRef="l301.basis"><list cmlx:templateRef="basis"><list><scalar dataType="xsd:string" dictRef="cc:basis">6-31G(d)</scalar><scalar dataType="xsd:string" dictRef="cc:diffuse">(6D, 7F)</scalar></list></list><list cmlx:templateRef="symmadapt"><list><scalar dataType="xsd:integer" dictRef="cc:adapted">48</scalar><scalar dataType="xsd:string" dictRef="cc:symm">AG</scalar></list><list><scalar dataType="xsd:integer" dictRef="cc:adapted">36</scalar><scalar dataType="xsd:string" dictRef="cc:symm">B1G</scalar></list><list><scalar dataType="xsd:integer" dictRef="cc:adapted">15</scalar><scalar dataType="xsd:string" dictRef="cc:symm">B2G</scalar></list><list><scalar dataType="xsd:integer" dictRef="cc:adapted">15</scalar><scalar dataType="xsd:string" dictRef="cc:symm">B3G</scalar></list><list><scalar dataType="xsd:integer" dictRef="cc:adapted">12</scalar><scalar dataType="xsd:string" dictRef="cc:symm">AU</scalar></list><list><scalar dataType="xsd:integer" dictRef="cc:adapted">18</scalar><scalar dataType="xsd:string" dictRef="cc:symm">B1U</scalar></list><list><scalar dataType="xsd:integer" dictRef="cc:adapted">42</scalar><scalar dataType="xsd:string" dictRef="cc:symm">B2U</scalar></list><list><scalar dataType="xsd:integer" dictRef="cc:adapted">42</scalar><scalar dataType="xsd:string" dictRef="cc:symm">B3U</scalar></list></list><list cmlx:templateRef="buffer"><scalar dataType="xsd:integer" dictRef="g:buffer">131072</scalar></list><list cmlx:templateRef="raff"><scalar dataType="xsd:string" dictRef="g:raffenetti">Raffenetti</scalar></list><list cmlx:templateRef="twoe"><scalar dataType="xsd:string" dictRef="g:twoe">Two-electron</scalar></list><list cmlx:templateRef="basiscount"><list><scalar dataType="xsd:integer" dictRef="cc:basiscount">228</scalar><scalar dataType="xsd:integer" dictRef="g:primbasis">624</scalar><scalar dataType="xsd:integer" dictRef="cc:cartesianbasis">228</scalar></list></list><list cmlx:templateRef="alphabeta"><list><scalar dataType="xsd:integer" dictRef="cc:alphae">78</scalar><scalar dataType="xsd:integer" dictRef="cc:betae">78</scalar></list></list> NAtoms=   12 NActive=   12 NUniq=    2 SFac= 3.00D+00 NAtFMM=   80 NAOKFM=F Big=F</module><module cmlx:lineCount="1" cmlx:templateRef="l302.basis"><list cmlx:templateRef="onee"><scalar dataType="xsd:string" dictRef="g:onee">One-electron integrals</scalar></list></module> NBasis=   228 RedAO= T  NBF=    48    36    15    15    12    18    42    42 NBsUse=   228 1.00D-06 NBFU=    48    36    15    15    12    18    42    42 Initial guess read from the read-write file:<module cmlx:lineCount="1" cmlx:templateRef="l401.orbsym"><list cmlx:templateRef="l401"><scalar dataType="xsd:string" dictRef="g:l401">Initial guess orbital symmetries:</scalar></list></module>       Occupied  (?A) (?A) (?A) (?A) (?A) (?A) (?B) (?A) (?A) (?B)                 (?B) (?A) (?A) (?A) (?A) (?A) (?A) (?A) (?B) (?A)                 (?A) (?B) (?B) (?A) (?A) (?A) (?A) (?A) (?A) (?A)                 (?C) (?C) (?C) (?C) (?C) (?C) (?D) (?C) (?C) (?D)                 (?D) (?C) (?B) (?A) (?A) (?B) (?B) (?A) (A2G)                 (E1U) (E1U) (E2G) (E2G) (B2U) (B1U) (E2G) (E2G)                 (E1U) (E1U) (A2G) (A1G) (E1U) (E1U) (E2G) (E2G)                 (B2U) (B1U) (E2G) (E2G) (E1U) (E1U) (A2G) (A1G)                 (A2U) (E1U) (E1U) (E1G) (E1G)       Virtual   (E2U) (E2U) (E2G) (E2G) (A1G) (B1G) (B2G) (B2U)                 (B1U) (E1U) (E1U) (E2G) (E2G) (E2U) (E2U) (E1G)                 (E1G) (E2G) (E2G) (E1U) (E1U) (A1G) (A2U) (E1U)                 (E1U) (B1U) (B2U) (E2G) (E2G) (A1G) (A2G) (B1U)                 (B2U) (A1G) (A2U) (E1G) (E1G) (E1U) (E1U) (E2G)                 (E2G) (E2G) (E2G) (E1U) (E1U) (E2U) (E2U) (B1G)                 (B2G) (E2G) (E2G) (E1U) (E1U) (E2U) (E2G) (E2G)                 (E2U) (A1G) (B2U) (B1U) (A1U) (E1G) (E1G) (E1U)                 (E1U) (A2U) (E1G) (E1G) (E2G) (E2G) (B1U) (B2U)                 (A2G) (E1U) (E1U) (A2G) (A1G) (E2U) (E2U) (E2G)                 (E2G) (A2U) (E1G) (E1G) (E1U) (E1U) (A1G) (E1U)                 (E1U) (E2U) (E2U) (E2G) (E2G) (B1G) (A1G) (B2G)                 (E1U) (E1U) (B2U) (B1U) (E2G) (E2G) (A2G) (E2U)                 (E2U) (E1U) (E1U) (B2G) (E1G) (E1G) (B1G) (E2G)                 (E2G) (A2U) (E1U) (E1U) (B1U) (?A) (?A) (?A) (B2U)                 (E2U) (E2U) (E1G) (E1G) (A1U) (B2U) (E2G) (E2G)                 (B1U) (E1U) (E1U) (E2G) (E2G) (A2G) (E1U) (E1U)                 (A1G) (A1G) (E1U) (E1U) (E2G) (E2G) (B2U) (B1U)                 (E2G) (E2G) (E1U) (E1U) (A1G) Harris functional with IExCor=  402 diagonalized for initial guess. ExpMin= 5.57D-02 ExpMax= 1.40D+04 ExpMxC= 2.10D+03 IAcc=2 IRadAn=         4 AccDes= 0.00D+00 HarFok:  IExCor= 402 AccDes= 0.00D+00 IRadAn=         4 IDoV=1 ScaDFX=  1.000000  1.000000  1.000000  1.000000 Requested convergence on RMS density matrix=1.00D-08 within 128 cycles. Requested convergence on MAX density matrix=1.00D-06. Requested convergence on             energy=1.00D-06. No special actions if energy rises. Keep R1 integrals in memory in canonical form, NReq=   347900573. Integral accuracy reduced to 1.0D-05 until final iterations. Density matrix breaks symmetry, PCut= 1.00D-04 Density has only Abelian symmetry. Density matrix breaks symmetry, PCut= 1.00D-04 Density has only Abelian symmetry. Density matrix breaks symmetry, PCut= 1.00D-04 Density has only Abelian symmetry. Density matrix breaks symmetry, PCut= 1.00D-04 Density has only Abelian symmetry. Density matrix breaks symmetry, PCut= 1.00D-04 Density has only Abelian symmetry. Density matrix breaks symmetry, PCut= 1.00D-04 Density has only Abelian symmetry. Density matrix breaks symmetry, PCut= 1.00D-04 Density has only Abelian symmetry. Density matrix breaks symmetry, PCut= 1.00D-04 Density has only Abelian symmetry. Initial convergence to 1.0D-05 achieved.  Increase integral accuracy. Density matrix breaks symmetry, PCut= 1.00D-04 Density has only Abelian symmetry. Density matrix breaks symmetry, PCut= 1.00D-04 Density has only Abelian symmetry. Density matrix breaks symmetry, PCut= 1.00D-04 Density has only Abelian symmetry. Density matrix breaks symmetry, PCut= 1.00D-04 Density has only Abelian symmetry. Density matrix breaks symmetry, PCut= 1.00D-04 Density has only Abelian symmetry. Density matrix breaks symmetry, PCut= 1.00D-04 Density has only Abelian symmetry. Density matrix breaks symmetry, PCut= 1.00D-04 Density has only Abelian symmetry. Density matrix breaks symmetry, PCut= 1.00D-04 Density has only Abelian symmetry. Density matrix breaks symmetry, PCut= 1.00D-04 Density has only Abelian symmetry. Density matrix breaks symmetry, PCut= 1.00D-04 Density has only Abelian symmetry. SCF Done:  E(RB+HF-LYP) =  -2908.94596110     A.U. after   17 cycles             Convg  =    0.5311D-08             -V/T =  2.0038             S**2   =   0.0000 Density matrix has only Abelian symmetry. Density matrix has only Abelian symmetry. ***** Axes restored to original set *****<module cmlx:lineCount="18" cmlx:templateRef="forces"><list cmlx:templateRef="force"><list><scalar dataType="xsd:integer" dictRef="x:serial">1</scalar><scalar dataType="xsd:integer" dictRef="x:elementType">13</scalar><scalar dataType="xsd:double" dictRef="x:x3">0.00724334</scalar><scalar dataType="xsd:double" dictRef="x:y3">0.0</scalar><scalar dataType="xsd:double" dictRef="x:z3">0.0</scalar></list><list><scalar dataType="xsd:integer" dictRef="x:serial">2</scalar><scalar dataType="xsd:integer" dictRef="x:elementType">13</scalar><scalar dataType="xsd:double" dictRef="x:x3">-0.007247352</scalar><scalar dataType="xsd:double" dictRef="x:y3">0.004172744</scalar><scalar dataType="xsd:double" dictRef="x:z3">0.0</scalar></list><list><scalar dataType="xsd:integer" dictRef="x:serial">3</scalar><scalar dataType="xsd:integer" dictRef="x:elementType">13</scalar><scalar dataType="xsd:double" dictRef="x:x3">0.003564479</scalar><scalar dataType="xsd:double" dictRef="x:y3">-0.006210717</scalar><scalar dataType="xsd:double" dictRef="x:z3">0.0</scalar></list><list><scalar dataType="xsd:integer" dictRef="x:serial">4</scalar><scalar dataType="xsd:integer" dictRef="x:elementType">13</scalar><scalar dataType="xsd:double" dictRef="x:x3">0.0</scalar><scalar dataType="xsd:double" dictRef="x:y3">0.008387342</scalar><scalar dataType="xsd:double" dictRef="x:z3">0.0</scalar></list><list><scalar dataType="xsd:integer" dictRef="x:serial">5</scalar><scalar dataType="xsd:integer" dictRef="x:elementType">13</scalar><scalar dataType="xsd:double" dictRef="x:x3">-0.003564479</scalar><scalar dataType="xsd:double" dictRef="x:y3">-0.006210717</scalar><scalar dataType="xsd:double" dictRef="x:z3">0.0</scalar></list><list><scalar dataType="xsd:integer" dictRef="x:serial">6</scalar><scalar dataType="xsd:integer" dictRef="x:elementType">13</scalar><scalar dataType="xsd:double" dictRef="x:x3">0.007247352</scalar><scalar dataType="xsd:double" dictRef="x:y3">0.004172744</scalar><scalar dataType="xsd:double" dictRef="x:z3">0.0</scalar></list><list><scalar dataType="xsd:integer" dictRef="x:serial">7</scalar><scalar dataType="xsd:integer" dictRef="x:elementType">13</scalar><scalar dataType="xsd:double" dictRef="x:x3">-0.00724334</scalar><scalar dataType="xsd:double" dictRef="x:y3">0.0</scalar><scalar dataType="xsd:double" dictRef="x:z3">0.0</scalar></list><list><scalar dataType="xsd:integer" dictRef="x:serial">8</scalar><scalar dataType="xsd:integer" dictRef="x:elementType">13</scalar><scalar dataType="xsd:double" dictRef="x:x3">0.007247352</scalar><scalar dataType="xsd:double" dictRef="x:y3">-0.004172744</scalar><scalar dataType="xsd:double" dictRef="x:z3">0.0</scalar></list><list><scalar dataType="xsd:integer" dictRef="x:serial">9</scalar><scalar dataType="xsd:integer" dictRef="x:elementType">13</scalar><scalar dataType="xsd:double" dictRef="x:x3">-0.003564479</scalar><scalar dataType="xsd:double" dictRef="x:y3">0.006210717</scalar><scalar dataType="xsd:double" dictRef="x:z3">0.0</scalar></list><list><scalar dataType="xsd:integer" dictRef="x:serial">10</scalar><scalar dataType="xsd:integer" dictRef="x:elementType">13</scalar><scalar dataType="xsd:double" dictRef="x:x3">0.0</scalar><scalar dataType="xsd:double" dictRef="x:y3">-0.008387342</scalar><scalar dataType="xsd:double" dictRef="x:z3">0.0</scalar></list><list><scalar dataType="xsd:integer" dictRef="x:serial">11</scalar><scalar dataType="xsd:integer" dictRef="x:elementType">13</scalar><scalar dataType="xsd:double" dictRef="x:x3">0.003564479</scalar><scalar dataType="xsd:double" dictRef="x:y3">0.006210717</scalar><scalar dataType="xsd:double" dictRef="x:z3">0.0</scalar></list><list><scalar dataType="xsd:integer" dictRef="x:serial">12</scalar><scalar dataType="xsd:integer" dictRef="x:elementType">13</scalar><scalar dataType="xsd:double" dictRef="x:x3">-0.007247352</scalar><scalar dataType="xsd:double" dictRef="x:y3">-0.004172744</scalar><scalar dataType="xsd:double" dictRef="x:z3">0.0</scalar></list></list><list cmlx:templateRef="cartesianforce"><list><scalar dataType="xsd:double" dictRef="cc:maxforce">0.008387342</scalar><scalar dataType="xsd:double" dictRef="cc:rmsforce">0.00450458</scalar></list></list></module><module cmlx:lineCount="170" cmlx:templateRef="l103" xmlns:xi="http://www.w3.org/2001/XInclude"><list cmlx:templateRef="berny"><scalar dataType="xsd:string" dictRef="g:optimization">Internal  Forces:  Max     0.005549165 RMS     0.002076125</scalar></list> Search for a local minimum. Step number  22 out of a maximum of 100 All quantities printed in internal units (Hartrees-Bohrs-Radians) Update second derivatives using D2CorX and points 21 22<module cmlx:lineCount="1" cmlx:templateRef="l103.trust"> Trust test= 8.83D-01 RLast= 9.92D-01 DXMaxT set to 1.00D+00</module>     Eigenvalues ---   -0.01788   0.02126   0.03156   0.03156   0.03391     Eigenvalues ---    0.03894   0.04365   0.04365   0.05469   0.05469     Eigenvalues ---    0.07281   0.10918   0.10918   0.13596   0.13596     Eigenvalues ---    0.15114   0.22453   0.22627   0.22627   0.81464     Eigenvalues ---    0.81464   0.98551   0.98552   1.18012   1.66365     Eigenvalues ---    2.18688   2.18693   2.83773   2.83773   2.98310     Eigenvalues --- 1000.000001000.000001000.000001000.000001000.00000     Eigenvalues --- 1000.000001000.000001000.000001000.000001000.00000     Eigenvalues --- 1000.000001000.000001000.000001000.000001000.00000     Eigenvalues --- 1000.000001000.000001000.000001000.000001000.00000     Eigenvalues --- 1000.000001000.000001000.000001000.000001000.00000     Eigenvalues --- 1000.000001000.000001000.000001000.000001000.00000     Eigenvalues --- 1000.000001000.000001000.000001000.000001000.00000     Eigenvalues --- 1000.000001000.000001000.000001000.000001000.00000     Eigenvalues --- 1000.000001000.000001000.000001000.000001000.00000     Eigenvalues --- 1000.000001000.000001000.000001000.000001000.00000     Eigenvalues --- 1000.000001000.000001000.000001000.000001000.00000     Eigenvalues --- 1000.000001000.000001000.000001000.000001000.00000     Eigenvalues --- 1000.000001000.000001000.000001000.000001000.00000     Eigenvalues --- 1000.000001000.000001000.000001000.000001000.00000     Eigenvalues --- 1000.000001000.000001000.000001000.000001000.00000     Eigenvalues --- 1000.000001000.000001000.000001000.000001000.00000     Eigenvalues --- 1000.000001000.000001000.000001000.000001000.00000     Eigenvalues --- 1000.000001000.000001000.000001000.000001000.00000 RFO step:  Lambda=-3.33730553D-02. Skip linear search -- no minimum in search direction. Maximum step size (   1.000) exceeded in Quadratic search.    -- Step size scaled by   0.681 Iteration  1 RMS(Cart)=  0.06605791 RMS(Int)=  0.01392444 Iteration  2 RMS(Cart)=  0.01087223 RMS(Int)=  0.00645053 Iteration  3 RMS(Cart)=  0.00011233 RMS(Int)=  0.00644898 Iteration  4 RMS(Cart)=  0.00000101 RMS(Int)=  0.00644898 Iteration  5 RMS(Cart)=  0.00000001 RMS(Int)=  0.00644898<module cmlx:lineCount="122" cmlx:templateRef="l103.deltas"><list cmlx:lineCount="120" cmlx:templateRef="delta"><array dataType="xsd:string" dictRef="cc:variable" size="120">R1 R2 R3 R4 R5 R6 R7 R8 R9 R10 R11 R12 R13 R14 R15 R16 R17 R18 R19 R20 R21 R22 R23 R24 A1 A2 A3 A4 A5 A6 A7 A8 A9 A10 A11 A12 A13 A14 A15 A16 A17 A18 A19 A20 A21 A22 A23 A24 A25 A26 A27 A28 A29 A30 A31 A32 A33 A34 A35 A36 D1 D2 D3 D4 D5 D6 D7 D8 D9 D10 D11 D12 D13 D14 D15 D16 D17 D18 D19 D20 D21 D22 D23 D24 D25 D26 D27 D28 D29 D30 D31 D32 D33 D34 D35 D36 D37 D38 D39 D40 D41 D42 D43 D44 D45 D46 D47 D48 D49 D50 D51 D52 D53 D54 D55 D56 D57 D58 D59 D60</array><array dataType="xsd:double" dictRef="g:lastval" size="120">4.57614 8.49571 8.49571 4.57614 4.57614 9.05949 9.05949 4.57614 8.49571 4.57614 9.05949 4.57614 8.49571 4.57614 9.05949 4.57614 8.49571 4.57614 9.05949 4.57614 8.49571 4.57614 9.05949 4.57614 2.47548 2.0944 2.47548 2.23691 2.23691 2.0944 2.47548 2.0944 2.47548 2.23691 2.0944 2.23691 2.47548 2.0944 2.47548 2.23691 2.0944 2.23691 2.47548 2.0944 2.47548 2.23691 2.0944 2.23691 2.47548 2.0944 2.47548 2.23691 2.0944 2.23691 2.0944 2.47548 2.47548 2.23691 2.0944 2.23691 0.0 0.0 0.0 0.0 0.0 0.0 0.0 0.0 0.0 0.0 0.0 0.0 0.0 0.0 0.0 0.0 0.0 0.0 0.0 0.0 0.0 0.0 0.0 0.0 0.0 0.0 0.0 0.0 0.0 0.0 0.0 0.0 0.0 0.0 0.0 0.0 0.0 0.0 0.0 0.0 0.0 0.0 0.0 0.0 0.0 0.0 0.0 0.0 0.0 0.0 0.0 0.0 0.0 0.0 0.0 0.0 0.0 0.0 0.0 0.0</array><array dataType="xsd:double" dictRef="cc:deriv" size="120">0.00126 -0.00554 -0.00554 0.00126 0.00127 0.00553 0.00555 0.00128 -0.00554 0.00128 0.00553 0.00127 -0.00554 0.00126 0.00555 0.00126 -0.00554 0.00127 0.00553 0.00128 -0.00554 0.00128 0.00553 0.00127 0.00237 5.0E-5 0.00237 -0.00233 -0.00229 2.0E-5 0.0023 -3.0E-5 0.00229 -0.00234 -3.0E-5 -0.00234 0.00229 -3.0E-5 0.0023 -0.00233 2.0E-5 -0.00229 0.00237 5.0E-5 0.00237 -0.00229 2.0E-5 -0.00233 0.0023 -3.0E-5 0.00229 -0.00234 -3.0E-5 -0.00234 -3.0E-5 0.0023 0.00229 -0.00233 2.0E-5 -0.00229 0.0 0.0 0.0 0.0 0.0 0.0 0.0 0.0 0.0 0.0 0.0 0.0 0.0 0.0 0.0 0.0 0.0 0.0 0.0 0.0 0.0 0.0 0.0 0.0 0.0 0.0 0.0 0.0 0.0 0.0 0.0 0.0 0.0 0.0 0.0 0.0 0.0 0.0 0.0 0.0 0.0 0.0 0.0 0.0 0.0 0.0 0.0 0.0 0.0 0.0 0.0 0.0 0.0 0.0 0.0 0.0 0.0 0.0 0.0 0.0</array><array dataType="xsd:double" dictRef="cc:delta.linear" size="120">0.0 0.0 0.0 0.0 0.0 0.0 0.0 0.0 0.0 0.0 0.0 0.0 0.0 0.0 0.0 0.0 0.0 0.0 0.0 0.0 0.0 0.0 0.0 0.0 0.0 0.0 0.0 0.0 0.0 0.0 0.0 0.0 0.0 0.0 0.0 0.0 0.0 0.0 0.0 0.0 0.0 0.0 0.0 0.0 0.0 0.0 0.0 0.0 0.0 0.0 0.0 0.0 0.0 0.0 0.0 0.0 0.0 0.0 0.0 0.0 0.0 0.0 0.0 0.0 0.0 0.0 0.0 0.0 0.0 0.0 0.0 0.0 0.0 0.0 0.0 0.0 0.0 0.0 0.0 0.0 0.0 0.0 0.0 0.0 0.0 0.0 0.0 0.0 0.0 0.0 0.0 0.0 0.0 0.0 0.0 0.0 0.0 0.0 0.0 0.0 0.0 0.0 0.0 0.0 0.0 0.0 0.0 0.0 0.0 0.0 0.0 0.0 0.0 0.0 0.0 0.0 0.0 0.0 0.0 0.0</array><array dataType="xsd:double" dictRef="cc:delta.quad" size="120">0.05352 -0.24873 -0.24873 0.05352 0.05353 0.23895 0.23902 0.05354 -0.24924 0.05354 0.23895 0.05353 -0.24873 0.05352 0.23902 0.05352 -0.24873 0.05353 0.23895 0.05354 -0.24924 0.05354 0.23895 0.05353 0.10246 2.0E-4 0.10246 -0.10224 -0.10216 1.3E-4 0.10232 -1.0E-4 0.10216 -0.10255 -2.6E-4 -0.10255 0.10216 -1.0E-4 0.10232 -0.10224 1.3E-4 -0.10216 0.10246 2.0E-4 0.10246 -0.10216 1.3E-4 -0.10224 0.10232 -1.0E-4 0.10216 -0.10255 -2.6E-4 -0.10255 -1.0E-4 0.10232 0.10216 -0.10224 1.3E-4 -0.10216 0.0 0.0 0.0 0.0 0.0 0.0 0.0 0.0 0.0 0.0 0.0 0.0 0.0 0.0 0.0 0.0 0.0 0.0 0.0 0.0 0.0 0.0 0.0 0.0 0.0 0.0 0.0 0.0 0.0 0.0 0.0 0.0 0.0 0.0 0.0 0.0 0.0 0.0 0.0 0.0 0.0 0.0 0.0 0.0 0.0 0.0 0.0 0.0 0.0 0.0 0.0 0.0 0.0 0.0 0.0 0.0 0.0 0.0 0.0 0.0</array><array dataType="xsd:double" dictRef="cc:delta.total" size="120">0.07048 -0.25395 -0.25395 0.07048 0.07048 0.22503 0.22503 0.07048 -0.25395 0.07048 0.22503 0.07048 -0.25395 0.07048 0.22503 0.07048 -0.25395 0.07048 0.22503 0.07048 -0.25395 0.07048 0.22503 0.07048 0.09921 0.0 0.09921 -0.09921 -0.09921 0.0 0.09921 0.0 0.09921 -0.09921 0.0 -0.09921 0.09921 0.0 0.09921 -0.09921 0.0 -0.09921 0.09921 0.0 0.09921 -0.09921 0.0 -0.09921 0.09921 0.0 0.09921 -0.09921 0.0 -0.09921 0.0 0.09921 0.09921 -0.09921 0.0 -0.09921 0.0 0.0 0.0 0.0 0.0 0.0 0.0 0.0 0.0 0.0 0.0 0.0 0.0 0.0 0.0 0.0 0.0 0.0 0.0 0.0 0.0 0.0 0.0 0.0 0.0 0.0 0.0 0.0 0.0 0.0 0.0 0.0 0.0 0.0 0.0 0.0 0.0 0.0 0.0 0.0 0.0 0.0 0.0 0.0 0.0 0.0 0.0 0.0 0.0 0.0 0.0 0.0 0.0 0.0 0.0 0.0 0.0 0.0 0.0 0.0</array><array dataType="xsd:double" dictRef="cc:newval" size="120">4.64661 8.24176 8.24176 4.64661 4.64661 9.28452 9.28452 4.64661 8.24176 4.64661 9.28452 4.64661 8.24176 4.64661 9.28452 4.64661 8.24176 4.64661 9.28452 4.64661 8.24176 4.64661 9.28452 4.64661 2.57469 2.0944 2.57469 2.13769 2.13769 2.0944 2.57469 2.0944 2.57469 2.13769 2.0944 2.13769 2.57469 2.0944 2.57469 2.13769 2.0944 2.13769 2.57469 2.0944 2.57469 2.13769 2.0944 2.13769 2.57469 2.0944 2.57469 2.13769 2.0944 2.13769 2.0944 2.57469 2.57469 2.13769 2.0944 2.13769 0.0 0.0 0.0 0.0 0.0 0.0 0.0 0.0 0.0 0.0 0.0 0.0 0.0 0.0 0.0 0.0 0.0 0.0 0.0 0.0 0.0 0.0 0.0 0.0 0.0 0.0 0.0 0.0 0.0 0.0 0.0 0.0 0.0 0.0 0.0 0.0 0.0 0.0 0.0 0.0 0.0 0.0 0.0 0.0 0.0 0.0 0.0 0.0 0.0 0.0 0.0 0.0 0.0 0.0 0.0 0.0 0.0 0.0 0.0 0.0</array></list></module><module cmlx:lineCount="5" cmlx:templateRef="l103.itemconverge"><list cmlx:lineCount="4" cmlx:templateRef="components"><array dataType="xsd:string" dictRef="g:itemconverge"/><array dataType="xsd:double" dictRef="x:value" size="4">4.5E-4 3.0E-4 0.0018 0.0012</array><array dataType="xsd:double" dictRef="x:threshold" size="4">0.0 0.0 0.0 0.0</array><array dataType="xsd:string" dictRef="g:converged" size="4">NO NO NO NO</array></list></module> Predicted change in Energy=-2.993704D-02 GradGradGradGradGradGradGradGradGradGradGradGradGradGradGradGradGradGrad</module><module cmlx:lineCount="18" cmlx:templateRef="l202.orient"><list cmlx:templateRef="type"><scalar dataType="xsd:string" dictRef="g:type">Input</scalar></list><list cmlx:lineCount="12" cmlx:templateRef="atom"><array dataType="xsd:integer" dictRef="cc:serial" size="12">1 2 3 4 5 6 7 8 9 10 11 12</array><array dataType="xsd:integer" dictRef="cc:elementType" size="12">13 13 13 13 13 13 13 13 13 13 13 13</array><array dataType="xsd:integer" dictRef="g:atomicType" size="12">0 0 0 0 0 0 0 0 0 0 0 0</array><array dataType="xsd:double" dictRef="cc:x3" size="12">-4.361353 -4.254917 -2.180676 0.0 2.180676 4.254917 4.361353 4.254917 2.180676 0.0 -2.180676 -4.254917</array><array dataType="xsd:double" dictRef="cc:y3" size="12">0.0 2.456577 3.777042 4.913155 3.777042 2.456577 0.0 -2.456577 -3.777042 -4.913155 -3.777042 -2.456577</array><array dataType="xsd:double" dictRef="cc:z3" size="12">0.0 0.0 0.0 0.0 0.0 0.0 0.0 0.0 0.0 0.0 0.0 0.0</array></list></module><module cmlx:lineCount="14" cmlx:templateRef="l202.distmat"><list cmlx:templateRef="atom"><list><scalar dataType="xsd:integer" dictRef="cc:serial">1</scalar><scalar dataType="xsd:string" dictRef="cc:elementType">Al</scalar><scalar dataType="xsd:string" dictRef="cc:distances">0.000000</scalar></list><list><scalar dataType="xsd:integer" dictRef="cc:serial">2</scalar><scalar dataType="xsd:string" dictRef="cc:elementType">Al</scalar><scalar dataType="xsd:string" dictRef="cc:distances">2.458882   0.000000</scalar></list><list><scalar dataType="xsd:integer" dictRef="cc:serial">3</scalar><scalar dataType="xsd:string" dictRef="cc:elementType">Al</scalar><scalar dataType="xsd:string" dictRef="cc:distances">4.361353   2.458882   0.000000</scalar></list><list><scalar dataType="xsd:integer" dictRef="cc:serial">4</scalar><scalar dataType="xsd:string" dictRef="cc:elementType">Al</scalar><scalar dataType="xsd:string" dictRef="cc:distances">6.569664   4.913155   2.458882   0.000000</scalar></list><list><scalar dataType="xsd:integer" dictRef="cc:serial">5</scalar><scalar dataType="xsd:string" dictRef="cc:elementType">Al</scalar><scalar dataType="xsd:string" dictRef="cc:distances">7.554084   6.569664   4.361353   2.458882   0.000000</scalar></list><list><scalar dataType="xsd:integer" dictRef="cc:serial">6</scalar><scalar dataType="xsd:string" dictRef="cc:elementType">Al</scalar><scalar dataType="xsd:string" dictRef="cc:distances">8.959625   8.509834   6.569664   4.913155   2.458882</scalar></list><list><scalar dataType="xsd:integer" dictRef="cc:serial">7</scalar><scalar dataType="xsd:string" dictRef="cc:elementType">Al</scalar><scalar dataType="xsd:string" dictRef="cc:distances">8.722705   8.959625   7.554084   6.569664   4.361353</scalar></list><list><scalar dataType="xsd:integer" dictRef="cc:serial">8</scalar><scalar dataType="xsd:string" dictRef="cc:elementType">Al</scalar><scalar dataType="xsd:string" dictRef="cc:distances">8.959625   9.826310   8.959625   8.509834   6.569664</scalar></list><list><scalar dataType="xsd:integer" dictRef="cc:serial">9</scalar><scalar dataType="xsd:string" dictRef="cc:elementType">Al</scalar><scalar dataType="xsd:string" dictRef="cc:distances">7.554084   8.959625   8.722705   8.959625   7.554084</scalar></list><list><scalar dataType="xsd:integer" dictRef="cc:serial">10</scalar><scalar dataType="xsd:string" dictRef="cc:elementType">Al</scalar><scalar dataType="xsd:string" dictRef="cc:distances">6.569664   8.509834   8.959625   9.826310   8.959625</scalar></list><list><scalar dataType="xsd:integer" dictRef="cc:serial">11</scalar><scalar dataType="xsd:string" dictRef="cc:elementType">Al</scalar><scalar dataType="xsd:string" dictRef="cc:distances">4.361353   6.569664   7.554084   8.959625   8.722705</scalar></list><list><scalar dataType="xsd:integer" dictRef="cc:serial">12</scalar><scalar dataType="xsd:string" dictRef="cc:elementType">Al</scalar><scalar dataType="xsd:string" dictRef="cc:distances">2.458882   4.913155   6.569664   8.509834   8.959625</scalar></list></list></module>                    6          7          8          9         10     6  Al   0.000000     7  Al   2.458882   0.000000     8  Al   4.913155   2.458882   0.000000     9  Al   6.569664   4.361353   2.458882   0.000000    10  Al   8.509834   6.569664   4.913155   2.458882   0.000000    11  Al   8.959625   7.554084   6.569664   4.361353   2.458882    12  Al   9.826310   8.959625   8.509834   6.569664   4.913155                   11         12    11  Al   0.000000    12  Al   2.458882   0.000000<module cmlx:lineCount="6" cmlx:templateRef="l202.stoich"><list cmlx:templateRef="stoich"><scalar dataType="xsd:string" dictRef="cc:formula">Al12</scalar></list><list cmlx:templateRef="framework"><scalar dataType="xsd:string" dictRef="cc:frameworkgroup">D6H[3C2'(Al.Al),3C2"(Al.Al)]</scalar></list> Full point group                 D6H Largest Abelian subgroup         D2H     NOp   8 Largest concise Abelian subgroup D2      NOp   4</module><module cmlx:lineCount="18" cmlx:templateRef="l202.orient"><list cmlx:templateRef="type"><scalar dataType="xsd:string" dictRef="g:type">Standard</scalar></list><list cmlx:lineCount="12" cmlx:templateRef="atom"><array dataType="xsd:integer" dictRef="cc:serial" size="12">1 2 3 4 5 6 7 8 9 10 11 12</array><array dataType="xsd:integer" dictRef="cc:elementType" size="12">13 13 13 13 13 13 13 13 13 13 13 13</array><array dataType="xsd:integer" dictRef="g:atomicType" size="12">0 0 0 0 0 0 0 0 0 0 0 0</array><array dataType="xsd:double" dictRef="cc:x3" size="12">0.0 2.456577 3.777042 4.913155 3.777042 2.456577 0.0 -2.456577 -3.777042 -4.913155 -3.777042 -2.456577</array><array dataType="xsd:double" dictRef="cc:y3" size="12">4.361353 4.254917 2.180676 0.0 -2.180676 -4.254917 -4.361353 -4.254917 -2.180676 0.0 2.180676 4.254917</array><array dataType="xsd:double" dictRef="cc:z3" size="12">0.0 0.0 0.0 0.0 0.0 0.0 0.0 0.0 0.0 0.0 0.0 0.0</array></list></module><module cmlx:lineCount="1" cmlx:templateRef="l202.rotconst"/><module cmlx:lineCount="16" cmlx:templateRef="l301.basis"><list cmlx:templateRef="basis"><list><scalar dataType="xsd:string" dictRef="cc:basis">6-31G(d)</scalar><scalar dataType="xsd:string" dictRef="cc:diffuse">(6D, 7F)</scalar></list></list><list cmlx:templateRef="symmadapt"><list><scalar dataType="xsd:integer" dictRef="cc:adapted">48</scalar><scalar dataType="xsd:string" dictRef="cc:symm">AG</scalar></list><list><scalar dataType="xsd:integer" dictRef="cc:adapted">36</scalar><scalar dataType="xsd:string" dictRef="cc:symm">B1G</scalar></list><list><scalar dataType="xsd:integer" dictRef="cc:adapted">15</scalar><scalar dataType="xsd:string" dictRef="cc:symm">B2G</scalar></list><list><scalar dataType="xsd:integer" dictRef="cc:adapted">15</scalar><scalar dataType="xsd:string" dictRef="cc:symm">B3G</scalar></list><list><scalar dataType="xsd:integer" dictRef="cc:adapted">12</scalar><scalar dataType="xsd:string" dictRef="cc:symm">AU</scalar></list><list><scalar dataType="xsd:integer" dictRef="cc:adapted">18</scalar><scalar dataType="xsd:string" dictRef="cc:symm">B1U</scalar></list><list><scalar dataType="xsd:integer" dictRef="cc:adapted">42</scalar><scalar dataType="xsd:string" dictRef="cc:symm">B2U</scalar></list><list><scalar dataType="xsd:integer" dictRef="cc:adapted">42</scalar><scalar dataType="xsd:string" dictRef="cc:symm">B3U</scalar></list></list><list cmlx:templateRef="buffer"><scalar dataType="xsd:integer" dictRef="g:buffer">131072</scalar></list><list cmlx:templateRef="raff"><scalar dataType="xsd:string" dictRef="g:raffenetti">Raffenetti</scalar></list><list cmlx:templateRef="twoe"><scalar dataType="xsd:string" dictRef="g:twoe">Two-electron</scalar></list><list cmlx:templateRef="basiscount"><list><scalar dataType="xsd:integer" dictRef="cc:basiscount">228</scalar><scalar dataType="xsd:integer" dictRef="g:primbasis">624</scalar><scalar dataType="xsd:integer" dictRef="cc:cartesianbasis">228</scalar></list></list><list cmlx:templateRef="alphabeta"><list><scalar dataType="xsd:integer" dictRef="cc:alphae">78</scalar><scalar dataType="xsd:integer" dictRef="cc:betae">78</scalar></list></list> NAtoms=   12 NActive=   12 NUniq=    2 SFac= 3.00D+00 NAtFMM=   80 NAOKFM=F Big=F</module><module cmlx:lineCount="1" cmlx:templateRef="l302.basis"><list cmlx:templateRef="onee"><scalar dataType="xsd:string" dictRef="g:onee">One-electron integrals</scalar></list></module> NBasis=   228 RedAO= T  NBF=    48    36    15    15    12    18    42    42 NBsUse=   228 1.00D-06 NBFU=    48    36    15    15    12    18    42    42 Initial guess read from the read-write file:<module cmlx:lineCount="1" cmlx:templateRef="l401.orbsym"><list cmlx:templateRef="l401"><scalar dataType="xsd:string" dictRef="g:l401">Initial guess orbital symmetries:</scalar></list></module>       Occupied  (?A) (?A) (?A) (?A) (?A) (?A) (?B) (?A) (?B) (?A)                 (?A) (?B) (?A) (?A) (?A) (?A) (?A) (?A) (?B) (?A)                 (?A) (?B) (?B) (?A) (?A) (?A) (?A) (?A) (?A) (?A)                 (?C) (?C) (?C) (?C) (?C) (?C) (A2G) (E1U) (E1U)                 (E2G) (E2G) (B2U) (?D) (?C) (?C) (?D) (?C) (?D)                 (?A) (?B) (?B) (?A) (?A) (?B) (B1U) (E2G) (E2G)                 (E1U) (E1U) (A2G) (A1G) (E1U) (E1U) (E2G) (E2G)                 (B2U) (B1U) (E2G) (E2G) (E1U) (E1U) (A2G) (A1G)                 (A2U) (E1U) (E1U) (E1G) (E1G)       Virtual   (E2G) (E2G) (E2U) (E2U) (A1G) (B2U) (B1G) (B2G)                 (E1U) (E1U) (B1U) (E2G) (E2G) (E2U) (E2U) (E1G)                 (E1G) (E2G) (E2G) (E1U) (E1U) (A1G) (A2U) (?A)                 (?A) (?A) (B2U) (E2G) (E2G) (A2G) (A1G) (B1U)                 (B2U) (A1G) (A2U) (E1U) (E1U) (E1G) (E1G) (E2G)                 (E2G) (E1U) (E1U) (E2G) (E2G) (E2U) (E2U) (B1G)                 (B2G) (E1U) (E1U) (A1G) (E2G) (E2G) (E2U) (E2U)                 (B2U) (E2G) (E2G) (E1G) (E1G) (B1U) (A1U) (A2U)                 (E1U) (E1U) (A1G) (E1G) (E1G) (E1U) (E1U) (E2G)                 (E2G) (B1U) (A2G) (B2U) (E2U) (E2U) (A2G) (E1U)                 (E1U) (E2G) (E2G) (E1U) (E1U) (B1G) (A2U) (E1G)                 (E1G) (A1G) (E2G) (E2G) (E2U) (E2U) (B2U) (B2G)                 (A2G) (B1U) (A1G) (E2G) (E2G) (E1U) (E1U) (E2U)                 (E2U) (B2G) (E2G) (E2G) (E1G) (E1G) (E1U) (E1U)                 (A2U) (B1U) (E1U) (E1U) (A1G) (B1G) (E2U) (E2U)                 (E2G) (E2G) (B2U) (E1G) (E1G) (A1U) (B2U) (E2G)                 (E2G) (E1U) (E1U) (A2G) (B1U) (E2G) (E2G) (A1G)                 (E1U) (E1U) (A1G) (E1U) (E1U) (E2G) (E2G) (B2U)                 (B1U) (E2G) (E2G) (E1U) (E1U) (A1G) Harris functional with IExCor=  402 diagonalized for initial guess. ExpMin= 5.57D-02 ExpMax= 1.40D+04 ExpMxC= 2.10D+03 IAcc=2 IRadAn=         4 AccDes= 0.00D+00 HarFok:  IExCor= 402 AccDes= 0.00D+00 IRadAn=         4 IDoV=1 ScaDFX=  1.000000  1.000000  1.000000  1.000000 Requested convergence on RMS density matrix=1.00D-08 within 128 cycles. Requested convergence on MAX density matrix=1.00D-06. Requested convergence on             energy=1.00D-06. No special actions if energy rises. Keep R1 integrals in memory in canonical form, NReq=   347900573. Integral accuracy reduced to 1.0D-05 until final iterations. Density matrix breaks symmetry, PCut= 1.00D-04 Density has only Abelian symmetry. Density matrix breaks symmetry, PCut= 1.00D-04 Density has only Abelian symmetry. Density matrix breaks symmetry, PCut= 1.00D-04 Density has only Abelian symmetry. Density matrix breaks symmetry, PCut= 1.00D-04 Density has only Abelian symmetry. Density matrix breaks symmetry, PCut= 1.00D-04 Density has only Abelian symmetry. Density matrix breaks symmetry, PCut= 1.00D-04 Density has only Abelian symmetry. Density matrix breaks symmetry, PCut= 1.00D-04 Density has only Abelian symmetry. Initial convergence to 1.0D-05 achieved.  Increase integral accuracy. Density matrix breaks symmetry, PCut= 1.00D-04 Density has only Abelian symmetry. Density matrix breaks symmetry, PCut= 1.00D-04 Density has only Abelian symmetry. Density matrix breaks symmetry, PCut= 1.00D-04 Density has only Abelian symmetry. Density matrix breaks symmetry, PCut= 1.00D-04 Density has only Abelian symmetry. Density matrix breaks symmetry, PCut= 1.00D-04 Density has only Abelian symmetry. Density matrix breaks symmetry, PCut= 1.00D-04 Density has only Abelian symmetry. Density matrix breaks symmetry, PCut= 1.00D-04 Density has only Abelian symmetry. Density matrix breaks symmetry, PCut= 1.00D-04 Density has only Abelian symmetry. Density matrix breaks symmetry, PCut= 1.00D-04 Density has only Abelian symmetry. Density matrix breaks symmetry, PCut= 1.00D-04 Density has only Abelian symmetry. SCF Done:  E(RB+HF-LYP) =  -2908.96904243     A.U. after   16 cycles             Convg  =    0.5097D-08             -V/T =  2.0038             S**2   =   0.0000 Density matrix has only Abelian symmetry. Density matrix has only Abelian symmetry. ***** Axes restored to original set *****<module cmlx:lineCount="18" cmlx:templateRef="forces"><list cmlx:templateRef="force"><list><scalar dataType="xsd:integer" dictRef="x:serial">1</scalar><scalar dataType="xsd:integer" dictRef="x:elementType">13</scalar><scalar dataType="xsd:double" dictRef="x:x3">0.006701649</scalar><scalar dataType="xsd:double" dictRef="x:y3">0.0</scalar><scalar dataType="xsd:double" dictRef="x:z3">0.0</scalar></list><list><scalar dataType="xsd:integer" dictRef="x:serial">2</scalar><scalar dataType="xsd:integer" dictRef="x:elementType">13</scalar><scalar dataType="xsd:double" dictRef="x:x3">-0.006609097</scalar><scalar dataType="xsd:double" dictRef="x:y3">0.003813961</scalar><scalar dataType="xsd:double" dictRef="x:z3">0.0</scalar></list><list><scalar dataType="xsd:integer" dictRef="x:serial">3</scalar><scalar dataType="xsd:integer" dictRef="x:elementType">13</scalar><scalar dataType="xsd:double" dictRef="x:x3">0.003327433</scalar><scalar dataType="xsd:double" dictRef="x:y3">-0.005769623</scalar><scalar dataType="xsd:double" dictRef="x:z3">0.0</scalar></list><list><scalar dataType="xsd:integer" dictRef="x:serial">4</scalar><scalar dataType="xsd:integer" dictRef="x:elementType">13</scalar><scalar dataType="xsd:double" dictRef="x:x3">0.0</scalar><scalar dataType="xsd:double" dictRef="x:y3">0.007618232</scalar><scalar dataType="xsd:double" dictRef="x:z3">0.0</scalar></list><list><scalar dataType="xsd:integer" dictRef="x:serial">5</scalar><scalar dataType="xsd:integer" dictRef="x:elementType">13</scalar><scalar dataType="xsd:double" dictRef="x:x3">-0.003327433</scalar><scalar dataType="xsd:double" dictRef="x:y3">-0.005769623</scalar><scalar dataType="xsd:double" dictRef="x:z3">0.0</scalar></list><list><scalar dataType="xsd:integer" dictRef="x:serial">6</scalar><scalar dataType="xsd:integer" dictRef="x:elementType">13</scalar><scalar dataType="xsd:double" dictRef="x:x3">0.006609097</scalar><scalar dataType="xsd:double" dictRef="x:y3">0.003813961</scalar><scalar dataType="xsd:double" dictRef="x:z3">0.0</scalar></list><list><scalar dataType="xsd:integer" dictRef="x:serial">7</scalar><scalar dataType="xsd:integer" dictRef="x:elementType">13</scalar><scalar dataType="xsd:double" dictRef="x:x3">-0.006701649</scalar><scalar dataType="xsd:double" dictRef="x:y3">0.0</scalar><scalar dataType="xsd:double" dictRef="x:z3">0.0</scalar></list><list><scalar dataType="xsd:integer" dictRef="x:serial">8</scalar><scalar dataType="xsd:integer" dictRef="x:elementType">13</scalar><scalar dataType="xsd:double" dictRef="x:x3">0.006609097</scalar><scalar dataType="xsd:double" dictRef="x:y3">-0.003813961</scalar><scalar dataType="xsd:double" dictRef="x:z3">0.0</scalar></list><list><scalar dataType="xsd:integer" dictRef="x:serial">9</scalar><scalar dataType="xsd:integer" dictRef="x:elementType">13</scalar><scalar dataType="xsd:double" dictRef="x:x3">-0.003327433</scalar><scalar dataType="xsd:double" dictRef="x:y3">0.005769623</scalar><scalar dataType="xsd:double" dictRef="x:z3">0.0</scalar></list><list><scalar dataType="xsd:integer" dictRef="x:serial">10</scalar><scalar dataType="xsd:integer" dictRef="x:elementType">13</scalar><scalar dataType="xsd:double" dictRef="x:x3">0.0</scalar><scalar dataType="xsd:double" dictRef="x:y3">-0.007618232</scalar><scalar dataType="xsd:double" dictRef="x:z3">0.0</scalar></list><list><scalar dataType="xsd:integer" dictRef="x:serial">11</scalar><scalar dataType="xsd:integer" dictRef="x:elementType">13</scalar><scalar dataType="xsd:double" dictRef="x:x3">0.003327433</scalar><scalar dataType="xsd:double" dictRef="x:y3">0.005769623</scalar><scalar dataType="xsd:double" dictRef="x:z3">0.0</scalar></list><list><scalar dataType="xsd:integer" dictRef="x:serial">12</scalar><scalar dataType="xsd:integer" dictRef="x:elementType">13</scalar><scalar dataType="xsd:double" dictRef="x:x3">-0.006609097</scalar><scalar dataType="xsd:double" dictRef="x:y3">-0.003813961</scalar><scalar dataType="xsd:double" dictRef="x:z3">0.0</scalar></list></list><list cmlx:templateRef="cartesianforce"><list><scalar dataType="xsd:double" dictRef="cc:maxforce">0.007618232</scalar><scalar dataType="xsd:double" dictRef="cc:rmsforce">0.004137385</scalar></list></list></module><module cmlx:lineCount="168" cmlx:templateRef="l103" xmlns:xi="http://www.w3.org/2001/XInclude"><list cmlx:templateRef="berny"><scalar dataType="xsd:string" dictRef="g:optimization">Internal  Forces:  Max     0.005152767 RMS     0.001847438</scalar></list> Search for a local minimum. Step number  23 out of a maximum of 100 All quantities printed in internal units (Hartrees-Bohrs-Radians) Update second derivatives using D2CorX and points 22 23<module cmlx:lineCount="1" cmlx:templateRef="l103.trust"> Trust test= 7.71D-01 RLast= 9.93D-01 DXMaxT set to 1.00D+00</module>     Eigenvalues ---    0.00318   0.02136   0.03231   0.03231   0.03301     Eigenvalues ---    0.04262   0.04559   0.04559   0.05357   0.05357     Eigenvalues ---    0.07281   0.09816   0.09816   0.11475   0.11476     Eigenvalues ---    0.12772   0.24718   0.24735   0.24736   0.90984     Eigenvalues ---    0.90984   0.97249   0.97250   1.05405   1.87538     Eigenvalues ---    2.27569   2.27573   2.83619   2.83619   2.97228     Eigenvalues --- 1000.000001000.000001000.000001000.000001000.00000     Eigenvalues --- 1000.000001000.000001000.000001000.000001000.00000     Eigenvalues --- 1000.000001000.000001000.000001000.000001000.00000     Eigenvalues --- 1000.000001000.000001000.000001000.000001000.00000     Eigenvalues --- 1000.000001000.000001000.000001000.000001000.00000     Eigenvalues --- 1000.000001000.000001000.000001000.000001000.00000     Eigenvalues --- 1000.000001000.000001000.000001000.000001000.00000     Eigenvalues --- 1000.000001000.000001000.000001000.000001000.00000     Eigenvalues --- 1000.000001000.000001000.000001000.000001000.00000     Eigenvalues --- 1000.000001000.000001000.000001000.000001000.00000     Eigenvalues --- 1000.000001000.000001000.000001000.000001000.00000     Eigenvalues --- 1000.000001000.000001000.000001000.000001000.00000     Eigenvalues --- 1000.000001000.000001000.000001000.000001000.00000     Eigenvalues --- 1000.000001000.000001000.000001000.000001000.00000     Eigenvalues --- 1000.000001000.000001000.000001000.000001000.00000     Eigenvalues --- 1000.000001000.000001000.000001000.000001000.00000     Eigenvalues --- 1000.000001000.000001000.000001000.000001000.00000     Eigenvalues --- 1000.000001000.000001000.000001000.000001000.00000 RFO step:  Lambda=-3.09634346D-05. Quartic linear search produced a step of  0.88248. Iteration  1 RMS(Cart)=  0.06367443 RMS(Int)=  0.01413865 Iteration  2 RMS(Cart)=  0.00849828 RMS(Int)=  0.01065674 Iteration  3 RMS(Cart)=  0.00010102 RMS(Int)=  0.01065598 Iteration  4 RMS(Cart)=  0.00000139 RMS(Int)=  0.01065598 Iteration  5 RMS(Cart)=  0.00000002 RMS(Int)=  0.01065598<module cmlx:lineCount="122" cmlx:templateRef="l103.deltas"><list cmlx:lineCount="120" cmlx:templateRef="delta"><array dataType="xsd:string" dictRef="cc:variable" size="120">R1 R2 R3 R4 R5 R6 R7 R8 R9 R10 R11 R12 R13 R14 R15 R16 R17 R18 R19 R20 R21 R22 R23 R24 A1 A2 A3 A4 A5 A6 A7 A8 A9 A10 A11 A12 A13 A14 A15 A16 A17 A18 A19 A20 A21 A22 A23 A24 A25 A26 A27 A28 A29 A30 A31 A32 A33 A34 A35 A36 D1 D2 D3 D4 D5 D6 D7 D8 D9 D10 D11 D12 D13 D14 D15 D16 D17 D18 D19 D20 D21 D22 D23 D24 D25 D26 D27 D28 D29 D30 D31 D32 D33 D34 D35 D36 D37 D38 D39 D40 D41 D42 D43 D44 D45 D46 D47 D48 D49 D50 D51 D52 D53 D54 D55 D56 D57 D58 D59 D60</array><array dataType="xsd:double" dictRef="g:lastval" size="120">4.64661 8.24176 8.24176 4.64661 4.64661 9.28452 9.28452 4.64661 8.24176 4.64661 9.28452 4.64661 8.24176 4.64661 9.28452 4.64661 8.24176 4.64661 9.28452 4.64661 8.24176 4.64661 9.28452 4.64661 2.57469 2.0944 2.57469 2.13769 2.13769 2.0944 2.57469 2.0944 2.57469 2.13769 2.0944 2.13769 2.57469 2.0944 2.57469 2.13769 2.0944 2.13769 2.57469 2.0944 2.57469 2.13769 2.0944 2.13769 2.57469 2.0944 2.57469 2.13769 2.0944 2.13769 2.0944 2.57469 2.57469 2.13769 2.0944 2.13769 0.0 0.0 0.0 0.0 0.0 0.0 0.0 0.0 0.0 0.0 0.0 0.0 0.0 0.0 0.0 0.0 0.0 0.0 0.0 0.0 0.0 0.0 0.0 0.0 0.0 0.0 0.0 0.0 0.0 0.0 0.0 0.0 0.0 0.0 0.0 0.0 0.0 0.0 0.0 0.0 0.0 0.0 0.0 0.0 0.0 0.0 0.0 0.0 0.0 0.0 0.0 0.0 0.0 0.0 0.0 0.0 0.0 0.0 0.0 0.0</array><array dataType="xsd:double" dictRef="cc:deriv" size="120">0.00183 -0.00515 -0.00515 0.00183 0.00183 0.00444 0.00445 0.00183 -0.00515 0.00183 0.00444 0.00183 -0.00515 0.00183 0.00445 0.00183 -0.00515 0.00183 0.00444 0.00183 -0.00515 0.00183 0.00444 0.00183 0.00198 2.0E-5 0.00198 -0.00196 -0.00195 0.0 0.00194 -1.0E-5 0.00195 -0.00196 -1.0E-5 -0.00196 0.00195 -1.0E-5 0.00194 -0.00196 0.0 -0.00195 0.00198 2.0E-5 0.00198 -0.00195 0.0 -0.00196 0.00194 -1.0E-5 0.00195 -0.00196 -1.0E-5 -0.00196 -1.0E-5 0.00194 0.00195 -0.00196 0.0 -0.00195 0.0 0.0 0.0 0.0 0.0 0.0 0.0 0.0 0.0 0.0 0.0 0.0 0.0 0.0 0.0 0.0 0.0 0.0 0.0 0.0 0.0 0.0 0.0 0.0 0.0 0.0 0.0 0.0 0.0 0.0 0.0 0.0 0.0 0.0 0.0 0.0 0.0 0.0 0.0 0.0 0.0 0.0 0.0 0.0 0.0 0.0 0.0 0.0 0.0 0.0 0.0 0.0 0.0 0.0 0.0 0.0 0.0 0.0 0.0 0.0</array><array dataType="xsd:double" dictRef="cc:delta.linear" size="120">0.06219 -0.2241 -0.2241 0.06219 0.06219 0.19858 0.19858 0.06219 -0.2241 0.06219 0.19858 0.06219 -0.2241 0.06219 0.19858 0.06219 -0.2241 0.06219 0.19858 0.06219 -0.2241 0.06219 0.19858 0.06219 0.08756 0.0 0.08756 -0.08756 -0.08756 0.0 0.08756 0.0 0.08756 -0.08756 0.0 -0.08756 0.08756 0.0 0.08756 -0.08756 0.0 -0.08756 0.08756 0.0 0.08756 -0.08756 0.0 -0.08756 0.08756 0.0 0.08756 -0.08756 0.0 -0.08756 0.0 0.08756 0.08756 -0.08756 0.0 -0.08756 0.0 0.0 0.0 0.0 0.0 0.0 0.0 0.0 0.0 0.0 0.0 0.0 0.0 0.0 0.0 0.0 0.0 0.0 0.0 0.0 0.0 0.0 0.0 0.0 0.0 0.0 0.0 0.0 0.0 0.0 0.0 0.0 0.0 0.0 0.0 0.0 0.0 0.0 0.0 0.0 0.0 0.0 0.0 0.0 0.0 0.0 0.0 0.0 0.0 0.0 0.0 0.0 0.0 0.0 0.0 0.0 0.0 0.0 0.0 0.0</array><array dataType="xsd:double" dictRef="cc:delta.quad" size="120">0.00995 -0.01724 -0.01724 0.00995 0.00995 0.02312 0.02313 0.00994 -0.01701 0.00994 0.02312 0.00995 -0.01724 0.00995 0.02313 0.00995 -0.01724 0.00995 0.02312 0.00994 -0.01701 0.00994 0.02312 0.00995 0.00809 -4.0E-5 0.00809 -0.00814 -0.00814 -4.0E-5 0.00809 2.0E-5 0.00814 -0.00803 7.0E-5 -0.00803 0.00814 2.0E-5 0.00809 -0.00814 -4.0E-5 -0.00814 0.00809 -4.0E-5 0.00809 -0.00814 -4.0E-5 -0.00814 0.00809 2.0E-5 0.00814 -0.00803 7.0E-5 -0.00803 2.0E-5 0.00809 0.00814 -0.00814 -4.0E-5 -0.00814 0.0 0.0 0.0 0.0 0.0 0.0 0.0 0.0 0.0 0.0 0.0 0.0 0.0 0.0 0.0 0.0 0.0 0.0 0.0 0.0 0.0 0.0 0.0 0.0 0.0 0.0 0.0 0.0 0.0 0.0 0.0 0.0 0.0 0.0 0.0 0.0 0.0 0.0 0.0 0.0 0.0 0.0 0.0 0.0 0.0 0.0 0.0 0.0 0.0 0.0 0.0 0.0 0.0 0.0 0.0 0.0 0.0 0.0 0.0 0.0</array><array dataType="xsd:double" dictRef="cc:delta.total" size="120">0.09934 -0.24462 -0.24462 0.09934 0.09934 0.19767 0.19767 0.09934 -0.24462 0.09934 0.19767 0.09934 -0.24462 0.09934 0.19767 0.09934 -0.24462 0.09934 0.19767 0.09934 -0.24462 0.09934 0.19767 0.09934 0.08855 0.0 0.08855 -0.08855 -0.08855 0.0 0.08855 0.0 0.08855 -0.08855 0.0 -0.08855 0.08855 0.0 0.08855 -0.08855 0.0 -0.08855 0.08855 0.0 0.08855 -0.08855 0.0 -0.08855 0.08855 0.0 0.08855 -0.08855 0.0 -0.08855 0.0 0.08855 0.08855 -0.08855 0.0 -0.08855 0.0 0.0 0.0 0.0 0.0 0.0 0.0 0.0 0.0 0.0 0.0 0.0 0.0 0.0 0.0 0.0 0.0 0.0 0.0 0.0 0.0 0.0 0.0 0.0 0.0 0.0 0.0 0.0 0.0 0.0 0.0 0.0 0.0 0.0 0.0 0.0 0.0 0.0 0.0 0.0 0.0 0.0 0.0 0.0 0.0 0.0 0.0 0.0 0.0 0.0 0.0 0.0 0.0 0.0 0.0 0.0 0.0 0.0 0.0 0.0</array><array dataType="xsd:double" dictRef="cc:newval" size="120">4.74595 7.99714 7.99714 4.74595 4.74595 9.48218 9.48218 4.74595 7.99714 4.74595 9.48218 4.74595 7.99714 4.74595 9.48218 4.74595 7.99714 4.74595 9.48218 4.74595 7.99714 4.74595 9.48218 4.74595 2.66324 2.0944 2.66324 2.04915 2.04915 2.0944 2.66324 2.0944 2.66324 2.04915 2.0944 2.04915 2.66324 2.0944 2.66324 2.04915 2.0944 2.04915 2.66324 2.0944 2.66324 2.04915 2.0944 2.04915 2.66324 2.0944 2.66324 2.04915 2.0944 2.04915 2.0944 2.66324 2.66324 2.04915 2.0944 2.04915 0.0 0.0 0.0 0.0 0.0 0.0 0.0 0.0 0.0 0.0 0.0 0.0 0.0 0.0 0.0 0.0 0.0 0.0 0.0 0.0 0.0 0.0 0.0 0.0 0.0 0.0 0.0 0.0 0.0 0.0 0.0 0.0 0.0 0.0 0.0 0.0 0.0 0.0 0.0 0.0 0.0 0.0 0.0 0.0 0.0 0.0 0.0 0.0 0.0 0.0 0.0 0.0 0.0 0.0 0.0 0.0 0.0 0.0 0.0 0.0</array></list></module><module cmlx:lineCount="5" cmlx:templateRef="l103.itemconverge"><list cmlx:lineCount="4" cmlx:templateRef="components"><array dataType="xsd:string" dictRef="g:itemconverge"/><array dataType="xsd:double" dictRef="x:value" size="4">4.5E-4 3.0E-4 0.0018 0.0012</array><array dataType="xsd:double" dictRef="x:threshold" size="4">0.0 0.0 0.0 0.0</array><array dataType="xsd:string" dictRef="g:converged" size="4">NO NO NO NO</array></list></module> Predicted change in Energy=-1.668876D-02 GradGradGradGradGradGradGradGradGradGradGradGradGradGradGradGradGradGrad</module><module cmlx:lineCount="18" cmlx:templateRef="l202.orient"><list cmlx:templateRef="type"><scalar dataType="xsd:string" dictRef="g:type">Input</scalar></list><list cmlx:lineCount="12" cmlx:templateRef="atom"><array dataType="xsd:integer" dictRef="cc:serial" size="12">1 2 3 4 5 6 7 8 9 10 11 12</array><array dataType="xsd:integer" dictRef="cc:elementType" size="12">13 13 13 13 13 13 13 13 13 13 13 13</array><array dataType="xsd:integer" dictRef="g:atomicType" size="12">0 0 0 0 0 0 0 0 0 0 0 0</array><array dataType="xsd:double" dictRef="cc:x3" size="12">-4.231903 -4.345504 -2.115952 0.0 2.115952 4.345504 4.231903 4.345504 2.115952 0.0 -2.115952 -4.345504</array><array dataType="xsd:double" dictRef="cc:y3" size="12">0.0 2.508878 3.664936 5.017756 3.664936 2.508878 0.0 -2.508878 -3.664936 -5.017756 -3.664936 -2.508878</array><array dataType="xsd:double" dictRef="cc:z3" size="12">0.0 0.0 0.0 0.0 0.0 0.0 0.0 0.0 0.0 0.0 0.0 0.0</array></list></module><module cmlx:lineCount="14" cmlx:templateRef="l202.distmat"><list cmlx:templateRef="atom"><list><scalar dataType="xsd:integer" dictRef="cc:serial">1</scalar><scalar dataType="xsd:string" dictRef="cc:elementType">Al</scalar><scalar dataType="xsd:string" dictRef="cc:distances">0.000000</scalar></list><list><scalar dataType="xsd:integer" dictRef="cc:serial">2</scalar><scalar dataType="xsd:string" dictRef="cc:elementType">Al</scalar><scalar dataType="xsd:string" dictRef="cc:distances">2.511448   0.000000</scalar></list><list><scalar dataType="xsd:integer" dictRef="cc:serial">3</scalar><scalar dataType="xsd:string" dictRef="cc:elementType">Al</scalar><scalar dataType="xsd:string" dictRef="cc:distances">4.231903   2.511448   0.000000</scalar></list><list><scalar dataType="xsd:integer" dictRef="cc:serial">4</scalar><scalar dataType="xsd:string" dictRef="cc:elementType">Al</scalar><scalar dataType="xsd:string" dictRef="cc:distances">6.564059   5.017756   2.511448   0.000000</scalar></list><list><scalar dataType="xsd:integer" dictRef="cc:serial">5</scalar><scalar dataType="xsd:string" dictRef="cc:elementType">Al</scalar><scalar dataType="xsd:string" dictRef="cc:distances">7.329871   6.564059   4.231903   2.511448   0.000000</scalar></list><list><scalar dataType="xsd:integer" dictRef="cc:serial">6</scalar><scalar dataType="xsd:string" dictRef="cc:elementType">Al</scalar><scalar dataType="xsd:string" dictRef="cc:distances">8.936799   8.691008   6.564059   5.017756   2.511448</scalar></list><list><scalar dataType="xsd:integer" dictRef="cc:serial">7</scalar><scalar dataType="xsd:string" dictRef="cc:elementType">Al</scalar><scalar dataType="xsd:string" dictRef="cc:distances">8.463806   8.936799   7.329871   6.564059   4.231903</scalar></list><list><scalar dataType="xsd:integer" dictRef="cc:serial">8</scalar><scalar dataType="xsd:string" dictRef="cc:elementType">Al</scalar><scalar dataType="xsd:string" dictRef="cc:distances">8.936799  10.035511   8.936799   8.691008   6.564059</scalar></list><list><scalar dataType="xsd:integer" dictRef="cc:serial">9</scalar><scalar dataType="xsd:string" dictRef="cc:elementType">Al</scalar><scalar dataType="xsd:string" dictRef="cc:distances">7.329871   8.936799   8.463806   8.936799   7.329871</scalar></list><list><scalar dataType="xsd:integer" dictRef="cc:serial">10</scalar><scalar dataType="xsd:string" dictRef="cc:elementType">Al</scalar><scalar dataType="xsd:string" dictRef="cc:distances">6.564059   8.691008   8.936799  10.035511   8.936799</scalar></list><list><scalar dataType="xsd:integer" dictRef="cc:serial">11</scalar><scalar dataType="xsd:string" dictRef="cc:elementType">Al</scalar><scalar dataType="xsd:string" dictRef="cc:distances">4.231903   6.564059   7.329871   8.936799   8.463806</scalar></list><list><scalar dataType="xsd:integer" dictRef="cc:serial">12</scalar><scalar dataType="xsd:string" dictRef="cc:elementType">Al</scalar><scalar dataType="xsd:string" dictRef="cc:distances">2.511448   5.017756   6.564059   8.691008   8.936799</scalar></list></list></module>                    6          7          8          9         10     6  Al   0.000000     7  Al   2.511448   0.000000     8  Al   5.017756   2.511448   0.000000     9  Al   6.564059   4.231903   2.511448   0.000000    10  Al   8.691008   6.564059   5.017756   2.511448   0.000000    11  Al   8.936799   7.329871   6.564059   4.231903   2.511448    12  Al  10.035511   8.936799   8.691008   6.564059   5.017756                   11         12    11  Al   0.000000    12  Al   2.511448   0.000000<module cmlx:lineCount="6" cmlx:templateRef="l202.stoich"><list cmlx:templateRef="stoich"><scalar dataType="xsd:string" dictRef="cc:formula">Al12</scalar></list><list cmlx:templateRef="framework"><scalar dataType="xsd:string" dictRef="cc:frameworkgroup">D6H[3C2'(Al.Al),3C2"(Al.Al)]</scalar></list> Full point group                 D6H Largest Abelian subgroup         D2H     NOp   8 Largest concise Abelian subgroup D2      NOp   4</module><module cmlx:lineCount="18" cmlx:templateRef="l202.orient"><list cmlx:templateRef="type"><scalar dataType="xsd:string" dictRef="g:type">Standard</scalar></list><list cmlx:lineCount="12" cmlx:templateRef="atom"><array dataType="xsd:integer" dictRef="cc:serial" size="12">1 2 3 4 5 6 7 8 9 10 11 12</array><array dataType="xsd:integer" dictRef="cc:elementType" size="12">13 13 13 13 13 13 13 13 13 13 13 13</array><array dataType="xsd:integer" dictRef="g:atomicType" size="12">0 0 0 0 0 0 0 0 0 0 0 0</array><array dataType="xsd:double" dictRef="cc:x3" size="12">0.0 2.508878 3.664936 5.017756 3.664936 2.508878 0.0 -2.508878 -3.664936 -5.017756 -3.664936 -2.508878</array><array dataType="xsd:double" dictRef="cc:y3" size="12">4.231903 4.345504 2.115952 0.0 -2.115952 -4.345504 -4.231903 -4.345504 -2.115952 0.0 2.115952 4.345504</array><array dataType="xsd:double" dictRef="cc:z3" size="12">0.0 0.0 0.0 0.0 0.0 0.0 0.0 0.0 0.0 0.0 0.0 0.0</array></list></module><module cmlx:lineCount="1" cmlx:templateRef="l202.rotconst"/><module cmlx:lineCount="16" cmlx:templateRef="l301.basis"><list cmlx:templateRef="basis"><list><scalar dataType="xsd:string" dictRef="cc:basis">6-31G(d)</scalar><scalar dataType="xsd:string" dictRef="cc:diffuse">(6D, 7F)</scalar></list></list><list cmlx:templateRef="symmadapt"><list><scalar dataType="xsd:integer" dictRef="cc:adapted">48</scalar><scalar dataType="xsd:string" dictRef="cc:symm">AG</scalar></list><list><scalar dataType="xsd:integer" dictRef="cc:adapted">36</scalar><scalar dataType="xsd:string" dictRef="cc:symm">B1G</scalar></list><list><scalar dataType="xsd:integer" dictRef="cc:adapted">15</scalar><scalar dataType="xsd:string" dictRef="cc:symm">B2G</scalar></list><list><scalar dataType="xsd:integer" dictRef="cc:adapted">15</scalar><scalar dataType="xsd:string" dictRef="cc:symm">B3G</scalar></list><list><scalar dataType="xsd:integer" dictRef="cc:adapted">12</scalar><scalar dataType="xsd:string" dictRef="cc:symm">AU</scalar></list><list><scalar dataType="xsd:integer" dictRef="cc:adapted">18</scalar><scalar dataType="xsd:string" dictRef="cc:symm">B1U</scalar></list><list><scalar dataType="xsd:integer" dictRef="cc:adapted">42</scalar><scalar dataType="xsd:string" dictRef="cc:symm">B2U</scalar></list><list><scalar dataType="xsd:integer" dictRef="cc:adapted">42</scalar><scalar dataType="xsd:string" dictRef="cc:symm">B3U</scalar></list></list><list cmlx:templateRef="buffer"><scalar dataType="xsd:integer" dictRef="g:buffer">131072</scalar></list><list cmlx:templateRef="raff"><scalar dataType="xsd:string" dictRef="g:raffenetti">Raffenetti</scalar></list><list cmlx:templateRef="twoe"><scalar dataType="xsd:string" dictRef="g:twoe">Two-electron</scalar></list><list cmlx:templateRef="basiscount"><list><scalar dataType="xsd:integer" dictRef="cc:basiscount">228</scalar><scalar dataType="xsd:integer" dictRef="g:primbasis">624</scalar><scalar dataType="xsd:integer" dictRef="cc:cartesianbasis">228</scalar></list></list><list cmlx:templateRef="alphabeta"><list><scalar dataType="xsd:integer" dictRef="cc:alphae">78</scalar><scalar dataType="xsd:integer" dictRef="cc:betae">78</scalar></list></list> NAtoms=   12 NActive=   12 NUniq=    2 SFac= 3.00D+00 NAtFMM=   80 NAOKFM=F Big=F</module><module cmlx:lineCount="1" cmlx:templateRef="l302.basis"><list cmlx:templateRef="onee"><scalar dataType="xsd:string" dictRef="g:onee">One-electron integrals</scalar></list></module> NBasis=   228 RedAO= T  NBF=    48    36    15    15    12    18    42    42 NBsUse=   228 1.00D-06 NBFU=    48    36    15    15    12    18    42    42 Initial guess read from the read-write file:<module cmlx:lineCount="1" cmlx:templateRef="l401.orbsym"><list cmlx:templateRef="l401"><scalar dataType="xsd:string" dictRef="g:l401">Initial guess orbital symmetries:</scalar></list></module>       Occupied  (?A) (?A) (?A) (?A) (?A) (?A) (?B) (?A) (?A) (?B)                 (?B) (?A) (?A) (?A) (?A) (?A) (?A) (?A) (?B) (?A)                 (?A) (?B) (?B) (?A) (?A) (?A) (?A) (?A) (?A) (?A)                 (?C) (?C) (?C) (?C) (?C) (?C) (?B) (?B) (?B) (?B)                 (?B) (?B) (?A) (?B) (?B) (?A) (?A) (?B) (?D) (?C)                 (?C) (?D) (?D) (?C) (B1U) (E2G) (E2G) (E1U) (E1U)                 (A2G) (A1G) (E1U) (E1U) (E2G) (E2G) (B2U) (B1U)                 (E2G) (E2G) (E1U) (E1U) (A2G) (A1G) (A2U) (E1U)                 (E1U) (E1G) (E1G)       Virtual   (E2G) (E2G) (E2U) (E2U) (A1G) (B2U) (B1G) (B2G)                 (?A) (?A) (?A) (E2G) (E2G) (E2U) (E2U) (A1G) (E1U)                 (E1U) (E1G) (E1G) (E2G) (E2G) (A2U) (E1U) (E1U)                 (B1U) (A2G) (E2G) (E2G) (B2U) (A1G) (B1U) (E1U)                 (E1U) (E2G) (E2G) (B2U) (A1G) (A2U) (E1G) (E1G)                 (E2G) (E2G) (E1U) (E1U) (E2U) (E2U) (A1G) (B1G)                 (E1U) (E1U) (B2G) (E2G) (E2G) (E2U) (E2U) (A2U)                 (E1G) (E1G) (B2U) (E2G) (E2G) (E1U) (E1U) (A1G)                 (B1U) (A1U) (E1G) (E1G) (E2G) (E2G) (B1U) (E1U)                 (E1U) (A2G) (E2G) (E2G) (B2U) (E1U) (E1U) (E2U)                 (E2U) (A2G) (B1G) (E1U) (E1U) (B2U) (E2G) (E2G)                 (A2U) (E1G) (E1G) (A1G) (B2G) (E2U) (E2U) (B1U)                 (A1G) (E2G) (E2G) (A2G) (E2U) (E2U) (E1U) (E1U)                 (E2G) (E2G) (B2G) (E1G) (E1G) (E1U) (E1U) (B1U)                 (A2U) (A1G) (E1U) (E1U) (B1G) (E2U) (E2U) (B2U)                 (E2G) (E2G) (E1G) (E1G) (A1U) (E2G) (E2G) (E1U)                 (E1U) (B2U) (A2G) (A1G) (E1U) (E1U) (E2G) (E2G)                 (B1U) (A1G) (E1U) (E1U) (E2G) (E2G) (B2U) (B1U)                 (E2G) (E2G) (E1U) (E1U) (A1G) Harris functional with IExCor=  402 diagonalized for initial guess. ExpMin= 5.57D-02 ExpMax= 1.40D+04 ExpMxC= 2.10D+03 IAcc=2 IRadAn=         4 AccDes= 0.00D+00 HarFok:  IExCor= 402 AccDes= 0.00D+00 IRadAn=         4 IDoV=1 ScaDFX=  1.000000  1.000000  1.000000  1.000000 Requested convergence on RMS density matrix=1.00D-08 within 128 cycles. Requested convergence on MAX density matrix=1.00D-06. Requested convergence on             energy=1.00D-06. No special actions if energy rises. Keep R1 integrals in memory in canonical form, NReq=   347900573. Integral accuracy reduced to 1.0D-05 until final iterations. Density matrix breaks symmetry, PCut= 1.00D-04 Density has only Abelian symmetry. Density matrix breaks symmetry, PCut= 1.00D-04 Density has only Abelian symmetry. Density matrix breaks symmetry, PCut= 1.00D-04 Density has only Abelian symmetry. Density matrix breaks symmetry, PCut= 1.00D-04 Density has only Abelian symmetry. Density matrix breaks symmetry, PCut= 1.00D-04 Density has only Abelian symmetry. Density matrix breaks symmetry, PCut= 1.00D-04 Density has only Abelian symmetry. Density matrix breaks symmetry, PCut= 1.00D-04 Density has only Abelian symmetry. Initial convergence to 1.0D-05 achieved.  Increase integral accuracy. Density matrix breaks symmetry, PCut= 1.00D-04 Density has only Abelian symmetry. Density matrix breaks symmetry, PCut= 1.00D-04 Density has only Abelian symmetry. Density matrix breaks symmetry, PCut= 1.00D-04 Density has only Abelian symmetry. Density matrix breaks symmetry, PCut= 1.00D-04 Density has only Abelian symmetry. Density matrix breaks symmetry, PCut= 1.00D-04 Density has only Abelian symmetry. Density matrix breaks symmetry, PCut= 1.00D-04 Density has only Abelian symmetry. Density matrix breaks symmetry, PCut= 1.00D-04 Density has only Abelian symmetry. Density matrix breaks symmetry, PCut= 1.00D-04 Density has only Abelian symmetry. Density matrix breaks symmetry, PCut= 1.00D-04 Density has only Abelian symmetry. Density matrix breaks symmetry, PCut= 1.00D-04 Density has only Abelian symmetry. SCF Done:  E(RB+HF-LYP) =  -2908.98077811     A.U. after   16 cycles             Convg  =    0.4367D-08             -V/T =  2.0038             S**2   =   0.0000 Density matrix has only Abelian symmetry. Density matrix has only Abelian symmetry. ***** Axes restored to original set *****<module cmlx:lineCount="18" cmlx:templateRef="forces"><list cmlx:templateRef="force"><list><scalar dataType="xsd:integer" dictRef="x:serial">1</scalar><scalar dataType="xsd:integer" dictRef="x:elementType">13</scalar><scalar dataType="xsd:double" dictRef="x:x3">0.001618246</scalar><scalar dataType="xsd:double" dictRef="x:y3">0.0</scalar><scalar dataType="xsd:double" dictRef="x:z3">0.0</scalar></list><list><scalar dataType="xsd:integer" dictRef="x:serial">2</scalar><scalar dataType="xsd:integer" dictRef="x:elementType">13</scalar><scalar dataType="xsd:double" dictRef="x:x3">-2.80416E-4</scalar><scalar dataType="xsd:double" dictRef="x:y3">1.69953E-4</scalar><scalar dataType="xsd:double" dictRef="x:z3">0.0</scalar></list><list><scalar dataType="xsd:integer" dictRef="x:serial">3</scalar><scalar dataType="xsd:integer" dictRef="x:elementType">13</scalar><scalar dataType="xsd:double" dictRef="x:x3">7.68431E-4</scalar><scalar dataType="xsd:double" dictRef="x:y3">-0.001390199</scalar><scalar dataType="xsd:double" dictRef="x:z3">0.0</scalar></list><list><scalar dataType="xsd:integer" dictRef="x:serial">4</scalar><scalar dataType="xsd:integer" dictRef="x:elementType">13</scalar><scalar dataType="xsd:double" dictRef="x:x3">0.0</scalar><scalar dataType="xsd:double" dictRef="x:y3">3.44233E-4</scalar><scalar dataType="xsd:double" dictRef="x:z3">0.0</scalar></list><list><scalar dataType="xsd:integer" dictRef="x:serial">5</scalar><scalar dataType="xsd:integer" dictRef="x:elementType">13</scalar><scalar dataType="xsd:double" dictRef="x:x3">-7.68431E-4</scalar><scalar dataType="xsd:double" dictRef="x:y3">-0.001390199</scalar><scalar dataType="xsd:double" dictRef="x:z3">0.0</scalar></list><list><scalar dataType="xsd:integer" dictRef="x:serial">6</scalar><scalar dataType="xsd:integer" dictRef="x:elementType">13</scalar><scalar dataType="xsd:double" dictRef="x:x3">2.80416E-4</scalar><scalar dataType="xsd:double" dictRef="x:y3">1.69953E-4</scalar><scalar dataType="xsd:double" dictRef="x:z3">0.0</scalar></list><list><scalar dataType="xsd:integer" dictRef="x:serial">7</scalar><scalar dataType="xsd:integer" dictRef="x:elementType">13</scalar><scalar dataType="xsd:double" dictRef="x:x3">-0.001618246</scalar><scalar dataType="xsd:double" dictRef="x:y3">0.0</scalar><scalar dataType="xsd:double" dictRef="x:z3">0.0</scalar></list><list><scalar dataType="xsd:integer" dictRef="x:serial">8</scalar><scalar dataType="xsd:integer" dictRef="x:elementType">13</scalar><scalar dataType="xsd:double" dictRef="x:x3">2.80416E-4</scalar><scalar dataType="xsd:double" dictRef="x:y3">-1.69953E-4</scalar><scalar dataType="xsd:double" dictRef="x:z3">0.0</scalar></list><list><scalar dataType="xsd:integer" dictRef="x:serial">9</scalar><scalar dataType="xsd:integer" dictRef="x:elementType">13</scalar><scalar dataType="xsd:double" dictRef="x:x3">-7.68431E-4</scalar><scalar dataType="xsd:double" dictRef="x:y3">0.001390199</scalar><scalar dataType="xsd:double" dictRef="x:z3">0.0</scalar></list><list><scalar dataType="xsd:integer" dictRef="x:serial">10</scalar><scalar dataType="xsd:integer" dictRef="x:elementType">13</scalar><scalar dataType="xsd:double" dictRef="x:x3">0.0</scalar><scalar dataType="xsd:double" dictRef="x:y3">-3.44233E-4</scalar><scalar dataType="xsd:double" dictRef="x:z3">0.0</scalar></list><list><scalar dataType="xsd:integer" dictRef="x:serial">11</scalar><scalar dataType="xsd:integer" dictRef="x:elementType">13</scalar><scalar dataType="xsd:double" dictRef="x:x3">7.68431E-4</scalar><scalar dataType="xsd:double" dictRef="x:y3">0.001390199</scalar><scalar dataType="xsd:double" dictRef="x:z3">0.0</scalar></list><list><scalar dataType="xsd:integer" dictRef="x:serial">12</scalar><scalar dataType="xsd:integer" dictRef="x:elementType">13</scalar><scalar dataType="xsd:double" dictRef="x:x3">-2.80416E-4</scalar><scalar dataType="xsd:double" dictRef="x:y3">-1.69953E-4</scalar><scalar dataType="xsd:double" dictRef="x:z3">0.0</scalar></list></list><list cmlx:templateRef="cartesianforce"><list><scalar dataType="xsd:double" dictRef="cc:maxforce">0.001618246</scalar><scalar dataType="xsd:double" dictRef="cc:rmsforce">6.66605E-4</scalar></list></list></module><module cmlx:lineCount="166" cmlx:templateRef="l103" xmlns:xi="http://www.w3.org/2001/XInclude"><list cmlx:templateRef="berny"><scalar dataType="xsd:string" dictRef="g:optimization">Internal  Forces:  Max     0.001349870 RMS     0.000329035</scalar></list> Search for a local minimum. Step number  24 out of a maximum of 100 All quantities printed in internal units (Hartrees-Bohrs-Radians) Update second derivatives using D2CorX and points 23 24<module cmlx:lineCount="1" cmlx:templateRef="l103.trust"> Trust test= 7.03D-01 RLast= 9.49D-01 DXMaxT set to 1.00D+00</module>     Eigenvalues ---    0.01746   0.02273   0.03267   0.03322   0.03322     Eigenvalues ---    0.04696   0.04861   0.04861   0.05215   0.05215     Eigenvalues ---    0.07281   0.08778   0.08778   0.09908   0.09908     Eigenvalues ---    0.11098   0.24677   0.24701   0.24701   1.00379     Eigenvalues ---    1.00380   1.01586   1.02053   1.02053   2.05047     Eigenvalues ---    2.37042   2.37046   2.83494   2.83494   2.95736     Eigenvalues --- 1000.000001000.000001000.000001000.000001000.00000     Eigenvalues --- 1000.000001000.000001000.000001000.000001000.00000     Eigenvalues --- 1000.000001000.000001000.000001000.000001000.00000     Eigenvalues --- 1000.000001000.000001000.000001000.000001000.00000     Eigenvalues --- 1000.000001000.000001000.000001000.000001000.00000     Eigenvalues --- 1000.000001000.000001000.000001000.000001000.00000     Eigenvalues --- 1000.000001000.000001000.000001000.000001000.00000     Eigenvalues --- 1000.000001000.000001000.000001000.000001000.00000     Eigenvalues --- 1000.000001000.000001000.000001000.000001000.00000     Eigenvalues --- 1000.000001000.000001000.000001000.000001000.00000     Eigenvalues --- 1000.000001000.000001000.000001000.000001000.00000     Eigenvalues --- 1000.000001000.000001000.000001000.000001000.00000     Eigenvalues --- 1000.000001000.000001000.000001000.000001000.00000     Eigenvalues --- 1000.000001000.000001000.000001000.000001000.00000     Eigenvalues --- 1000.000001000.000001000.000001000.000001000.00000     Eigenvalues --- 1000.000001000.000001000.000001000.000001000.00000     Eigenvalues --- 1000.000001000.000001000.000001000.000001000.00000     Eigenvalues --- 1000.000001000.000001000.000001000.000001000.00000 RFO step:  Lambda=-2.68657154D-04. Quartic linear search produced a step of  0.12419. Iteration  1 RMS(Cart)=  0.01442931 RMS(Int)=  0.00071989 Iteration  2 RMS(Cart)=  0.00006349 RMS(Int)=  0.00071505 Iteration  3 RMS(Cart)=  0.00000004 RMS(Int)=  0.00071505<module cmlx:lineCount="122" cmlx:templateRef="l103.deltas"><list cmlx:lineCount="120" cmlx:templateRef="delta"><array dataType="xsd:string" dictRef="cc:variable" size="120">R1 R2 R3 R4 R5 R6 R7 R8 R9 R10 R11 R12 R13 R14 R15 R16 R17 R18 R19 R20 R21 R22 R23 R24 A1 A2 A3 A4 A5 A6 A7 A8 A9 A10 A11 A12 A13 A14 A15 A16 A17 A18 A19 A20 A21 A22 A23 A24 A25 A26 A27 A28 A29 A30 A31 A32 A33 A34 A35 A36 D1 D2 D3 D4 D5 D6 D7 D8 D9 D10 D11 D12 D13 D14 D15 D16 D17 D18 D19 D20 D21 D22 D23 D24 D25 D26 D27 D28 D29 D30 D31 D32 D33 D34 D35 D36 D37 D38 D39 D40 D41 D42 D43 D44 D45 D46 D47 D48 D49 D50 D51 D52 D53 D54 D55 D56 D57 D58 D59 D60</array><array dataType="xsd:double" dictRef="g:lastval" size="120">4.74595 7.99714 7.99714 4.74595 4.74595 9.48218 9.48218 4.74595 7.99714 4.74595 9.48218 4.74595 7.99714 4.74595 9.48218 4.74595 7.99714 4.74595 9.48218 4.74595 7.99714 4.74595 9.48218 4.74595 2.66324 2.0944 2.66324 2.04915 2.04915 2.0944 2.66324 2.0944 2.66324 2.04915 2.0944 2.04915 2.66324 2.0944 2.66324 2.04915 2.0944 2.04915 2.66324 2.0944 2.66324 2.04915 2.0944 2.04915 2.66324 2.0944 2.66324 2.04915 2.0944 2.04915 2.0944 2.66324 2.66324 2.04915 2.0944 2.04915 0.0 0.0 0.0 0.0 0.0 0.0 0.0 0.0 0.0 0.0 0.0 0.0 0.0 0.0 0.0 0.0 0.0 0.0 0.0 0.0 0.0 0.0 0.0 0.0 0.0 0.0 0.0 0.0 0.0 0.0 0.0 0.0 0.0 0.0 0.0 0.0 0.0 0.0 0.0 0.0 0.0 0.0 0.0 0.0 0.0 0.0 0.0 0.0 0.0 0.0 0.0 0.0 0.0 0.0 0.0 0.0 0.0 0.0 0.0 0.0</array><array dataType="xsd:double" dictRef="cc:deriv" size="120">8.0E-5 -0.00135 -0.00135 8.0E-5 7.0E-5 4.0E-5 4.0E-5 9.0E-5 -0.00134 9.0E-5 4.0E-5 7.0E-5 -0.00135 8.0E-5 4.0E-5 8.0E-5 -0.00135 7.0E-5 4.0E-5 9.0E-5 -0.00134 9.0E-5 4.0E-5 7.0E-5 3.0E-4 2.0E-5 3.0E-4 -2.9E-4 -2.8E-4 0.0 2.8E-4 -1.0E-5 2.8E-4 -3.0E-4 -1.0E-5 -3.0E-4 2.8E-4 -1.0E-5 2.8E-4 -2.9E-4 0.0 -2.8E-4 3.0E-4 2.0E-5 3.0E-4 -2.8E-4 0.0 -2.9E-4 2.8E-4 -1.0E-5 2.8E-4 -3.0E-4 -1.0E-5 -3.0E-4 -1.0E-5 2.8E-4 2.8E-4 -2.9E-4 0.0 -2.8E-4 0.0 0.0 0.0 0.0 0.0 0.0 0.0 0.0 0.0 0.0 0.0 0.0 0.0 0.0 0.0 0.0 0.0 0.0 0.0 0.0 0.0 0.0 0.0 0.0 0.0 0.0 0.0 0.0 0.0 0.0 0.0 0.0 0.0 0.0 0.0 0.0 0.0 0.0 0.0 0.0 0.0 0.0 0.0 0.0 0.0 0.0 0.0 0.0 0.0 0.0 0.0 0.0 0.0 0.0 0.0 0.0 0.0 0.0 0.0 0.0</array><array dataType="xsd:double" dictRef="cc:delta.linear" size="120">0.01234 -0.03038 -0.03038 0.01234 0.01234 0.02455 0.02455 0.01234 -0.03038 0.01234 0.02455 0.01234 -0.03038 0.01234 0.02455 0.01234 -0.03038 0.01234 0.02455 0.01234 -0.03038 0.01234 0.02455 0.01234 0.011 0.0 0.011 -0.011 -0.011 0.0 0.011 0.0 0.011 -0.011 0.0 -0.011 0.011 0.0 0.011 -0.011 0.0 -0.011 0.011 0.0 0.011 -0.011 0.0 -0.011 0.011 0.0 0.011 -0.011 0.0 -0.011 0.0 0.011 0.011 -0.011 0.0 -0.011 0.0 0.0 0.0 0.0 0.0 0.0 0.0 0.0 0.0 0.0 0.0 0.0 0.0 0.0 0.0 0.0 0.0 0.0 0.0 0.0 0.0 0.0 0.0 0.0 0.0 0.0 0.0 0.0 0.0 0.0 0.0 0.0 0.0 0.0 0.0 0.0 0.0 0.0 0.0 0.0 0.0 0.0 0.0 0.0 0.0 0.0 0.0 0.0 0.0 0.0 0.0 0.0 0.0 0.0 0.0 0.0 0.0 0.0 0.0 0.0</array><array dataType="xsd:double" dictRef="cc:delta.quad" size="120">-0.01181 -0.03393 -0.03393 -0.01181 -0.01181 -0.02477 -0.02479 -0.01181 -0.03392 -0.01181 -0.02477 -0.01181 -0.03393 -0.01181 -0.02479 -0.01181 -0.03393 -0.01181 -0.02477 -0.01181 -0.03392 -0.01181 -0.02477 -0.01181 0.0028 6.0E-5 0.0028 -0.00276 -0.00271 1.0E-5 0.00271 -3.0E-5 0.00271 -0.00276 -3.0E-5 -0.00276 0.00271 -3.0E-5 0.00271 -0.00276 1.0E-5 -0.00271 0.0028 6.0E-5 0.0028 -0.00271 1.0E-5 -0.00276 0.00271 -3.0E-5 0.00271 -0.00276 -3.0E-5 -0.00276 -3.0E-5 0.00271 0.00271 -0.00276 1.0E-5 -0.00271 0.0 0.0 0.0 0.0 0.0 0.0 0.0 0.0 0.0 0.0 0.0 0.0 0.0 0.0 0.0 0.0 0.0 0.0 0.0 0.0 0.0 0.0 0.0 0.0 0.0 0.0 0.0 0.0 0.0 0.0 0.0 0.0 0.0 0.0 0.0 0.0 0.0 0.0 0.0 0.0 0.0 0.0 0.0 0.0 0.0 0.0 0.0 0.0 0.0 0.0 0.0 0.0 0.0 0.0 0.0 0.0 0.0 0.0 0.0 0.0</array><array dataType="xsd:double" dictRef="cc:delta.total" size="120">0.00231 -0.06472 -0.06472 0.00231 0.00231 -0.00192 -0.00192 0.00231 -0.06472 0.00231 -0.00192 0.00231 -0.06472 0.00231 -0.00192 0.00231 -0.06472 0.00231 -0.00192 0.00231 -0.06472 0.00231 -0.00192 0.00231 0.01328 0.0 0.01328 -0.01328 -0.01328 0.0 0.01328 0.0 0.01328 -0.01328 0.0 -0.01328 0.01328 0.0 0.01328 -0.01328 0.0 -0.01328 0.01328 0.0 0.01328 -0.01328 0.0 -0.01328 0.01328 0.0 0.01328 -0.01328 0.0 -0.01328 0.0 0.01328 0.01328 -0.01328 0.0 -0.01328 0.0 0.0 0.0 0.0 0.0 0.0 0.0 0.0 0.0 0.0 0.0 0.0 0.0 0.0 0.0 0.0 0.0 0.0 0.0 0.0 0.0 0.0 0.0 0.0 0.0 0.0 0.0 0.0 0.0 0.0 0.0 0.0 0.0 0.0 0.0 0.0 0.0 0.0 0.0 0.0 0.0 0.0 0.0 0.0 0.0 0.0 0.0 0.0 0.0 0.0 0.0 0.0 0.0 0.0 0.0 0.0 0.0 0.0 0.0 0.0</array><array dataType="xsd:double" dictRef="cc:newval" size="120">4.74826 7.93242 7.93242 4.74826 4.74826 9.48026 9.48026 4.74826 7.93242 4.74826 9.48026 4.74826 7.93242 4.74826 9.48026 4.74826 7.93242 4.74826 9.48026 4.74826 7.93242 4.74826 9.48026 4.74826 2.67652 2.0944 2.67652 2.03587 2.03587 2.0944 2.67652 2.0944 2.67652 2.03587 2.0944 2.03587 2.67652 2.0944 2.67652 2.03587 2.0944 2.03587 2.67652 2.0944 2.67652 2.03587 2.0944 2.03587 2.67652 2.0944 2.67652 2.03587 2.0944 2.03587 2.0944 2.67652 2.67652 2.03587 2.0944 2.03587 0.0 0.0 0.0 0.0 0.0 0.0 0.0 0.0 0.0 0.0 0.0 0.0 0.0 0.0 0.0 0.0 0.0 0.0 0.0 0.0 0.0 0.0 0.0 0.0 0.0 0.0 0.0 0.0 0.0 0.0 0.0 0.0 0.0 0.0 0.0 0.0 0.0 0.0 0.0 0.0 0.0 0.0 0.0 0.0 0.0 0.0 0.0 0.0 0.0 0.0 0.0 0.0 0.0 0.0 0.0 0.0 0.0 0.0 0.0 0.0</array></list></module><module cmlx:lineCount="5" cmlx:templateRef="l103.itemconverge"><list cmlx:lineCount="4" cmlx:templateRef="components"><array dataType="xsd:string" dictRef="g:itemconverge"/><array dataType="xsd:double" dictRef="x:value" size="4">4.5E-4 3.0E-4 0.0018 0.0012</array><array dataType="xsd:double" dictRef="x:threshold" size="4">0.0 0.0 0.0 0.0</array><array dataType="xsd:string" dictRef="g:converged" size="4">NO NO NO NO</array></list></module> Predicted change in Energy=-3.528503D-04 GradGradGradGradGradGradGradGradGradGradGradGradGradGradGradGradGradGrad</module><module cmlx:lineCount="18" cmlx:templateRef="l202.orient"><list cmlx:templateRef="type"><scalar dataType="xsd:string" dictRef="g:type">Input</scalar></list><list cmlx:lineCount="12" cmlx:templateRef="atom"><array dataType="xsd:integer" dictRef="cc:serial" size="12">1 2 3 4 5 6 7 8 9 10 11 12</array><array dataType="xsd:integer" dictRef="cc:elementType" size="12">13 13 13 13 13 13 13 13 13 13 13 13</array><array dataType="xsd:integer" dictRef="g:atomicType" size="12">0 0 0 0 0 0 0 0 0 0 0 0</array><array dataType="xsd:double" dictRef="cc:x3" size="12">-4.197656 -4.344623 -2.098828 0.0 2.098828 4.344623 4.197656 4.344623 2.098828 0.0 -2.098828 -4.344623</array><array dataType="xsd:double" dictRef="cc:y3" size="12">0.0 2.508369 3.635277 5.016738 3.635277 2.508369 0.0 -2.508369 -3.635277 -5.016738 -3.635277 -2.508369</array><array dataType="xsd:double" dictRef="cc:z3" size="12">0.0 0.0 0.0 0.0 0.0 0.0 0.0 0.0 0.0 0.0 0.0 0.0</array></list></module><module cmlx:lineCount="14" cmlx:templateRef="l202.distmat"><list cmlx:templateRef="atom"><list><scalar dataType="xsd:integer" dictRef="cc:serial">1</scalar><scalar dataType="xsd:string" dictRef="cc:elementType">Al</scalar><scalar dataType="xsd:string" dictRef="cc:distances">0.000000</scalar></list><list><scalar dataType="xsd:integer" dictRef="cc:serial">2</scalar><scalar dataType="xsd:string" dictRef="cc:elementType">Al</scalar><scalar dataType="xsd:string" dictRef="cc:distances">2.512671   0.000000</scalar></list><list><scalar dataType="xsd:integer" dictRef="cc:serial">3</scalar><scalar dataType="xsd:string" dictRef="cc:elementType">Al</scalar><scalar dataType="xsd:string" dictRef="cc:distances">4.197656   2.512671   0.000000</scalar></list><list><scalar dataType="xsd:integer" dictRef="cc:serial">4</scalar><scalar dataType="xsd:string" dictRef="cc:elementType">Al</scalar><scalar dataType="xsd:string" dictRef="cc:distances">6.541252   5.016738   2.512671   0.000000</scalar></list><list><scalar dataType="xsd:integer" dictRef="cc:serial">5</scalar><scalar dataType="xsd:string" dictRef="cc:elementType">Al</scalar><scalar dataType="xsd:string" dictRef="cc:distances">7.270554   6.541252   4.197656   2.512671   0.000000</scalar></list><list><scalar dataType="xsd:integer" dictRef="cc:serial">6</scalar><scalar dataType="xsd:string" dictRef="cc:elementType">Al</scalar><scalar dataType="xsd:string" dictRef="cc:distances">8.902946   8.689246   6.541252   5.016738   2.512671</scalar></list><list><scalar dataType="xsd:integer" dictRef="cc:serial">7</scalar><scalar dataType="xsd:string" dictRef="cc:elementType">Al</scalar><scalar dataType="xsd:string" dictRef="cc:distances">8.395313   8.902946   7.270554   6.541252   4.197656</scalar></list><list><scalar dataType="xsd:integer" dictRef="cc:serial">8</scalar><scalar dataType="xsd:string" dictRef="cc:elementType">Al</scalar><scalar dataType="xsd:string" dictRef="cc:distances">8.902946  10.033477   8.902946   8.689246   6.541252</scalar></list><list><scalar dataType="xsd:integer" dictRef="cc:serial">9</scalar><scalar dataType="xsd:string" dictRef="cc:elementType">Al</scalar><scalar dataType="xsd:string" dictRef="cc:distances">7.270554   8.902946   8.395313   8.902946   7.270554</scalar></list><list><scalar dataType="xsd:integer" dictRef="cc:serial">10</scalar><scalar dataType="xsd:string" dictRef="cc:elementType">Al</scalar><scalar dataType="xsd:string" dictRef="cc:distances">6.541252   8.689246   8.902946  10.033477   8.902946</scalar></list><list><scalar dataType="xsd:integer" dictRef="cc:serial">11</scalar><scalar dataType="xsd:string" dictRef="cc:elementType">Al</scalar><scalar dataType="xsd:string" dictRef="cc:distances">4.197656   6.541252   7.270554   8.902946   8.395313</scalar></list><list><scalar dataType="xsd:integer" dictRef="cc:serial">12</scalar><scalar dataType="xsd:string" dictRef="cc:elementType">Al</scalar><scalar dataType="xsd:string" dictRef="cc:distances">2.512671   5.016738   6.541252   8.689246   8.902946</scalar></list></list></module>                    6          7          8          9         10     6  Al   0.000000     7  Al   2.512671   0.000000     8  Al   5.016738   2.512671   0.000000     9  Al   6.541252   4.197656   2.512671   0.000000    10  Al   8.689246   6.541252   5.016738   2.512671   0.000000    11  Al   8.902946   7.270554   6.541252   4.197656   2.512671    12  Al  10.033477   8.902946   8.689246   6.541252   5.016738                   11         12    11  Al   0.000000    12  Al   2.512671   0.000000<module cmlx:lineCount="6" cmlx:templateRef="l202.stoich"><list cmlx:templateRef="stoich"><scalar dataType="xsd:string" dictRef="cc:formula">Al12</scalar></list><list cmlx:templateRef="framework"><scalar dataType="xsd:string" dictRef="cc:frameworkgroup">D6H[3C2'(Al.Al),3C2"(Al.Al)]</scalar></list> Full point group                 D6H Largest Abelian subgroup         D2H     NOp   8 Largest concise Abelian subgroup D2      NOp   4</module><module cmlx:lineCount="18" cmlx:templateRef="l202.orient"><list cmlx:templateRef="type"><scalar dataType="xsd:string" dictRef="g:type">Standard</scalar></list><list cmlx:lineCount="12" cmlx:templateRef="atom"><array dataType="xsd:integer" dictRef="cc:serial" size="12">1 2 3 4 5 6 7 8 9 10 11 12</array><array dataType="xsd:integer" dictRef="cc:elementType" size="12">13 13 13 13 13 13 13 13 13 13 13 13</array><array dataType="xsd:integer" dictRef="g:atomicType" size="12">0 0 0 0 0 0 0 0 0 0 0 0</array><array dataType="xsd:double" dictRef="cc:x3" size="12">0.0 2.508369 3.635277 5.016738 3.635277 2.508369 0.0 -2.508369 -3.635277 -5.016738 -3.635277 -2.508369</array><array dataType="xsd:double" dictRef="cc:y3" size="12">4.197656 4.344623 2.098828 0.0 -2.098828 -4.344623 -4.197656 -4.344623 -2.098828 0.0 2.098828 4.344623</array><array dataType="xsd:double" dictRef="cc:z3" size="12">0.0 0.0 0.0 0.0 0.0 0.0 0.0 0.0 0.0 0.0 0.0 0.0</array></list></module><module cmlx:lineCount="1" cmlx:templateRef="l202.rotconst"/><module cmlx:lineCount="16" cmlx:templateRef="l301.basis"><list cmlx:templateRef="basis"><list><scalar dataType="xsd:string" dictRef="cc:basis">6-31G(d)</scalar><scalar dataType="xsd:string" dictRef="cc:diffuse">(6D, 7F)</scalar></list></list><list cmlx:templateRef="symmadapt"><list><scalar dataType="xsd:integer" dictRef="cc:adapted">48</scalar><scalar dataType="xsd:string" dictRef="cc:symm">AG</scalar></list><list><scalar dataType="xsd:integer" dictRef="cc:adapted">36</scalar><scalar dataType="xsd:string" dictRef="cc:symm">B1G</scalar></list><list><scalar dataType="xsd:integer" dictRef="cc:adapted">15</scalar><scalar dataType="xsd:string" dictRef="cc:symm">B2G</scalar></list><list><scalar dataType="xsd:integer" dictRef="cc:adapted">15</scalar><scalar dataType="xsd:string" dictRef="cc:symm">B3G</scalar></list><list><scalar dataType="xsd:integer" dictRef="cc:adapted">12</scalar><scalar dataType="xsd:string" dictRef="cc:symm">AU</scalar></list><list><scalar dataType="xsd:integer" dictRef="cc:adapted">18</scalar><scalar dataType="xsd:string" dictRef="cc:symm">B1U</scalar></list><list><scalar dataType="xsd:integer" dictRef="cc:adapted">42</scalar><scalar dataType="xsd:string" dictRef="cc:symm">B2U</scalar></list><list><scalar dataType="xsd:integer" dictRef="cc:adapted">42</scalar><scalar dataType="xsd:string" dictRef="cc:symm">B3U</scalar></list></list><list cmlx:templateRef="buffer"><scalar dataType="xsd:integer" dictRef="g:buffer">131072</scalar></list><list cmlx:templateRef="raff"><scalar dataType="xsd:string" dictRef="g:raffenetti">Raffenetti</scalar></list><list cmlx:templateRef="twoe"><scalar dataType="xsd:string" dictRef="g:twoe">Two-electron</scalar></list><list cmlx:templateRef="basiscount"><list><scalar dataType="xsd:integer" dictRef="cc:basiscount">228</scalar><scalar dataType="xsd:integer" dictRef="g:primbasis">624</scalar><scalar dataType="xsd:integer" dictRef="cc:cartesianbasis">228</scalar></list></list><list cmlx:templateRef="alphabeta"><list><scalar dataType="xsd:integer" dictRef="cc:alphae">78</scalar><scalar dataType="xsd:integer" dictRef="cc:betae">78</scalar></list></list> NAtoms=   12 NActive=   12 NUniq=    2 SFac= 3.00D+00 NAtFMM=   80 NAOKFM=F Big=F</module><module cmlx:lineCount="1" cmlx:templateRef="l302.basis"><list cmlx:templateRef="onee"><scalar dataType="xsd:string" dictRef="g:onee">One-electron integrals</scalar></list></module> NBasis=   228 RedAO= T  NBF=    48    36    15    15    12    18    42    42 NBsUse=   228 1.00D-06 NBFU=    48    36    15    15    12    18    42    42 Initial guess read from the read-write file:<module cmlx:lineCount="1" cmlx:templateRef="l401.orbsym"><list cmlx:templateRef="l401"><scalar dataType="xsd:string" dictRef="g:l401">Initial guess orbital symmetries:</scalar></list></module>       Occupied  (?A) (?A) (?A) (?A) (?A) (?A) (?B) (?A) (?A) (?B)                 (?B) (?A) (?A) (?A) (?A) (?A) (?A) (?A) (?B) (?A)                 (?A) (?B) (?B) (?A) (?A) (?A) (?A) (?A) (?A) (?A)                 (?C) (?C) (?C) (?C) (?C) (?C) (?B) (?B) (?B) (?B)                 (?B) (?B) (A1G) (E1U) (E1U) (E2G) (E2G) (B2U)                 (?D) (?C) (?C) (?D) (?D) (?C) (?A) (?B) (?B) (?A)                 (?A) (?B) (A1G) (E1U) (E1U) (E2G) (E2G) (B2U)                 (B1U) (E2G) (E2G) (E1U) (E1U) (A1G) (A2G) (E1U)                 (E1U) (A2U) (E1G) (E1G)       Virtual   (E2G) (E2G) (E2U) (E2U) (B2U) (A1G) (B1G) (B2G)                 (B1U) (E1U) (E1U) (E2G) (E2G) (E2U) (E2U) (A1G)                 (E1U) (E1U) (E1G) (E1G) (A2U) (E2G) (E2G) (E1U)                 (E1U) (E2G) (E2G) (A2G) (B1U) (B2U) (B1U) (A1G)                 (E1U) (E1U) (E2G) (E2G) (B2U) (A1G) (A2U) (E1G)                 (E1G) (E2G) (E2G) (E1U) (E1U) (A1G) (E2U) (E2U)                 (E1U) (E1U) (B1G) (B2G) (A2U) (E2G) (E2G) (E1G)                 (E1G) (E2U) (E2U) (E1U) (E1U) (B2U) (A1G) (E2G)                 (E2G) (B1U) (B2U) (A1U) (E2G) (E2G) (E2G) (E2G)                 (A2G) (E1G) (E1G) (?A) (?A) (?A) (E1U) (E1U) (E2U)                 (E2U) (A2G) (B1G) (B2U) (E2G) (E2G) (E1U) (E1U)                 (B2G) (B1U) (A2U) (E1G) (E1G) (E2U) (E2U) (E2G)                 (E2G) (A1G) (A1G) (E1U) (E1U) (E2U) (E2U) (E1G)                 (E1G) (A2U) (A2G) (A1G) (?A) (?A) (B2G) (?A) (E2G)                 (E2G) (E1U) (E1U) (B1G) (E2U) (E2U) (B2U) (E2G)                 (E2G) (E1G) (E1G) (A1U) (E1U) (E1U) (E2G) (E2G)                 (A2G) (B2U) (A1G) (E1U) (E1U) (E2G) (E2G) (B1U)                 (A1G) (E1U) (E1U) (E2G) (E2G) (B2U) (B1U) (E2G)                 (E2G) (E1U) (E1U) (A1G) Harris functional with IExCor=  402 diagonalized for initial guess. ExpMin= 5.57D-02 ExpMax= 1.40D+04 ExpMxC= 2.10D+03 IAcc=2 IRadAn=         4 AccDes= 0.00D+00 HarFok:  IExCor= 402 AccDes= 0.00D+00 IRadAn=         4 IDoV=1 ScaDFX=  1.000000  1.000000  1.000000  1.000000 Requested convergence on RMS density matrix=1.00D-08 within 128 cycles. Requested convergence on MAX density matrix=1.00D-06. Requested convergence on             energy=1.00D-06. No special actions if energy rises. Keep R1 integrals in memory in canonical form, NReq=   347900573. Integral accuracy reduced to 1.0D-05 until final iterations. Density matrix breaks symmetry, PCut= 1.00D-04 Density has only Abelian symmetry. Density matrix breaks symmetry, PCut= 1.00D-04 Density has only Abelian symmetry. Density matrix breaks symmetry, PCut= 1.00D-04 Density has only Abelian symmetry. Density matrix breaks symmetry, PCut= 1.00D-04 Density has only Abelian symmetry. Initial convergence to 1.0D-05 achieved.  Increase integral accuracy. Density matrix breaks symmetry, PCut= 1.00D-04 Density has only Abelian symmetry. Density matrix breaks symmetry, PCut= 1.00D-04 Density has only Abelian symmetry. Density matrix breaks symmetry, PCut= 1.00D-04 Density has only Abelian symmetry. Density matrix breaks symmetry, PCut= 1.00D-04 Density has only Abelian symmetry. Density matrix breaks symmetry, PCut= 1.00D-04 Density has only Abelian symmetry. Density matrix breaks symmetry, PCut= 1.00D-04 Density has only Abelian symmetry. Density matrix breaks symmetry, PCut= 1.00D-04 Density has only Abelian symmetry. Density matrix breaks symmetry, PCut= 1.00D-04 Density has only Abelian symmetry. Density matrix breaks symmetry, PCut= 1.00D-04 Density has only Abelian symmetry. Density matrix breaks symmetry, PCut= 1.00D-04 Density has only Abelian symmetry. SCF Done:  E(RB+HF-LYP) =  -2908.98118283     A.U. after   13 cycles             Convg  =    0.4484D-08             -V/T =  2.0038             S**2   =   0.0000 Density matrix has only Abelian symmetry. Density matrix has only Abelian symmetry. ***** Axes restored to original set *****<module cmlx:lineCount="18" cmlx:templateRef="forces"><list cmlx:templateRef="force"><list><scalar dataType="xsd:integer" dictRef="x:serial">1</scalar><scalar dataType="xsd:integer" dictRef="x:elementType">13</scalar><scalar dataType="xsd:double" dictRef="x:x3">4.99369E-4</scalar><scalar dataType="xsd:double" dictRef="x:y3">0.0</scalar><scalar dataType="xsd:double" dictRef="x:z3">0.0</scalar></list><list><scalar dataType="xsd:integer" dictRef="x:serial">2</scalar><scalar dataType="xsd:integer" dictRef="x:elementType">13</scalar><scalar dataType="xsd:double" dictRef="x:x3">3.7857E-4</scalar><scalar dataType="xsd:double" dictRef="x:y3">-2.09291E-4</scalar><scalar dataType="xsd:double" dictRef="x:z3">0.0</scalar></list><list><scalar dataType="xsd:integer" dictRef="x:serial">3</scalar><scalar dataType="xsd:integer" dictRef="x:elementType">13</scalar><scalar dataType="xsd:double" dictRef="x:x3">2.05595E-4</scalar><scalar dataType="xsd:double" dictRef="x:y3">-4.25788E-4</scalar><scalar dataType="xsd:double" dictRef="x:z3">0.0</scalar></list><list><scalar dataType="xsd:integer" dictRef="x:serial">4</scalar><scalar dataType="xsd:integer" dictRef="x:elementType">13</scalar><scalar dataType="xsd:double" dictRef="x:x3">0.0</scalar><scalar dataType="xsd:double" dictRef="x:y3">-4.06984E-4</scalar><scalar dataType="xsd:double" dictRef="x:z3">0.0</scalar></list><list><scalar dataType="xsd:integer" dictRef="x:serial">5</scalar><scalar dataType="xsd:integer" dictRef="x:elementType">13</scalar><scalar dataType="xsd:double" dictRef="x:x3">-2.05595E-4</scalar><scalar dataType="xsd:double" dictRef="x:y3">-4.25788E-4</scalar><scalar dataType="xsd:double" dictRef="x:z3">0.0</scalar></list><list><scalar dataType="xsd:integer" dictRef="x:serial">6</scalar><scalar dataType="xsd:integer" dictRef="x:elementType">13</scalar><scalar dataType="xsd:double" dictRef="x:x3">-3.7857E-4</scalar><scalar dataType="xsd:double" dictRef="x:y3">-2.09291E-4</scalar><scalar dataType="xsd:double" dictRef="x:z3">0.0</scalar></list><list><scalar dataType="xsd:integer" dictRef="x:serial">7</scalar><scalar dataType="xsd:integer" dictRef="x:elementType">13</scalar><scalar dataType="xsd:double" dictRef="x:x3">-4.99369E-4</scalar><scalar dataType="xsd:double" dictRef="x:y3">0.0</scalar><scalar dataType="xsd:double" dictRef="x:z3">0.0</scalar></list><list><scalar dataType="xsd:integer" dictRef="x:serial">8</scalar><scalar dataType="xsd:integer" dictRef="x:elementType">13</scalar><scalar dataType="xsd:double" dictRef="x:x3">-3.7857E-4</scalar><scalar dataType="xsd:double" dictRef="x:y3">2.09291E-4</scalar><scalar dataType="xsd:double" dictRef="x:z3">0.0</scalar></list><list><scalar dataType="xsd:integer" dictRef="x:serial">9</scalar><scalar dataType="xsd:integer" dictRef="x:elementType">13</scalar><scalar dataType="xsd:double" dictRef="x:x3">-2.05595E-4</scalar><scalar dataType="xsd:double" dictRef="x:y3">4.25788E-4</scalar><scalar dataType="xsd:double" dictRef="x:z3">0.0</scalar></list><list><scalar dataType="xsd:integer" dictRef="x:serial">10</scalar><scalar dataType="xsd:integer" dictRef="x:elementType">13</scalar><scalar dataType="xsd:double" dictRef="x:x3">0.0</scalar><scalar dataType="xsd:double" dictRef="x:y3">4.06984E-4</scalar><scalar dataType="xsd:double" dictRef="x:z3">0.0</scalar></list><list><scalar dataType="xsd:integer" dictRef="x:serial">11</scalar><scalar dataType="xsd:integer" dictRef="x:elementType">13</scalar><scalar dataType="xsd:double" dictRef="x:x3">2.05595E-4</scalar><scalar dataType="xsd:double" dictRef="x:y3">4.25788E-4</scalar><scalar dataType="xsd:double" dictRef="x:z3">0.0</scalar></list><list><scalar dataType="xsd:integer" dictRef="x:serial">12</scalar><scalar dataType="xsd:integer" dictRef="x:elementType">13</scalar><scalar dataType="xsd:double" dictRef="x:x3">3.7857E-4</scalar><scalar dataType="xsd:double" dictRef="x:y3">2.09291E-4</scalar><scalar dataType="xsd:double" dictRef="x:z3">0.0</scalar></list></list><list cmlx:templateRef="cartesianforce"><list><scalar dataType="xsd:double" dictRef="cc:maxforce">4.99369E-4</scalar><scalar dataType="xsd:double" dictRef="cc:rmsforce">2.62082E-4</scalar></list></list></module><module cmlx:lineCount="166" cmlx:templateRef="l103" xmlns:xi="http://www.w3.org/2001/XInclude"><list cmlx:templateRef="berny"><scalar dataType="xsd:string" dictRef="g:optimization">Internal  Forces:  Max     0.000463588 RMS     0.000132285</scalar></list> Search for a local minimum. Step number  25 out of a maximum of 100 All quantities printed in internal units (Hartrees-Bohrs-Radians) Update second derivatives using D2CorX and points 24 25<module cmlx:lineCount="1" cmlx:templateRef="l103.trust"> Trust test= 1.15D+00 RLast= 1.72D-01 DXMaxT set to 1.00D+00</module>     Eigenvalues ---    0.01124   0.02851   0.03266   0.03337   0.03337     Eigenvalues ---    0.04771   0.04918   0.04918   0.05191   0.05191     Eigenvalues ---    0.07281   0.08655   0.08655   0.09728   0.09728     Eigenvalues ---    0.10907   0.24464   0.24506   0.24507   1.01297     Eigenvalues ---    1.01299   1.01674   1.03768   1.03768   2.07237     Eigenvalues ---    2.38267   2.38271   2.83401   2.83401   2.95436     Eigenvalues --- 1000.000001000.000001000.000001000.000001000.00000     Eigenvalues --- 1000.000001000.000001000.000001000.000001000.00000     Eigenvalues --- 1000.000001000.000001000.000001000.000001000.00000     Eigenvalues --- 1000.000001000.000001000.000001000.000001000.00000     Eigenvalues --- 1000.000001000.000001000.000001000.000001000.00000     Eigenvalues --- 1000.000001000.000001000.000001000.000001000.00000     Eigenvalues --- 1000.000001000.000001000.000001000.000001000.00000     Eigenvalues --- 1000.000001000.000001000.000001000.000001000.00000     Eigenvalues --- 1000.000001000.000001000.000001000.000001000.00000     Eigenvalues --- 1000.000001000.000001000.000001000.000001000.00000     Eigenvalues --- 1000.000001000.000001000.000001000.000001000.00000     Eigenvalues --- 1000.000001000.000001000.000001000.000001000.00000     Eigenvalues --- 1000.000001000.000001000.000001000.000001000.00000     Eigenvalues --- 1000.000001000.000001000.000001000.000001000.00000     Eigenvalues --- 1000.000001000.000001000.000001000.000001000.00000     Eigenvalues --- 1000.000001000.000001000.000001000.000001000.00000     Eigenvalues --- 1000.000001000.000001000.000001000.000001000.00000     Eigenvalues --- 1000.000001000.000001000.000001000.000001000.00000 RFO step:  Lambda=-9.24678697D-05. Quartic linear search produced a step of  0.45248. Iteration  1 RMS(Cart)=  0.01078067 RMS(Int)=  0.00006600 Iteration  2 RMS(Cart)=  0.00001044 RMS(Int)=  0.00006450 Iteration  3 RMS(Cart)=  0.00000000 RMS(Int)=  0.00006450<module cmlx:lineCount="122" cmlx:templateRef="l103.deltas"><list cmlx:lineCount="120" cmlx:templateRef="delta"><array dataType="xsd:string" dictRef="cc:variable" size="120">R1 R2 R3 R4 R5 R6 R7 R8 R9 R10 R11 R12 R13 R14 R15 R16 R17 R18 R19 R20 R21 R22 R23 R24 A1 A2 A3 A4 A5 A6 A7 A8 A9 A10 A11 A12 A13 A14 A15 A16 A17 A18 A19 A20 A21 A22 A23 A24 A25 A26 A27 A28 A29 A30 A31 A32 A33 A34 A35 A36 D1 D2 D3 D4 D5 D6 D7 D8 D9 D10 D11 D12 D13 D14 D15 D16 D17 D18 D19 D20 D21 D22 D23 D24 D25 D26 D27 D28 D29 D30 D31 D32 D33 D34 D35 D36 D37 D38 D39 D40 D41 D42 D43 D44 D45 D46 D47 D48 D49 D50 D51 D52 D53 D54 D55 D56 D57 D58 D59 D60</array><array dataType="xsd:double" dictRef="g:lastval" size="120">4.74826 7.93242 7.93242 4.74826 4.74826 9.48026 9.48026 4.74826 7.93242 4.74826 9.48026 4.74826 7.93242 4.74826 9.48026 4.74826 7.93242 4.74826 9.48026 4.74826 7.93242 4.74826 9.48026 4.74826 2.67652 2.0944 2.67652 2.03587 2.03587 2.0944 2.67652 2.0944 2.67652 2.03587 2.0944 2.03587 2.67652 2.0944 2.67652 2.03587 2.0944 2.03587 2.67652 2.0944 2.67652 2.03587 2.0944 2.03587 2.67652 2.0944 2.67652 2.03587 2.0944 2.03587 2.0944 2.67652 2.67652 2.03587 2.0944 2.03587 0.0 0.0 0.0 0.0 0.0 0.0 0.0 0.0 0.0 0.0 0.0 0.0 0.0 0.0 0.0 0.0 0.0 0.0 0.0 0.0 0.0 0.0 0.0 0.0 0.0 0.0 0.0 0.0 0.0 0.0 0.0 0.0 0.0 0.0 0.0 0.0 0.0 0.0 0.0 0.0 0.0 0.0 0.0 0.0 0.0 0.0 0.0 0.0 0.0 0.0 0.0 0.0 0.0 0.0 0.0 0.0 0.0 0.0 0.0 0.0</array><array dataType="xsd:double" dictRef="cc:deriv" size="120">-1.4E-4 -4.6E-4 -4.6E-4 -1.4E-4 -1.5E-4 -3.0E-4 -3.0E-4 -1.3E-4 -4.5E-4 -1.3E-4 -3.0E-4 -1.5E-4 -4.6E-4 -1.4E-4 -3.0E-4 -1.4E-4 -4.6E-4 -1.5E-4 -3.0E-4 -1.3E-4 -4.5E-4 -1.3E-4 -3.0E-4 -1.5E-4 6.0E-5 2.0E-5 6.0E-5 -4.0E-5 -4.0E-5 1.0E-5 4.0E-5 -1.0E-5 4.0E-5 -5.0E-5 -1.0E-5 -5.0E-5 4.0E-5 -1.0E-5 4.0E-5 -4.0E-5 1.0E-5 -4.0E-5 6.0E-5 2.0E-5 6.0E-5 -4.0E-5 1.0E-5 -4.0E-5 4.0E-5 -1.0E-5 4.0E-5 -5.0E-5 -1.0E-5 -5.0E-5 -1.0E-5 4.0E-5 4.0E-5 -4.0E-5 1.0E-5 -4.0E-5 0.0 0.0 0.0 0.0 0.0 0.0 0.0 0.0 0.0 0.0 0.0 0.0 0.0 0.0 0.0 0.0 0.0 0.0 0.0 0.0 0.0 0.0 0.0 0.0 0.0 0.0 0.0 0.0 0.0 0.0 0.0 0.0 0.0 0.0 0.0 0.0 0.0 0.0 0.0 0.0 0.0 0.0 0.0 0.0 0.0 0.0 0.0 0.0 0.0 0.0 0.0 0.0 0.0 0.0 0.0 0.0 0.0 0.0 0.0 0.0</array><array dataType="xsd:double" dictRef="cc:delta.linear" size="120">0.00105 -0.02928 -0.02928 0.00105 0.00105 -8.7E-4 -8.7E-4 0.00105 -0.02928 0.00105 -8.7E-4 0.00105 -0.02928 0.00105 -8.7E-4 0.00105 -0.02928 0.00105 -8.7E-4 0.00105 -0.02928 0.00105 -8.7E-4 0.00105 0.00601 0.0 0.00601 -0.00601 -0.00601 0.0 0.00601 0.0 0.00601 -0.00601 0.0 -0.00601 0.00601 0.0 0.00601 -0.00601 0.0 -0.00601 0.00601 0.0 0.00601 -0.00601 0.0 -0.00601 0.00601 0.0 0.00601 -0.00601 0.0 -0.00601 0.0 0.00601 0.00601 -0.00601 0.0 -0.00601 0.0 0.0 0.0 0.0 0.0 0.0 0.0 0.0 0.0 0.0 0.0 0.0 0.0 0.0 0.0 0.0 0.0 0.0 0.0 0.0 0.0 0.0 0.0 0.0 0.0 0.0 0.0 0.0 0.0 0.0 0.0 0.0 0.0 0.0 0.0 0.0 0.0 0.0 0.0 0.0 0.0 0.0 0.0 0.0 0.0 0.0 0.0 0.0 0.0 0.0 0.0 0.0 0.0 0.0 0.0 0.0 0.0 0.0 0.0 0.0</array><array dataType="xsd:double" dictRef="cc:delta.quad" size="120">-0.0105 -0.01384 -0.01384 -0.0105 -0.0105 -0.02056 -0.02058 -0.01049 -0.01383 -0.01049 -0.02056 -0.0105 -0.01384 -0.0105 -0.02058 -0.0105 -0.01384 -0.0105 -0.02056 -0.01049 -0.01383 -0.01049 -0.02056 -0.0105 -6.5E-4 6.0E-5 -6.5E-4 6.9E-4 7.4E-4 1.0E-5 -7.4E-4 -3.0E-5 -7.4E-4 6.9E-4 -3.0E-5 6.9E-4 -7.4E-4 -3.0E-5 -7.4E-4 6.9E-4 1.0E-5 7.4E-4 -6.5E-4 6.0E-5 -6.5E-4 7.4E-4 1.0E-5 6.9E-4 -7.4E-4 -3.0E-5 -7.4E-4 6.9E-4 -3.0E-5 6.9E-4 -3.0E-5 -7.4E-4 -7.4E-4 6.9E-4 1.0E-5 7.4E-4 0.0 0.0 0.0 0.0 0.0 0.0 0.0 0.0 0.0 0.0 0.0 0.0 0.0 0.0 0.0 0.0 0.0 0.0 0.0 0.0 0.0 0.0 0.0 0.0 0.0 0.0 0.0 0.0 0.0 0.0 0.0 0.0 0.0 0.0 0.0 0.0 0.0 0.0 0.0 0.0 0.0 0.0 0.0 0.0 0.0 0.0 0.0 0.0 0.0 0.0 0.0 0.0 0.0 0.0 0.0 0.0 0.0 0.0 0.0 0.0</array><array dataType="xsd:double" dictRef="cc:delta.total" size="120">-0.00931 -0.04332 -0.04332 -0.00931 -0.00931 -0.02166 -0.02166 -0.00931 -0.04332 -0.00931 -0.02166 -0.00931 -0.04332 -0.00931 -0.02166 -0.00931 -0.04332 -0.00931 -0.02166 -0.00931 -0.04332 -0.00931 -0.02166 -0.00931 0.00531 0.0 0.00531 -0.00531 -0.00531 0.0 0.00531 0.0 0.00531 -0.00531 0.0 -0.00531 0.00531 0.0 0.00531 -0.00531 0.0 -0.00531 0.00531 0.0 0.00531 -0.00531 0.0 -0.00531 0.00531 0.0 0.00531 -0.00531 0.0 -0.00531 0.0 0.00531 0.00531 -0.00531 0.0 -0.00531 0.0 0.0 0.0 0.0 0.0 0.0 0.0 0.0 0.0 0.0 0.0 0.0 0.0 0.0 0.0 0.0 0.0 0.0 0.0 0.0 0.0 0.0 0.0 0.0 0.0 0.0 0.0 0.0 0.0 0.0 0.0 0.0 0.0 0.0 0.0 0.0 0.0 0.0 0.0 0.0 0.0 0.0 0.0 0.0 0.0 0.0 0.0 0.0 0.0 0.0 0.0 0.0 0.0 0.0 0.0 0.0 0.0 0.0 0.0 0.0</array><array dataType="xsd:double" dictRef="cc:newval" size="120">4.73895 7.8891 7.8891 4.73895 4.73895 9.4586 9.4586 4.73895 7.8891 4.73895 9.4586 4.73895 7.8891 4.73895 9.4586 4.73895 7.8891 4.73895 9.4586 4.73895 7.8891 4.73895 9.4586 4.73895 2.68182 2.0944 2.68182 2.03056 2.03056 2.0944 2.68182 2.0944 2.68182 2.03056 2.0944 2.03056 2.68182 2.0944 2.68182 2.03056 2.0944 2.03056 2.68182 2.0944 2.68182 2.03056 2.0944 2.03056 2.68182 2.0944 2.68182 2.03056 2.0944 2.03056 2.0944 2.68182 2.68182 2.03056 2.0944 2.03056 0.0 0.0 0.0 0.0 0.0 0.0 0.0 0.0 0.0 0.0 0.0 0.0 0.0 0.0 0.0 0.0 0.0 0.0 0.0 0.0 0.0 0.0 0.0 0.0 0.0 0.0 0.0 0.0 0.0 0.0 0.0 0.0 0.0 0.0 0.0 0.0 0.0 0.0 0.0 0.0 0.0 0.0 0.0 0.0 0.0 0.0 0.0 0.0 0.0 0.0 0.0 0.0 0.0 0.0 0.0 0.0 0.0 0.0 0.0 0.0</array></list></module><module cmlx:lineCount="5" cmlx:templateRef="l103.itemconverge"><list cmlx:lineCount="4" cmlx:templateRef="components"><array dataType="xsd:string" dictRef="g:itemconverge"/><array dataType="xsd:double" dictRef="x:value" size="4">4.5E-4 3.0E-4 0.0018 0.0012</array><array dataType="xsd:double" dictRef="x:threshold" size="4">0.0 0.0 0.0 0.0</array><array dataType="xsd:string" dictRef="g:converged" size="4">NO YES NO NO</array></list></module> Predicted change in Energy=-8.993553D-05 GradGradGradGradGradGradGradGradGradGradGradGradGradGradGradGradGradGrad</module><module cmlx:lineCount="18" cmlx:templateRef="l202.orient"><list cmlx:templateRef="type"><scalar dataType="xsd:string" dictRef="g:type">Input</scalar></list><list cmlx:lineCount="12" cmlx:templateRef="atom"><array dataType="xsd:integer" dictRef="cc:serial" size="12">1 2 3 4 5 6 7 8 9 10 11 12</array><array dataType="xsd:integer" dictRef="cc:elementType" size="12">13 13 13 13 13 13 13 13 13 13 13 13</array><array dataType="xsd:integer" dictRef="g:atomicType" size="12">0 0 0 0 0 0 0 0 0 0 0 0</array><array dataType="xsd:double" dictRef="cc:x3" size="12">-4.174733 -4.334696 -2.087367 0.0 2.087367 4.334696 4.174733 4.334696 2.087367 0.0 -2.087367 -4.334696</array><array dataType="xsd:double" dictRef="cc:y3" size="12">0.0 2.502638 3.615425 5.005276 3.615425 2.502638 0.0 -2.502638 -3.615425 -5.005276 -3.615425 -2.502638</array><array dataType="xsd:double" dictRef="cc:z3" size="12">0.0 0.0 0.0 0.0 0.0 0.0 0.0 0.0 0.0 0.0 0.0 0.0</array></list></module><module cmlx:lineCount="14" cmlx:templateRef="l202.distmat"><list cmlx:templateRef="atom"><list><scalar dataType="xsd:integer" dictRef="cc:serial">1</scalar><scalar dataType="xsd:string" dictRef="cc:elementType">Al</scalar><scalar dataType="xsd:string" dictRef="cc:distances">0.000000</scalar></list><list><scalar dataType="xsd:integer" dictRef="cc:serial">2</scalar><scalar dataType="xsd:string" dictRef="cc:elementType">Al</scalar><scalar dataType="xsd:string" dictRef="cc:distances">2.507745   0.000000</scalar></list><list><scalar dataType="xsd:integer" dictRef="cc:serial">3</scalar><scalar dataType="xsd:string" dictRef="cc:elementType">Al</scalar><scalar dataType="xsd:string" dictRef="cc:distances">4.174733   2.507745   0.000000</scalar></list><list><scalar dataType="xsd:integer" dictRef="cc:serial">4</scalar><scalar dataType="xsd:string" dictRef="cc:elementType">Al</scalar><scalar dataType="xsd:string" dictRef="cc:distances">6.517760   5.005276   2.507745   0.000000</scalar></list><list><scalar dataType="xsd:integer" dictRef="cc:serial">5</scalar><scalar dataType="xsd:string" dictRef="cc:elementType">Al</scalar><scalar dataType="xsd:string" dictRef="cc:distances">7.230850   6.517760   4.174733   2.507745   0.000000</scalar></list><list><scalar dataType="xsd:integer" dictRef="cc:serial">6</scalar><scalar dataType="xsd:string" dictRef="cc:elementType">Al</scalar><scalar dataType="xsd:string" dictRef="cc:distances">8.869814   8.669393   6.517760   5.005276   2.507745</scalar></list><list><scalar dataType="xsd:integer" dictRef="cc:serial">7</scalar><scalar dataType="xsd:string" dictRef="cc:elementType">Al</scalar><scalar dataType="xsd:string" dictRef="cc:distances">8.349467   8.869814   7.230850   6.517760   4.174733</scalar></list><list><scalar dataType="xsd:integer" dictRef="cc:serial">8</scalar><scalar dataType="xsd:string" dictRef="cc:elementType">Al</scalar><scalar dataType="xsd:string" dictRef="cc:distances">8.869814  10.010553   8.869814   8.669393   6.517760</scalar></list><list><scalar dataType="xsd:integer" dictRef="cc:serial">9</scalar><scalar dataType="xsd:string" dictRef="cc:elementType">Al</scalar><scalar dataType="xsd:string" dictRef="cc:distances">7.230850   8.869814   8.349467   8.869814   7.230850</scalar></list><list><scalar dataType="xsd:integer" dictRef="cc:serial">10</scalar><scalar dataType="xsd:string" dictRef="cc:elementType">Al</scalar><scalar dataType="xsd:string" dictRef="cc:distances">6.517760   8.669393   8.869814  10.010553   8.869814</scalar></list><list><scalar dataType="xsd:integer" dictRef="cc:serial">11</scalar><scalar dataType="xsd:string" dictRef="cc:elementType">Al</scalar><scalar dataType="xsd:string" dictRef="cc:distances">4.174733   6.517760   7.230850   8.869814   8.349467</scalar></list><list><scalar dataType="xsd:integer" dictRef="cc:serial">12</scalar><scalar dataType="xsd:string" dictRef="cc:elementType">Al</scalar><scalar dataType="xsd:string" dictRef="cc:distances">2.507745   5.005276   6.517760   8.669393   8.869814</scalar></list></list></module>                    6          7          8          9         10     6  Al   0.000000     7  Al   2.507745   0.000000     8  Al   5.005276   2.507745   0.000000     9  Al   6.517760   4.174733   2.507745   0.000000    10  Al   8.669393   6.517760   5.005276   2.507745   0.000000    11  Al   8.869814   7.230850   6.517760   4.174733   2.507745    12  Al  10.010553   8.869814   8.669393   6.517760   5.005276                   11         12    11  Al   0.000000    12  Al   2.507745   0.000000<module cmlx:lineCount="6" cmlx:templateRef="l202.stoich"><list cmlx:templateRef="stoich"><scalar dataType="xsd:string" dictRef="cc:formula">Al12</scalar></list><list cmlx:templateRef="framework"><scalar dataType="xsd:string" dictRef="cc:frameworkgroup">D6H[3C2'(Al.Al),3C2"(Al.Al)]</scalar></list> Full point group                 D6H Largest Abelian subgroup         D2H     NOp   8 Largest concise Abelian subgroup D2      NOp   4</module><module cmlx:lineCount="18" cmlx:templateRef="l202.orient"><list cmlx:templateRef="type"><scalar dataType="xsd:string" dictRef="g:type">Standard</scalar></list><list cmlx:lineCount="12" cmlx:templateRef="atom"><array dataType="xsd:integer" dictRef="cc:serial" size="12">1 2 3 4 5 6 7 8 9 10 11 12</array><array dataType="xsd:integer" dictRef="cc:elementType" size="12">13 13 13 13 13 13 13 13 13 13 13 13</array><array dataType="xsd:integer" dictRef="g:atomicType" size="12">0 0 0 0 0 0 0 0 0 0 0 0</array><array dataType="xsd:double" dictRef="cc:x3" size="12">0.0 2.502638 3.615425 5.005276 3.615425 2.502638 0.0 -2.502638 -3.615425 -5.005276 -3.615425 -2.502638</array><array dataType="xsd:double" dictRef="cc:y3" size="12">4.174733 4.334696 2.087367 0.0 -2.087367 -4.334696 -4.174733 -4.334696 -2.087367 0.0 2.087367 4.334696</array><array dataType="xsd:double" dictRef="cc:z3" size="12">0.0 0.0 0.0 0.0 0.0 0.0 0.0 0.0 0.0 0.0 0.0 0.0</array></list></module><module cmlx:lineCount="1" cmlx:templateRef="l202.rotconst"/><module cmlx:lineCount="16" cmlx:templateRef="l301.basis"><list cmlx:templateRef="basis"><list><scalar dataType="xsd:string" dictRef="cc:basis">6-31G(d)</scalar><scalar dataType="xsd:string" dictRef="cc:diffuse">(6D, 7F)</scalar></list></list><list cmlx:templateRef="symmadapt"><list><scalar dataType="xsd:integer" dictRef="cc:adapted">48</scalar><scalar dataType="xsd:string" dictRef="cc:symm">AG</scalar></list><list><scalar dataType="xsd:integer" dictRef="cc:adapted">36</scalar><scalar dataType="xsd:string" dictRef="cc:symm">B1G</scalar></list><list><scalar dataType="xsd:integer" dictRef="cc:adapted">15</scalar><scalar dataType="xsd:string" dictRef="cc:symm">B2G</scalar></list><list><scalar dataType="xsd:integer" dictRef="cc:adapted">15</scalar><scalar dataType="xsd:string" dictRef="cc:symm">B3G</scalar></list><list><scalar dataType="xsd:integer" dictRef="cc:adapted">12</scalar><scalar dataType="xsd:string" dictRef="cc:symm">AU</scalar></list><list><scalar dataType="xsd:integer" dictRef="cc:adapted">18</scalar><scalar dataType="xsd:string" dictRef="cc:symm">B1U</scalar></list><list><scalar dataType="xsd:integer" dictRef="cc:adapted">42</scalar><scalar dataType="xsd:string" dictRef="cc:symm">B2U</scalar></list><list><scalar dataType="xsd:integer" dictRef="cc:adapted">42</scalar><scalar dataType="xsd:string" dictRef="cc:symm">B3U</scalar></list></list><list cmlx:templateRef="buffer"><scalar dataType="xsd:integer" dictRef="g:buffer">131072</scalar></list><list cmlx:templateRef="raff"><scalar dataType="xsd:string" dictRef="g:raffenetti">Raffenetti</scalar></list><list cmlx:templateRef="twoe"><scalar dataType="xsd:string" dictRef="g:twoe">Two-electron</scalar></list><list cmlx:templateRef="basiscount"><list><scalar dataType="xsd:integer" dictRef="cc:basiscount">228</scalar><scalar dataType="xsd:integer" dictRef="g:primbasis">624</scalar><scalar dataType="xsd:integer" dictRef="cc:cartesianbasis">228</scalar></list></list><list cmlx:templateRef="alphabeta"><list><scalar dataType="xsd:integer" dictRef="cc:alphae">78</scalar><scalar dataType="xsd:integer" dictRef="cc:betae">78</scalar></list></list> NAtoms=   12 NActive=   12 NUniq=    2 SFac= 3.00D+00 NAtFMM=   80 NAOKFM=F Big=F</module><module cmlx:lineCount="1" cmlx:templateRef="l302.basis"><list cmlx:templateRef="onee"><scalar dataType="xsd:string" dictRef="g:onee">One-electron integrals</scalar></list></module> NBasis=   228 RedAO= T  NBF=    48    36    15    15    12    18    42    42 NBsUse=   228 1.00D-06 NBFU=    48    36    15    15    12    18    42    42 Initial guess read from the read-write file:<module cmlx:lineCount="1" cmlx:templateRef="l401.orbsym"><list cmlx:templateRef="l401"><scalar dataType="xsd:string" dictRef="g:l401">Initial guess orbital symmetries:</scalar></list></module>       Occupied  (?A) (?A) (?A) (?A) (?A) (?A) (?B) (?A) (?A) (?B)                 (?B) (?A) (?A) (?A) (?A) (?A) (?A) (?A) (?B) (?A)                 (?A) (?B) (?B) (?A) (?A) (?A) (?A) (?A) (?A) (?A)                 (?C) (?C) (?C) (?C) (?C) (?C) (?B) (?B) (?B) (?B)                 (?B) (?B) (A1G) (E1U) (E1U) (E2G) (E2G) (B2U)                 (?D) (?C) (?C) (?D) (?D) (?C) (?A) (?B) (?B) (?A)                 (?A) (?B) (A1G) (E1U) (E1U) (E2G) (E2G) (B2U)                 (B1U) (E2G) (E2G) (E1U) (E1U) (A1G) (A2G) (E1U)                 (E1U) (A2U) (E1G) (E1G)       Virtual   (E2G) (E2G) (E2U) (E2U) (B2U) (A1G) (B1G) (B2G)                 (B1U) (E1U) (E1U) (E2G) (E2G) (E2U) (E2U) (A1G)                 (E1U) (E1U) (E1G) (E1G) (A2U) (E2G) (E2G) (E1U)                 (E1U) (E2G) (E2G) (A2G) (B1U) (B2U) (B1U) (A1G)                 (E1U) (E1U) (E2G) (E2G) (B2U) (A1G) (A2U) (E1G)                 (E1G) (E2G) (E2G) (E1U) (E1U) (A1G) (E2U) (E2U)                 (E1U) (E1U) (B1G) (B2G) (A2U) (E2G) (E2G) (E1G)                 (E1G) (E2U) (E2U) (E1U) (E1U) (A1G) (B2U) (B1U)                 (E2G) (E2G) (B2U) (E2G) (E2G) (A1U) (A2G) (E2G)                 (E2G) (E1G) (E1G) (E1U) (E1U) (B1U) (E1U) (E1U)                 (E2U) (E2U) (A2G) (B1G) (B2U) (E2G) (E2G) (E1U)                 (E1U) (B2G) (B1U) (E2U) (E2U) (A2U) (E1G) (E1G)                 (E2G) (E2G) (A1G) (E1U) (E1U) (E1G) (E1G) (E2U)                 (E2U) (A1G) (A2U) (A1G) (A2G) (?A) (?A) (?A) (B2G)                 (E2G) (E2G) (E1U) (E1U) (B1G) (B2U) (E2U) (E2U)                 (E2G) (E2G) (E1G) (E1G) (A1U) (E1U) (E1U) (A2G)                 (E2G) (E2G) (B2U) (A1G) (E1U) (E1U) (E2G) (E2G)                 (B1U) (A1G) (E1U) (E1U) (E2G) (E2G) (B2U) (B1U)                 (E2G) (E2G) (E1U) (E1U) (A1G) Harris functional with IExCor=  402 diagonalized for initial guess. ExpMin= 5.57D-02 ExpMax= 1.40D+04 ExpMxC= 2.10D+03 IAcc=2 IRadAn=         4 AccDes= 0.00D+00 HarFok:  IExCor= 402 AccDes= 0.00D+00 IRadAn=         4 IDoV=1 ScaDFX=  1.000000  1.000000  1.000000  1.000000 Requested convergence on RMS density matrix=1.00D-08 within 128 cycles. Requested convergence on MAX density matrix=1.00D-06. Requested convergence on             energy=1.00D-06. No special actions if energy rises. Keep R1 integrals in memory in canonical form, NReq=   347900573. Integral accuracy reduced to 1.0D-05 until final iterations. Density matrix breaks symmetry, PCut= 1.00D-04 Density has only Abelian symmetry. Density matrix breaks symmetry, PCut= 1.00D-04 Density has only Abelian symmetry. Density matrix breaks symmetry, PCut= 1.00D-04 Density has only Abelian symmetry. Density matrix breaks symmetry, PCut= 1.00D-04 Density has only Abelian symmetry. Initial convergence to 1.0D-05 achieved.  Increase integral accuracy. Density matrix breaks symmetry, PCut= 1.00D-04 Density has only Abelian symmetry. Density matrix breaks symmetry, PCut= 1.00D-04 Density has only Abelian symmetry. Density matrix breaks symmetry, PCut= 1.00D-04 Density has only Abelian symmetry. Density matrix breaks symmetry, PCut= 1.00D-04 Density has only Abelian symmetry. Density matrix breaks symmetry, PCut= 1.00D-04 Density has only Abelian symmetry. Density matrix breaks symmetry, PCut= 1.00D-04 Density has only Abelian symmetry. Density matrix breaks symmetry, PCut= 1.00D-04 Density has only Abelian symmetry. Density matrix breaks symmetry, PCut= 1.00D-04 Density has only Abelian symmetry. Density matrix breaks symmetry, PCut= 1.00D-04 Density has only Abelian symmetry. Density matrix breaks symmetry, PCut= 1.00D-04 Density has only Abelian symmetry. SCF Done:  E(RB+HF-LYP) =  -2908.98128738     A.U. after   13 cycles             Convg  =    0.4787D-08             -V/T =  2.0038             S**2   =   0.0000 Density matrix has only Abelian symmetry. Density matrix has only Abelian symmetry. ***** Axes restored to original set *****<module cmlx:lineCount="18" cmlx:templateRef="forces"><list cmlx:templateRef="force"><list><scalar dataType="xsd:integer" dictRef="x:serial">1</scalar><scalar dataType="xsd:integer" dictRef="x:elementType">13</scalar><scalar dataType="xsd:double" dictRef="x:x3">1.5592E-5</scalar><scalar dataType="xsd:double" dictRef="x:y3">0.0</scalar><scalar dataType="xsd:double" dictRef="x:z3">0.0</scalar></list><list><scalar dataType="xsd:integer" dictRef="x:serial">2</scalar><scalar dataType="xsd:integer" dictRef="x:elementType">13</scalar><scalar dataType="xsd:double" dictRef="x:x3">2.08758E-4</scalar><scalar dataType="xsd:double" dictRef="x:y3">-1.10978E-4</scalar><scalar dataType="xsd:double" dictRef="x:z3">0.0</scalar></list><list><scalar dataType="xsd:integer" dictRef="x:serial">3</scalar><scalar dataType="xsd:integer" dictRef="x:elementType">13</scalar><scalar dataType="xsd:double" dictRef="x:x3">-3.624E-5</scalar><scalar dataType="xsd:double" dictRef="x:y3">-7.44E-6</scalar><scalar dataType="xsd:double" dictRef="x:z3">0.0</scalar></list><list><scalar dataType="xsd:integer" dictRef="x:serial">4</scalar><scalar dataType="xsd:integer" dictRef="x:elementType">13</scalar><scalar dataType="xsd:double" dictRef="x:x3">0.0</scalar><scalar dataType="xsd:double" dictRef="x:y3">-2.09541E-4</scalar><scalar dataType="xsd:double" dictRef="x:z3">0.0</scalar></list><list><scalar dataType="xsd:integer" dictRef="x:serial">5</scalar><scalar dataType="xsd:integer" dictRef="x:elementType">13</scalar><scalar dataType="xsd:double" dictRef="x:x3">3.624E-5</scalar><scalar dataType="xsd:double" dictRef="x:y3">-7.44E-6</scalar><scalar dataType="xsd:double" dictRef="x:z3">0.0</scalar></list><list><scalar dataType="xsd:integer" dictRef="x:serial">6</scalar><scalar dataType="xsd:integer" dictRef="x:elementType">13</scalar><scalar dataType="xsd:double" dictRef="x:x3">-2.08758E-4</scalar><scalar dataType="xsd:double" dictRef="x:y3">-1.10978E-4</scalar><scalar dataType="xsd:double" dictRef="x:z3">0.0</scalar></list><list><scalar dataType="xsd:integer" dictRef="x:serial">7</scalar><scalar dataType="xsd:integer" dictRef="x:elementType">13</scalar><scalar dataType="xsd:double" dictRef="x:x3">-1.5592E-5</scalar><scalar dataType="xsd:double" dictRef="x:y3">0.0</scalar><scalar dataType="xsd:double" dictRef="x:z3">0.0</scalar></list><list><scalar dataType="xsd:integer" dictRef="x:serial">8</scalar><scalar dataType="xsd:integer" dictRef="x:elementType">13</scalar><scalar dataType="xsd:double" dictRef="x:x3">-2.08758E-4</scalar><scalar dataType="xsd:double" dictRef="x:y3">1.10978E-4</scalar><scalar dataType="xsd:double" dictRef="x:z3">0.0</scalar></list><list><scalar dataType="xsd:integer" dictRef="x:serial">9</scalar><scalar dataType="xsd:integer" dictRef="x:elementType">13</scalar><scalar dataType="xsd:double" dictRef="x:x3">3.624E-5</scalar><scalar dataType="xsd:double" dictRef="x:y3">7.44E-6</scalar><scalar dataType="xsd:double" dictRef="x:z3">0.0</scalar></list><list><scalar dataType="xsd:integer" dictRef="x:serial">10</scalar><scalar dataType="xsd:integer" dictRef="x:elementType">13</scalar><scalar dataType="xsd:double" dictRef="x:x3">0.0</scalar><scalar dataType="xsd:double" dictRef="x:y3">2.09541E-4</scalar><scalar dataType="xsd:double" dictRef="x:z3">0.0</scalar></list><list><scalar dataType="xsd:integer" dictRef="x:serial">11</scalar><scalar dataType="xsd:integer" dictRef="x:elementType">13</scalar><scalar dataType="xsd:double" dictRef="x:x3">-3.624E-5</scalar><scalar dataType="xsd:double" dictRef="x:y3">7.44E-6</scalar><scalar dataType="xsd:double" dictRef="x:z3">0.0</scalar></list><list><scalar dataType="xsd:integer" dictRef="x:serial">12</scalar><scalar dataType="xsd:integer" dictRef="x:elementType">13</scalar><scalar dataType="xsd:double" dictRef="x:x3">2.08758E-4</scalar><scalar dataType="xsd:double" dictRef="x:y3">1.10978E-4</scalar><scalar dataType="xsd:double" dictRef="x:z3">0.0</scalar></list></list><list cmlx:templateRef="cartesianforce"><list><scalar dataType="xsd:double" dictRef="cc:maxforce">2.09541E-4</scalar><scalar dataType="xsd:double" dictRef="cc:rmsforce">9.3891E-5</scalar></list></list></module><module cmlx:lineCount="165" cmlx:templateRef="l103" xmlns:xi="http://www.w3.org/2001/XInclude"><list cmlx:templateRef="berny"><scalar dataType="xsd:string" dictRef="g:optimization">Internal  Forces:  Max     0.000133819 RMS     0.000039371</scalar></list> Search for a local minimum. Step number  26 out of a maximum of 100 All quantities printed in internal units (Hartrees-Bohrs-Radians) Update second derivatives using D2CorX and points 24 25 26<module cmlx:lineCount="1" cmlx:templateRef="l103.trust"> Trust test= 1.16D+00 RLast= 1.26D-01 DXMaxT set to 1.00D+00</module>     Eigenvalues ---    0.00950   0.03026   0.03266   0.03344   0.03344     Eigenvalues ---    0.04802   0.04942   0.04942   0.05182   0.05182     Eigenvalues ---    0.07281   0.08622   0.08622   0.09676   0.09676     Eigenvalues ---    0.10852   0.24369   0.24418   0.24419   1.01673     Eigenvalues ---    1.01675   1.01744   1.04428   1.04428   2.07912     Eigenvalues ---    2.38610   2.38613   2.83308   2.83308   2.95289     Eigenvalues --- 1000.000001000.000001000.000001000.000001000.00000     Eigenvalues --- 1000.000001000.000001000.000001000.000001000.00000     Eigenvalues --- 1000.000001000.000001000.000001000.000001000.00000     Eigenvalues --- 1000.000001000.000001000.000001000.000001000.00000     Eigenvalues --- 1000.000001000.000001000.000001000.000001000.00000     Eigenvalues --- 1000.000001000.000001000.000001000.000001000.00000     Eigenvalues --- 1000.000001000.000001000.000001000.000001000.00000     Eigenvalues --- 1000.000001000.000001000.000001000.000001000.00000     Eigenvalues --- 1000.000001000.000001000.000001000.000001000.00000     Eigenvalues --- 1000.000001000.000001000.000001000.000001000.00000     Eigenvalues --- 1000.000001000.000001000.000001000.000001000.00000     Eigenvalues --- 1000.000001000.000001000.000001000.000001000.00000     Eigenvalues --- 1000.000001000.000001000.000001000.000001000.00000     Eigenvalues --- 1000.000001000.000001000.000001000.000001000.00000     Eigenvalues --- 1000.000001000.000001000.000001000.000001000.00000     Eigenvalues --- 1000.000001000.000001000.000001000.000001000.00000     Eigenvalues --- 1000.000001000.000001000.000001000.000001000.00000     Eigenvalues --- 1000.000001000.000001000.000001000.000001000.00000 RFO step:  Lambda=-5.00224639D-06. Quartic linear search produced a step of  0.19077. Iteration  1 RMS(Cart)=  0.00230631 RMS(Int)=  0.00000317 Iteration  2 RMS(Cart)=  0.00000003 RMS(Int)=  0.00000317<module cmlx:lineCount="122" cmlx:templateRef="l103.deltas"><list cmlx:lineCount="120" cmlx:templateRef="delta"><array dataType="xsd:string" dictRef="cc:variable" size="120">R1 R2 R3 R4 R5 R6 R7 R8 R9 R10 R11 R12 R13 R14 R15 R16 R17 R18 R19 R20 R21 R22 R23 R24 A1 A2 A3 A4 A5 A6 A7 A8 A9 A10 A11 A12 A13 A14 A15 A16 A17 A18 A19 A20 A21 A22 A23 A24 A25 A26 A27 A28 A29 A30 A31 A32 A33 A34 A35 A36 D1 D2 D3 D4 D5 D6 D7 D8 D9 D10 D11 D12 D13 D14 D15 D16 D17 D18 D19 D20 D21 D22 D23 D24 D25 D26 D27 D28 D29 D30 D31 D32 D33 D34 D35 D36 D37 D38 D39 D40 D41 D42 D43 D44 D45 D46 D47 D48 D49 D50 D51 D52 D53 D54 D55 D56 D57 D58 D59 D60</array><array dataType="xsd:double" dictRef="g:lastval" size="120">4.73895 7.8891 7.8891 4.73895 4.73895 9.4586 9.4586 4.73895 7.8891 4.73895 9.4586 4.73895 7.8891 4.73895 9.4586 4.73895 7.8891 4.73895 9.4586 4.73895 7.8891 4.73895 9.4586 4.73895 2.68182 2.0944 2.68182 2.03056 2.03056 2.0944 2.68182 2.0944 2.68182 2.03056 2.0944 2.03056 2.68182 2.0944 2.68182 2.03056 2.0944 2.03056 2.68182 2.0944 2.68182 2.03056 2.0944 2.03056 2.68182 2.0944 2.68182 2.03056 2.0944 2.03056 2.0944 2.68182 2.68182 2.03056 2.0944 2.03056 0.0 0.0 0.0 0.0 0.0 0.0 0.0 0.0 0.0 0.0 0.0 0.0 0.0 0.0 0.0 0.0 0.0 0.0 0.0 0.0 0.0 0.0 0.0 0.0 0.0 0.0 0.0 0.0 0.0 0.0 0.0 0.0 0.0 0.0 0.0 0.0 0.0 0.0 0.0 0.0 0.0 0.0 0.0 0.0 0.0 0.0 0.0 0.0 0.0 0.0 0.0 0.0 0.0 0.0 0.0 0.0 0.0 0.0 0.0 0.0</array><array dataType="xsd:double" dictRef="cc:deriv" size="120">-7.0E-5 -3.0E-5 -3.0E-5 -7.0E-5 -9.0E-5 -1.3E-4 -1.3E-4 -6.0E-5 -2.0E-5 -6.0E-5 -1.3E-4 -9.0E-5 -3.0E-5 -7.0E-5 -1.3E-4 -7.0E-5 -3.0E-5 -9.0E-5 -1.3E-4 -6.0E-5 -2.0E-5 -6.0E-5 -1.3E-4 -9.0E-5 -1.0E-5 2.0E-5 -1.0E-5 2.0E-5 3.0E-5 1.0E-5 -2.0E-5 -1.0E-5 -3.0E-5 1.0E-5 -1.0E-5 1.0E-5 -3.0E-5 -1.0E-5 -2.0E-5 2.0E-5 1.0E-5 3.0E-5 -1.0E-5 2.0E-5 -1.0E-5 3.0E-5 1.0E-5 2.0E-5 -2.0E-5 -1.0E-5 -3.0E-5 1.0E-5 -1.0E-5 1.0E-5 -1.0E-5 -2.0E-5 -3.0E-5 2.0E-5 1.0E-5 3.0E-5 0.0 0.0 0.0 0.0 0.0 0.0 0.0 0.0 0.0 0.0 0.0 0.0 0.0 0.0 0.0 0.0 0.0 0.0 0.0 0.0 0.0 0.0 0.0 0.0 0.0 0.0 0.0 0.0 0.0 0.0 0.0 0.0 0.0 0.0 0.0 0.0 0.0 0.0 0.0 0.0 0.0 0.0 0.0 0.0 0.0 0.0 0.0 0.0 0.0 0.0 0.0 0.0 0.0 0.0 0.0 0.0 0.0 0.0 0.0 0.0</array><array dataType="xsd:double" dictRef="cc:delta.linear" size="120">-0.00178 -0.00826 -0.00826 -0.00178 -0.00178 -0.00413 -0.00413 -0.00178 -0.00826 -0.00178 -0.00413 -0.00178 -0.00826 -0.00178 -0.00413 -0.00178 -0.00826 -0.00178 -0.00413 -0.00178 -0.00826 -0.00178 -0.00413 -0.00178 0.00101 0.0 0.00101 -0.00101 -0.00101 0.0 0.00101 0.0 0.00101 -0.00101 0.0 -0.00101 0.00101 0.0 0.00101 -0.00101 0.0 -0.00101 0.00101 0.0 0.00101 -0.00101 0.0 -0.00101 0.00101 0.0 0.00101 -0.00101 0.0 -0.00101 0.0 0.00101 0.00101 -0.00101 0.0 -0.00101 0.0 0.0 0.0 0.0 0.0 0.0 0.0 0.0 0.0 0.0 0.0 0.0 0.0 0.0 0.0 0.0 0.0 0.0 0.0 0.0 0.0 0.0 0.0 0.0 0.0 0.0 0.0 0.0 0.0 0.0 0.0 0.0 0.0 0.0 0.0 0.0 0.0 0.0 0.0 0.0 0.0 0.0 0.0 0.0 0.0 0.0 0.0 0.0 0.0 0.0 0.0 0.0 0.0 0.0 0.0 0.0 0.0 0.0 0.0 0.0</array><array dataType="xsd:double" dictRef="cc:delta.quad" size="120">-0.00211 0.00149 0.00149 -0.00211 -0.00212 -0.00363 -0.00366 -0.00211 0.00151 -0.00211 -0.00363 -0.00212 0.00149 -0.00211 -0.00366 -0.00211 0.00149 -0.00212 -0.00363 -0.00211 0.00151 -0.00211 -0.00363 -0.00212 -9.0E-4 6.0E-5 -9.0E-4 9.4E-4 9.8E-4 1.0E-5 -9.9E-4 -3.0E-5 -9.8E-4 9.4E-4 -3.0E-5 9.4E-4 -9.8E-4 -3.0E-5 -9.9E-4 9.4E-4 1.0E-5 9.8E-4 -9.0E-4 6.0E-5 -9.0E-4 9.8E-4 1.0E-5 9.4E-4 -9.9E-4 -3.0E-5 -9.8E-4 9.4E-4 -3.0E-5 9.4E-4 -3.0E-5 -9.9E-4 -9.8E-4 9.4E-4 1.0E-5 9.8E-4 0.0 0.0 0.0 0.0 0.0 0.0 0.0 0.0 0.0 0.0 0.0 0.0 0.0 0.0 0.0 0.0 0.0 0.0 0.0 0.0 0.0 0.0 0.0 0.0 0.0 0.0 0.0 0.0 0.0 0.0 0.0 0.0 0.0 0.0 0.0 0.0 0.0 0.0 0.0 0.0 0.0 0.0 0.0 0.0 0.0 0.0 0.0 0.0 0.0 0.0 0.0 0.0 0.0 0.0 0.0 0.0 0.0 0.0 0.0 0.0</array><array dataType="xsd:double" dictRef="cc:delta.total" size="120">-0.0039 -0.00696 -0.00696 -0.0039 -0.0039 -0.00784 -0.00784 -0.0039 -0.00696 -0.0039 -0.00784 -0.0039 -0.00696 -0.0039 -0.00784 -0.0039 -0.00696 -0.0039 -0.00784 -0.0039 -0.00696 -0.0039 -0.00784 -0.0039 9.0E-5 0.0 9.0E-5 -9.0E-5 -9.0E-5 0.0 9.0E-5 0.0 9.0E-5 -9.0E-5 0.0 -9.0E-5 9.0E-5 0.0 9.0E-5 -9.0E-5 0.0 -9.0E-5 9.0E-5 0.0 9.0E-5 -9.0E-5 0.0 -9.0E-5 9.0E-5 0.0 9.0E-5 -9.0E-5 0.0 -9.0E-5 0.0 9.0E-5 9.0E-5 -9.0E-5 0.0 -9.0E-5 0.0 0.0 0.0 0.0 0.0 0.0 0.0 0.0 0.0 0.0 0.0 0.0 0.0 0.0 0.0 0.0 0.0 0.0 0.0 0.0 0.0 0.0 0.0 0.0 0.0 0.0 0.0 0.0 0.0 0.0 0.0 0.0 0.0 0.0 0.0 0.0 0.0 0.0 0.0 0.0 0.0 0.0 0.0 0.0 0.0 0.0 0.0 0.0 0.0 0.0 0.0 0.0 0.0 0.0 0.0 0.0 0.0 0.0 0.0 0.0</array><array dataType="xsd:double" dictRef="cc:newval" size="120">4.73505 7.88214 7.88214 4.73505 4.73505 9.45076 9.45076 4.73505 7.88214 4.73505 9.45076 4.73505 7.88214 4.73505 9.45076 4.73505 7.88214 4.73505 9.45076 4.73505 7.88214 4.73505 9.45076 4.73505 2.68191 2.0944 2.68191 2.03047 2.03047 2.0944 2.68191 2.0944 2.68191 2.03047 2.0944 2.03047 2.68191 2.0944 2.68191 2.03047 2.0944 2.03047 2.68191 2.0944 2.68191 2.03047 2.0944 2.03047 2.68191 2.0944 2.68191 2.03047 2.0944 2.03047 2.0944 2.68191 2.68191 2.03047 2.0944 2.03047 0.0 0.0 0.0 0.0 0.0 0.0 0.0 0.0 0.0 0.0 0.0 0.0 0.0 0.0 0.0 0.0 0.0 0.0 0.0 0.0 0.0 0.0 0.0 0.0 0.0 0.0 0.0 0.0 0.0 0.0 0.0 0.0 0.0 0.0 0.0 0.0 0.0 0.0 0.0 0.0 0.0 0.0 0.0 0.0 0.0 0.0 0.0 0.0 0.0 0.0 0.0 0.0 0.0 0.0 0.0 0.0 0.0 0.0 0.0 0.0</array></list></module><module cmlx:lineCount="5" cmlx:templateRef="l103.itemconverge"><list cmlx:lineCount="4" cmlx:templateRef="components"><array dataType="xsd:string" dictRef="g:itemconverge"/><array dataType="xsd:double" dictRef="x:value" size="4">4.5E-4 3.0E-4 0.0018 0.0012</array><array dataType="xsd:double" dictRef="x:threshold" size="4">0.0 0.0 0.0 0.0</array><array dataType="xsd:string" dictRef="g:converged" size="4">YES YES NO NO</array></list></module> Predicted change in Energy=-5.268523D-06 GradGradGradGradGradGradGradGradGradGradGradGradGradGradGradGradGradGrad</module><module cmlx:lineCount="18" cmlx:templateRef="l202.orient"><list cmlx:templateRef="type"><scalar dataType="xsd:string" dictRef="g:type">Input</scalar></list><list cmlx:lineCount="12" cmlx:templateRef="atom"><array dataType="xsd:integer" dictRef="cc:serial" size="12">1 2 3 4 5 6 7 8 9 10 11 12</array><array dataType="xsd:integer" dictRef="cc:elementType" size="12">13 13 13 13 13 13 13 13 13 13 13 13</array><array dataType="xsd:integer" dictRef="g:atomicType" size="12">0 0 0 0 0 0 0 0 0 0 0 0</array><array dataType="xsd:double" dictRef="cc:x3" size="12">-4.171048 -4.331105 -2.085524 0.0 2.085524 4.331105 4.171048 4.331105 2.085524 0.0 -2.085524 -4.331105</array><array dataType="xsd:double" dictRef="cc:y3" size="12">0.0 2.500565 3.612234 5.001129 3.612234 2.500565 0.0 -2.500565 -3.612234 -5.001129 -3.612234 -2.500565</array><array dataType="xsd:double" dictRef="cc:z3" size="12">0.0 0.0 0.0 0.0 0.0 0.0 0.0 0.0 0.0 0.0 0.0 0.0</array></list></module><module cmlx:lineCount="14" cmlx:templateRef="l202.distmat"><list cmlx:templateRef="atom"><list><scalar dataType="xsd:integer" dictRef="cc:serial">1</scalar><scalar dataType="xsd:string" dictRef="cc:elementType">Al</scalar><scalar dataType="xsd:string" dictRef="cc:distances">0.000000</scalar></list><list><scalar dataType="xsd:integer" dictRef="cc:serial">2</scalar><scalar dataType="xsd:string" dictRef="cc:elementType">Al</scalar><scalar dataType="xsd:string" dictRef="cc:distances">2.505682   0.000000</scalar></list><list><scalar dataType="xsd:integer" dictRef="cc:serial">3</scalar><scalar dataType="xsd:string" dictRef="cc:elementType">Al</scalar><scalar dataType="xsd:string" dictRef="cc:distances">4.171048   2.505682   0.000000</scalar></list><list><scalar dataType="xsd:integer" dictRef="cc:serial">4</scalar><scalar dataType="xsd:string" dictRef="cc:elementType">Al</scalar><scalar dataType="xsd:string" dictRef="cc:distances">6.512215   5.001129   2.505682   0.000000</scalar></list><list><scalar dataType="xsd:integer" dictRef="cc:serial">5</scalar><scalar dataType="xsd:string" dictRef="cc:elementType">Al</scalar><scalar dataType="xsd:string" dictRef="cc:distances">7.224468   6.512215   4.171048   2.505682   0.000000</scalar></list><list><scalar dataType="xsd:integer" dictRef="cc:serial">6</scalar><scalar dataType="xsd:string" dictRef="cc:elementType">Al</scalar><scalar dataType="xsd:string" dictRef="cc:distances">8.862248   8.662210   6.512215   5.001129   2.505682</scalar></list><list><scalar dataType="xsd:integer" dictRef="cc:serial">7</scalar><scalar dataType="xsd:string" dictRef="cc:elementType">Al</scalar><scalar dataType="xsd:string" dictRef="cc:distances">8.342097   8.862248   7.224468   6.512215   4.171048</scalar></list><list><scalar dataType="xsd:integer" dictRef="cc:serial">8</scalar><scalar dataType="xsd:string" dictRef="cc:elementType">Al</scalar><scalar dataType="xsd:string" dictRef="cc:distances">8.862248  10.002258   8.862248   8.662210   6.512215</scalar></list><list><scalar dataType="xsd:integer" dictRef="cc:serial">9</scalar><scalar dataType="xsd:string" dictRef="cc:elementType">Al</scalar><scalar dataType="xsd:string" dictRef="cc:distances">7.224468   8.862248   8.342097   8.862248   7.224468</scalar></list><list><scalar dataType="xsd:integer" dictRef="cc:serial">10</scalar><scalar dataType="xsd:string" dictRef="cc:elementType">Al</scalar><scalar dataType="xsd:string" dictRef="cc:distances">6.512215   8.662210   8.862248  10.002258   8.862248</scalar></list><list><scalar dataType="xsd:integer" dictRef="cc:serial">11</scalar><scalar dataType="xsd:string" dictRef="cc:elementType">Al</scalar><scalar dataType="xsd:string" dictRef="cc:distances">4.171048   6.512215   7.224468   8.862248   8.342097</scalar></list><list><scalar dataType="xsd:integer" dictRef="cc:serial">12</scalar><scalar dataType="xsd:string" dictRef="cc:elementType">Al</scalar><scalar dataType="xsd:string" dictRef="cc:distances">2.505682   5.001129   6.512215   8.662210   8.862248</scalar></list></list></module>                    6          7          8          9         10     6  Al   0.000000     7  Al   2.505682   0.000000     8  Al   5.001129   2.505682   0.000000     9  Al   6.512215   4.171048   2.505682   0.000000    10  Al   8.662210   6.512215   5.001129   2.505682   0.000000    11  Al   8.862248   7.224468   6.512215   4.171048   2.505682    12  Al  10.002258   8.862248   8.662210   6.512215   5.001129                   11         12    11  Al   0.000000    12  Al   2.505682   0.000000<module cmlx:lineCount="6" cmlx:templateRef="l202.stoich"><list cmlx:templateRef="stoich"><scalar dataType="xsd:string" dictRef="cc:formula">Al12</scalar></list><list cmlx:templateRef="framework"><scalar dataType="xsd:string" dictRef="cc:frameworkgroup">D6H[3C2'(Al.Al),3C2"(Al.Al)]</scalar></list> Full point group                 D6H Largest Abelian subgroup         D2H     NOp   8 Largest concise Abelian subgroup D2      NOp   4</module><module cmlx:lineCount="18" cmlx:templateRef="l202.orient"><list cmlx:templateRef="type"><scalar dataType="xsd:string" dictRef="g:type">Standard</scalar></list><list cmlx:lineCount="12" cmlx:templateRef="atom"><array dataType="xsd:integer" dictRef="cc:serial" size="12">1 2 3 4 5 6 7 8 9 10 11 12</array><array dataType="xsd:integer" dictRef="cc:elementType" size="12">13 13 13 13 13 13 13 13 13 13 13 13</array><array dataType="xsd:integer" dictRef="g:atomicType" size="12">0 0 0 0 0 0 0 0 0 0 0 0</array><array dataType="xsd:double" dictRef="cc:x3" size="12">0.0 2.500565 3.612234 5.001129 3.612234 2.500565 0.0 -2.500565 -3.612234 -5.001129 -3.612234 -2.500565</array><array dataType="xsd:double" dictRef="cc:y3" size="12">4.171048 4.331105 2.085524 0.0 -2.085524 -4.331105 -4.171048 -4.331105 -2.085524 0.0 2.085524 4.331105</array><array dataType="xsd:double" dictRef="cc:z3" size="12">0.0 0.0 0.0 0.0 0.0 0.0 0.0 0.0 0.0 0.0 0.0 0.0</array></list></module><module cmlx:lineCount="1" cmlx:templateRef="l202.rotconst"/><module cmlx:lineCount="16" cmlx:templateRef="l301.basis"><list cmlx:templateRef="basis"><list><scalar dataType="xsd:string" dictRef="cc:basis">6-31G(d)</scalar><scalar dataType="xsd:string" dictRef="cc:diffuse">(6D, 7F)</scalar></list></list><list cmlx:templateRef="symmadapt"><list><scalar dataType="xsd:integer" dictRef="cc:adapted">48</scalar><scalar dataType="xsd:string" dictRef="cc:symm">AG</scalar></list><list><scalar dataType="xsd:integer" dictRef="cc:adapted">36</scalar><scalar dataType="xsd:string" dictRef="cc:symm">B1G</scalar></list><list><scalar dataType="xsd:integer" dictRef="cc:adapted">15</scalar><scalar dataType="xsd:string" dictRef="cc:symm">B2G</scalar></list><list><scalar dataType="xsd:integer" dictRef="cc:adapted">15</scalar><scalar dataType="xsd:string" dictRef="cc:symm">B3G</scalar></list><list><scalar dataType="xsd:integer" dictRef="cc:adapted">12</scalar><scalar dataType="xsd:string" dictRef="cc:symm">AU</scalar></list><list><scalar dataType="xsd:integer" dictRef="cc:adapted">18</scalar><scalar dataType="xsd:string" dictRef="cc:symm">B1U</scalar></list><list><scalar dataType="xsd:integer" dictRef="cc:adapted">42</scalar><scalar dataType="xsd:string" dictRef="cc:symm">B2U</scalar></list><list><scalar dataType="xsd:integer" dictRef="cc:adapted">42</scalar><scalar dataType="xsd:string" dictRef="cc:symm">B3U</scalar></list></list><list cmlx:templateRef="buffer"><scalar dataType="xsd:integer" dictRef="g:buffer">131072</scalar></list><list cmlx:templateRef="raff"><scalar dataType="xsd:string" dictRef="g:raffenetti">Raffenetti</scalar></list><list cmlx:templateRef="twoe"><scalar dataType="xsd:string" dictRef="g:twoe">Two-electron</scalar></list><list cmlx:templateRef="basiscount"><list><scalar dataType="xsd:integer" dictRef="cc:basiscount">228</scalar><scalar dataType="xsd:integer" dictRef="g:primbasis">624</scalar><scalar dataType="xsd:integer" dictRef="cc:cartesianbasis">228</scalar></list></list><list cmlx:templateRef="alphabeta"><list><scalar dataType="xsd:integer" dictRef="cc:alphae">78</scalar><scalar dataType="xsd:integer" dictRef="cc:betae">78</scalar></list></list> NAtoms=   12 NActive=   12 NUniq=    2 SFac= 3.00D+00 NAtFMM=   80 NAOKFM=F Big=F</module><module cmlx:lineCount="1" cmlx:templateRef="l302.basis"><list cmlx:templateRef="onee"><scalar dataType="xsd:string" dictRef="g:onee">One-electron integrals</scalar></list></module> NBasis=   228 RedAO= T  NBF=    48    36    15    15    12    18    42    42 NBsUse=   228 1.00D-06 NBFU=    48    36    15    15    12    18    42    42 Initial guess read from the read-write file:<module cmlx:lineCount="1" cmlx:templateRef="l401.orbsym"><list cmlx:templateRef="l401"><scalar dataType="xsd:string" dictRef="g:l401">Initial guess orbital symmetries:</scalar></list></module>       Occupied  (?A) (?A) (?A) (?A) (?A) (?A) (?B) (?A) (?A) (?B)                 (?B) (?A) (?A) (?A) (?A) (?A) (?A) (?A) (?B) (?A)                 (?A) (?B) (?B) (?A) (?A) (?A) (?A) (?A) (?A) (?A)                 (?C) (?C) (?C) (?C) (?C) (?C) (?B) (?B) (?B) (?B)                 (?B) (?B) (A1G) (E1U) (E1U) (E2G) (E2G) (B2U)                 (?D) (?C) (?C) (?D) (?D) (?C) (?A) (?B) (?B) (?A)                 (?A) (?B) (A1G) (E1U) (E1U) (E2G) (E2G) (B2U)                 (B1U) (E2G) (E2G) (E1U) (E1U) (A1G) (A2G) (E1U)                 (E1U) (A2U) (E1G) (E1G)       Virtual   (E2G) (E2G) (E2U) (E2U) (B2U) (A1G) (B1G) (B2G)                 (B1U) (E1U) (E1U) (E2G) (E2G) (E2U) (E2U) (A1G)                 (E1U) (E1U) (E1G) (E1G) (A2U) (E2G) (E2G) (E1U)                 (E1U) (E2G) (E2G) (A2G) (B1U) (B2U) (B1U) (A1G)                 (E1U) (E1U) (E2G) (E2G) (A1G) (B2U) (A2U) (E1G)                 (E1G) (E2G) (E2G) (E1U) (E1U) (A1G) (E2U) (E2U)                 (E1U) (E1U) (B1G) (A2U) (B2G) (E2G) (E2G) (E1G)                 (E1G) (E2U) (E2U) (E1U) (E1U) (A1G) (B2U) (B2U)                 (B1U) (E2G) (E2G) (E2G) (E2G) (A1U) (A2G) (E2G)                 (E2G) (E1G) (E1G) (E1U) (E1U) (B1U) (E1U) (E1U)                 (E2U) (E2U) (A2G) (B1G) (E2G) (E2G) (B2U) (E1U)                 (E1U) (B2G) (B1U) (E2U) (E2U) (A2U) (E1G) (E1G)                 (E2G) (E2G) (A1G) (E1U) (E1U) (E1G) (E1G) (E2U)                 (E2U) (A1G) (A2U) (A1G) (A2G) (?A) (?A) (?A) (B2G)                 (E2G) (E2G) (E1U) (E1U) (B1G) (B2U) (E2G) (E2G)                 (E2U) (E2U) (E1G) (E1G) (A1U) (E1U) (E1U) (A2G)                 (E2G) (E2G) (B2U) (A1G) (E1U) (E1U) (E2G) (E2G)                 (B1U) (A1G) (E1U) (E1U) (E2G) (E2G) (B2U) (B1U)                 (E2G) (E2G) (E1U) (E1U) (A1G) Requested convergence on RMS density matrix=1.00D-08 within 128 cycles. Requested convergence on MAX density matrix=1.00D-06. Requested convergence on             energy=1.00D-06. No special actions if energy rises. Keep R1 integrals in memory in canonical form, NReq=   347900573. Density matrix breaks symmetry, PCut= 1.00D-04 Density has only Abelian symmetry. Density matrix breaks symmetry, PCut= 1.00D-04 Density has only Abelian symmetry. Density matrix breaks symmetry, PCut= 1.00D-04 Density has only Abelian symmetry. Density matrix breaks symmetry, PCut= 1.00D-04 Density has only Abelian symmetry. Density matrix breaks symmetry, PCut= 1.00D-04 Density has only Abelian symmetry. Density matrix breaks symmetry, PCut= 1.00D-04 Density has only Abelian symmetry. Density matrix breaks symmetry, PCut= 1.00D-04 Density has only Abelian symmetry. Density matrix breaks symmetry, PCut= 1.00D-04 Density has only Abelian symmetry. Density matrix breaks symmetry, PCut= 1.00D-04 Density has only Abelian symmetry. SCF Done:  E(RB+HF-LYP) =  -2908.98129308     A.U. after    8 cycles             Convg  =    0.9965D-08             -V/T =  2.0038             S**2   =   0.0000 Density matrix has only Abelian symmetry. Density matrix has only Abelian symmetry. ***** Axes restored to original set *****<module cmlx:lineCount="18" cmlx:templateRef="forces"><list cmlx:templateRef="force"><list><scalar dataType="xsd:integer" dictRef="x:serial">1</scalar><scalar dataType="xsd:integer" dictRef="x:elementType">13</scalar><scalar dataType="xsd:double" dictRef="x:x3">-3.821E-6</scalar><scalar dataType="xsd:double" dictRef="x:y3">0.0</scalar><scalar dataType="xsd:double" dictRef="x:z3">0.0</scalar></list><list><scalar dataType="xsd:integer" dictRef="x:serial">2</scalar><scalar dataType="xsd:integer" dictRef="x:elementType">13</scalar><scalar dataType="xsd:double" dictRef="x:x3">4.3059E-5</scalar><scalar dataType="xsd:double" dictRef="x:y3">-1.5369E-5</scalar><scalar dataType="xsd:double" dictRef="x:z3">0.0</scalar></list><list><scalar dataType="xsd:integer" dictRef="x:serial">3</scalar><scalar dataType="xsd:integer" dictRef="x:elementType">13</scalar><scalar dataType="xsd:double" dictRef="x:x3">-4.5472E-5</scalar><scalar dataType="xsd:double" dictRef="x:y3">9.801E-6</scalar><scalar dataType="xsd:double" dictRef="x:z3">0.0</scalar></list><list><scalar dataType="xsd:integer" dictRef="x:serial">4</scalar><scalar dataType="xsd:integer" dictRef="x:elementType">13</scalar><scalar dataType="xsd:double" dictRef="x:x3">0.0</scalar><scalar dataType="xsd:double" dictRef="x:y3">-1.9109E-5</scalar><scalar dataType="xsd:double" dictRef="x:z3">0.0</scalar></list><list><scalar dataType="xsd:integer" dictRef="x:serial">5</scalar><scalar dataType="xsd:integer" dictRef="x:elementType">13</scalar><scalar dataType="xsd:double" dictRef="x:x3">4.5472E-5</scalar><scalar dataType="xsd:double" dictRef="x:y3">9.801E-6</scalar><scalar dataType="xsd:double" dictRef="x:z3">0.0</scalar></list><list><scalar dataType="xsd:integer" dictRef="x:serial">6</scalar><scalar dataType="xsd:integer" dictRef="x:elementType">13</scalar><scalar dataType="xsd:double" dictRef="x:x3">-4.3059E-5</scalar><scalar dataType="xsd:double" dictRef="x:y3">-1.5369E-5</scalar><scalar dataType="xsd:double" dictRef="x:z3">0.0</scalar></list><list><scalar dataType="xsd:integer" dictRef="x:serial">7</scalar><scalar dataType="xsd:integer" dictRef="x:elementType">13</scalar><scalar dataType="xsd:double" dictRef="x:x3">3.821E-6</scalar><scalar dataType="xsd:double" dictRef="x:y3">0.0</scalar><scalar dataType="xsd:double" dictRef="x:z3">0.0</scalar></list><list><scalar dataType="xsd:integer" dictRef="x:serial">8</scalar><scalar dataType="xsd:integer" dictRef="x:elementType">13</scalar><scalar dataType="xsd:double" dictRef="x:x3">-4.3059E-5</scalar><scalar dataType="xsd:double" dictRef="x:y3">1.5369E-5</scalar><scalar dataType="xsd:double" dictRef="x:z3">0.0</scalar></list><list><scalar dataType="xsd:integer" dictRef="x:serial">9</scalar><scalar dataType="xsd:integer" dictRef="x:elementType">13</scalar><scalar dataType="xsd:double" dictRef="x:x3">4.5472E-5</scalar><scalar dataType="xsd:double" dictRef="x:y3">-9.801E-6</scalar><scalar dataType="xsd:double" dictRef="x:z3">0.0</scalar></list><list><scalar dataType="xsd:integer" dictRef="x:serial">10</scalar><scalar dataType="xsd:integer" dictRef="x:elementType">13</scalar><scalar dataType="xsd:double" dictRef="x:x3">0.0</scalar><scalar dataType="xsd:double" dictRef="x:y3">1.9109E-5</scalar><scalar dataType="xsd:double" dictRef="x:z3">0.0</scalar></list><list><scalar dataType="xsd:integer" dictRef="x:serial">11</scalar><scalar dataType="xsd:integer" dictRef="x:elementType">13</scalar><scalar dataType="xsd:double" dictRef="x:x3">-4.5472E-5</scalar><scalar dataType="xsd:double" dictRef="x:y3">-9.801E-6</scalar><scalar dataType="xsd:double" dictRef="x:z3">0.0</scalar></list><list><scalar dataType="xsd:integer" dictRef="x:serial">12</scalar><scalar dataType="xsd:integer" dictRef="x:elementType">13</scalar><scalar dataType="xsd:double" dictRef="x:x3">4.3059E-5</scalar><scalar dataType="xsd:double" dictRef="x:y3">1.5369E-5</scalar><scalar dataType="xsd:double" dictRef="x:z3">0.0</scalar></list></list><list cmlx:templateRef="cartesianforce"><list><scalar dataType="xsd:double" dictRef="cc:maxforce">4.5472E-5</scalar><scalar dataType="xsd:double" dictRef="cc:rmsforce">2.2221E-5</scalar></list></list></module><module cmlx:lineCount="294" cmlx:templateRef="l103" xmlns:xi="http://www.w3.org/2001/XInclude"><list cmlx:templateRef="berny"><scalar dataType="xsd:string" dictRef="g:optimization">Internal  Forces:  Max     0.000024525 RMS     0.000009167</scalar></list> Search for a local minimum. Step number  27 out of a maximum of 100 All quantities printed in internal units (Hartrees-Bohrs-Radians) Update second derivatives using D2CorX and points 24 25 26 27<module cmlx:lineCount="1" cmlx:templateRef="l103.trust"> Trust test= 1.08D+00 RLast= 2.90D-02 DXMaxT set to 1.00D+00</module>     Eigenvalues ---    0.00984   0.02608   0.03266   0.03344   0.03344     Eigenvalues ---    0.04803   0.04943   0.04943   0.05181   0.05181     Eigenvalues ---    0.07281   0.08628   0.08628   0.09681   0.09682     Eigenvalues ---    0.10859   0.24368   0.24418   0.24418   1.01671     Eigenvalues ---    1.01672   1.01742   1.04428   1.04428   2.07856     Eigenvalues ---    2.38563   2.38566   2.83287   2.83287   2.95278     Eigenvalues --- 1000.000001000.000001000.000001000.000001000.00000     Eigenvalues --- 1000.000001000.000001000.000001000.000001000.00000     Eigenvalues --- 1000.000001000.000001000.000001000.000001000.00000     Eigenvalues --- 1000.000001000.000001000.000001000.000001000.00000     Eigenvalues --- 1000.000001000.000001000.000001000.000001000.00000     Eigenvalues --- 1000.000001000.000001000.000001000.000001000.00000     Eigenvalues --- 1000.000001000.000001000.000001000.000001000.00000     Eigenvalues --- 1000.000001000.000001000.000001000.000001000.00000     Eigenvalues --- 1000.000001000.000001000.000001000.000001000.00000     Eigenvalues --- 1000.000001000.000001000.000001000.000001000.00000     Eigenvalues --- 1000.000001000.000001000.000001000.000001000.00000     Eigenvalues --- 1000.000001000.000001000.000001000.000001000.00000     Eigenvalues --- 1000.000001000.000001000.000001000.000001000.00000     Eigenvalues --- 1000.000001000.000001000.000001000.000001000.00000     Eigenvalues --- 1000.000001000.000001000.000001000.000001000.00000     Eigenvalues --- 1000.000001000.000001000.000001000.000001000.00000     Eigenvalues --- 1000.000001000.000001000.000001000.000001000.00000     Eigenvalues --- 1000.000001000.000001000.000001000.000001000.00000 RFO step:  Lambda=-1.83572875D-07. Quartic linear search produced a step of  0.07983. Iteration  1 RMS(Cart)=  0.00021084 RMS(Int)=  0.00000005 Iteration  2 RMS(Cart)=  0.00000002 RMS(Int)=  0.00000004<module cmlx:lineCount="122" cmlx:templateRef="l103.deltas"><list cmlx:lineCount="120" cmlx:templateRef="delta"><array dataType="xsd:string" dictRef="cc:variable" size="120">R1 R2 R3 R4 R5 R6 R7 R8 R9 R10 R11 R12 R13 R14 R15 R16 R17 R18 R19 R20 R21 R22 R23 R24 A1 A2 A3 A4 A5 A6 A7 A8 A9 A10 A11 A12 A13 A14 A15 A16 A17 A18 A19 A20 A21 A22 A23 A24 A25 A26 A27 A28 A29 A30 A31 A32 A33 A34 A35 A36 D1 D2 D3 D4 D5 D6 D7 D8 D9 D10 D11 D12 D13 D14 D15 D16 D17 D18 D19 D20 D21 D22 D23 D24 D25 D26 D27 D28 D29 D30 D31 D32 D33 D34 D35 D36 D37 D38 D39 D40 D41 D42 D43 D44 D45 D46 D47 D48 D49 D50 D51 D52 D53 D54 D55 D56 D57 D58 D59 D60</array><array dataType="xsd:double" dictRef="g:lastval" size="120">4.73505 7.88214 7.88214 4.73505 4.73505 9.45076 9.45076 4.73505 7.88214 4.73505 9.45076 4.73505 7.88214 4.73505 9.45076 4.73505 7.88214 4.73505 9.45076 4.73505 7.88214 4.73505 9.45076 4.73505 2.68191 2.0944 2.68191 2.03047 2.03047 2.0944 2.68191 2.0944 2.68191 2.03047 2.0944 2.03047 2.68191 2.0944 2.68191 2.03047 2.0944 2.03047 2.68191 2.0944 2.68191 2.03047 2.0944 2.03047 2.68191 2.0944 2.68191 2.03047 2.0944 2.03047 2.0944 2.68191 2.68191 2.03047 2.0944 2.03047 0.0 0.0 0.0 0.0 0.0 0.0 0.0 0.0 0.0 0.0 0.0 0.0 0.0 0.0 0.0 0.0 0.0 0.0 0.0 0.0 0.0 0.0 0.0 0.0 0.0 0.0 0.0 0.0 0.0 0.0 0.0 0.0 0.0 0.0 0.0 0.0 0.0 0.0 0.0 0.0 0.0 0.0 0.0 0.0 0.0 0.0 0.0 0.0 0.0 0.0 0.0 0.0 0.0 0.0 0.0 0.0 0.0 0.0 0.0 0.0</array><array dataType="xsd:double" dictRef="cc:deriv" size="120">-1.0E-5 1.0E-5 1.0E-5 -1.0E-5 -2.0E-5 -2.0E-5 -2.0E-5 0.0 2.0E-5 0.0 -2.0E-5 -2.0E-5 1.0E-5 -1.0E-5 -2.0E-5 -1.0E-5 1.0E-5 -2.0E-5 -2.0E-5 0.0 2.0E-5 0.0 -2.0E-5 -2.0E-5 1.0E-5 2.0E-5 1.0E-5 1.0E-5 1.0E-5 1.0E-5 -1.0E-5 -1.0E-5 -1.0E-5 0.0 -1.0E-5 0.0 -1.0E-5 -1.0E-5 -1.0E-5 1.0E-5 1.0E-5 1.0E-5 1.0E-5 2.0E-5 1.0E-5 1.0E-5 1.0E-5 1.0E-5 -1.0E-5 -1.0E-5 -1.0E-5 0.0 -1.0E-5 0.0 -1.0E-5 -1.0E-5 -1.0E-5 1.0E-5 1.0E-5 1.0E-5 0.0 0.0 0.0 0.0 0.0 0.0 0.0 0.0 0.0 0.0 0.0 0.0 0.0 0.0 0.0 0.0 0.0 0.0 0.0 0.0 0.0 0.0 0.0 0.0 0.0 0.0 0.0 0.0 0.0 0.0 0.0 0.0 0.0 0.0 0.0 0.0 0.0 0.0 0.0 0.0 0.0 0.0 0.0 0.0 0.0 0.0 0.0 0.0 0.0 0.0 0.0 0.0 0.0 0.0 0.0 0.0 0.0 0.0 0.0 0.0</array><array dataType="xsd:double" dictRef="cc:delta.linear" size="120">-3.1E-4 -5.6E-4 -5.6E-4 -3.1E-4 -3.1E-4 -6.3E-4 -6.3E-4 -3.1E-4 -5.6E-4 -3.1E-4 -6.3E-4 -3.1E-4 -5.6E-4 -3.1E-4 -6.3E-4 -3.1E-4 -5.6E-4 -3.1E-4 -6.3E-4 -3.1E-4 -5.6E-4 -3.1E-4 -6.3E-4 -3.1E-4 1.0E-5 0.0 1.0E-5 -1.0E-5 -1.0E-5 0.0 1.0E-5 0.0 1.0E-5 -1.0E-5 0.0 -1.0E-5 1.0E-5 0.0 1.0E-5 -1.0E-5 0.0 -1.0E-5 1.0E-5 0.0 1.0E-5 -1.0E-5 0.0 -1.0E-5 1.0E-5 0.0 1.0E-5 -1.0E-5 0.0 -1.0E-5 0.0 1.0E-5 1.0E-5 -1.0E-5 0.0 -1.0E-5 0.0 0.0 0.0 0.0 0.0 0.0 0.0 0.0 0.0 0.0 0.0 0.0 0.0 0.0 0.0 0.0 0.0 0.0 0.0 0.0 0.0 0.0 0.0 0.0 0.0 0.0 0.0 0.0 0.0 0.0 0.0 0.0 0.0 0.0 0.0 0.0 0.0 0.0 0.0 0.0 0.0 0.0 0.0 0.0 0.0 0.0 0.0 0.0 0.0 0.0 0.0 0.0 0.0 0.0 0.0 0.0 0.0 0.0 0.0 0.0</array><array dataType="xsd:double" dictRef="cc:delta.quad" size="120">-1.3E-4 0.00111 0.00111 -1.3E-4 -1.4E-4 -1.0E-4 -1.3E-4 -1.3E-4 0.00113 -1.3E-4 -1.0E-4 -1.4E-4 0.00111 -1.3E-4 -1.3E-4 -1.3E-4 0.00111 -1.4E-4 -1.0E-4 -1.3E-4 0.00113 -1.3E-4 -1.0E-4 -1.4E-4 -2.0E-4 6.0E-5 -2.0E-4 2.4E-4 2.8E-4 1.0E-5 -2.9E-4 -3.0E-5 -2.8E-4 2.4E-4 -3.0E-5 2.4E-4 -2.8E-4 -3.0E-5 -2.9E-4 2.4E-4 1.0E-5 2.8E-4 -2.0E-4 6.0E-5 -2.0E-4 2.8E-4 1.0E-5 2.4E-4 -2.9E-4 -3.0E-5 -2.8E-4 2.4E-4 -3.0E-5 2.4E-4 -3.0E-5 -2.9E-4 -2.8E-4 2.4E-4 1.0E-5 2.8E-4 0.0 0.0 0.0 0.0 0.0 0.0 0.0 0.0 0.0 0.0 0.0 0.0 0.0 0.0 0.0 0.0 0.0 0.0 0.0 0.0 0.0 0.0 0.0 0.0 0.0 0.0 0.0 0.0 0.0 0.0 0.0 0.0 0.0 0.0 0.0 0.0 0.0 0.0 0.0 0.0 0.0 0.0 0.0 0.0 0.0 0.0 0.0 0.0 0.0 0.0 0.0 0.0 0.0 0.0 0.0 0.0 0.0 0.0 0.0 0.0</array><array dataType="xsd:double" dictRef="cc:delta.total" size="120">-4.6E-4 3.6E-4 3.6E-4 -4.6E-4 -4.6E-4 -7.9E-4 -7.9E-4 -4.6E-4 3.6E-4 -4.6E-4 -7.9E-4 -4.6E-4 3.6E-4 -4.6E-4 -7.9E-4 -4.6E-4 3.6E-4 -4.6E-4 -7.9E-4 -4.6E-4 3.6E-4 -4.6E-4 -7.9E-4 -4.6E-4 -2.2E-4 0.0 -2.2E-4 2.2E-4 2.2E-4 0.0 -2.2E-4 0.0 -2.2E-4 2.2E-4 0.0 2.2E-4 -2.2E-4 0.0 -2.2E-4 2.2E-4 0.0 2.2E-4 -2.2E-4 0.0 -2.2E-4 2.2E-4 0.0 2.2E-4 -2.2E-4 0.0 -2.2E-4 2.2E-4 0.0 2.2E-4 0.0 -2.2E-4 -2.2E-4 2.2E-4 0.0 2.2E-4 0.0 0.0 0.0 0.0 0.0 0.0 0.0 0.0 0.0 0.0 0.0 0.0 0.0 0.0 0.0 0.0 0.0 0.0 0.0 0.0 0.0 0.0 0.0 0.0 0.0 0.0 0.0 0.0 0.0 0.0 0.0 0.0 0.0 0.0 0.0 0.0 0.0 0.0 0.0 0.0 0.0 0.0 0.0 0.0 0.0 0.0 0.0 0.0 0.0 0.0 0.0 0.0 0.0 0.0 0.0 0.0 0.0 0.0 0.0 0.0</array><array dataType="xsd:double" dictRef="cc:newval" size="120">4.73459 7.8825 7.8825 4.73459 4.73459 9.44997 9.44997 4.73459 7.8825 4.73459 9.44997 4.73459 7.8825 4.73459 9.44997 4.73459 7.8825 4.73459 9.44997 4.73459 7.8825 4.73459 9.44997 4.73459 2.6817 2.0944 2.6817 2.03069 2.03069 2.0944 2.6817 2.0944 2.6817 2.03069 2.0944 2.03069 2.6817 2.0944 2.6817 2.03069 2.0944 2.03069 2.6817 2.0944 2.6817 2.03069 2.0944 2.03069 2.6817 2.0944 2.6817 2.03069 2.0944 2.03069 2.0944 2.6817 2.6817 2.03069 2.0944 2.03069 0.0 0.0 0.0 0.0 0.0 0.0 0.0 0.0 0.0 0.0 0.0 0.0 0.0 0.0 0.0 0.0 0.0 0.0 0.0 0.0 0.0 0.0 0.0 0.0 0.0 0.0 0.0 0.0 0.0 0.0 0.0 0.0 0.0 0.0 0.0 0.0 0.0 0.0 0.0 0.0 0.0 0.0 0.0 0.0 0.0 0.0 0.0 0.0 0.0 0.0 0.0 0.0 0.0 0.0 0.0 0.0 0.0 0.0 0.0 0.0</array></list></module><module cmlx:lineCount="5" cmlx:templateRef="l103.itemconverge"><list cmlx:lineCount="4" cmlx:templateRef="components"><array dataType="xsd:string" dictRef="g:itemconverge"/><array dataType="xsd:double" dictRef="x:value" size="4">4.5E-4 3.0E-4 0.0018 0.0012</array><array dataType="xsd:double" dictRef="x:threshold" size="4">0.0 0.0 0.0 0.0</array><array dataType="xsd:string" dictRef="g:converged" size="4">YES YES YES YES</array></list></module> Predicted change in Energy=-1.163169D-07 Optimization completed.    -- Stationary point found.                           ----------------------------                           !   Optimized Parameters   !                           ! (Angstroms and Degrees)  ! --------------------------                            -------------------------- ! Name  Definition              Value          Derivative Info.                ! -------------------------------------------------------------------------------- ! R1    R(1,2)                  2.5057         -DE/DX =    0.0                 ! ! R2    R(1,3)                  4.171          -DE/DX =    0.0                 ! ! R3    R(1,11)                 4.171          -DE/DX =    0.0                 ! ! R4    R(1,12)                 2.5057         -DE/DX =    0.0                 ! ! R5    R(2,3)                  2.5057         -DE/DX =    0.0                 ! ! R6    R(2,4)                  5.0011         -DE/DX =    0.0                 ! ! R7    R(2,12)                 5.0011         -DE/DX =    0.0                 ! ! R8    R(3,4)                  2.5057         -DE/DX =    0.0                 ! ! R9    R(3,5)                  4.171          -DE/DX =    0.0                 ! ! R10   R(4,5)                  2.5057         -DE/DX =    0.0                 ! ! R11   R(4,6)                  5.0011         -DE/DX =    0.0                 ! ! R12   R(5,6)                  2.5057         -DE/DX =    0.0                 ! ! R13   R(5,7)                  4.171          -DE/DX =    0.0                 ! ! R14   R(6,7)                  2.5057         -DE/DX =    0.0                 ! ! R15   R(6,8)                  5.0011         -DE/DX =    0.0                 ! ! R16   R(7,8)                  2.5057         -DE/DX =    0.0                 ! ! R17   R(7,9)                  4.171          -DE/DX =    0.0                 ! ! R18   R(8,9)                  2.5057         -DE/DX =    0.0                 ! ! R19   R(8,10)                 5.0011         -DE/DX =    0.0                 ! ! R20   R(9,10)                 2.5057         -DE/DX =    0.0                 ! ! R21   R(9,11)                 4.171          -DE/DX =    0.0                 ! ! R22   R(10,11)                2.5057         -DE/DX =    0.0                 ! ! R23   R(10,12)                5.0011         -DE/DX =    0.0                 ! ! R24   R(11,12)                2.5057         -DE/DX =    0.0                 ! ! A1    A(2,1,11)             153.6624         -DE/DX =    0.0                 ! ! A2    A(3,1,11)             120.0            -DE/DX =    0.0                 ! ! A3    A(3,1,12)             153.6624         -DE/DX =    0.0                 ! ! A4    A(1,2,4)              116.3376         -DE/DX =    0.0                 ! ! A5    A(3,2,12)             116.3376         -DE/DX =    0.0                 ! ! A6    A(4,2,12)             120.0            -DE/DX =    0.0                 ! ! A7    A(1,3,4)              153.6624         -DE/DX =    0.0                 ! ! A8    A(1,3,5)              120.0            -DE/DX =    0.0                 ! ! A9    A(2,3,5)              153.6624         -DE/DX =    0.0                 ! ! A10   A(2,4,5)              116.3376         -DE/DX =    0.0                 ! ! A11   A(2,4,6)              120.0            -DE/DX =    0.0                 ! ! A12   A(3,4,6)              116.3376         -DE/DX =    0.0                 ! ! A13   A(3,5,6)              153.6624         -DE/DX =    0.0                 ! ! A14   A(3,5,7)              120.0            -DE/DX =    0.0                 ! ! A15   A(4,5,7)              153.6624         -DE/DX =    0.0                 ! ! A16   A(4,6,7)              116.3376         -DE/DX =    0.0                 ! ! A17   A(4,6,8)              120.0            -DE/DX =    0.0                 ! ! A18   A(5,6,8)              116.3376         -DE/DX =    0.0                 ! ! A19   A(5,7,8)              153.6624         -DE/DX =    0.0                 ! ! A20   A(5,7,9)              120.0            -DE/DX =    0.0                 ! ! A21   A(6,7,9)              153.6624         -DE/DX =    0.0                 ! ! A22   A(6,8,9)              116.3376         -DE/DX =    0.0                 ! ! A23   A(6,8,10)             120.0            -DE/DX =    0.0                 ! ! A24   A(7,8,10)             116.3376         -DE/DX =    0.0                 ! ! A25   A(7,9,10)             153.6624         -DE/DX =    0.0                 ! ! A26   A(7,9,11)             120.0            -DE/DX =    0.0                 ! ! A27   A(8,9,11)             153.6624         -DE/DX =    0.0                 ! ! A28   A(8,10,11)            116.3376         -DE/DX =    0.0                 ! ! A29   A(8,10,12)            120.0            -DE/DX =    0.0                 ! ! A30   A(9,10,12)            116.3376         -DE/DX =    0.0                 ! ! A31   A(1,11,9)             120.0            -DE/DX =    0.0                 ! ! A32   A(1,11,10)            153.6624         -DE/DX =    0.0                 ! ! A33   A(9,11,12)            153.6624         -DE/DX =    0.0                 ! ! A34   A(1,12,10)            116.3376         -DE/DX =    0.0                 ! ! A35   A(2,12,10)            120.0            -DE/DX =    0.0                 ! ! A36   A(2,12,11)            116.3376         -DE/DX =    0.0                 ! ! D1    D(11,1,2,4)             0.0            -DE/DX =    0.0                 ! ! D2    D(11,1,3,4)             0.0            -DE/DX =    0.0                 ! ! D3    D(11,1,3,5)             0.0            -DE/DX =    0.0                 ! ! D4    D(12,1,3,4)             0.0            -DE/DX =    0.0                 ! ! D5    D(12,1,3,5)             0.0            -DE/DX =    0.0                 ! ! D6    D(2,1,11,9)             0.0            -DE/DX =    0.0                 ! ! D7    D(2,1,11,10)            0.0            -DE/DX =    0.0                 ! ! D8    D(3,1,11,9)             0.0            -DE/DX =    0.0                 ! ! D9    D(3,1,11,10)            0.0            -DE/DX =    0.0                 ! ! D10   D(3,1,12,10)            0.0            -DE/DX =    0.0                 ! ! D11   D(12,2,3,5)             0.0            -DE/DX =    0.0                 ! ! D12   D(1,2,4,5)              0.0            -DE/DX =    0.0                 ! ! D13   D(1,2,4,6)              0.0            -DE/DX =    0.0                 ! ! D14   D(12,2,4,5)             0.0            -DE/DX =    0.0                 ! ! D15   D(12,2,4,6)             0.0            -DE/DX =    0.0                 ! ! D16   D(3,2,12,10)            0.0            -DE/DX =    0.0                 ! ! D17   D(3,2,12,11)            0.0            -DE/DX =    0.0                 ! ! D18   D(4,2,12,10)            0.0            -DE/DX =    0.0                 ! ! D19   D(4,2,12,11)            0.0            -DE/DX =    0.0                 ! ! D20   D(1,3,4,6)              0.0            -DE/DX =    0.0                 ! ! D21   D(1,3,5,6)              0.0            -DE/DX =    0.0                 ! ! D22   D(1,3,5,7)              0.0            -DE/DX =    0.0                 ! ! D23   D(2,3,5,6)              0.0            -DE/DX =    0.0                 ! ! D24   D(2,3,5,7)              0.0            -DE/DX =    0.0                 ! ! D25   D(2,4,5,7)              0.0            -DE/DX =    0.0                 ! ! D26   D(2,4,6,7)              0.0            -DE/DX =    0.0                 ! ! D27   D(2,4,6,8)              0.0            -DE/DX =    0.0                 ! ! D28   D(3,4,6,7)              0.0            -DE/DX =    0.0                 ! ! D29   D(3,4,6,8)              0.0            -DE/DX =    0.0                 ! ! D30   D(3,5,6,8)              0.0            -DE/DX =    0.0                 ! ! D31   D(3,5,7,8)              0.0            -DE/DX =    0.0                 ! ! D32   D(3,5,7,9)              0.0            -DE/DX =    0.0                 ! ! D33   D(4,5,7,8)              0.0            -DE/DX =    0.0                 ! ! D34   D(4,5,7,9)              0.0            -DE/DX =    0.0                 ! ! D35   D(4,6,7,9)              0.0            -DE/DX =    0.0                 ! ! D36   D(4,6,8,9)              0.0            -DE/DX =    0.0                 ! ! D37   D(4,6,8,10)             0.0            -DE/DX =    0.0                 ! ! D38   D(5,6,8,9)              0.0            -DE/DX =    0.0                 ! ! D39   D(5,6,8,10)             0.0            -DE/DX =    0.0                 ! ! D40   D(5,7,8,10)             0.0            -DE/DX =    0.0                 ! ! D41   D(5,7,9,10)             0.0            -DE/DX =    0.0                 ! ! D42   D(5,7,9,11)             0.0            -DE/DX =    0.0                 ! ! D43   D(6,7,9,10)             0.0            -DE/DX =    0.0                 ! ! D44   D(6,7,9,11)             0.0            -DE/DX =    0.0                 ! ! D45   D(6,8,9,11)             0.0            -DE/DX =    0.0                 ! ! D46   D(6,8,10,11)            0.0            -DE/DX =    0.0                 ! ! D47   D(6,8,10,12)            0.0            -DE/DX =    0.0                 ! ! D48   D(7,8,10,11)            0.0            -DE/DX =    0.0                 ! ! D49   D(7,8,10,12)            0.0            -DE/DX =    0.0                 ! ! D50   D(7,9,10,12)            0.0            -DE/DX =    0.0                 ! ! D51   D(7,9,11,1)             0.0            -DE/DX =    0.0                 ! ! D52   D(7,9,11,12)            0.0            -DE/DX =    0.0                 ! ! D53   D(8,9,11,1)             0.0            -DE/DX =    0.0                 ! ! D54   D(8,9,11,12)            0.0            -DE/DX =    0.0                 ! ! D55   D(8,10,11,1)            0.0            -DE/DX =    0.0                 ! ! D56   D(8,10,12,1)            0.0            -DE/DX =    0.0                 ! ! D57   D(8,10,12,2)            0.0            -DE/DX =    0.0                 ! ! D58   D(9,10,12,1)            0.0            -DE/DX =    0.0                 ! ! D59   D(9,10,12,2)            0.0            -DE/DX =    0.0                 ! ! D60   D(9,11,12,2)            0.0            -DE/DX =    0.0                 ! -------------------------------------------------------------------------------- GradGradGradGradGradGradGradGradGradGradGradGradGradGradGradGradGradGrad</module><module cmlx:lineCount="18" cmlx:templateRef="l202.orient"><list cmlx:templateRef="type"><scalar dataType="xsd:string" dictRef="g:type">Input</scalar></list><list cmlx:lineCount="12" cmlx:templateRef="atom"><array dataType="xsd:integer" dictRef="cc:serial" size="12">1 2 3 4 5 6 7 8 9 10 11 12</array><array dataType="xsd:integer" dictRef="cc:elementType" size="12">13 13 13 13 13 13 13 13 13 13 13 13</array><array dataType="xsd:integer" dictRef="g:atomicType" size="12">0 0 0 0 0 0 0 0 0 0 0 0</array><array dataType="xsd:double" dictRef="cc:x3" size="12">-4.171048 -4.331105 -2.085524 0.0 2.085524 4.331105 4.171048 4.331105 2.085524 0.0 -2.085524 -4.331105</array><array dataType="xsd:double" dictRef="cc:y3" size="12">0.0 2.500565 3.612234 5.001129 3.612234 2.500565 0.0 -2.500565 -3.612234 -5.001129 -3.612234 -2.500565</array><array dataType="xsd:double" dictRef="cc:z3" size="12">0.0 0.0 0.0 0.0 0.0 0.0 0.0 0.0 0.0 0.0 0.0 0.0</array></list></module><module cmlx:lineCount="14" cmlx:templateRef="l202.distmat"><list cmlx:templateRef="atom"><list><scalar dataType="xsd:integer" dictRef="cc:serial">1</scalar><scalar dataType="xsd:string" dictRef="cc:elementType">Al</scalar><scalar dataType="xsd:string" dictRef="cc:distances">0.000000</scalar></list><list><scalar dataType="xsd:integer" dictRef="cc:serial">2</scalar><scalar dataType="xsd:string" dictRef="cc:elementType">Al</scalar><scalar dataType="xsd:string" dictRef="cc:distances">2.505682   0.000000</scalar></list><list><scalar dataType="xsd:integer" dictRef="cc:serial">3</scalar><scalar dataType="xsd:string" dictRef="cc:elementType">Al</scalar><scalar dataType="xsd:string" dictRef="cc:distances">4.171048   2.505682   0.000000</scalar></list><list><scalar dataType="xsd:integer" dictRef="cc:serial">4</scalar><scalar dataType="xsd:string" dictRef="cc:elementType">Al</scalar><scalar dataType="xsd:string" dictRef="cc:distances">6.512215   5.001129   2.505682   0.000000</scalar></list><list><scalar dataType="xsd:integer" dictRef="cc:serial">5</scalar><scalar dataType="xsd:string" dictRef="cc:elementType">Al</scalar><scalar dataType="xsd:string" dictRef="cc:distances">7.224468   6.512215   4.171048   2.505682   0.000000</scalar></list><list><scalar dataType="xsd:integer" dictRef="cc:serial">6</scalar><scalar dataType="xsd:string" dictRef="cc:elementType">Al</scalar><scalar dataType="xsd:string" dictRef="cc:distances">8.862248   8.662210   6.512215   5.001129   2.505682</scalar></list><list><scalar dataType="xsd:integer" dictRef="cc:serial">7</scalar><scalar dataType="xsd:string" dictRef="cc:elementType">Al</scalar><scalar dataType="xsd:string" dictRef="cc:distances">8.342097   8.862248   7.224468   6.512215   4.171048</scalar></list><list><scalar dataType="xsd:integer" dictRef="cc:serial">8</scalar><scalar dataType="xsd:string" dictRef="cc:elementType">Al</scalar><scalar dataType="xsd:string" dictRef="cc:distances">8.862248  10.002258   8.862248   8.662210   6.512215</scalar></list><list><scalar dataType="xsd:integer" dictRef="cc:serial">9</scalar><scalar dataType="xsd:string" dictRef="cc:elementType">Al</scalar><scalar dataType="xsd:string" dictRef="cc:distances">7.224468   8.862248   8.342097   8.862248   7.224468</scalar></list><list><scalar dataType="xsd:integer" dictRef="cc:serial">10</scalar><scalar dataType="xsd:string" dictRef="cc:elementType">Al</scalar><scalar dataType="xsd:string" dictRef="cc:distances">6.512215   8.662210   8.862248  10.002258   8.862248</scalar></list><list><scalar dataType="xsd:integer" dictRef="cc:serial">11</scalar><scalar dataType="xsd:string" dictRef="cc:elementType">Al</scalar><scalar dataType="xsd:string" dictRef="cc:distances">4.171048   6.512215   7.224468   8.862248   8.342097</scalar></list><list><scalar dataType="xsd:integer" dictRef="cc:serial">12</scalar><scalar dataType="xsd:string" dictRef="cc:elementType">Al</scalar><scalar dataType="xsd:string" dictRef="cc:distances">2.505682   5.001129   6.512215   8.662210   8.862248</scalar></list></list></module>                    6          7          8          9         10     6  Al   0.000000     7  Al   2.505682   0.000000     8  Al   5.001129   2.505682   0.000000     9  Al   6.512215   4.171048   2.505682   0.000000    10  Al   8.662210   6.512215   5.001129   2.505682   0.000000    11  Al   8.862248   7.224468   6.512215   4.171048   2.505682    12  Al  10.002258   8.862248   8.662210   6.512215   5.001129                   11         12    11  Al   0.000000    12  Al   2.505682   0.000000<module cmlx:lineCount="6" cmlx:templateRef="l202.stoich"><list cmlx:templateRef="stoich"><scalar dataType="xsd:string" dictRef="cc:formula">Al12</scalar></list><list cmlx:templateRef="framework"><scalar dataType="xsd:string" dictRef="cc:frameworkgroup">D6H[3C2'(Al.Al),3C2"(Al.Al)]</scalar></list> Full point group                 D6H Largest Abelian subgroup         D2H     NOp   8 Largest concise Abelian subgroup D2      NOp   4</module><module cmlx:lineCount="18" cmlx:templateRef="l202.orient"><list cmlx:templateRef="type"><scalar dataType="xsd:string" dictRef="g:type">Standard</scalar></list><list cmlx:lineCount="12" cmlx:templateRef="atom"><array dataType="xsd:integer" dictRef="cc:serial" size="12">1 2 3 4 5 6 7 8 9 10 11 12</array><array dataType="xsd:integer" dictRef="cc:elementType" size="12">13 13 13 13 13 13 13 13 13 13 13 13</array><array dataType="xsd:integer" dictRef="g:atomicType" size="12">0 0 0 0 0 0 0 0 0 0 0 0</array><array dataType="xsd:double" dictRef="cc:x3" size="12">0.0 2.500565 3.612234 5.001129 3.612234 2.500565 0.0 -2.500565 -3.612234 -5.001129 -3.612234 -2.500565</array><array dataType="xsd:double" dictRef="cc:y3" size="12">4.171048 4.331105 2.085524 0.0 -2.085524 -4.331105 -4.171048 -4.331105 -2.085524 0.0 2.085524 4.331105</array><array dataType="xsd:double" dictRef="cc:z3" size="12">0.0 0.0 0.0 0.0 0.0 0.0 0.0 0.0 0.0 0.0 0.0 0.0</array></list></module><module cmlx:lineCount="1" cmlx:templateRef="l202.rotconst"/><module cmlx:lineCount="159" cmlx:templateRef="l601.popanal" xmlns:xi="http://www.w3.org/2001/XInclude"> **********************************************************************            Population analysis using the SCF density. **********************************************************************<module cmlx:lineCount="1" cmlx:templateRef="orbitalsym"/><list cmlx:templateRef="popanal"><scalar dataType="xsd:string" dictRef="x:popanal">Occupied  (?A) (?A) (?A) (?A) (?A) (?A) (?A) (?B) (?A) (?B)</scalar><scalar dataType="xsd:string" dictRef="x:popanal">(?B) (?A) (?A) (?A) (?A) (?A) (?A) (?A) (?B) (?A)</scalar><scalar dataType="xsd:string" dictRef="x:popanal">(?A) (?B) (?B) (?A) (?A) (?A) (?A) (?A) (?A) (?A)</scalar><scalar dataType="xsd:string" dictRef="x:popanal">(?C) (?C) (?C) (?C) (?C) (?C) (?B) (?B) (?B) (?B)</scalar><scalar dataType="xsd:string" dictRef="x:popanal">(?B) (?B) (A1G) (E1U) (E1U) (E2G) (E2G) (B2U)</scalar><scalar dataType="xsd:string" dictRef="x:popanal">(?D) (?C) (?C) (?D) (?D) (?C) (?A) (?B) (?B) (?A)</scalar><scalar dataType="xsd:string" dictRef="x:popanal">(?A) (?B) (A1G) (E1U) (E1U) (E2G) (E2G) (B2U)</scalar><scalar dataType="xsd:string" dictRef="x:popanal">(B1U) (E2G) (E2G) (E1U) (E1U) (A1G) (A2G) (E1U)</scalar><scalar dataType="xsd:string" dictRef="x:popanal">(E1U) (A2U) (E1G) (E1G)</scalar><scalar dataType="xsd:string" dictRef="x:popanal">Virtual   (E2G) (E2G) (E2U) (E2U) (B2U) (A1G) (B1G) (B2G)</scalar><scalar dataType="xsd:string" dictRef="x:popanal">(B1U) (E1U) (E1U) (E2G) (E2G) (E2U) (E2U) (A1G)</scalar><scalar dataType="xsd:string" dictRef="x:popanal">(E1U) (E1U) (E1G) (E1G) (A2U) (E2G) (E2G) (E1U)</scalar><scalar dataType="xsd:string" dictRef="x:popanal">(E1U) (E2G) (E2G) (A2G) (B1U) (B2U) (B1U) (A1G)</scalar><scalar dataType="xsd:string" dictRef="x:popanal">(E1U) (E1U) (E2G) (E2G) (A1G) (B2U) (A2U) (E1G)</scalar><scalar dataType="xsd:string" dictRef="x:popanal">(E1G) (E2G) (E2G) (E1U) (E1U) (A1G) (E2U) (E2U)</scalar><scalar dataType="xsd:string" dictRef="x:popanal">(E1U) (E1U) (B1G) (A2U) (B2G) (E2G) (E2G) (E1G)</scalar><scalar dataType="xsd:string" dictRef="x:popanal">(E1G) (E2U) (E2U) (E1U) (E1U) (A1G) (B2U) (B2U)</scalar><scalar dataType="xsd:string" dictRef="x:popanal">(B1U) (E2G) (E2G) (E2G) (E2G) (A1U) (A2G) (E2G)</scalar><scalar dataType="xsd:string" dictRef="x:popanal">(E2G) (E1G) (E1G) (E1U) (E1U) (B1U) (E1U) (E1U)</scalar><scalar dataType="xsd:string" dictRef="x:popanal">(E2U) (E2U) (A2G) (B1G) (E2G) (E2G) (B2U) (E1U)</scalar><scalar dataType="xsd:string" dictRef="x:popanal">(E1U) (B2G) (B1U) (E2U) (E2U) (A2U) (E1G) (E1G)</scalar><scalar dataType="xsd:string" dictRef="x:popanal">(E2G) (E2G) (A1G) (E1U) (E1U) (E1G) (E1G) (E2U)</scalar><scalar dataType="xsd:string" dictRef="x:popanal">(E2U) (A1G) (A2U) (A1G) (A2G) (?A) (?A) (?A) (B2G)</scalar><scalar dataType="xsd:string" dictRef="x:popanal">(E2G) (E2G) (E1U) (E1U) (B1G) (B2U) (E2G) (E2G)</scalar><scalar dataType="xsd:string" dictRef="x:popanal">(E2U) (E2U) (E1G) (E1G) (A1U) (E1U) (E1U) (A2G)</scalar><scalar dataType="xsd:string" dictRef="x:popanal">(E2G) (E2G) (B2U) (A1G) (E1U) (E1U) (E2G) (E2G)</scalar><scalar dataType="xsd:string" dictRef="x:popanal">(B1U) (A1G) (E1U) (E1U) (E2G) (E2G) (B2U) (B1U)</scalar><scalar dataType="xsd:string" dictRef="x:popanal">(E2G) (E2G) (E1U) (E1U) (A1G)</scalar><scalar dataType="xsd:string" dictRef="x:popanal">Unable to determine electronic state:  an orbital has unidentified symmetry.</scalar><scalar dataType="xsd:string" dictRef="x:popanal">Alpha  occ. eigenvalues --  -56.05794 -56.05793 -56.05793 -56.05792 -56.05792</scalar><scalar dataType="xsd:string" dictRef="x:popanal">Alpha  occ. eigenvalues --  -56.05792 -56.05272 -56.05272 -56.05272 -56.05272</scalar><scalar dataType="xsd:string" dictRef="x:popanal">Alpha  occ. eigenvalues --  -56.05272 -56.05272  -4.14317  -4.14317  -4.14317</scalar><scalar dataType="xsd:string" dictRef="x:popanal">Alpha  occ. eigenvalues --   -4.14316  -4.14316  -4.14316  -4.13851  -4.13851</scalar><scalar dataType="xsd:string" dictRef="x:popanal">Alpha  occ. eigenvalues --   -4.13851  -4.13850  -4.13850  -4.13850  -2.69753</scalar><scalar dataType="xsd:string" dictRef="x:popanal">Alpha  occ. eigenvalues --   -2.69753  -2.69752  -2.69752  -2.69752  -2.69751</scalar><scalar dataType="xsd:string" dictRef="x:popanal">Alpha  occ. eigenvalues --   -2.69607  -2.69607  -2.69607  -2.69607  -2.69607</scalar><scalar dataType="xsd:string" dictRef="x:popanal">Alpha  occ. eigenvalues --   -2.69606  -2.69328  -2.69325  -2.69325  -2.69317</scalar><scalar dataType="xsd:string" dictRef="x:popanal">Alpha  occ. eigenvalues --   -2.69317  -2.69313  -2.69229  -2.69221  -2.69221</scalar><scalar dataType="xsd:string" dictRef="x:popanal">Alpha  occ. eigenvalues --   -2.69208  -2.69208  -2.69202  -2.69176  -2.69176</scalar><scalar dataType="xsd:string" dictRef="x:popanal">Alpha  occ. eigenvalues --   -2.69176  -2.69175  -2.69175  -2.69175  -2.68847</scalar><scalar dataType="xsd:string" dictRef="x:popanal">Alpha  occ. eigenvalues --   -2.68844  -2.68844  -2.68839  -2.68839  -2.68836</scalar><scalar dataType="xsd:string" dictRef="x:popanal">Alpha  occ. eigenvalues --   -0.42097  -0.41245  -0.41245  -0.38794  -0.38793</scalar><scalar dataType="xsd:string" dictRef="x:popanal">Alpha  occ. eigenvalues --   -0.35706  -0.34087  -0.29902  -0.29902  -0.24383</scalar><scalar dataType="xsd:string" dictRef="x:popanal">Alpha  occ. eigenvalues --   -0.24383  -0.20753  -0.19323  -0.17951  -0.17951</scalar><scalar dataType="xsd:string" dictRef="x:popanal">Alpha  occ. eigenvalues --   -0.17219  -0.16069  -0.16069</scalar><scalar dataType="xsd:string" dictRef="x:popanal">Alpha virt. eigenvalues --   -0.13752  -0.13751  -0.11954  -0.11954  -0.11351</scalar><scalar dataType="xsd:string" dictRef="x:popanal">Alpha virt. eigenvalues --   -0.09286  -0.08529  -0.07272  -0.06751  -0.05591</scalar><scalar dataType="xsd:string" dictRef="x:popanal">Alpha virt. eigenvalues --   -0.05590  -0.04548  -0.04547  -0.03319  -0.03319</scalar><scalar dataType="xsd:string" dictRef="x:popanal">Alpha virt. eigenvalues --   -0.01623  -0.00518  -0.00518   0.00735   0.00735</scalar><scalar dataType="xsd:string" dictRef="x:popanal">Alpha virt. eigenvalues --    0.02177   0.03360   0.03361   0.05504   0.05504</scalar><scalar dataType="xsd:string" dictRef="x:popanal">Alpha virt. eigenvalues --    0.06931   0.06936   0.07556   0.08888   0.11072</scalar><scalar dataType="xsd:string" dictRef="x:popanal">Alpha virt. eigenvalues --    0.11129   0.12287   0.12949   0.12949   0.13265</scalar><scalar dataType="xsd:string" dictRef="x:popanal">Alpha virt. eigenvalues --    0.13266   0.14994   0.15012   0.15796   0.16868</scalar><scalar dataType="xsd:string" dictRef="x:popanal">Alpha virt. eigenvalues --    0.16869   0.16925   0.16925   0.16955   0.16955</scalar><scalar dataType="xsd:string" dictRef="x:popanal">Alpha virt. eigenvalues --    0.17844   0.19181   0.19182   0.21315   0.21316</scalar><scalar dataType="xsd:string" dictRef="x:popanal">Alpha virt. eigenvalues --    0.21440   0.22476   0.22479   0.24174   0.24197</scalar><scalar dataType="xsd:string" dictRef="x:popanal">Alpha virt. eigenvalues --    0.24351   0.24351   0.24619   0.24620   0.25591</scalar><scalar dataType="xsd:string" dictRef="x:popanal">Alpha virt. eigenvalues --    0.25592   0.27453   0.27817   0.28523   0.28563</scalar><scalar dataType="xsd:string" dictRef="x:popanal">Alpha virt. eigenvalues --    0.28753   0.28755   0.30532   0.30533   0.30602</scalar><scalar dataType="xsd:string" dictRef="x:popanal">Alpha virt. eigenvalues --    0.30978   0.31304   0.31310   0.32418   0.32418</scalar><scalar dataType="xsd:string" dictRef="x:popanal">Alpha virt. eigenvalues --    0.32752   0.32753   0.33193   0.34417   0.34418</scalar><scalar dataType="xsd:string" dictRef="x:popanal">Alpha virt. eigenvalues --    0.35775   0.35775   0.37200   0.37826   0.41120</scalar><scalar dataType="xsd:string" dictRef="x:popanal">Alpha virt. eigenvalues --    0.41133   0.41377   0.42511   0.42512   0.45460</scalar><scalar dataType="xsd:string" dictRef="x:popanal">Alpha virt. eigenvalues --    0.45601   0.46935   0.46935   0.47150   0.47256</scalar><scalar dataType="xsd:string" dictRef="x:popanal">Alpha virt. eigenvalues --    0.47257   0.47459   0.47459   0.49406   0.51163</scalar><scalar dataType="xsd:string" dictRef="x:popanal">Alpha virt. eigenvalues --    0.51163   0.51608   0.51608   0.51815   0.51815</scalar><scalar dataType="xsd:string" dictRef="x:popanal">Alpha virt. eigenvalues --    0.52105   0.52293   0.52775   0.53121   0.53418</scalar><scalar dataType="xsd:string" dictRef="x:popanal">Alpha virt. eigenvalues --    0.53418   0.53635   0.53732   0.54457   0.54457</scalar><scalar dataType="xsd:string" dictRef="x:popanal">Alpha virt. eigenvalues --    0.63407   0.63407   0.65929   0.67086   0.67390</scalar><scalar dataType="xsd:string" dictRef="x:popanal">Alpha virt. eigenvalues --    0.67391   0.67463   0.67463   0.69204   0.69205</scalar><scalar dataType="xsd:string" dictRef="x:popanal">Alpha virt. eigenvalues --    0.69708   0.73215   0.73215   0.75619   0.75904</scalar><scalar dataType="xsd:string" dictRef="x:popanal">Alpha virt. eigenvalues --    0.75904   0.79565   0.87100   0.92114   0.92114</scalar><scalar dataType="xsd:string" dictRef="x:popanal">Alpha virt. eigenvalues --    0.99230   0.99231   1.02260   1.98253   1.99767</scalar><scalar dataType="xsd:string" dictRef="x:popanal">Alpha virt. eigenvalues --    1.99768   2.02307   2.02309   2.03291   2.09098</scalar><scalar dataType="xsd:string" dictRef="x:popanal">Alpha virt. eigenvalues --    2.10732   2.10733   2.13983   2.13985   2.15424</scalar></list><module cmlx:lineCount="27" cmlx:templateRef="condensed"><list cmlx:templateRef="serial"><scalar dataType="xsd:string" dictRef="x:intarr">1          2          3          4          5          6</scalar></list><list cmlx:templateRef="row"><list><scalar dataType="xsd:integer" dictRef="cc:serial">1</scalar><scalar dataType="xsd:string" dictRef="cc:elementType">Al</scalar><scalar dataType="xsd:string" dictRef="x:floatArr">12.253412   0.319356   0.042151   0.000637   0.000373  -0.000084</scalar></list><list><scalar dataType="xsd:integer" dictRef="cc:serial">2</scalar><scalar dataType="xsd:string" dictRef="cc:elementType">Al</scalar><scalar dataType="xsd:string" dictRef="x:floatArr">0.319356  12.433514   0.319201  -0.025513   0.000628  -0.000148</scalar></list><list><scalar dataType="xsd:integer" dictRef="cc:serial">3</scalar><scalar dataType="xsd:string" dictRef="cc:elementType">Al</scalar><scalar dataType="xsd:string" dictRef="x:floatArr">0.042151   0.319201  12.253561   0.319641   0.042015   0.000628</scalar></list><list><scalar dataType="xsd:integer" dictRef="cc:serial">4</scalar><scalar dataType="xsd:string" dictRef="cc:elementType">Al</scalar><scalar dataType="xsd:string" dictRef="x:floatArr">0.000637  -0.025513   0.319641  12.432958   0.319641  -0.025513</scalar></list><list><scalar dataType="xsd:integer" dictRef="cc:serial">5</scalar><scalar dataType="xsd:string" dictRef="cc:elementType">Al</scalar><scalar dataType="xsd:string" dictRef="x:floatArr">0.000373   0.000628   0.042015   0.319641  12.253561   0.319201</scalar></list><list><scalar dataType="xsd:integer" dictRef="cc:serial">6</scalar><scalar dataType="xsd:string" dictRef="cc:elementType">Al</scalar><scalar dataType="xsd:string" dictRef="x:floatArr">-0.000084  -0.000148   0.000628  -0.025513   0.319201  12.433514</scalar></list><list><scalar dataType="xsd:integer" dictRef="cc:serial">7</scalar><scalar dataType="xsd:string" dictRef="cc:elementType">Al</scalar><scalar dataType="xsd:string" dictRef="x:floatArr">-0.000279  -0.000084   0.000373   0.000637   0.042151   0.319356</scalar></list><list><scalar dataType="xsd:integer" dictRef="cc:serial">8</scalar><scalar dataType="xsd:string" dictRef="cc:elementType">Al</scalar><scalar dataType="xsd:string" dictRef="x:floatArr">-0.000084  -0.000010  -0.000084  -0.000148   0.000635  -0.025486</scalar></list><list><scalar dataType="xsd:integer" dictRef="cc:serial">9</scalar><scalar dataType="xsd:string" dictRef="cc:elementType">Al</scalar><scalar dataType="xsd:string" dictRef="x:floatArr">0.000373  -0.000084  -0.000280  -0.000084   0.000373   0.000635</scalar></list><list><scalar dataType="xsd:integer" dictRef="cc:serial">10</scalar><scalar dataType="xsd:string" dictRef="cc:elementType">Al</scalar><scalar dataType="xsd:string" dictRef="x:floatArr">0.000637  -0.000148  -0.000084  -0.000010  -0.000084  -0.000148</scalar></list><list><scalar dataType="xsd:integer" dictRef="cc:serial">11</scalar><scalar dataType="xsd:string" dictRef="cc:elementType">Al</scalar><scalar dataType="xsd:string" dictRef="x:floatArr">0.042151   0.000635   0.000373  -0.000084  -0.000280  -0.000084</scalar></list><list><scalar dataType="xsd:integer" dictRef="cc:serial">12</scalar><scalar dataType="xsd:string" dictRef="cc:elementType">Al</scalar><scalar dataType="xsd:string" dictRef="x:floatArr">0.319356  -0.025486   0.000635  -0.000148  -0.000084  -0.000010</scalar></list><list><scalar dataType="xsd:integer" dictRef="cc:serial">7</scalar><scalar dataType="xsd:string" dictRef="cc:elementType">8</scalar><scalar dataType="xsd:string" dictRef="x:floatArr">9         10         11         12</scalar></list><list><scalar dataType="xsd:integer" dictRef="cc:serial">1</scalar><scalar dataType="xsd:string" dictRef="cc:elementType">Al</scalar><scalar dataType="xsd:string" dictRef="x:floatArr">-0.000279  -0.000084   0.000373   0.000637   0.042151   0.319356</scalar></list><list><scalar dataType="xsd:integer" dictRef="cc:serial">2</scalar><scalar dataType="xsd:string" dictRef="cc:elementType">Al</scalar><scalar dataType="xsd:string" dictRef="x:floatArr">-0.000084  -0.000010  -0.000084  -0.000148   0.000635  -0.025486</scalar></list><list><scalar dataType="xsd:integer" dictRef="cc:serial">3</scalar><scalar dataType="xsd:string" dictRef="cc:elementType">Al</scalar><scalar dataType="xsd:string" dictRef="x:floatArr">0.000373  -0.000084  -0.000280  -0.000084   0.000373   0.000635</scalar></list><list><scalar dataType="xsd:integer" dictRef="cc:serial">4</scalar><scalar dataType="xsd:string" dictRef="cc:elementType">Al</scalar><scalar dataType="xsd:string" dictRef="x:floatArr">0.000637  -0.000148  -0.000084  -0.000010  -0.000084  -0.000148</scalar></list><list><scalar dataType="xsd:integer" dictRef="cc:serial">5</scalar><scalar dataType="xsd:string" dictRef="cc:elementType">Al</scalar><scalar dataType="xsd:string" dictRef="x:floatArr">0.042151   0.000635   0.000373  -0.000084  -0.000280  -0.000084</scalar></list><list><scalar dataType="xsd:integer" dictRef="cc:serial">6</scalar><scalar dataType="xsd:string" dictRef="cc:elementType">Al</scalar><scalar dataType="xsd:string" dictRef="x:floatArr">0.319356  -0.025486   0.000635  -0.000148  -0.000084  -0.000010</scalar></list><list><scalar dataType="xsd:integer" dictRef="cc:serial">7</scalar><scalar dataType="xsd:string" dictRef="cc:elementType">Al</scalar><scalar dataType="xsd:string" dictRef="x:floatArr">12.253412   0.319356   0.042151   0.000637   0.000373  -0.000084</scalar></list><list><scalar dataType="xsd:integer" dictRef="cc:serial">8</scalar><scalar dataType="xsd:string" dictRef="cc:elementType">Al</scalar><scalar dataType="xsd:string" dictRef="x:floatArr">0.319356  12.433514   0.319201  -0.025513   0.000628  -0.000148</scalar></list><list><scalar dataType="xsd:integer" dictRef="cc:serial">9</scalar><scalar dataType="xsd:string" dictRef="cc:elementType">Al</scalar><scalar dataType="xsd:string" dictRef="x:floatArr">0.042151   0.319201  12.253561   0.319641   0.042015   0.000628</scalar></list><list><scalar dataType="xsd:integer" dictRef="cc:serial">10</scalar><scalar dataType="xsd:string" dictRef="cc:elementType">Al</scalar><scalar dataType="xsd:string" dictRef="x:floatArr">0.000637  -0.025513   0.319641  12.432958   0.319641  -0.025513</scalar></list><list><scalar dataType="xsd:integer" dictRef="cc:serial">11</scalar><scalar dataType="xsd:string" dictRef="cc:elementType">Al</scalar><scalar dataType="xsd:string" dictRef="x:floatArr">0.000373   0.000628   0.042015   0.319641  12.253561   0.319201</scalar></list><list><scalar dataType="xsd:integer" dictRef="cc:serial">12</scalar><scalar dataType="xsd:string" dictRef="cc:elementType">Al</scalar><scalar dataType="xsd:string" dictRef="x:floatArr">-0.000084  -0.000148   0.000628  -0.025513   0.319201  12.433514</scalar></list></list></module><module cmlx:lineCount="32" cmlx:templateRef="mulliken"><module cmlx:lineCount="14" cmlx:templateRef="mullik"><list cmlx:templateRef="title"><scalar dataType="xsd:string" dictRef="g:title">Mulliken atomic charges:</scalar></list><list cmlx:templateRef="serial"><scalar dataType="xsd:integer" dictRef="cc:serial">1</scalar></list></module> Sum of Mulliken charges=   0.00000 Sum of Mulliken charges=   0.00000 Electronic spatial extent (au):  &lt;R**2&gt;= 12152.1298 Charge=     0.0000 electrons</module><module cmlx:lineCount="18" cmlx:templateRef="multipole"><list cmlx:templateRef="dipoletype"><scalar dataType="xsd:string" dictRef="g:dipoletype">field-independent basis, Debye</scalar></list><list cmlx:templateRef="dipole"><list><scalar dataType="xsd:double" dictRef="x:x">0.0</scalar><scalar dataType="xsd:double" dictRef="x:y">0.0</scalar><scalar dataType="xsd:double" dictRef="x:z">0.0</scalar><scalar dataType="xsd:double" dictRef="x:dipole">0.0</scalar></list></list><list cmlx:templateRef="quadrupoletype"><scalar dataType="xsd:string" dictRef="g:quadpoletype">field-independent basis, Debye-Ang</scalar></list><list cmlx:templateRef="quadrupol"><list><scalar dataType="xsd:double" dictRef="x:x">-144.3374</scalar><scalar dataType="xsd:double" dictRef="x:y">-144.331</scalar><scalar dataType="xsd:double" dictRef="x:z">-167.8557</scalar></list></list><list cmlx:templateRef="xy"><list><scalar dataType="xsd:double" dictRef="x:x">0.0</scalar><scalar dataType="xsd:double" dictRef="x:y">0.0</scalar><scalar dataType="xsd:double" dictRef="x:z">0.0</scalar></list></list><list cmlx:templateRef="quadrupoletypea"><scalar dataType="xsd:string" dictRef="g:quadpoletype">field-independent basis, Debye-Ang</scalar></list><list cmlx:templateRef="xx"><list><scalar dataType="xsd:double" dictRef="x:x">7.8373</scalar><scalar dataType="xsd:double" dictRef="x:y">7.8437</scalar><scalar dataType="xsd:double" dictRef="x:z">-15.681</scalar></list></list><list cmlx:templateRef="xya"><list><scalar dataType="xsd:double" dictRef="x:x">0.0</scalar><scalar dataType="xsd:double" dictRef="x:y">0.0</scalar><scalar dataType="xsd:double" dictRef="x:z">0.0</scalar></list></list><list cmlx:templateRef="octapoletype"><scalar dataType="xsd:string" dictRef="g:octapoletype">field-independent basis, Debye-Ang**2</scalar></list><list cmlx:templateRef="xxx"><list><scalar dataType="xsd:double" dictRef="x:xxx">0.0</scalar><scalar dataType="xsd:double" dictRef="x:yyy">0.0</scalar><scalar dataType="xsd:double" dictRef="x:zzz">0.0</scalar><scalar dataType="xsd:double" dictRef="x:xyy">0.0</scalar></list></list><list cmlx:templateRef="xxy"><list><scalar dataType="xsd:double" dictRef="x:xxy">0.0</scalar><scalar dataType="xsd:double" dictRef="x:xxz">0.0</scalar><scalar dataType="xsd:double" dictRef="x:xzz">0.0</scalar><scalar dataType="xsd:double" dictRef="x:xzz">0.0</scalar></list></list><list cmlx:templateRef="yyz"><list><scalar dataType="xsd:double" dictRef="x:yyz">0.0</scalar><scalar dataType="xsd:double" dictRef="x:xyz">0.0</scalar></list></list><list cmlx:templateRef="hexadecapoletype"><scalar dataType="xsd:string" dictRef="g:hexadecapoletype">field-independent basis, Debye-Ang**3</scalar></list><list cmlx:templateRef="xxxx"><list><scalar dataType="xsd:double" dictRef="x:xxxx">-9851.7036</scalar><scalar dataType="xsd:double" dictRef="x:yyyy">-9851.5028</scalar><scalar dataType="xsd:double" dictRef="x:zzzz">-446.0669</scalar><scalar dataType="xsd:double" dictRef="x:xxxy">0.0</scalar></list></list><list cmlx:templateRef="xxxz"><list><scalar dataType="xsd:double" dictRef="x:xxxz">0.0</scalar><scalar dataType="xsd:double" dictRef="x:yyyx">0.0</scalar><scalar dataType="xsd:double" dictRef="x:yyyz">0.0</scalar><scalar dataType="xsd:double" dictRef="x:zzzx">0.0</scalar></list></list><list cmlx:templateRef="zzzy"><list><scalar dataType="xsd:double" dictRef="x:zzzy">0.0</scalar><scalar dataType="xsd:double" dictRef="x:xxyy">-3283.9948</scalar><scalar dataType="xsd:double" dictRef="x:xxzz">-1887.5182</scalar><scalar dataType="xsd:double" dictRef="x:yyzz">-1887.4912</scalar></list></list><list cmlx:templateRef="xzz"><scalar dataType="xsd:string" dictRef="x:xzz">N-N= 1.145325190658D+03 E-N=-9.229317383109D+03  KE= 2.897896486492D+03</scalar></list></module></module> Symmetry AG   KE= 8.450917846737D+02 Symmetry B1G  KE= 4.836851394599D+02 Symmetry B2G  KE= 6.003084101227D+01 Symmetry B3G  KE= 6.003239696834D+01 Symmetry AU   KE= 3.926062116394D+01 Symmetry B1U  KE= 7.964035614594D+01 Symmetry B2U  KE= 6.651260297422D+02 Symmetry B3U  KE= 6.650293173261D+02 1\1\GINC-CX1-7-4-2\FOpt\RB3LYP\6-31G(d)\Al12\RZEPA\29-May-2009\0\\# rb 3lyp/6-31G(d) opt freq\\Title Card Required\\0,1\Al,-4.171048361,-0.00 00000005,0.\Al,-4.3311049663,2.5005646175,0.\Al,-2.0855241809,3.612233 8408,0.\Al,-0.0000000006,5.001129236,0.\Al,2.0855241801,3.6122338413,0 .\Al,4.3311049657,2.5005646185,0.\Al,4.171048361,0.0000000005,0.\Al,4. 3311049663,-2.5005646175,0.\Al,2.0855241809,-3.6122338408,0.\Al,0.0000 000006,-5.001129236,0.\Al,-2.0855241801,-3.6122338413,0.\Al,-4.3311049 657,-2.5005646185,0.\\Version=EM64L-G03RevE.01\HF=-2908.9812931\RMSD=9 .965e-09\RMSF=2.222e-05\Thermal=0.\Dipole=0.,0.,0.\PG=D06H [3C2'(Al1.A l1),3C2"(Al1.Al1)]\\@ IF IT'S NOT TRUE, IT'S WELL INVENTED -- DANTE<module cmlx:lineCount="3" cmlx:templateRef="jobcpu"><list cmlx:templateRef="jobcpu"><scalar dataType="xsd:string" dictRef="x:junk">Job cpu time:  0 days  2 hours 39 minutes 20.8 seconds.</scalar><scalar dataType="xsd:string" dictRef="x:junk">File lengths (MBytes):  RWF=     39 Int=      0 D2E=      0 Chk=     10 Scr=      1</scalar><scalar dataType="xsd:string" dictRef="x:junk">Normal termination of Gaussian 03 at Fri May 29 15:14:34 2009.</scalar></list></module><module cmlx:lineCount="35" cmlx:templateRef="link1a" xmlns:xi="http://www.w3.org/2001/XInclude"><list cmlx:templateRef="link1"><scalar dataType="xsd:string" dictRef="g:link1">Link1:  Proceeding to internal job step number  2.</scalar></list><module cmlx:lineCount="3" cmlx:templateRef="l1.keywords"><list cmlx:templateRef="prog"><scalar dataType="xsd:string" dictRef="cc:keywords">#N Geom=AllCheck Guess=Read SCRF=Check GenChk RB3LYP/6-31G(d) Freq</scalar><scalar dataType="xsd:string" dictRef="cc:keywords">------------------------------------------------------------------</scalar></list></module><module cmlx:lineCount="6" cmlx:templateRef="l1.control"><list cmlx:templateRef="control"><scalar dataType="xsd:string" dictRef="g:control">1/10=4,29=7,30=1,38=1,40=1,46=1/1,3;</scalar><scalar dataType="xsd:string" dictRef="g:control">2/40=1/2;</scalar><scalar dataType="xsd:string" dictRef="g:control">3/5=1,6=6,7=1,11=2,16=1,25=1,30=1,70=2,71=2,74=-5/1,2,3;</scalar><scalar dataType="xsd:string" dictRef="g:control">4/5=1,7=1/1;</scalar><scalar dataType="xsd:string" dictRef="g:control">5/5=2,38=6/2;</scalar><scalar dataType="xsd:string" dictRef="g:control">8/6=4,10=90,11=11/1;</scalar></list></module> 11/6=1,8=1,9=11,15=111,16=1/1,2,10; 10/6=1/2; 6/7=2,8=2,9=2,10=2,18=1,28=1/1; 7/8=1,10=1,25=1/1,2,3,16; 1/10=4,30=1,46=1/3; 99//99;<module cmlx:lineCount="1" cmlx:templateRef="l1title"/> Title Card Required<module cmlx:lineCount="1" cmlx:templateRef="l1title"/><module cmlx:lineCount="2" cmlx:templateRef="l101.redundant"><list cmlx:templateRef="redundant"><scalar dataType="xsd:string" dictRef="g:redundant">Redundant internal coordinates taken from checkpoint file:</scalar></list><list cmlx:templateRef="checkpoint"><scalar dataType="xsd:string" dictRef="g:checkpoint">chk.chk</scalar></list></module><module cmlx:lineCount="13" cmlx:templateRef="l101.zmata"><list cmlx:templateRef="chargemult"><list><scalar dataType="xsd:integer" dictRef="x:formalCharge">0</scalar><scalar dataType="xsd:integer" dictRef="x:multiplicity">1</scalar></list></list><list cmlx:lineCount="12" cmlx:templateRef="atom"><array dataType="xsd:string" dictRef="cc:elementType" size="12">Al Al Al Al Al Al Al Al Al Al Al Al</array><array dataType="xsd:integer" dictRef="g:type" size="12">0 0 0 0 0 0 0 0 0 0 0 0</array><array dataType="xsd:double" dictRef="cc:x3" size="12">-4.171048361 -4.3311049663 -2.0855241809 -6.0E-10 2.0855241801 4.3311049657 4.171048361 4.3311049663 2.0855241809 6.0E-10 -2.0855241801 -4.3311049657</array><array dataType="xsd:double" dictRef="cc:y3" size="12">-5.0E-10 2.5005646175 3.6122338408 5.001129236 3.6122338413 2.5005646185 5.0E-10 -2.5005646175 -3.6122338408 -5.001129236 -3.6122338413 -2.5005646185</array><array dataType="xsd:double" dictRef="cc:z3" size="12">0.0 0.0 0.0 0.0 0.0 0.0 0.0 0.0 0.0 0.0 0.0 0.0</array></list></module><list cmlx:templateRef="link1a"><scalar dataType="xsd:string" dictRef="g:link1a">Recover connectivity data from disk.</scalar></list></module><module cmlx:lineCount="133" cmlx:templateRef="l103" xmlns:xi="http://www.w3.org/2001/XInclude"><list cmlx:templateRef="berny"><scalar dataType="xsd:string" dictRef="g:optimization">Initialization pass.</scalar></list><module cmlx:lineCount="126" cmlx:templateRef="l103.init"><list cmlx:templateRef="length"><list><scalar dataType="xsd:string" dictRef="g:symbol">R1</scalar><scalar dataType="xsd:integer" dictRef="g:atom1">1</scalar><scalar dataType="xsd:integer" dictRef="g:atom2">2</scalar><scalar dataType="xsd:double" dictRef="cc:distance">2.5057</scalar><scalar dataType="xsd:string" dictRef="g:deriv">calculate D2E/DX2 analytically</scalar></list><list><scalar dataType="xsd:string" dictRef="g:symbol">R2</scalar><scalar dataType="xsd:integer" dictRef="g:atom1">1</scalar><scalar dataType="xsd:integer" dictRef="g:atom2">3</scalar><scalar dataType="xsd:double" dictRef="cc:distance">4.171</scalar><scalar dataType="xsd:string" dictRef="g:deriv">calculate D2E/DX2 analytically</scalar></list><list><scalar dataType="xsd:string" dictRef="g:symbol">R3</scalar><scalar dataType="xsd:integer" dictRef="g:atom1">1</scalar><scalar dataType="xsd:integer" dictRef="g:atom2">11</scalar><scalar dataType="xsd:double" dictRef="cc:distance">4.171</scalar><scalar dataType="xsd:string" dictRef="g:deriv">calculate D2E/DX2 analytically</scalar></list><list><scalar dataType="xsd:string" dictRef="g:symbol">R4</scalar><scalar dataType="xsd:integer" dictRef="g:atom1">1</scalar><scalar dataType="xsd:integer" dictRef="g:atom2">12</scalar><scalar dataType="xsd:double" dictRef="cc:distance">2.5057</scalar><scalar dataType="xsd:string" dictRef="g:deriv">calculate D2E/DX2 analytically</scalar></list><list><scalar dataType="xsd:string" dictRef="g:symbol">R5</scalar><scalar dataType="xsd:integer" dictRef="g:atom1">2</scalar><scalar dataType="xsd:integer" dictRef="g:atom2">3</scalar><scalar dataType="xsd:double" dictRef="cc:distance">2.5057</scalar><scalar dataType="xsd:string" dictRef="g:deriv">calculate D2E/DX2 analytically</scalar></list><list><scalar dataType="xsd:string" dictRef="g:symbol">R6</scalar><scalar dataType="xsd:integer" dictRef="g:atom1">2</scalar><scalar dataType="xsd:integer" dictRef="g:atom2">4</scalar><scalar dataType="xsd:double" dictRef="cc:distance">5.0011</scalar><scalar dataType="xsd:string" dictRef="g:deriv">calculate D2E/DX2 analytically</scalar></list><list><scalar dataType="xsd:string" dictRef="g:symbol">R7</scalar><scalar dataType="xsd:integer" dictRef="g:atom1">2</scalar><scalar dataType="xsd:integer" dictRef="g:atom2">12</scalar><scalar dataType="xsd:double" dictRef="cc:distance">5.0011</scalar><scalar dataType="xsd:string" dictRef="g:deriv">calculate D2E/DX2 analytically</scalar></list><list><scalar dataType="xsd:string" dictRef="g:symbol">R8</scalar><scalar dataType="xsd:integer" dictRef="g:atom1">3</scalar><scalar dataType="xsd:integer" dictRef="g:atom2">4</scalar><scalar dataType="xsd:double" dictRef="cc:distance">2.5057</scalar><scalar dataType="xsd:string" dictRef="g:deriv">calculate D2E/DX2 analytically</scalar></list><list><scalar dataType="xsd:string" dictRef="g:symbol">R9</scalar><scalar dataType="xsd:integer" dictRef="g:atom1">3</scalar><scalar dataType="xsd:integer" dictRef="g:atom2">5</scalar><scalar dataType="xsd:double" dictRef="cc:distance">4.171</scalar><scalar dataType="xsd:string" dictRef="g:deriv">calculate D2E/DX2 analytically</scalar></list><list><scalar dataType="xsd:string" dictRef="g:symbol">R10</scalar><scalar dataType="xsd:integer" dictRef="g:atom1">4</scalar><scalar dataType="xsd:integer" dictRef="g:atom2">5</scalar><scalar dataType="xsd:double" dictRef="cc:distance">2.5057</scalar><scalar dataType="xsd:string" dictRef="g:deriv">calculate D2E/DX2 analytically</scalar></list><list><scalar dataType="xsd:string" dictRef="g:symbol">R11</scalar><scalar dataType="xsd:integer" dictRef="g:atom1">4</scalar><scalar dataType="xsd:integer" dictRef="g:atom2">6</scalar><scalar dataType="xsd:double" dictRef="cc:distance">5.0011</scalar><scalar dataType="xsd:string" dictRef="g:deriv">calculate D2E/DX2 analytically</scalar></list><list><scalar dataType="xsd:string" dictRef="g:symbol">R12</scalar><scalar dataType="xsd:integer" dictRef="g:atom1">5</scalar><scalar dataType="xsd:integer" dictRef="g:atom2">6</scalar><scalar dataType="xsd:double" dictRef="cc:distance">2.5057</scalar><scalar dataType="xsd:string" dictRef="g:deriv">calculate D2E/DX2 analytically</scalar></list><list><scalar dataType="xsd:string" dictRef="g:symbol">R13</scalar><scalar dataType="xsd:integer" dictRef="g:atom1">5</scalar><scalar dataType="xsd:integer" dictRef="g:atom2">7</scalar><scalar dataType="xsd:double" dictRef="cc:distance">4.171</scalar><scalar dataType="xsd:string" dictRef="g:deriv">calculate D2E/DX2 analytically</scalar></list><list><scalar dataType="xsd:string" dictRef="g:symbol">R14</scalar><scalar dataType="xsd:integer" dictRef="g:atom1">6</scalar><scalar dataType="xsd:integer" dictRef="g:atom2">7</scalar><scalar dataType="xsd:double" dictRef="cc:distance">2.5057</scalar><scalar dataType="xsd:string" dictRef="g:deriv">calculate D2E/DX2 analytically</scalar></list><list><scalar dataType="xsd:string" dictRef="g:symbol">R15</scalar><scalar dataType="xsd:integer" dictRef="g:atom1">6</scalar><scalar dataType="xsd:integer" dictRef="g:atom2">8</scalar><scalar dataType="xsd:double" dictRef="cc:distance">5.0011</scalar><scalar dataType="xsd:string" dictRef="g:deriv">calculate D2E/DX2 analytically</scalar></list><list><scalar dataType="xsd:string" dictRef="g:symbol">R16</scalar><scalar dataType="xsd:integer" dictRef="g:atom1">7</scalar><scalar dataType="xsd:integer" dictRef="g:atom2">8</scalar><scalar dataType="xsd:double" dictRef="cc:distance">2.5057</scalar><scalar dataType="xsd:string" dictRef="g:deriv">calculate D2E/DX2 analytically</scalar></list><list><scalar dataType="xsd:string" dictRef="g:symbol">R17</scalar><scalar dataType="xsd:integer" dictRef="g:atom1">7</scalar><scalar dataType="xsd:integer" dictRef="g:atom2">9</scalar><scalar dataType="xsd:double" dictRef="cc:distance">4.171</scalar><scalar dataType="xsd:string" dictRef="g:deriv">calculate D2E/DX2 analytically</scalar></list><list><scalar dataType="xsd:string" dictRef="g:symbol">R18</scalar><scalar dataType="xsd:integer" dictRef="g:atom1">8</scalar><scalar dataType="xsd:integer" dictRef="g:atom2">9</scalar><scalar dataType="xsd:double" dictRef="cc:distance">2.5057</scalar><scalar dataType="xsd:string" dictRef="g:deriv">calculate D2E/DX2 analytically</scalar></list><list><scalar dataType="xsd:string" dictRef="g:symbol">R19</scalar><scalar dataType="xsd:integer" dictRef="g:atom1">8</scalar><scalar dataType="xsd:integer" dictRef="g:atom2">10</scalar><scalar dataType="xsd:double" dictRef="cc:distance">5.0011</scalar><scalar dataType="xsd:string" dictRef="g:deriv">calculate D2E/DX2 analytically</scalar></list><list><scalar dataType="xsd:string" dictRef="g:symbol">R20</scalar><scalar dataType="xsd:integer" dictRef="g:atom1">9</scalar><scalar dataType="xsd:integer" dictRef="g:atom2">10</scalar><scalar dataType="xsd:double" dictRef="cc:distance">2.5057</scalar><scalar dataType="xsd:string" dictRef="g:deriv">calculate D2E/DX2 analytically</scalar></list><list><scalar dataType="xsd:string" dictRef="g:symbol">R21</scalar><scalar dataType="xsd:integer" dictRef="g:atom1">9</scalar><scalar dataType="xsd:integer" dictRef="g:atom2">11</scalar><scalar dataType="xsd:double" dictRef="cc:distance">4.171</scalar><scalar dataType="xsd:string" dictRef="g:deriv">calculate D2E/DX2 analytically</scalar></list><list><scalar dataType="xsd:string" dictRef="g:symbol">R22</scalar><scalar dataType="xsd:integer" dictRef="g:atom1">10</scalar><scalar dataType="xsd:integer" dictRef="g:atom2">11</scalar><scalar dataType="xsd:double" dictRef="cc:distance">2.5057</scalar><scalar dataType="xsd:string" dictRef="g:deriv">calculate D2E/DX2 analytically</scalar></list><list><scalar dataType="xsd:string" dictRef="g:symbol">R23</scalar><scalar dataType="xsd:integer" dictRef="g:atom1">10</scalar><scalar dataType="xsd:integer" dictRef="g:atom2">12</scalar><scalar dataType="xsd:double" dictRef="cc:distance">5.0011</scalar><scalar dataType="xsd:string" dictRef="g:deriv">calculate D2E/DX2 analytically</scalar></list><list><scalar dataType="xsd:string" dictRef="g:symbol">R24</scalar><scalar dataType="xsd:integer" dictRef="g:atom1">11</scalar><scalar dataType="xsd:integer" dictRef="g:atom2">12</scalar><scalar dataType="xsd:double" dictRef="cc:distance">2.5057</scalar><scalar dataType="xsd:string" dictRef="g:deriv">calculate D2E/DX2 analytically</scalar></list></list><list cmlx:templateRef="angle"><list><scalar dataType="xsd:string" dictRef="g:symbol">A1</scalar><scalar dataType="xsd:integer" dictRef="g:atom1">2</scalar><scalar dataType="xsd:integer" dictRef="g:atom2">1</scalar><scalar dataType="xsd:integer" dictRef="g:atom3">11</scalar><scalar dataType="xsd:double" dictRef="cc:angle">153.6624</scalar><scalar dataType="xsd:string" dictRef="g:deriv">calculate D2E/DX2 analytically</scalar></list><list><scalar dataType="xsd:string" dictRef="g:symbol">A2</scalar><scalar dataType="xsd:integer" dictRef="g:atom1">3</scalar><scalar dataType="xsd:integer" dictRef="g:atom2">1</scalar><scalar dataType="xsd:integer" dictRef="g:atom3">11</scalar><scalar dataType="xsd:double" dictRef="cc:angle">120.0</scalar><scalar dataType="xsd:string" dictRef="g:deriv">calculate D2E/DX2 analytically</scalar></list><list><scalar dataType="xsd:string" dictRef="g:symbol">A3</scalar><scalar dataType="xsd:integer" dictRef="g:atom1">3</scalar><scalar dataType="xsd:integer" dictRef="g:atom2">1</scalar><scalar dataType="xsd:integer" dictRef="g:atom3">12</scalar><scalar dataType="xsd:double" dictRef="cc:angle">153.6624</scalar><scalar dataType="xsd:string" dictRef="g:deriv">calculate D2E/DX2 analytically</scalar></list><list><scalar dataType="xsd:string" dictRef="g:symbol">A4</scalar><scalar dataType="xsd:integer" dictRef="g:atom1">1</scalar><scalar dataType="xsd:integer" dictRef="g:atom2">2</scalar><scalar dataType="xsd:integer" dictRef="g:atom3">4</scalar><scalar dataType="xsd:double" dictRef="cc:angle">116.3376</scalar><scalar dataType="xsd:string" dictRef="g:deriv">calculate D2E/DX2 analytically</scalar></list><list><scalar dataType="xsd:string" dictRef="g:symbol">A5</scalar><scalar dataType="xsd:integer" dictRef="g:atom1">3</scalar><scalar dataType="xsd:integer" dictRef="g:atom2">2</scalar><scalar dataType="xsd:integer" dictRef="g:atom3">12</scalar><scalar dataType="xsd:double" dictRef="cc:angle">116.3376</scalar><scalar dataType="xsd:string" dictRef="g:deriv">calculate D2E/DX2 analytically</scalar></list><list><scalar dataType="xsd:string" dictRef="g:symbol">A6</scalar><scalar dataType="xsd:integer" dictRef="g:atom1">4</scalar><scalar dataType="xsd:integer" dictRef="g:atom2">2</scalar><scalar dataType="xsd:integer" dictRef="g:atom3">12</scalar><scalar dataType="xsd:double" dictRef="cc:angle">120.0</scalar><scalar dataType="xsd:string" dictRef="g:deriv">calculate D2E/DX2 analytically</scalar></list><list><scalar dataType="xsd:string" dictRef="g:symbol">A7</scalar><scalar dataType="xsd:integer" dictRef="g:atom1">1</scalar><scalar dataType="xsd:integer" dictRef="g:atom2">3</scalar><scalar dataType="xsd:integer" dictRef="g:atom3">4</scalar><scalar dataType="xsd:double" dictRef="cc:angle">153.6624</scalar><scalar dataType="xsd:string" dictRef="g:deriv">calculate D2E/DX2 analytically</scalar></list><list><scalar dataType="xsd:string" dictRef="g:symbol">A8</scalar><scalar dataType="xsd:integer" dictRef="g:atom1">1</scalar><scalar dataType="xsd:integer" dictRef="g:atom2">3</scalar><scalar dataType="xsd:integer" dictRef="g:atom3">5</scalar><scalar dataType="xsd:double" dictRef="cc:angle">120.0</scalar><scalar dataType="xsd:string" dictRef="g:deriv">calculate D2E/DX2 analytically</scalar></list><list><scalar dataType="xsd:string" dictRef="g:symbol">A9</scalar><scalar dataType="xsd:integer" dictRef="g:atom1">2</scalar><scalar dataType="xsd:integer" dictRef="g:atom2">3</scalar><scalar dataType="xsd:integer" dictRef="g:atom3">5</scalar><scalar dataType="xsd:double" dictRef="cc:angle">153.6624</scalar><scalar dataType="xsd:string" dictRef="g:deriv">calculate D2E/DX2 analytically</scalar></list><list><scalar dataType="xsd:string" dictRef="g:symbol">A10</scalar><scalar dataType="xsd:integer" dictRef="g:atom1">2</scalar><scalar dataType="xsd:integer" dictRef="g:atom2">4</scalar><scalar dataType="xsd:integer" dictRef="g:atom3">5</scalar><scalar dataType="xsd:double" dictRef="cc:angle">116.3376</scalar><scalar dataType="xsd:string" dictRef="g:deriv">calculate D2E/DX2 analytically</scalar></list><list><scalar dataType="xsd:string" dictRef="g:symbol">A11</scalar><scalar dataType="xsd:integer" dictRef="g:atom1">2</scalar><scalar dataType="xsd:integer" dictRef="g:atom2">4</scalar><scalar dataType="xsd:integer" dictRef="g:atom3">6</scalar><scalar dataType="xsd:double" dictRef="cc:angle">120.0</scalar><scalar dataType="xsd:string" dictRef="g:deriv">calculate D2E/DX2 analytically</scalar></list><list><scalar dataType="xsd:string" dictRef="g:symbol">A12</scalar><scalar dataType="xsd:integer" dictRef="g:atom1">3</scalar><scalar dataType="xsd:integer" dictRef="g:atom2">4</scalar><scalar dataType="xsd:integer" dictRef="g:atom3">6</scalar><scalar dataType="xsd:double" dictRef="cc:angle">116.3376</scalar><scalar dataType="xsd:string" dictRef="g:deriv">calculate D2E/DX2 analytically</scalar></list><list><scalar dataType="xsd:string" dictRef="g:symbol">A13</scalar><scalar dataType="xsd:integer" dictRef="g:atom1">3</scalar><scalar dataType="xsd:integer" dictRef="g:atom2">5</scalar><scalar dataType="xsd:integer" dictRef="g:atom3">6</scalar><scalar dataType="xsd:double" dictRef="cc:angle">153.6624</scalar><scalar dataType="xsd:string" dictRef="g:deriv">calculate D2E/DX2 analytically</scalar></list><list><scalar dataType="xsd:string" dictRef="g:symbol">A14</scalar><scalar dataType="xsd:integer" dictRef="g:atom1">3</scalar><scalar dataType="xsd:integer" dictRef="g:atom2">5</scalar><scalar dataType="xsd:integer" dictRef="g:atom3">7</scalar><scalar dataType="xsd:double" dictRef="cc:angle">120.0</scalar><scalar dataType="xsd:string" dictRef="g:deriv">calculate D2E/DX2 analytically</scalar></list><list><scalar dataType="xsd:string" dictRef="g:symbol">A15</scalar><scalar dataType="xsd:integer" dictRef="g:atom1">4</scalar><scalar dataType="xsd:integer" dictRef="g:atom2">5</scalar><scalar dataType="xsd:integer" dictRef="g:atom3">7</scalar><scalar dataType="xsd:double" dictRef="cc:angle">153.6624</scalar><scalar dataType="xsd:string" dictRef="g:deriv">calculate D2E/DX2 analytically</scalar></list><list><scalar dataType="xsd:string" dictRef="g:symbol">A16</scalar><scalar dataType="xsd:integer" dictRef="g:atom1">4</scalar><scalar dataType="xsd:integer" dictRef="g:atom2">6</scalar><scalar dataType="xsd:integer" dictRef="g:atom3">7</scalar><scalar dataType="xsd:double" dictRef="cc:angle">116.3376</scalar><scalar dataType="xsd:string" dictRef="g:deriv">calculate D2E/DX2 analytically</scalar></list><list><scalar dataType="xsd:string" dictRef="g:symbol">A17</scalar><scalar dataType="xsd:integer" dictRef="g:atom1">4</scalar><scalar dataType="xsd:integer" dictRef="g:atom2">6</scalar><scalar dataType="xsd:integer" dictRef="g:atom3">8</scalar><scalar dataType="xsd:double" dictRef="cc:angle">120.0</scalar><scalar dataType="xsd:string" dictRef="g:deriv">calculate D2E/DX2 analytically</scalar></list><list><scalar dataType="xsd:string" dictRef="g:symbol">A18</scalar><scalar dataType="xsd:integer" dictRef="g:atom1">5</scalar><scalar dataType="xsd:integer" dictRef="g:atom2">6</scalar><scalar dataType="xsd:integer" dictRef="g:atom3">8</scalar><scalar dataType="xsd:double" dictRef="cc:angle">116.3376</scalar><scalar dataType="xsd:string" dictRef="g:deriv">calculate D2E/DX2 analytically</scalar></list><list><scalar dataType="xsd:string" dictRef="g:symbol">A19</scalar><scalar dataType="xsd:integer" dictRef="g:atom1">5</scalar><scalar dataType="xsd:integer" dictRef="g:atom2">7</scalar><scalar dataType="xsd:integer" dictRef="g:atom3">8</scalar><scalar dataType="xsd:double" dictRef="cc:angle">153.6624</scalar><scalar dataType="xsd:string" dictRef="g:deriv">calculate D2E/DX2 analytically</scalar></list><list><scalar dataType="xsd:string" dictRef="g:symbol">A20</scalar><scalar dataType="xsd:integer" dictRef="g:atom1">5</scalar><scalar dataType="xsd:integer" dictRef="g:atom2">7</scalar><scalar dataType="xsd:integer" dictRef="g:atom3">9</scalar><scalar dataType="xsd:double" dictRef="cc:angle">120.0</scalar><scalar dataType="xsd:string" dictRef="g:deriv">calculate D2E/DX2 analytically</scalar></list><list><scalar dataType="xsd:string" dictRef="g:symbol">A21</scalar><scalar dataType="xsd:integer" dictRef="g:atom1">6</scalar><scalar dataType="xsd:integer" dictRef="g:atom2">7</scalar><scalar dataType="xsd:integer" dictRef="g:atom3">9</scalar><scalar dataType="xsd:double" dictRef="cc:angle">153.6624</scalar><scalar dataType="xsd:string" dictRef="g:deriv">calculate D2E/DX2 analytically</scalar></list><list><scalar dataType="xsd:string" dictRef="g:symbol">A22</scalar><scalar dataType="xsd:integer" dictRef="g:atom1">6</scalar><scalar dataType="xsd:integer" dictRef="g:atom2">8</scalar><scalar dataType="xsd:integer" dictRef="g:atom3">9</scalar><scalar dataType="xsd:double" dictRef="cc:angle">116.3376</scalar><scalar dataType="xsd:string" dictRef="g:deriv">calculate D2E/DX2 analytically</scalar></list><list><scalar dataType="xsd:string" dictRef="g:symbol">A23</scalar><scalar dataType="xsd:integer" dictRef="g:atom1">6</scalar><scalar dataType="xsd:integer" dictRef="g:atom2">8</scalar><scalar dataType="xsd:integer" dictRef="g:atom3">10</scalar><scalar dataType="xsd:double" dictRef="cc:angle">120.0</scalar><scalar dataType="xsd:string" dictRef="g:deriv">calculate D2E/DX2 analytically</scalar></list><list><scalar dataType="xsd:string" dictRef="g:symbol">A24</scalar><scalar dataType="xsd:integer" dictRef="g:atom1">7</scalar><scalar dataType="xsd:integer" dictRef="g:atom2">8</scalar><scalar dataType="xsd:integer" dictRef="g:atom3">10</scalar><scalar dataType="xsd:double" dictRef="cc:angle">116.3376</scalar><scalar dataType="xsd:string" dictRef="g:deriv">calculate D2E/DX2 analytically</scalar></list><list><scalar dataType="xsd:string" dictRef="g:symbol">A25</scalar><scalar dataType="xsd:integer" dictRef="g:atom1">7</scalar><scalar dataType="xsd:integer" dictRef="g:atom2">9</scalar><scalar dataType="xsd:integer" dictRef="g:atom3">10</scalar><scalar dataType="xsd:double" dictRef="cc:angle">153.6624</scalar><scalar dataType="xsd:string" dictRef="g:deriv">calculate D2E/DX2 analytically</scalar></list><list><scalar dataType="xsd:string" dictRef="g:symbol">A26</scalar><scalar dataType="xsd:integer" dictRef="g:atom1">7</scalar><scalar dataType="xsd:integer" dictRef="g:atom2">9</scalar><scalar dataType="xsd:integer" dictRef="g:atom3">11</scalar><scalar dataType="xsd:double" dictRef="cc:angle">120.0</scalar><scalar dataType="xsd:string" dictRef="g:deriv">calculate D2E/DX2 analytically</scalar></list><list><scalar dataType="xsd:string" dictRef="g:symbol">A27</scalar><scalar dataType="xsd:integer" dictRef="g:atom1">8</scalar><scalar dataType="xsd:integer" dictRef="g:atom2">9</scalar><scalar dataType="xsd:integer" dictRef="g:atom3">11</scalar><scalar dataType="xsd:double" dictRef="cc:angle">153.6624</scalar><scalar dataType="xsd:string" dictRef="g:deriv">calculate D2E/DX2 analytically</scalar></list><list><scalar dataType="xsd:string" dictRef="g:symbol">A28</scalar><scalar dataType="xsd:integer" dictRef="g:atom1">8</scalar><scalar dataType="xsd:integer" dictRef="g:atom2">10</scalar><scalar dataType="xsd:integer" dictRef="g:atom3">11</scalar><scalar dataType="xsd:double" dictRef="cc:angle">116.3376</scalar><scalar dataType="xsd:string" dictRef="g:deriv">calculate D2E/DX2 analytically</scalar></list><list><scalar dataType="xsd:string" dictRef="g:symbol">A29</scalar><scalar dataType="xsd:integer" dictRef="g:atom1">8</scalar><scalar dataType="xsd:integer" dictRef="g:atom2">10</scalar><scalar dataType="xsd:integer" dictRef="g:atom3">12</scalar><scalar dataType="xsd:double" dictRef="cc:angle">120.0</scalar><scalar dataType="xsd:string" dictRef="g:deriv">calculate D2E/DX2 analytically</scalar></list><list><scalar dataType="xsd:string" dictRef="g:symbol">A30</scalar><scalar dataType="xsd:integer" dictRef="g:atom1">9</scalar><scalar dataType="xsd:integer" dictRef="g:atom2">10</scalar><scalar dataType="xsd:integer" dictRef="g:atom3">12</scalar><scalar dataType="xsd:double" dictRef="cc:angle">116.3376</scalar><scalar dataType="xsd:string" dictRef="g:deriv">calculate D2E/DX2 analytically</scalar></list><list><scalar dataType="xsd:string" dictRef="g:symbol">A31</scalar><scalar dataType="xsd:integer" dictRef="g:atom1">1</scalar><scalar dataType="xsd:integer" dictRef="g:atom2">11</scalar><scalar dataType="xsd:integer" dictRef="g:atom3">9</scalar><scalar dataType="xsd:double" dictRef="cc:angle">120.0</scalar><scalar dataType="xsd:string" dictRef="g:deriv">calculate D2E/DX2 analytically</scalar></list><list><scalar dataType="xsd:string" dictRef="g:symbol">A32</scalar><scalar dataType="xsd:integer" dictRef="g:atom1">1</scalar><scalar dataType="xsd:integer" dictRef="g:atom2">11</scalar><scalar dataType="xsd:integer" dictRef="g:atom3">10</scalar><scalar dataType="xsd:double" dictRef="cc:angle">153.6624</scalar><scalar dataType="xsd:string" dictRef="g:deriv">calculate D2E/DX2 analytically</scalar></list><list><scalar dataType="xsd:string" dictRef="g:symbol">A33</scalar><scalar dataType="xsd:integer" dictRef="g:atom1">9</scalar><scalar dataType="xsd:integer" dictRef="g:atom2">11</scalar><scalar dataType="xsd:integer" dictRef="g:atom3">12</scalar><scalar dataType="xsd:double" dictRef="cc:angle">153.6624</scalar><scalar dataType="xsd:string" dictRef="g:deriv">calculate D2E/DX2 analytically</scalar></list><list><scalar dataType="xsd:string" dictRef="g:symbol">A34</scalar><scalar dataType="xsd:integer" dictRef="g:atom1">1</scalar><scalar dataType="xsd:integer" dictRef="g:atom2">12</scalar><scalar dataType="xsd:integer" dictRef="g:atom3">10</scalar><scalar dataType="xsd:double" dictRef="cc:angle">116.3376</scalar><scalar dataType="xsd:string" dictRef="g:deriv">calculate D2E/DX2 analytically</scalar></list><list><scalar dataType="xsd:string" dictRef="g:symbol">A35</scalar><scalar dataType="xsd:integer" dictRef="g:atom1">2</scalar><scalar dataType="xsd:integer" dictRef="g:atom2">12</scalar><scalar dataType="xsd:integer" dictRef="g:atom3">10</scalar><scalar dataType="xsd:double" dictRef="cc:angle">120.0</scalar><scalar dataType="xsd:string" dictRef="g:deriv">calculate D2E/DX2 analytically</scalar></list><list><scalar dataType="xsd:string" dictRef="g:symbol">A36</scalar><scalar dataType="xsd:integer" dictRef="g:atom1">2</scalar><scalar dataType="xsd:integer" dictRef="g:atom2">12</scalar><scalar dataType="xsd:integer" dictRef="g:atom3">11</scalar><scalar dataType="xsd:double" dictRef="cc:angle">116.3376</scalar><scalar dataType="xsd:string" dictRef="g:deriv">calculate D2E/DX2 analytically</scalar></list></list> ! D1    D(11,1,2,4)             0.0            calculate D2E/DX2 analytically  ! ! D2    D(11,1,3,4)             0.0            calculate D2E/DX2 analytically  ! ! D3    D(11,1,3,5)             0.0            calculate D2E/DX2 analytically  ! ! D4    D(12,1,3,4)             0.0            calculate D2E/DX2 analytically  ! ! D5    D(12,1,3,5)             0.0            calculate D2E/DX2 analytically  ! ! D6    D(2,1,11,9)             0.0            calculate D2E/DX2 analytically  ! ! D7    D(2,1,11,10)            0.0            calculate D2E/DX2 analytically  ! ! D8    D(3,1,11,9)             0.0            calculate D2E/DX2 analytically  ! ! D9    D(3,1,11,10)            0.0            calculate D2E/DX2 analytically  ! ! D10   D(3,1,12,10)            0.0            calculate D2E/DX2 analytically  ! ! D11   D(12,2,3,5)             0.0            calculate D2E/DX2 analytically  ! ! D12   D(1,2,4,5)              0.0            calculate D2E/DX2 analytically  ! ! D13   D(1,2,4,6)              0.0            calculate D2E/DX2 analytically  ! ! D14   D(12,2,4,5)             0.0            calculate D2E/DX2 analytically  ! ! D15   D(12,2,4,6)             0.0            calculate D2E/DX2 analytically  ! ! D16   D(3,2,12,10)            0.0            calculate D2E/DX2 analytically  ! ! D17   D(3,2,12,11)            0.0            calculate D2E/DX2 analytically  ! ! D18   D(4,2,12,10)            0.0            calculate D2E/DX2 analytically  ! ! D19   D(4,2,12,11)            0.0            calculate D2E/DX2 analytically  ! ! D20   D(1,3,4,6)              0.0            calculate D2E/DX2 analytically  ! ! D21   D(1,3,5,6)              0.0            calculate D2E/DX2 analytically  ! ! D22   D(1,3,5,7)              0.0            calculate D2E/DX2 analytically  ! ! D23   D(2,3,5,6)              0.0            calculate D2E/DX2 analytically  ! ! D24   D(2,3,5,7)              0.0            calculate D2E/DX2 analytically  ! ! D25   D(2,4,5,7)              0.0            calculate D2E/DX2 analytically  ! ! D26   D(2,4,6,7)              0.0            calculate D2E/DX2 analytically  ! ! D27   D(2,4,6,8)              0.0            calculate D2E/DX2 analytically  ! ! D28   D(3,4,6,7)              0.0            calculate D2E/DX2 analytically  ! ! D29   D(3,4,6,8)              0.0            calculate D2E/DX2 analytically  ! ! D30   D(3,5,6,8)              0.0            calculate D2E/DX2 analytically  ! ! D31   D(3,5,7,8)              0.0            calculate D2E/DX2 analytically  ! ! D32   D(3,5,7,9)              0.0            calculate D2E/DX2 analytically  ! ! D33   D(4,5,7,8)              0.0            calculate D2E/DX2 analytically  ! ! D34   D(4,5,7,9)              0.0            calculate D2E/DX2 analytically  ! ! D35   D(4,6,7,9)              0.0            calculate D2E/DX2 analytically  ! ! D36   D(4,6,8,9)              0.0            calculate D2E/DX2 analytically  ! ! D37   D(4,6,8,10)             0.0            calculate D2E/DX2 analytically  ! ! D38   D(5,6,8,9)              0.0            calculate D2E/DX2 analytically  ! ! D39   D(5,6,8,10)             0.0            calculate D2E/DX2 analytically  ! ! D40   D(5,7,8,10)             0.0            calculate D2E/DX2 analytically  ! ! D41   D(5,7,9,10)             0.0            calculate D2E/DX2 analytically  ! ! D42   D(5,7,9,11)             0.0            calculate D2E/DX2 analytically  ! ! D43   D(6,7,9,10)             0.0            calculate D2E/DX2 analytically  ! ! D44   D(6,7,9,11)             0.0            calculate D2E/DX2 analytically  ! ! D45   D(6,8,9,11)             0.0            calculate D2E/DX2 analytically  ! ! D46   D(6,8,10,11)            0.0            calculate D2E/DX2 analytically  ! ! D47   D(6,8,10,12)            0.0            calculate D2E/DX2 analytically  ! ! D48   D(7,8,10,11)            0.0            calculate D2E/DX2 analytically  ! ! D49   D(7,8,10,12)            0.0            calculate D2E/DX2 analytically  ! ! D50   D(7,9,10,12)            0.0            calculate D2E/DX2 analytically  ! ! D51   D(7,9,11,1)             0.0            calculate D2E/DX2 analytically  ! ! D52   D(7,9,11,12)            0.0            calculate D2E/DX2 analytically  ! ! D53   D(8,9,11,1)             0.0            calculate D2E/DX2 analytically  ! ! D54   D(8,9,11,12)            0.0            calculate D2E/DX2 analytically  ! ! D55   D(8,10,11,1)            0.0            calculate D2E/DX2 analytically  ! ! D56   D(8,10,12,1)            0.0            calculate D2E/DX2 analytically  ! ! D57   D(8,10,12,2)            0.0            calculate D2E/DX2 analytically  ! ! D58   D(9,10,12,1)            0.0            calculate D2E/DX2 analytically  ! ! D59   D(9,10,12,2)            0.0            calculate D2E/DX2 analytically  ! ! D60   D(9,11,12,2)            0.0            calculate D2E/DX2 analytically  !</module> --------------------------------------------------------------------------------<module cmlx:lineCount="2" cmlx:templateRef="l103.trust"><list cmlx:templateRef="length"><list><scalar dataType="xsd:double" dictRef="g:trustrad">0.3</scalar><scalar dataType="xsd:double" dictRef="g:fncerr">1.0E-7</scalar><scalar dataType="xsd:double" dictRef="g:grderr">1.0E-7</scalar></list></list><list cmlx:templateRef="angle"><list><scalar dataType="xsd:integer" dictRef="g:nstep">2</scalar><scalar dataType="xsd:integer" dictRef="g:allowedstep">2</scalar></list></list></module> GradGradGradGradGradGradGradGradGradGradGradGradGradGradGradGradGradGrad</module><module cmlx:lineCount="18" cmlx:templateRef="l202.orient"><list cmlx:templateRef="type"><scalar dataType="xsd:string" dictRef="g:type">Input</scalar></list><list cmlx:lineCount="12" cmlx:templateRef="atom"><array dataType="xsd:integer" dictRef="cc:serial" size="12">1 2 3 4 5 6 7 8 9 10 11 12</array><array dataType="xsd:integer" dictRef="cc:elementType" size="12">13 13 13 13 13 13 13 13 13 13 13 13</array><array dataType="xsd:integer" dictRef="g:atomicType" size="12">0 0 0 0 0 0 0 0 0 0 0 0</array><array dataType="xsd:double" dictRef="cc:x3" size="12">-4.171048 -4.331105 -2.085524 0.0 2.085524 4.331105 4.171048 4.331105 2.085524 0.0 -2.085524 -4.331105</array><array dataType="xsd:double" dictRef="cc:y3" size="12">0.0 2.500565 3.612234 5.001129 3.612234 2.500565 0.0 -2.500565 -3.612234 -5.001129 -3.612234 -2.500565</array><array dataType="xsd:double" dictRef="cc:z3" size="12">0.0 0.0 0.0 0.0 0.0 0.0 0.0 0.0 0.0 0.0 0.0 0.0</array></list></module><module cmlx:lineCount="14" cmlx:templateRef="l202.distmat"><list cmlx:templateRef="atom"><list><scalar dataType="xsd:integer" dictRef="cc:serial">1</scalar><scalar dataType="xsd:string" dictRef="cc:elementType">Al</scalar><scalar dataType="xsd:string" dictRef="cc:distances">0.000000</scalar></list><list><scalar dataType="xsd:integer" dictRef="cc:serial">2</scalar><scalar dataType="xsd:string" dictRef="cc:elementType">Al</scalar><scalar dataType="xsd:string" dictRef="cc:distances">2.505682   0.000000</scalar></list><list><scalar dataType="xsd:integer" dictRef="cc:serial">3</scalar><scalar dataType="xsd:string" dictRef="cc:elementType">Al</scalar><scalar dataType="xsd:string" dictRef="cc:distances">4.171048   2.505682   0.000000</scalar></list><list><scalar dataType="xsd:integer" dictRef="cc:serial">4</scalar><scalar dataType="xsd:string" dictRef="cc:elementType">Al</scalar><scalar dataType="xsd:string" dictRef="cc:distances">6.512215   5.001129   2.505682   0.000000</scalar></list><list><scalar dataType="xsd:integer" dictRef="cc:serial">5</scalar><scalar dataType="xsd:string" dictRef="cc:elementType">Al</scalar><scalar dataType="xsd:string" dictRef="cc:distances">7.224468   6.512215   4.171048   2.505682   0.000000</scalar></list><list><scalar dataType="xsd:integer" dictRef="cc:serial">6</scalar><scalar dataType="xsd:string" dictRef="cc:elementType">Al</scalar><scalar dataType="xsd:string" dictRef="cc:distances">8.862248   8.662210   6.512215   5.001129   2.505682</scalar></list><list><scalar dataType="xsd:integer" dictRef="cc:serial">7</scalar><scalar dataType="xsd:string" dictRef="cc:elementType">Al</scalar><scalar dataType="xsd:string" dictRef="cc:distances">8.342097   8.862248   7.224468   6.512215   4.171048</scalar></list><list><scalar dataType="xsd:integer" dictRef="cc:serial">8</scalar><scalar dataType="xsd:string" dictRef="cc:elementType">Al</scalar><scalar dataType="xsd:string" dictRef="cc:distances">8.862248  10.002258   8.862248   8.662210   6.512215</scalar></list><list><scalar dataType="xsd:integer" dictRef="cc:serial">9</scalar><scalar dataType="xsd:string" dictRef="cc:elementType">Al</scalar><scalar dataType="xsd:string" dictRef="cc:distances">7.224468   8.862248   8.342097   8.862248   7.224468</scalar></list><list><scalar dataType="xsd:integer" dictRef="cc:serial">10</scalar><scalar dataType="xsd:string" dictRef="cc:elementType">Al</scalar><scalar dataType="xsd:string" dictRef="cc:distances">6.512215   8.662210   8.862248  10.002258   8.862248</scalar></list><list><scalar dataType="xsd:integer" dictRef="cc:serial">11</scalar><scalar dataType="xsd:string" dictRef="cc:elementType">Al</scalar><scalar dataType="xsd:string" dictRef="cc:distances">4.171048   6.512215   7.224468   8.862248   8.342097</scalar></list><list><scalar dataType="xsd:integer" dictRef="cc:serial">12</scalar><scalar dataType="xsd:string" dictRef="cc:elementType">Al</scalar><scalar dataType="xsd:string" dictRef="cc:distances">2.505682   5.001129   6.512215   8.662210   8.862248</scalar></list></list></module>                    6          7          8          9         10     6  Al   0.000000     7  Al   2.505682   0.000000     8  Al   5.001129   2.505682   0.000000     9  Al   6.512215   4.171048   2.505682   0.000000    10  Al   8.662210   6.512215   5.001129   2.505682   0.000000    11  Al   8.862248   7.224468   6.512215   4.171048   2.505682    12  Al  10.002258   8.862248   8.662210   6.512215   5.001129                   11         12    11  Al   0.000000    12  Al   2.505682   0.000000<module cmlx:lineCount="6" cmlx:templateRef="l202.stoich"><list cmlx:templateRef="stoich"><scalar dataType="xsd:string" dictRef="cc:formula">Al12</scalar></list><list cmlx:templateRef="framework"><scalar dataType="xsd:string" dictRef="cc:frameworkgroup">D6H[3C2'(Al.Al),3C2"(Al.Al)]</scalar></list> Full point group                 D6H Largest Abelian subgroup         D2H     NOp   8 Largest concise Abelian subgroup D2      NOp   4</module><module cmlx:lineCount="18" cmlx:templateRef="l202.orient"><list cmlx:templateRef="type"><scalar dataType="xsd:string" dictRef="g:type">Standard</scalar></list><list cmlx:lineCount="12" cmlx:templateRef="atom"><array dataType="xsd:integer" dictRef="cc:serial" size="12">1 2 3 4 5 6 7 8 9 10 11 12</array><array dataType="xsd:integer" dictRef="cc:elementType" size="12">13 13 13 13 13 13 13 13 13 13 13 13</array><array dataType="xsd:integer" dictRef="g:atomicType" size="12">0 0 0 0 0 0 0 0 0 0 0 0</array><array dataType="xsd:double" dictRef="cc:x3" size="12">0.0 2.500565 3.612234 5.001129 3.612234 2.500565 0.0 -2.500565 -3.612234 -5.001129 -3.612234 -2.500565</array><array dataType="xsd:double" dictRef="cc:y3" size="12">4.171048 4.331105 2.085524 0.0 -2.085524 -4.331105 -4.171048 -4.331105 -2.085524 0.0 2.085524 4.331105</array><array dataType="xsd:double" dictRef="cc:z3" size="12">0.0 0.0 0.0 0.0 0.0 0.0 0.0 0.0 0.0 0.0 0.0 0.0</array></list></module><module cmlx:lineCount="1" cmlx:templateRef="l202.rotconst"/><module cmlx:lineCount="16" cmlx:templateRef="l301.basis"><list cmlx:templateRef="basis"><list><scalar dataType="xsd:string" dictRef="cc:basis">6-31G(d)</scalar><scalar dataType="xsd:string" dictRef="cc:diffuse">(6D, 7F)</scalar></list></list><list cmlx:templateRef="symmadapt"><list><scalar dataType="xsd:integer" dictRef="cc:adapted">48</scalar><scalar dataType="xsd:string" dictRef="cc:symm">AG</scalar></list><list><scalar dataType="xsd:integer" dictRef="cc:adapted">36</scalar><scalar dataType="xsd:string" dictRef="cc:symm">B1G</scalar></list><list><scalar dataType="xsd:integer" dictRef="cc:adapted">15</scalar><scalar dataType="xsd:string" dictRef="cc:symm">B2G</scalar></list><list><scalar dataType="xsd:integer" dictRef="cc:adapted">15</scalar><scalar dataType="xsd:string" dictRef="cc:symm">B3G</scalar></list><list><scalar dataType="xsd:integer" dictRef="cc:adapted">12</scalar><scalar dataType="xsd:string" dictRef="cc:symm">AU</scalar></list><list><scalar dataType="xsd:integer" dictRef="cc:adapted">18</scalar><scalar dataType="xsd:string" dictRef="cc:symm">B1U</scalar></list><list><scalar dataType="xsd:integer" dictRef="cc:adapted">42</scalar><scalar dataType="xsd:string" dictRef="cc:symm">B2U</scalar></list><list><scalar dataType="xsd:integer" dictRef="cc:adapted">42</scalar><scalar dataType="xsd:string" dictRef="cc:symm">B3U</scalar></list></list><list cmlx:templateRef="buffer"><scalar dataType="xsd:integer" dictRef="g:buffer">131072</scalar></list><list cmlx:templateRef="raff"><scalar dataType="xsd:string" dictRef="g:raffenetti">Raffenetti</scalar></list><list cmlx:templateRef="twoe"><scalar dataType="xsd:string" dictRef="g:twoe">Two-electron</scalar></list><list cmlx:templateRef="basiscount"><list><scalar dataType="xsd:integer" dictRef="cc:basiscount">228</scalar><scalar dataType="xsd:integer" dictRef="g:primbasis">624</scalar><scalar dataType="xsd:integer" dictRef="cc:cartesianbasis">228</scalar></list></list><list cmlx:templateRef="alphabeta"><list><scalar dataType="xsd:integer" dictRef="cc:alphae">78</scalar><scalar dataType="xsd:integer" dictRef="cc:betae">78</scalar></list></list> NAtoms=   12 NActive=   12 NUniq=    2 SFac= 3.00D+00 NAtFMM=   80 NAOKFM=F Big=F</module><module cmlx:lineCount="1" cmlx:templateRef="l302.basis"><list cmlx:templateRef="onee"><scalar dataType="xsd:string" dictRef="g:onee">One-electron integrals</scalar></list></module> NBasis=   228 RedAO= T  NBF=    48    36    15    15    12    18    42    42 NBsUse=   228 1.00D-06 NBFU=    48    36    15    15    12    18    42    42 Initial guess read from the checkpoint file: chk.chk<module cmlx:lineCount="1" cmlx:templateRef="l401.orbsym"><list cmlx:templateRef="l401"><scalar dataType="xsd:string" dictRef="g:l401">Initial guess orbital symmetries:</scalar></list></module>       Occupied  (?A) (?A) (?A) (?A) (?A) (?A) (?A) (?B) (?A) (?B)                 (?B) (?A) (?A) (?A) (?A) (?A) (?A) (?A) (?B) (?A)                 (?A) (?B) (?B) (?A) (?A) (?A) (?A) (?A) (?A) (?A)                 (?C) (?C) (?C) (?C) (?C) (?C) (?B) (?B) (?B) (?B)                 (?B) (?B) (A1G) (E1U) (E1U) (E2G) (E2G) (B2U)                 (?D) (?C) (?C) (?D) (?D) (?C) (?A) (?B) (?B) (?A)                 (?A) (?B) (A1G) (E1U) (E1U) (E2G) (E2G) (B2U)                 (B1U) (E2G) (E2G) (E1U) (E1U) (A1G) (A2G) (E1U)                 (E1U) (A2U) (E1G) (E1G)       Virtual   (E2G) (E2G) (E2U) (E2U) (B2U) (A1G) (B1G) (B2G)                 (B1U) (E1U) (E1U) (E2G) (E2G) (E2U) (E2U) (A1G)                 (E1U) (E1U) (E1G) (E1G) (A2U) (E2G) (E2G) (E1U)                 (E1U) (E2G) (E2G) (A2G) (B1U) (B2U) (B1U) (A1G)                 (E1U) (E1U) (E2G) (E2G) (A1G) (B2U) (A2U) (E1G)                 (E1G) (E2G) (E2G) (E1U) (E1U) (A1G) (E2U) (E2U)                 (E1U) (E1U) (B1G) (A2U) (B2G) (E2G) (E2G) (E1G)                 (E1G) (E2U) (E2U) (E1U) (E1U) (A1G) (B2U) (B2U)                 (B1U) (E2G) (E2G) (E2G) (E2G) (A1U) (A2G) (E2G)                 (E2G) (E1G) (E1G) (E1U) (E1U) (B1U) (E1U) (E1U)                 (E2U) (E2U) (A2G) (B1G) (E2G) (E2G) (B2U) (E1U)                 (E1U) (B2G) (B1U) (E2U) (E2U) (A2U) (E1G) (E1G)                 (E2G) (E2G) (A1G) (E1U) (E1U) (E1G) (E1G) (E2U)                 (E2U) (A1G) (A2U) (A1G) (A2G) (?A) (?A) (?A) (B2G)                 (E2G) (E2G) (E1U) (E1U) (B1G) (B2U) (E2G) (E2G)                 (E2U) (E2U) (E1G) (E1G) (A1U) (E1U) (E1U) (A2G)                 (E2G) (E2G) (B2U) (A1G) (E1U) (E1U) (E2G) (E2G)                 (B1U) (A1G) (E1U) (E1U) (E2G) (E2G) (B2U) (B1U)                 (E2G) (E2G) (E1U) (E1U) (A1G) Requested convergence on RMS density matrix=1.00D-08 within 128 cycles. Requested convergence on MAX density matrix=1.00D-06. Requested convergence on             energy=1.00D-06. No special actions if energy rises. Keep R1 integrals in memory in canonical form, NReq=   347900573. Density matrix breaks symmetry, PCut= 1.00D-04 Density has only Abelian symmetry. Density matrix breaks symmetry, PCut= 1.00D-04 Density has only Abelian symmetry. SCF Done:  E(RB+HF-LYP) =  -2908.98129308     A.U. after    1 cycles             Convg  =    0.9972D-09             -V/T =  2.0038             S**2   =   0.0000 Range of M.O.s used for correlation:     1   228 NBasis=   228 NAE=    78 NBE=    78 NFC=     0 NFV=     0 NROrb=    228 NOA=    78 NOB=    78 NVA=   150 NVB=   150 **** Warning!!: The smallest alpha delta epsilon is  0.23177417D-01 Symmetrizing basis deriv contribution to polar: IMax=3 JMax=2 DiffMx= 0.00D+00 G2DrvN: will do   13 centers at a time, making    1 passes doing MaxLOS=2. FoFDir/FoFCou used for L=0 through L=2. DoAtom=TTTTTTTTTTTT          Differentiating once with respect to electric field.                with respect to dipole field.          Differentiating once with respect to nuclear coordinates.          Store integrals in memory, NReq=   341601974.          There are  15 degrees of freedom in the 1st order CPHF.    15 vectors were produced by pass  0. AX will form  15 AO Fock derivatives at one time.    15 vectors were produced by pass  1.    15 vectors were produced by pass  2.    15 vectors were produced by pass  3.    15 vectors were produced by pass  4.    15 vectors were produced by pass  5.    15 vectors were produced by pass  6.    15 vectors were produced by pass  7.    15 vectors were produced by pass  8.    14 vectors were produced by pass  9.     4 vectors were produced by pass 10.     2 vectors were produced by pass 11.     2 vectors were produced by pass 12.     1 vectors were produced by pass 13. Inv2:  IOpt= 1 Iter= 1 AM= 5.16D-14 Conv= 1.00D-12. Inverted reduced A of dimension  158 with in-core refinement. Isotropic polarizability for W=    0.000000      963.68 Bohr**3. End of Minotr Frequency-dependent properties file   721 does not exist.<module cmlx:lineCount="189" cmlx:templateRef="l601.popanal" xmlns:xi="http://www.w3.org/2001/XInclude"> **********************************************************************            Population analysis using the SCF density. **********************************************************************<module cmlx:lineCount="1" cmlx:templateRef="orbitalsym"/><list cmlx:templateRef="popanal"><scalar dataType="xsd:string" dictRef="x:popanal">Occupied  (?A) (?A) (?A) (?A) (?A) (?A) (?A) (?B) (?A) (?B)</scalar><scalar dataType="xsd:string" dictRef="x:popanal">(?B) (?A) (?A) (?A) (?A) (?A) (?A) (?A) (?B) (?A)</scalar><scalar dataType="xsd:string" dictRef="x:popanal">(?A) (?B) (?B) (?A) (?A) (?A) (?A) (?A) (?A) (?A)</scalar><scalar dataType="xsd:string" dictRef="x:popanal">(?C) (?C) (?C) (?C) (?C) (?C) (?B) (?B) (?B) (?B)</scalar><scalar dataType="xsd:string" dictRef="x:popanal">(?B) (?B) (A1G) (E1U) (E1U) (E2G) (E2G) (B2U)</scalar><scalar dataType="xsd:string" dictRef="x:popanal">(?D) (?C) (?C) (?D) (?D) (?C) (?A) (?B) (?B) (?A)</scalar><scalar dataType="xsd:string" dictRef="x:popanal">(?A) (?B) (A1G) (E1U) (E1U) (E2G) (E2G) (B2U)</scalar><scalar dataType="xsd:string" dictRef="x:popanal">(B1U) (E2G) (E2G) (E1U) (E1U) (A1G) (A2G) (E1U)</scalar><scalar dataType="xsd:string" dictRef="x:popanal">(E1U) (A2U) (E1G) (E1G)</scalar><scalar dataType="xsd:string" dictRef="x:popanal">Virtual   (E2G) (E2G) (E2U) (E2U) (B2U) (A1G) (B1G) (B2G)</scalar><scalar dataType="xsd:string" dictRef="x:popanal">(B1U) (E1U) (E1U) (E2G) (E2G) (E2U) (E2U) (A1G)</scalar><scalar dataType="xsd:string" dictRef="x:popanal">(E1U) (E1U) (E1G) (E1G) (A2U) (E2G) (E2G) (E1U)</scalar><scalar dataType="xsd:string" dictRef="x:popanal">(E1U) (E2G) (E2G) (A2G) (B1U) (B2U) (B1U) (A1G)</scalar><scalar dataType="xsd:string" dictRef="x:popanal">(E1U) (E1U) (E2G) (E2G) (A1G) (B2U) (A2U) (E1G)</scalar><scalar dataType="xsd:string" dictRef="x:popanal">(E1G) (E2G) (E2G) (E1U) (E1U) (A1G) (E2U) (E2U)</scalar><scalar dataType="xsd:string" dictRef="x:popanal">(E1U) (E1U) (B1G) (A2U) (B2G) (E2G) (E2G) (E1G)</scalar><scalar dataType="xsd:string" dictRef="x:popanal">(E1G) (E2U) (E2U) (E1U) (E1U) (A1G) (B2U) (B2U)</scalar><scalar dataType="xsd:string" dictRef="x:popanal">(B1U) (E2G) (E2G) (E2G) (E2G) (A1U) (A2G) (E2G)</scalar><scalar dataType="xsd:string" dictRef="x:popanal">(E2G) (E1G) (E1G) (E1U) (E1U) (B1U) (E1U) (E1U)</scalar><scalar dataType="xsd:string" dictRef="x:popanal">(E2U) (E2U) (A2G) (B1G) (E2G) (E2G) (B2U) (E1U)</scalar><scalar dataType="xsd:string" dictRef="x:popanal">(E1U) (B2G) (B1U) (E2U) (E2U) (A2U) (E1G) (E1G)</scalar><scalar dataType="xsd:string" dictRef="x:popanal">(E2G) (E2G) (A1G) (E1U) (E1U) (E1G) (E1G) (E2U)</scalar><scalar dataType="xsd:string" dictRef="x:popanal">(E2U) (A1G) (A2U) (A1G) (A2G) (?A) (?A) (?A) (B2G)</scalar><scalar dataType="xsd:string" dictRef="x:popanal">(E2G) (E2G) (E1U) (E1U) (B1G) (B2U) (E2G) (E2G)</scalar><scalar dataType="xsd:string" dictRef="x:popanal">(E2U) (E2U) (E1G) (E1G) (A1U) (E1U) (E1U) (A2G)</scalar><scalar dataType="xsd:string" dictRef="x:popanal">(E2G) (E2G) (B2U) (A1G) (E1U) (E1U) (E2G) (E2G)</scalar><scalar dataType="xsd:string" dictRef="x:popanal">(B1U) (A1G) (E1U) (E1U) (E2G) (E2G) (B2U) (B1U)</scalar><scalar dataType="xsd:string" dictRef="x:popanal">(E2G) (E2G) (E1U) (E1U) (A1G)</scalar><scalar dataType="xsd:string" dictRef="x:popanal">Unable to determine electronic state:  an orbital has unidentified symmetry.</scalar><scalar dataType="xsd:string" dictRef="x:popanal">Alpha  occ. eigenvalues --  -56.05794 -56.05793 -56.05793 -56.05792 -56.05792</scalar><scalar dataType="xsd:string" dictRef="x:popanal">Alpha  occ. eigenvalues --  -56.05792 -56.05272 -56.05272 -56.05272 -56.05272</scalar><scalar dataType="xsd:string" dictRef="x:popanal">Alpha  occ. eigenvalues --  -56.05272 -56.05272  -4.14317  -4.14317  -4.14317</scalar><scalar dataType="xsd:string" dictRef="x:popanal">Alpha  occ. eigenvalues --   -4.14316  -4.14316  -4.14316  -4.13851  -4.13851</scalar><scalar dataType="xsd:string" dictRef="x:popanal">Alpha  occ. eigenvalues --   -4.13851  -4.13850  -4.13850  -4.13850  -2.69753</scalar><scalar dataType="xsd:string" dictRef="x:popanal">Alpha  occ. eigenvalues --   -2.69753  -2.69752  -2.69752  -2.69752  -2.69751</scalar><scalar dataType="xsd:string" dictRef="x:popanal">Alpha  occ. eigenvalues --   -2.69607  -2.69607  -2.69607  -2.69607  -2.69607</scalar><scalar dataType="xsd:string" dictRef="x:popanal">Alpha  occ. eigenvalues --   -2.69606  -2.69328  -2.69325  -2.69325  -2.69317</scalar><scalar dataType="xsd:string" dictRef="x:popanal">Alpha  occ. eigenvalues --   -2.69317  -2.69313  -2.69229  -2.69221  -2.69221</scalar><scalar dataType="xsd:string" dictRef="x:popanal">Alpha  occ. eigenvalues --   -2.69208  -2.69208  -2.69202  -2.69176  -2.69176</scalar><scalar dataType="xsd:string" dictRef="x:popanal">Alpha  occ. eigenvalues --   -2.69176  -2.69175  -2.69175  -2.69175  -2.68847</scalar><scalar dataType="xsd:string" dictRef="x:popanal">Alpha  occ. eigenvalues --   -2.68844  -2.68844  -2.68839  -2.68839  -2.68836</scalar><scalar dataType="xsd:string" dictRef="x:popanal">Alpha  occ. eigenvalues --   -0.42097  -0.41245  -0.41245  -0.38794  -0.38793</scalar><scalar dataType="xsd:string" dictRef="x:popanal">Alpha  occ. eigenvalues --   -0.35706  -0.34087  -0.29902  -0.29902  -0.24383</scalar><scalar dataType="xsd:string" dictRef="x:popanal">Alpha  occ. eigenvalues --   -0.24383  -0.20753  -0.19323  -0.17951  -0.17951</scalar><scalar dataType="xsd:string" dictRef="x:popanal">Alpha  occ. eigenvalues --   -0.17219  -0.16069  -0.16069</scalar><scalar dataType="xsd:string" dictRef="x:popanal">Alpha virt. eigenvalues --   -0.13752  -0.13751  -0.11954  -0.11954  -0.11351</scalar><scalar dataType="xsd:string" dictRef="x:popanal">Alpha virt. eigenvalues --   -0.09286  -0.08529  -0.07272  -0.06751  -0.05591</scalar><scalar dataType="xsd:string" dictRef="x:popanal">Alpha virt. eigenvalues --   -0.05590  -0.04548  -0.04547  -0.03319  -0.03319</scalar><scalar dataType="xsd:string" dictRef="x:popanal">Alpha virt. eigenvalues --   -0.01623  -0.00518  -0.00518   0.00735   0.00735</scalar><scalar dataType="xsd:string" dictRef="x:popanal">Alpha virt. eigenvalues --    0.02177   0.03360   0.03361   0.05504   0.05504</scalar><scalar dataType="xsd:string" dictRef="x:popanal">Alpha virt. eigenvalues --    0.06931   0.06936   0.07556   0.08888   0.11072</scalar><scalar dataType="xsd:string" dictRef="x:popanal">Alpha virt. eigenvalues --    0.11129   0.12287   0.12949   0.12949   0.13265</scalar><scalar dataType="xsd:string" dictRef="x:popanal">Alpha virt. eigenvalues --    0.13266   0.14994   0.15012   0.15796   0.16868</scalar><scalar dataType="xsd:string" dictRef="x:popanal">Alpha virt. eigenvalues --    0.16869   0.16925   0.16925   0.16955   0.16955</scalar><scalar dataType="xsd:string" dictRef="x:popanal">Alpha virt. eigenvalues --    0.17844   0.19181   0.19182   0.21315   0.21316</scalar><scalar dataType="xsd:string" dictRef="x:popanal">Alpha virt. eigenvalues --    0.21440   0.22476   0.22479   0.24174   0.24197</scalar><scalar dataType="xsd:string" dictRef="x:popanal">Alpha virt. eigenvalues --    0.24351   0.24351   0.24619   0.24620   0.25591</scalar><scalar dataType="xsd:string" dictRef="x:popanal">Alpha virt. eigenvalues --    0.25592   0.27453   0.27817   0.28523   0.28563</scalar><scalar dataType="xsd:string" dictRef="x:popanal">Alpha virt. eigenvalues --    0.28753   0.28755   0.30532   0.30533   0.30602</scalar><scalar dataType="xsd:string" dictRef="x:popanal">Alpha virt. eigenvalues --    0.30978   0.31304   0.31310   0.32418   0.32418</scalar><scalar dataType="xsd:string" dictRef="x:popanal">Alpha virt. eigenvalues --    0.32752   0.32753   0.33193   0.34417   0.34418</scalar><scalar dataType="xsd:string" dictRef="x:popanal">Alpha virt. eigenvalues --    0.35775   0.35775   0.37200   0.37826   0.41120</scalar><scalar dataType="xsd:string" dictRef="x:popanal">Alpha virt. eigenvalues --    0.41133   0.41377   0.42511   0.42512   0.45460</scalar><scalar dataType="xsd:string" dictRef="x:popanal">Alpha virt. eigenvalues --    0.45601   0.46935   0.46935   0.47150   0.47256</scalar><scalar dataType="xsd:string" dictRef="x:popanal">Alpha virt. eigenvalues --    0.47257   0.47459   0.47459   0.49406   0.51163</scalar><scalar dataType="xsd:string" dictRef="x:popanal">Alpha virt. eigenvalues --    0.51163   0.51608   0.51608   0.51815   0.51815</scalar><scalar dataType="xsd:string" dictRef="x:popanal">Alpha virt. eigenvalues --    0.52105   0.52293   0.52775   0.53121   0.53418</scalar><scalar dataType="xsd:string" dictRef="x:popanal">Alpha virt. eigenvalues --    0.53418   0.53635   0.53732   0.54457   0.54457</scalar><scalar dataType="xsd:string" dictRef="x:popanal">Alpha virt. eigenvalues --    0.63407   0.63407   0.65929   0.67086   0.67390</scalar><scalar dataType="xsd:string" dictRef="x:popanal">Alpha virt. eigenvalues --    0.67391   0.67463   0.67463   0.69204   0.69205</scalar><scalar dataType="xsd:string" dictRef="x:popanal">Alpha virt. eigenvalues --    0.69708   0.73215   0.73215   0.75619   0.75904</scalar><scalar dataType="xsd:string" dictRef="x:popanal">Alpha virt. eigenvalues --    0.75904   0.79565   0.87100   0.92114   0.92114</scalar><scalar dataType="xsd:string" dictRef="x:popanal">Alpha virt. eigenvalues --    0.99230   0.99230   1.02260   1.98253   1.99767</scalar><scalar dataType="xsd:string" dictRef="x:popanal">Alpha virt. eigenvalues --    1.99768   2.02307   2.02309   2.03291   2.09098</scalar><scalar dataType="xsd:string" dictRef="x:popanal">Alpha virt. eigenvalues --    2.10732   2.10733   2.13983   2.13985   2.15424</scalar></list><module cmlx:lineCount="27" cmlx:templateRef="condensed"><list cmlx:templateRef="serial"><scalar dataType="xsd:string" dictRef="x:intarr">1          2          3          4          5          6</scalar></list><list cmlx:templateRef="row"><list><scalar dataType="xsd:integer" dictRef="cc:serial">1</scalar><scalar dataType="xsd:string" dictRef="cc:elementType">Al</scalar><scalar dataType="xsd:string" dictRef="x:floatArr">12.253412   0.319356   0.042151   0.000637   0.000373  -0.000084</scalar></list><list><scalar dataType="xsd:integer" dictRef="cc:serial">2</scalar><scalar dataType="xsd:string" dictRef="cc:elementType">Al</scalar><scalar dataType="xsd:string" dictRef="x:floatArr">0.319356  12.433514   0.319201  -0.025513   0.000628  -0.000148</scalar></list><list><scalar dataType="xsd:integer" dictRef="cc:serial">3</scalar><scalar dataType="xsd:string" dictRef="cc:elementType">Al</scalar><scalar dataType="xsd:string" dictRef="x:floatArr">0.042151   0.319201  12.253560   0.319641   0.042015   0.000628</scalar></list><list><scalar dataType="xsd:integer" dictRef="cc:serial">4</scalar><scalar dataType="xsd:string" dictRef="cc:elementType">Al</scalar><scalar dataType="xsd:string" dictRef="x:floatArr">0.000637  -0.025513   0.319641  12.432958   0.319641  -0.025513</scalar></list><list><scalar dataType="xsd:integer" dictRef="cc:serial">5</scalar><scalar dataType="xsd:string" dictRef="cc:elementType">Al</scalar><scalar dataType="xsd:string" dictRef="x:floatArr">0.000373   0.000628   0.042015   0.319641  12.253560   0.319201</scalar></list><list><scalar dataType="xsd:integer" dictRef="cc:serial">6</scalar><scalar dataType="xsd:string" dictRef="cc:elementType">Al</scalar><scalar dataType="xsd:string" dictRef="x:floatArr">-0.000084  -0.000148   0.000628  -0.025513   0.319201  12.433514</scalar></list><list><scalar dataType="xsd:integer" dictRef="cc:serial">7</scalar><scalar dataType="xsd:string" dictRef="cc:elementType">Al</scalar><scalar dataType="xsd:string" dictRef="x:floatArr">-0.000279  -0.000084   0.000373   0.000637   0.042151   0.319356</scalar></list><list><scalar dataType="xsd:integer" dictRef="cc:serial">8</scalar><scalar dataType="xsd:string" dictRef="cc:elementType">Al</scalar><scalar dataType="xsd:string" dictRef="x:floatArr">-0.000084  -0.000010  -0.000084  -0.000148   0.000635  -0.025485</scalar></list><list><scalar dataType="xsd:integer" dictRef="cc:serial">9</scalar><scalar dataType="xsd:string" dictRef="cc:elementType">Al</scalar><scalar dataType="xsd:string" dictRef="x:floatArr">0.000373  -0.000084  -0.000280  -0.000084   0.000373   0.000635</scalar></list><list><scalar dataType="xsd:integer" dictRef="cc:serial">10</scalar><scalar dataType="xsd:string" dictRef="cc:elementType">Al</scalar><scalar dataType="xsd:string" dictRef="x:floatArr">0.000637  -0.000148  -0.000084  -0.000010  -0.000084  -0.000148</scalar></list><list><scalar dataType="xsd:integer" dictRef="cc:serial">11</scalar><scalar dataType="xsd:string" dictRef="cc:elementType">Al</scalar><scalar dataType="xsd:string" dictRef="x:floatArr">0.042151   0.000635   0.000373  -0.000084  -0.000280  -0.000084</scalar></list><list><scalar dataType="xsd:integer" dictRef="cc:serial">12</scalar><scalar dataType="xsd:string" dictRef="cc:elementType">Al</scalar><scalar dataType="xsd:string" dictRef="x:floatArr">0.319356  -0.025485   0.000635  -0.000148  -0.000084  -0.000010</scalar></list><list><scalar dataType="xsd:integer" dictRef="cc:serial">7</scalar><scalar dataType="xsd:string" dictRef="cc:elementType">8</scalar><scalar dataType="xsd:string" dictRef="x:floatArr">9         10         11         12</scalar></list><list><scalar dataType="xsd:integer" dictRef="cc:serial">1</scalar><scalar dataType="xsd:string" dictRef="cc:elementType">Al</scalar><scalar dataType="xsd:string" dictRef="x:floatArr">-0.000279  -0.000084   0.000373   0.000637   0.042151   0.319356</scalar></list><list><scalar dataType="xsd:integer" dictRef="cc:serial">2</scalar><scalar dataType="xsd:string" dictRef="cc:elementType">Al</scalar><scalar dataType="xsd:string" dictRef="x:floatArr">-0.000084  -0.000010  -0.000084  -0.000148   0.000635  -0.025485</scalar></list><list><scalar dataType="xsd:integer" dictRef="cc:serial">3</scalar><scalar dataType="xsd:string" dictRef="cc:elementType">Al</scalar><scalar dataType="xsd:string" dictRef="x:floatArr">0.000373  -0.000084  -0.000280  -0.000084   0.000373   0.000635</scalar></list><list><scalar dataType="xsd:integer" dictRef="cc:serial">4</scalar><scalar dataType="xsd:string" dictRef="cc:elementType">Al</scalar><scalar dataType="xsd:string" dictRef="x:floatArr">0.000637  -0.000148  -0.000084  -0.000010  -0.000084  -0.000148</scalar></list><list><scalar dataType="xsd:integer" dictRef="cc:serial">5</scalar><scalar dataType="xsd:string" dictRef="cc:elementType">Al</scalar><scalar dataType="xsd:string" dictRef="x:floatArr">0.042151   0.000635   0.000373  -0.000084  -0.000280  -0.000084</scalar></list><list><scalar dataType="xsd:integer" dictRef="cc:serial">6</scalar><scalar dataType="xsd:string" dictRef="cc:elementType">Al</scalar><scalar dataType="xsd:string" dictRef="x:floatArr">0.319356  -0.025485   0.000635  -0.000148  -0.000084  -0.000010</scalar></list><list><scalar dataType="xsd:integer" dictRef="cc:serial">7</scalar><scalar dataType="xsd:string" dictRef="cc:elementType">Al</scalar><scalar dataType="xsd:string" dictRef="x:floatArr">12.253412   0.319356   0.042151   0.000637   0.000373  -0.000084</scalar></list><list><scalar dataType="xsd:integer" dictRef="cc:serial">8</scalar><scalar dataType="xsd:string" dictRef="cc:elementType">Al</scalar><scalar dataType="xsd:string" dictRef="x:floatArr">0.319356  12.433514   0.319201  -0.025513   0.000628  -0.000148</scalar></list><list><scalar dataType="xsd:integer" dictRef="cc:serial">9</scalar><scalar dataType="xsd:string" dictRef="cc:elementType">Al</scalar><scalar dataType="xsd:string" dictRef="x:floatArr">0.042151   0.319201  12.253560   0.319641   0.042015   0.000628</scalar></list><list><scalar dataType="xsd:integer" dictRef="cc:serial">10</scalar><scalar dataType="xsd:string" dictRef="cc:elementType">Al</scalar><scalar dataType="xsd:string" dictRef="x:floatArr">0.000637  -0.025513   0.319641  12.432958   0.319641  -0.025513</scalar></list><list><scalar dataType="xsd:integer" dictRef="cc:serial">11</scalar><scalar dataType="xsd:string" dictRef="cc:elementType">Al</scalar><scalar dataType="xsd:string" dictRef="x:floatArr">0.000373   0.000628   0.042015   0.319641  12.253560   0.319201</scalar></list><list><scalar dataType="xsd:integer" dictRef="cc:serial">12</scalar><scalar dataType="xsd:string" dictRef="cc:elementType">Al</scalar><scalar dataType="xsd:string" dictRef="x:floatArr">-0.000084  -0.000148   0.000628  -0.025513   0.319201  12.433514</scalar></list></list></module><module cmlx:lineCount="62" cmlx:templateRef="mulliken"><module cmlx:lineCount="14" cmlx:templateRef="mullik"><list cmlx:templateRef="title"><scalar dataType="xsd:string" dictRef="g:title">Mulliken atomic charges:</scalar></list><list cmlx:templateRef="serial"><scalar dataType="xsd:integer" dictRef="cc:serial">1</scalar></list></module> Sum of Mulliken charges=   0.00000<module cmlx:lineCount="14" cmlx:templateRef="mullik"><list cmlx:templateRef="title"><scalar dataType="xsd:string" dictRef="g:title">Atomic charges with hydrogens summed into heavy atoms:</scalar></list><list cmlx:templateRef="serial"><scalar dataType="xsd:integer" dictRef="cc:serial">1</scalar></list></module> Sum of Mulliken charges=   0.00000<module cmlx:lineCount="14" cmlx:templateRef="mullik"><list cmlx:templateRef="title"><scalar dataType="xsd:string" dictRef="g:title">APT atomic charges:</scalar></list><list cmlx:templateRef="serial"><scalar dataType="xsd:integer" dictRef="cc:serial">1</scalar></list></module> Sum of APT charges=   0.00000 Sum of APT charges=   0.00000 Electronic spatial extent (au):  &lt;R**2&gt;= 12152.1298 Charge=     0.0000 electrons</module><module cmlx:lineCount="18" cmlx:templateRef="multipole"><list cmlx:templateRef="dipoletype"><scalar dataType="xsd:string" dictRef="g:dipoletype">field-independent basis, Debye</scalar></list><list cmlx:templateRef="dipole"><list><scalar dataType="xsd:double" dictRef="x:x">0.0</scalar><scalar dataType="xsd:double" dictRef="x:y">0.0</scalar><scalar dataType="xsd:double" dictRef="x:z">0.0</scalar><scalar dataType="xsd:double" dictRef="x:dipole">0.0</scalar></list></list><list cmlx:templateRef="quadrupoletype"><scalar dataType="xsd:string" dictRef="g:quadpoletype">field-independent basis, Debye-Ang</scalar></list><list cmlx:templateRef="quadrupol"><list><scalar dataType="xsd:double" dictRef="x:x">-144.3374</scalar><scalar dataType="xsd:double" dictRef="x:y">-144.331</scalar><scalar dataType="xsd:double" dictRef="x:z">-167.8557</scalar></list></list><list cmlx:templateRef="xy"><list><scalar dataType="xsd:double" dictRef="x:x">0.0</scalar><scalar dataType="xsd:double" dictRef="x:y">0.0</scalar><scalar dataType="xsd:double" dictRef="x:z">0.0</scalar></list></list><list cmlx:templateRef="quadrupoletypea"><scalar dataType="xsd:string" dictRef="g:quadpoletype">field-independent basis, Debye-Ang</scalar></list><list cmlx:templateRef="xx"><list><scalar dataType="xsd:double" dictRef="x:x">7.8373</scalar><scalar dataType="xsd:double" dictRef="x:y">7.8437</scalar><scalar dataType="xsd:double" dictRef="x:z">-15.681</scalar></list></list><list cmlx:templateRef="xya"><list><scalar dataType="xsd:double" dictRef="x:x">0.0</scalar><scalar dataType="xsd:double" dictRef="x:y">0.0</scalar><scalar dataType="xsd:double" dictRef="x:z">0.0</scalar></list></list><list cmlx:templateRef="octapoletype"><scalar dataType="xsd:string" dictRef="g:octapoletype">field-independent basis, Debye-Ang**2</scalar></list><list cmlx:templateRef="xxx"><list><scalar dataType="xsd:double" dictRef="x:xxx">0.0</scalar><scalar dataType="xsd:double" dictRef="x:yyy">0.0</scalar><scalar dataType="xsd:double" dictRef="x:zzz">0.0</scalar><scalar dataType="xsd:double" dictRef="x:xyy">0.0</scalar></list></list><list cmlx:templateRef="xxy"><list><scalar dataType="xsd:double" dictRef="x:xxy">0.0</scalar><scalar dataType="xsd:double" dictRef="x:xxz">0.0</scalar><scalar dataType="xsd:double" dictRef="x:xzz">0.0</scalar><scalar dataType="xsd:double" dictRef="x:xzz">0.0</scalar></list></list><list cmlx:templateRef="yyz"><list><scalar dataType="xsd:double" dictRef="x:yyz">0.0</scalar><scalar dataType="xsd:double" dictRef="x:xyz">0.0</scalar></list></list><list cmlx:templateRef="hexadecapoletype"><scalar dataType="xsd:string" dictRef="g:hexadecapoletype">field-independent basis, Debye-Ang**3</scalar></list><list cmlx:templateRef="xxxx"><list><scalar dataType="xsd:double" dictRef="x:xxxx">-9851.7044</scalar><scalar dataType="xsd:double" dictRef="x:yyyy">-9851.5027</scalar><scalar dataType="xsd:double" dictRef="x:zzzz">-446.0669</scalar><scalar dataType="xsd:double" dictRef="x:xxxy">0.0</scalar></list></list><list cmlx:templateRef="xxxz"><list><scalar dataType="xsd:double" dictRef="x:xxxz">0.0</scalar><scalar dataType="xsd:double" dictRef="x:yyyx">0.0</scalar><scalar dataType="xsd:double" dictRef="x:yyyz">0.0</scalar><scalar dataType="xsd:double" dictRef="x:zzzx">0.0</scalar></list></list><list cmlx:templateRef="zzzy"><list><scalar dataType="xsd:double" dictRef="x:zzzy">0.0</scalar><scalar dataType="xsd:double" dictRef="x:xxyy">-3283.9943</scalar><scalar dataType="xsd:double" dictRef="x:xxzz">-1887.5182</scalar><scalar dataType="xsd:double" dictRef="x:yyzz">-1887.4912</scalar></list></list><list cmlx:templateRef="xzz"><scalar dataType="xsd:string" dictRef="x:xzz">N-N= 1.145325190658D+03 E-N=-9.229317383039D+03  KE= 2.897896486360D+03</scalar></list></module></module> Symmetry AG   KE= 8.450917846693D+02 Symmetry B1G  KE= 4.836851394098D+02 Symmetry B2G  KE= 6.003084100412D+01 Symmetry B3G  KE= 6.003239696468D+01 Symmetry AU   KE= 3.926062115355D+01 Symmetry B1U  KE= 7.964035614386D+01 Symmetry B2U  KE= 6.651260297086D+02 Symmetry B3U  KE= 6.650293173063D+02  Exact polarizability:1307.548   0.0001307.528   0.000   0.000 275.971 Approx polarizability:8450.778   0.0008450.983   0.000   0.000 507.223 Density matrix has only Abelian symmetry. Density matrix has only Abelian symmetry.<module cmlx:lineCount="201" cmlx:templateRef="forcematrix" xmlns:xi="http://www.w3.org/2001/XInclude"><list cmlx:templateRef="forcematrix"><scalar dataType="xsd:string" dictRef="x:forcematrix">Full mass-weighted force constant matrix:</scalar><scalar dataType="xsd:string" dictRef="x:forcematrix">Low frequencies --- -159.0019 -127.5910 -127.1491  -78.0051  -34.0451  -33.6104</scalar><scalar dataType="xsd:string" dictRef="x:forcematrix">Low frequencies ---  -31.5505  -29.4069   -1.1398</scalar><scalar dataType="xsd:string" dictRef="x:forcematrix">******    8 imaginary frequencies (negative Signs) ******</scalar><scalar dataType="xsd:string" dictRef="x:forcematrix">Diagonal vibrational polarizability:</scalar><scalar dataType="xsd:string" dictRef="x:forcematrix">35.9947196      35.8914833      18.6124633</scalar><scalar dataType="xsd:string" dictRef="x:forcematrix">Harmonic frequencies (cm**-1), IR intensities (KM/Mole), Raman scattering</scalar><scalar dataType="xsd:string" dictRef="x:forcematrix">activities (A**4/AMU), depolarization ratios for plane and unpolarized</scalar><scalar dataType="xsd:string" dictRef="x:forcematrix">incident light, reduced masses (AMU), force constants (mDyne/A),</scalar><scalar dataType="xsd:string" dictRef="x:forcematrix">and normal coordinates:</scalar><scalar dataType="xsd:string" dictRef="x:forcematrix">1                      2                      3</scalar><scalar dataType="xsd:string" dictRef="x:forcematrix">?A                     ?A                     ?A</scalar><scalar dataType="xsd:string" dictRef="x:forcematrix">Frequencies --  -159.0019              -127.5909              -127.1490</scalar><scalar dataType="xsd:string" dictRef="x:forcematrix">Red. masses --    26.9815                26.9815                26.9815</scalar><scalar dataType="xsd:string" dictRef="x:forcematrix">Frc consts  --     0.4019                 0.2588                 0.2570</scalar><scalar dataType="xsd:string" dictRef="x:forcematrix">IR Inten    --     0.0000                 0.0000                 0.0000</scalar><scalar dataType="xsd:string" dictRef="x:forcematrix">Atom AN      X      Y      Z        X      Y      Z        X      Y      Z</scalar><scalar dataType="xsd:string" dictRef="x:forcematrix">1  13     0.00   0.00   0.00     0.00   0.00   0.00     0.00   0.00   0.44</scalar><scalar dataType="xsd:string" dictRef="x:forcematrix">2  13     0.00   0.00   0.41     0.00   0.00  -0.19     0.00   0.00  -0.32</scalar><scalar dataType="xsd:string" dictRef="x:forcematrix">3  13     0.00   0.00   0.00     0.00   0.00   0.38     0.00   0.00   0.22</scalar><scalar dataType="xsd:string" dictRef="x:forcematrix">4  13     0.00   0.00  -0.41     0.00   0.00  -0.37     0.00   0.00   0.00</scalar><scalar dataType="xsd:string" dictRef="x:forcematrix">5  13     0.00   0.00   0.00     0.00   0.00   0.38     0.00   0.00  -0.22</scalar><scalar dataType="xsd:string" dictRef="x:forcematrix">6  13     0.00   0.00   0.41     0.00   0.00  -0.19     0.00   0.00   0.32</scalar><scalar dataType="xsd:string" dictRef="x:forcematrix">7  13     0.00   0.00   0.00     0.00   0.00   0.00     0.00   0.00  -0.44</scalar><scalar dataType="xsd:string" dictRef="x:forcematrix">8  13     0.00   0.00  -0.41     0.00   0.00   0.19     0.00   0.00   0.32</scalar><scalar dataType="xsd:string" dictRef="x:forcematrix">9  13     0.00   0.00   0.00     0.00   0.00  -0.38     0.00   0.00  -0.22</scalar><scalar dataType="xsd:string" dictRef="x:forcematrix">10  13     0.00   0.00   0.41     0.00   0.00   0.37     0.00   0.00   0.00</scalar><scalar dataType="xsd:string" dictRef="x:forcematrix">11  13     0.00   0.00   0.00     0.00   0.00  -0.38     0.00   0.00   0.22</scalar><scalar dataType="xsd:string" dictRef="x:forcematrix">12  13     0.00   0.00  -0.41     0.00   0.00   0.19     0.00   0.00  -0.32</scalar><scalar dataType="xsd:string" dictRef="x:forcematrix">4                      5                      6</scalar><scalar dataType="xsd:string" dictRef="x:forcematrix">B2G                    ?B                     ?B</scalar><scalar dataType="xsd:string" dictRef="x:forcematrix">Frequencies --   -78.0051               -34.0451               -33.6103</scalar><scalar dataType="xsd:string" dictRef="x:forcematrix">Red. masses --    26.9815                26.9815                26.9815</scalar><scalar dataType="xsd:string" dictRef="x:forcematrix">Frc consts  --     0.0967                 0.0184                 0.0180</scalar><scalar dataType="xsd:string" dictRef="x:forcematrix">IR Inten    --     0.0000                 0.0000                 0.0000</scalar><scalar dataType="xsd:string" dictRef="x:forcematrix">Atom AN      X      Y      Z        X      Y      Z        X      Y      Z</scalar><scalar dataType="xsd:string" dictRef="x:forcematrix">1  13     0.21   0.00   0.00     0.00  -0.04   0.00     0.30   0.00   0.00</scalar><scalar dataType="xsd:string" dictRef="x:forcematrix">2  13     0.17   0.30   0.00     0.01  -0.27   0.00     0.27   0.31   0.00</scalar><scalar dataType="xsd:string" dictRef="x:forcematrix">3  13    -0.10   0.18   0.00     0.15  -0.22   0.00    -0.05   0.15   0.00</scalar><scalar dataType="xsd:string" dictRef="x:forcematrix">4  13    -0.35   0.00   0.00     0.46   0.00   0.00     0.00   0.16   0.00</scalar><scalar dataType="xsd:string" dictRef="x:forcematrix">5  13    -0.10  -0.18   0.00     0.15   0.22   0.00     0.05   0.15   0.00</scalar><scalar dataType="xsd:string" dictRef="x:forcematrix">6  13     0.17  -0.30   0.00     0.01   0.27   0.00    -0.27   0.31   0.00</scalar><scalar dataType="xsd:string" dictRef="x:forcematrix">7  13     0.21   0.00   0.00     0.00   0.04   0.00    -0.30   0.00   0.00</scalar><scalar dataType="xsd:string" dictRef="x:forcematrix">8  13     0.17   0.30   0.00    -0.01   0.27   0.00    -0.27  -0.31   0.00</scalar><scalar dataType="xsd:string" dictRef="x:forcematrix">9  13    -0.10   0.18   0.00    -0.15   0.22   0.00     0.05  -0.15   0.00</scalar><scalar dataType="xsd:string" dictRef="x:forcematrix">10  13    -0.35   0.00   0.00    -0.46   0.00   0.00     0.00  -0.16   0.00</scalar><scalar dataType="xsd:string" dictRef="x:forcematrix">11  13    -0.10  -0.18   0.00    -0.15  -0.22   0.00    -0.05  -0.15   0.00</scalar><scalar dataType="xsd:string" dictRef="x:forcematrix">12  13     0.17  -0.30   0.00    -0.01  -0.27   0.00     0.27  -0.31   0.00</scalar><scalar dataType="xsd:string" dictRef="x:forcematrix">7                      8                      9</scalar><scalar dataType="xsd:string" dictRef="x:forcematrix">?C                     ?C                     B2G</scalar><scalar dataType="xsd:string" dictRef="x:forcematrix">Frequencies --   -31.5505               -29.4069                19.6002</scalar><scalar dataType="xsd:string" dictRef="x:forcematrix">Red. masses --    26.9815                26.9815                26.9815</scalar><scalar dataType="xsd:string" dictRef="x:forcematrix">Frc consts  --     0.0158                 0.0137                 0.0061</scalar><scalar dataType="xsd:string" dictRef="x:forcematrix">IR Inten    --     0.0016                 0.0000                 0.0000</scalar><scalar dataType="xsd:string" dictRef="x:forcematrix">Atom AN      X      Y      Z        X      Y      Z        X      Y      Z</scalar><scalar dataType="xsd:string" dictRef="x:forcematrix">1  13     0.00   0.00   0.14     0.00   0.00   0.00     0.00   0.00   0.41</scalar><scalar dataType="xsd:string" dictRef="x:forcematrix">2  13     0.00   0.00  -0.27     0.00   0.00   0.49     0.00   0.00   0.00</scalar><scalar dataType="xsd:string" dictRef="x:forcematrix">3  13     0.00   0.00  -0.09     0.00   0.00  -0.12     0.00   0.00  -0.41</scalar><scalar dataType="xsd:string" dictRef="x:forcematrix">4  13     0.00   0.00   0.57     0.00   0.00   0.00     0.00   0.00   0.00</scalar><scalar dataType="xsd:string" dictRef="x:forcematrix">5  13     0.00   0.00  -0.09     0.00   0.00   0.12     0.00   0.00   0.41</scalar><scalar dataType="xsd:string" dictRef="x:forcematrix">6  13     0.00   0.00  -0.27     0.00   0.00  -0.49     0.00   0.00   0.00</scalar><scalar dataType="xsd:string" dictRef="x:forcematrix">7  13     0.00   0.00   0.14     0.00   0.00   0.00     0.00   0.00  -0.41</scalar><scalar dataType="xsd:string" dictRef="x:forcematrix">8  13     0.00   0.00  -0.27     0.00   0.00   0.49     0.00   0.00   0.00</scalar><scalar dataType="xsd:string" dictRef="x:forcematrix">9  13     0.00   0.00  -0.09     0.00   0.00  -0.12     0.00   0.00   0.41</scalar><scalar dataType="xsd:string" dictRef="x:forcematrix">10  13     0.00   0.00   0.57     0.00   0.00   0.00     0.00   0.00   0.00</scalar><scalar dataType="xsd:string" dictRef="x:forcematrix">11  13     0.00   0.00  -0.09     0.00   0.00   0.12     0.00   0.00  -0.41</scalar><scalar dataType="xsd:string" dictRef="x:forcematrix">12  13     0.00   0.00  -0.27     0.00   0.00  -0.49     0.00   0.00   0.00</scalar><scalar dataType="xsd:string" dictRef="x:forcematrix">10                     11                     12</scalar><scalar dataType="xsd:string" dictRef="x:forcematrix">?C                     ?C                     B2G</scalar><scalar dataType="xsd:string" dictRef="x:forcematrix">Frequencies --    21.2492                22.4566                37.9237</scalar><scalar dataType="xsd:string" dictRef="x:forcematrix">Red. masses --    26.9815                26.9815                26.9815</scalar><scalar dataType="xsd:string" dictRef="x:forcematrix">Frc consts  --     0.0072                 0.0080                 0.0229</scalar><scalar dataType="xsd:string" dictRef="x:forcematrix">IR Inten    --     0.0000                 0.0000                 0.0014</scalar><scalar dataType="xsd:string" dictRef="x:forcematrix">Atom AN      X      Y      Z        X      Y      Z        X      Y      Z</scalar><scalar dataType="xsd:string" dictRef="x:forcematrix">1  13     0.00   0.00   0.00     0.00   0.00   0.56     0.00   0.40   0.00</scalar><scalar dataType="xsd:string" dictRef="x:forcematrix">2  13     0.00   0.00   0.12     0.00   0.00   0.08     0.01  -0.01   0.00</scalar><scalar dataType="xsd:string" dictRef="x:forcematrix">3  13     0.00   0.00   0.49     0.00   0.00  -0.28    -0.36  -0.20   0.00</scalar><scalar dataType="xsd:string" dictRef="x:forcematrix">4  13     0.00   0.00   0.00     0.00   0.00  -0.15     0.00   0.02   0.00</scalar><scalar dataType="xsd:string" dictRef="x:forcematrix">5  13     0.00   0.00  -0.49     0.00   0.00  -0.28     0.36  -0.20   0.00</scalar><scalar dataType="xsd:string" dictRef="x:forcematrix">6  13     0.00   0.00  -0.12     0.00   0.00   0.08    -0.01  -0.01   0.00</scalar><scalar dataType="xsd:string" dictRef="x:forcematrix">7  13     0.00   0.00   0.00     0.00   0.00   0.56     0.00   0.40   0.00</scalar><scalar dataType="xsd:string" dictRef="x:forcematrix">8  13     0.00   0.00   0.12     0.00   0.00   0.08     0.01  -0.01   0.00</scalar><scalar dataType="xsd:string" dictRef="x:forcematrix">9  13     0.00   0.00   0.49     0.00   0.00  -0.28    -0.36  -0.20   0.00</scalar><scalar dataType="xsd:string" dictRef="x:forcematrix">10  13     0.00   0.00   0.00     0.00   0.00  -0.15     0.00   0.02   0.00</scalar><scalar dataType="xsd:string" dictRef="x:forcematrix">11  13     0.00   0.00  -0.49     0.00   0.00  -0.28     0.36  -0.20   0.00</scalar><scalar dataType="xsd:string" dictRef="x:forcematrix">12  13     0.00   0.00  -0.12     0.00   0.00   0.08    -0.01  -0.01   0.00</scalar><scalar dataType="xsd:string" dictRef="x:forcematrix">13                     14                     15</scalar><scalar dataType="xsd:string" dictRef="x:forcematrix">?B                     ?B                     ?C</scalar><scalar dataType="xsd:string" dictRef="x:forcematrix">Frequencies --    40.9018                42.0798                43.0960</scalar><scalar dataType="xsd:string" dictRef="x:forcematrix">Red. masses --    26.9815                26.9815                26.9815</scalar><scalar dataType="xsd:string" dictRef="x:forcematrix">Frc consts  --     0.0266                 0.0281                 0.0295</scalar><scalar dataType="xsd:string" dictRef="x:forcematrix">IR Inten    --     0.0000                 0.0000                 1.2816</scalar><scalar dataType="xsd:string" dictRef="x:forcematrix">Atom AN      X      Y      Z        X      Y      Z        X      Y      Z</scalar><scalar dataType="xsd:string" dictRef="x:forcematrix">1  13    -0.03   0.00   0.00     0.00   0.57   0.00     0.00   0.00  -0.29</scalar><scalar dataType="xsd:string" dictRef="x:forcematrix">2  13    -0.02   0.00   0.00     0.02  -0.02   0.00     0.00   0.00   0.30</scalar><scalar dataType="xsd:string" dictRef="x:forcematrix">3  13     0.44   0.23   0.00    -0.24  -0.17   0.00     0.00   0.00  -0.29</scalar><scalar dataType="xsd:string" dictRef="x:forcematrix">4  13     0.00  -0.04   0.00     0.01   0.00   0.00     0.00   0.00   0.27</scalar><scalar dataType="xsd:string" dictRef="x:forcematrix">5  13    -0.44   0.23   0.00    -0.24   0.17   0.00     0.00   0.00  -0.29</scalar><scalar dataType="xsd:string" dictRef="x:forcematrix">6  13     0.02   0.00   0.00     0.02   0.02   0.00     0.00   0.00   0.30</scalar><scalar dataType="xsd:string" dictRef="x:forcematrix">7  13     0.03   0.00   0.00     0.00  -0.57   0.00     0.00   0.00  -0.29</scalar><scalar dataType="xsd:string" dictRef="x:forcematrix">8  13     0.02   0.00   0.00    -0.02   0.02   0.00     0.00   0.00   0.30</scalar><scalar dataType="xsd:string" dictRef="x:forcematrix">9  13    -0.44  -0.23   0.00     0.24   0.17   0.00     0.00   0.00  -0.29</scalar><scalar dataType="xsd:string" dictRef="x:forcematrix">10  13     0.00   0.04   0.00    -0.01   0.00   0.00     0.00   0.00   0.27</scalar><scalar dataType="xsd:string" dictRef="x:forcematrix">11  13     0.44  -0.23   0.00     0.24  -0.17   0.00     0.00   0.00  -0.29</scalar><scalar dataType="xsd:string" dictRef="x:forcematrix">12  13    -0.02   0.00   0.00    -0.02  -0.02   0.00     0.00   0.00   0.30</scalar><scalar dataType="xsd:string" dictRef="x:forcematrix">16                     17                     18</scalar><scalar dataType="xsd:string" dictRef="x:forcematrix">B2G                    B2G                    ?B</scalar><scalar dataType="xsd:string" dictRef="x:forcematrix">Frequencies --    84.5977                84.7686               102.8832</scalar><scalar dataType="xsd:string" dictRef="x:forcematrix">Red. masses --    26.9815                26.9815                26.9815</scalar><scalar dataType="xsd:string" dictRef="x:forcematrix">Frc consts  --     0.1138                 0.1142                 0.1683</scalar><scalar dataType="xsd:string" dictRef="x:forcematrix">IR Inten    --     8.8190                 8.8270                 0.0000</scalar><scalar dataType="xsd:string" dictRef="x:forcematrix">Atom AN      X      Y      Z        X      Y      Z        X      Y      Z</scalar><scalar dataType="xsd:string" dictRef="x:forcematrix">1  13    -0.19   0.00   0.00     0.00   0.50   0.00     0.00   0.36   0.00</scalar><scalar dataType="xsd:string" dictRef="x:forcematrix">2  13    -0.18   0.04   0.00     0.04  -0.13   0.00     0.09   0.16   0.00</scalar><scalar dataType="xsd:string" dictRef="x:forcematrix">3  13     0.33   0.30   0.00     0.29  -0.02   0.00     0.31   0.18   0.00</scalar><scalar dataType="xsd:string" dictRef="x:forcematrix">4  13    -0.11   0.00   0.00     0.00  -0.20   0.00     0.19   0.00   0.00</scalar><scalar dataType="xsd:string" dictRef="x:forcematrix">5  13     0.33  -0.30   0.00    -0.29  -0.02   0.00     0.31  -0.18   0.00</scalar><scalar dataType="xsd:string" dictRef="x:forcematrix">6  13    -0.18  -0.04   0.00    -0.04  -0.13   0.00     0.09  -0.16   0.00</scalar><scalar dataType="xsd:string" dictRef="x:forcematrix">7  13    -0.19   0.00   0.00     0.00   0.50   0.00     0.00  -0.36   0.00</scalar><scalar dataType="xsd:string" dictRef="x:forcematrix">8  13    -0.18   0.04   0.00     0.04  -0.13   0.00    -0.09  -0.16   0.00</scalar><scalar dataType="xsd:string" dictRef="x:forcematrix">9  13     0.33   0.30   0.00     0.29  -0.02   0.00    -0.31  -0.18   0.00</scalar><scalar dataType="xsd:string" dictRef="x:forcematrix">10  13    -0.11   0.00   0.00     0.00  -0.20   0.00    -0.19   0.00   0.00</scalar><scalar dataType="xsd:string" dictRef="x:forcematrix">11  13     0.33  -0.30   0.00    -0.29  -0.02   0.00    -0.31   0.18   0.00</scalar><scalar dataType="xsd:string" dictRef="x:forcematrix">12  13    -0.18  -0.04   0.00    -0.04  -0.13   0.00    -0.09   0.16   0.00</scalar><scalar dataType="xsd:string" dictRef="x:forcematrix">19                     20                     21</scalar><scalar dataType="xsd:string" dictRef="x:forcematrix">B2G                    B2G                    ?B</scalar><scalar dataType="xsd:string" dictRef="x:forcematrix">Frequencies --   192.6147               193.0094               205.3960</scalar><scalar dataType="xsd:string" dictRef="x:forcematrix">Red. masses --    26.9815                26.9815                26.9815</scalar><scalar dataType="xsd:string" dictRef="x:forcematrix">Frc consts  --     0.5898                 0.5922                 0.6707</scalar><scalar dataType="xsd:string" dictRef="x:forcematrix">IR Inten    --     2.5726                 2.5449                 0.0000</scalar><scalar dataType="xsd:string" dictRef="x:forcematrix">Atom AN      X      Y      Z        X      Y      Z        X      Y      Z</scalar><scalar dataType="xsd:string" dictRef="x:forcematrix">1  13    -0.14   0.00   0.00     0.00   0.06   0.00     0.00   0.19   0.00</scalar><scalar dataType="xsd:string" dictRef="x:forcematrix">2  13    -0.09   0.33   0.00    -0.33  -0.29   0.00    -0.18  -0.31   0.00</scalar><scalar dataType="xsd:string" dictRef="x:forcematrix">3  13    -0.08   0.04   0.00    -0.04   0.12   0.00     0.16   0.09   0.00</scalar><scalar dataType="xsd:string" dictRef="x:forcematrix">4  13     0.48   0.00   0.00     0.00   0.28   0.00    -0.36   0.00   0.00</scalar><scalar dataType="xsd:string" dictRef="x:forcematrix">5  13    -0.08  -0.04   0.00     0.04   0.12   0.00     0.16  -0.09   0.00</scalar><scalar dataType="xsd:string" dictRef="x:forcematrix">6  13    -0.09  -0.33   0.00     0.33  -0.29   0.00    -0.18   0.31   0.00</scalar><scalar dataType="xsd:string" dictRef="x:forcematrix">7  13    -0.14   0.00   0.00     0.00   0.06   0.00     0.00  -0.19   0.00</scalar><scalar dataType="xsd:string" dictRef="x:forcematrix">8  13    -0.09   0.33   0.00    -0.33  -0.29   0.00     0.18   0.31   0.00</scalar><scalar dataType="xsd:string" dictRef="x:forcematrix">9  13    -0.08   0.04   0.00    -0.04   0.12   0.00    -0.16  -0.09   0.00</scalar><scalar dataType="xsd:string" dictRef="x:forcematrix">10  13     0.48   0.00   0.00     0.00   0.28   0.00     0.36   0.00   0.00</scalar><scalar dataType="xsd:string" dictRef="x:forcematrix">11  13    -0.08  -0.04   0.00     0.04   0.12   0.00    -0.16   0.09   0.00</scalar><scalar dataType="xsd:string" dictRef="x:forcematrix">12  13    -0.09  -0.33   0.00     0.33  -0.29   0.00     0.18  -0.31   0.00</scalar><scalar dataType="xsd:string" dictRef="x:forcematrix">22                     23                     24</scalar><scalar dataType="xsd:string" dictRef="x:forcematrix">?B                     ?B                     B2G</scalar><scalar dataType="xsd:string" dictRef="x:forcematrix">Frequencies --   257.6381               257.8048               271.2998</scalar><scalar dataType="xsd:string" dictRef="x:forcematrix">Red. masses --    26.9815                26.9815                26.9815</scalar><scalar dataType="xsd:string" dictRef="x:forcematrix">Frc consts  --     1.0552                 1.0566                 1.1701</scalar><scalar dataType="xsd:string" dictRef="x:forcematrix">IR Inten    --     0.0000                 0.0000                 0.0000</scalar><scalar dataType="xsd:string" dictRef="x:forcematrix">Atom AN      X      Y      Z        X      Y      Z        X      Y      Z</scalar><scalar dataType="xsd:string" dictRef="x:forcematrix">1  13     0.00  -0.03   0.00     0.19   0.00   0.00     0.00  -0.01   0.00</scalar><scalar dataType="xsd:string" dictRef="x:forcematrix">2  13     0.42  -0.07   0.00     0.07  -0.33   0.00     0.35  -0.20   0.00</scalar><scalar dataType="xsd:string" dictRef="x:forcematrix">3  13     0.10  -0.14   0.00    -0.02   0.10   0.00     0.01   0.01   0.00</scalar><scalar dataType="xsd:string" dictRef="x:forcematrix">4  13    -0.29   0.00   0.00     0.00   0.46   0.00     0.00   0.41   0.00</scalar><scalar dataType="xsd:string" dictRef="x:forcematrix">5  13     0.10   0.14   0.00     0.02   0.10   0.00    -0.01   0.01   0.00</scalar><scalar dataType="xsd:string" dictRef="x:forcematrix">6  13     0.42   0.07   0.00    -0.07  -0.33   0.00    -0.35  -0.20   0.00</scalar><scalar dataType="xsd:string" dictRef="x:forcematrix">7  13     0.00   0.03   0.00    -0.19   0.00   0.00     0.00  -0.01   0.00</scalar><scalar dataType="xsd:string" dictRef="x:forcematrix">8  13    -0.42   0.07   0.00    -0.07   0.33   0.00     0.35  -0.20   0.00</scalar><scalar dataType="xsd:string" dictRef="x:forcematrix">9  13    -0.10   0.14   0.00     0.02  -0.10   0.00     0.01   0.01   0.00</scalar><scalar dataType="xsd:string" dictRef="x:forcematrix">10  13     0.29   0.00   0.00     0.00  -0.46   0.00     0.00   0.41   0.00</scalar><scalar dataType="xsd:string" dictRef="x:forcematrix">11  13    -0.10  -0.14   0.00    -0.02  -0.10   0.00    -0.01   0.01   0.00</scalar><scalar dataType="xsd:string" dictRef="x:forcematrix">12  13    -0.42  -0.07   0.00     0.07   0.33   0.00    -0.35  -0.20   0.00</scalar><scalar dataType="xsd:string" dictRef="x:forcematrix">25                     26                     27</scalar><scalar dataType="xsd:string" dictRef="x:forcematrix">B2G                    ?B                     ?B</scalar><scalar dataType="xsd:string" dictRef="x:forcematrix">Frequencies --   348.4681               415.0711               415.1147</scalar><scalar dataType="xsd:string" dictRef="x:forcematrix">Red. masses --    26.9815                26.9815                26.9815</scalar><scalar dataType="xsd:string" dictRef="x:forcematrix">Frc consts  --     1.9304                 2.7388                 2.7394</scalar><scalar dataType="xsd:string" dictRef="x:forcematrix">IR Inten    --     0.0001                 0.0000                 0.0000</scalar><scalar dataType="xsd:string" dictRef="x:forcematrix">Atom AN      X      Y      Z        X      Y      Z        X      Y      Z</scalar><scalar dataType="xsd:string" dictRef="x:forcematrix">1  13     0.35   0.00   0.00     0.00   0.00   0.00     0.45   0.00   0.00</scalar><scalar dataType="xsd:string" dictRef="x:forcematrix">2  13    -0.10  -0.18   0.00     0.18  -0.21   0.00    -0.21  -0.07   0.00</scalar><scalar dataType="xsd:string" dictRef="x:forcematrix">3  13    -0.17   0.30   0.00    -0.20   0.34   0.00    -0.11   0.20   0.00</scalar><scalar dataType="xsd:string" dictRef="x:forcematrix">4  13     0.21   0.00   0.00     0.19   0.00   0.00     0.00  -0.31   0.00</scalar><scalar dataType="xsd:string" dictRef="x:forcematrix">5  13    -0.17  -0.30   0.00    -0.20  -0.34   0.00     0.11   0.20   0.00</scalar><scalar dataType="xsd:string" dictRef="x:forcematrix">6  13    -0.10   0.18   0.00     0.18   0.21   0.00     0.21  -0.07   0.00</scalar><scalar dataType="xsd:string" dictRef="x:forcematrix">7  13     0.35   0.00   0.00     0.00   0.00   0.00    -0.45   0.00   0.00</scalar><scalar dataType="xsd:string" dictRef="x:forcematrix">8  13    -0.10  -0.18   0.00    -0.18   0.21   0.00     0.21   0.07   0.00</scalar><scalar dataType="xsd:string" dictRef="x:forcematrix">9  13    -0.17   0.30   0.00     0.20  -0.34   0.00     0.11  -0.20   0.00</scalar><scalar dataType="xsd:string" dictRef="x:forcematrix">10  13     0.21   0.00   0.00    -0.19   0.00   0.00     0.00   0.31   0.00</scalar><scalar dataType="xsd:string" dictRef="x:forcematrix">11  13    -0.17  -0.30   0.00     0.20   0.34   0.00    -0.11  -0.20   0.00</scalar><scalar dataType="xsd:string" dictRef="x:forcematrix">12  13    -0.10   0.18   0.00    -0.18  -0.21   0.00    -0.21   0.07   0.00</scalar><scalar dataType="xsd:string" dictRef="x:forcematrix">28                     29                     30</scalar><scalar dataType="xsd:string" dictRef="x:forcematrix">B2G                    B2G                    ?B</scalar><scalar dataType="xsd:string" dictRef="x:forcematrix">Frequencies --   469.1847               469.3287               488.7534</scalar><scalar dataType="xsd:string" dictRef="x:forcematrix">Red. masses --    26.9815                26.9815                26.9815</scalar><scalar dataType="xsd:string" dictRef="x:forcematrix">Frc consts  --     3.4995                 3.5016                 3.7975</scalar><scalar dataType="xsd:string" dictRef="x:forcematrix">IR Inten    --     7.9226                 7.9147                 0.0000</scalar><scalar dataType="xsd:string" dictRef="x:forcematrix">Atom AN      X      Y      Z        X      Y      Z        X      Y      Z</scalar><scalar dataType="xsd:string" dictRef="x:forcematrix">1  13     0.00   0.00   0.00     0.44   0.00   0.00     0.31   0.00   0.00</scalar><scalar dataType="xsd:string" dictRef="x:forcematrix">2  13     0.12  -0.15   0.00    -0.29   0.12   0.00    -0.23   0.13   0.00</scalar><scalar dataType="xsd:string" dictRef="x:forcematrix">3  13    -0.19   0.33   0.00     0.11  -0.19   0.00     0.16  -0.27   0.00</scalar><scalar dataType="xsd:string" dictRef="x:forcematrix">4  13     0.00  -0.36   0.00    -0.08   0.00   0.00     0.00   0.26   0.00</scalar><scalar dataType="xsd:string" dictRef="x:forcematrix">5  13     0.19   0.33   0.00     0.11   0.19   0.00    -0.16  -0.27   0.00</scalar><scalar dataType="xsd:string" dictRef="x:forcematrix">6  13    -0.12  -0.15   0.00    -0.29  -0.12   0.00     0.23   0.13   0.00</scalar><scalar dataType="xsd:string" dictRef="x:forcematrix">7  13     0.00   0.00   0.00     0.44   0.00   0.00    -0.31   0.00   0.00</scalar><scalar dataType="xsd:string" dictRef="x:forcematrix">8  13     0.12  -0.15   0.00    -0.29   0.12   0.00     0.23  -0.13   0.00</scalar><scalar dataType="xsd:string" dictRef="x:forcematrix">9  13    -0.19   0.33   0.00     0.11  -0.19   0.00    -0.16   0.27   0.00</scalar><scalar dataType="xsd:string" dictRef="x:forcematrix">10  13     0.00  -0.36   0.00    -0.08   0.00   0.00     0.00  -0.26   0.00</scalar><scalar dataType="xsd:string" dictRef="x:forcematrix">11  13     0.19   0.33   0.00     0.11   0.19   0.00     0.16   0.27   0.00</scalar><scalar dataType="xsd:string" dictRef="x:forcematrix">12  13    -0.12  -0.15   0.00    -0.29  -0.12   0.00    -0.23  -0.13   0.00</scalar><scalar dataType="xsd:string" dictRef="x:forcematrix"/></list></module><module cmlx:lineCount="40" cmlx:templateRef="l101" xmlns:xi="http://www.w3.org/2001/XInclude"><list cmlx:templateRef="rest"><scalar dataType="xsd:string" dictRef="x:l101">-------------------</scalar><scalar dataType="xsd:string" dictRef="x:l101">- Thermochemistry -</scalar><scalar dataType="xsd:string" dictRef="x:l101">-------------------</scalar><scalar dataType="xsd:string" dictRef="x:l101">Temperature   298.150 Kelvin.  Pressure   1.00000 Atm.</scalar><scalar dataType="xsd:string" dictRef="x:l101">Atom  1 has atomic number 13 and mass  26.98154</scalar><scalar dataType="xsd:string" dictRef="x:l101">Atom  2 has atomic number 13 and mass  26.98154</scalar><scalar dataType="xsd:string" dictRef="x:l101">Atom  3 has atomic number 13 and mass  26.98154</scalar><scalar dataType="xsd:string" dictRef="x:l101">Atom  4 has atomic number 13 and mass  26.98154</scalar><scalar dataType="xsd:string" dictRef="x:l101">Atom  5 has atomic number 13 and mass  26.98154</scalar><scalar dataType="xsd:string" dictRef="x:l101">Atom  6 has atomic number 13 and mass  26.98154</scalar><scalar dataType="xsd:string" dictRef="x:l101">Atom  7 has atomic number 13 and mass  26.98154</scalar><scalar dataType="xsd:string" dictRef="x:l101">Atom  8 has atomic number 13 and mass  26.98154</scalar><scalar dataType="xsd:string" dictRef="x:l101">Atom  9 has atomic number 13 and mass  26.98154</scalar><scalar dataType="xsd:string" dictRef="x:l101">Atom 10 has atomic number 13 and mass  26.98154</scalar><scalar dataType="xsd:string" dictRef="x:l101">Atom 11 has atomic number 13 and mass  26.98154</scalar><scalar dataType="xsd:string" dictRef="x:l101">Atom 12 has atomic number 13 and mass  26.98154</scalar><scalar dataType="xsd:string" dictRef="x:l101">Molecular mass:   323.77850 amu.</scalar><scalar dataType="xsd:string" dictRef="x:l101">Principal axes and moments of inertia in atomic units:</scalar><scalar dataType="xsd:string" dictRef="x:l101">1         2         3</scalar><scalar dataType="xsd:string" dictRef="x:l101">EIGENVALUES --  ******************************</scalar><scalar dataType="xsd:string" dictRef="x:l101">X            0.92930   0.36934   0.00000</scalar><scalar dataType="xsd:string" dictRef="x:l101">Y           -0.36934   0.92930   0.00000</scalar><scalar dataType="xsd:string" dictRef="x:l101">Z            0.00000   0.00000   1.00000</scalar><scalar dataType="xsd:string" dictRef="x:l101">This molecule is an oblate symmetric top.</scalar><scalar dataType="xsd:string" dictRef="x:l101">Rotational symmetry number 12.</scalar><scalar dataType="xsd:string" dictRef="x:l101">Warning -- assumption of classical behavior for rotation</scalar><scalar dataType="xsd:string" dictRef="x:l101">may cause significant error</scalar><scalar dataType="xsd:string" dictRef="x:l101">Rotational temperatures (Kelvin)      0.00707     0.00707     0.00353</scalar><scalar dataType="xsd:string" dictRef="x:l101">Rotational constants (GHZ):           0.14722     0.14722     0.07361</scalar><scalar dataType="xsd:string" dictRef="x:l101">8 imaginary frequencies ignored.</scalar><scalar dataType="xsd:string" dictRef="x:l101">Zero-point vibrational energy      26815.7 (Joules/Mol)</scalar><scalar dataType="xsd:string" dictRef="x:l101">6.40911 (Kcal/Mol)</scalar><scalar dataType="xsd:string" dictRef="x:l101">Warning -- explicit consideration of  22 degrees of freedom as</scalar><scalar dataType="xsd:string" dictRef="x:l101">vibrations may cause significant error</scalar><scalar dataType="xsd:string" dictRef="x:l101">Vibrational temperatures:     28.20    30.57    32.31    54.56    58.85</scalar><scalar dataType="xsd:string" dictRef="x:l101">(Kelvin)             60.54    62.01   121.72   121.96   148.03</scalar><scalar dataType="xsd:string" dictRef="x:l101">277.13   277.70   295.52   370.68   370.92</scalar><scalar dataType="xsd:string" dictRef="x:l101">390.34   501.37   597.19   597.26   675.05</scalar><scalar dataType="xsd:string" dictRef="x:l101">675.26   703.21</scalar><scalar dataType="xsd:string" dictRef="x:l101"/></list></module><module cmlx:lineCount="9" cmlx:templateRef="zeropoint" xmlns:xi="http://www.w3.org/2001/XInclude"><list cmlx:templateRef="zeropoint"><list><scalar dataType="xsd:string" dictRef="x:name">Zero-point correction</scalar><scalar dataType="xsd:double" dictRef="x:value">0.010214</scalar></list><list><scalar dataType="xsd:string" dictRef="x:name">Thermal correction to Energy</scalar><scalar dataType="xsd:double" dictRef="x:value">0.026197</scalar></list><list><scalar dataType="xsd:string" dictRef="x:name">Thermal correction to Enthalpy</scalar><scalar dataType="xsd:double" dictRef="x:value">0.027141</scalar></list><list><scalar dataType="xsd:string" dictRef="x:name">Thermal correction to Gibbs Free Energy</scalar><scalar dataType="xsd:double" dictRef="x:value">-0.040717</scalar></list><list><scalar dataType="xsd:string" dictRef="x:name">Sum of electronic and zero-point Energies</scalar><scalar dataType="xsd:double" dictRef="x:value">-2908.97108</scalar></list><list><scalar dataType="xsd:string" dictRef="x:name">Sum of electronic and thermal Energies</scalar><scalar dataType="xsd:double" dictRef="x:value">-2908.955096</scalar></list><list><scalar dataType="xsd:string" dictRef="x:name">Sum of electronic and thermal Enthalpies</scalar><scalar dataType="xsd:double" dictRef="x:value">-2908.954152</scalar></list><list><scalar dataType="xsd:string" dictRef="x:name">Sum of electronic and thermal Free Energies</scalar><scalar dataType="xsd:double" dictRef="x:value">-2909.02201</scalar></list></list> </module><module cmlx:lineCount="101" cmlx:templateRef="thermoprops" xmlns:xi="http://www.w3.org/2001/XInclude"><list cmlx:templateRef="xxx"><scalar dataType="xsd:string" dictRef="x:xxx">E (Thermal)             CV                S</scalar><scalar dataType="xsd:string" dictRef="x:xxx">KCal/Mol        Cal/Mol-Kelvin    Cal/Mol-Kelvin</scalar></list><list cmlx:templateRef="total"><list><scalar dataType="xsd:double" dictRef="cc:ethermo.total">16.439</scalar><scalar dataType="xsd:double" dictRef="cc:cv.total">44.83</scalar><scalar dataType="xsd:double" dictRef="cc:s.total">142.819</scalar></list></list><list cmlx:templateRef="elect"><list><scalar dataType="xsd:double" dictRef="cc:ethermo.elect">0.0</scalar><scalar dataType="xsd:double" dictRef="cc:cv.elect">0.0</scalar><scalar dataType="xsd:double" dictRef="cc:s.elect">0.0</scalar></list></list><list cmlx:templateRef="trans"><list><scalar dataType="xsd:double" dictRef="cc:ethermo.trans">0.889</scalar><scalar dataType="xsd:double" dictRef="cc:cv.trans">2.981</scalar><scalar dataType="xsd:double" dictRef="cc:s.trans">43.22</scalar></list></list><list cmlx:templateRef="rot"><list><scalar dataType="xsd:double" dictRef="cc:ethermo.rot">0.889</scalar><scalar dataType="xsd:double" dictRef="cc:cv.rot">2.981</scalar><scalar dataType="xsd:double" dictRef="cc:s.rot">31.615</scalar></list></list><list cmlx:templateRef="vib"><list><scalar dataType="xsd:double" dictRef="cc:ethermo.vib">14.661</scalar><scalar dataType="xsd:double" dictRef="cc:cv.vib">38.868</scalar><scalar dataType="xsd:double" dictRef="cc:s.vob">67.984</scalar></list></list> Vibration  2             0.593              1.985              6.514 Vibration  3             0.593              1.985              6.404 Vibration  4             0.594              1.982              5.365 Vibration  5             0.594              1.981              5.215 Vibration  6             0.595              1.980              5.159 Vibration  7             0.595              1.980              5.111 Vibration  8             0.601              1.960              3.781 Vibration  9             0.601              1.960              3.777 Vibration 10             0.605              1.947              3.399 Vibration 11             0.635              1.850              2.203 Vibration 12             0.635              1.850              2.199 Vibration 13             0.640              1.832              2.084 Vibration 14             0.667              1.750              1.678 Vibration 15             0.667              1.750              1.677 Vibration 16             0.675              1.726              1.588 Vibration 17             0.726              1.578              1.173 Vibration 18             0.778              1.438              0.909 Vibration 19             0.779              1.437              0.909 Vibration 20             0.826              1.318              0.740 Vibration 21             0.826              1.318              0.739 Vibration 22             0.845              1.275              0.687                       Q            Log10(Q)             Ln(Q) Total Bot       0.535306D+19         18.728602         43.124199 Total V=0       0.266999D+24         23.426509         53.941531 Vib (Bot)       0.129101D+05          4.110930          9.465765 Vib (Bot)  1    0.105686D+02          1.024019          2.357892 Vib (Bot)  2    0.974784D+01          0.988908          2.277046 Vib (Bot)  3    0.922327D+01          0.964885          2.221730 Vib (Bot)  4    0.545664D+01          0.736926          1.696834 Vib (Bot)  5    0.505818D+01          0.703994          1.621007 Vib (Bot)  6    0.491612D+01          0.691623          1.592520 Vib (Bot)  7    0.479980D+01          0.681223          1.568574 Vib (Bot)  8    0.243261D+01          0.386072          0.888963 Vib (Bot)  9    0.242763D+01          0.385183          0.886917 Vib (Bot) 10    0.199364D+01          0.299646          0.689960 Vib (Bot) 11    0.103808D+01          0.016230          0.037370 Vib (Bot) 12    0.103580D+01          0.015277          0.035177 Vib (Bot) 13    0.968759D+00         -0.013784         -0.031740 Vib (Bot) 14    0.754766D+00         -0.122188         -0.281347 Vib (Bot) 15    0.754217D+00         -0.122504         -0.282076 Vib (Bot) 16    0.711881D+00         -0.147592         -0.339844 Vib (Bot) 17    0.529985D+00         -0.275737         -0.634907 Vib (Bot) 18    0.424623D+00         -0.371997         -0.856554 Vib (Bot) 19    0.424564D+00         -0.372057         -0.856692 Vib (Bot) 20    0.359752D+00         -0.443997         -1.022341 Vib (Bot) 21    0.359598D+00         -0.444183         -1.022769 Vib (Bot) 22    0.339611D+00         -0.469018         -1.079953 Vib (V=0)       0.643928D+09          8.808837         20.283097 Vib (V=0)  1    0.110805D+02          1.044558          2.405184 Vib (V=0)  2    0.102607D+02          1.011175          2.328317 Vib (V=0)  3    0.973681D+01          0.988417          2.275914 Vib (V=0)  4    0.597950D+01          0.776665          1.788338 Vib (V=0)  5    0.558283D+01          0.746855          1.719697 Vib (V=0)  6    0.544148D+01          0.735717          1.694052 Vib (V=0)  7    0.532577D+01          0.726382          1.672557 Vib (V=0)  8    0.298346D+01          0.474720          1.093084 Vib (V=0)  9    0.297859D+01          0.474011          1.091450 Vib (V=0) 10    0.255538D+01          0.407455          0.938201 Vib (V=0) 11    0.165222D+01          0.218067          0.502118 Vib (V=0) 12    0.165017D+01          0.217528          0.500878 Vib (V=0) 13    0.159018D+01          0.201446          0.463848 Vib (V=0) 14    0.140536D+01          0.147787          0.340292 Vib (V=0) 15    0.140490D+01          0.147645          0.339966 Vib (V=0) 16    0.136993D+01          0.136698          0.314758 Vib (V=0) 17    0.122862D+01          0.089417          0.205890 Vib (V=0) 18    0.115598D+01          0.062949          0.144945 Vib (V=0) 19    0.115594D+01          0.062935          0.144912 Vib (V=0) 20    0.111597D+01          0.047653          0.109726 Vib (V=0) 21    0.111588D+01          0.047618          0.109645 Vib (V=0) 22    0.110443D+01          0.043138          0.099330 Electronic      0.100000D+01          0.000000          0.000000 Translational   0.228996D+09          8.359827         19.249213 Rotational      0.181069D+07          6.257845         14.409220 ***** Axes restored to original set *****<module cmlx:lineCount="18" cmlx:templateRef="forces"><list cmlx:templateRef="force"><list><scalar dataType="xsd:integer" dictRef="x:serial">1</scalar><scalar dataType="xsd:integer" dictRef="x:elementType">13</scalar><scalar dataType="xsd:double" dictRef="x:x3">-3.82E-6</scalar><scalar dataType="xsd:double" dictRef="x:y3">0.0</scalar><scalar dataType="xsd:double" dictRef="x:z3">0.0</scalar></list><list><scalar dataType="xsd:integer" dictRef="x:serial">2</scalar><scalar dataType="xsd:integer" dictRef="x:elementType">13</scalar><scalar dataType="xsd:double" dictRef="x:x3">4.3061E-5</scalar><scalar dataType="xsd:double" dictRef="x:y3">-1.5366E-5</scalar><scalar dataType="xsd:double" dictRef="x:z3">0.0</scalar></list><list><scalar dataType="xsd:integer" dictRef="x:serial">3</scalar><scalar dataType="xsd:integer" dictRef="x:elementType">13</scalar><scalar dataType="xsd:double" dictRef="x:x3">-4.5476E-5</scalar><scalar dataType="xsd:double" dictRef="x:y3">9.8E-6</scalar><scalar dataType="xsd:double" dictRef="x:z3">0.0</scalar></list><list><scalar dataType="xsd:integer" dictRef="x:serial">4</scalar><scalar dataType="xsd:integer" dictRef="x:elementType">13</scalar><scalar dataType="xsd:double" dictRef="x:x3">0.0</scalar><scalar dataType="xsd:double" dictRef="x:y3">-1.9107E-5</scalar><scalar dataType="xsd:double" dictRef="x:z3">0.0</scalar></list><list><scalar dataType="xsd:integer" dictRef="x:serial">5</scalar><scalar dataType="xsd:integer" dictRef="x:elementType">13</scalar><scalar dataType="xsd:double" dictRef="x:x3">4.5476E-5</scalar><scalar dataType="xsd:double" dictRef="x:y3">9.8E-6</scalar><scalar dataType="xsd:double" dictRef="x:z3">0.0</scalar></list><list><scalar dataType="xsd:integer" dictRef="x:serial">6</scalar><scalar dataType="xsd:integer" dictRef="x:elementType">13</scalar><scalar dataType="xsd:double" dictRef="x:x3">-4.3061E-5</scalar><scalar dataType="xsd:double" dictRef="x:y3">-1.5366E-5</scalar><scalar dataType="xsd:double" dictRef="x:z3">0.0</scalar></list><list><scalar dataType="xsd:integer" dictRef="x:serial">7</scalar><scalar dataType="xsd:integer" dictRef="x:elementType">13</scalar><scalar dataType="xsd:double" dictRef="x:x3">3.82E-6</scalar><scalar dataType="xsd:double" dictRef="x:y3">0.0</scalar><scalar dataType="xsd:double" dictRef="x:z3">0.0</scalar></list><list><scalar dataType="xsd:integer" dictRef="x:serial">8</scalar><scalar dataType="xsd:integer" dictRef="x:elementType">13</scalar><scalar dataType="xsd:double" dictRef="x:x3">-4.3061E-5</scalar><scalar dataType="xsd:double" dictRef="x:y3">1.5366E-5</scalar><scalar dataType="xsd:double" dictRef="x:z3">0.0</scalar></list><list><scalar dataType="xsd:integer" dictRef="x:serial">9</scalar><scalar dataType="xsd:integer" dictRef="x:elementType">13</scalar><scalar dataType="xsd:double" dictRef="x:x3">4.5476E-5</scalar><scalar dataType="xsd:double" dictRef="x:y3">-9.8E-6</scalar><scalar dataType="xsd:double" dictRef="x:z3">0.0</scalar></list><list><scalar dataType="xsd:integer" dictRef="x:serial">10</scalar><scalar dataType="xsd:integer" dictRef="x:elementType">13</scalar><scalar dataType="xsd:double" dictRef="x:x3">0.0</scalar><scalar dataType="xsd:double" dictRef="x:y3">1.9107E-5</scalar><scalar dataType="xsd:double" dictRef="x:z3">0.0</scalar></list><list><scalar dataType="xsd:integer" dictRef="x:serial">11</scalar><scalar dataType="xsd:integer" dictRef="x:elementType">13</scalar><scalar dataType="xsd:double" dictRef="x:x3">-4.5476E-5</scalar><scalar dataType="xsd:double" dictRef="x:y3">-9.8E-6</scalar><scalar dataType="xsd:double" dictRef="x:z3">0.0</scalar></list><list><scalar dataType="xsd:integer" dictRef="x:serial">12</scalar><scalar dataType="xsd:integer" dictRef="x:elementType">13</scalar><scalar dataType="xsd:double" dictRef="x:x3">4.3061E-5</scalar><scalar dataType="xsd:double" dictRef="x:y3">1.5366E-5</scalar><scalar dataType="xsd:double" dictRef="x:z3">0.0</scalar></list></list><list cmlx:templateRef="cartesianforce"><list><scalar dataType="xsd:double" dictRef="cc:maxforce">4.5476E-5</scalar><scalar dataType="xsd:double" dictRef="cc:rmsforce">2.2222E-5</scalar></list></list></module></module><module cmlx:lineCount="1141" cmlx:templateRef="l103" xmlns:xi="http://www.w3.org/2001/XInclude"><list cmlx:templateRef="berny"><scalar dataType="xsd:string" dictRef="g:optimization">Internal  Forces:  Max     0.000024527 RMS     0.000009168</scalar></list> Search for a local minimum. Step number   1 out of a maximum of   2 All quantities printed in internal units (Hartrees-Bohrs-Radians) Second derivative matrix not updated -- analytic derivatives used.     Eigenvalues ---   -0.00711  -0.00572  -0.00334  -0.00332  -0.00220     Eigenvalues ---   -0.00217  -0.00041  -0.00039   0.00004   0.00011     Eigenvalues ---    0.00013   0.00084   0.00219   0.00330   0.00352     Eigenvalues ---    0.00525   0.00527   0.00958   0.01674   0.01681     Eigenvalues ---    0.01716   0.01953   0.01954   0.02413   0.03253     Eigenvalues ---    0.04852   0.04858   0.06571   0.06572   0.07081     Eigenvalues --- 1000.000001000.000001000.000001000.000001000.00000     Eigenvalues --- 1000.000001000.000001000.000001000.000001000.00000     Eigenvalues --- 1000.000001000.000001000.000001000.000001000.00000     Eigenvalues --- 1000.000001000.000001000.000001000.000001000.00000     Eigenvalues --- 1000.000001000.000001000.000001000.000001000.00000     Eigenvalues --- 1000.000001000.000001000.000001000.000001000.00000     Eigenvalues --- 1000.000001000.000001000.000001000.000001000.00000     Eigenvalues --- 1000.000001000.000001000.000001000.000001000.00000     Eigenvalues --- 1000.000001000.000001000.000001000.000001000.00000     Eigenvalues --- 1000.000001000.000001000.000001000.000001000.00000     Eigenvalues --- 1000.000001000.000001000.000001000.000001000.00000     Eigenvalues --- 1000.000001000.000001000.000001000.000001000.00000     Eigenvalues --- 1000.000001000.000001000.000001000.000001000.00000     Eigenvalues --- 1000.000001000.000001000.000001000.000001000.00000     Eigenvalues --- 1000.000001000.000001000.000001000.000001000.00000     Eigenvalues --- 1000.000001000.000001000.000001000.000001000.00000     Eigenvalues --- 1000.000001000.000001000.000001000.000001000.00000     Eigenvalues --- 1000.000001000.000001000.000001000.000001000.00000 Eigenvalue   1 out of range, new value =    0.007113 Eigenvector:                           1           R1           0.00000           R2           0.00000           R3           0.00000           R4           0.00000           R5           0.00000           R6           0.00000           R7           0.00000           R8           0.00000           R9           0.00000           R10          0.00000           R11          0.00000           R12          0.00000           R13          0.00000           R14          0.00000           R15          0.00000           R16          0.00000           R17          0.00000           R18          0.00000           R19          0.00000           R20          0.00000           R21          0.00000           R22          0.00000           R23          0.00000           R24          0.00000           A1           0.00000           A2           0.00000           A3           0.00000           A4           0.00000           A5           0.00000           A6           0.00000           A7           0.00000           A8           0.00000           A9           0.00000           A10          0.00000           A11          0.00000           A12          0.00000           A13          0.00000           A14          0.00000           A15          0.00000           A16          0.00000           A17          0.00000           A18          0.00000           A19          0.00000           A20          0.00000           A21          0.00000           A22          0.00000           A23          0.00000           A24          0.00000           A25          0.00000           A26          0.00000           A27          0.00000           A28          0.00000           A29          0.00000           A30          0.00000           A31          0.00000           A32          0.00000           A33          0.00000           A34          0.00000           A35          0.00000           A36          0.00000           D1          -0.16410           D2          -0.10264           D3           0.00000           D4          -0.00098           D5           0.10165           D6           0.10165           D7          -0.00098           D8           0.00000           D9          -0.10264           D10         -0.16410           D11          0.16385           D12          0.14609           D13          0.15146           D14          0.15169           D15          0.15705           D16         -0.15122           D17         -0.14539           D18         -0.15705           D19         -0.15122           D20          0.16520           D21          0.10165           D22          0.00000           D23          0.00000           D24         -0.10165           D25         -0.16520           D26         -0.15146           D27         -0.15705           D28         -0.14610           D29         -0.15169           D30         -0.16386           D31         -0.10165           D32          0.00000           D33          0.00098           D34          0.10264           D35          0.16410           D36          0.15122           D37          0.15705           D38          0.14539           D39          0.15122           D40          0.16410           D41          0.10264           D42          0.00000           D43          0.00098           D44         -0.10165           D45         -0.16385           D46         -0.15169           D47         -0.15705           D48         -0.14609           D49         -0.15146           D50         -0.16520           D51          0.00000           D52         -0.10165           D53          0.10165           D54          0.00000           D55          0.16520           D56          0.15146           D57          0.15705           D58          0.14610           D59          0.15169           D60          0.16386 Eigenvalue   2 out of range, new value =    0.005724 Eigenvector:                           1           R1           0.00584           R2          -0.32839           R3           0.32839           R4          -0.00584           R5           0.00571           R6          -0.00031           R7           0.00000           R8          -0.00618           R9           0.33003           R10         -0.00618           R11         -0.00031           R12          0.00571           R13         -0.32839           R14          0.00584           R15          0.00000           R16         -0.00584           R17          0.32839           R18         -0.00571           R19          0.00031           R20          0.00618           R21         -0.33003           R22          0.00618           R23          0.00031           R24         -0.00571           A1           0.06438           A2           0.00000           A3          -0.06438           A4          -0.12914           A5          -0.12886           A6          -0.12922           A7          -0.06495           A8          -0.00012           A9           0.06428           A10          0.12947           A11          0.12927           A12          0.12947           A13          0.06428           A14         -0.00012           A15         -0.06495           A16         -0.12914           A17         -0.12922           A18         -0.12886           A19         -0.06438           A20          0.00000           A21          0.06438           A22          0.12886           A23          0.12922           A24          0.12914           A25          0.06495           A26          0.00012           A27         -0.06428           A28         -0.12947           A29         -0.12927           A30         -0.12947           A31          0.00012           A32          0.06495           A33         -0.06428           A34          0.12914           A35          0.12922           A36          0.12886           D1           0.00000           D2           0.00000           D3           0.00000           D4           0.00000           D5           0.00000           D6           0.00000           D7           0.00000           D8           0.00000           D9           0.00000           D10          0.00000           D11          0.00000           D12          0.00000           D13          0.00000           D14          0.00000           D15          0.00000           D16          0.00000           D17          0.00000           D18          0.00000           D19          0.00000           D20          0.00000           D21          0.00000           D22          0.00000           D23          0.00000           D24          0.00000           D25          0.00000           D26          0.00000           D27          0.00000           D28          0.00000           D29          0.00000           D30          0.00000           D31          0.00000           D32          0.00000           D33          0.00000           D34          0.00000           D35          0.00000           D36          0.00000           D37          0.00000           D38          0.00000           D39          0.00000           D40          0.00000           D41          0.00000           D42          0.00000           D43          0.00000           D44          0.00000           D45          0.00000           D46          0.00000           D47          0.00000           D48          0.00000           D49          0.00000           D50          0.00000           D51          0.00000           D52          0.00000           D53          0.00000           D54          0.00000           D55          0.00000           D56          0.00000           D57          0.00000           D58          0.00000           D59          0.00000           D60          0.00000 Eigenvalue   3 out of range, new value =    0.003337 Eigenvector:                           1           R1           0.00000           R2           0.00000           R3           0.00000           R4           0.00000           R5           0.00000           R6           0.00000           R7           0.00000           R8           0.00000           R9           0.00000           R10          0.00000           R11          0.00000           R12          0.00000           R13          0.00000           R14          0.00000           R15          0.00000           R16          0.00000           R17          0.00000           R18          0.00000           R19          0.00000           R20          0.00000           R21          0.00000           R22          0.00000           R23          0.00000           R24          0.00000           A1           0.00000           A2           0.00000           A3           0.00000           A4           0.00000           A5           0.00000           A6           0.00000           A7           0.00000           A8           0.00000           A9           0.00000           A10          0.00000           A11          0.00000           A12          0.00000           A13          0.00000           A14          0.00000           A15          0.00000           A16          0.00000           A17          0.00000           A18          0.00000           A19          0.00000           A20          0.00000           A21          0.00000           A22          0.00000           A23          0.00000           A24          0.00000           A25          0.00000           A26          0.00000           A27          0.00000           A28          0.00000           A29          0.00000           A30          0.00000           A31          0.00000           A32          0.00000           A33          0.00000           A34          0.00000           A35          0.00000           A36          0.00000           D1          -0.08393           D2           0.19190           D3           0.00000           D4           0.28841           D5           0.09651           D6           0.09643           D7           0.28833           D8           0.00000           D9           0.19190           D10         -0.08403           D11          0.15546           D12         -0.06827           D13          0.00050           D14         -0.06823           D15          0.00054           D16         -0.06925           D17         -0.13798           D18         -0.00054           D19         -0.06927           D20         -0.23778           D21          0.09651           D22          0.00000           D23          0.00007           D24         -0.09643           D25          0.23780           D26         -0.00053           D27         -0.00054           D28          0.06822           D29          0.06821           D30         -0.15554           D31         -0.09643           D32          0.00000           D33         -0.28833           D34         -0.19190           D35          0.08403           D36          0.06925           D37          0.00054           D38          0.13798           D39          0.06927           D40          0.08393           D41         -0.19190           D42          0.00000           D43         -0.28841           D44         -0.09651           D45         -0.15546           D46          0.06823           D47         -0.00054           D48          0.06827           D49         -0.00050           D50          0.23778           D51          0.00000           D52         -0.09651           D53          0.09643           D54         -0.00007           D55         -0.23780           D56          0.00053           D57          0.00054           D58         -0.06822           D59         -0.06821           D60          0.15554 Eigenvalue   4 out of range, new value =    0.003316 Eigenvector:                           1           R1           0.00000           R2           0.00000           R3           0.00000           R4           0.00000           R5           0.00000           R6           0.00000           R7           0.00000           R8           0.00000           R9           0.00000           R10          0.00000           R11          0.00000           R12          0.00000           R13          0.00000           R14          0.00000           R15          0.00000           R16          0.00000           R17          0.00000           R18          0.00000           R19          0.00000           R20          0.00000           R21          0.00000           R22          0.00000           R23          0.00000           R24          0.00000           A1           0.00000           A2           0.00000           A3           0.00000           A4           0.00000           A5           0.00000           A6           0.00000           A7           0.00000           A8           0.00000           A9           0.00000           A10          0.00000           A11          0.00000           A12          0.00000           A13          0.00000           A14          0.00000           A15          0.00000           A16          0.00000           A17          0.00000           A18          0.00000           A19          0.00000           A20          0.00000           A21          0.00000           A22          0.00000           A23          0.00000           A24          0.00000           A25          0.00000           A26          0.00000           A27          0.00000           A28          0.00000           A29          0.00000           A30          0.00000           A31          0.00000           A32          0.00000           A33          0.00000           A34          0.00000           A35          0.00000           A36          0.00000           D1           0.22714           D2           0.00002           D3           0.00004           D4           0.16651           D5           0.16653           D6          -0.16657           D7          -0.16664           D8          -0.00004           D9          -0.00010           D10         -0.22710           D11         -0.18576           D12         -0.11905           D13         -0.07939           D14         -0.03966           D15          0.00000           D16          0.03969           D17          0.00003           D18          0.00000           D19         -0.03966           D20          0.04130           D21          0.16641           D22         -0.00004           D23          0.33290           D24          0.16645           D25          0.04119           D26         -0.07938           D27          0.00000           D28         -0.11908           D29         -0.03969           D30         -0.18569           D31          0.16657           D32          0.00004           D33          0.16664           D34          0.00010           D35          0.22710           D36         -0.03969           D37          0.00000           D38         -0.00003           D39          0.03966           D40         -0.22714           D41         -0.00002           D42         -0.00004           D43         -0.16651           D44         -0.16653           D45          0.18576           D46          0.03966           D47          0.00000           D48          0.11905           D49          0.07939           D50         -0.04130           D51          0.00004           D52         -0.16641           D53         -0.16645           D54         -0.33290           D55         -0.04119           D56          0.07938           D57          0.00000           D58          0.11908           D59          0.03969           D60          0.18569 Eigenvalue   5 out of range, new value =    0.002203 Eigenvector:                           1           R1           0.00600           R2          -0.23388           R3          -0.23388           R4           0.00600           R5          -0.00712           R6          -0.00527           R7           0.00978           R8           0.00062           R9           0.46916           R10          0.00062           R11         -0.00527           R12         -0.00712           R13         -0.23388           R14          0.00600           R15          0.00978           R16          0.00600           R17         -0.23388           R18         -0.00712           R19         -0.00527           R20          0.00062           R21          0.46916           R22          0.00062           R23         -0.00527           R24         -0.00712           A1          -0.03624           A2          -0.07969           A3          -0.03624           A4          -0.09072           A5          -0.08515           A6          -0.08711           A7          -0.04933           A8           0.03985           A9           0.08515           A10          0.17629           A11          0.17422           A12          0.17629           A13          0.08515           A14          0.03985           A15         -0.04933           A16         -0.09072           A17         -0.08711           A18         -0.08514           A19         -0.03624           A20         -0.07969           A21         -0.03624           A22         -0.08515           A23         -0.08711           A24         -0.09072           A25         -0.04933           A26          0.03985           A27          0.08515           A28          0.17629           A29          0.17422           A30          0.17629           A31          0.03985           A32         -0.04933           A33          0.08515           A34         -0.09072           A35         -0.08711           A36         -0.08514           D1           0.00000           D2           0.00000           D3           0.00000           D4           0.00000           D5           0.00000           D6           0.00000           D7           0.00000           D8           0.00000           D9           0.00000           D10          0.00000           D11          0.00000           D12          0.00000           D13          0.00000           D14          0.00000           D15          0.00000           D16          0.00000           D17          0.00000           D18          0.00000           D19          0.00000           D20          0.00000           D21          0.00000           D22          0.00000           D23          0.00000           D24          0.00000           D25          0.00000           D26          0.00000           D27          0.00000           D28          0.00000           D29          0.00000           D30          0.00000           D31          0.00000           D32          0.00000           D33          0.00000           D34          0.00000           D35          0.00000           D36          0.00000           D37          0.00000           D38          0.00000           D39          0.00000           D40          0.00000           D41          0.00000           D42          0.00000           D43          0.00000           D44          0.00000           D45          0.00000           D46          0.00000           D47          0.00000           D48          0.00000           D49          0.00000           D50          0.00000           D51          0.00000           D52          0.00000           D53          0.00000           D54          0.00000           D55          0.00000           D56          0.00000           D57          0.00000           D58          0.00000           D59          0.00000           D60          0.00000 Eigenvalue   6 out of range, new value =    0.002167 Eigenvector:                           1           R1           0.00466           R2           0.40497           R3          -0.40497           R4          -0.00466           R5          -0.00277           R6          -0.00883           R7           0.00000           R8          -0.00734           R9           0.00000           R10          0.00734           R11          0.00883           R12          0.00277           R13         -0.40497           R14         -0.00466           R15          0.00000           R16          0.00466           R17          0.40497           R18         -0.00277           R19         -0.00883           R20         -0.00734           R21          0.00000           R22          0.00734           R23          0.00883           R24          0.00277           A1          -0.07737           A2           0.00000           A3           0.07737           A4           0.15160           A5           0.15363           A6           0.15154           A7           0.07219           A8           0.07116           A9          -0.00516           A10         -0.00203           A11          0.00000           A12          0.00203           A13          0.00516           A14         -0.07116           A15         -0.07219           A16         -0.15160           A17         -0.15154           A18         -0.15363           A19         -0.07737           A20          0.00000           A21          0.07737           A22          0.15363           A23          0.15154           A24          0.15160           A25          0.07219           A26          0.07116           A27         -0.00516           A28         -0.00203           A29          0.00000           A30          0.00203           A31         -0.07116           A32         -0.07219           A33          0.00516           A34         -0.15160           A35         -0.15154           A36         -0.15363           D1           0.00000           D2           0.00000           D3           0.00000           D4           0.00000           D5           0.00000           D6           0.00000           D7           0.00000           D8           0.00000           D9           0.00000           D10          0.00000           D11          0.00000           D12          0.00000           D13          0.00000           D14          0.00000           D15          0.00000           D16          0.00000           D17          0.00000           D18          0.00000           D19          0.00000           D20          0.00000           D21          0.00000           D22          0.00000           D23          0.00000           D24          0.00000           D25          0.00000           D26          0.00000           D27          0.00000           D28          0.00000           D29          0.00000           D30          0.00000           D31          0.00000           D32          0.00000           D33          0.00000           D34          0.00000           D35          0.00000           D36          0.00000           D37          0.00000           D38          0.00000           D39          0.00000           D40          0.00000           D41          0.00000           D42          0.00000           D43          0.00000           D44          0.00000           D45          0.00000           D46          0.00000           D47          0.00000           D48          0.00000           D49          0.00000           D50          0.00000           D51          0.00000           D52          0.00000           D53          0.00000           D54          0.00000           D55          0.00000           D56          0.00000           D57          0.00000           D58          0.00000           D59          0.00000           D60          0.00000 Eigenvalue   7 out of range, new value =    0.000411 Eigenvector:                           1           R1           0.00000           R2           0.00000           R3           0.00000           R4           0.00000           R5           0.00000           R6           0.00000           R7           0.00000           R8           0.00000           R9           0.00000           R10          0.00000           R11          0.00000           R12          0.00000           R13          0.00000           R14          0.00000           R15          0.00000           R16          0.00000           R17          0.00000           R18          0.00000           R19          0.00000           R20          0.00000           R21          0.00000           R22          0.00000           R23          0.00000           R24          0.00000           A1           0.00000           A2           0.00000           A3           0.00000           A4           0.00000           A5           0.00000           A6           0.00000           A7           0.00000           A8           0.00000           A9           0.00000           A10          0.00000           A11          0.00000           A12          0.00000           A13          0.00000           A14          0.00000           A15          0.00000           A16          0.00000           A17          0.00000           A18          0.00000           A19          0.00000           A20          0.00000           A21          0.00000           A22          0.00000           A23          0.00000           A24          0.00000           A25          0.00000           A26          0.00000           A27          0.00000           A28          0.00000           A29          0.00000           A30          0.00000           A31          0.00000           A32          0.00000           A33          0.00000           A34          0.00000           A35          0.00000           A36          0.00000           D1           0.05074           D2           0.08256           D3          -0.06936           D4           0.10476           D5          -0.04717           D6           0.04717           D7          -0.10476           D8           0.06936           D9          -0.08256           D10         -0.05075           D11         -0.16016           D12         -0.18649           D13         -0.18299           D14         -0.17742           D15         -0.17392           D16         -0.01590           D17          0.00000           D18          0.00000           D19          0.01590           D20         -0.23420           D21         -0.10886           D22          0.00000           D23          0.00000           D24          0.10886           D25          0.23421           D26          0.18299           D27          0.17392           D28          0.18650           D29          0.17742           D30          0.16017           D31          0.04717           D32          0.06936           D33         -0.10476           D34         -0.08256           D35         -0.05075           D36         -0.01590           D37          0.00000           D38          0.00000           D39          0.01590           D40          0.05074           D41          0.08256           D42         -0.06936           D43          0.10476           D44         -0.04717           D45         -0.16016           D46         -0.17742           D47         -0.17392           D48         -0.18649           D49         -0.18299           D50         -0.23420           D51          0.00000           D52         -0.10886           D53          0.10886           D54          0.00000           D55          0.23421           D56          0.18299           D57          0.17392           D58          0.18650           D59          0.17742           D60          0.16017 Eigenvalue   8 out of range, new value =    0.000386 Eigenvector:                           1           R1           0.00000           R2           0.00000           R3           0.00000           R4           0.00000           R5           0.00000           R6           0.00000           R7           0.00000           R8           0.00000           R9           0.00000           R10          0.00000           R11          0.00000           R12          0.00000           R13          0.00000           R14          0.00000           R15          0.00000           R16          0.00000           R17          0.00000           R18          0.00000           R19          0.00000           R20          0.00000           R21          0.00000           R22          0.00000           R23          0.00000           R24          0.00000           A1           0.00000           A2           0.00000           A3           0.00000           A4           0.00000           A5           0.00000           A6           0.00000           A7           0.00000           A8           0.00000           A9           0.00000           A10          0.00000           A11          0.00000           A12          0.00000           A13          0.00000           A14          0.00000           A15          0.00000           A16          0.00000           A17          0.00000           A18          0.00000           A19          0.00000           A20          0.00000           A21          0.00000           A22          0.00000           A23          0.00000           A24          0.00000           A25          0.00000           A26          0.00000           A27          0.00000           A28          0.00000           A29          0.00000           A30          0.00000           A31          0.00000           A32          0.00000           A33          0.00000           A34          0.00000           A35          0.00000           A36          0.00000           D1           0.22889           D2           0.09507           D3           0.04226           D4          -0.05547           D5          -0.10827           D6          -0.10827           D7          -0.05547           D8           0.04226           D9           0.09506           D10          0.22888           D11         -0.16015           D12         -0.10765           D13         -0.09443           D14         -0.11490           D15         -0.10168           D16          0.20933           D17          0.21530           D18          0.20335           D19          0.20933           D20         -0.06874           D21          0.01320           D22         -0.08453           D23          0.11094           D24          0.01321           D25         -0.06873           D26         -0.09443           D27         -0.10167           D28         -0.10765           D29         -0.11489           D30         -0.16014           D31         -0.10827           D32          0.04226           D33         -0.05547           D34          0.09506           D35          0.22888           D36          0.20933           D37          0.20335           D38          0.21530           D39          0.20933           D40          0.22889           D41          0.09507           D42          0.04226           D43         -0.05547           D44         -0.10827           D45         -0.16015           D46         -0.11490           D47         -0.10168           D48         -0.10765           D49         -0.09443           D50         -0.06874           D51         -0.08453           D52          0.01320           D53          0.01321           D54          0.11094           D55         -0.06873           D56         -0.09443           D57         -0.10167           D58         -0.10765           D59         -0.11489           D60         -0.16014 Angle between quadratic step and forces=  48.02 degrees. Linear search not attempted -- first point. Iteration  1 RMS(Cart)=  0.00298096 RMS(Int)=  0.00000479 Iteration  2 RMS(Cart)=  0.00000354 RMS(Int)=  0.00000154 Iteration  3 RMS(Cart)=  0.00000000 RMS(Int)=  0.00000154<module cmlx:lineCount="122" cmlx:templateRef="l103.deltas"><list cmlx:lineCount="120" cmlx:templateRef="delta"><array dataType="xsd:string" dictRef="cc:variable" size="120">R1 R2 R3 R4 R5 R6 R7 R8 R9 R10 R11 R12 R13 R14 R15 R16 R17 R18 R19 R20 R21 R22 R23 R24 A1 A2 A3 A4 A5 A6 A7 A8 A9 A10 A11 A12 A13 A14 A15 A16 A17 A18 A19 A20 A21 A22 A23 A24 A25 A26 A27 A28 A29 A30 A31 A32 A33 A34 A35 A36 D1 D2 D3 D4 D5 D6 D7 D8 D9 D10 D11 D12 D13 D14 D15 D16 D17 D18 D19 D20 D21 D22 D23 D24 D25 D26 D27 D28 D29 D30 D31 D32 D33 D34 D35 D36 D37 D38 D39 D40 D41 D42 D43 D44 D45 D46 D47 D48 D49 D50 D51 D52 D53 D54 D55 D56 D57 D58 D59 D60</array><array dataType="xsd:double" dictRef="g:lastval" size="120">4.73505 7.88214 7.88214 4.73505 4.73505 9.45076 9.45076 4.73505 7.88214 4.73505 9.45076 4.73505 7.88214 4.73505 9.45076 4.73505 7.88214 4.73505 9.45076 4.73505 7.88214 4.73505 9.45076 4.73505 2.68191 2.0944 2.68191 2.03047 2.03047 2.0944 2.68191 2.0944 2.68191 2.03047 2.0944 2.03047 2.68191 2.0944 2.68191 2.03047 2.0944 2.03047 2.68191 2.0944 2.68191 2.03047 2.0944 2.03047 2.68191 2.0944 2.68191 2.03047 2.0944 2.03047 2.0944 2.68191 2.68191 2.03047 2.0944 2.03047 0.0 0.0 0.0 0.0 0.0 0.0 0.0 0.0 0.0 0.0 0.0 0.0 0.0 0.0 0.0 0.0 0.0 0.0 0.0 0.0 0.0 0.0 0.0 0.0 0.0 0.0 0.0 0.0 0.0 0.0 0.0 0.0 0.0 0.0 0.0 0.0 0.0 0.0 0.0 0.0 0.0 0.0 0.0 0.0 0.0 0.0 0.0 0.0 0.0 0.0 0.0 0.0 0.0 0.0 0.0 0.0 0.0 0.0 0.0 0.0</array><array dataType="xsd:double" dictRef="cc:deriv" size="120">-1.0E-5 1.0E-5 1.0E-5 -1.0E-5 -2.0E-5 -2.0E-5 -2.0E-5 0.0 2.0E-5 0.0 -2.0E-5 -2.0E-5 1.0E-5 -1.0E-5 -2.0E-5 -1.0E-5 1.0E-5 -2.0E-5 -2.0E-5 0.0 2.0E-5 0.0 -2.0E-5 -2.0E-5 1.0E-5 2.0E-5 1.0E-5 1.0E-5 1.0E-5 1.0E-5 -1.0E-5 -1.0E-5 -1.0E-5 0.0 -1.0E-5 0.0 -1.0E-5 -1.0E-5 -1.0E-5 1.0E-5 1.0E-5 1.0E-5 1.0E-5 2.0E-5 1.0E-5 1.0E-5 1.0E-5 1.0E-5 -1.0E-5 -1.0E-5 -1.0E-5 0.0 -1.0E-5 0.0 -1.0E-5 -1.0E-5 -1.0E-5 1.0E-5 1.0E-5 1.0E-5 0.0 0.0 0.0 0.0 0.0 0.0 0.0 0.0 0.0 0.0 0.0 0.0 0.0 0.0 0.0 0.0 0.0 0.0 0.0 0.0 0.0 0.0 0.0 0.0 0.0 0.0 0.0 0.0 0.0 0.0 0.0 0.0 0.0 0.0 0.0 0.0 0.0 0.0 0.0 0.0 0.0 0.0 0.0 0.0 0.0 0.0 0.0 0.0 0.0 0.0 0.0 0.0 0.0 0.0 0.0 0.0 0.0 0.0 0.0 0.0</array><array dataType="xsd:double" dictRef="cc:delta.linear" size="120">0.0 0.0 0.0 0.0 0.0 0.0 0.0 0.0 0.0 0.0 0.0 0.0 0.0 0.0 0.0 0.0 0.0 0.0 0.0 0.0 0.0 0.0 0.0 0.0 0.0 0.0 0.0 0.0 0.0 0.0 0.0 0.0 0.0 0.0 0.0 0.0 0.0 0.0 0.0 0.0 0.0 0.0 0.0 0.0 0.0 0.0 0.0 0.0 0.0 0.0 0.0 0.0 0.0 0.0 0.0 0.0 0.0 0.0 0.0 0.0 0.0 0.0 0.0 0.0 0.0 0.0 0.0 0.0 0.0 0.0 0.0 0.0 0.0 0.0 0.0 0.0 0.0 0.0 0.0 0.0 0.0 0.0 0.0 0.0 0.0 0.0 0.0 0.0 0.0 0.0 0.0 0.0 0.0 0.0 0.0 0.0 0.0 0.0 0.0 0.0 0.0 0.0 0.0 0.0 0.0 0.0 0.0 0.0 0.0 0.0 0.0 0.0 0.0 0.0 0.0 0.0 0.0 0.0 0.0 0.0</array><array dataType="xsd:double" dictRef="cc:delta.quad" size="120">-3.9E-4 8.9E-4 8.9E-4 -3.9E-4 -8.5E-4 -2.0E-4 -0.00186 -1.4E-4 2.9E-4 -1.4E-4 -2.0E-4 -8.5E-4 8.9E-4 -3.9E-4 -0.00186 -3.9E-4 8.9E-4 -8.5E-4 -2.0E-4 -1.4E-4 2.9E-4 -1.4E-4 -2.0E-4 -8.5E-4 0.00398 0.00437 0.00398 -5.7E-4 0.00252 0.00122 -0.00229 -0.00219 -0.00252 -0.00112 -0.00243 -0.00112 -0.00252 -0.00219 -0.00229 -5.7E-4 0.00122 0.00252 0.00398 0.00437 0.00398 0.00252 0.00122 -5.7E-4 -0.00229 -0.00219 -0.00252 -0.00112 -0.00243 -0.00112 -0.00219 -0.00229 -0.00252 -5.7E-4 0.00122 0.00252 0.0 0.0 0.0 0.0 0.0 0.0 0.0 0.0 0.0 0.0 0.0 0.0 0.0 0.0 0.0 0.0 0.0 0.0 0.0 0.0 0.0 0.0 0.0 0.0 0.0 0.0 0.0 0.0 0.0 0.0 0.0 0.0 0.0 0.0 0.0 0.0 0.0 0.0 0.0 0.0 0.0 0.0 0.0 0.0 0.0 0.0 0.0 0.0 0.0 0.0 0.0 0.0 0.0 0.0 0.0 0.0 0.0 0.0 0.0 0.0</array><array dataType="xsd:double" dictRef="cc:delta.total" size="120">-0.00217 -0.01435 -0.01435 -0.00217 -0.00217 -0.00559 -0.00559 -0.00217 -0.01435 -0.00217 -0.00559 -0.00217 -0.01435 -0.00217 -0.00559 -0.00217 -0.01435 -0.00217 -0.00559 -0.00217 -0.01435 -0.00217 -0.00559 -0.00217 0.00204 0.0 0.00204 -0.00204 -0.00204 0.0 0.00204 0.0 0.00204 -0.00204 0.0 -0.00204 0.00204 0.0 0.00204 -0.00204 0.0 -0.00204 0.00204 0.0 0.00204 -0.00204 0.0 -0.00204 0.00204 0.0 0.00204 -0.00204 0.0 -0.00204 0.0 0.00204 0.00204 -0.00204 0.0 -0.00204 0.0 0.0 0.0 0.0 0.0 0.0 0.0 0.0 0.0 0.0 0.0 0.0 0.0 0.0 0.0 0.0 0.0 0.0 0.0 0.0 0.0 0.0 0.0 0.0 0.0 0.0 0.0 0.0 0.0 0.0 0.0 0.0 0.0 0.0 0.0 0.0 0.0 0.0 0.0 0.0 0.0 0.0 0.0 0.0 0.0 0.0 0.0 0.0 0.0 0.0 0.0 0.0 0.0 0.0 0.0 0.0 0.0 0.0 0.0 0.0</array><array dataType="xsd:double" dictRef="cc:newval" size="120">4.73288 7.86779 7.86779 4.73288 4.73288 9.44517 9.44517 4.73288 7.86779 4.73288 9.44517 4.73288 7.86779 4.73288 9.44517 4.73288 7.86779 4.73288 9.44517 4.73288 7.86779 4.73288 9.44517 4.73288 2.68396 2.0944 2.68396 2.02843 2.02843 2.0944 2.68396 2.0944 2.68396 2.02843 2.0944 2.02843 2.68396 2.0944 2.68396 2.02843 2.0944 2.02843 2.68396 2.0944 2.68396 2.02843 2.0944 2.02843 2.68396 2.0944 2.68396 2.02843 2.0944 2.02843 2.0944 2.68396 2.68396 2.02843 2.0944 2.02843 0.0 0.0 0.0 0.0 0.0 0.0 0.0 0.0 0.0 0.0 0.0 0.0 0.0 0.0 0.0 0.0 0.0 0.0 0.0 0.0 0.0 0.0 0.0 0.0 0.0 0.0 0.0 0.0 0.0 0.0 0.0 0.0 0.0 0.0 0.0 0.0 0.0 0.0 0.0 0.0 0.0 0.0 0.0 0.0 0.0 0.0 0.0 0.0 0.0 0.0 0.0 0.0 0.0 0.0 0.0 0.0 0.0 0.0 0.0 0.0</array></list></module><module cmlx:lineCount="5" cmlx:templateRef="l103.itemconverge"><list cmlx:lineCount="4" cmlx:templateRef="components"><array dataType="xsd:string" dictRef="g:itemconverge"/><array dataType="xsd:double" dictRef="x:value" size="4">4.5E-4 3.0E-4 0.0018 0.0012</array><array dataType="xsd:double" dictRef="x:threshold" size="4">0.0 0.0 0.0 0.0</array><array dataType="xsd:string" dictRef="g:converged" size="4">YES YES NO NO</array></list></module> Predicted change in Energy=-8.637005D-06 GradGradGradGradGradGradGradGradGradGradGradGradGradGradGradGradGradGrad</module> 1\1\GINC-CX1-7-4-2\Freq\RB3LYP\6-31G(d)\Al12\RZEPA\29-May-2009\0\\#N G eom=AllCheck Guess=Read SCRF=Check GenChk RB3LYP/6-31G(d) Freq\\Title  Card Required\\0,1\Al,-4.171048361,-0.0000000005,0.\Al,-4.3311049663,2 .5005646175,0.\Al,-2.0855241809,3.6122338408,0.\Al,-0.0000000006,5.001 129236,0.\Al,2.0855241801,3.6122338413,0.\Al,4.3311049657,2.5005646185 ,0.\Al,4.171048361,0.0000000005,0.\Al,4.3311049663,-2.5005646175,0.\Al ,2.0855241809,-3.6122338408,0.\Al,0.0000000006,-5.001129236,0.\Al,-2.0 855241801,-3.6122338413,0.\Al,-4.3311049657,-2.5005646185,0.\\Version= EM64L-G03RevE.01\HF=-2908.9812931\RMSD=9.972e-10\RMSF=2.222e-05\ZeroPo int=0.0102136\Thermal=0.0261966\Dipole=0.,0.,0.\DipoleDeriv=0.2283849, 0.,0.,0.,-0.3377443,0.,0.,-0.0000003,-0.0544543,0.0823451,-0.0484745,0 .,-0.0483688,0.0262867,0.,0.0000003,0.0000002,0.0543989,-0.1957343,-0. 2445044,0.,-0.2449463,0.0874868,0.,-0.0000002,0.0000002,-0.0543734,-0. 0016067,0.,0.,0.,0.1101972,0.,-0.0000002,-0.0000001,0.0544037,-0.19573 43,0.2445044,0.,0.2449463,0.0874868,0.,-0.0000002,-0.0000002,-0.054373 4,0.0823451,0.0484745,0.,0.0483688,0.0262867,0.,0.0000003,-0.0000002,0 .0543989,0.228385,0.,0.,0.,-0.3377442,0.,0.,0.0000003,-0.0544543,0.082 3451,-0.0484745,0.,-0.0483688,0.0262867,0.,-0.0000003,-0.0000002,0.054 3989,-0.1957343,-0.2445044,0.,-0.2449463,0.0874868,0.,0.0000002,-0.000 0002,-0.0543734,-0.0016067,0.,0.,0.,0.1101972,0.,0.0000002,0.0000001,0 .0544037,-0.1957343,0.2445044,0.,0.2449463,0.0874868,0.,0.0000002,0.00 00002,-0.0543734,0.0823451,0.0484745,0.,0.0483688,0.0262867,0.,-0.0000 003,0.0000002,0.0543989\Polar=1307.527978,-0.0000009,1307.5479229,0.,0 .,275.9707478\PG=D06H [3C2'(Al1.Al1),3C2"(Al1.Al1)]\NImag=8\\0.0058594 9,0.,0.12198214,0.,0.,-0.00288081,-0.00283481,-0.00255887,0.,0.0478691 3,0.00291106,-0.06660256,0.,0.02618181,0.07806875,0.,0.,0.00224336,0., 0.,-0.00665210,0.00194731,0.01041755,0.,-0.05084924,-0.03025865,0.,0.0 9291973,-0.00270040,0.00642759,0.,-0.02479383,-0.01862862,0.,0.0502389 4,0.03473312,0.,0.,-0.00160259,0.,0.,0.00221756,0.,0.,-0.00291371,-0.0 0074372,-0.00158619,0.,0.00456915,0.00350997,0.,-0.05043903,-0.0303805 6,0.,0.09304380,0.00144603,-0.00070222,0.,0.00054236,0.00223053,0.,-0. 02490412,-0.01881623,0.,0.,0.03250171,0.,0.,-0.00027590,0.,0.,0.003466 90,0.,0.,0.00229774,0.,0.,-0.00677701,-0.00141495,-0.00251752,0.,-0.00 076808,-0.00157300,0.,0.00866264,0.00656850,0.,-0.05043903,0.02490412, 0.,0.09291973,-0.00137967,0.00083859,0.,0.00146013,-0.00066739,0.,-0.0 0656850,-0.00024427,0.,0.03038056,-0.01881623,0.,-0.05023894,0.0347331 2,0.,0.,0.00178641,0.,0.,-0.00027038,0.,0.,-0.00160203,0.,0.,0.0022977 6,0.,0.,-0.00291371,0.00081530,0.00170378,0.,-0.00015776,-0.00109464,0 .,-0.00076808,-0.00146013,0.,0.00456915,-0.00054236,0.,-0.05084924,0.0 2479383,0.,0.04786913,0.00110757,0.00036871,0.,0.00109464,0.00239766,0 .,0.00157300,-0.00066739,0.,-0.00350997,0.00223053,0.,0.03025865,-0.01 862862,0.,-0.02618181,0.07806875,0.,0.,-0.00245185,0.,0.,-0.00287689,0 .,0.,-0.00027038,0.,0.,0.00346689,0.,0.,0.00221756,0.,0.,-0.00665210,- 0.00139773,0.,0.,0.00081530,-0.00110757,0.,-0.00141495,0.00137967,0.,- 0.00074372,-0.00144603,0.,0.00194731,0.00270040,0.,-0.00283481,-0.0029 1106,0.,0.00585949,0.,-0.00264234,0.,-0.00170378,0.00036871,0.,0.00251 752,0.00083859,0.,0.00158619,-0.00070222,0.,-0.01041755,0.00642759,0., 0.00255887,-0.06660256,0.,0.,0.12198214,0.,0.,0.00348189,0.,0.,-0.0024 5180,0.,0.,0.00178641,0.,0.,-0.00027592,0.,0.,-0.00160260,0.,0.,0.0022 4340,0.,0.,-0.00288081,0.00081530,-0.00170378,0.,-0.00251425,0.0003793 3,0.,0.00169545,-0.00059959,0.,0.00175913,0.00001264,0.,-0.00064346,-0 .00149902,0.,0.00105944,0.00148417,0.,-0.00283481,-0.00255887,0.,0.047 86913,-0.00110757,0.00036871,0.,0.00037933,-0.00207782,0.,-0.00119540, -0.00051721,0.,0.00220152,0.00048134,0.,0.00152973,-0.00079063,0.,-0.0 0148417,0.00573724,0.,0.00291106,-0.06660256,0.,0.02618181,0.07806875, 0.,0.,-0.00245180,0.,0.,0.00644653,0.,0.,-0.00245599,0.,0.,-0.00286661 ,0.,0.,-0.00027876,0.,0.,0.00347818,0.,0.,0.00224336,0.,0.,-0.00665210 ,-0.00141495,0.00251752,0.,0.00169545,-0.00119540,0.,-0.00233515,-0.00 053229,0.,-0.00073783,0.00080835,0.,0.00196261,-0.00056666,0.,-0.00064 346,-0.00152973,0.,0.00194731,0.01041755,0.,-0.05084924,-0.03025865,0. ,0.09291973,0.00137967,0.00083859,0.,-0.00059959,-0.00051721,0.,-0.000 53229,-0.00171561,0.,0.00021402,0.00192236,0.,0.00056666,-0.00254169,0 .,0.00149902,-0.00079063,0.,-0.00270040,0.00642759,0.,-0.02479383,-0.0 1862862,0.,0.05023894,0.03473312,0.,0.,0.00178641,0.,0.,-0.00245599,0. ,0.,0.00348189,0.,0.,-0.00244546,0.,0.,0.00178531,0.,0.,-0.00027876,0. ,0.,-0.00160259,0.,0.,0.00221756,0.,0.,-0.00291371,-0.00074372,0.00158 619,0.,0.00175913,0.00220152,0.,-0.00073783,0.00021402,0.,-0.00185919, 0.,0.,-0.00073783,-0.00021402,0.,0.00175913,-0.00220152,0.,-0.00074372 ,-0.00158619,0.,0.00456915,0.00350997,0.,-0.05043903,-0.03038056,0.,0. 09304380,-0.00144603,-0.00070222,0.,0.00001264,0.00048134,0.,0.0008083 5,0.00192236,0.,0.,-0.00273327,0.,-0.00080835,0.00192236,0.,-0.0000126 4,0.00048134,0.,0.00144603,-0.00070222,0.,0.00054236,0.00223053,0.,-0. 02490412,-0.01881623,0.,0.,0.03250171,0.,0.,-0.00027592,0.,0.,-0.00286 661,0.,0.,-0.00244546,0.,0.,0.00642366,0.,0.,-0.00244547,0.,0.,-0.0028 6659,0.,0.,-0.00027590,0.,0.,0.00346690,0.,0.,0.00229774,0.,0.,-0.0067 7701,0.00194731,-0.01041755,0.,-0.00064346,0.00152973,0.,0.00196261,0. 00056666,0.,-0.00073783,-0.00080835,0.,-0.00233515,0.00053229,0.,0.001 69545,0.00119540,0.,-0.00141495,-0.00251752,0.,-0.00076808,-0.00157300 ,0.,0.00866264,0.00656850,0.,-0.05043903,0.02490412,0.,0.09291973,0.00 270040,0.00642759,0.,-0.00149902,-0.00079063,0.,-0.00056666,-0.0025416 9,0.,-0.00021402,0.00192236,0.,0.00053229,-0.00171561,0.,0.00059959,-0 .00051721,0.,-0.00137967,0.00083859,0.,0.00146013,-0.00066739,0.,-0.00 656850,-0.00024427,0.,0.03038056,-0.01881623,0.,-0.05023894,0.03473312 ,0.,0.,-0.00160260,0.,0.,-0.00027876,0.,0.,0.00178531,0.,0.,-0.0024454 7,0.,0.,0.00348189,0.,0.,-0.00245599,0.,0.,0.00178641,0.,0.,-0.0002703 8,0.,0.,-0.00160203,0.,0.,0.00229776,0.,0.,-0.00291371,-0.00283481,0.0 0255887,0.,0.00105944,-0.00148417,0.,-0.00064346,0.00149902,0.,0.00175 913,-0.00001264,0.,0.00169545,0.00059959,0.,-0.00251425,-0.00037933,0. ,0.00081530,0.00170378,0.,-0.00015776,-0.00109464,0.,-0.00076808,-0.00 146013,0.,0.00456915,-0.00054236,0.,-0.05084924,0.02479383,0.,0.047869 13,-0.00291106,-0.06660256,0.,0.00148417,0.00573724,0.,-0.00152973,-0. 00079063,0.,-0.00220152,0.00048134,0.,0.00119540,-0.00051721,0.,-0.000 37933,-0.00207782,0.,0.00110757,0.00036871,0.,0.00109464,0.00239766,0. ,0.00157300,-0.00066739,0.,-0.00350997,0.00223053,0.,0.03025865,-0.018 62862,0.,-0.02618181,0.07806875,0.,0.,0.00224340,0.,0.,0.00347818,0.,0 .,-0.00027876,0.,0.,-0.00286659,0.,0.,-0.00245599,0.,0.,0.00644653,0., 0.,-0.00245185,0.,0.,-0.00287689,0.,0.,-0.00027038,0.,0.,0.00346689,0. ,0.,0.00221756,0.,0.,-0.00665210\\0.00000382,0.,0.,-0.00004306,0.00001 537,0.,0.00004548,-0.00000980,0.,0.,0.00001911,0.,-0.00004548,-0.00000 980,0.,0.00004306,0.00001537,0.,-0.00000382,0.,0.,0.00004306,-0.000015 37,0.,-0.00004548,0.00000980,0.,0.,-0.00001911,0.,0.00004548,0.0000098 0,0.,-0.00004306,-0.00001537,0.\\\@ I (ERNEST RUTHERFORD) CAME INTO THE ROOM, WHICH WAS HALF DARK, AND PRESENTLY SPOTTED LORD KELVIN IN THE AUDIENCE AND REALIZED I WAS IN TROUBLE AT THE LAST PART OF MY SPEECH DEALING THE AGE OF THE EARTH, WHERE MY VIEWS CONFLICTED WITH HIS.  TO MY RELIEF KELVIN FELL FAST ASLEEP, BUT AS I CAME TO THE IMPORTANT POINT, I SAW THE OLD BIRD SIT UP AND COCK A BALEFUL GLANCE AT ME! THEN A SUDDEN INSPIRATION CAME AND I SAID LORD KELVIN HAD LIMITED THE AGE OF THE EARTH PROVIDED NO NEW SOURCE WAS DISCOVERED. THAT PROPHETIC UTTERANCE REFERS TO WHAT WE ARE NOW CONSIDERING TONIGHT, RADIUM! BEHOLD!  THE OLD BOY BEAMED UPON ME.<module cmlx:lineCount="3" cmlx:templateRef="jobcpu"><list cmlx:templateRef="jobcpu"><scalar dataType="xsd:string" dictRef="x:junk">Job cpu time:  0 days  0 hours 32 minutes 59.2 seconds.</scalar><scalar dataType="xsd:string" dictRef="x:junk">File lengths (MBytes):  RWF=     89 Int=      0 D2E=      0 Chk=     10 Scr=      1</scalar><scalar dataType="xsd:string" dictRef="x:junk">Normal termination of Gaussian 03 at Fri May 29 15:21:49 2009.</scalar></list></module></module>
